INFO - 2021-09-07 17:20:11,247 - new_apply_order.py[line:618]: 开始第 borrowme【1】次进件……
INFO - 2021-09-07 17:20:11,248 - new_apply_order.py[line:80]: ======【nga测试环境】生成手机号：01631006411 ======
INFO - 2021-09-07 17:20:11,646 - new_apply_order.py[line:93]: 01631006411 检测用户存在成功！
INFO - 2021-09-07 17:20:11,721 - new_apply_order.py[line:102]: 01631006411 短信发送成功！
INFO - 2021-09-07 17:20:11,774 - new_apply_order.py[line:115]: 01631006411 注册成功！
INFO - 2021-09-07 17:20:11,838 - new_apply_order.py[line:131]: 01631006411 登录短信发送成功！
INFO - 2021-09-07 17:20:11,887 - new_apply_order.py[line:141]: userId=6206560470977224704,mobile=01631006411,token=6fe46149bcae49143ef0e37f1ac05207 登录成功
INFO - 2021-09-07 17:20:11,972 - new_apply_order.py[line:198]: 个人信息提交成功！
INFO - 2021-09-07 17:20:12,050 - new_apply_order.py[line:209]: 联系人信息提交成功！
INFO - 2021-09-07 17:20:13,583 - new_apply_order.py[line:231]: 创建预审订单成功！
INFO - 2021-09-07 17:20:13,606 - new_apply_order.py[line:239]: 预审状态修改为通过,更新条数 1
INFO - 2021-09-07 17:20:13,618 - new_apply_order.py[line:242]: 更新初始额度！更新条数 1
INFO - 2021-09-07 17:20:13,928 - new_apply_order.py[line:259]: 活体图片上传成功！回写配置文件global_param.mp4_url
INFO - 2021-09-07 17:20:13,960 - new_apply_order.py[line:269]: 视频认证通过！
INFO - 2021-09-07 17:20:15,030 - new_apply_order.py[line:325]: bvn和银行卡绑卡认证通过！
INFO - 2021-09-07 17:20:15,328 - new_apply_order.py[line:346]: user更新1条
INFO - 2021-09-07 17:20:15,871 - new_apply_order.py[line:375]: 进件成功！执行sql将订单改为风控中……
INFO - 2021-09-07 17:20:16,910 - new_apply_order.py[line:381]: 订单表更新1条，信审更新1条
INFO - 2021-09-07 17:20:17,350 - new_apply_order.py[line:395]: 查询loan_order_id成功！
INFO - 2021-09-07 17:20:17,416 - new_apply_order.py[line:410]: 订单回调复审通过成功！
INFO - 2021-09-07 17:20:18,230 - new_apply_order.py[line:432]: 获取token成功！token=bearer 5f8dac76-6728-4288-bc67-4856a17f1fa3！
INFO - 2021-09-07 17:20:18,587 - new_apply_order.py[line:395]: 查询loan_order_id成功！
INFO - 2021-09-07 17:20:19,226 - new_apply_order.py[line:450]: 后台已触发放款成功！
INFO - 2021-09-07 17:20:19,239 - new_apply_order.py[line:464]: xxl_job web 登录成功！
INFO - 2021-09-07 17:20:19,249 - new_apply_order.py[line:478]: xxl_job 放款准备作业执行成功！
INFO - 2021-09-07 17:20:20,657 - new_apply_order.py[line:395]: 查询loan_order_id成功！
INFO - 2021-09-07 17:20:20,670 - new_apply_order.py[line:483]: 修改放款准备完成时间成功！
INFO - 2021-09-07 17:20:20,676 - new_apply_order.py[line:491]: xxl_job 放款完成作业执行成功！
INFO - 2021-09-07 17:20:20,985 - new_apply_order.py[line:641]: 校验重试查询第1次
ERROR - 2021-09-07 17:20:22,004 - new_apply_order.py[line:537]: 放款完成或准备失败,目前的订单状态是32
INFO - 2021-09-07 17:20:22,004 - new_apply_order.py[line:538]: {'app': 'borrowme', 'loan_order_id': '1435171029829029888', 'mobile': '01631006411', 'order_status': 32}
INFO - 2021-09-07 17:20:22,015 - new_apply_order.py[line:464]: xxl_job web 登录成功！
INFO - 2021-09-07 17:20:22,024 - new_apply_order.py[line:478]: xxl_job 放款准备作业执行成功！
INFO - 2021-09-07 17:20:23,440 - new_apply_order.py[line:395]: 查询loan_order_id成功！
INFO - 2021-09-07 17:20:23,457 - new_apply_order.py[line:483]: 修改放款准备完成时间成功！
INFO - 2021-09-07 17:20:23,464 - new_apply_order.py[line:491]: xxl_job 放款完成作业执行成功！
INFO - 2021-09-07 17:20:23,968 - new_apply_order.py[line:641]: 校验重试查询第2次
ERROR - 2021-09-07 17:20:24,982 - new_apply_order.py[line:537]: 放款完成或准备失败,目前的订单状态是35
INFO - 2021-09-07 17:20:24,982 - new_apply_order.py[line:538]: {'app': 'borrowme', 'loan_order_id': '1435171029829029888', 'mobile': '01631006411', 'order_status': 35}
INFO - 2021-09-07 17:20:25,490 - new_apply_order.py[line:641]: 校验重试查询第3次
ERROR - 2021-09-07 17:20:26,507 - new_apply_order.py[line:537]: 放款完成或准备失败,目前的订单状态是35
INFO - 2021-09-07 17:20:26,507 - new_apply_order.py[line:538]: {'app': 'borrowme', 'loan_order_id': '1435171029829029888', 'mobile': '01631006411', 'order_status': 35}
INFO - 2021-09-07 17:20:27,015 - new_apply_order.py[line:641]: 校验重试查询第4次
ERROR - 2021-09-07 17:20:28,031 - new_apply_order.py[line:537]: 放款完成或准备失败,目前的订单状态是35
INFO - 2021-09-07 17:20:28,031 - new_apply_order.py[line:538]: {'app': 'borrowme', 'loan_order_id': '1435171029829029888', 'mobile': '01631006411', 'order_status': 35}
INFO - 2021-09-07 17:20:28,536 - new_apply_order.py[line:641]: 校验重试查询第5次
INFO - 2021-09-07 17:20:29,552 - new_apply_order.py[line:535]: 放款完成或准备成功,目前的订单状态是40
INFO - 2021-09-07 17:20:29,552 - new_apply_order.py[line:538]: {'app': 'borrowme', 'loan_order_id': '1435171029829029888', 'mobile': '01631006411', 'order_status': 40}
INFO - 2021-09-07 17:20:29,555 - new_apply_order.py[line:658]: ===========完成第【1】次进件===========
INFO - 2021-09-07 17:20:29,555 - new_apply_order.py[line:661]: ======完成第【1】次进件,耗时18.31s=====
INFO - 2021-09-07 17:20:29,559 - new_apply_order.py[line:618]: 开始第 quickcash【1】次进件……
INFO - 2021-09-07 17:20:29,560 - new_apply_order.py[line:80]: ======【nga测试环境】生成手机号：01631006429 ======
INFO - 2021-09-07 17:20:29,910 - new_apply_order.py[line:93]: 01631006429 检测用户存在成功！
INFO - 2021-09-07 17:20:29,971 - new_apply_order.py[line:102]: 01631006429 短信发送成功！
INFO - 2021-09-07 17:20:30,007 - new_apply_order.py[line:115]: 01631006429 注册成功！
INFO - 2021-09-07 17:20:30,054 - new_apply_order.py[line:131]: 01631006429 登录短信发送成功！
INFO - 2021-09-07 17:20:30,093 - new_apply_order.py[line:141]: userId=6206560547468746752,mobile=01631006429,token=da7a300e34bf386b34bde8f6ffadde38 登录成功
INFO - 2021-09-07 17:20:30,159 - new_apply_order.py[line:198]: 个人信息提交成功！
INFO - 2021-09-07 17:20:30,205 - new_apply_order.py[line:209]: 联系人信息提交成功！
INFO - 2021-09-07 17:20:30,519 - new_apply_order.py[line:231]: 创建预审订单成功！
INFO - 2021-09-07 17:20:30,537 - new_apply_order.py[line:239]: 预审状态修改为通过,更新条数 1
INFO - 2021-09-07 17:20:30,553 - new_apply_order.py[line:242]: 更新初始额度！更新条数 1
INFO - 2021-09-07 17:20:30,843 - new_apply_order.py[line:259]: 活体图片上传成功！回写配置文件global_param.mp4_url
INFO - 2021-09-07 17:20:30,878 - new_apply_order.py[line:269]: 视频认证通过！
INFO - 2021-09-07 17:20:31,881 - new_apply_order.py[line:325]: bvn和银行卡绑卡认证通过！
INFO - 2021-09-07 17:20:32,255 - new_apply_order.py[line:346]: user更新1条
INFO - 2021-09-07 17:20:32,494 - new_apply_order.py[line:375]: 进件成功！执行sql将订单改为风控中……
INFO - 2021-09-07 17:20:33,542 - new_apply_order.py[line:381]: 订单表更新1条，信审更新1条
INFO - 2021-09-07 17:20:33,911 - new_apply_order.py[line:395]: 查询loan_order_id成功！
INFO - 2021-09-07 17:20:33,952 - new_apply_order.py[line:410]: 订单回调复审通过成功！
INFO - 2021-09-07 17:20:34,736 - new_apply_order.py[line:432]: 获取token成功！token=bearer 5f8dac76-6728-4288-bc67-4856a17f1fa3！
INFO - 2021-09-07 17:20:35,097 - new_apply_order.py[line:395]: 查询loan_order_id成功！
INFO - 2021-09-07 17:20:35,451 - new_apply_order.py[line:450]: 后台已触发放款成功！
INFO - 2021-09-07 17:20:35,463 - new_apply_order.py[line:464]: xxl_job web 登录成功！
INFO - 2021-09-07 17:20:35,473 - new_apply_order.py[line:478]: xxl_job 放款准备作业执行成功！
INFO - 2021-09-07 17:20:36,832 - new_apply_order.py[line:395]: 查询loan_order_id成功！
INFO - 2021-09-07 17:20:36,846 - new_apply_order.py[line:483]: 修改放款准备完成时间成功！
INFO - 2021-09-07 17:20:36,853 - new_apply_order.py[line:491]: xxl_job 放款完成作业执行成功！
INFO - 2021-09-07 17:20:37,162 - new_apply_order.py[line:641]: 校验重试查询第1次
ERROR - 2021-09-07 17:20:38,179 - new_apply_order.py[line:537]: 放款完成或准备失败,目前的订单状态是35
INFO - 2021-09-07 17:20:38,180 - new_apply_order.py[line:538]: {'app': 'quickcash', 'loan_order_id': '1435171104923848704', 'mobile': '01631006429', 'order_status': 35}
INFO - 2021-09-07 17:20:38,688 - new_apply_order.py[line:641]: 校验重试查询第2次
INFO - 2021-09-07 17:20:39,705 - new_apply_order.py[line:535]: 放款完成或准备成功,目前的订单状态是40
INFO - 2021-09-07 17:20:39,705 - new_apply_order.py[line:538]: {'app': 'quickcash', 'loan_order_id': '1435171104923848704', 'mobile': '01631006429', 'order_status': 40}
INFO - 2021-09-07 17:20:39,706 - new_apply_order.py[line:658]: ===========完成第【1】次进件===========
INFO - 2021-09-07 17:20:39,706 - new_apply_order.py[line:661]: ======完成第【1】次进件,耗时10.15s=====
