INFO - 2021-10-18 08:48:44,527 - new_apply_order.py[line:798]: 开始第 Mipeso【1】次进件……
INFO - 2021-10-18 08:48:44,708 - new_apply_order.py[line:75]: 更新脏数据0条
INFO - 2021-10-18 08:48:44,709 - new_apply_order.py[line:82]: ======【mx测试环境】生成手机号：1634518124 ======
INFO - 2021-10-18 08:48:45,095 - new_apply_order.py[line:95]: 1634518124 检测用户存在成功！
INFO - 2021-10-18 08:48:45,160 - new_apply_order.py[line:104]: 1634518124 短信发送成功！
INFO - 2021-10-18 08:48:45,219 - new_apply_order.py[line:117]: 1634518124 注册成功！
INFO - 2021-10-18 08:48:45,288 - new_apply_order.py[line:133]: 1634518124 登录短信发送成功！
INFO - 2021-10-18 08:48:45,338 - new_apply_order.py[line:143]: userId=4962998464703504384,mobile=1634518124,token=81d0bb7c18412c5df707ce9374f5dc97 登录成功
INFO - 2021-10-18 08:48:45,421 - new_apply_order.py[line:208]: 个人信息提交成功！
INFO - 2021-10-18 08:48:46,038 - new_apply_order.py[line:241]: 创建预审订单成功！
INFO - 2021-10-18 08:48:46,059 - new_apply_order.py[line:249]: 预审状态修改为通过,更新条数 1
INFO - 2021-10-18 08:48:46,076 - new_apply_order.py[line:252]: 更新初始额度！更新条数 1
INFO - 2021-10-18 08:48:48,766 - new_apply_order.py[line:288]: curp上传成功!
INFO - 2021-10-18 08:48:48,921 - new_apply_order.py[line:297]: curp_rfc校验通过！
INFO - 2021-10-18 08:48:49,722 - new_apply_order.py[line:308]: 人脸识别成功!
INFO - 2021-10-18 08:48:50,374 - new_apply_order.py[line:494]: 绑卡成功！
INFO - 2021-10-18 08:48:50,612 - new_apply_order.py[line:528]: 进件成功！执行sql将订单改为风控中……
INFO - 2021-10-18 08:48:51,697 - new_apply_order.py[line:534]: 订单表更新1条，信审更新1条
INFO - 2021-10-18 08:48:52,054 - new_apply_order.py[line:548]: 查询loan_order_id成功！
INFO - 2021-10-18 08:48:52,095 - new_apply_order.py[line:563]: 订单回调复审通过成功！
INFO - 2021-10-18 08:48:52,943 - new_apply_order.py[line:585]: 获取token成功！token=bearer 63e18e35-4af7-4fd7-b0f8-56ab554f8409！
INFO - 2021-10-18 08:48:53,298 - new_apply_order.py[line:548]: 查询loan_order_id成功！
INFO - 2021-10-18 08:48:53,895 - new_apply_order.py[line:603]: 后台已触发放款成功！
INFO - 2021-10-18 08:48:53,939 - new_apply_order.py[line:617]: xxl_job web 登录成功！
INFO - 2021-10-18 08:48:53,948 - new_apply_order.py[line:633]: xxl_job 放款准备作业执行成功！
INFO - 2021-10-18 08:48:55,302 - new_apply_order.py[line:548]: 查询loan_order_id成功！
INFO - 2021-10-18 08:48:55,319 - new_apply_order.py[line:641]: 修改放款准备完成时间成功！
INFO - 2021-10-18 08:48:55,325 - new_apply_order.py[line:649]: xxl_job 放款完成作业执行成功！
INFO - 2021-10-18 08:48:55,669 - new_apply_order.py[line:548]: 查询loan_order_id成功！
INFO - 2021-10-18 08:48:55,979 - new_apply_order.py[line:821]: 校验重试查询第1次
ERROR - 2021-10-18 08:48:56,993 - new_apply_order.py[line:717]: 放款完成或准备失败,目前的订单状态是35
INFO - 2021-10-18 08:48:56,993 - new_apply_order.py[line:718]: {'app': 'Mipeso', 'loan_order_id': '1449900222234497024', 'mobile': '1634518124', 'order_status': 35}
INFO - 2021-10-18 08:48:57,847 - new_apply_order.py[line:548]: 查询loan_order_id成功！
INFO - 2021-10-18 08:48:57,966 - new_apply_order.py[line:670]: 放款回调成功！
INFO - 2021-10-18 08:48:57,967 - new_apply_order.py[line:821]: 校验重试查询第2次
INFO - 2021-10-18 08:48:58,984 - new_apply_order.py[line:715]: 放款完成或准备成功,目前的订单状态是40
INFO - 2021-10-18 08:48:58,984 - new_apply_order.py[line:718]: {'app': 'Mipeso', 'loan_order_id': '1449900222234497024', 'mobile': '1634518124', 'order_status': 40}
INFO - 2021-10-18 08:48:58,985 - new_apply_order.py[line:838]: ===========完成第【1】次进件===========
INFO - 2021-10-18 08:48:58,985 - new_apply_order.py[line:798]: 开始第 Mipeso【2】次进件……
INFO - 2021-10-18 08:48:59,057 - new_apply_order.py[line:60]: 删除redis key: "mx:cfs:user:userid:4962998464703504384"
INFO - 2021-10-18 08:48:59,170 - new_apply_order.py[line:75]: 更新脏数据0条
INFO - 2021-10-18 08:48:59,171 - new_apply_order.py[line:82]: ======【mx测试环境】生成手机号：1634518138 ======
INFO - 2021-10-18 08:48:59,509 - new_apply_order.py[line:95]: 1634518138 检测用户存在成功！
INFO - 2021-10-18 08:48:59,555 - new_apply_order.py[line:104]: 1634518138 短信发送成功！
INFO - 2021-10-18 08:48:59,599 - new_apply_order.py[line:117]: 1634518138 注册成功！
INFO - 2021-10-18 08:48:59,652 - new_apply_order.py[line:133]: 1634518138 登录短信发送成功！
INFO - 2021-10-18 08:48:59,696 - new_apply_order.py[line:143]: userId=4962998525072121856,mobile=1634518138,token=d7f5df2c2ac0a88ca2d46e239b85c1e4 登录成功
INFO - 2021-10-18 08:48:59,775 - new_apply_order.py[line:208]: 个人信息提交成功！
INFO - 2021-10-18 08:49:00,217 - new_apply_order.py[line:241]: 创建预审订单成功！
INFO - 2021-10-18 08:49:00,231 - new_apply_order.py[line:249]: 预审状态修改为通过,更新条数 1
INFO - 2021-10-18 08:49:00,247 - new_apply_order.py[line:252]: 更新初始额度！更新条数 1
INFO - 2021-10-18 08:49:02,743 - new_apply_order.py[line:288]: curp上传成功!
INFO - 2021-10-18 08:49:02,867 - new_apply_order.py[line:297]: curp_rfc校验通过！
INFO - 2021-10-18 08:49:03,601 - new_apply_order.py[line:308]: 人脸识别成功!
INFO - 2021-10-18 08:49:04,179 - new_apply_order.py[line:494]: 绑卡成功！
INFO - 2021-10-18 08:49:04,372 - new_apply_order.py[line:528]: 进件成功！执行sql将订单改为风控中……
INFO - 2021-10-18 08:49:05,407 - new_apply_order.py[line:534]: 订单表更新1条，信审更新1条
INFO - 2021-10-18 08:49:05,755 - new_apply_order.py[line:548]: 查询loan_order_id成功！
INFO - 2021-10-18 08:49:05,795 - new_apply_order.py[line:563]: 订单回调复审通过成功！
INFO - 2021-10-18 08:49:06,630 - new_apply_order.py[line:585]: 获取token成功！token=bearer 63e18e35-4af7-4fd7-b0f8-56ab554f8409！
INFO - 2021-10-18 08:49:06,990 - new_apply_order.py[line:548]: 查询loan_order_id成功！
INFO - 2021-10-18 08:49:07,299 - new_apply_order.py[line:603]: 后台已触发放款成功！
INFO - 2021-10-18 08:49:07,311 - new_apply_order.py[line:617]: xxl_job web 登录成功！
INFO - 2021-10-18 08:49:07,321 - new_apply_order.py[line:633]: xxl_job 放款准备作业执行成功！
