INFO - 2021-12-02 14:59:32,387 - new_apply_order.py[line:882]: 开始第 kencash【1】次进件……
INFO - 2021-12-02 14:59:32,387 - new_apply_order.py[line:84]: ======【ke测试环境】生成手机号：738428372 ======
INFO - 2021-12-02 14:59:32,790 - new_apply_order.py[line:97]: 738428372 检测用户存在成功！
INFO - 2021-12-02 14:59:32,873 - new_apply_order.py[line:106]: 738428372 短信发送成功！
INFO - 2021-12-02 14:59:32,964 - new_apply_order.py[line:119]: 738428372 注册成功！
INFO - 2021-12-02 14:59:33,036 - new_apply_order.py[line:135]: 738428372 登录短信发送成功！
INFO - 2021-12-02 14:59:33,100 - new_apply_order.py[line:145]: userId=6237690432396861440,mobile=738428372,token=bdf85bc357448087a87d6da9b5d6ef06 登录成功
INFO - 2021-12-02 14:59:33,269 - new_apply_order.py[line:212]: 个人信息提交成功！
INFO - 2021-12-02 14:59:33,340 - new_apply_order.py[line:232]: 联系人信息提交成功！
INFO - 2021-12-02 14:59:33,771 - new_apply_order.py[line:255]: 创建预审订单成功！
INFO - 2021-12-02 14:59:33,786 - new_apply_order.py[line:263]: 预审状态修改为通过,更新条数 1
INFO - 2021-12-02 14:59:33,799 - new_apply_order.py[line:266]: 更新初始额度！更新条数 1
INFO - 2021-12-02 14:59:34,085 - new_apply_order.py[line:342]: 活体图片上传成功！回写配置文件global_param.mp4_url
INFO - 2021-12-02 14:59:34,132 - new_apply_order.py[line:352]: 视频认证通过！
ERROR - 2021-12-02 14:59:34,371 - new_apply_order.py[line:579]: 绑卡失败！{"code":"60001004","msg":"The OTP has expired.please regenerate OTP to try again","data":null}
INFO - 2021-12-02 14:59:34,679 - new_apply_order.py[line:612]: 进件成功！执行sql将订单改为风控中……
INFO - 2021-12-02 14:59:35,721 - new_apply_order.py[line:618]: 订单表更新1条，信审更新1条
INFO - 2021-12-02 14:59:36,089 - new_apply_order.py[line:632]: 查询loan_order_id成功！
INFO - 2021-12-02 14:59:36,171 - new_apply_order.py[line:647]: 订单回调复审通过成功！
INFO - 2021-12-02 14:59:37,021 - new_apply_order.py[line:669]: 获取token成功！token=bearer 79c1b5ea-9238-47e0-a22f-ee222d185aac！
INFO - 2021-12-02 14:59:37,386 - new_apply_order.py[line:632]: 查询loan_order_id成功！
INFO - 2021-12-02 14:59:37,699 - new_apply_order.py[line:687]: 后台已触发放款成功！
INFO - 2021-12-02 14:59:37,717 - new_apply_order.py[line:701]: xxl_job web 登录成功！
INFO - 2021-12-02 14:59:37,729 - new_apply_order.py[line:717]: xxl_job 放款准备作业执行成功！
