INFO - 2021-08-31 19:01:44,802 - new_apply_order.py[line:517]: 开始第 kencash【1】次进件……
INFO - 2021-08-31 19:01:44,803 - new_apply_order.py[line:79]: ======【ke测试环境】生成手机号：730407704 ======
INFO - 2021-08-31 19:01:45,179 - new_apply_order.py[line:86]: 730407704 检测用户存在成功！
INFO - 2021-08-31 19:01:45,230 - new_apply_order.py[line:93]: 730407704 短信发送成功！
INFO - 2021-08-31 19:01:45,273 - new_apply_order.py[line:103]: 730407704 注册成功！
INFO - 2021-08-31 19:01:45,316 - new_apply_order.py[line:113]: 730407704 登录短信发送成功！
INFO - 2021-08-31 19:01:45,358 - new_apply_order.py[line:121]: userId=6204049313749540864,mobile=730407704,token=8daab9893a35f1b3c9b07788a26695db 登录成功
INFO - 2021-08-31 19:01:45,993 - new_apply_order.py[line:172]: 个人信息提交成功！
INFO - 2021-08-31 19:01:46,035 - new_apply_order.py[line:188]: 联系人信息提交成功！
INFO - 2021-08-31 19:01:46,426 - new_apply_order.py[line:198]: 创建预审订单成功！
INFO - 2021-08-31 19:01:46,436 - new_apply_order.py[line:206]: 预审状态修改为通过,更新条数 1
INFO - 2021-08-31 19:01:46,445 - new_apply_order.py[line:209]: 更新初始额度！更新条数 1
INFO - 2021-08-31 19:01:46,733 - new_apply_order.py[line:221]: 活体图片上传成功！回写配置文件global_param.mp4_url
INFO - 2021-08-31 19:01:46,770 - new_apply_order.py[line:230]: 视频认证通过！
INFO - 2021-08-31 19:01:47,058 - new_apply_order.py[line:309]: 绑卡成功！
INFO - 2021-08-31 19:01:47,242 - new_apply_order.py[line:317]: 进件成功！执行sql将订单改为风控中……
INFO - 2021-08-31 19:01:48,270 - new_apply_order.py[line:323]: 订单表更新1条，信审更新1条
INFO - 2021-08-31 19:01:48,609 - new_apply_order.py[line:332]: 查询loan_order_id成功！
ERROR - 2021-08-31 19:01:48,615 - new_apply_order.py[line:563]: HTTPConnectionPool(host='http', port=80): Max retries exceeded with url: //172.20.240.133:8030/facade/risk/call (Caused by NewConnectionError('<urllib3.connection.HTTPConnection object at 0x7fa1cbadc1f0>: Failed to establish a new connection: [Errno 8] nodename nor servname provided, or not known'))
ERROR - 2021-08-31 19:01:48,629 - new_apply_order.py[line:564]: None
