INFO - 2021-09-15 14:48:43,756 - new_apply_order.py[line:690]: 开始第 pcamion【1】次进件……
INFO - 2021-09-15 14:48:43,757 - new_apply_order.py[line:82]: ======【co测试环境】生成手机号：3631688523 ======
INFO - 2021-09-15 14:48:44,150 - new_apply_order.py[line:95]: 3631688523 检测用户存在成功！
INFO - 2021-09-15 14:48:44,239 - new_apply_order.py[line:104]: 3631688523 短信发送成功！
INFO - 2021-09-15 14:48:44,300 - new_apply_order.py[line:117]: 3631688523 注册成功！
INFO - 2021-09-15 14:48:44,401 - new_apply_order.py[line:133]: 3631688523 登录短信发送成功！
INFO - 2021-09-15 14:48:44,462 - new_apply_order.py[line:143]: userId=4951130258397339648,mobile=3631688523,token=81cbc7d5f08a463e262b373fb01593c1 登录成功
INFO - 2021-09-15 14:48:44,577 - new_apply_order.py[line:205]: 个人信息提交成功！
INFO - 2021-09-15 14:48:45,076 - new_apply_order.py[line:238]: 创建预审订单成功！
INFO - 2021-09-15 14:48:45,096 - new_apply_order.py[line:246]: 预审状态修改为通过,更新条数 1
INFO - 2021-09-15 14:48:45,117 - new_apply_order.py[line:249]: 更新初始额度！更新条数 1
INFO - 2021-09-15 14:48:45,430 - new_apply_order.py[line:266]: 活体图片上传成功！回写配置文件global_param.mp4_url
INFO - 2021-09-15 14:48:45,490 - new_apply_order.py[line:276]: 视频认证通过！
INFO - 2021-09-15 14:48:46,657 - new_apply_order.py[line:331]: curp上传成功!
INFO - 2021-09-15 14:48:46,752 - new_apply_order.py[line:340]: curp_rfc校验通过！
INFO - 2021-09-15 14:48:47,344 - new_apply_order.py[line:413]: 不绑卡成功跳过！
INFO - 2021-09-15 14:48:47,633 - new_apply_order.py[line:426]: 进件成功！执行sql将订单改为风控中……
INFO - 2021-09-15 14:48:48,672 - new_apply_order.py[line:432]: 订单表更新1条，信审更新1条
INFO - 2021-09-15 14:48:49,274 - new_apply_order.py[line:446]: 查询loan_order_id成功！
INFO - 2021-09-15 14:48:49,336 - new_apply_order.py[line:461]: 订单回调复审通过成功！
INFO - 2021-09-15 14:48:50,168 - new_apply_order.py[line:483]: 获取token成功！token=bearer 8a896575-c293-423c-873f-d7d6312422e8！
INFO - 2021-09-15 14:48:50,782 - new_apply_order.py[line:446]: 查询loan_order_id成功！
INFO - 2021-09-15 14:48:51,143 - new_apply_order.py[line:501]: 后台已触发放款成功！
INFO - 2021-09-15 14:48:51,152 - new_apply_order.py[line:517]: xxl_job web 登录失败！
INFO - 2021-09-15 14:48:51,158 - new_apply_order.py[line:534]: xxl_job 放款准备作业执行失败！
INFO - 2021-09-15 14:48:52,780 - new_apply_order.py[line:446]: 查询loan_order_id成功！
INFO - 2021-09-15 14:48:52,786 - new_apply_order.py[line:539]: 修改放款准备完成时间成功！
INFO - 2021-09-15 14:48:52,789 - new_apply_order.py[line:549]: xxl_job 放款完成作业执行失败！
INFO - 2021-09-15 14:48:53,343 - new_apply_order.py[line:446]: 查询loan_order_id成功！
INFO - 2021-09-15 14:48:53,657 - new_apply_order.py[line:713]: 校验重试查询第1次
