INFO - 2021-11-18 14:05:30,097 - new_apply_order.py[line:882]: 开始第 kshwai【1】次进件……
INFO - 2021-11-18 14:05:30,097 - new_apply_order.py[line:84]: ======【ke测试环境】生成手机号：737215530 ======
INFO - 2021-11-18 14:05:30,537 - new_apply_order.py[line:97]: 737215530 检测用户存在成功！
INFO - 2021-11-18 14:05:30,596 - new_apply_order.py[line:106]: 737215530 短信发送成功！
INFO - 2021-11-18 14:05:30,673 - new_apply_order.py[line:119]: 737215530 注册成功！
INFO - 2021-11-18 14:05:30,735 - new_apply_order.py[line:135]: 737215530 登录短信发送成功！
INFO - 2021-11-18 14:05:30,803 - new_apply_order.py[line:145]: userId=6232603403400126464,mobile=737215530,token=9f30faa5081f0d343e7190474eb063e0 登录成功
INFO - 2021-11-18 14:05:30,972 - new_apply_order.py[line:212]: 个人信息提交成功！
INFO - 2021-11-18 14:05:31,055 - new_apply_order.py[line:232]: 联系人信息提交成功！
INFO - 2021-11-18 14:05:31,665 - new_apply_order.py[line:255]: 创建预审订单成功！
INFO - 2021-11-18 14:05:31,683 - new_apply_order.py[line:263]: 预审状态修改为通过,更新条数 1
INFO - 2021-11-18 14:05:31,700 - new_apply_order.py[line:266]: 更新初始额度！更新条数 1
INFO - 2021-11-18 14:05:31,953 - new_apply_order.py[line:342]: 活体图片上传成功！回写配置文件global_param.mp4_url
INFO - 2021-11-18 14:05:32,009 - new_apply_order.py[line:352]: 视频认证通过！
INFO - 2021-11-18 14:05:32,345 - new_apply_order.py[line:577]: 绑卡成功！
INFO - 2021-11-18 14:05:32,732 - new_apply_order.py[line:612]: 进件成功！执行sql将订单改为风控中……
INFO - 2021-11-18 14:05:33,765 - new_apply_order.py[line:618]: 订单表更新1条，信审更新1条
INFO - 2021-11-18 14:05:34,127 - new_apply_order.py[line:632]: 查询loan_order_id成功！
INFO - 2021-11-18 14:05:34,176 - new_apply_order.py[line:647]: 订单回调复审通过成功！
INFO - 2021-11-18 14:05:34,971 - new_apply_order.py[line:669]: 获取token成功！token=bearer d3e2b487-1788-4b4c-8c89-e922adfbe5af！
INFO - 2021-11-18 14:05:35,330 - new_apply_order.py[line:632]: 查询loan_order_id成功！
INFO - 2021-11-18 14:05:35,698 - new_apply_order.py[line:687]: 后台已触发放款成功！
INFO - 2021-11-18 14:05:35,711 - new_apply_order.py[line:701]: xxl_job web 登录成功！
INFO - 2021-11-18 14:05:35,723 - new_apply_order.py[line:717]: xxl_job 放款准备作业执行成功！
INFO - 2021-11-18 14:05:37,082 - new_apply_order.py[line:632]: 查询loan_order_id成功！
INFO - 2021-11-18 14:05:37,102 - new_apply_order.py[line:725]: 修改放款准备完成时间成功！
INFO - 2021-11-18 14:05:37,111 - new_apply_order.py[line:733]: xxl_job 放款完成作业执行成功！
INFO - 2021-11-18 14:05:37,469 - new_apply_order.py[line:632]: 查询loan_order_id成功！
INFO - 2021-11-18 14:05:37,786 - new_apply_order.py[line:905]: 校验重试查询第1次
ERROR - 2021-11-18 14:05:38,801 - new_apply_order.py[line:801]: 放款完成或准备失败,目前的订单状态是35
INFO - 2021-11-18 14:05:38,801 - new_apply_order.py[line:802]: {'app': 'kshwai', 'loan_order_id': '1461213961766834176', 'mobile': '737215530', 'order_status': 35}
INFO - 2021-11-18 14:05:39,683 - new_apply_order.py[line:632]: 查询loan_order_id成功！
INFO - 2021-11-18 14:05:39,924 - new_apply_order.py[line:770]: 放款回调成功！
INFO - 2021-11-18 14:05:39,925 - new_apply_order.py[line:905]: 校验重试查询第2次
INFO - 2021-11-18 14:05:40,940 - new_apply_order.py[line:799]: 放款完成或准备成功,目前的订单状态是40
INFO - 2021-11-18 14:05:40,940 - new_apply_order.py[line:802]: {'app': 'kshwai', 'loan_order_id': '1461213961766834176', 'mobile': '737215530', 'order_status': 40}
INFO - 2021-11-18 14:05:40,943 - new_apply_order.py[line:922]: ===========完成第【1】次进件===========
INFO - 2021-11-18 14:05:40,943 - new_apply_order.py[line:925]: ======完成第【1】次进件,耗时10.85s=====
