INFO - 2021-09-28 15:43:18,665 - new_apply_order.py[line:792]: 开始第 muchodinero【1】次进件……
INFO - 2021-09-28 15:43:18,718 - new_apply_order.py[line:60]: 删除redis key: "mx:cfs:user:userid:4955503135745515520"
INFO - 2021-09-28 15:43:18,834 - new_apply_order.py[line:75]: 更新脏数据0条
INFO - 2021-09-28 15:43:18,834 - new_apply_order.py[line:82]: ======【mx测试环境】生成手机号：1632814998 ======
INFO - 2021-09-28 15:43:19,213 - new_apply_order.py[line:95]: 1632814998 检测用户存在成功！
INFO - 2021-09-28 15:43:19,263 - new_apply_order.py[line:104]: 1632814998 短信发送成功！
INFO - 2021-09-28 15:43:19,305 - new_apply_order.py[line:117]: 1632814998 注册成功！
INFO - 2021-09-28 15:43:19,367 - new_apply_order.py[line:133]: 1632814998 登录短信发送成功！
INFO - 2021-09-28 15:43:19,415 - new_apply_order.py[line:143]: userId=4955855036664127488,mobile=1632814998,token=6775217d86cc4329e9bd9f46d6aaed0f 登录成功
INFO - 2021-09-28 15:43:19,497 - new_apply_order.py[line:205]: 个人信息提交成功！
INFO - 2021-09-28 15:43:20,065 - new_apply_order.py[line:238]: 创建预审订单成功！
INFO - 2021-09-28 15:43:20,083 - new_apply_order.py[line:246]: 预审状态修改为通过,更新条数 1
INFO - 2021-09-28 15:43:20,097 - new_apply_order.py[line:249]: 更新初始额度！更新条数 1
INFO - 2021-09-28 15:43:22,823 - new_apply_order.py[line:285]: curp上传成功!
INFO - 2021-09-28 15:43:22,935 - new_apply_order.py[line:294]: curp_rfc校验通过！
INFO - 2021-09-28 15:43:23,714 - new_apply_order.py[line:305]: 人脸识别成功!
INFO - 2021-09-28 15:43:24,268 - new_apply_order.py[line:491]: 绑卡成功！
INFO - 2021-09-28 15:43:24,496 - new_apply_order.py[line:522]: 进件成功！执行sql将订单改为风控中……
INFO - 2021-09-28 15:43:25,532 - new_apply_order.py[line:528]: 订单表更新1条，信审更新1条
INFO - 2021-09-28 15:43:25,889 - new_apply_order.py[line:542]: 查询loan_order_id成功！
INFO - 2021-09-28 15:43:25,929 - new_apply_order.py[line:557]: 订单回调复审通过成功！
INFO - 2021-09-28 15:43:26,723 - new_apply_order.py[line:579]: 获取token成功！token=bearer 8a29d6bf-8156-4bae-b461-8442785dd709！
INFO - 2021-09-28 15:43:27,083 - new_apply_order.py[line:542]: 查询loan_order_id成功！
INFO - 2021-09-28 15:43:27,615 - new_apply_order.py[line:597]: 后台已触发放款成功！
INFO - 2021-09-28 15:43:27,627 - new_apply_order.py[line:611]: xxl_job web 登录成功！
INFO - 2021-09-28 15:43:27,636 - new_apply_order.py[line:627]: xxl_job 放款准备作业执行成功！
INFO - 2021-09-28 15:43:28,985 - new_apply_order.py[line:542]: 查询loan_order_id成功！
INFO - 2021-09-28 15:43:29,001 - new_apply_order.py[line:635]: 修改放款准备完成时间成功！
INFO - 2021-09-28 15:43:29,007 - new_apply_order.py[line:643]: xxl_job 放款完成作业执行成功！
INFO - 2021-09-28 15:43:29,349 - new_apply_order.py[line:542]: 查询loan_order_id成功！
INFO - 2021-09-28 15:43:29,662 - new_apply_order.py[line:815]: 校验重试查询第1次
ERROR - 2021-09-28 15:43:30,674 - new_apply_order.py[line:711]: 放款完成或准备失败,目前的订单状态是35
INFO - 2021-09-28 15:43:30,675 - new_apply_order.py[line:712]: {'app': 'muchodinero', 'loan_order_id': '1442756794143870976', 'mobile': '1632814998', 'order_status': 35}
INFO - 2021-09-28 15:43:31,522 - new_apply_order.py[line:542]: 查询loan_order_id成功！
INFO - 2021-09-28 15:43:31,527 - new_apply_order.py[line:815]: 校验重试查询第2次
ERROR - 2021-09-28 15:43:32,540 - new_apply_order.py[line:711]: 放款完成或准备失败,目前的订单状态是35
INFO - 2021-09-28 15:43:32,541 - new_apply_order.py[line:712]: {'app': 'muchodinero', 'loan_order_id': '1442756794143870976', 'mobile': '1632814998', 'order_status': 35}
INFO - 2021-09-28 15:43:33,393 - new_apply_order.py[line:542]: 查询loan_order_id成功！
INFO - 2021-09-28 15:43:33,512 - new_apply_order.py[line:664]: 放款回调成功！
INFO - 2021-09-28 15:43:33,513 - new_apply_order.py[line:815]: 校验重试查询第3次
INFO - 2021-09-28 15:43:34,524 - new_apply_order.py[line:709]: 放款完成或准备成功,目前的订单状态是40
INFO - 2021-09-28 15:43:34,524 - new_apply_order.py[line:712]: {'app': 'muchodinero', 'loan_order_id': '1442756794143870976', 'mobile': '1632814998', 'order_status': 40}
INFO - 2021-09-28 15:43:34,527 - new_apply_order.py[line:832]: ===========完成第【1】次进件===========
INFO - 2021-09-28 15:43:34,527 - new_apply_order.py[line:835]: ======完成第【1】次进件,耗时15.86s=====
