INFO - 2021-12-28 11:27:33,416 - new_apply_order.py[line:892]: 开始第 creditmatchs【1】次进件……
INFO - 2021-12-28 11:27:33,417 - new_apply_order.py[line:83]: ======【nga测试环境】生成手机号：01640662053 ======
INFO - 2021-12-28 11:27:33,781 - new_apply_order.py[line:96]: 01640662053 检测用户存在成功！
INFO - 2021-12-28 11:27:33,822 - new_apply_order.py[line:105]: 01640662053 短信发送成功！
INFO - 2021-12-28 11:27:33,870 - new_apply_order.py[line:118]: 01640662053 注册成功！
INFO - 2021-12-28 11:27:33,918 - new_apply_order.py[line:134]: 01640662053 登录短信发送成功！
INFO - 2021-12-28 11:27:33,964 - new_apply_order.py[line:144]: userId=6247059169350524928,mobile=01640662053,token=d00daeb2d52ebf38831ea6562f89527b 登录成功
INFO - 2021-12-28 11:27:34,056 - new_apply_order.py[line:211]: 个人信息提交成功！
INFO - 2021-12-28 11:27:34,113 - new_apply_order.py[line:222]: 联系人信息提交成功！
INFO - 2021-12-28 11:27:34,309 - new_apply_order.py[line:254]: 创建预审订单成功！
INFO - 2021-12-28 11:27:34,329 - new_apply_order.py[line:262]: 预审状态修改为通过,更新条数 1
INFO - 2021-12-28 11:27:34,348 - new_apply_order.py[line:265]: 更新初始额度！更新条数 1
INFO - 2021-12-28 11:27:34,583 - new_apply_order.py[line:341]: 活体图片上传成功！回写配置文件global_param.mp4_url
INFO - 2021-12-28 11:27:34,618 - new_apply_order.py[line:351]: 视频认证通过！
INFO - 2021-12-28 11:27:35,624 - new_apply_order.py[line:510]: bvn和银行卡绑卡认证通过！
INFO - 2021-12-28 11:27:35,965 - new_apply_order.py[line:561]: user更新1条
INFO - 2021-12-28 11:27:36,123 - new_apply_order.py[line:622]: 进件成功！执行sql将订单改为风控中……
INFO - 2021-12-28 11:27:37,162 - new_apply_order.py[line:628]: 订单表更新1条，信审更新1条
INFO - 2021-12-28 11:27:37,526 - new_apply_order.py[line:642]: 查询loan_order_id成功！
INFO - 2021-12-28 11:27:37,563 - new_apply_order.py[line:657]: 订单回调复审通过成功！
INFO - 2021-12-28 11:27:38,340 - new_apply_order.py[line:679]: 获取token成功！token=bearer 361e67de-b321-46b6-abc1-8b542fa8b84f！
INFO - 2021-12-28 11:27:38,695 - new_apply_order.py[line:642]: 查询loan_order_id成功！
INFO - 2021-12-28 11:27:38,988 - new_apply_order.py[line:697]: 后台已触发放款成功！
INFO - 2021-12-28 11:27:39,003 - new_apply_order.py[line:711]: xxl_job web 登录成功！
INFO - 2021-12-28 11:27:39,020 - new_apply_order.py[line:727]: xxl_job 放款准备作业执行成功！
INFO - 2021-12-28 11:27:40,389 - new_apply_order.py[line:642]: 查询loan_order_id成功！
INFO - 2021-12-28 11:27:40,407 - new_apply_order.py[line:735]: 修改放款准备完成时间成功！
INFO - 2021-12-28 11:27:40,416 - new_apply_order.py[line:743]: xxl_job 放款完成作业执行成功！
INFO - 2021-12-28 11:27:40,725 - new_apply_order.py[line:915]: 校验重试查询第1次
ERROR - 2021-12-28 11:27:41,741 - new_apply_order.py[line:811]: 放款完成或准备失败,目前的订单状态是35
INFO - 2021-12-28 11:27:41,741 - new_apply_order.py[line:812]: {'app': 'creditmatchs', 'loan_order_id': '1475669726994763776', 'mobile': '01640662053', 'order_status': 35}
INFO - 2021-12-28 11:27:42,253 - new_apply_order.py[line:915]: 校验重试查询第2次
INFO - 2021-12-28 11:27:43,272 - new_apply_order.py[line:809]: 放款完成或准备成功,目前的订单状态是40
INFO - 2021-12-28 11:27:43,273 - new_apply_order.py[line:812]: {'app': 'creditmatchs', 'loan_order_id': '1475669726994763776', 'mobile': '01640662053', 'order_status': 40}
INFO - 2021-12-28 11:27:43,273 - new_apply_order.py[line:932]: ===========完成第【1】次进件===========
INFO - 2021-12-28 11:27:43,273 - new_apply_order.py[line:892]: 开始第 creditmatchs【2】次进件……
INFO - 2021-12-28 11:27:43,275 - new_apply_order.py[line:83]: ======【nga测试环境】生成手机号：01640662063 ======
INFO - 2021-12-28 11:27:43,620 - new_apply_order.py[line:96]: 01640662063 检测用户存在成功！
INFO - 2021-12-28 11:27:43,659 - new_apply_order.py[line:105]: 01640662063 短信发送成功！
INFO - 2021-12-28 11:27:43,702 - new_apply_order.py[line:118]: 01640662063 注册成功！
INFO - 2021-12-28 11:27:43,752 - new_apply_order.py[line:134]: 01640662063 登录短信发送成功！
INFO - 2021-12-28 11:27:43,796 - new_apply_order.py[line:144]: userId=6247059210597310464,mobile=01640662063,token=4e4bbe43381fc40d6e9cca1c68e6f45b 登录成功
INFO - 2021-12-28 11:27:43,910 - new_apply_order.py[line:211]: 个人信息提交成功！
INFO - 2021-12-28 11:27:43,960 - new_apply_order.py[line:222]: 联系人信息提交成功！
INFO - 2021-12-28 11:27:44,222 - new_apply_order.py[line:254]: 创建预审订单成功！
INFO - 2021-12-28 11:27:44,237 - new_apply_order.py[line:262]: 预审状态修改为通过,更新条数 1
INFO - 2021-12-28 11:27:44,249 - new_apply_order.py[line:265]: 更新初始额度！更新条数 1
INFO - 2021-12-28 11:27:44,527 - new_apply_order.py[line:341]: 活体图片上传成功！回写配置文件global_param.mp4_url
INFO - 2021-12-28 11:27:44,568 - new_apply_order.py[line:351]: 视频认证通过！
INFO - 2021-12-28 11:27:45,570 - new_apply_order.py[line:510]: bvn和银行卡绑卡认证通过！
INFO - 2021-12-28 11:27:45,902 - new_apply_order.py[line:561]: user更新1条
INFO - 2021-12-28 11:27:46,119 - new_apply_order.py[line:622]: 进件成功！执行sql将订单改为风控中……
INFO - 2021-12-28 11:27:47,165 - new_apply_order.py[line:628]: 订单表更新1条，信审更新1条
INFO - 2021-12-28 11:27:47,531 - new_apply_order.py[line:642]: 查询loan_order_id成功！
INFO - 2021-12-28 11:27:47,570 - new_apply_order.py[line:657]: 订单回调复审通过成功！
INFO - 2021-12-28 11:27:48,348 - new_apply_order.py[line:679]: 获取token成功！token=bearer 361e67de-b321-46b6-abc1-8b542fa8b84f！
INFO - 2021-12-28 11:27:48,706 - new_apply_order.py[line:642]: 查询loan_order_id成功！
INFO - 2021-12-28 11:27:49,006 - new_apply_order.py[line:697]: 后台已触发放款成功！
INFO - 2021-12-28 11:27:49,022 - new_apply_order.py[line:711]: xxl_job web 登录成功！
INFO - 2021-12-28 11:27:49,035 - new_apply_order.py[line:727]: xxl_job 放款准备作业执行成功！
INFO - 2021-12-28 11:27:50,420 - new_apply_order.py[line:642]: 查询loan_order_id成功！
INFO - 2021-12-28 11:27:50,439 - new_apply_order.py[line:735]: 修改放款准备完成时间成功！
INFO - 2021-12-28 11:27:50,449 - new_apply_order.py[line:743]: xxl_job 放款完成作业执行成功！
INFO - 2021-12-28 11:27:50,758 - new_apply_order.py[line:915]: 校验重试查询第1次
ERROR - 2021-12-28 11:27:51,777 - new_apply_order.py[line:811]: 放款完成或准备失败,目前的订单状态是35
INFO - 2021-12-28 11:27:51,777 - new_apply_order.py[line:812]: {'app': 'creditmatchs', 'loan_order_id': '1475669768459653120', 'mobile': '01640662063', 'order_status': 35}
INFO - 2021-12-28 11:27:52,289 - new_apply_order.py[line:915]: 校验重试查询第2次
INFO - 2021-12-28 11:27:53,306 - new_apply_order.py[line:809]: 放款完成或准备成功,目前的订单状态是40
INFO - 2021-12-28 11:27:53,307 - new_apply_order.py[line:812]: {'app': 'creditmatchs', 'loan_order_id': '1475669768459653120', 'mobile': '01640662063', 'order_status': 40}
INFO - 2021-12-28 11:27:53,307 - new_apply_order.py[line:932]: ===========完成第【2】次进件===========
INFO - 2021-12-28 11:27:53,307 - new_apply_order.py[line:892]: 开始第 creditmatchs【3】次进件……
INFO - 2021-12-28 11:27:53,309 - new_apply_order.py[line:83]: ======【nga测试环境】生成手机号：01640662073 ======
INFO - 2021-12-28 11:27:53,655 - new_apply_order.py[line:96]: 01640662073 检测用户存在成功！
INFO - 2021-12-28 11:27:53,719 - new_apply_order.py[line:105]: 01640662073 短信发送成功！
INFO - 2021-12-28 11:27:53,763 - new_apply_order.py[line:118]: 01640662073 注册成功！
INFO - 2021-12-28 11:27:53,815 - new_apply_order.py[line:134]: 01640662073 登录短信发送成功！
INFO - 2021-12-28 11:27:53,873 - new_apply_order.py[line:144]: userId=6247059252796203008,mobile=01640662073,token=a30e97cf8f89e5067993afe4e0f1a5a6 登录成功
INFO - 2021-12-28 11:27:53,957 - new_apply_order.py[line:211]: 个人信息提交成功！
INFO - 2021-12-28 11:27:54,007 - new_apply_order.py[line:222]: 联系人信息提交成功！
INFO - 2021-12-28 11:27:54,212 - new_apply_order.py[line:254]: 创建预审订单成功！
INFO - 2021-12-28 11:27:54,232 - new_apply_order.py[line:262]: 预审状态修改为通过,更新条数 1
INFO - 2021-12-28 11:27:54,245 - new_apply_order.py[line:265]: 更新初始额度！更新条数 1
INFO - 2021-12-28 11:27:54,534 - new_apply_order.py[line:341]: 活体图片上传成功！回写配置文件global_param.mp4_url
INFO - 2021-12-28 11:27:54,566 - new_apply_order.py[line:351]: 视频认证通过！
INFO - 2021-12-28 11:27:55,571 - new_apply_order.py[line:510]: bvn和银行卡绑卡认证通过！
INFO - 2021-12-28 11:27:55,914 - new_apply_order.py[line:561]: user更新1条
INFO - 2021-12-28 11:27:56,094 - new_apply_order.py[line:622]: 进件成功！执行sql将订单改为风控中……
INFO - 2021-12-28 11:27:57,140 - new_apply_order.py[line:628]: 订单表更新1条，信审更新1条
INFO - 2021-12-28 11:27:57,504 - new_apply_order.py[line:642]: 查询loan_order_id成功！
INFO - 2021-12-28 11:27:57,539 - new_apply_order.py[line:657]: 订单回调复审通过成功！
INFO - 2021-12-28 11:27:58,340 - new_apply_order.py[line:679]: 获取token成功！token=bearer 361e67de-b321-46b6-abc1-8b542fa8b84f！
INFO - 2021-12-28 11:27:58,699 - new_apply_order.py[line:642]: 查询loan_order_id成功！
INFO - 2021-12-28 11:27:59,015 - new_apply_order.py[line:697]: 后台已触发放款成功！
INFO - 2021-12-28 11:27:59,034 - new_apply_order.py[line:711]: xxl_job web 登录成功！
INFO - 2021-12-28 11:27:59,047 - new_apply_order.py[line:727]: xxl_job 放款准备作业执行成功！
INFO - 2021-12-28 11:28:00,410 - new_apply_order.py[line:642]: 查询loan_order_id成功！
INFO - 2021-12-28 11:28:00,427 - new_apply_order.py[line:735]: 修改放款准备完成时间成功！
INFO - 2021-12-28 11:28:00,436 - new_apply_order.py[line:743]: xxl_job 放款完成作业执行成功！
INFO - 2021-12-28 11:28:00,744 - new_apply_order.py[line:915]: 校验重试查询第1次
ERROR - 2021-12-28 11:28:01,765 - new_apply_order.py[line:811]: 放款完成或准备失败,目前的订单状态是35
INFO - 2021-12-28 11:28:01,765 - new_apply_order.py[line:812]: {'app': 'creditmatchs', 'loan_order_id': '1475669810432053248', 'mobile': '01640662073', 'order_status': 35}
INFO - 2021-12-28 11:28:02,273 - new_apply_order.py[line:915]: 校验重试查询第2次
INFO - 2021-12-28 11:28:03,291 - new_apply_order.py[line:809]: 放款完成或准备成功,目前的订单状态是40
INFO - 2021-12-28 11:28:03,292 - new_apply_order.py[line:812]: {'app': 'creditmatchs', 'loan_order_id': '1475669810432053248', 'mobile': '01640662073', 'order_status': 40}
INFO - 2021-12-28 11:28:03,292 - new_apply_order.py[line:932]: ===========完成第【3】次进件===========
INFO - 2021-12-28 11:28:03,293 - new_apply_order.py[line:892]: 开始第 creditmatchs【4】次进件……
INFO - 2021-12-28 11:28:03,294 - new_apply_order.py[line:83]: ======【nga测试环境】生成手机号：01640662083 ======
INFO - 2021-12-28 11:28:03,650 - new_apply_order.py[line:96]: 01640662083 检测用户存在成功！
INFO - 2021-12-28 11:28:03,700 - new_apply_order.py[line:105]: 01640662083 短信发送成功！
INFO - 2021-12-28 11:28:03,757 - new_apply_order.py[line:118]: 01640662083 注册成功！
INFO - 2021-12-28 11:28:03,823 - new_apply_order.py[line:134]: 01640662083 登录短信发送成功！
INFO - 2021-12-28 11:28:03,871 - new_apply_order.py[line:144]: userId=6247059294722465792,mobile=01640662083,token=e2d62be37f034b6ddab26b2033995be8 登录成功
INFO - 2021-12-28 11:28:03,958 - new_apply_order.py[line:211]: 个人信息提交成功！
INFO - 2021-12-28 11:28:04,005 - new_apply_order.py[line:222]: 联系人信息提交成功！
INFO - 2021-12-28 11:28:04,194 - new_apply_order.py[line:254]: 创建预审订单成功！
INFO - 2021-12-28 11:28:04,208 - new_apply_order.py[line:262]: 预审状态修改为通过,更新条数 1
INFO - 2021-12-28 11:28:04,221 - new_apply_order.py[line:265]: 更新初始额度！更新条数 1
INFO - 2021-12-28 11:28:04,455 - new_apply_order.py[line:341]: 活体图片上传成功！回写配置文件global_param.mp4_url
INFO - 2021-12-28 11:28:04,488 - new_apply_order.py[line:351]: 视频认证通过！
INFO - 2021-12-28 11:28:05,470 - new_apply_order.py[line:510]: bvn和银行卡绑卡认证通过！
INFO - 2021-12-28 11:28:05,809 - new_apply_order.py[line:561]: user更新1条
INFO - 2021-12-28 11:28:05,972 - new_apply_order.py[line:622]: 进件成功！执行sql将订单改为风控中……
INFO - 2021-12-28 11:28:07,008 - new_apply_order.py[line:628]: 订单表更新1条，信审更新1条
INFO - 2021-12-28 11:28:07,368 - new_apply_order.py[line:642]: 查询loan_order_id成功！
INFO - 2021-12-28 11:28:07,408 - new_apply_order.py[line:657]: 订单回调复审通过成功！
INFO - 2021-12-28 11:28:08,184 - new_apply_order.py[line:679]: 获取token成功！token=bearer 361e67de-b321-46b6-abc1-8b542fa8b84f！
INFO - 2021-12-28 11:28:08,535 - new_apply_order.py[line:642]: 查询loan_order_id成功！
INFO - 2021-12-28 11:28:08,855 - new_apply_order.py[line:697]: 后台已触发放款成功！
INFO - 2021-12-28 11:28:08,872 - new_apply_order.py[line:711]: xxl_job web 登录成功！
INFO - 2021-12-28 11:28:08,886 - new_apply_order.py[line:727]: xxl_job 放款准备作业执行成功！
INFO - 2021-12-28 11:28:10,270 - new_apply_order.py[line:642]: 查询loan_order_id成功！
INFO - 2021-12-28 11:28:10,285 - new_apply_order.py[line:735]: 修改放款准备完成时间成功！
INFO - 2021-12-28 11:28:10,294 - new_apply_order.py[line:743]: xxl_job 放款完成作业执行成功！
INFO - 2021-12-28 11:28:10,603 - new_apply_order.py[line:915]: 校验重试查询第1次
ERROR - 2021-12-28 11:28:11,618 - new_apply_order.py[line:811]: 放款完成或准备失败,目前的订单状态是35
INFO - 2021-12-28 11:28:11,618 - new_apply_order.py[line:812]: {'app': 'creditmatchs', 'loan_order_id': '1475669852387676160', 'mobile': '01640662083', 'order_status': 35}
INFO - 2021-12-28 11:28:12,129 - new_apply_order.py[line:915]: 校验重试查询第2次
INFO - 2021-12-28 11:28:13,140 - new_apply_order.py[line:809]: 放款完成或准备成功,目前的订单状态是40
INFO - 2021-12-28 11:28:13,140 - new_apply_order.py[line:812]: {'app': 'creditmatchs', 'loan_order_id': '1475669852387676160', 'mobile': '01640662083', 'order_status': 40}
INFO - 2021-12-28 11:28:13,141 - new_apply_order.py[line:932]: ===========完成第【4】次进件===========
INFO - 2021-12-28 11:28:13,141 - new_apply_order.py[line:892]: 开始第 creditmatchs【5】次进件……
INFO - 2021-12-28 11:28:13,142 - new_apply_order.py[line:83]: ======【nga测试环境】生成手机号：01640662093 ======
INFO - 2021-12-28 11:28:13,497 - new_apply_order.py[line:96]: 01640662093 检测用户存在成功！
INFO - 2021-12-28 11:28:13,535 - new_apply_order.py[line:105]: 01640662093 短信发送成功！
INFO - 2021-12-28 11:28:13,570 - new_apply_order.py[line:118]: 01640662093 注册成功！
INFO - 2021-12-28 11:28:13,614 - new_apply_order.py[line:134]: 01640662093 登录短信发送成功！
INFO - 2021-12-28 11:28:13,660 - new_apply_order.py[line:144]: userId=6247059335897948160,mobile=01640662093,token=9e4dea7e8d603cb5d3a0afdf082215ae 登录成功
INFO - 2021-12-28 11:28:13,740 - new_apply_order.py[line:211]: 个人信息提交成功！
INFO - 2021-12-28 11:28:13,784 - new_apply_order.py[line:222]: 联系人信息提交成功！
INFO - 2021-12-28 11:28:14,032 - new_apply_order.py[line:254]: 创建预审订单成功！
INFO - 2021-12-28 11:28:14,044 - new_apply_order.py[line:262]: 预审状态修改为通过,更新条数 1
INFO - 2021-12-28 11:28:14,055 - new_apply_order.py[line:265]: 更新初始额度！更新条数 1
INFO - 2021-12-28 11:28:14,307 - new_apply_order.py[line:341]: 活体图片上传成功！回写配置文件global_param.mp4_url
INFO - 2021-12-28 11:28:14,344 - new_apply_order.py[line:351]: 视频认证通过！
INFO - 2021-12-28 11:28:15,369 - new_apply_order.py[line:510]: bvn和银行卡绑卡认证通过！
INFO - 2021-12-28 11:28:15,688 - new_apply_order.py[line:561]: user更新1条
INFO - 2021-12-28 11:28:15,900 - new_apply_order.py[line:622]: 进件成功！执行sql将订单改为风控中……
INFO - 2021-12-28 11:28:16,937 - new_apply_order.py[line:628]: 订单表更新1条，信审更新1条
INFO - 2021-12-28 11:28:17,300 - new_apply_order.py[line:642]: 查询loan_order_id成功！
INFO - 2021-12-28 11:28:17,334 - new_apply_order.py[line:657]: 订单回调复审通过成功！
INFO - 2021-12-28 11:28:18,098 - new_apply_order.py[line:679]: 获取token成功！token=bearer 361e67de-b321-46b6-abc1-8b542fa8b84f！
INFO - 2021-12-28 11:28:18,455 - new_apply_order.py[line:642]: 查询loan_order_id成功！
INFO - 2021-12-28 11:28:18,772 - new_apply_order.py[line:697]: 后台已触发放款成功！
INFO - 2021-12-28 11:28:18,791 - new_apply_order.py[line:711]: xxl_job web 登录成功！
INFO - 2021-12-28 11:28:18,805 - new_apply_order.py[line:727]: xxl_job 放款准备作业执行成功！
INFO - 2021-12-28 11:28:20,168 - new_apply_order.py[line:642]: 查询loan_order_id成功！
INFO - 2021-12-28 11:28:20,185 - new_apply_order.py[line:735]: 修改放款准备完成时间成功！
INFO - 2021-12-28 11:28:20,191 - new_apply_order.py[line:743]: xxl_job 放款完成作业执行成功！
INFO - 2021-12-28 11:28:20,499 - new_apply_order.py[line:915]: 校验重试查询第1次
ERROR - 2021-12-28 11:28:21,516 - new_apply_order.py[line:811]: 放款完成或准备失败,目前的订单状态是35
INFO - 2021-12-28 11:28:21,516 - new_apply_order.py[line:812]: {'app': 'creditmatchs', 'loan_order_id': '1475669893605101568', 'mobile': '01640662093', 'order_status': 35}
INFO - 2021-12-28 11:28:22,030 - new_apply_order.py[line:915]: 校验重试查询第2次
INFO - 2021-12-28 11:28:23,048 - new_apply_order.py[line:809]: 放款完成或准备成功,目前的订单状态是40
INFO - 2021-12-28 11:28:23,048 - new_apply_order.py[line:812]: {'app': 'creditmatchs', 'loan_order_id': '1475669893605101568', 'mobile': '01640662093', 'order_status': 40}
INFO - 2021-12-28 11:28:23,049 - new_apply_order.py[line:932]: ===========完成第【5】次进件===========
INFO - 2021-12-28 11:28:23,049 - new_apply_order.py[line:892]: 开始第 creditmatchs【6】次进件……
INFO - 2021-12-28 11:28:23,050 - new_apply_order.py[line:83]: ======【nga测试环境】生成手机号：01640662103 ======
INFO - 2021-12-28 11:28:23,398 - new_apply_order.py[line:96]: 01640662103 检测用户存在成功！
INFO - 2021-12-28 11:28:23,432 - new_apply_order.py[line:105]: 01640662103 短信发送成功！
INFO - 2021-12-28 11:28:23,471 - new_apply_order.py[line:118]: 01640662103 注册成功！
INFO - 2021-12-28 11:28:23,522 - new_apply_order.py[line:134]: 01640662103 登录短信发送成功！
INFO - 2021-12-28 11:28:23,569 - new_apply_order.py[line:144]: userId=6247059377413169152,mobile=01640662103,token=0cc2437442c571aab74129db51dc4686 登录成功
INFO - 2021-12-28 11:28:23,675 - new_apply_order.py[line:211]: 个人信息提交成功！
INFO - 2021-12-28 11:28:23,728 - new_apply_order.py[line:222]: 联系人信息提交成功！
INFO - 2021-12-28 11:28:23,923 - new_apply_order.py[line:254]: 创建预审订单成功！
INFO - 2021-12-28 11:28:23,938 - new_apply_order.py[line:262]: 预审状态修改为通过,更新条数 1
INFO - 2021-12-28 11:28:23,948 - new_apply_order.py[line:265]: 更新初始额度！更新条数 1
INFO - 2021-12-28 11:28:24,202 - new_apply_order.py[line:341]: 活体图片上传成功！回写配置文件global_param.mp4_url
INFO - 2021-12-28 11:28:24,233 - new_apply_order.py[line:351]: 视频认证通过！
INFO - 2021-12-28 11:28:25,145 - new_apply_order.py[line:510]: bvn和银行卡绑卡认证通过！
INFO - 2021-12-28 11:28:25,473 - new_apply_order.py[line:561]: user更新1条
INFO - 2021-12-28 11:28:25,643 - new_apply_order.py[line:622]: 进件成功！执行sql将订单改为风控中……
INFO - 2021-12-28 11:28:26,684 - new_apply_order.py[line:628]: 订单表更新1条，信审更新1条
INFO - 2021-12-28 11:28:27,050 - new_apply_order.py[line:642]: 查询loan_order_id成功！
INFO - 2021-12-28 11:28:27,086 - new_apply_order.py[line:657]: 订单回调复审通过成功！
INFO - 2021-12-28 11:28:27,859 - new_apply_order.py[line:679]: 获取token成功！token=bearer 361e67de-b321-46b6-abc1-8b542fa8b84f！
INFO - 2021-12-28 11:28:28,214 - new_apply_order.py[line:642]: 查询loan_order_id成功！
INFO - 2021-12-28 11:28:28,523 - new_apply_order.py[line:697]: 后台已触发放款成功！
INFO - 2021-12-28 11:28:28,542 - new_apply_order.py[line:711]: xxl_job web 登录成功！
INFO - 2021-12-28 11:28:28,557 - new_apply_order.py[line:727]: xxl_job 放款准备作业执行成功！
INFO - 2021-12-28 11:28:29,913 - new_apply_order.py[line:642]: 查询loan_order_id成功！
INFO - 2021-12-28 11:28:29,931 - new_apply_order.py[line:735]: 修改放款准备完成时间成功！
INFO - 2021-12-28 11:28:29,939 - new_apply_order.py[line:743]: xxl_job 放款完成作业执行成功！
INFO - 2021-12-28 11:28:30,249 - new_apply_order.py[line:915]: 校验重试查询第1次
ERROR - 2021-12-28 11:28:31,264 - new_apply_order.py[line:811]: 放款完成或准备失败,目前的订单状态是35
INFO - 2021-12-28 11:28:31,265 - new_apply_order.py[line:812]: {'app': 'creditmatchs', 'loan_order_id': '1475669935141294080', 'mobile': '01640662103', 'order_status': 35}
INFO - 2021-12-28 11:28:31,771 - new_apply_order.py[line:915]: 校验重试查询第2次
INFO - 2021-12-28 11:28:32,782 - new_apply_order.py[line:809]: 放款完成或准备成功,目前的订单状态是40
INFO - 2021-12-28 11:28:32,782 - new_apply_order.py[line:812]: {'app': 'creditmatchs', 'loan_order_id': '1475669935141294080', 'mobile': '01640662103', 'order_status': 40}
INFO - 2021-12-28 11:28:32,782 - new_apply_order.py[line:932]: ===========完成第【6】次进件===========
INFO - 2021-12-28 11:28:32,783 - new_apply_order.py[line:892]: 开始第 creditmatchs【7】次进件……
INFO - 2021-12-28 11:28:32,784 - new_apply_order.py[line:83]: ======【nga测试环境】生成手机号：01640662112 ======
INFO - 2021-12-28 11:28:33,126 - new_apply_order.py[line:96]: 01640662112 检测用户存在成功！
INFO - 2021-12-28 11:28:33,162 - new_apply_order.py[line:105]: 01640662112 短信发送成功！
INFO - 2021-12-28 11:28:33,198 - new_apply_order.py[line:118]: 01640662112 注册成功！
INFO - 2021-12-28 11:28:33,239 - new_apply_order.py[line:134]: 01640662112 登录短信发送成功！
INFO - 2021-12-28 11:28:33,281 - new_apply_order.py[line:144]: userId=6247059418211164160,mobile=01640662112,token=2540fbd64b5a3a61870fe6caef3c3244 登录成功
INFO - 2021-12-28 11:28:33,360 - new_apply_order.py[line:211]: 个人信息提交成功！
INFO - 2021-12-28 11:28:33,403 - new_apply_order.py[line:222]: 联系人信息提交成功！
INFO - 2021-12-28 11:28:33,568 - new_apply_order.py[line:254]: 创建预审订单成功！
INFO - 2021-12-28 11:28:33,582 - new_apply_order.py[line:262]: 预审状态修改为通过,更新条数 1
INFO - 2021-12-28 11:28:33,594 - new_apply_order.py[line:265]: 更新初始额度！更新条数 1
INFO - 2021-12-28 11:28:33,830 - new_apply_order.py[line:341]: 活体图片上传成功！回写配置文件global_param.mp4_url
INFO - 2021-12-28 11:28:33,884 - new_apply_order.py[line:351]: 视频认证通过！
INFO - 2021-12-28 11:28:34,849 - new_apply_order.py[line:510]: bvn和银行卡绑卡认证通过！
INFO - 2021-12-28 11:28:35,165 - new_apply_order.py[line:561]: user更新1条
INFO - 2021-12-28 11:28:35,336 - new_apply_order.py[line:622]: 进件成功！执行sql将订单改为风控中……
INFO - 2021-12-28 11:28:36,367 - new_apply_order.py[line:628]: 订单表更新1条，信审更新1条
INFO - 2021-12-28 11:28:36,727 - new_apply_order.py[line:642]: 查询loan_order_id成功！
INFO - 2021-12-28 11:28:36,765 - new_apply_order.py[line:657]: 订单回调复审通过成功！
INFO - 2021-12-28 11:28:37,558 - new_apply_order.py[line:679]: 获取token成功！token=bearer 361e67de-b321-46b6-abc1-8b542fa8b84f！
INFO - 2021-12-28 11:28:37,918 - new_apply_order.py[line:642]: 查询loan_order_id成功！
INFO - 2021-12-28 11:28:38,233 - new_apply_order.py[line:697]: 后台已触发放款成功！
INFO - 2021-12-28 11:28:38,252 - new_apply_order.py[line:711]: xxl_job web 登录成功！
INFO - 2021-12-28 11:28:38,265 - new_apply_order.py[line:727]: xxl_job 放款准备作业执行成功！
INFO - 2021-12-28 11:28:39,625 - new_apply_order.py[line:642]: 查询loan_order_id成功！
INFO - 2021-12-28 11:28:39,643 - new_apply_order.py[line:735]: 修改放款准备完成时间成功！
INFO - 2021-12-28 11:28:39,650 - new_apply_order.py[line:743]: xxl_job 放款完成作业执行成功！
INFO - 2021-12-28 11:28:39,958 - new_apply_order.py[line:915]: 校验重试查询第1次
ERROR - 2021-12-28 11:28:40,978 - new_apply_order.py[line:811]: 放款完成或准备失败,目前的订单状态是35
INFO - 2021-12-28 11:28:40,979 - new_apply_order.py[line:812]: {'app': 'creditmatchs', 'loan_order_id': '1475669975654076416', 'mobile': '01640662112', 'order_status': 35}
INFO - 2021-12-28 11:28:41,485 - new_apply_order.py[line:915]: 校验重试查询第2次
INFO - 2021-12-28 11:28:42,496 - new_apply_order.py[line:809]: 放款完成或准备成功,目前的订单状态是40
INFO - 2021-12-28 11:28:42,497 - new_apply_order.py[line:812]: {'app': 'creditmatchs', 'loan_order_id': '1475669975654076416', 'mobile': '01640662112', 'order_status': 40}
INFO - 2021-12-28 11:28:42,497 - new_apply_order.py[line:932]: ===========完成第【7】次进件===========
INFO - 2021-12-28 11:28:42,497 - new_apply_order.py[line:892]: 开始第 creditmatchs【8】次进件……
INFO - 2021-12-28 11:28:42,499 - new_apply_order.py[line:83]: ======【nga测试环境】生成手机号：01640662122 ======
INFO - 2021-12-28 11:28:42,854 - new_apply_order.py[line:96]: 01640662122 检测用户存在成功！
INFO - 2021-12-28 11:28:42,898 - new_apply_order.py[line:105]: 01640662122 短信发送成功！
INFO - 2021-12-28 11:28:42,938 - new_apply_order.py[line:118]: 01640662122 注册成功！
INFO - 2021-12-28 11:28:42,995 - new_apply_order.py[line:134]: 01640662122 登录短信发送成功！
INFO - 2021-12-28 11:28:43,042 - new_apply_order.py[line:144]: userId=6247059459067879424,mobile=01640662122,token=b8567ba1b5563a794e41fd23267682b9 登录成功
INFO - 2021-12-28 11:28:43,153 - new_apply_order.py[line:211]: 个人信息提交成功！
INFO - 2021-12-28 11:28:43,200 - new_apply_order.py[line:222]: 联系人信息提交成功！
INFO - 2021-12-28 11:28:43,462 - new_apply_order.py[line:254]: 创建预审订单成功！
INFO - 2021-12-28 11:28:43,478 - new_apply_order.py[line:262]: 预审状态修改为通过,更新条数 1
INFO - 2021-12-28 11:28:43,491 - new_apply_order.py[line:265]: 更新初始额度！更新条数 1
INFO - 2021-12-28 11:28:43,774 - new_apply_order.py[line:341]: 活体图片上传成功！回写配置文件global_param.mp4_url
INFO - 2021-12-28 11:28:43,808 - new_apply_order.py[line:351]: 视频认证通过！
INFO - 2021-12-28 11:28:44,830 - new_apply_order.py[line:510]: bvn和银行卡绑卡认证通过！
INFO - 2021-12-28 11:28:45,140 - new_apply_order.py[line:561]: user更新1条
INFO - 2021-12-28 11:28:45,344 - new_apply_order.py[line:622]: 进件成功！执行sql将订单改为风控中……
INFO - 2021-12-28 11:28:46,379 - new_apply_order.py[line:628]: 订单表更新1条，信审更新1条
INFO - 2021-12-28 11:28:46,746 - new_apply_order.py[line:642]: 查询loan_order_id成功！
INFO - 2021-12-28 11:28:46,781 - new_apply_order.py[line:657]: 订单回调复审通过成功！
INFO - 2021-12-28 11:28:47,569 - new_apply_order.py[line:679]: 获取token成功！token=bearer 361e67de-b321-46b6-abc1-8b542fa8b84f！
INFO - 2021-12-28 11:28:47,927 - new_apply_order.py[line:642]: 查询loan_order_id成功！
INFO - 2021-12-28 11:28:48,241 - new_apply_order.py[line:697]: 后台已触发放款成功！
INFO - 2021-12-28 11:28:48,260 - new_apply_order.py[line:711]: xxl_job web 登录成功！
INFO - 2021-12-28 11:28:48,272 - new_apply_order.py[line:727]: xxl_job 放款准备作业执行成功！
INFO - 2021-12-28 11:28:49,632 - new_apply_order.py[line:642]: 查询loan_order_id成功！
INFO - 2021-12-28 11:28:49,650 - new_apply_order.py[line:735]: 修改放款准备完成时间成功！
INFO - 2021-12-28 11:28:49,656 - new_apply_order.py[line:743]: xxl_job 放款完成作业执行成功！
INFO - 2021-12-28 11:28:49,964 - new_apply_order.py[line:915]: 校验重试查询第1次
ERROR - 2021-12-28 11:28:50,982 - new_apply_order.py[line:811]: 放款完成或准备失败,目前的订单状态是35
INFO - 2021-12-28 11:28:50,982 - new_apply_order.py[line:812]: {'app': 'creditmatchs', 'loan_order_id': '1475670016976359424', 'mobile': '01640662122', 'order_status': 35}
INFO - 2021-12-28 11:28:51,489 - new_apply_order.py[line:915]: 校验重试查询第2次
INFO - 2021-12-28 11:28:52,505 - new_apply_order.py[line:809]: 放款完成或准备成功,目前的订单状态是40
INFO - 2021-12-28 11:28:52,506 - new_apply_order.py[line:812]: {'app': 'creditmatchs', 'loan_order_id': '1475670016976359424', 'mobile': '01640662122', 'order_status': 40}
INFO - 2021-12-28 11:28:52,507 - new_apply_order.py[line:932]: ===========完成第【8】次进件===========
INFO - 2021-12-28 11:28:52,507 - new_apply_order.py[line:892]: 开始第 creditmatchs【9】次进件……
INFO - 2021-12-28 11:28:52,509 - new_apply_order.py[line:83]: ======【nga测试环境】生成手机号：01640662132 ======
INFO - 2021-12-28 11:28:52,871 - new_apply_order.py[line:96]: 01640662132 检测用户存在成功！
INFO - 2021-12-28 11:28:52,910 - new_apply_order.py[line:105]: 01640662132 短信发送成功！
INFO - 2021-12-28 11:28:52,955 - new_apply_order.py[line:118]: 01640662132 注册成功！
INFO - 2021-12-28 11:28:53,004 - new_apply_order.py[line:134]: 01640662132 登录短信发送成功！
INFO - 2021-12-28 11:28:53,052 - new_apply_order.py[line:144]: userId=6247059501061251072,mobile=01640662132,token=47f3b7eec55e1abc59e997e9437de983 登录成功
INFO - 2021-12-28 11:28:53,136 - new_apply_order.py[line:211]: 个人信息提交成功！
INFO - 2021-12-28 11:28:53,185 - new_apply_order.py[line:222]: 联系人信息提交成功！
INFO - 2021-12-28 11:28:53,390 - new_apply_order.py[line:254]: 创建预审订单成功！
INFO - 2021-12-28 11:28:53,412 - new_apply_order.py[line:262]: 预审状态修改为通过,更新条数 1
INFO - 2021-12-28 11:28:53,434 - new_apply_order.py[line:265]: 更新初始额度！更新条数 1
INFO - 2021-12-28 11:28:53,697 - new_apply_order.py[line:341]: 活体图片上传成功！回写配置文件global_param.mp4_url
INFO - 2021-12-28 11:28:53,734 - new_apply_order.py[line:351]: 视频认证通过！
INFO - 2021-12-28 11:28:54,741 - new_apply_order.py[line:510]: bvn和银行卡绑卡认证通过！
INFO - 2021-12-28 11:28:55,083 - new_apply_order.py[line:561]: user更新1条
INFO - 2021-12-28 11:28:55,272 - new_apply_order.py[line:622]: 进件成功！执行sql将订单改为风控中……
INFO - 2021-12-28 11:28:56,315 - new_apply_order.py[line:628]: 订单表更新1条，信审更新1条
INFO - 2021-12-28 11:28:56,676 - new_apply_order.py[line:642]: 查询loan_order_id成功！
INFO - 2021-12-28 11:28:56,715 - new_apply_order.py[line:657]: 订单回调复审通过成功！
INFO - 2021-12-28 11:28:57,485 - new_apply_order.py[line:679]: 获取token成功！token=bearer 361e67de-b321-46b6-abc1-8b542fa8b84f！
INFO - 2021-12-28 11:28:57,844 - new_apply_order.py[line:642]: 查询loan_order_id成功！
INFO - 2021-12-28 11:28:58,138 - new_apply_order.py[line:697]: 后台已触发放款成功！
INFO - 2021-12-28 11:28:58,156 - new_apply_order.py[line:711]: xxl_job web 登录成功！
INFO - 2021-12-28 11:28:58,168 - new_apply_order.py[line:727]: xxl_job 放款准备作业执行成功！
INFO - 2021-12-28 11:28:59,527 - new_apply_order.py[line:642]: 查询loan_order_id成功！
INFO - 2021-12-28 11:28:59,545 - new_apply_order.py[line:735]: 修改放款准备完成时间成功！
INFO - 2021-12-28 11:28:59,556 - new_apply_order.py[line:743]: xxl_job 放款完成作业执行成功！
INFO - 2021-12-28 11:28:59,866 - new_apply_order.py[line:915]: 校验重试查询第1次
ERROR - 2021-12-28 11:29:00,885 - new_apply_order.py[line:811]: 放款完成或准备失败,目前的订单状态是35
INFO - 2021-12-28 11:29:00,885 - new_apply_order.py[line:812]: {'app': 'creditmatchs', 'loan_order_id': '1475670058688712704', 'mobile': '01640662132', 'order_status': 35}
INFO - 2021-12-28 11:29:01,395 - new_apply_order.py[line:915]: 校验重试查询第2次
INFO - 2021-12-28 11:29:02,408 - new_apply_order.py[line:809]: 放款完成或准备成功,目前的订单状态是40
INFO - 2021-12-28 11:29:02,408 - new_apply_order.py[line:812]: {'app': 'creditmatchs', 'loan_order_id': '1475670058688712704', 'mobile': '01640662132', 'order_status': 40}
INFO - 2021-12-28 11:29:02,409 - new_apply_order.py[line:932]: ===========完成第【9】次进件===========
INFO - 2021-12-28 11:29:02,409 - new_apply_order.py[line:892]: 开始第 creditmatchs【10】次进件……
INFO - 2021-12-28 11:29:02,410 - new_apply_order.py[line:83]: ======【nga测试环境】生成手机号：01640662142 ======
INFO - 2021-12-28 11:29:02,755 - new_apply_order.py[line:96]: 01640662142 检测用户存在成功！
INFO - 2021-12-28 11:29:02,792 - new_apply_order.py[line:105]: 01640662142 短信发送成功！
INFO - 2021-12-28 11:29:02,833 - new_apply_order.py[line:118]: 01640662142 注册成功！
INFO - 2021-12-28 11:29:02,880 - new_apply_order.py[line:134]: 01640662142 登录短信发送成功！
INFO - 2021-12-28 11:29:02,927 - new_apply_order.py[line:144]: userId=6247059542505168896,mobile=01640662142,token=6a68f90cf6e3b304c30c4e8d699de0f0 登录成功
INFO - 2021-12-28 11:29:03,016 - new_apply_order.py[line:211]: 个人信息提交成功！
INFO - 2021-12-28 11:29:03,066 - new_apply_order.py[line:222]: 联系人信息提交成功！
INFO - 2021-12-28 11:29:03,238 - new_apply_order.py[line:254]: 创建预审订单成功！
INFO - 2021-12-28 11:29:03,258 - new_apply_order.py[line:262]: 预审状态修改为通过,更新条数 1
INFO - 2021-12-28 11:29:03,277 - new_apply_order.py[line:265]: 更新初始额度！更新条数 1
INFO - 2021-12-28 11:29:03,544 - new_apply_order.py[line:341]: 活体图片上传成功！回写配置文件global_param.mp4_url
INFO - 2021-12-28 11:29:03,578 - new_apply_order.py[line:351]: 视频认证通过！
INFO - 2021-12-28 11:29:04,596 - new_apply_order.py[line:510]: bvn和银行卡绑卡认证通过！
INFO - 2021-12-28 11:29:04,938 - new_apply_order.py[line:561]: user更新1条
INFO - 2021-12-28 11:29:05,100 - new_apply_order.py[line:622]: 进件成功！执行sql将订单改为风控中……
INFO - 2021-12-28 11:29:06,140 - new_apply_order.py[line:628]: 订单表更新1条，信审更新1条
INFO - 2021-12-28 11:29:06,500 - new_apply_order.py[line:642]: 查询loan_order_id成功！
INFO - 2021-12-28 11:29:06,537 - new_apply_order.py[line:657]: 订单回调复审通过成功！
INFO - 2021-12-28 11:29:07,329 - new_apply_order.py[line:679]: 获取token成功！token=bearer 361e67de-b321-46b6-abc1-8b542fa8b84f！
INFO - 2021-12-28 11:29:07,683 - new_apply_order.py[line:642]: 查询loan_order_id成功！
INFO - 2021-12-28 11:29:07,993 - new_apply_order.py[line:697]: 后台已触发放款成功！
INFO - 2021-12-28 11:29:08,013 - new_apply_order.py[line:711]: xxl_job web 登录成功！
INFO - 2021-12-28 11:29:08,031 - new_apply_order.py[line:727]: xxl_job 放款准备作业执行成功！
INFO - 2021-12-28 11:29:09,387 - new_apply_order.py[line:642]: 查询loan_order_id成功！
INFO - 2021-12-28 11:29:09,408 - new_apply_order.py[line:735]: 修改放款准备完成时间成功！
INFO - 2021-12-28 11:29:09,418 - new_apply_order.py[line:743]: xxl_job 放款完成作业执行成功！
INFO - 2021-12-28 11:29:09,726 - new_apply_order.py[line:915]: 校验重试查询第1次
ERROR - 2021-12-28 11:29:10,744 - new_apply_order.py[line:811]: 放款完成或准备失败,目前的订单状态是35
INFO - 2021-12-28 11:29:10,744 - new_apply_order.py[line:812]: {'app': 'creditmatchs', 'loan_order_id': '1475670100082298880', 'mobile': '01640662142', 'order_status': 35}
INFO - 2021-12-28 11:29:11,254 - new_apply_order.py[line:915]: 校验重试查询第2次
INFO - 2021-12-28 11:29:12,271 - new_apply_order.py[line:809]: 放款完成或准备成功,目前的订单状态是40
INFO - 2021-12-28 11:29:12,271 - new_apply_order.py[line:812]: {'app': 'creditmatchs', 'loan_order_id': '1475670100082298880', 'mobile': '01640662142', 'order_status': 40}
INFO - 2021-12-28 11:29:12,272 - new_apply_order.py[line:932]: ===========完成第【10】次进件===========
INFO - 2021-12-28 11:29:12,272 - new_apply_order.py[line:935]: ======完成第【10】次进件,耗时98.86s=====
