INFO - 2022-01-05 13:49:35,128 - new_apply_order.py[line:928]: 开始第 aceloan【1】次进件……
INFO - 2022-01-05 13:49:35,542 - new_apply_order.py[line:95]: 01634872794 检测用户存在成功！
INFO - 2022-01-05 13:49:35,616 - new_apply_order.py[line:104]: 01634872794 短信发送成功！
ERROR - 2022-01-05 13:49:35,652 - new_apply_order.py[line:119]: 注册失败！{'accept': 'application/json', 'appversion': '1.3.0.9', 'devtoken': 'cb95881f542ac58170:BB:E9:91:D3:CD', 'accept-language': 'en-US', 'clientCode': 'aceloani1300', 'Content-Type': 'application/json; charset=UTF-8', 'Host': '172.20.240.143:8012', 'User-Agent': 'okhttp/4.9.0'}
ERROR - 2022-01-05 13:49:35,653 - new_apply_order.py[line:120]: {"code":"20001003","msg":"This number already exists, please use another number","data":null}
INFO - 2022-01-05 13:49:35,720 - new_apply_order.py[line:133]: 01634872794 登录短信发送成功！
INFO - 2022-01-05 13:49:35,776 - new_apply_order.py[line:143]: userId=6249993560989376512,mobile=01634872794,token=7a05a2ee52b34bfae0ea818c92500fad 登录成功
INFO - 2022-01-05 13:49:35,856 - new_apply_order.py[line:210]: 个人信息提交成功！
INFO - 2022-01-05 13:49:35,917 - new_apply_order.py[line:221]: 联系人信息提交成功！
ERROR - 2022-01-05 13:49:36,070 - new_apply_order.py[line:255]: 创建预审失败{"code":"9999","msg":"The Server is busy, Please try again later","data":null}
INFO - 2022-01-05 13:49:36,099 - new_apply_order.py[line:261]: 预审状态修改为通过,更新条数 0
INFO - 2022-01-05 13:49:36,124 - new_apply_order.py[line:264]: 更新初始额度！更新条数 0
INFO - 2022-01-05 13:49:37,445 - new_apply_order.py[line:340]: 活体图片上传成功！回写配置文件global_param.mp4_url
INFO - 2022-01-05 13:49:37,486 - new_apply_order.py[line:350]: 视频认证通过！
INFO - 2022-01-05 13:49:38,454 - new_apply_order.py[line:509]: bvn和银行卡绑卡认证通过！
INFO - 2022-01-05 13:49:38,839 - new_apply_order.py[line:560]: user更新1条
ERROR - 2022-01-05 13:49:39,050 - new_apply_order.py[line:629]: {"code":"50001004","msg":"Not eligible for borrowing","data":null}
INFO - 2022-01-05 13:49:39,617 - new_apply_order.py[line:641]: 查询loan_order_id成功！
INFO - 2022-01-05 13:49:39,643 - new_apply_order.py[line:656]: 订单回调复审通过成功！
INFO - 2022-01-05 13:49:40,467 - new_apply_order.py[line:678]: 获取token成功！token=bearer ad65f441-35a1-4264-86d9-012a4ccbb2df！
INFO - 2022-01-05 13:49:41,088 - new_apply_order.py[line:641]: 查询loan_order_id成功！
INFO - 2022-01-05 13:49:41,475 - new_apply_order.py[line:696]: 后台已触发放款成功！
