INFO - 2022-01-04 20:14:45,333 - new_apply_order.py[line:891]: 开始第 aceloan【1】次进件……
INFO - 2022-01-04 20:14:45,718 - new_apply_order.py[line:95]: 01634872784 检测用户存在成功！
INFO - 2022-01-04 20:14:45,786 - new_apply_order.py[line:104]: 01634872784 短信发送成功！
INFO - 2022-01-04 20:14:45,833 - new_apply_order.py[line:117]: 01634872784 注册成功！
INFO - 2022-01-04 20:14:45,892 - new_apply_order.py[line:133]: 01634872784 登录短信发送成功！
INFO - 2022-01-04 20:14:45,945 - new_apply_order.py[line:143]: userId=6249728558608949248,mobile=01634872784,token=2b8fe0e0ee27792889272fa6cf15d7c2 登录成功
INFO - 2022-01-04 20:14:46,052 - new_apply_order.py[line:210]: 个人信息提交成功！
INFO - 2022-01-04 20:14:46,106 - new_apply_order.py[line:221]: 联系人信息提交成功！
INFO - 2022-01-04 20:14:46,407 - new_apply_order.py[line:253]: 创建预审订单成功！
INFO - 2022-01-04 20:14:46,436 - new_apply_order.py[line:261]: 预审状态修改为通过,更新条数 1
INFO - 2022-01-04 20:14:46,465 - new_apply_order.py[line:264]: 更新初始额度！更新条数 1
INFO - 2022-01-04 20:14:46,763 - new_apply_order.py[line:340]: 活体图片上传成功！回写配置文件global_param.mp4_url
INFO - 2022-01-04 20:14:46,801 - new_apply_order.py[line:350]: 视频认证通过！
INFO - 2022-01-04 20:14:47,733 - new_apply_order.py[line:509]: bvn和银行卡绑卡认证通过！
INFO - 2022-01-04 20:14:48,099 - new_apply_order.py[line:560]: user更新1条
INFO - 2022-01-04 20:14:48,296 - new_apply_order.py[line:621]: 进件成功！执行sql将订单改为风控中……
INFO - 2022-01-04 20:14:49,363 - new_apply_order.py[line:627]: 订单表更新1条，信审更新1条
INFO - 2022-01-04 20:14:49,741 - new_apply_order.py[line:641]: 查询loan_order_id成功！
INFO - 2022-01-04 20:14:49,779 - new_apply_order.py[line:656]: 订单回调复审通过成功！
INFO - 2022-01-04 20:14:50,553 - new_apply_order.py[line:678]: 获取token成功！token=bearer 8b726839-f78d-4bfc-a13d-d98083b7d78e！
INFO - 2022-01-04 20:14:50,913 - new_apply_order.py[line:641]: 查询loan_order_id成功！
INFO - 2022-01-04 20:14:51,235 - new_apply_order.py[line:696]: 后台已触发放款成功！
INFO - 2022-01-04 20:14:51,255 - new_apply_order.py[line:710]: xxl_job web 登录成功！
INFO - 2022-01-04 20:14:51,272 - new_apply_order.py[line:726]: xxl_job 放款准备作业执行成功！
INFO - 2022-01-04 20:14:52,641 - new_apply_order.py[line:641]: 查询loan_order_id成功！
INFO - 2022-01-04 20:14:52,675 - new_apply_order.py[line:734]: 修改放款准备完成时间成功！
INFO - 2022-01-04 20:14:52,686 - new_apply_order.py[line:742]: xxl_job 放款完成作业执行成功！
INFO - 2022-01-04 20:14:52,993 - new_apply_order.py[line:914]: 校验重试查询第1次
ERROR - 2022-01-04 20:14:54,015 - new_apply_order.py[line:810]: 放款完成或准备失败,目前的订单状态是35
INFO - 2022-01-04 20:14:54,015 - new_apply_order.py[line:811]: {'app': 'aceloan', 'loan_order_id': '1478339116627529728', 'mobile': '01634872784', 'order_status': 35}
INFO - 2022-01-04 20:14:54,522 - new_apply_order.py[line:914]: 校验重试查询第2次
INFO - 2022-01-04 20:14:55,576 - new_apply_order.py[line:808]: 放款完成或准备成功,目前的订单状态是40
INFO - 2022-01-04 20:14:55,577 - new_apply_order.py[line:811]: {'app': 'aceloan', 'loan_order_id': '1478339116627529728', 'mobile': '01634872784', 'order_status': 40}
INFO - 2022-01-04 20:14:55,578 - new_apply_order.py[line:931]: ===========完成第【1】次进件===========
INFO - 2022-01-04 20:14:55,579 - new_apply_order.py[line:934]: ======完成第【1】次进件,耗时10.25s=====
INFO - 2022-01-04 20:14:55,587 - new_apply_order.py[line:891]: 开始第 borrowme【1】次进件……
INFO - 2022-01-04 20:14:55,952 - new_apply_order.py[line:95]: 01634872784 检测用户存在成功！
INFO - 2022-01-04 20:14:56,037 - new_apply_order.py[line:104]: 01634872784 短信发送成功！
INFO - 2022-01-04 20:14:56,083 - new_apply_order.py[line:117]: 01634872784 注册成功！
INFO - 2022-01-04 20:14:56,138 - new_apply_order.py[line:133]: 01634872784 登录短信发送成功！
INFO - 2022-01-04 20:14:56,211 - new_apply_order.py[line:143]: userId=6249728601587982336,mobile=01634872784,token=8ff1a35664ce74bf09f51dec7e5b7329 登录成功
INFO - 2022-01-04 20:14:56,314 - new_apply_order.py[line:210]: 个人信息提交成功！
INFO - 2022-01-04 20:14:56,368 - new_apply_order.py[line:221]: 联系人信息提交成功！
INFO - 2022-01-04 20:14:56,598 - new_apply_order.py[line:253]: 创建预审订单成功！
INFO - 2022-01-04 20:14:56,622 - new_apply_order.py[line:261]: 预审状态修改为通过,更新条数 1
INFO - 2022-01-04 20:14:56,644 - new_apply_order.py[line:264]: 更新初始额度！更新条数 1
INFO - 2022-01-04 20:14:56,977 - new_apply_order.py[line:340]: 活体图片上传成功！回写配置文件global_param.mp4_url
INFO - 2022-01-04 20:14:57,023 - new_apply_order.py[line:350]: 视频认证通过！
INFO - 2022-01-04 20:14:58,030 - new_apply_order.py[line:509]: bvn和银行卡绑卡认证通过！
INFO - 2022-01-04 20:14:58,477 - new_apply_order.py[line:560]: user更新1条
INFO - 2022-01-04 20:14:58,663 - new_apply_order.py[line:621]: 进件成功！执行sql将订单改为风控中……
INFO - 2022-01-04 20:14:59,792 - new_apply_order.py[line:627]: 订单表更新1条，信审更新1条
INFO - 2022-01-04 20:15:00,177 - new_apply_order.py[line:641]: 查询loan_order_id成功！
INFO - 2022-01-04 20:15:00,236 - new_apply_order.py[line:656]: 订单回调复审通过成功！
INFO - 2022-01-04 20:15:01,023 - new_apply_order.py[line:678]: 获取token成功！token=bearer 8b726839-f78d-4bfc-a13d-d98083b7d78e！
INFO - 2022-01-04 20:15:01,383 - new_apply_order.py[line:641]: 查询loan_order_id成功！
INFO - 2022-01-04 20:15:01,726 - new_apply_order.py[line:696]: 后台已触发放款成功！
INFO - 2022-01-04 20:15:01,745 - new_apply_order.py[line:710]: xxl_job web 登录成功！
INFO - 2022-01-04 20:15:01,761 - new_apply_order.py[line:726]: xxl_job 放款准备作业执行成功！
INFO - 2022-01-04 20:15:03,138 - new_apply_order.py[line:641]: 查询loan_order_id成功！
INFO - 2022-01-04 20:15:03,161 - new_apply_order.py[line:734]: 修改放款准备完成时间成功！
INFO - 2022-01-04 20:15:03,170 - new_apply_order.py[line:742]: xxl_job 放款完成作业执行成功！
INFO - 2022-01-04 20:15:03,476 - new_apply_order.py[line:914]: 校验重试查询第1次
ERROR - 2022-01-04 20:15:04,497 - new_apply_order.py[line:810]: 放款完成或准备失败,目前的订单状态是35
INFO - 2022-01-04 20:15:04,497 - new_apply_order.py[line:811]: {'app': 'borrowme', 'loan_order_id': '1478339159484928000', 'mobile': '01634872784', 'order_status': 35}
INFO - 2022-01-04 20:15:05,008 - new_apply_order.py[line:914]: 校验重试查询第2次
INFO - 2022-01-04 20:15:06,031 - new_apply_order.py[line:808]: 放款完成或准备成功,目前的订单状态是40
INFO - 2022-01-04 20:15:06,031 - new_apply_order.py[line:811]: {'app': 'borrowme', 'loan_order_id': '1478339159484928000', 'mobile': '01634872784', 'order_status': 40}
INFO - 2022-01-04 20:15:06,032 - new_apply_order.py[line:931]: ===========完成第【1】次进件===========
INFO - 2022-01-04 20:15:06,032 - new_apply_order.py[line:934]: ======完成第【1】次进件,耗时10.44s=====
INFO - 2022-01-04 20:15:06,037 - new_apply_order.py[line:891]: 开始第 quickcash【1】次进件……
INFO - 2022-01-04 20:15:06,393 - new_apply_order.py[line:95]: 01634872784 检测用户存在成功！
INFO - 2022-01-04 20:15:06,438 - new_apply_order.py[line:104]: 01634872784 短信发送成功！
INFO - 2022-01-04 20:15:06,483 - new_apply_order.py[line:117]: 01634872784 注册成功！
INFO - 2022-01-04 20:15:06,538 - new_apply_order.py[line:133]: 01634872784 登录短信发送成功！
INFO - 2022-01-04 20:15:06,584 - new_apply_order.py[line:143]: userId=6249728645217132544,mobile=01634872784,token=1cf1bb7fe0a1060c15e248e43a80c8ea 登录成功
INFO - 2022-01-04 20:15:06,669 - new_apply_order.py[line:210]: 个人信息提交成功！
INFO - 2022-01-04 20:15:06,717 - new_apply_order.py[line:221]: 联系人信息提交成功！
INFO - 2022-01-04 20:15:06,896 - new_apply_order.py[line:253]: 创建预审订单成功！
INFO - 2022-01-04 20:15:06,925 - new_apply_order.py[line:261]: 预审状态修改为通过,更新条数 1
INFO - 2022-01-04 20:15:06,955 - new_apply_order.py[line:264]: 更新初始额度！更新条数 1
INFO - 2022-01-04 20:15:07,245 - new_apply_order.py[line:340]: 活体图片上传成功！回写配置文件global_param.mp4_url
INFO - 2022-01-04 20:15:07,282 - new_apply_order.py[line:350]: 视频认证通过！
INFO - 2022-01-04 20:15:08,255 - new_apply_order.py[line:509]: bvn和银行卡绑卡认证通过！
INFO - 2022-01-04 20:15:08,628 - new_apply_order.py[line:560]: user更新1条
INFO - 2022-01-04 20:15:08,794 - new_apply_order.py[line:621]: 进件成功！执行sql将订单改为风控中……
INFO - 2022-01-04 20:15:09,853 - new_apply_order.py[line:627]: 订单表更新1条，信审更新1条
INFO - 2022-01-04 20:15:10,215 - new_apply_order.py[line:641]: 查询loan_order_id成功！
INFO - 2022-01-04 20:15:10,252 - new_apply_order.py[line:656]: 订单回调复审通过成功！
INFO - 2022-01-04 20:15:11,027 - new_apply_order.py[line:678]: 获取token成功！token=bearer 8b726839-f78d-4bfc-a13d-d98083b7d78e！
INFO - 2022-01-04 20:15:11,392 - new_apply_order.py[line:641]: 查询loan_order_id成功！
INFO - 2022-01-04 20:15:11,752 - new_apply_order.py[line:696]: 后台已触发放款成功！
INFO - 2022-01-04 20:15:11,783 - new_apply_order.py[line:710]: xxl_job web 登录成功！
INFO - 2022-01-04 20:15:11,800 - new_apply_order.py[line:726]: xxl_job 放款准备作业执行成功！
INFO - 2022-01-04 20:15:13,178 - new_apply_order.py[line:641]: 查询loan_order_id成功！
INFO - 2022-01-04 20:15:13,210 - new_apply_order.py[line:734]: 修改放款准备完成时间成功！
INFO - 2022-01-04 20:15:13,221 - new_apply_order.py[line:742]: xxl_job 放款完成作业执行成功！
INFO - 2022-01-04 20:15:13,530 - new_apply_order.py[line:914]: 校验重试查询第1次
INFO - 2022-01-04 20:15:14,558 - new_apply_order.py[line:808]: 放款完成或准备成功,目前的订单状态是40
INFO - 2022-01-04 20:15:14,558 - new_apply_order.py[line:811]: {'app': 'quickcash', 'loan_order_id': '1478339202820476928', 'mobile': '01634872784', 'order_status': 40}
INFO - 2022-01-04 20:15:14,558 - new_apply_order.py[line:931]: ===========完成第【1】次进件===========
INFO - 2022-01-04 20:15:14,558 - new_apply_order.py[line:934]: ======完成第【1】次进件,耗时8.52s=====
INFO - 2022-01-04 20:15:14,563 - new_apply_order.py[line:891]: 开始第 borrowme【1】次进件……
INFO - 2022-01-04 20:15:14,914 - new_apply_order.py[line:95]: 01634872784 检测用户存在成功！
INFO - 2022-01-04 20:15:14,955 - new_apply_order.py[line:104]: 01634872784 短信发送成功！
ERROR - 2022-01-04 20:15:14,987 - new_apply_order.py[line:119]: 注册失败！{'accept': 'application/json', 'appversion': '1.3.0.0', 'devtoken': 'cb95881f542ac58170:BB:E9:91:D3:CD', 'accept-language': 'en-US', 'clientCode': 'borrowme1300', 'Content-Type': 'application/json; charset=UTF-8', 'Host': '172.20.240.143:8012', 'User-Agent': 'okhttp/4.9.0'}
ERROR - 2022-01-04 20:15:14,988 - new_apply_order.py[line:120]: {"code":"20001003","msg":"This number already exists, please use another number","data":null}
INFO - 2022-01-04 20:15:15,036 - new_apply_order.py[line:133]: 01634872784 登录短信发送成功！
INFO - 2022-01-04 20:15:15,082 - new_apply_order.py[line:143]: userId=6249728601587982336,mobile=01634872784,token=bfa4295b9f8f92edd72323f0652a7cb4 登录成功
INFO - 2022-01-04 20:15:15,142 - new_apply_order.py[line:210]: 个人信息提交成功！
INFO - 2022-01-04 20:15:15,204 - new_apply_order.py[line:221]: 联系人信息提交成功！
ERROR - 2022-01-04 20:15:15,322 - new_apply_order.py[line:255]: 创建预审失败{"code":"9999","msg":"The Server is busy, Please try again later","data":null}
INFO - 2022-01-04 20:15:15,356 - new_apply_order.py[line:261]: 预审状态修改为通过,更新条数 0
INFO - 2022-01-04 20:15:15,379 - new_apply_order.py[line:264]: 更新初始额度！更新条数 0
INFO - 2022-01-04 20:15:15,648 - new_apply_order.py[line:340]: 活体图片上传成功！回写配置文件global_param.mp4_url
INFO - 2022-01-04 20:15:15,685 - new_apply_order.py[line:350]: 视频认证通过！
INFO - 2022-01-04 20:15:16,644 - new_apply_order.py[line:509]: bvn和银行卡绑卡认证通过！
INFO - 2022-01-04 20:15:17,033 - new_apply_order.py[line:560]: user更新1条
ERROR - 2022-01-04 20:15:17,221 - new_apply_order.py[line:629]: {"code":"50001004","msg":"Not eligible for borrowing","data":null}
INFO - 2022-01-04 20:15:17,715 - new_apply_order.py[line:641]: 查询loan_order_id成功！
INFO - 2022-01-04 20:15:17,743 - new_apply_order.py[line:656]: 订单回调复审通过成功！
INFO - 2022-01-04 20:15:18,522 - new_apply_order.py[line:678]: 获取token成功！token=bearer 8b726839-f78d-4bfc-a13d-d98083b7d78e！
INFO - 2022-01-04 20:15:19,017 - new_apply_order.py[line:641]: 查询loan_order_id成功！
INFO - 2022-01-04 20:15:19,349 - new_apply_order.py[line:696]: 后台已触发放款成功！
INFO - 2022-01-04 20:15:19,369 - new_apply_order.py[line:710]: xxl_job web 登录成功！
INFO - 2022-01-04 20:15:19,387 - new_apply_order.py[line:726]: xxl_job 放款准备作业执行成功！
INFO - 2022-01-04 20:15:20,859 - new_apply_order.py[line:641]: 查询loan_order_id成功！
INFO - 2022-01-04 20:15:20,923 - new_apply_order.py[line:734]: 修改放款准备完成时间成功！
INFO - 2022-01-04 20:15:20,935 - new_apply_order.py[line:742]: xxl_job 放款完成作业执行成功！
INFO - 2022-01-04 20:15:21,245 - new_apply_order.py[line:914]: 校验重试查询第1次
ERROR - 2022-01-04 20:15:22,267 - new_apply_order.py[line:810]: 放款完成或准备失败,目前的订单状态是32
INFO - 2022-01-04 20:15:22,267 - new_apply_order.py[line:811]: {'app': 'borrowme', 'loan_order_id': '1478339159484928000', 'mobile': '01634872784', 'order_status': 32}
INFO - 2022-01-04 20:15:22,280 - new_apply_order.py[line:710]: xxl_job web 登录成功！
INFO - 2022-01-04 20:15:22,292 - new_apply_order.py[line:726]: xxl_job 放款准备作业执行成功！
INFO - 2022-01-04 20:15:23,757 - new_apply_order.py[line:641]: 查询loan_order_id成功！
INFO - 2022-01-04 20:15:23,789 - new_apply_order.py[line:734]: 修改放款准备完成时间成功！
INFO - 2022-01-04 20:15:23,802 - new_apply_order.py[line:742]: xxl_job 放款完成作业执行成功！
INFO - 2022-01-04 20:15:24,304 - new_apply_order.py[line:914]: 校验重试查询第2次
ERROR - 2022-01-04 20:15:25,333 - new_apply_order.py[line:810]: 放款完成或准备失败,目前的订单状态是32
INFO - 2022-01-04 20:15:25,333 - new_apply_order.py[line:811]: {'app': 'borrowme', 'loan_order_id': '1478339159484928000', 'mobile': '01634872784', 'order_status': 32}
INFO - 2022-01-04 20:15:25,349 - new_apply_order.py[line:710]: xxl_job web 登录成功！
INFO - 2022-01-04 20:15:25,361 - new_apply_order.py[line:726]: xxl_job 放款准备作业执行成功！
INFO - 2022-01-04 20:15:26,835 - new_apply_order.py[line:641]: 查询loan_order_id成功！
INFO - 2022-01-04 20:15:26,862 - new_apply_order.py[line:734]: 修改放款准备完成时间成功！
INFO - 2022-01-04 20:15:26,869 - new_apply_order.py[line:742]: xxl_job 放款完成作业执行成功！
INFO - 2022-01-04 20:15:27,371 - new_apply_order.py[line:914]: 校验重试查询第3次
ERROR - 2022-01-04 20:15:28,392 - new_apply_order.py[line:810]: 放款完成或准备失败,目前的订单状态是32
INFO - 2022-01-04 20:15:28,392 - new_apply_order.py[line:811]: {'app': 'borrowme', 'loan_order_id': '1478339159484928000', 'mobile': '01634872784', 'order_status': 32}
INFO - 2022-01-04 20:15:28,405 - new_apply_order.py[line:710]: xxl_job web 登录成功！
INFO - 2022-01-04 20:15:28,416 - new_apply_order.py[line:726]: xxl_job 放款准备作业执行成功！
INFO - 2022-01-04 20:15:29,885 - new_apply_order.py[line:641]: 查询loan_order_id成功！
INFO - 2022-01-04 20:15:29,914 - new_apply_order.py[line:734]: 修改放款准备完成时间成功！
INFO - 2022-01-04 20:15:29,922 - new_apply_order.py[line:742]: xxl_job 放款完成作业执行成功！
INFO - 2022-01-04 20:15:30,427 - new_apply_order.py[line:914]: 校验重试查询第4次
ERROR - 2022-01-04 20:15:31,450 - new_apply_order.py[line:810]: 放款完成或准备失败,目前的订单状态是32
INFO - 2022-01-04 20:15:31,450 - new_apply_order.py[line:811]: {'app': 'borrowme', 'loan_order_id': '1478339159484928000', 'mobile': '01634872784', 'order_status': 32}
INFO - 2022-01-04 20:15:31,463 - new_apply_order.py[line:710]: xxl_job web 登录成功！
INFO - 2022-01-04 20:15:31,473 - new_apply_order.py[line:726]: xxl_job 放款准备作业执行成功！
INFO - 2022-01-04 20:15:32,919 - new_apply_order.py[line:641]: 查询loan_order_id成功！
INFO - 2022-01-04 20:15:32,944 - new_apply_order.py[line:734]: 修改放款准备完成时间成功！
INFO - 2022-01-04 20:15:32,952 - new_apply_order.py[line:742]: xxl_job 放款完成作业执行成功！
INFO - 2022-01-04 20:15:33,453 - new_apply_order.py[line:914]: 校验重试查询第5次
ERROR - 2022-01-04 20:15:34,482 - new_apply_order.py[line:810]: 放款完成或准备失败,目前的订单状态是32
INFO - 2022-01-04 20:15:34,482 - new_apply_order.py[line:811]: {'app': 'borrowme', 'loan_order_id': '1478339159484928000', 'mobile': '01634872784', 'order_status': 32}
INFO - 2022-01-04 20:15:34,496 - new_apply_order.py[line:710]: xxl_job web 登录成功！
INFO - 2022-01-04 20:15:34,510 - new_apply_order.py[line:726]: xxl_job 放款准备作业执行成功！
INFO - 2022-01-04 20:15:35,973 - new_apply_order.py[line:641]: 查询loan_order_id成功！
INFO - 2022-01-04 20:15:36,011 - new_apply_order.py[line:734]: 修改放款准备完成时间成功！
INFO - 2022-01-04 20:15:36,021 - new_apply_order.py[line:742]: xxl_job 放款完成作业执行成功！
INFO - 2022-01-04 20:15:36,525 - new_apply_order.py[line:914]: 校验重试查询第6次
ERROR - 2022-01-04 20:15:37,548 - new_apply_order.py[line:810]: 放款完成或准备失败,目前的订单状态是32
INFO - 2022-01-04 20:15:37,549 - new_apply_order.py[line:811]: {'app': 'borrowme', 'loan_order_id': '1478339159484928000', 'mobile': '01634872784', 'order_status': 32}
INFO - 2022-01-04 20:15:37,568 - new_apply_order.py[line:710]: xxl_job web 登录成功！
INFO - 2022-01-04 20:15:37,583 - new_apply_order.py[line:726]: xxl_job 放款准备作业执行成功！
INFO - 2022-01-04 20:15:39,037 - new_apply_order.py[line:641]: 查询loan_order_id成功！
INFO - 2022-01-04 20:15:39,068 - new_apply_order.py[line:734]: 修改放款准备完成时间成功！
INFO - 2022-01-04 20:15:39,077 - new_apply_order.py[line:742]: xxl_job 放款完成作业执行成功！
INFO - 2022-01-04 20:15:39,580 - new_apply_order.py[line:914]: 校验重试查询第7次
ERROR - 2022-01-04 20:15:40,608 - new_apply_order.py[line:810]: 放款完成或准备失败,目前的订单状态是32
INFO - 2022-01-04 20:15:40,608 - new_apply_order.py[line:811]: {'app': 'borrowme', 'loan_order_id': '1478339159484928000', 'mobile': '01634872784', 'order_status': 32}
INFO - 2022-01-04 20:15:40,626 - new_apply_order.py[line:710]: xxl_job web 登录成功！
INFO - 2022-01-04 20:15:40,641 - new_apply_order.py[line:726]: xxl_job 放款准备作业执行成功！
INFO - 2022-01-04 20:15:42,116 - new_apply_order.py[line:641]: 查询loan_order_id成功！
INFO - 2022-01-04 20:15:42,138 - new_apply_order.py[line:734]: 修改放款准备完成时间成功！
INFO - 2022-01-04 20:15:42,145 - new_apply_order.py[line:742]: xxl_job 放款完成作业执行成功！
INFO - 2022-01-04 20:15:42,647 - new_apply_order.py[line:914]: 校验重试查询第8次
ERROR - 2022-01-04 20:15:43,707 - new_apply_order.py[line:810]: 放款完成或准备失败,目前的订单状态是32
INFO - 2022-01-04 20:15:43,707 - new_apply_order.py[line:811]: {'app': 'borrowme', 'loan_order_id': '1478339159484928000', 'mobile': '01634872784', 'order_status': 32}
INFO - 2022-01-04 20:15:43,736 - new_apply_order.py[line:710]: xxl_job web 登录成功！
INFO - 2022-01-04 20:15:43,755 - new_apply_order.py[line:726]: xxl_job 放款准备作业执行成功！
INFO - 2022-01-04 20:15:45,235 - new_apply_order.py[line:641]: 查询loan_order_id成功！
INFO - 2022-01-04 20:15:45,295 - new_apply_order.py[line:734]: 修改放款准备完成时间成功！
INFO - 2022-01-04 20:15:45,304 - new_apply_order.py[line:742]: xxl_job 放款完成作业执行成功！
INFO - 2022-01-04 20:15:45,806 - new_apply_order.py[line:914]: 校验重试查询第9次
ERROR - 2022-01-04 20:15:46,837 - new_apply_order.py[line:810]: 放款完成或准备失败,目前的订单状态是32
INFO - 2022-01-04 20:15:46,837 - new_apply_order.py[line:811]: {'app': 'borrowme', 'loan_order_id': '1478339159484928000', 'mobile': '01634872784', 'order_status': 32}
INFO - 2022-01-04 20:15:46,857 - new_apply_order.py[line:710]: xxl_job web 登录成功！
INFO - 2022-01-04 20:15:46,872 - new_apply_order.py[line:726]: xxl_job 放款准备作业执行成功！
INFO - 2022-01-04 20:15:48,335 - new_apply_order.py[line:641]: 查询loan_order_id成功！
INFO - 2022-01-04 20:15:48,368 - new_apply_order.py[line:734]: 修改放款准备完成时间成功！
INFO - 2022-01-04 20:15:48,383 - new_apply_order.py[line:742]: xxl_job 放款完成作业执行成功！
INFO - 2022-01-04 20:15:48,888 - new_apply_order.py[line:914]: 校验重试查询第10次
ERROR - 2022-01-04 20:15:49,915 - new_apply_order.py[line:810]: 放款完成或准备失败,目前的订单状态是32
INFO - 2022-01-04 20:15:49,915 - new_apply_order.py[line:811]: {'app': 'borrowme', 'loan_order_id': '1478339159484928000', 'mobile': '01634872784', 'order_status': 32}
INFO - 2022-01-04 20:15:49,940 - new_apply_order.py[line:710]: xxl_job web 登录成功！
INFO - 2022-01-04 20:15:49,958 - new_apply_order.py[line:726]: xxl_job 放款准备作业执行成功！
INFO - 2022-01-04 20:15:51,451 - new_apply_order.py[line:641]: 查询loan_order_id成功！
INFO - 2022-01-04 20:15:51,481 - new_apply_order.py[line:734]: 修改放款准备完成时间成功！
INFO - 2022-01-04 20:15:51,492 - new_apply_order.py[line:742]: xxl_job 放款完成作业执行成功！
INFO - 2022-01-04 20:15:51,994 - new_apply_order.py[line:931]: ===========完成第【1】次进件===========
INFO - 2022-01-04 20:15:51,994 - new_apply_order.py[line:934]: ======完成第【1】次进件,耗时37.43s=====
INFO - 2022-01-04 20:15:51,999 - new_apply_order.py[line:891]: 开始第 moremoney【1】次进件……
INFO - 2022-01-04 20:15:52,347 - new_apply_order.py[line:95]: 01634872784 检测用户存在成功！
INFO - 2022-01-04 20:15:52,417 - new_apply_order.py[line:104]: 01634872784 短信发送成功！
INFO - 2022-01-04 20:15:52,461 - new_apply_order.py[line:117]: 01634872784 注册成功！
INFO - 2022-01-04 20:15:52,512 - new_apply_order.py[line:133]: 01634872784 登录短信发送成功！
INFO - 2022-01-04 20:15:52,563 - new_apply_order.py[line:143]: userId=6249728838058647552,mobile=01634872784,token=195a940e05827142963f7a175180349b 登录成功
INFO - 2022-01-04 20:15:52,667 - new_apply_order.py[line:210]: 个人信息提交成功！
INFO - 2022-01-04 20:15:52,720 - new_apply_order.py[line:221]: 联系人信息提交成功！
INFO - 2022-01-04 20:15:52,988 - new_apply_order.py[line:253]: 创建预审订单成功！
INFO - 2022-01-04 20:15:53,024 - new_apply_order.py[line:261]: 预审状态修改为通过,更新条数 1
INFO - 2022-01-04 20:15:53,053 - new_apply_order.py[line:264]: 更新初始额度！更新条数 1
INFO - 2022-01-04 20:15:53,376 - new_apply_order.py[line:340]: 活体图片上传成功！回写配置文件global_param.mp4_url
INFO - 2022-01-04 20:15:53,425 - new_apply_order.py[line:350]: 视频认证通过！
INFO - 2022-01-04 20:15:54,430 - new_apply_order.py[line:509]: bvn和银行卡绑卡认证通过！
INFO - 2022-01-04 20:15:54,831 - new_apply_order.py[line:560]: user更新1条
INFO - 2022-01-04 20:15:55,020 - new_apply_order.py[line:621]: 进件成功！执行sql将订单改为风控中……
INFO - 2022-01-04 20:15:56,082 - new_apply_order.py[line:627]: 订单表更新1条，信审更新1条
INFO - 2022-01-04 20:15:56,454 - new_apply_order.py[line:641]: 查询loan_order_id成功！
INFO - 2022-01-04 20:15:56,496 - new_apply_order.py[line:656]: 订单回调复审通过成功！
INFO - 2022-01-04 20:15:57,270 - new_apply_order.py[line:678]: 获取token成功！token=bearer 8b726839-f78d-4bfc-a13d-d98083b7d78e！
INFO - 2022-01-04 20:15:57,647 - new_apply_order.py[line:641]: 查询loan_order_id成功！
INFO - 2022-01-04 20:15:57,996 - new_apply_order.py[line:696]: 后台已触发放款成功！
INFO - 2022-01-04 20:15:58,017 - new_apply_order.py[line:710]: xxl_job web 登录成功！
INFO - 2022-01-04 20:15:58,036 - new_apply_order.py[line:726]: xxl_job 放款准备作业执行成功！
INFO - 2022-01-04 20:15:59,400 - new_apply_order.py[line:641]: 查询loan_order_id成功！
INFO - 2022-01-04 20:15:59,435 - new_apply_order.py[line:734]: 修改放款准备完成时间成功！
INFO - 2022-01-04 20:15:59,451 - new_apply_order.py[line:742]: xxl_job 放款完成作业执行成功！
INFO - 2022-01-04 20:15:59,761 - new_apply_order.py[line:914]: 校验重试查询第1次
INFO - 2022-01-04 20:16:00,788 - new_apply_order.py[line:808]: 放款完成或准备成功,目前的订单状态是40
INFO - 2022-01-04 20:16:00,788 - new_apply_order.py[line:811]: {'app': 'moremoney', 'loan_order_id': '1478339395943010304', 'mobile': '01634872784', 'order_status': 40}
INFO - 2022-01-04 20:16:00,790 - new_apply_order.py[line:931]: ===========完成第【1】次进件===========
INFO - 2022-01-04 20:16:00,791 - new_apply_order.py[line:934]: ======完成第【1】次进件,耗时8.79s=====
INFO - 2022-01-04 20:16:00,797 - new_apply_order.py[line:891]: 开始第 creditnaira【1】次进件……
INFO - 2022-01-04 20:16:01,148 - new_apply_order.py[line:95]: 01634872784 检测用户存在成功！
INFO - 2022-01-04 20:16:01,192 - new_apply_order.py[line:104]: 01634872784 短信发送成功！
INFO - 2022-01-04 20:16:01,237 - new_apply_order.py[line:117]: 01634872784 注册成功！
INFO - 2022-01-04 20:16:01,290 - new_apply_order.py[line:133]: 01634872784 登录短信发送成功！
INFO - 2022-01-04 20:16:01,341 - new_apply_order.py[line:143]: userId=6249728874872053760,mobile=01634872784,token=3988aed3f7964df14249ae6a4bbade31 登录成功
INFO - 2022-01-04 20:16:01,429 - new_apply_order.py[line:210]: 个人信息提交成功！
INFO - 2022-01-04 20:16:01,482 - new_apply_order.py[line:221]: 联系人信息提交成功！
INFO - 2022-01-04 20:16:01,674 - new_apply_order.py[line:253]: 创建预审订单成功！
INFO - 2022-01-04 20:16:01,707 - new_apply_order.py[line:261]: 预审状态修改为通过,更新条数 1
INFO - 2022-01-04 20:16:01,742 - new_apply_order.py[line:264]: 更新初始额度！更新条数 1
INFO - 2022-01-04 20:16:02,074 - new_apply_order.py[line:340]: 活体图片上传成功！回写配置文件global_param.mp4_url
INFO - 2022-01-04 20:16:02,113 - new_apply_order.py[line:350]: 视频认证通过！
INFO - 2022-01-04 20:16:03,019 - new_apply_order.py[line:509]: bvn和银行卡绑卡认证通过！
INFO - 2022-01-04 20:16:03,422 - new_apply_order.py[line:560]: user更新1条
INFO - 2022-01-04 20:16:03,655 - new_apply_order.py[line:621]: 进件成功！执行sql将订单改为风控中……
INFO - 2022-01-04 20:16:04,720 - new_apply_order.py[line:627]: 订单表更新1条，信审更新1条
INFO - 2022-01-04 20:16:05,079 - new_apply_order.py[line:641]: 查询loan_order_id成功！
INFO - 2022-01-04 20:16:05,127 - new_apply_order.py[line:656]: 订单回调复审通过成功！
INFO - 2022-01-04 20:16:05,911 - new_apply_order.py[line:678]: 获取token成功！token=bearer 8b726839-f78d-4bfc-a13d-d98083b7d78e！
INFO - 2022-01-04 20:16:06,276 - new_apply_order.py[line:641]: 查询loan_order_id成功！
INFO - 2022-01-04 20:16:06,589 - new_apply_order.py[line:696]: 后台已触发放款成功！
INFO - 2022-01-04 20:16:06,608 - new_apply_order.py[line:710]: xxl_job web 登录成功！
INFO - 2022-01-04 20:16:06,626 - new_apply_order.py[line:726]: xxl_job 放款准备作业执行成功！
INFO - 2022-01-04 20:16:07,991 - new_apply_order.py[line:641]: 查询loan_order_id成功！
INFO - 2022-01-04 20:16:08,023 - new_apply_order.py[line:734]: 修改放款准备完成时间成功！
INFO - 2022-01-04 20:16:08,034 - new_apply_order.py[line:742]: xxl_job 放款完成作业执行成功！
INFO - 2022-01-04 20:16:08,345 - new_apply_order.py[line:914]: 校验重试查询第1次
ERROR - 2022-01-04 20:16:09,373 - new_apply_order.py[line:810]: 放款完成或准备失败,目前的订单状态是35
INFO - 2022-01-04 20:16:09,373 - new_apply_order.py[line:811]: {'app': 'creditnaira', 'loan_order_id': '1478339432534118400', 'mobile': '01634872784', 'order_status': 35}
INFO - 2022-01-04 20:16:09,883 - new_apply_order.py[line:914]: 校验重试查询第2次
INFO - 2022-01-04 20:16:10,912 - new_apply_order.py[line:808]: 放款完成或准备成功,目前的订单状态是40
INFO - 2022-01-04 20:16:10,913 - new_apply_order.py[line:811]: {'app': 'creditnaira', 'loan_order_id': '1478339432534118400', 'mobile': '01634872784', 'order_status': 40}
INFO - 2022-01-04 20:16:10,914 - new_apply_order.py[line:931]: ===========完成第【1】次进件===========
INFO - 2022-01-04 20:16:10,914 - new_apply_order.py[line:934]: ======完成第【1】次进件,耗时10.12s=====
INFO - 2022-01-04 20:16:10,920 - new_apply_order.py[line:891]: 开始第 inaira【1】次进件……
INFO - 2022-01-04 20:16:11,291 - new_apply_order.py[line:95]: 01634872784 检测用户存在成功！
INFO - 2022-01-04 20:16:11,348 - new_apply_order.py[line:104]: 01634872784 短信发送成功！
INFO - 2022-01-04 20:16:11,392 - new_apply_order.py[line:117]: 01634872784 注册成功！
INFO - 2022-01-04 20:16:11,450 - new_apply_order.py[line:133]: 01634872784 登录短信发送成功！
INFO - 2022-01-04 20:16:11,516 - new_apply_order.py[line:143]: userId=6249728917469405184,mobile=01634872784,token=9ed8a17a61fd6386bf19f976e05a6a1f 登录成功
INFO - 2022-01-04 20:16:11,625 - new_apply_order.py[line:210]: 个人信息提交成功！
INFO - 2022-01-04 20:16:11,679 - new_apply_order.py[line:221]: 联系人信息提交成功！
INFO - 2022-01-04 20:16:11,882 - new_apply_order.py[line:253]: 创建预审订单成功！
INFO - 2022-01-04 20:16:11,917 - new_apply_order.py[line:261]: 预审状态修改为通过,更新条数 1
INFO - 2022-01-04 20:16:11,950 - new_apply_order.py[line:264]: 更新初始额度！更新条数 1
INFO - 2022-01-04 20:16:12,242 - new_apply_order.py[line:340]: 活体图片上传成功！回写配置文件global_param.mp4_url
INFO - 2022-01-04 20:16:12,282 - new_apply_order.py[line:350]: 视频认证通过！
INFO - 2022-01-04 20:16:13,263 - new_apply_order.py[line:509]: bvn和银行卡绑卡认证通过！
INFO - 2022-01-04 20:16:13,664 - new_apply_order.py[line:560]: user更新1条
INFO - 2022-01-04 20:16:13,880 - new_apply_order.py[line:621]: 进件成功！执行sql将订单改为风控中……
INFO - 2022-01-04 20:16:14,944 - new_apply_order.py[line:627]: 订单表更新1条，信审更新1条
INFO - 2022-01-04 20:16:15,310 - new_apply_order.py[line:641]: 查询loan_order_id成功！
INFO - 2022-01-04 20:16:15,369 - new_apply_order.py[line:656]: 订单回调复审通过成功！
INFO - 2022-01-04 20:16:16,145 - new_apply_order.py[line:678]: 获取token成功！token=bearer 8b726839-f78d-4bfc-a13d-d98083b7d78e！
INFO - 2022-01-04 20:16:16,505 - new_apply_order.py[line:641]: 查询loan_order_id成功！
INFO - 2022-01-04 20:16:16,844 - new_apply_order.py[line:696]: 后台已触发放款成功！
INFO - 2022-01-04 20:16:16,870 - new_apply_order.py[line:710]: xxl_job web 登录成功！
INFO - 2022-01-04 20:16:16,889 - new_apply_order.py[line:726]: xxl_job 放款准备作业执行成功！
INFO - 2022-01-04 20:16:18,248 - new_apply_order.py[line:641]: 查询loan_order_id成功！
INFO - 2022-01-04 20:16:18,272 - new_apply_order.py[line:734]: 修改放款准备完成时间成功！
INFO - 2022-01-04 20:16:18,278 - new_apply_order.py[line:742]: xxl_job 放款完成作业执行成功！
INFO - 2022-01-04 20:16:18,583 - new_apply_order.py[line:914]: 校验重试查询第1次
INFO - 2022-01-04 20:16:19,617 - new_apply_order.py[line:808]: 放款完成或准备成功,目前的订单状态是40
INFO - 2022-01-04 20:16:19,617 - new_apply_order.py[line:811]: {'app': 'inaira', 'loan_order_id': '1478339475404099584', 'mobile': '01634872784', 'order_status': 40}
INFO - 2022-01-04 20:16:19,618 - new_apply_order.py[line:931]: ===========完成第【1】次进件===========
INFO - 2022-01-04 20:16:19,618 - new_apply_order.py[line:934]: ======完成第【1】次进件,耗时8.70s=====
INFO - 2022-01-04 20:16:19,623 - new_apply_order.py[line:891]: 开始第 fornaira【1】次进件……
INFO - 2022-01-04 20:16:19,971 - new_apply_order.py[line:95]: 01634872784 检测用户存在成功！
INFO - 2022-01-04 20:16:20,014 - new_apply_order.py[line:104]: 01634872784 短信发送成功！
INFO - 2022-01-04 20:16:20,056 - new_apply_order.py[line:117]: 01634872784 注册成功！
INFO - 2022-01-04 20:16:20,101 - new_apply_order.py[line:133]: 01634872784 登录短信发送成功！
INFO - 2022-01-04 20:16:20,146 - new_apply_order.py[line:143]: userId=6249728953821437952,mobile=01634872784,token=f801416b672b1aaf56e4fe088a5e513b 登录成功
INFO - 2022-01-04 20:16:20,233 - new_apply_order.py[line:210]: 个人信息提交成功！
INFO - 2022-01-04 20:16:20,279 - new_apply_order.py[line:221]: 联系人信息提交成功！
INFO - 2022-01-04 20:16:20,493 - new_apply_order.py[line:253]: 创建预审订单成功！
INFO - 2022-01-04 20:16:20,518 - new_apply_order.py[line:261]: 预审状态修改为通过,更新条数 1
INFO - 2022-01-04 20:16:20,540 - new_apply_order.py[line:264]: 更新初始额度！更新条数 1
INFO - 2022-01-04 20:16:20,837 - new_apply_order.py[line:340]: 活体图片上传成功！回写配置文件global_param.mp4_url
INFO - 2022-01-04 20:16:20,869 - new_apply_order.py[line:350]: 视频认证通过！
INFO - 2022-01-04 20:16:21,824 - new_apply_order.py[line:509]: bvn和银行卡绑卡认证通过！
INFO - 2022-01-04 20:16:22,406 - new_apply_order.py[line:560]: user更新1条
INFO - 2022-01-04 20:16:22,600 - new_apply_order.py[line:621]: 进件成功！执行sql将订单改为风控中……
INFO - 2022-01-04 20:16:23,662 - new_apply_order.py[line:627]: 订单表更新1条，信审更新1条
INFO - 2022-01-04 20:16:24,025 - new_apply_order.py[line:641]: 查询loan_order_id成功！
INFO - 2022-01-04 20:16:24,065 - new_apply_order.py[line:656]: 订单回调复审通过成功！
INFO - 2022-01-04 20:16:24,865 - new_apply_order.py[line:678]: 获取token成功！token=bearer 8b726839-f78d-4bfc-a13d-d98083b7d78e！
INFO - 2022-01-04 20:16:25,220 - new_apply_order.py[line:641]: 查询loan_order_id成功！
INFO - 2022-01-04 20:16:25,569 - new_apply_order.py[line:696]: 后台已触发放款成功！
INFO - 2022-01-04 20:16:25,586 - new_apply_order.py[line:710]: xxl_job web 登录成功！
INFO - 2022-01-04 20:16:25,599 - new_apply_order.py[line:726]: xxl_job 放款准备作业执行成功！
INFO - 2022-01-04 20:16:26,960 - new_apply_order.py[line:641]: 查询loan_order_id成功！
INFO - 2022-01-04 20:16:26,992 - new_apply_order.py[line:734]: 修改放款准备完成时间成功！
INFO - 2022-01-04 20:16:27,001 - new_apply_order.py[line:742]: xxl_job 放款完成作业执行成功！
INFO - 2022-01-04 20:16:27,305 - new_apply_order.py[line:914]: 校验重试查询第1次
ERROR - 2022-01-04 20:16:28,333 - new_apply_order.py[line:810]: 放款完成或准备失败,目前的订单状态是35
INFO - 2022-01-04 20:16:28,333 - new_apply_order.py[line:811]: {'app': 'fornaira', 'loan_order_id': '1478339511391227904', 'mobile': '01634872784', 'order_status': 35}
INFO - 2022-01-04 20:16:28,843 - new_apply_order.py[line:914]: 校验重试查询第2次
INFO - 2022-01-04 20:16:29,870 - new_apply_order.py[line:808]: 放款完成或准备成功,目前的订单状态是40
INFO - 2022-01-04 20:16:29,871 - new_apply_order.py[line:811]: {'app': 'fornaira', 'loan_order_id': '1478339511391227904', 'mobile': '01634872784', 'order_status': 40}
INFO - 2022-01-04 20:16:29,872 - new_apply_order.py[line:931]: ===========完成第【1】次进件===========
INFO - 2022-01-04 20:16:29,872 - new_apply_order.py[line:934]: ======完成第【1】次进件,耗时10.25s=====
INFO - 2022-01-04 20:16:29,879 - new_apply_order.py[line:891]: 开始第 runcash【1】次进件……
INFO - 2022-01-04 20:16:30,248 - new_apply_order.py[line:95]: 01634872784 检测用户存在成功！
INFO - 2022-01-04 20:16:30,293 - new_apply_order.py[line:104]: 01634872784 短信发送成功！
INFO - 2022-01-04 20:16:30,341 - new_apply_order.py[line:117]: 01634872784 注册成功！
INFO - 2022-01-04 20:16:30,389 - new_apply_order.py[line:133]: 01634872784 登录短信发送成功！
INFO - 2022-01-04 20:16:30,433 - new_apply_order.py[line:143]: userId=6249728996934688768,mobile=01634872784,token=f374e67c1d45e1a3ca66196624d05fd2 登录成功
INFO - 2022-01-04 20:16:30,513 - new_apply_order.py[line:210]: 个人信息提交成功！
INFO - 2022-01-04 20:16:30,556 - new_apply_order.py[line:221]: 联系人信息提交成功！
INFO - 2022-01-04 20:16:30,747 - new_apply_order.py[line:253]: 创建预审订单成功！
INFO - 2022-01-04 20:16:30,779 - new_apply_order.py[line:261]: 预审状态修改为通过,更新条数 1
INFO - 2022-01-04 20:16:30,818 - new_apply_order.py[line:264]: 更新初始额度！更新条数 1
INFO - 2022-01-04 20:16:31,121 - new_apply_order.py[line:340]: 活体图片上传成功！回写配置文件global_param.mp4_url
INFO - 2022-01-04 20:16:31,156 - new_apply_order.py[line:350]: 视频认证通过！
INFO - 2022-01-04 20:16:32,154 - new_apply_order.py[line:509]: bvn和银行卡绑卡认证通过！
INFO - 2022-01-04 20:16:32,526 - new_apply_order.py[line:560]: user更新1条
INFO - 2022-01-04 20:16:32,680 - new_apply_order.py[line:621]: 进件成功！执行sql将订单改为风控中……
INFO - 2022-01-04 20:16:33,736 - new_apply_order.py[line:627]: 订单表更新1条，信审更新1条
INFO - 2022-01-04 20:16:34,100 - new_apply_order.py[line:641]: 查询loan_order_id成功！
INFO - 2022-01-04 20:16:34,137 - new_apply_order.py[line:656]: 订单回调复审通过成功！
INFO - 2022-01-04 20:16:34,918 - new_apply_order.py[line:678]: 获取token成功！token=bearer 8b726839-f78d-4bfc-a13d-d98083b7d78e！
INFO - 2022-01-04 20:16:35,289 - new_apply_order.py[line:641]: 查询loan_order_id成功！
INFO - 2022-01-04 20:16:35,626 - new_apply_order.py[line:696]: 后台已触发放款成功！
INFO - 2022-01-04 20:16:35,646 - new_apply_order.py[line:710]: xxl_job web 登录成功！
INFO - 2022-01-04 20:16:35,661 - new_apply_order.py[line:726]: xxl_job 放款准备作业执行成功！
INFO - 2022-01-04 20:16:37,022 - new_apply_order.py[line:641]: 查询loan_order_id成功！
INFO - 2022-01-04 20:16:37,050 - new_apply_order.py[line:734]: 修改放款准备完成时间成功！
INFO - 2022-01-04 20:16:37,058 - new_apply_order.py[line:742]: xxl_job 放款完成作业执行成功！
INFO - 2022-01-04 20:16:37,362 - new_apply_order.py[line:914]: 校验重试查询第1次
