INFO - 2021-08-31 19:07:07,915 - new_apply_order.py[line:517]: 开始第 borrowme【1】次进件……
INFO - 2021-08-31 19:07:07,916 - new_apply_order.py[line:79]: ======【nga测试环境】生成手机号：01630408027 ======
INFO - 2021-08-31 19:07:08,302 - new_apply_order.py[line:86]: 01630408027 检测用户存在成功！
INFO - 2021-08-31 19:07:08,387 - new_apply_order.py[line:93]: 01630408027 短信发送成功！
INFO - 2021-08-31 19:07:08,432 - new_apply_order.py[line:103]: 01630408027 注册成功！
INFO - 2021-08-31 19:07:08,506 - new_apply_order.py[line:113]: 01630408027 登录短信发送成功！
INFO - 2021-08-31 19:07:08,547 - new_apply_order.py[line:121]: userId=6204050669126295552,mobile=01630408027,token=1dead7552f3ba033d5597f60c17df463 登录成功
INFO - 2021-08-31 19:07:08,603 - new_apply_order.py[line:172]: 个人信息提交成功！
INFO - 2021-08-31 19:07:08,645 - new_apply_order.py[line:181]: 联系人信息提交成功！
INFO - 2021-08-31 19:07:09,196 - new_apply_order.py[line:198]: 创建预审订单成功！
INFO - 2021-08-31 19:07:09,208 - new_apply_order.py[line:206]: 预审状态修改为通过,更新条数 1
INFO - 2021-08-31 19:07:09,216 - new_apply_order.py[line:209]: 更新初始额度！更新条数 1
INFO - 2021-08-31 19:07:09,511 - new_apply_order.py[line:221]: 活体图片上传成功！回写配置文件global_param.mp4_url
INFO - 2021-08-31 19:07:09,542 - new_apply_order.py[line:230]: 视频认证通过！
INFO - 2021-08-31 19:07:10,619 - new_apply_order.py[line:276]: bvn和银行卡绑卡认证通过！
INFO - 2021-08-31 19:07:10,905 - new_apply_order.py[line:297]: user更新1条
INFO - 2021-08-31 19:07:11,144 - new_apply_order.py[line:317]: 进件成功！执行sql将订单改为风控中……
INFO - 2021-08-31 19:07:12,179 - new_apply_order.py[line:323]: 订单表更新1条，信审更新1条
INFO - 2021-08-31 19:07:12,522 - new_apply_order.py[line:332]: 查询loan_order_id成功！
INFO - 2021-08-31 19:07:12,573 - new_apply_order.py[line:342]: 订单回调复审通过成功！
INFO - 2021-08-31 19:07:13,337 - new_apply_order.py[line:358]: 获取token成功！token=bearer bf51653c-283e-47c5-b902-66a96a35688d！
INFO - 2021-08-31 19:07:13,676 - new_apply_order.py[line:332]: 查询loan_order_id成功！
INFO - 2021-08-31 19:07:14,217 - new_apply_order.py[line:370]: 后台已触发放款成功！
INFO - 2021-08-31 19:07:14,226 - new_apply_order.py[line:378]: xxl_job web 登录成功！
INFO - 2021-08-31 19:07:14,233 - new_apply_order.py[line:385]: xxl_job 放款准备作业执行成功！
INFO - 2021-08-31 19:07:15,572 - new_apply_order.py[line:332]: 查询loan_order_id成功！
INFO - 2021-08-31 19:07:15,585 - new_apply_order.py[line:390]: 修改放款准备完成时间成功！
INFO - 2021-08-31 19:07:15,590 - new_apply_order.py[line:393]: xxl_job 放款完成作业执行成功！
INFO - 2021-08-31 19:07:15,893 - new_apply_order.py[line:540]: 校验重试查询第1次
ERROR - 2021-08-31 19:07:16,905 - new_apply_order.py[line:436]: 放款完成或准备失败,目前的订单状态是35
INFO - 2021-08-31 19:07:16,905 - new_apply_order.py[line:437]: {'app': 'borrowme', 'loan_order_id': '1432661226804875264', 'mobile': '01630408027', 'order_status': 35}
INFO - 2021-08-31 19:07:17,408 - new_apply_order.py[line:540]: 校验重试查询第2次
ERROR - 2021-08-31 19:07:18,423 - new_apply_order.py[line:436]: 放款完成或准备失败,目前的订单状态是35
INFO - 2021-08-31 19:07:18,424 - new_apply_order.py[line:437]: {'app': 'borrowme', 'loan_order_id': '1432661226804875264', 'mobile': '01630408027', 'order_status': 35}
INFO - 2021-08-31 19:07:18,929 - new_apply_order.py[line:540]: 校验重试查询第3次
ERROR - 2021-08-31 19:07:19,943 - new_apply_order.py[line:436]: 放款完成或准备失败,目前的订单状态是35
INFO - 2021-08-31 19:07:19,943 - new_apply_order.py[line:437]: {'app': 'borrowme', 'loan_order_id': '1432661226804875264', 'mobile': '01630408027', 'order_status': 35}
INFO - 2021-08-31 19:07:20,447 - new_apply_order.py[line:540]: 校验重试查询第4次
INFO - 2021-08-31 19:07:21,462 - new_apply_order.py[line:434]: 放款完成或准备成功,目前的订单状态是40
INFO - 2021-08-31 19:07:21,462 - new_apply_order.py[line:437]: {'app': 'borrowme', 'loan_order_id': '1432661226804875264', 'mobile': '01630408027', 'order_status': 40}
INFO - 2021-08-31 19:07:21,463 - new_apply_order.py[line:557]: ===========完成第【1】次进件===========
INFO - 2021-08-31 19:07:21,463 - new_apply_order.py[line:560]: ======完成第【1】次进件,耗时13.55s=====
