INFO - 2021-12-02 14:59:59,073 - new_apply_order.py[line:882]: 开始第 kencash【1】次进件……
INFO - 2021-12-02 14:59:59,073 - new_apply_order.py[line:84]: ======【ke测试环境】生成手机号：738428399 ======
INFO - 2021-12-02 14:59:59,451 - new_apply_order.py[line:97]: 738428399 检测用户存在成功！
INFO - 2021-12-02 14:59:59,510 - new_apply_order.py[line:106]: 738428399 短信发送成功！
INFO - 2021-12-02 14:59:59,567 - new_apply_order.py[line:119]: 738428399 注册成功！
INFO - 2021-12-02 14:59:59,624 - new_apply_order.py[line:135]: 738428399 登录短信发送成功！
INFO - 2021-12-02 14:59:59,681 - new_apply_order.py[line:145]: userId=6237690543977930752,mobile=738428399,token=65d56bca746b33abd9de89da3c765a8e 登录成功
INFO - 2021-12-02 14:59:59,857 - new_apply_order.py[line:212]: 个人信息提交成功！
INFO - 2021-12-02 14:59:59,928 - new_apply_order.py[line:232]: 联系人信息提交成功！
INFO - 2021-12-02 15:00:00,373 - new_apply_order.py[line:255]: 创建预审订单成功！
INFO - 2021-12-02 15:00:00,395 - new_apply_order.py[line:263]: 预审状态修改为通过,更新条数 1
INFO - 2021-12-02 15:00:00,408 - new_apply_order.py[line:266]: 更新初始额度！更新条数 1
INFO - 2021-12-02 15:00:00,713 - new_apply_order.py[line:342]: 活体图片上传成功！回写配置文件global_param.mp4_url
INFO - 2021-12-02 15:00:00,766 - new_apply_order.py[line:352]: 视频认证通过！
ERROR - 2021-12-02 15:00:00,999 - new_apply_order.py[line:579]: 绑卡失败！{"code":"60001004","msg":"The OTP has expired.please regenerate OTP to try again","data":null}
INFO - 2021-12-02 15:00:01,312 - new_apply_order.py[line:612]: 进件成功！执行sql将订单改为风控中……
INFO - 2021-12-02 15:00:02,346 - new_apply_order.py[line:618]: 订单表更新1条，信审更新1条
INFO - 2021-12-02 15:00:02,729 - new_apply_order.py[line:632]: 查询loan_order_id成功！
INFO - 2021-12-02 15:00:02,810 - new_apply_order.py[line:647]: 订单回调复审通过成功！
INFO - 2021-12-02 15:00:03,664 - new_apply_order.py[line:669]: 获取token成功！token=bearer 79c1b5ea-9238-47e0-a22f-ee222d185aac！
