INFO - 2021-12-02 14:17:00,278 - new_apply_order.py[line:882]: 开始第 kencash【1】次进件……
INFO - 2021-12-02 14:17:00,278 - new_apply_order.py[line:84]: ======【ke测试环境】生成手机号：738425820 ======
INFO - 2021-12-02 14:17:00,675 - new_apply_order.py[line:97]: 738425820 检测用户存在成功！
INFO - 2021-12-02 14:17:00,754 - new_apply_order.py[line:106]: 738425820 短信发送成功！
INFO - 2021-12-02 14:17:00,825 - new_apply_order.py[line:119]: 738425820 注册成功！
INFO - 2021-12-02 14:17:00,894 - new_apply_order.py[line:135]: 738425820 登录短信发送成功！
INFO - 2021-12-02 14:17:00,955 - new_apply_order.py[line:145]: userId=6237679728168148992,mobile=738425820,token=75370784784ff5c9d454e43f3b807b90 登录成功
INFO - 2021-12-02 14:17:01,115 - new_apply_order.py[line:212]: 个人信息提交成功！
INFO - 2021-12-02 14:17:01,193 - new_apply_order.py[line:232]: 联系人信息提交成功！
INFO - 2021-12-02 14:17:01,573 - new_apply_order.py[line:255]: 创建预审订单成功！
INFO - 2021-12-02 14:17:01,588 - new_apply_order.py[line:263]: 预审状态修改为通过,更新条数 1
INFO - 2021-12-02 14:17:01,602 - new_apply_order.py[line:266]: 更新初始额度！更新条数 1
INFO - 2021-12-02 14:17:01,826 - new_apply_order.py[line:342]: 活体图片上传成功！回写配置文件global_param.mp4_url
INFO - 2021-12-02 14:17:01,880 - new_apply_order.py[line:352]: 视频认证通过！
ERROR - 2021-12-02 14:17:02,108 - new_apply_order.py[line:579]: 绑卡失败！{"code":"60001004","msg":"The OTP has expired.please regenerate OTP to try again","data":null}
INFO - 2021-12-02 14:17:02,385 - new_apply_order.py[line:612]: 进件成功！执行sql将订单改为风控中……
INFO - 2021-12-02 14:17:03,429 - new_apply_order.py[line:618]: 订单表更新1条，信审更新1条
INFO - 2021-12-02 14:17:03,797 - new_apply_order.py[line:632]: 查询loan_order_id成功！
INFO - 2021-12-02 14:17:03,842 - new_apply_order.py[line:647]: 订单回调复审通过成功！
INFO - 2021-12-02 14:17:04,733 - new_apply_order.py[line:669]: 获取token成功！token=bearer 79c1b5ea-9238-47e0-a22f-ee222d185aac！
INFO - 2021-12-02 14:17:05,099 - new_apply_order.py[line:632]: 查询loan_order_id成功！
INFO - 2021-12-02 14:17:05,428 - new_apply_order.py[line:687]: 后台已触发放款成功！
INFO - 2021-12-02 14:17:05,444 - new_apply_order.py[line:701]: xxl_job web 登录成功！
INFO - 2021-12-02 14:17:05,457 - new_apply_order.py[line:717]: xxl_job 放款准备作业执行成功！
