INFO - 2021-11-05 16:08:26,334 - new_apply_order.py[line:882]: 开始第 ncredit【1】次进件……
INFO - 2021-11-05 16:08:26,335 - new_apply_order.py[line:84]: ======【nga测试环境】生成手机号：01636099706 ======
INFO - 2021-11-05 16:08:26,729 - new_apply_order.py[line:97]: 01636099706 检测用户存在成功！
INFO - 2021-11-05 16:08:26,796 - new_apply_order.py[line:106]: 01636099706 短信发送成功！
INFO - 2021-11-05 16:08:26,846 - new_apply_order.py[line:119]: 01636099706 注册成功！
INFO - 2021-11-05 16:08:26,907 - new_apply_order.py[line:135]: 01636099706 登录短信发送成功！
INFO - 2021-11-05 16:08:26,951 - new_apply_order.py[line:145]: userId=6227923298976407552,mobile=01636099706,token=d0e3799fd7b339f91920d9ebc6b319e9 登录成功
INFO - 2021-11-05 16:08:27,037 - new_apply_order.py[line:212]: 个人信息提交成功！
INFO - 2021-11-05 16:08:27,086 - new_apply_order.py[line:223]: 联系人信息提交成功！
INFO - 2021-11-05 16:08:27,629 - new_apply_order.py[line:255]: 创建预审订单成功！
INFO - 2021-11-05 16:08:27,649 - new_apply_order.py[line:263]: 预审状态修改为通过,更新条数 1
INFO - 2021-11-05 16:08:27,664 - new_apply_order.py[line:266]: 更新初始额度！更新条数 1
INFO - 2021-11-05 16:08:27,948 - new_apply_order.py[line:342]: 活体图片上传成功！回写配置文件global_param.mp4_url
INFO - 2021-11-05 16:08:27,984 - new_apply_order.py[line:352]: 视频认证通过！
INFO - 2021-11-05 16:08:29,007 - new_apply_order.py[line:510]: bvn和银行卡绑卡认证通过！
INFO - 2021-11-05 16:08:29,337 - new_apply_order.py[line:561]: user更新1条
INFO - 2021-11-05 16:08:29,587 - new_apply_order.py[line:612]: 进件成功！执行sql将订单改为风控中……
INFO - 2021-11-05 16:08:30,635 - new_apply_order.py[line:618]: 订单表更新1条，信审更新1条
INFO - 2021-11-05 16:08:30,997 - new_apply_order.py[line:632]: 查询loan_order_id成功！
INFO - 2021-11-05 16:08:31,046 - new_apply_order.py[line:647]: 订单回调复审通过成功！
INFO - 2021-11-05 16:08:31,821 - new_apply_order.py[line:669]: 获取token成功！token=bearer d5992460-d0b8-41c1-a203-8106a462060d！
INFO - 2021-11-05 16:08:32,181 - new_apply_order.py[line:632]: 查询loan_order_id成功！
INFO - 2021-11-05 16:08:32,644 - new_apply_order.py[line:687]: 后台已触发放款成功！
INFO - 2021-11-05 16:08:32,659 - new_apply_order.py[line:701]: xxl_job web 登录成功！
INFO - 2021-11-05 16:08:32,671 - new_apply_order.py[line:717]: xxl_job 放款准备作业执行成功！
INFO - 2021-11-05 16:08:34,040 - new_apply_order.py[line:632]: 查询loan_order_id成功！
INFO - 2021-11-05 16:08:34,055 - new_apply_order.py[line:725]: 修改放款准备完成时间成功！
INFO - 2021-11-05 16:08:34,062 - new_apply_order.py[line:733]: xxl_job 放款完成作业执行成功！
INFO - 2021-11-05 16:08:34,371 - new_apply_order.py[line:905]: 校验重试查询第1次
ERROR - 2021-11-05 16:08:35,388 - new_apply_order.py[line:801]: 放款完成或准备失败,目前的订单状态是32
INFO - 2021-11-05 16:08:35,388 - new_apply_order.py[line:802]: {'app': 'ncredit', 'loan_order_id': '1456533856872435712', 'mobile': '01636099706', 'order_status': 32}
INFO - 2021-11-05 16:08:35,402 - new_apply_order.py[line:701]: xxl_job web 登录成功！
INFO - 2021-11-05 16:08:35,414 - new_apply_order.py[line:717]: xxl_job 放款准备作业执行成功！
INFO - 2021-11-05 16:08:36,780 - new_apply_order.py[line:632]: 查询loan_order_id成功！
INFO - 2021-11-05 16:08:36,794 - new_apply_order.py[line:725]: 修改放款准备完成时间成功！
INFO - 2021-11-05 16:08:36,801 - new_apply_order.py[line:733]: xxl_job 放款完成作业执行成功！
INFO - 2021-11-05 16:08:37,306 - new_apply_order.py[line:905]: 校验重试查询第2次
ERROR - 2021-11-05 16:08:38,327 - new_apply_order.py[line:801]: 放款完成或准备失败,目前的订单状态是35
INFO - 2021-11-05 16:08:38,327 - new_apply_order.py[line:802]: {'app': 'ncredit', 'loan_order_id': '1456533856872435712', 'mobile': '01636099706', 'order_status': 35}
INFO - 2021-11-05 16:08:38,839 - new_apply_order.py[line:905]: 校验重试查询第3次
INFO - 2021-11-05 16:08:39,854 - new_apply_order.py[line:799]: 放款完成或准备成功,目前的订单状态是40
INFO - 2021-11-05 16:08:39,855 - new_apply_order.py[line:802]: {'app': 'ncredit', 'loan_order_id': '1456533856872435712', 'mobile': '01636099706', 'order_status': 40}
INFO - 2021-11-05 16:08:39,856 - new_apply_order.py[line:922]: ===========完成第【1】次进件===========
INFO - 2021-11-05 16:08:39,857 - new_apply_order.py[line:882]: 开始第 ncredit【2】次进件……
INFO - 2021-11-05 16:08:39,858 - new_apply_order.py[line:84]: ======【nga测试环境】生成手机号：01636099719 ======
INFO - 2021-11-05 16:08:40,208 - new_apply_order.py[line:97]: 01636099719 检测用户存在成功！
INFO - 2021-11-05 16:08:40,253 - new_apply_order.py[line:106]: 01636099719 短信发送成功！
INFO - 2021-11-05 16:08:40,296 - new_apply_order.py[line:119]: 01636099719 注册成功！
INFO - 2021-11-05 16:08:40,358 - new_apply_order.py[line:135]: 01636099719 登录短信发送成功！
INFO - 2021-11-05 16:08:40,406 - new_apply_order.py[line:145]: userId=6227923355410767872,mobile=01636099719,token=2ec670bd79fd0612c60bbb277bfe5861 登录成功
INFO - 2021-11-05 16:08:40,543 - new_apply_order.py[line:212]: 个人信息提交成功！
INFO - 2021-11-05 16:08:40,617 - new_apply_order.py[line:223]: 联系人信息提交成功！
INFO - 2021-11-05 16:08:40,962 - new_apply_order.py[line:255]: 创建预审订单成功！
INFO - 2021-11-05 16:08:40,984 - new_apply_order.py[line:263]: 预审状态修改为通过,更新条数 1
INFO - 2021-11-05 16:08:41,003 - new_apply_order.py[line:266]: 更新初始额度！更新条数 1
INFO - 2021-11-05 16:08:41,283 - new_apply_order.py[line:342]: 活体图片上传成功！回写配置文件global_param.mp4_url
INFO - 2021-11-05 16:08:41,321 - new_apply_order.py[line:352]: 视频认证通过！
INFO - 2021-11-05 16:08:42,179 - new_apply_order.py[line:510]: bvn和银行卡绑卡认证通过！
INFO - 2021-11-05 16:08:42,501 - new_apply_order.py[line:561]: user更新1条
INFO - 2021-11-05 16:08:42,757 - new_apply_order.py[line:612]: 进件成功！执行sql将订单改为风控中……
INFO - 2021-11-05 16:08:43,793 - new_apply_order.py[line:618]: 订单表更新1条，信审更新1条
INFO - 2021-11-05 16:08:44,152 - new_apply_order.py[line:632]: 查询loan_order_id成功！
INFO - 2021-11-05 16:08:44,199 - new_apply_order.py[line:647]: 订单回调复审通过成功！
INFO - 2021-11-05 16:08:44,982 - new_apply_order.py[line:669]: 获取token成功！token=bearer d5992460-d0b8-41c1-a203-8106a462060d！
INFO - 2021-11-05 16:08:45,333 - new_apply_order.py[line:632]: 查询loan_order_id成功！
INFO - 2021-11-05 16:08:45,662 - new_apply_order.py[line:687]: 后台已触发放款成功！
INFO - 2021-11-05 16:08:45,671 - new_apply_order.py[line:701]: xxl_job web 登录成功！
INFO - 2021-11-05 16:08:45,678 - new_apply_order.py[line:717]: xxl_job 放款准备作业执行成功！
INFO - 2021-11-05 16:08:47,036 - new_apply_order.py[line:632]: 查询loan_order_id成功！
INFO - 2021-11-05 16:08:47,050 - new_apply_order.py[line:725]: 修改放款准备完成时间成功！
INFO - 2021-11-05 16:08:47,058 - new_apply_order.py[line:733]: xxl_job 放款完成作业执行成功！
INFO - 2021-11-05 16:08:47,366 - new_apply_order.py[line:905]: 校验重试查询第1次
ERROR - 2021-11-05 16:08:48,381 - new_apply_order.py[line:801]: 放款完成或准备失败,目前的订单状态是32
INFO - 2021-11-05 16:08:48,382 - new_apply_order.py[line:802]: {'app': 'ncredit', 'loan_order_id': '1456533913541677056', 'mobile': '01636099719', 'order_status': 32}
INFO - 2021-11-05 16:08:48,393 - new_apply_order.py[line:701]: xxl_job web 登录成功！
INFO - 2021-11-05 16:08:48,401 - new_apply_order.py[line:717]: xxl_job 放款准备作业执行成功！
INFO - 2021-11-05 16:08:49,777 - new_apply_order.py[line:632]: 查询loan_order_id成功！
INFO - 2021-11-05 16:08:49,791 - new_apply_order.py[line:725]: 修改放款准备完成时间成功！
INFO - 2021-11-05 16:08:49,798 - new_apply_order.py[line:733]: xxl_job 放款完成作业执行成功！
INFO - 2021-11-05 16:08:50,304 - new_apply_order.py[line:905]: 校验重试查询第2次
ERROR - 2021-11-05 16:08:51,317 - new_apply_order.py[line:801]: 放款完成或准备失败,目前的订单状态是35
INFO - 2021-11-05 16:08:51,317 - new_apply_order.py[line:802]: {'app': 'ncredit', 'loan_order_id': '1456533913541677056', 'mobile': '01636099719', 'order_status': 35}
INFO - 2021-11-05 16:08:51,823 - new_apply_order.py[line:905]: 校验重试查询第3次
INFO - 2021-11-05 16:08:52,842 - new_apply_order.py[line:799]: 放款完成或准备成功,目前的订单状态是40
INFO - 2021-11-05 16:08:52,842 - new_apply_order.py[line:802]: {'app': 'ncredit', 'loan_order_id': '1456533913541677056', 'mobile': '01636099719', 'order_status': 40}
INFO - 2021-11-05 16:08:52,843 - new_apply_order.py[line:922]: ===========完成第【2】次进件===========
INFO - 2021-11-05 16:08:52,844 - new_apply_order.py[line:882]: 开始第 ncredit【3】次进件……
INFO - 2021-11-05 16:08:52,845 - new_apply_order.py[line:84]: ======【nga测试环境】生成手机号：01636099732 ======
INFO - 2021-11-05 16:08:53,199 - new_apply_order.py[line:97]: 01636099732 检测用户存在成功！
INFO - 2021-11-05 16:08:53,243 - new_apply_order.py[line:106]: 01636099732 短信发送成功！
INFO - 2021-11-05 16:08:53,282 - new_apply_order.py[line:119]: 01636099732 注册成功！
INFO - 2021-11-05 16:08:53,337 - new_apply_order.py[line:135]: 01636099732 登录短信发送成功！
INFO - 2021-11-05 16:08:53,382 - new_apply_order.py[line:145]: userId=6227923409886388224,mobile=01636099732,token=0d592ee62be398c1ca33887d59f084dc 登录成功
INFO - 2021-11-05 16:08:53,462 - new_apply_order.py[line:212]: 个人信息提交成功！
INFO - 2021-11-05 16:08:53,509 - new_apply_order.py[line:223]: 联系人信息提交成功！
INFO - 2021-11-05 16:08:53,747 - new_apply_order.py[line:255]: 创建预审订单成功！
INFO - 2021-11-05 16:08:53,768 - new_apply_order.py[line:263]: 预审状态修改为通过,更新条数 1
INFO - 2021-11-05 16:08:53,782 - new_apply_order.py[line:266]: 更新初始额度！更新条数 1
INFO - 2021-11-05 16:08:54,045 - new_apply_order.py[line:342]: 活体图片上传成功！回写配置文件global_param.mp4_url
INFO - 2021-11-05 16:08:54,080 - new_apply_order.py[line:352]: 视频认证通过！
INFO - 2021-11-05 16:08:55,145 - new_apply_order.py[line:510]: bvn和银行卡绑卡认证通过！
INFO - 2021-11-05 16:08:55,478 - new_apply_order.py[line:561]: user更新1条
INFO - 2021-11-05 16:08:55,765 - new_apply_order.py[line:612]: 进件成功！执行sql将订单改为风控中……
INFO - 2021-11-05 16:08:56,799 - new_apply_order.py[line:618]: 订单表更新1条，信审更新1条
INFO - 2021-11-05 16:08:57,153 - new_apply_order.py[line:632]: 查询loan_order_id成功！
INFO - 2021-11-05 16:08:57,199 - new_apply_order.py[line:647]: 订单回调复审通过成功！
INFO - 2021-11-05 16:08:57,971 - new_apply_order.py[line:669]: 获取token成功！token=bearer d5992460-d0b8-41c1-a203-8106a462060d！
INFO - 2021-11-05 16:08:58,326 - new_apply_order.py[line:632]: 查询loan_order_id成功！
INFO - 2021-11-05 16:08:58,663 - new_apply_order.py[line:687]: 后台已触发放款成功！
INFO - 2021-11-05 16:08:58,677 - new_apply_order.py[line:701]: xxl_job web 登录成功！
INFO - 2021-11-05 16:08:58,687 - new_apply_order.py[line:717]: xxl_job 放款准备作业执行成功！
INFO - 2021-11-05 16:09:00,052 - new_apply_order.py[line:632]: 查询loan_order_id成功！
INFO - 2021-11-05 16:09:00,066 - new_apply_order.py[line:725]: 修改放款准备完成时间成功！
INFO - 2021-11-05 16:09:00,073 - new_apply_order.py[line:733]: xxl_job 放款完成作业执行成功！
INFO - 2021-11-05 16:09:00,380 - new_apply_order.py[line:905]: 校验重试查询第1次
ERROR - 2021-11-05 16:09:01,398 - new_apply_order.py[line:801]: 放款完成或准备失败,目前的订单状态是32
INFO - 2021-11-05 16:09:01,399 - new_apply_order.py[line:802]: {'app': 'ncredit', 'loan_order_id': '1456533967430094848', 'mobile': '01636099732', 'order_status': 32}
INFO - 2021-11-05 16:09:01,411 - new_apply_order.py[line:701]: xxl_job web 登录成功！
INFO - 2021-11-05 16:09:01,420 - new_apply_order.py[line:717]: xxl_job 放款准备作业执行成功！
INFO - 2021-11-05 16:09:02,781 - new_apply_order.py[line:632]: 查询loan_order_id成功！
INFO - 2021-11-05 16:09:02,800 - new_apply_order.py[line:725]: 修改放款准备完成时间成功！
INFO - 2021-11-05 16:09:02,810 - new_apply_order.py[line:733]: xxl_job 放款完成作业执行成功！
INFO - 2021-11-05 16:09:03,311 - new_apply_order.py[line:905]: 校验重试查询第2次
INFO - 2021-11-05 16:09:04,326 - new_apply_order.py[line:799]: 放款完成或准备成功,目前的订单状态是40
INFO - 2021-11-05 16:09:04,326 - new_apply_order.py[line:802]: {'app': 'ncredit', 'loan_order_id': '1456533967430094848', 'mobile': '01636099732', 'order_status': 40}
INFO - 2021-11-05 16:09:04,326 - new_apply_order.py[line:922]: ===========完成第【3】次进件===========
INFO - 2021-11-05 16:09:04,327 - new_apply_order.py[line:882]: 开始第 ncredit【4】次进件……
INFO - 2021-11-05 16:09:04,328 - new_apply_order.py[line:84]: ======【nga测试环境】生成手机号：01636099744 ======
INFO - 2021-11-05 16:09:04,673 - new_apply_order.py[line:97]: 01636099744 检测用户存在成功！
INFO - 2021-11-05 16:09:04,718 - new_apply_order.py[line:106]: 01636099744 短信发送成功！
INFO - 2021-11-05 16:09:04,757 - new_apply_order.py[line:119]: 01636099744 注册成功！
INFO - 2021-11-05 16:09:04,806 - new_apply_order.py[line:135]: 01636099744 登录短信发送成功！
INFO - 2021-11-05 16:09:04,850 - new_apply_order.py[line:145]: userId=6227923458020220928,mobile=01636099744,token=e20c4f81cb07a0d7f80a2680d2c0af96 登录成功
INFO - 2021-11-05 16:09:04,940 - new_apply_order.py[line:212]: 个人信息提交成功！
INFO - 2021-11-05 16:09:04,992 - new_apply_order.py[line:223]: 联系人信息提交成功！
INFO - 2021-11-05 16:09:05,276 - new_apply_order.py[line:255]: 创建预审订单成功！
INFO - 2021-11-05 16:09:05,294 - new_apply_order.py[line:263]: 预审状态修改为通过,更新条数 1
INFO - 2021-11-05 16:09:05,309 - new_apply_order.py[line:266]: 更新初始额度！更新条数 1
INFO - 2021-11-05 16:09:05,565 - new_apply_order.py[line:342]: 活体图片上传成功！回写配置文件global_param.mp4_url
INFO - 2021-11-05 16:09:05,598 - new_apply_order.py[line:352]: 视频认证通过！
INFO - 2021-11-05 16:09:06,644 - new_apply_order.py[line:510]: bvn和银行卡绑卡认证通过！
INFO - 2021-11-05 16:09:06,969 - new_apply_order.py[line:561]: user更新1条
INFO - 2021-11-05 16:09:07,178 - new_apply_order.py[line:612]: 进件成功！执行sql将订单改为风控中……
INFO - 2021-11-05 16:09:08,212 - new_apply_order.py[line:618]: 订单表更新1条，信审更新1条
INFO - 2021-11-05 16:09:08,562 - new_apply_order.py[line:632]: 查询loan_order_id成功！
INFO - 2021-11-05 16:09:08,601 - new_apply_order.py[line:647]: 订单回调复审通过成功！
INFO - 2021-11-05 16:09:09,345 - new_apply_order.py[line:669]: 获取token成功！token=bearer d5992460-d0b8-41c1-a203-8106a462060d！
INFO - 2021-11-05 16:09:09,696 - new_apply_order.py[line:632]: 查询loan_order_id成功！
INFO - 2021-11-05 16:09:10,049 - new_apply_order.py[line:687]: 后台已触发放款成功！
INFO - 2021-11-05 16:09:10,063 - new_apply_order.py[line:701]: xxl_job web 登录成功！
INFO - 2021-11-05 16:09:10,072 - new_apply_order.py[line:717]: xxl_job 放款准备作业执行成功！
INFO - 2021-11-05 16:09:11,432 - new_apply_order.py[line:632]: 查询loan_order_id成功！
INFO - 2021-11-05 16:09:11,445 - new_apply_order.py[line:725]: 修改放款准备完成时间成功！
INFO - 2021-11-05 16:09:11,452 - new_apply_order.py[line:733]: xxl_job 放款完成作业执行成功！
INFO - 2021-11-05 16:09:11,760 - new_apply_order.py[line:905]: 校验重试查询第1次
ERROR - 2021-11-05 16:09:12,774 - new_apply_order.py[line:801]: 放款完成或准备失败,目前的订单状态是32
INFO - 2021-11-05 16:09:12,774 - new_apply_order.py[line:802]: {'app': 'ncredit', 'loan_order_id': '1456534015765254144', 'mobile': '01636099744', 'order_status': 32}
INFO - 2021-11-05 16:09:12,784 - new_apply_order.py[line:701]: xxl_job web 登录成功！
INFO - 2021-11-05 16:09:12,791 - new_apply_order.py[line:717]: xxl_job 放款准备作业执行成功！
INFO - 2021-11-05 16:09:14,147 - new_apply_order.py[line:632]: 查询loan_order_id成功！
INFO - 2021-11-05 16:09:14,166 - new_apply_order.py[line:725]: 修改放款准备完成时间成功！
INFO - 2021-11-05 16:09:14,174 - new_apply_order.py[line:733]: xxl_job 放款完成作业执行成功！
INFO - 2021-11-05 16:09:14,678 - new_apply_order.py[line:905]: 校验重试查询第2次
INFO - 2021-11-05 16:09:15,697 - new_apply_order.py[line:799]: 放款完成或准备成功,目前的订单状态是40
INFO - 2021-11-05 16:09:15,698 - new_apply_order.py[line:802]: {'app': 'ncredit', 'loan_order_id': '1456534015765254144', 'mobile': '01636099744', 'order_status': 40}
INFO - 2021-11-05 16:09:15,698 - new_apply_order.py[line:922]: ===========完成第【4】次进件===========
INFO - 2021-11-05 16:09:15,699 - new_apply_order.py[line:882]: 开始第 ncredit【5】次进件……
INFO - 2021-11-05 16:09:15,700 - new_apply_order.py[line:84]: ======【nga测试环境】生成手机号：01636099755 ======
INFO - 2021-11-05 16:09:16,048 - new_apply_order.py[line:97]: 01636099755 检测用户存在成功！
INFO - 2021-11-05 16:09:16,100 - new_apply_order.py[line:106]: 01636099755 短信发送成功！
INFO - 2021-11-05 16:09:16,150 - new_apply_order.py[line:119]: 01636099755 注册成功！
INFO - 2021-11-05 16:09:16,220 - new_apply_order.py[line:135]: 01636099755 登录短信发送成功！
INFO - 2021-11-05 16:09:16,273 - new_apply_order.py[line:145]: userId=6227923505751400448,mobile=01636099755,token=d556dc2065cc32cab48be5f114ac42fe 登录成功
INFO - 2021-11-05 16:09:16,368 - new_apply_order.py[line:212]: 个人信息提交成功！
INFO - 2021-11-05 16:09:16,424 - new_apply_order.py[line:223]: 联系人信息提交成功！
INFO - 2021-11-05 16:09:16,677 - new_apply_order.py[line:255]: 创建预审订单成功！
INFO - 2021-11-05 16:09:16,698 - new_apply_order.py[line:263]: 预审状态修改为通过,更新条数 1
INFO - 2021-11-05 16:09:16,716 - new_apply_order.py[line:266]: 更新初始额度！更新条数 1
INFO - 2021-11-05 16:09:17,014 - new_apply_order.py[line:342]: 活体图片上传成功！回写配置文件global_param.mp4_url
INFO - 2021-11-05 16:09:17,052 - new_apply_order.py[line:352]: 视频认证通过！
INFO - 2021-11-05 16:09:18,094 - new_apply_order.py[line:510]: bvn和银行卡绑卡认证通过！
INFO - 2021-11-05 16:09:18,412 - new_apply_order.py[line:561]: user更新1条
INFO - 2021-11-05 16:09:18,611 - new_apply_order.py[line:612]: 进件成功！执行sql将订单改为风控中……
INFO - 2021-11-05 16:09:19,656 - new_apply_order.py[line:618]: 订单表更新1条，信审更新1条
INFO - 2021-11-05 16:09:20,048 - new_apply_order.py[line:632]: 查询loan_order_id成功！
INFO - 2021-11-05 16:09:20,095 - new_apply_order.py[line:647]: 订单回调复审通过成功！
INFO - 2021-11-05 16:09:20,852 - new_apply_order.py[line:669]: 获取token成功！token=bearer d5992460-d0b8-41c1-a203-8106a462060d！
INFO - 2021-11-05 16:09:21,226 - new_apply_order.py[line:632]: 查询loan_order_id成功！
INFO - 2021-11-05 16:09:21,530 - new_apply_order.py[line:687]: 后台已触发放款成功！
INFO - 2021-11-05 16:09:21,544 - new_apply_order.py[line:701]: xxl_job web 登录成功！
INFO - 2021-11-05 16:09:21,556 - new_apply_order.py[line:717]: xxl_job 放款准备作业执行成功！
INFO - 2021-11-05 16:09:22,909 - new_apply_order.py[line:632]: 查询loan_order_id成功！
INFO - 2021-11-05 16:09:22,923 - new_apply_order.py[line:725]: 修改放款准备完成时间成功！
INFO - 2021-11-05 16:09:22,931 - new_apply_order.py[line:733]: xxl_job 放款完成作业执行成功！
INFO - 2021-11-05 16:09:23,237 - new_apply_order.py[line:905]: 校验重试查询第1次
ERROR - 2021-11-05 16:09:24,258 - new_apply_order.py[line:801]: 放款完成或准备失败,目前的订单状态是32
INFO - 2021-11-05 16:09:24,258 - new_apply_order.py[line:802]: {'app': 'ncredit', 'loan_order_id': '1456534063643234304', 'mobile': '01636099755', 'order_status': 32}
INFO - 2021-11-05 16:09:24,272 - new_apply_order.py[line:701]: xxl_job web 登录成功！
INFO - 2021-11-05 16:09:24,284 - new_apply_order.py[line:717]: xxl_job 放款准备作业执行成功！
INFO - 2021-11-05 16:09:25,641 - new_apply_order.py[line:632]: 查询loan_order_id成功！
INFO - 2021-11-05 16:09:25,661 - new_apply_order.py[line:725]: 修改放款准备完成时间成功！
INFO - 2021-11-05 16:09:25,670 - new_apply_order.py[line:733]: xxl_job 放款完成作业执行成功！
INFO - 2021-11-05 16:09:26,172 - new_apply_order.py[line:905]: 校验重试查询第2次
INFO - 2021-11-05 16:09:27,191 - new_apply_order.py[line:799]: 放款完成或准备成功,目前的订单状态是40
INFO - 2021-11-05 16:09:27,192 - new_apply_order.py[line:802]: {'app': 'ncredit', 'loan_order_id': '1456534063643234304', 'mobile': '01636099755', 'order_status': 40}
INFO - 2021-11-05 16:09:27,192 - new_apply_order.py[line:922]: ===========完成第【5】次进件===========
INFO - 2021-11-05 16:09:27,192 - new_apply_order.py[line:882]: 开始第 ncredit【6】次进件……
INFO - 2021-11-05 16:09:27,194 - new_apply_order.py[line:84]: ======【nga测试环境】生成手机号：01636099767 ======
INFO - 2021-11-05 16:09:27,547 - new_apply_order.py[line:97]: 01636099767 检测用户存在成功！
INFO - 2021-11-05 16:09:27,594 - new_apply_order.py[line:106]: 01636099767 短信发送成功！
INFO - 2021-11-05 16:09:27,643 - new_apply_order.py[line:119]: 01636099767 注册成功！
INFO - 2021-11-05 16:09:27,697 - new_apply_order.py[line:135]: 01636099767 登录短信发送成功！
INFO - 2021-11-05 16:09:27,743 - new_apply_order.py[line:145]: userId=6227923553964924928,mobile=01636099767,token=028a19ed87d23e0c0dd50a4df60435c7 登录成功
INFO - 2021-11-05 16:09:27,835 - new_apply_order.py[line:212]: 个人信息提交成功！
INFO - 2021-11-05 16:09:27,890 - new_apply_order.py[line:223]: 联系人信息提交成功！
INFO - 2021-11-05 16:09:28,110 - new_apply_order.py[line:255]: 创建预审订单成功！
INFO - 2021-11-05 16:09:28,131 - new_apply_order.py[line:263]: 预审状态修改为通过,更新条数 1
INFO - 2021-11-05 16:09:28,152 - new_apply_order.py[line:266]: 更新初始额度！更新条数 1
INFO - 2021-11-05 16:09:28,435 - new_apply_order.py[line:342]: 活体图片上传成功！回写配置文件global_param.mp4_url
INFO - 2021-11-05 16:09:28,465 - new_apply_order.py[line:352]: 视频认证通过！
INFO - 2021-11-05 16:09:29,452 - new_apply_order.py[line:510]: bvn和银行卡绑卡认证通过！
INFO - 2021-11-05 16:09:29,787 - new_apply_order.py[line:561]: user更新1条
INFO - 2021-11-05 16:09:30,029 - new_apply_order.py[line:612]: 进件成功！执行sql将订单改为风控中……
INFO - 2021-11-05 16:09:31,069 - new_apply_order.py[line:618]: 订单表更新1条，信审更新1条
INFO - 2021-11-05 16:09:31,429 - new_apply_order.py[line:632]: 查询loan_order_id成功！
INFO - 2021-11-05 16:09:31,472 - new_apply_order.py[line:647]: 订单回调复审通过成功！
INFO - 2021-11-05 16:09:32,239 - new_apply_order.py[line:669]: 获取token成功！token=bearer d5992460-d0b8-41c1-a203-8106a462060d！
INFO - 2021-11-05 16:09:32,601 - new_apply_order.py[line:632]: 查询loan_order_id成功！
INFO - 2021-11-05 16:09:32,925 - new_apply_order.py[line:687]: 后台已触发放款成功！
INFO - 2021-11-05 16:09:32,939 - new_apply_order.py[line:701]: xxl_job web 登录成功！
INFO - 2021-11-05 16:09:32,949 - new_apply_order.py[line:717]: xxl_job 放款准备作业执行成功！
INFO - 2021-11-05 16:09:34,314 - new_apply_order.py[line:632]: 查询loan_order_id成功！
INFO - 2021-11-05 16:09:34,328 - new_apply_order.py[line:725]: 修改放款准备完成时间成功！
INFO - 2021-11-05 16:09:34,336 - new_apply_order.py[line:733]: xxl_job 放款完成作业执行成功！
INFO - 2021-11-05 16:09:34,640 - new_apply_order.py[line:905]: 校验重试查询第1次
ERROR - 2021-11-05 16:09:35,658 - new_apply_order.py[line:801]: 放款完成或准备失败,目前的订单状态是32
INFO - 2021-11-05 16:09:35,658 - new_apply_order.py[line:802]: {'app': 'ncredit', 'loan_order_id': '1456534111655432192', 'mobile': '01636099767', 'order_status': 32}
INFO - 2021-11-05 16:09:35,672 - new_apply_order.py[line:701]: xxl_job web 登录成功！
INFO - 2021-11-05 16:09:35,683 - new_apply_order.py[line:717]: xxl_job 放款准备作业执行成功！
INFO - 2021-11-05 16:09:37,058 - new_apply_order.py[line:632]: 查询loan_order_id成功！
INFO - 2021-11-05 16:09:37,074 - new_apply_order.py[line:725]: 修改放款准备完成时间成功！
INFO - 2021-11-05 16:09:37,082 - new_apply_order.py[line:733]: xxl_job 放款完成作业执行成功！
INFO - 2021-11-05 16:09:37,586 - new_apply_order.py[line:905]: 校验重试查询第2次
ERROR - 2021-11-05 16:09:38,603 - new_apply_order.py[line:801]: 放款完成或准备失败,目前的订单状态是35
INFO - 2021-11-05 16:09:38,604 - new_apply_order.py[line:802]: {'app': 'ncredit', 'loan_order_id': '1456534111655432192', 'mobile': '01636099767', 'order_status': 35}
INFO - 2021-11-05 16:09:39,111 - new_apply_order.py[line:905]: 校验重试查询第3次
INFO - 2021-11-05 16:09:40,127 - new_apply_order.py[line:799]: 放款完成或准备成功,目前的订单状态是40
INFO - 2021-11-05 16:09:40,127 - new_apply_order.py[line:802]: {'app': 'ncredit', 'loan_order_id': '1456534111655432192', 'mobile': '01636099767', 'order_status': 40}
INFO - 2021-11-05 16:09:40,128 - new_apply_order.py[line:922]: ===========完成第【6】次进件===========
INFO - 2021-11-05 16:09:40,128 - new_apply_order.py[line:882]: 开始第 ncredit【7】次进件……
INFO - 2021-11-05 16:09:40,129 - new_apply_order.py[line:84]: ======【nga测试环境】生成手机号：01636099780 ======
INFO - 2021-11-05 16:09:40,479 - new_apply_order.py[line:97]: 01636099780 检测用户存在成功！
INFO - 2021-11-05 16:09:40,523 - new_apply_order.py[line:106]: 01636099780 短信发送成功！
INFO - 2021-11-05 16:09:40,566 - new_apply_order.py[line:119]: 01636099780 注册成功！
INFO - 2021-11-05 16:09:40,633 - new_apply_order.py[line:135]: 01636099780 登录短信发送成功！
INFO - 2021-11-05 16:09:40,688 - new_apply_order.py[line:145]: userId=6227923608188887040,mobile=01636099780,token=d5f2baaae22685b8e0e97a89b595ad81 登录成功
INFO - 2021-11-05 16:09:40,796 - new_apply_order.py[line:212]: 个人信息提交成功！
INFO - 2021-11-05 16:09:40,846 - new_apply_order.py[line:223]: 联系人信息提交成功！
INFO - 2021-11-05 16:09:41,099 - new_apply_order.py[line:255]: 创建预审订单成功！
INFO - 2021-11-05 16:09:41,120 - new_apply_order.py[line:263]: 预审状态修改为通过,更新条数 1
INFO - 2021-11-05 16:09:41,140 - new_apply_order.py[line:266]: 更新初始额度！更新条数 1
INFO - 2021-11-05 16:09:41,425 - new_apply_order.py[line:342]: 活体图片上传成功！回写配置文件global_param.mp4_url
INFO - 2021-11-05 16:09:41,478 - new_apply_order.py[line:352]: 视频认证通过！
INFO - 2021-11-05 16:09:42,391 - new_apply_order.py[line:510]: bvn和银行卡绑卡认证通过！
INFO - 2021-11-05 16:09:42,715 - new_apply_order.py[line:561]: user更新1条
INFO - 2021-11-05 16:09:42,935 - new_apply_order.py[line:612]: 进件成功！执行sql将订单改为风控中……
INFO - 2021-11-05 16:09:43,978 - new_apply_order.py[line:618]: 订单表更新1条，信审更新1条
INFO - 2021-11-05 16:09:44,340 - new_apply_order.py[line:632]: 查询loan_order_id成功！
INFO - 2021-11-05 16:09:44,386 - new_apply_order.py[line:647]: 订单回调复审通过成功！
INFO - 2021-11-05 16:09:45,175 - new_apply_order.py[line:669]: 获取token成功！token=bearer d5992460-d0b8-41c1-a203-8106a462060d！
INFO - 2021-11-05 16:09:45,524 - new_apply_order.py[line:632]: 查询loan_order_id成功！
INFO - 2021-11-05 16:09:45,870 - new_apply_order.py[line:687]: 后台已触发放款成功！
INFO - 2021-11-05 16:09:45,883 - new_apply_order.py[line:701]: xxl_job web 登录成功！
INFO - 2021-11-05 16:09:45,892 - new_apply_order.py[line:717]: xxl_job 放款准备作业执行成功！
INFO - 2021-11-05 16:09:47,242 - new_apply_order.py[line:632]: 查询loan_order_id成功！
INFO - 2021-11-05 16:09:47,260 - new_apply_order.py[line:725]: 修改放款准备完成时间成功！
INFO - 2021-11-05 16:09:47,269 - new_apply_order.py[line:733]: xxl_job 放款完成作业执行成功！
INFO - 2021-11-05 16:09:47,575 - new_apply_order.py[line:905]: 校验重试查询第1次
ERROR - 2021-11-05 16:09:48,594 - new_apply_order.py[line:801]: 放款完成或准备失败,目前的订单状态是32
INFO - 2021-11-05 16:09:48,594 - new_apply_order.py[line:802]: {'app': 'ncredit', 'loan_order_id': '1456534166118469632', 'mobile': '01636099780', 'order_status': 32}
INFO - 2021-11-05 16:09:48,606 - new_apply_order.py[line:701]: xxl_job web 登录成功！
INFO - 2021-11-05 16:09:48,617 - new_apply_order.py[line:717]: xxl_job 放款准备作业执行成功！
INFO - 2021-11-05 16:09:49,992 - new_apply_order.py[line:632]: 查询loan_order_id成功！
INFO - 2021-11-05 16:09:50,009 - new_apply_order.py[line:725]: 修改放款准备完成时间成功！
INFO - 2021-11-05 16:09:50,018 - new_apply_order.py[line:733]: xxl_job 放款完成作业执行成功！
INFO - 2021-11-05 16:09:50,522 - new_apply_order.py[line:905]: 校验重试查询第2次
INFO - 2021-11-05 16:09:51,538 - new_apply_order.py[line:799]: 放款完成或准备成功,目前的订单状态是40
INFO - 2021-11-05 16:09:51,539 - new_apply_order.py[line:802]: {'app': 'ncredit', 'loan_order_id': '1456534166118469632', 'mobile': '01636099780', 'order_status': 40}
INFO - 2021-11-05 16:09:51,539 - new_apply_order.py[line:922]: ===========完成第【7】次进件===========
INFO - 2021-11-05 16:09:51,540 - new_apply_order.py[line:882]: 开始第 ncredit【8】次进件……
INFO - 2021-11-05 16:09:51,541 - new_apply_order.py[line:84]: ======【nga测试环境】生成手机号：01636099791 ======
INFO - 2021-11-05 16:09:51,889 - new_apply_order.py[line:97]: 01636099791 检测用户存在成功！
INFO - 2021-11-05 16:09:51,933 - new_apply_order.py[line:106]: 01636099791 短信发送成功！
INFO - 2021-11-05 16:09:51,973 - new_apply_order.py[line:119]: 01636099791 注册成功！
INFO - 2021-11-05 16:09:52,025 - new_apply_order.py[line:135]: 01636099791 登录短信发送成功！
INFO - 2021-11-05 16:09:52,071 - new_apply_order.py[line:145]: userId=6227923656045895680,mobile=01636099791,token=c67580dcc74adf7406758e898700d7d4 登录成功
INFO - 2021-11-05 16:09:52,157 - new_apply_order.py[line:212]: 个人信息提交成功！
INFO - 2021-11-05 16:09:52,211 - new_apply_order.py[line:223]: 联系人信息提交成功！
INFO - 2021-11-05 16:09:52,450 - new_apply_order.py[line:255]: 创建预审订单成功！
INFO - 2021-11-05 16:09:52,472 - new_apply_order.py[line:263]: 预审状态修改为通过,更新条数 1
INFO - 2021-11-05 16:09:52,494 - new_apply_order.py[line:266]: 更新初始额度！更新条数 1
INFO - 2021-11-05 16:09:52,782 - new_apply_order.py[line:342]: 活体图片上传成功！回写配置文件global_param.mp4_url
INFO - 2021-11-05 16:09:52,819 - new_apply_order.py[line:352]: 视频认证通过！
INFO - 2021-11-05 16:09:53,855 - new_apply_order.py[line:510]: bvn和银行卡绑卡认证通过！
INFO - 2021-11-05 16:09:54,203 - new_apply_order.py[line:561]: user更新1条
INFO - 2021-11-05 16:09:54,414 - new_apply_order.py[line:612]: 进件成功！执行sql将订单改为风控中……
INFO - 2021-11-05 16:09:55,457 - new_apply_order.py[line:618]: 订单表更新1条，信审更新1条
INFO - 2021-11-05 16:09:55,816 - new_apply_order.py[line:632]: 查询loan_order_id成功！
INFO - 2021-11-05 16:09:55,867 - new_apply_order.py[line:647]: 订单回调复审通过成功！
INFO - 2021-11-05 16:09:56,688 - new_apply_order.py[line:669]: 获取token成功！token=bearer d5992460-d0b8-41c1-a203-8106a462060d！
INFO - 2021-11-05 16:09:57,053 - new_apply_order.py[line:632]: 查询loan_order_id成功！
INFO - 2021-11-05 16:09:57,404 - new_apply_order.py[line:687]: 后台已触发放款成功！
INFO - 2021-11-05 16:09:57,418 - new_apply_order.py[line:701]: xxl_job web 登录成功！
INFO - 2021-11-05 16:09:57,429 - new_apply_order.py[line:717]: xxl_job 放款准备作业执行成功！
INFO - 2021-11-05 16:09:58,787 - new_apply_order.py[line:632]: 查询loan_order_id成功！
INFO - 2021-11-05 16:09:58,801 - new_apply_order.py[line:725]: 修改放款准备完成时间成功！
INFO - 2021-11-05 16:09:58,807 - new_apply_order.py[line:733]: xxl_job 放款完成作业执行成功！
INFO - 2021-11-05 16:09:59,116 - new_apply_order.py[line:905]: 校验重试查询第1次
ERROR - 2021-11-05 16:10:00,136 - new_apply_order.py[line:801]: 放款完成或准备失败,目前的订单状态是32
INFO - 2021-11-05 16:10:00,136 - new_apply_order.py[line:802]: {'app': 'ncredit', 'loan_order_id': '1456534213660905472', 'mobile': '01636099791', 'order_status': 32}
INFO - 2021-11-05 16:10:00,151 - new_apply_order.py[line:701]: xxl_job web 登录成功！
INFO - 2021-11-05 16:10:00,162 - new_apply_order.py[line:717]: xxl_job 放款准备作业执行成功！
INFO - 2021-11-05 16:10:01,514 - new_apply_order.py[line:632]: 查询loan_order_id成功！
INFO - 2021-11-05 16:10:01,533 - new_apply_order.py[line:725]: 修改放款准备完成时间成功！
INFO - 2021-11-05 16:10:01,542 - new_apply_order.py[line:733]: xxl_job 放款完成作业执行成功！
INFO - 2021-11-05 16:10:02,047 - new_apply_order.py[line:905]: 校验重试查询第2次
ERROR - 2021-11-05 16:10:03,063 - new_apply_order.py[line:801]: 放款完成或准备失败,目前的订单状态是35
INFO - 2021-11-05 16:10:03,064 - new_apply_order.py[line:802]: {'app': 'ncredit', 'loan_order_id': '1456534213660905472', 'mobile': '01636099791', 'order_status': 35}
INFO - 2021-11-05 16:10:03,575 - new_apply_order.py[line:905]: 校验重试查询第3次
INFO - 2021-11-05 16:10:04,592 - new_apply_order.py[line:799]: 放款完成或准备成功,目前的订单状态是40
INFO - 2021-11-05 16:10:04,593 - new_apply_order.py[line:802]: {'app': 'ncredit', 'loan_order_id': '1456534213660905472', 'mobile': '01636099791', 'order_status': 40}
INFO - 2021-11-05 16:10:04,593 - new_apply_order.py[line:922]: ===========完成第【8】次进件===========
INFO - 2021-11-05 16:10:04,593 - new_apply_order.py[line:882]: 开始第 ncredit【9】次进件……
INFO - 2021-11-05 16:10:04,595 - new_apply_order.py[line:84]: ======【nga测试环境】生成手机号：01636099804 ======
INFO - 2021-11-05 16:10:04,980 - new_apply_order.py[line:97]: 01636099804 检测用户存在成功！
INFO - 2021-11-05 16:10:05,051 - new_apply_order.py[line:106]: 01636099804 短信发送成功！
INFO - 2021-11-05 16:10:05,091 - new_apply_order.py[line:119]: 01636099804 注册成功！
INFO - 2021-11-05 16:10:05,166 - new_apply_order.py[line:135]: 01636099804 登录短信发送成功！
INFO - 2021-11-05 16:10:05,212 - new_apply_order.py[line:145]: userId=6227923711066775552,mobile=01636099804,token=66e39225297ce2cd73f8bcdb4d6a1eb9 登录成功
INFO - 2021-11-05 16:10:05,301 - new_apply_order.py[line:212]: 个人信息提交成功！
INFO - 2021-11-05 16:10:05,358 - new_apply_order.py[line:223]: 联系人信息提交成功！
INFO - 2021-11-05 16:10:05,628 - new_apply_order.py[line:255]: 创建预审订单成功！
INFO - 2021-11-05 16:10:05,646 - new_apply_order.py[line:263]: 预审状态修改为通过,更新条数 1
INFO - 2021-11-05 16:10:05,662 - new_apply_order.py[line:266]: 更新初始额度！更新条数 1
INFO - 2021-11-05 16:10:05,932 - new_apply_order.py[line:342]: 活体图片上传成功！回写配置文件global_param.mp4_url
INFO - 2021-11-05 16:10:05,965 - new_apply_order.py[line:352]: 视频认证通过！
INFO - 2021-11-05 16:10:07,006 - new_apply_order.py[line:510]: bvn和银行卡绑卡认证通过！
INFO - 2021-11-05 16:10:07,326 - new_apply_order.py[line:561]: user更新1条
INFO - 2021-11-05 16:10:07,560 - new_apply_order.py[line:612]: 进件成功！执行sql将订单改为风控中……
INFO - 2021-11-05 16:10:08,605 - new_apply_order.py[line:618]: 订单表更新1条，信审更新1条
INFO - 2021-11-05 16:10:08,961 - new_apply_order.py[line:632]: 查询loan_order_id成功！
INFO - 2021-11-05 16:10:09,010 - new_apply_order.py[line:647]: 订单回调复审通过成功！
INFO - 2021-11-05 16:10:09,814 - new_apply_order.py[line:669]: 获取token成功！token=bearer d5992460-d0b8-41c1-a203-8106a462060d！
INFO - 2021-11-05 16:10:10,167 - new_apply_order.py[line:632]: 查询loan_order_id成功！
INFO - 2021-11-05 16:10:10,510 - new_apply_order.py[line:687]: 后台已触发放款成功！
INFO - 2021-11-05 16:10:10,527 - new_apply_order.py[line:701]: xxl_job web 登录成功！
INFO - 2021-11-05 16:10:10,537 - new_apply_order.py[line:717]: xxl_job 放款准备作业执行成功！
INFO - 2021-11-05 16:10:11,888 - new_apply_order.py[line:632]: 查询loan_order_id成功！
INFO - 2021-11-05 16:10:11,900 - new_apply_order.py[line:725]: 修改放款准备完成时间成功！
INFO - 2021-11-05 16:10:11,906 - new_apply_order.py[line:733]: xxl_job 放款完成作业执行成功！
INFO - 2021-11-05 16:10:12,212 - new_apply_order.py[line:905]: 校验重试查询第1次
ERROR - 2021-11-05 16:10:13,227 - new_apply_order.py[line:801]: 放款完成或准备失败,目前的订单状态是32
INFO - 2021-11-05 16:10:13,227 - new_apply_order.py[line:802]: {'app': 'ncredit', 'loan_order_id': '1456534268925054976', 'mobile': '01636099804', 'order_status': 32}
INFO - 2021-11-05 16:10:13,237 - new_apply_order.py[line:701]: xxl_job web 登录成功！
INFO - 2021-11-05 16:10:13,245 - new_apply_order.py[line:717]: xxl_job 放款准备作业执行成功！
INFO - 2021-11-05 16:10:14,596 - new_apply_order.py[line:632]: 查询loan_order_id成功！
INFO - 2021-11-05 16:10:14,615 - new_apply_order.py[line:725]: 修改放款准备完成时间成功！
INFO - 2021-11-05 16:10:14,624 - new_apply_order.py[line:733]: xxl_job 放款完成作业执行成功！
INFO - 2021-11-05 16:10:15,126 - new_apply_order.py[line:905]: 校验重试查询第2次
ERROR - 2021-11-05 16:10:16,142 - new_apply_order.py[line:801]: 放款完成或准备失败,目前的订单状态是35
INFO - 2021-11-05 16:10:16,143 - new_apply_order.py[line:802]: {'app': 'ncredit', 'loan_order_id': '1456534268925054976', 'mobile': '01636099804', 'order_status': 35}
INFO - 2021-11-05 16:10:16,654 - new_apply_order.py[line:905]: 校验重试查询第3次
INFO - 2021-11-05 16:10:17,672 - new_apply_order.py[line:799]: 放款完成或准备成功,目前的订单状态是40
INFO - 2021-11-05 16:10:17,673 - new_apply_order.py[line:802]: {'app': 'ncredit', 'loan_order_id': '1456534268925054976', 'mobile': '01636099804', 'order_status': 40}
INFO - 2021-11-05 16:10:17,673 - new_apply_order.py[line:922]: ===========完成第【9】次进件===========
INFO - 2021-11-05 16:10:17,674 - new_apply_order.py[line:882]: 开始第 ncredit【10】次进件……
INFO - 2021-11-05 16:10:17,675 - new_apply_order.py[line:84]: ======【nga测试环境】生成手机号：01636099817 ======
INFO - 2021-11-05 16:10:18,022 - new_apply_order.py[line:97]: 01636099817 检测用户存在成功！
INFO - 2021-11-05 16:10:18,067 - new_apply_order.py[line:106]: 01636099817 短信发送成功！
INFO - 2021-11-05 16:10:18,108 - new_apply_order.py[line:119]: 01636099817 注册成功！
INFO - 2021-11-05 16:10:18,161 - new_apply_order.py[line:135]: 01636099817 登录短信发送成功！
INFO - 2021-11-05 16:10:18,206 - new_apply_order.py[line:145]: userId=6227923765659836416,mobile=01636099817,token=1091435318972270f684b8b3bb4cb977 登录成功
INFO - 2021-11-05 16:10:18,289 - new_apply_order.py[line:212]: 个人信息提交成功！
INFO - 2021-11-05 16:10:18,343 - new_apply_order.py[line:223]: 联系人信息提交成功！
INFO - 2021-11-05 16:10:18,559 - new_apply_order.py[line:255]: 创建预审订单成功！
INFO - 2021-11-05 16:10:18,578 - new_apply_order.py[line:263]: 预审状态修改为通过,更新条数 1
INFO - 2021-11-05 16:10:18,596 - new_apply_order.py[line:266]: 更新初始额度！更新条数 1
INFO - 2021-11-05 16:10:18,889 - new_apply_order.py[line:342]: 活体图片上传成功！回写配置文件global_param.mp4_url
INFO - 2021-11-05 16:10:18,926 - new_apply_order.py[line:352]: 视频认证通过！
INFO - 2021-11-05 16:10:19,979 - new_apply_order.py[line:510]: bvn和银行卡绑卡认证通过！
INFO - 2021-11-05 16:10:20,316 - new_apply_order.py[line:561]: user更新1条
INFO - 2021-11-05 16:10:20,500 - new_apply_order.py[line:612]: 进件成功！执行sql将订单改为风控中……
INFO - 2021-11-05 16:10:21,547 - new_apply_order.py[line:618]: 订单表更新1条，信审更新1条
INFO - 2021-11-05 16:10:21,909 - new_apply_order.py[line:632]: 查询loan_order_id成功！
INFO - 2021-11-05 16:10:21,959 - new_apply_order.py[line:647]: 订单回调复审通过成功！
INFO - 2021-11-05 16:10:22,732 - new_apply_order.py[line:669]: 获取token成功！token=bearer d5992460-d0b8-41c1-a203-8106a462060d！
INFO - 2021-11-05 16:10:23,087 - new_apply_order.py[line:632]: 查询loan_order_id成功！
INFO - 2021-11-05 16:10:23,407 - new_apply_order.py[line:687]: 后台已触发放款成功！
INFO - 2021-11-05 16:10:23,422 - new_apply_order.py[line:701]: xxl_job web 登录成功！
INFO - 2021-11-05 16:10:23,432 - new_apply_order.py[line:717]: xxl_job 放款准备作业执行成功！
INFO - 2021-11-05 16:10:24,784 - new_apply_order.py[line:632]: 查询loan_order_id成功！
INFO - 2021-11-05 16:10:24,797 - new_apply_order.py[line:725]: 修改放款准备完成时间成功！
INFO - 2021-11-05 16:10:24,804 - new_apply_order.py[line:733]: xxl_job 放款完成作业执行成功！
INFO - 2021-11-05 16:10:25,114 - new_apply_order.py[line:905]: 校验重试查询第1次
ERROR - 2021-11-05 16:10:26,134 - new_apply_order.py[line:801]: 放款完成或准备失败,目前的订单状态是32
INFO - 2021-11-05 16:10:26,134 - new_apply_order.py[line:802]: {'app': 'ncredit', 'loan_order_id': '1456534323266457600', 'mobile': '01636099817', 'order_status': 32}
INFO - 2021-11-05 16:10:26,148 - new_apply_order.py[line:701]: xxl_job web 登录成功！
INFO - 2021-11-05 16:10:26,159 - new_apply_order.py[line:717]: xxl_job 放款准备作业执行成功！
INFO - 2021-11-05 16:10:27,519 - new_apply_order.py[line:632]: 查询loan_order_id成功！
INFO - 2021-11-05 16:10:27,541 - new_apply_order.py[line:725]: 修改放款准备完成时间成功！
INFO - 2021-11-05 16:10:27,550 - new_apply_order.py[line:733]: xxl_job 放款完成作业执行成功！
INFO - 2021-11-05 16:10:28,056 - new_apply_order.py[line:905]: 校验重试查询第2次
INFO - 2021-11-05 16:10:29,071 - new_apply_order.py[line:799]: 放款完成或准备成功,目前的订单状态是40
INFO - 2021-11-05 16:10:29,071 - new_apply_order.py[line:802]: {'app': 'ncredit', 'loan_order_id': '1456534323266457600', 'mobile': '01636099817', 'order_status': 40}
INFO - 2021-11-05 16:10:29,072 - new_apply_order.py[line:922]: ===========完成第【10】次进件===========
INFO - 2021-11-05 16:10:29,072 - new_apply_order.py[line:925]: ======完成第【10】次进件,耗时122.74s=====
