INFO - 2021-09-15 14:40:38,783 - new_apply_order.py[line:683]: 开始第 pcamion【1】次进件……
INFO - 2021-09-15 14:40:38,783 - new_apply_order.py[line:82]: ======【co测试环境】生成手机号：3631688038 ======
INFO - 2021-09-15 14:40:39,170 - new_apply_order.py[line:95]: 3631688038 检测用户存在成功！
INFO - 2021-09-15 14:40:39,245 - new_apply_order.py[line:104]: 3631688038 短信发送成功！
INFO - 2021-09-15 14:40:39,299 - new_apply_order.py[line:117]: 3631688038 注册成功！
INFO - 2021-09-15 14:40:39,386 - new_apply_order.py[line:133]: 3631688038 登录短信发送成功！
INFO - 2021-09-15 14:40:39,449 - new_apply_order.py[line:143]: userId=4951128224491249664,mobile=3631688038,token=9f367249bbb2c760f5972ea515489c95 登录成功
INFO - 2021-09-15 14:40:39,541 - new_apply_order.py[line:205]: 个人信息提交成功！
INFO - 2021-09-15 14:40:40,023 - new_apply_order.py[line:238]: 创建预审订单成功！
INFO - 2021-09-15 14:40:40,042 - new_apply_order.py[line:246]: 预审状态修改为通过,更新条数 1
INFO - 2021-09-15 14:40:40,057 - new_apply_order.py[line:249]: 更新初始额度！更新条数 1
INFO - 2021-09-15 14:40:40,353 - new_apply_order.py[line:266]: 活体图片上传成功！回写配置文件global_param.mp4_url
INFO - 2021-09-15 14:40:40,414 - new_apply_order.py[line:276]: 视频认证通过！
INFO - 2021-09-15 14:40:42,561 - new_apply_order.py[line:331]: curp上传成功!
INFO - 2021-09-15 14:40:42,675 - new_apply_order.py[line:340]: curp_rfc校验通过！
INFO - 2021-09-15 14:40:43,284 - new_apply_order.py[line:413]: 不绑卡成功跳过！
INFO - 2021-09-15 14:40:43,573 - new_apply_order.py[line:426]: 进件成功！执行sql将订单改为风控中……
INFO - 2021-09-15 14:40:44,623 - new_apply_order.py[line:432]: 订单表更新1条，信审更新1条
INFO - 2021-09-15 14:40:45,240 - new_apply_order.py[line:446]: 查询loan_order_id成功！
INFO - 2021-09-15 14:40:45,293 - new_apply_order.py[line:461]: 订单回调复审通过成功！
INFO - 2021-09-15 14:40:46,140 - new_apply_order.py[line:483]: 获取token成功！token=bearer 8a896575-c293-423c-873f-d7d6312422e8！
INFO - 2021-09-15 14:40:46,754 - new_apply_order.py[line:446]: 查询loan_order_id成功！
INFO - 2021-09-15 14:40:47,164 - new_apply_order.py[line:501]: 后台已触发放款成功！
INFO - 2021-09-15 14:40:47,749 - new_apply_order.py[line:446]: 查询loan_order_id成功！
INFO - 2021-09-15 14:40:47,760 - new_apply_order.py[line:534]: 修改放款准备完成时间成功！
INFO - 2021-09-15 14:40:48,356 - new_apply_order.py[line:446]: 查询loan_order_id成功！
INFO - 2021-09-15 14:40:48,680 - new_apply_order.py[line:706]: 校验重试查询第1次
ERROR - 2021-09-15 14:40:49,698 - new_apply_order.py[line:602]: 放款完成或准备失败,目前的订单状态是32
INFO - 2021-09-15 14:40:49,699 - new_apply_order.py[line:603]: {'app': 'pcamion', 'loan_order_id': '1438029982162751488', 'mobile': '3631688038', 'order_status': 32}
INFO - 2021-09-15 14:40:50,361 - new_apply_order.py[line:446]: 查询loan_order_id成功！
INFO - 2021-09-15 14:40:50,376 - new_apply_order.py[line:534]: 修改放款准备完成时间成功！
INFO - 2021-09-15 14:40:50,886 - new_apply_order.py[line:706]: 校验重试查询第2次
ERROR - 2021-09-15 14:40:51,909 - new_apply_order.py[line:602]: 放款完成或准备失败,目前的订单状态是32
INFO - 2021-09-15 14:40:51,910 - new_apply_order.py[line:603]: {'app': 'pcamion', 'loan_order_id': '1438029982162751488', 'mobile': '3631688038', 'order_status': 32}
INFO - 2021-09-15 14:40:52,496 - new_apply_order.py[line:446]: 查询loan_order_id成功！
INFO - 2021-09-15 14:40:52,511 - new_apply_order.py[line:534]: 修改放款准备完成时间成功！
INFO - 2021-09-15 14:40:53,020 - new_apply_order.py[line:706]: 校验重试查询第3次
ERROR - 2021-09-15 14:40:54,029 - new_apply_order.py[line:602]: 放款完成或准备失败,目前的订单状态是32
INFO - 2021-09-15 14:40:54,029 - new_apply_order.py[line:603]: {'app': 'pcamion', 'loan_order_id': '1438029982162751488', 'mobile': '3631688038', 'order_status': 32}
INFO - 2021-09-15 14:40:54,593 - new_apply_order.py[line:446]: 查询loan_order_id成功！
INFO - 2021-09-15 14:40:54,606 - new_apply_order.py[line:534]: 修改放款准备完成时间成功！
INFO - 2021-09-15 14:40:55,117 - new_apply_order.py[line:706]: 校验重试查询第4次
ERROR - 2021-09-15 14:40:56,129 - new_apply_order.py[line:602]: 放款完成或准备失败,目前的订单状态是32
INFO - 2021-09-15 14:40:56,129 - new_apply_order.py[line:603]: {'app': 'pcamion', 'loan_order_id': '1438029982162751488', 'mobile': '3631688038', 'order_status': 32}
INFO - 2021-09-15 14:40:56,724 - new_apply_order.py[line:446]: 查询loan_order_id成功！
INFO - 2021-09-15 14:40:56,737 - new_apply_order.py[line:534]: 修改放款准备完成时间成功！
INFO - 2021-09-15 14:40:57,246 - new_apply_order.py[line:706]: 校验重试查询第5次
ERROR - 2021-09-15 14:40:58,272 - new_apply_order.py[line:602]: 放款完成或准备失败,目前的订单状态是32
INFO - 2021-09-15 14:40:58,273 - new_apply_order.py[line:603]: {'app': 'pcamion', 'loan_order_id': '1438029982162751488', 'mobile': '3631688038', 'order_status': 32}
INFO - 2021-09-15 14:40:58,867 - new_apply_order.py[line:446]: 查询loan_order_id成功！
INFO - 2021-09-15 14:40:58,875 - new_apply_order.py[line:534]: 修改放款准备完成时间成功！
INFO - 2021-09-15 14:40:59,383 - new_apply_order.py[line:706]: 校验重试查询第6次
ERROR - 2021-09-15 14:41:00,407 - new_apply_order.py[line:602]: 放款完成或准备失败,目前的订单状态是32
INFO - 2021-09-15 14:41:00,407 - new_apply_order.py[line:603]: {'app': 'pcamion', 'loan_order_id': '1438029982162751488', 'mobile': '3631688038', 'order_status': 32}
INFO - 2021-09-15 14:41:01,012 - new_apply_order.py[line:446]: 查询loan_order_id成功！
INFO - 2021-09-15 14:41:01,030 - new_apply_order.py[line:534]: 修改放款准备完成时间成功！
INFO - 2021-09-15 14:41:01,538 - new_apply_order.py[line:706]: 校验重试查询第7次
ERROR - 2021-09-15 14:41:02,554 - new_apply_order.py[line:602]: 放款完成或准备失败,目前的订单状态是32
INFO - 2021-09-15 14:41:02,554 - new_apply_order.py[line:603]: {'app': 'pcamion', 'loan_order_id': '1438029982162751488', 'mobile': '3631688038', 'order_status': 32}
INFO - 2021-09-15 14:41:03,171 - new_apply_order.py[line:446]: 查询loan_order_id成功！
INFO - 2021-09-15 14:41:03,193 - new_apply_order.py[line:534]: 修改放款准备完成时间成功！
INFO - 2021-09-15 14:41:03,705 - new_apply_order.py[line:706]: 校验重试查询第8次
ERROR - 2021-09-15 14:41:04,724 - new_apply_order.py[line:602]: 放款完成或准备失败,目前的订单状态是32
INFO - 2021-09-15 14:41:04,725 - new_apply_order.py[line:603]: {'app': 'pcamion', 'loan_order_id': '1438029982162751488', 'mobile': '3631688038', 'order_status': 32}
INFO - 2021-09-15 14:41:05,339 - new_apply_order.py[line:446]: 查询loan_order_id成功！
INFO - 2021-09-15 14:41:05,348 - new_apply_order.py[line:534]: 修改放款准备完成时间成功！
INFO - 2021-09-15 14:41:05,857 - new_apply_order.py[line:706]: 校验重试查询第9次
ERROR - 2021-09-15 14:41:06,873 - new_apply_order.py[line:602]: 放款完成或准备失败,目前的订单状态是32
INFO - 2021-09-15 14:41:06,873 - new_apply_order.py[line:603]: {'app': 'pcamion', 'loan_order_id': '1438029982162751488', 'mobile': '3631688038', 'order_status': 32}
INFO - 2021-09-15 14:41:07,482 - new_apply_order.py[line:446]: 查询loan_order_id成功！
INFO - 2021-09-15 14:41:07,493 - new_apply_order.py[line:534]: 修改放款准备完成时间成功！
INFO - 2021-09-15 14:41:08,001 - new_apply_order.py[line:706]: 校验重试查询第10次
ERROR - 2021-09-15 14:41:09,014 - new_apply_order.py[line:602]: 放款完成或准备失败,目前的订单状态是32
INFO - 2021-09-15 14:41:09,015 - new_apply_order.py[line:603]: {'app': 'pcamion', 'loan_order_id': '1438029982162751488', 'mobile': '3631688038', 'order_status': 32}
INFO - 2021-09-15 14:41:09,614 - new_apply_order.py[line:446]: 查询loan_order_id成功！
INFO - 2021-09-15 14:41:09,623 - new_apply_order.py[line:534]: 修改放款准备完成时间成功！
INFO - 2021-09-15 14:41:10,131 - new_apply_order.py[line:723]: ===========完成第【1】次进件===========
INFO - 2021-09-15 14:41:10,132 - new_apply_order.py[line:726]: ======完成第【1】次进件,耗时31.35s=====
