INFO - 2021-10-30 16:59:58,540 - new_apply_order.py[line:882]: 开始第 inaira【1】次进件……
INFO - 2021-10-30 16:59:58,541 - new_apply_order.py[line:84]: ======【nga测试环境】生成手机号：01635584398 ======
INFO - 2021-10-30 16:59:58,934 - new_apply_order.py[line:97]: 01635584398 检测用户存在成功！
INFO - 2021-10-30 16:59:59,003 - new_apply_order.py[line:106]: 01635584398 短信发送成功！
INFO - 2021-10-30 16:59:59,053 - new_apply_order.py[line:119]: 01635584398 注册成功！
INFO - 2021-10-30 16:59:59,114 - new_apply_order.py[line:135]: 01635584398 登录短信发送成功！
INFO - 2021-10-30 16:59:59,159 - new_apply_order.py[line:145]: userId=6225761941410553856,mobile=01635584398,token=6c4740610e38c3d6dbdefa1526b88e54 登录成功
INFO - 2021-10-30 16:59:59,248 - new_apply_order.py[line:212]: 个人信息提交成功！
INFO - 2021-10-30 16:59:59,305 - new_apply_order.py[line:223]: 联系人信息提交成功！
INFO - 2021-10-30 16:59:59,556 - new_apply_order.py[line:255]: 创建预审订单成功！
INFO - 2021-10-30 16:59:59,574 - new_apply_order.py[line:263]: 预审状态修改为通过,更新条数 1
INFO - 2021-10-30 16:59:59,588 - new_apply_order.py[line:266]: 更新初始额度！更新条数 1
INFO - 2021-10-30 16:59:59,879 - new_apply_order.py[line:342]: 活体图片上传成功！回写配置文件global_param.mp4_url
INFO - 2021-10-30 16:59:59,918 - new_apply_order.py[line:352]: 视频认证通过！
INFO - 2021-10-30 17:00:00,958 - new_apply_order.py[line:510]: bvn和银行卡绑卡认证通过！
INFO - 2021-10-30 17:00:01,283 - new_apply_order.py[line:561]: user更新1条
INFO - 2021-10-30 17:00:01,530 - new_apply_order.py[line:612]: 进件成功！执行sql将订单改为风控中……
INFO - 2021-10-30 17:00:02,567 - new_apply_order.py[line:618]: 订单表更新1条，信审更新1条
INFO - 2021-10-30 17:00:02,928 - new_apply_order.py[line:632]: 查询loan_order_id成功！
INFO - 2021-10-30 17:00:02,985 - new_apply_order.py[line:647]: 订单回调复审通过成功！
INFO - 2021-10-30 17:00:03,802 - new_apply_order.py[line:669]: 获取token成功！token=bearer d730ddac-5574-4de5-9a0d-79be610b9183！
INFO - 2021-10-30 17:00:04,171 - new_apply_order.py[line:632]: 查询loan_order_id成功！
INFO - 2021-10-30 17:00:04,714 - new_apply_order.py[line:687]: 后台已触发放款成功！
INFO - 2021-10-30 17:00:04,727 - new_apply_order.py[line:701]: xxl_job web 登录成功！
INFO - 2021-10-30 17:00:04,741 - new_apply_order.py[line:717]: xxl_job 放款准备作业执行成功！
INFO - 2021-10-30 17:00:06,095 - new_apply_order.py[line:632]: 查询loan_order_id成功！
INFO - 2021-10-30 17:00:06,117 - new_apply_order.py[line:725]: 修改放款准备完成时间成功！
INFO - 2021-10-30 17:00:06,128 - new_apply_order.py[line:733]: xxl_job 放款完成作业执行成功！
INFO - 2021-10-30 17:00:06,436 - new_apply_order.py[line:905]: 校验重试查询第1次
ERROR - 2021-10-30 17:00:07,452 - new_apply_order.py[line:801]: 放款完成或准备失败,目前的订单状态是35
INFO - 2021-10-30 17:00:07,453 - new_apply_order.py[line:802]: {'app': 'inaira', 'loan_order_id': '1454372499102502912', 'mobile': '01635584398', 'order_status': 35}
INFO - 2021-10-30 17:00:07,959 - new_apply_order.py[line:905]: 校验重试查询第2次
INFO - 2021-10-30 17:00:08,979 - new_apply_order.py[line:799]: 放款完成或准备成功,目前的订单状态是40
INFO - 2021-10-30 17:00:08,979 - new_apply_order.py[line:802]: {'app': 'inaira', 'loan_order_id': '1454372499102502912', 'mobile': '01635584398', 'order_status': 40}
INFO - 2021-10-30 17:00:08,983 - new_apply_order.py[line:922]: ===========完成第【1】次进件===========
INFO - 2021-10-30 17:00:08,984 - new_apply_order.py[line:925]: ======完成第【1】次进件,耗时10.44s=====
