INFO - 2021-08-31 19:31:52,645 - new_apply_order.py[line:517]: 开始第 borrowme【1】次进件……
INFO - 2021-08-31 19:31:52,645 - new_apply_order.py[line:79]: ======【nga测试环境】生成手机号：01630409512 ======
INFO - 2021-08-31 19:31:53,024 - new_apply_order.py[line:86]: 01630409512 检测用户存在成功！
INFO - 2021-08-31 19:31:53,073 - new_apply_order.py[line:93]: 01630409512 短信发送成功！
INFO - 2021-08-31 19:31:53,111 - new_apply_order.py[line:103]: 01630409512 注册成功！
INFO - 2021-08-31 19:31:53,153 - new_apply_order.py[line:113]: 01630409512 登录短信发送成功！
INFO - 2021-08-31 19:31:53,192 - new_apply_order.py[line:121]: userId=6204056896455581696,mobile=01630409512,token=f53d635a3b8a2cf860ca6e7d3de3670a 登录成功
INFO - 2021-08-31 19:31:53,256 - new_apply_order.py[line:172]: 个人信息提交成功！
INFO - 2021-08-31 19:31:53,304 - new_apply_order.py[line:181]: 联系人信息提交成功！
INFO - 2021-08-31 19:31:53,806 - new_apply_order.py[line:198]: 创建预审订单成功！
INFO - 2021-08-31 19:31:53,826 - new_apply_order.py[line:206]: 预审状态修改为通过,更新条数 1
INFO - 2021-08-31 19:31:53,843 - new_apply_order.py[line:209]: 更新初始额度！更新条数 1
INFO - 2021-08-31 19:31:54,145 - new_apply_order.py[line:221]: 活体图片上传成功！回写配置文件global_param.mp4_url
INFO - 2021-08-31 19:31:54,179 - new_apply_order.py[line:230]: 视频认证通过！
INFO - 2021-08-31 19:31:55,257 - new_apply_order.py[line:276]: bvn和银行卡绑卡认证通过！
INFO - 2021-08-31 19:31:55,532 - new_apply_order.py[line:297]: user更新1条
INFO - 2021-08-31 19:31:55,754 - new_apply_order.py[line:317]: 进件成功！执行sql将订单改为风控中……
INFO - 2021-08-31 19:31:56,791 - new_apply_order.py[line:323]: 订单表更新1条，信审更新1条
INFO - 2021-08-31 19:31:57,183 - new_apply_order.py[line:332]: 查询loan_order_id成功！
INFO - 2021-08-31 19:31:57,217 - new_apply_order.py[line:342]: 订单回调复审通过成功！
INFO - 2021-08-31 19:31:57,985 - new_apply_order.py[line:358]: 获取token成功！token=bearer bf51653c-283e-47c5-b902-66a96a35688d！
INFO - 2021-08-31 19:31:58,325 - new_apply_order.py[line:332]: 查询loan_order_id成功！
INFO - 2021-08-31 19:31:58,618 - new_apply_order.py[line:370]: 后台已触发放款成功！
INFO - 2021-08-31 19:31:58,628 - new_apply_order.py[line:378]: xxl_job web 登录成功！
INFO - 2021-08-31 19:31:58,637 - new_apply_order.py[line:385]: xxl_job 放款准备作业执行成功！
INFO - 2021-08-31 19:31:59,980 - new_apply_order.py[line:332]: 查询loan_order_id成功！
INFO - 2021-08-31 19:31:59,996 - new_apply_order.py[line:390]: 修改放款准备完成时间成功！
INFO - 2021-08-31 19:32:00,004 - new_apply_order.py[line:393]: xxl_job 放款完成作业执行成功！
INFO - 2021-08-31 19:32:00,307 - new_apply_order.py[line:540]: 校验重试查询第1次
INFO - 2021-08-31 19:32:01,325 - new_apply_order.py[line:434]: 放款完成或准备成功,目前的订单状态是40
INFO - 2021-08-31 19:32:01,326 - new_apply_order.py[line:437]: {'app': 'borrowme', 'loan_order_id': '1432667454004137984', 'mobile': '01630409512', 'order_status': 40}
INFO - 2021-08-31 19:32:01,328 - new_apply_order.py[line:557]: ===========完成第【1】次进件===========
INFO - 2021-08-31 19:32:01,329 - new_apply_order.py[line:560]: ======完成第【1】次进件,耗时8.68s=====
