INFO - 2021-12-02 17:04:09,769 - new_apply_order.py[line:893]: 开始第 kencash【1】次进件……
INFO - 2021-12-02 17:04:09,770 - new_apply_order.py[line:84]: ======【ke测试环境】生成手机号：738435849 ======
INFO - 2021-12-02 17:04:10,178 - new_apply_order.py[line:97]: 738435849 检测用户存在成功！
INFO - 2021-12-02 17:04:10,251 - new_apply_order.py[line:106]: 738435849 短信发送成功！
INFO - 2021-12-02 17:04:10,329 - new_apply_order.py[line:119]: 738435849 注册成功！
INFO - 2021-12-02 17:04:10,404 - new_apply_order.py[line:135]: 738435849 登录短信发送成功！
INFO - 2021-12-02 17:04:10,483 - new_apply_order.py[line:145]: userId=6237721794931859456,mobile=738435849,token=d3252f53e49ccdfb6fea139ebdc205cb 登录成功
INFO - 2021-12-02 17:04:10,707 - new_apply_order.py[line:212]: 个人信息提交成功！
INFO - 2021-12-02 17:04:10,833 - new_apply_order.py[line:232]: 联系人信息提交成功！
INFO - 2021-12-02 17:04:11,225 - new_apply_order.py[line:255]: 创建预审订单成功！
INFO - 2021-12-02 17:04:11,251 - new_apply_order.py[line:263]: 预审状态修改为通过,更新条数 1
INFO - 2021-12-02 17:04:11,272 - new_apply_order.py[line:266]: 更新初始额度！更新条数 1
INFO - 2021-12-02 17:04:11,569 - new_apply_order.py[line:342]: 活体图片上传成功！回写配置文件global_param.mp4_url
INFO - 2021-12-02 17:04:11,629 - new_apply_order.py[line:352]: 视频认证通过！
INFO - 2021-12-02 17:04:11,900 - new_apply_order.py[line:579]: 738435849 短信发送成功！
INFO - 2021-12-02 17:04:12,100 - new_apply_order.py[line:588]: 绑卡成功！
INFO - 2021-12-02 17:04:12,440 - new_apply_order.py[line:623]: 进件成功！执行sql将订单改为风控中……
INFO - 2021-12-02 17:04:13,485 - new_apply_order.py[line:629]: 订单表更新1条，信审更新1条
INFO - 2021-12-02 17:04:13,856 - new_apply_order.py[line:643]: 查询loan_order_id成功！
INFO - 2021-12-02 17:04:13,912 - new_apply_order.py[line:658]: 订单回调复审通过成功！
INFO - 2021-12-02 17:04:14,756 - new_apply_order.py[line:680]: 获取token成功！token=bearer 79c1b5ea-9238-47e0-a22f-ee222d185aac！
INFO - 2021-12-02 17:04:15,127 - new_apply_order.py[line:643]: 查询loan_order_id成功！
INFO - 2021-12-02 17:04:15,484 - new_apply_order.py[line:698]: 后台已触发放款成功！
INFO - 2021-12-02 17:04:15,513 - new_apply_order.py[line:712]: xxl_job web 登录成功！
INFO - 2021-12-02 17:04:15,525 - new_apply_order.py[line:728]: xxl_job 放款准备作业执行成功！
INFO - 2021-12-02 17:04:16,914 - new_apply_order.py[line:643]: 查询loan_order_id成功！
INFO - 2021-12-02 17:04:16,937 - new_apply_order.py[line:736]: 修改放款准备完成时间成功！
INFO - 2021-12-02 17:04:16,947 - new_apply_order.py[line:744]: xxl_job 放款完成作业执行成功！
INFO - 2021-12-02 17:04:17,332 - new_apply_order.py[line:643]: 查询loan_order_id成功！
INFO - 2021-12-02 17:04:17,648 - new_apply_order.py[line:916]: 校验重试查询第1次
ERROR - 2021-12-02 17:04:18,665 - new_apply_order.py[line:812]: 放款完成或准备失败,目前的订单状态是35
INFO - 2021-12-02 17:04:18,665 - new_apply_order.py[line:813]: {'app': 'kencash', 'loan_order_id': '1466332353810796544', 'mobile': '738435849', 'order_status': 35}
INFO - 2021-12-02 17:04:19,587 - new_apply_order.py[line:643]: 查询loan_order_id成功！
INFO - 2021-12-02 17:04:19,832 - new_apply_order.py[line:781]: 放款回调成功！
INFO - 2021-12-02 17:04:19,833 - new_apply_order.py[line:916]: 校验重试查询第2次
INFO - 2021-12-02 17:04:20,844 - new_apply_order.py[line:810]: 放款完成或准备成功,目前的订单状态是40
INFO - 2021-12-02 17:04:20,845 - new_apply_order.py[line:813]: {'app': 'kencash', 'loan_order_id': '1466332353810796544', 'mobile': '738435849', 'order_status': 40}
INFO - 2021-12-02 17:04:20,846 - new_apply_order.py[line:933]: ===========完成第【1】次进件===========
INFO - 2021-12-02 17:04:20,847 - new_apply_order.py[line:936]: ======完成第【1】次进件,耗时11.08s=====
