INFO - 2021-08-31 11:03:21,282 - new_apply_order.py[line:511]: 开始第 borrowme【1】次进件……
INFO - 2021-08-31 11:03:21,283 - new_apply_order.py[line:79]: ======【nga测试环境】生成手机号：01630379001 ======
INFO - 2021-08-31 11:03:21,677 - new_apply_order.py[line:86]: 01630379001 检测用户存在成功！
INFO - 2021-08-31 11:03:21,724 - new_apply_order.py[line:93]: 01630379001 短信发送成功！
INFO - 2021-08-31 11:03:21,767 - new_apply_order.py[line:103]: 01630379001 注册成功！
ERROR - 2021-08-31 11:03:21,796 - new_apply_order.py[line:122]: 登录失败!
INFO - 2021-08-31 11:03:21,877 - new_apply_order.py[line:166]: 个人信息提交成功！
INFO - 2021-08-31 11:03:21,930 - new_apply_order.py[line:175]: 联系人信息提交成功！
ERROR - 2021-08-31 11:03:22,127 - new_apply_order.py[line:194]: 创建预审失败{"code":"9999","msg":"The Server is busy, Please try again later","data":null}
INFO - 2021-08-31 11:03:22,139 - new_apply_order.py[line:200]: 预审状态修改为通过,更新条数 0
INFO - 2021-08-31 11:03:22,150 - new_apply_order.py[line:203]: 更新初始额度！更新条数 0
INFO - 2021-08-31 11:03:22,423 - new_apply_order.py[line:215]: 活体图片上传成功！回写配置文件global_param.mp4_url
INFO - 2021-08-31 11:03:22,468 - new_apply_order.py[line:224]: 视频认证通过！
INFO - 2021-08-31 11:03:23,470 - new_apply_order.py[line:270]: bvn和银行卡绑卡认证通过！
INFO - 2021-08-31 11:03:23,771 - new_apply_order.py[line:291]: user更新1条
ERROR - 2021-08-31 11:03:23,928 - new_apply_order.py[line:319]: {"code":"50001004","msg":"Not eligible for borrowing","data":null}
INFO - 2021-08-31 11:03:24,351 - new_apply_order.py[line:326]: 查询loan_order_id成功！
INFO - 2021-08-31 11:03:24,377 - new_apply_order.py[line:336]: 订单回调复审通过成功！
INFO - 2021-08-31 11:03:25,153 - new_apply_order.py[line:352]: 获取token成功！token=bearer bf51653c-283e-47c5-b902-66a96a35688d！
INFO - 2021-08-31 11:03:25,578 - new_apply_order.py[line:326]: 查询loan_order_id成功！
INFO - 2021-08-31 11:03:25,916 - new_apply_order.py[line:364]: 后台已触发放款成功！
INFO - 2021-08-31 11:03:25,925 - new_apply_order.py[line:372]: xxl_job web 登录成功！
INFO - 2021-08-31 11:03:25,934 - new_apply_order.py[line:379]: xxl_job 放款准备作业执行成功！
INFO - 2021-08-31 11:03:27,362 - new_apply_order.py[line:326]: 查询loan_order_id成功！
INFO - 2021-08-31 11:03:27,380 - new_apply_order.py[line:384]: 修改放款准备完成时间成功！
INFO - 2021-08-31 11:03:27,390 - new_apply_order.py[line:387]: xxl_job 放款完成作业执行成功！
INFO - 2021-08-31 11:03:27,695 - new_apply_order.py[line:534]: 校验重试查询第1次
ERROR - 2021-08-31 11:03:28,709 - new_apply_order.py[line:430]: 放款完成或准备失败,目前的订单状态是32
INFO - 2021-08-31 11:03:28,709 - new_apply_order.py[line:431]: {'app': 'borrowme', 'loan_order_id': '1432507683397570560', 'mobile': '01630371420', 'order_status': 32}
INFO - 2021-08-31 11:03:28,715 - new_apply_order.py[line:372]: xxl_job web 登录成功！
INFO - 2021-08-31 11:03:28,720 - new_apply_order.py[line:379]: xxl_job 放款准备作业执行成功！
INFO - 2021-08-31 11:03:30,137 - new_apply_order.py[line:326]: 查询loan_order_id成功！
INFO - 2021-08-31 11:03:30,150 - new_apply_order.py[line:384]: 修改放款准备完成时间成功！
INFO - 2021-08-31 11:03:30,154 - new_apply_order.py[line:387]: xxl_job 放款完成作业执行成功！
INFO - 2021-08-31 11:03:30,660 - new_apply_order.py[line:534]: 校验重试查询第2次
ERROR - 2021-08-31 11:03:31,671 - new_apply_order.py[line:430]: 放款完成或准备失败,目前的订单状态是32
INFO - 2021-08-31 11:03:31,671 - new_apply_order.py[line:431]: {'app': 'borrowme', 'loan_order_id': '1432507683397570560', 'mobile': '01630371420', 'order_status': 32}
INFO - 2021-08-31 11:03:31,678 - new_apply_order.py[line:372]: xxl_job web 登录成功！
INFO - 2021-08-31 11:03:31,683 - new_apply_order.py[line:379]: xxl_job 放款准备作业执行成功！
INFO - 2021-08-31 11:03:33,099 - new_apply_order.py[line:326]: 查询loan_order_id成功！
INFO - 2021-08-31 11:03:33,110 - new_apply_order.py[line:384]: 修改放款准备完成时间成功！
INFO - 2021-08-31 11:03:33,115 - new_apply_order.py[line:387]: xxl_job 放款完成作业执行成功！
INFO - 2021-08-31 11:03:33,618 - new_apply_order.py[line:534]: 校验重试查询第3次
ERROR - 2021-08-31 11:03:34,635 - new_apply_order.py[line:430]: 放款完成或准备失败,目前的订单状态是32
INFO - 2021-08-31 11:03:34,635 - new_apply_order.py[line:431]: {'app': 'borrowme', 'loan_order_id': '1432507683397570560', 'mobile': '01630371420', 'order_status': 32}
INFO - 2021-08-31 11:03:34,644 - new_apply_order.py[line:372]: xxl_job web 登录成功！
INFO - 2021-08-31 11:03:34,651 - new_apply_order.py[line:379]: xxl_job 放款准备作业执行成功！
INFO - 2021-08-31 11:03:36,084 - new_apply_order.py[line:326]: 查询loan_order_id成功！
INFO - 2021-08-31 11:03:36,097 - new_apply_order.py[line:384]: 修改放款准备完成时间成功！
INFO - 2021-08-31 11:03:36,104 - new_apply_order.py[line:387]: xxl_job 放款完成作业执行成功！
INFO - 2021-08-31 11:03:36,610 - new_apply_order.py[line:534]: 校验重试查询第4次
ERROR - 2021-08-31 11:03:37,625 - new_apply_order.py[line:430]: 放款完成或准备失败,目前的订单状态是32
INFO - 2021-08-31 11:03:37,625 - new_apply_order.py[line:431]: {'app': 'borrowme', 'loan_order_id': '1432507683397570560', 'mobile': '01630371420', 'order_status': 32}
INFO - 2021-08-31 11:03:37,632 - new_apply_order.py[line:372]: xxl_job web 登录成功！
INFO - 2021-08-31 11:03:37,638 - new_apply_order.py[line:379]: xxl_job 放款准备作业执行成功！
INFO - 2021-08-31 11:03:39,076 - new_apply_order.py[line:326]: 查询loan_order_id成功！
INFO - 2021-08-31 11:03:39,083 - new_apply_order.py[line:384]: 修改放款准备完成时间成功！
INFO - 2021-08-31 11:03:39,087 - new_apply_order.py[line:387]: xxl_job 放款完成作业执行成功！
INFO - 2021-08-31 11:03:39,591 - new_apply_order.py[line:534]: 校验重试查询第5次
ERROR - 2021-08-31 11:03:40,601 - new_apply_order.py[line:430]: 放款完成或准备失败,目前的订单状态是32
INFO - 2021-08-31 11:03:40,602 - new_apply_order.py[line:431]: {'app': 'borrowme', 'loan_order_id': '1432507683397570560', 'mobile': '01630371420', 'order_status': 32}
INFO - 2021-08-31 11:03:40,607 - new_apply_order.py[line:372]: xxl_job web 登录成功！
INFO - 2021-08-31 11:03:40,614 - new_apply_order.py[line:379]: xxl_job 放款准备作业执行成功！
INFO - 2021-08-31 11:03:42,032 - new_apply_order.py[line:326]: 查询loan_order_id成功！
INFO - 2021-08-31 11:03:42,040 - new_apply_order.py[line:384]: 修改放款准备完成时间成功！
INFO - 2021-08-31 11:03:42,045 - new_apply_order.py[line:387]: xxl_job 放款完成作业执行成功！
INFO - 2021-08-31 11:03:42,548 - new_apply_order.py[line:534]: 校验重试查询第6次
ERROR - 2021-08-31 11:03:43,558 - new_apply_order.py[line:430]: 放款完成或准备失败,目前的订单状态是32
INFO - 2021-08-31 11:03:43,558 - new_apply_order.py[line:431]: {'app': 'borrowme', 'loan_order_id': '1432507683397570560', 'mobile': '01630371420', 'order_status': 32}
INFO - 2021-08-31 11:03:43,564 - new_apply_order.py[line:372]: xxl_job web 登录成功！
INFO - 2021-08-31 11:03:43,569 - new_apply_order.py[line:379]: xxl_job 放款准备作业执行成功！
INFO - 2021-08-31 11:03:45,007 - new_apply_order.py[line:326]: 查询loan_order_id成功！
INFO - 2021-08-31 11:03:45,021 - new_apply_order.py[line:384]: 修改放款准备完成时间成功！
INFO - 2021-08-31 11:03:45,026 - new_apply_order.py[line:387]: xxl_job 放款完成作业执行成功！
INFO - 2021-08-31 11:03:45,529 - new_apply_order.py[line:534]: 校验重试查询第7次
ERROR - 2021-08-31 11:03:46,541 - new_apply_order.py[line:430]: 放款完成或准备失败,目前的订单状态是32
INFO - 2021-08-31 11:03:46,542 - new_apply_order.py[line:431]: {'app': 'borrowme', 'loan_order_id': '1432507683397570560', 'mobile': '01630371420', 'order_status': 32}
INFO - 2021-08-31 11:03:46,547 - new_apply_order.py[line:372]: xxl_job web 登录成功！
INFO - 2021-08-31 11:03:46,554 - new_apply_order.py[line:379]: xxl_job 放款准备作业执行成功！
INFO - 2021-08-31 11:03:48,008 - new_apply_order.py[line:326]: 查询loan_order_id成功！
INFO - 2021-08-31 11:03:48,021 - new_apply_order.py[line:384]: 修改放款准备完成时间成功！
INFO - 2021-08-31 11:03:48,026 - new_apply_order.py[line:387]: xxl_job 放款完成作业执行成功！
INFO - 2021-08-31 11:03:48,531 - new_apply_order.py[line:534]: 校验重试查询第8次
ERROR - 2021-08-31 11:03:49,547 - new_apply_order.py[line:430]: 放款完成或准备失败,目前的订单状态是32
INFO - 2021-08-31 11:03:49,547 - new_apply_order.py[line:431]: {'app': 'borrowme', 'loan_order_id': '1432507683397570560', 'mobile': '01630371420', 'order_status': 32}
INFO - 2021-08-31 11:03:49,555 - new_apply_order.py[line:372]: xxl_job web 登录成功！
INFO - 2021-08-31 11:03:49,564 - new_apply_order.py[line:379]: xxl_job 放款准备作业执行成功！
INFO - 2021-08-31 11:03:51,019 - new_apply_order.py[line:326]: 查询loan_order_id成功！
INFO - 2021-08-31 11:03:51,030 - new_apply_order.py[line:384]: 修改放款准备完成时间成功！
INFO - 2021-08-31 11:03:51,036 - new_apply_order.py[line:387]: xxl_job 放款完成作业执行成功！
INFO - 2021-08-31 11:03:51,540 - new_apply_order.py[line:534]: 校验重试查询第9次
ERROR - 2021-08-31 11:03:52,558 - new_apply_order.py[line:430]: 放款完成或准备失败,目前的订单状态是32
INFO - 2021-08-31 11:03:52,559 - new_apply_order.py[line:431]: {'app': 'borrowme', 'loan_order_id': '1432507683397570560', 'mobile': '01630371420', 'order_status': 32}
INFO - 2021-08-31 11:03:52,567 - new_apply_order.py[line:372]: xxl_job web 登录成功！
INFO - 2021-08-31 11:03:52,575 - new_apply_order.py[line:379]: xxl_job 放款准备作业执行成功！
INFO - 2021-08-31 11:03:54,000 - new_apply_order.py[line:326]: 查询loan_order_id成功！
INFO - 2021-08-31 11:03:54,015 - new_apply_order.py[line:384]: 修改放款准备完成时间成功！
INFO - 2021-08-31 11:03:54,020 - new_apply_order.py[line:387]: xxl_job 放款完成作业执行成功！
INFO - 2021-08-31 11:03:54,521 - new_apply_order.py[line:534]: 校验重试查询第10次
ERROR - 2021-08-31 11:03:55,536 - new_apply_order.py[line:430]: 放款完成或准备失败,目前的订单状态是32
INFO - 2021-08-31 11:03:55,537 - new_apply_order.py[line:431]: {'app': 'borrowme', 'loan_order_id': '1432507683397570560', 'mobile': '01630371420', 'order_status': 32}
INFO - 2021-08-31 11:03:55,544 - new_apply_order.py[line:372]: xxl_job web 登录成功！
INFO - 2021-08-31 11:03:55,552 - new_apply_order.py[line:379]: xxl_job 放款准备作业执行成功！
INFO - 2021-08-31 11:03:56,967 - new_apply_order.py[line:326]: 查询loan_order_id成功！
INFO - 2021-08-31 11:03:56,985 - new_apply_order.py[line:384]: 修改放款准备完成时间成功！
INFO - 2021-08-31 11:03:56,993 - new_apply_order.py[line:387]: xxl_job 放款完成作业执行成功！
INFO - 2021-08-31 11:03:57,497 - new_apply_order.py[line:551]: ===========完成第【1】次进件===========
INFO - 2021-08-31 11:03:57,497 - new_apply_order.py[line:511]: 开始第 borrowme【2】次进件……
INFO - 2021-08-31 11:03:57,498 - new_apply_order.py[line:79]: ======【nga测试环境】生成手机号：01630379037 ======
INFO - 2021-08-31 11:03:57,845 - new_apply_order.py[line:86]: 01630379037 检测用户存在成功！
INFO - 2021-08-31 11:03:57,897 - new_apply_order.py[line:93]: 01630379037 短信发送成功！
INFO - 2021-08-31 11:03:57,937 - new_apply_order.py[line:103]: 01630379037 注册成功！
ERROR - 2021-08-31 11:03:57,970 - new_apply_order.py[line:122]: 登录失败!
INFO - 2021-08-31 11:03:58,032 - new_apply_order.py[line:166]: 个人信息提交成功！
INFO - 2021-08-31 11:03:58,083 - new_apply_order.py[line:175]: 联系人信息提交成功！
ERROR - 2021-08-31 11:03:58,212 - new_apply_order.py[line:194]: 创建预审失败{"code":"9999","msg":"The Server is busy, Please try again later","data":null}
INFO - 2021-08-31 11:03:58,226 - new_apply_order.py[line:200]: 预审状态修改为通过,更新条数 0
INFO - 2021-08-31 11:03:58,235 - new_apply_order.py[line:203]: 更新初始额度！更新条数 0
INFO - 2021-08-31 11:03:58,518 - new_apply_order.py[line:215]: 活体图片上传成功！回写配置文件global_param.mp4_url
INFO - 2021-08-31 11:03:58,554 - new_apply_order.py[line:224]: 视频认证通过！
INFO - 2021-08-31 11:03:59,476 - new_apply_order.py[line:270]: bvn和银行卡绑卡认证通过！
INFO - 2021-08-31 11:03:59,768 - new_apply_order.py[line:291]: user更新1条
ERROR - 2021-08-31 11:03:59,895 - new_apply_order.py[line:319]: {"code":"50001004","msg":"Not eligible for borrowing","data":null}
INFO - 2021-08-31 11:04:00,326 - new_apply_order.py[line:326]: 查询loan_order_id成功！
INFO - 2021-08-31 11:04:00,350 - new_apply_order.py[line:336]: 订单回调复审通过成功！
INFO - 2021-08-31 11:04:01,145 - new_apply_order.py[line:352]: 获取token成功！token=bearer bf51653c-283e-47c5-b902-66a96a35688d！
INFO - 2021-08-31 11:04:01,558 - new_apply_order.py[line:326]: 查询loan_order_id成功！
INFO - 2021-08-31 11:04:01,853 - new_apply_order.py[line:364]: 后台已触发放款成功！
INFO - 2021-08-31 11:04:01,863 - new_apply_order.py[line:372]: xxl_job web 登录成功！
INFO - 2021-08-31 11:04:01,871 - new_apply_order.py[line:379]: xxl_job 放款准备作业执行成功！
INFO - 2021-08-31 11:04:03,299 - new_apply_order.py[line:326]: 查询loan_order_id成功！
INFO - 2021-08-31 11:04:03,318 - new_apply_order.py[line:384]: 修改放款准备完成时间成功！
INFO - 2021-08-31 11:04:03,327 - new_apply_order.py[line:387]: xxl_job 放款完成作业执行成功！
INFO - 2021-08-31 11:04:03,632 - new_apply_order.py[line:534]: 校验重试查询第1次
ERROR - 2021-08-31 11:04:04,648 - new_apply_order.py[line:430]: 放款完成或准备失败,目前的订单状态是32
INFO - 2021-08-31 11:04:04,648 - new_apply_order.py[line:431]: {'app': 'borrowme', 'loan_order_id': '1432507683397570560', 'mobile': '01630371420', 'order_status': 32}
INFO - 2021-08-31 11:04:04,657 - new_apply_order.py[line:372]: xxl_job web 登录成功！
INFO - 2021-08-31 11:04:04,664 - new_apply_order.py[line:379]: xxl_job 放款准备作业执行成功！
INFO - 2021-08-31 11:04:06,076 - new_apply_order.py[line:326]: 查询loan_order_id成功！
INFO - 2021-08-31 11:04:06,086 - new_apply_order.py[line:384]: 修改放款准备完成时间成功！
INFO - 2021-08-31 11:04:06,092 - new_apply_order.py[line:387]: xxl_job 放款完成作业执行成功！
INFO - 2021-08-31 11:04:06,595 - new_apply_order.py[line:534]: 校验重试查询第2次
ERROR - 2021-08-31 11:04:07,607 - new_apply_order.py[line:430]: 放款完成或准备失败,目前的订单状态是32
INFO - 2021-08-31 11:04:07,608 - new_apply_order.py[line:431]: {'app': 'borrowme', 'loan_order_id': '1432507683397570560', 'mobile': '01630371420', 'order_status': 32}
INFO - 2021-08-31 11:04:07,626 - new_apply_order.py[line:372]: xxl_job web 登录成功！
INFO - 2021-08-31 11:04:07,654 - new_apply_order.py[line:379]: xxl_job 放款准备作业执行成功！
INFO - 2021-08-31 11:04:09,094 - new_apply_order.py[line:326]: 查询loan_order_id成功！
INFO - 2021-08-31 11:04:09,106 - new_apply_order.py[line:384]: 修改放款准备完成时间成功！
INFO - 2021-08-31 11:04:09,110 - new_apply_order.py[line:387]: xxl_job 放款完成作业执行成功！
INFO - 2021-08-31 11:04:09,616 - new_apply_order.py[line:534]: 校验重试查询第3次
ERROR - 2021-08-31 11:04:10,632 - new_apply_order.py[line:430]: 放款完成或准备失败,目前的订单状态是32
INFO - 2021-08-31 11:04:10,633 - new_apply_order.py[line:431]: {'app': 'borrowme', 'loan_order_id': '1432507683397570560', 'mobile': '01630371420', 'order_status': 32}
INFO - 2021-08-31 11:04:10,641 - new_apply_order.py[line:372]: xxl_job web 登录成功！
INFO - 2021-08-31 11:04:10,648 - new_apply_order.py[line:379]: xxl_job 放款准备作业执行成功！
INFO - 2021-08-31 11:04:12,072 - new_apply_order.py[line:326]: 查询loan_order_id成功！
INFO - 2021-08-31 11:04:12,091 - new_apply_order.py[line:384]: 修改放款准备完成时间成功！
INFO - 2021-08-31 11:04:12,100 - new_apply_order.py[line:387]: xxl_job 放款完成作业执行成功！
INFO - 2021-08-31 11:04:12,605 - new_apply_order.py[line:534]: 校验重试查询第4次
ERROR - 2021-08-31 11:04:13,621 - new_apply_order.py[line:430]: 放款完成或准备失败,目前的订单状态是32
INFO - 2021-08-31 11:04:13,622 - new_apply_order.py[line:431]: {'app': 'borrowme', 'loan_order_id': '1432507683397570560', 'mobile': '01630371420', 'order_status': 32}
INFO - 2021-08-31 11:04:13,631 - new_apply_order.py[line:372]: xxl_job web 登录成功！
INFO - 2021-08-31 11:04:13,638 - new_apply_order.py[line:379]: xxl_job 放款准备作业执行成功！
INFO - 2021-08-31 11:04:15,109 - new_apply_order.py[line:326]: 查询loan_order_id成功！
INFO - 2021-08-31 11:04:15,125 - new_apply_order.py[line:384]: 修改放款准备完成时间成功！
INFO - 2021-08-31 11:04:15,134 - new_apply_order.py[line:387]: xxl_job 放款完成作业执行成功！
INFO - 2021-08-31 11:04:15,635 - new_apply_order.py[line:534]: 校验重试查询第5次
ERROR - 2021-08-31 11:04:16,649 - new_apply_order.py[line:430]: 放款完成或准备失败,目前的订单状态是32
INFO - 2021-08-31 11:04:16,650 - new_apply_order.py[line:431]: {'app': 'borrowme', 'loan_order_id': '1432507683397570560', 'mobile': '01630371420', 'order_status': 32}
INFO - 2021-08-31 11:04:16,658 - new_apply_order.py[line:372]: xxl_job web 登录成功！
INFO - 2021-08-31 11:04:16,669 - new_apply_order.py[line:379]: xxl_job 放款准备作业执行成功！
INFO - 2021-08-31 11:04:18,123 - new_apply_order.py[line:326]: 查询loan_order_id成功！
INFO - 2021-08-31 11:04:18,142 - new_apply_order.py[line:384]: 修改放款准备完成时间成功！
INFO - 2021-08-31 11:04:18,152 - new_apply_order.py[line:387]: xxl_job 放款完成作业执行成功！
INFO - 2021-08-31 11:04:18,656 - new_apply_order.py[line:534]: 校验重试查询第6次
ERROR - 2021-08-31 11:04:19,673 - new_apply_order.py[line:430]: 放款完成或准备失败,目前的订单状态是32
INFO - 2021-08-31 11:04:19,673 - new_apply_order.py[line:431]: {'app': 'borrowme', 'loan_order_id': '1432507683397570560', 'mobile': '01630371420', 'order_status': 32}
INFO - 2021-08-31 11:04:19,682 - new_apply_order.py[line:372]: xxl_job web 登录成功！
INFO - 2021-08-31 11:04:19,690 - new_apply_order.py[line:379]: xxl_job 放款准备作业执行成功！
INFO - 2021-08-31 11:04:21,114 - new_apply_order.py[line:326]: 查询loan_order_id成功！
INFO - 2021-08-31 11:04:21,132 - new_apply_order.py[line:384]: 修改放款准备完成时间成功！
INFO - 2021-08-31 11:04:21,141 - new_apply_order.py[line:387]: xxl_job 放款完成作业执行成功！
INFO - 2021-08-31 11:04:21,643 - new_apply_order.py[line:534]: 校验重试查询第7次
ERROR - 2021-08-31 11:04:22,660 - new_apply_order.py[line:430]: 放款完成或准备失败,目前的订单状态是32
INFO - 2021-08-31 11:04:22,660 - new_apply_order.py[line:431]: {'app': 'borrowme', 'loan_order_id': '1432507683397570560', 'mobile': '01630371420', 'order_status': 32}
INFO - 2021-08-31 11:04:22,669 - new_apply_order.py[line:372]: xxl_job web 登录成功！
INFO - 2021-08-31 11:04:22,676 - new_apply_order.py[line:379]: xxl_job 放款准备作业执行成功！
INFO - 2021-08-31 11:04:24,096 - new_apply_order.py[line:326]: 查询loan_order_id成功！
INFO - 2021-08-31 11:04:24,111 - new_apply_order.py[line:384]: 修改放款准备完成时间成功！
INFO - 2021-08-31 11:04:24,118 - new_apply_order.py[line:387]: xxl_job 放款完成作业执行成功！
INFO - 2021-08-31 11:04:24,621 - new_apply_order.py[line:534]: 校验重试查询第8次
ERROR - 2021-08-31 11:04:25,633 - new_apply_order.py[line:430]: 放款完成或准备失败,目前的订单状态是32
INFO - 2021-08-31 11:04:25,633 - new_apply_order.py[line:431]: {'app': 'borrowme', 'loan_order_id': '1432507683397570560', 'mobile': '01630371420', 'order_status': 32}
INFO - 2021-08-31 11:04:25,638 - new_apply_order.py[line:372]: xxl_job web 登录成功！
INFO - 2021-08-31 11:04:25,644 - new_apply_order.py[line:379]: xxl_job 放款准备作业执行成功！
INFO - 2021-08-31 11:04:27,086 - new_apply_order.py[line:326]: 查询loan_order_id成功！
INFO - 2021-08-31 11:04:27,103 - new_apply_order.py[line:384]: 修改放款准备完成时间成功！
INFO - 2021-08-31 11:04:27,111 - new_apply_order.py[line:387]: xxl_job 放款完成作业执行成功！
INFO - 2021-08-31 11:04:27,615 - new_apply_order.py[line:534]: 校验重试查询第9次
ERROR - 2021-08-31 11:04:28,631 - new_apply_order.py[line:430]: 放款完成或准备失败,目前的订单状态是32
INFO - 2021-08-31 11:04:28,631 - new_apply_order.py[line:431]: {'app': 'borrowme', 'loan_order_id': '1432507683397570560', 'mobile': '01630371420', 'order_status': 32}
INFO - 2021-08-31 11:04:28,639 - new_apply_order.py[line:372]: xxl_job web 登录成功！
INFO - 2021-08-31 11:04:28,645 - new_apply_order.py[line:379]: xxl_job 放款准备作业执行成功！
INFO - 2021-08-31 11:04:30,069 - new_apply_order.py[line:326]: 查询loan_order_id成功！
INFO - 2021-08-31 11:04:30,082 - new_apply_order.py[line:384]: 修改放款准备完成时间成功！
INFO - 2021-08-31 11:04:30,086 - new_apply_order.py[line:387]: xxl_job 放款完成作业执行成功！
INFO - 2021-08-31 11:04:30,592 - new_apply_order.py[line:534]: 校验重试查询第10次
ERROR - 2021-08-31 11:04:31,607 - new_apply_order.py[line:430]: 放款完成或准备失败,目前的订单状态是32
INFO - 2021-08-31 11:04:31,607 - new_apply_order.py[line:431]: {'app': 'borrowme', 'loan_order_id': '1432507683397570560', 'mobile': '01630371420', 'order_status': 32}
INFO - 2021-08-31 11:04:31,616 - new_apply_order.py[line:372]: xxl_job web 登录成功！
INFO - 2021-08-31 11:04:31,624 - new_apply_order.py[line:379]: xxl_job 放款准备作业执行成功！
INFO - 2021-08-31 11:04:33,039 - new_apply_order.py[line:326]: 查询loan_order_id成功！
INFO - 2021-08-31 11:04:33,057 - new_apply_order.py[line:384]: 修改放款准备完成时间成功！
INFO - 2021-08-31 11:04:33,064 - new_apply_order.py[line:387]: xxl_job 放款完成作业执行成功！
INFO - 2021-08-31 11:04:33,568 - new_apply_order.py[line:551]: ===========完成第【2】次进件===========
INFO - 2021-08-31 11:04:33,569 - new_apply_order.py[line:554]: ======完成第【2】次进件,耗时72.29s=====
