INFO - 2021-09-23 10:25:15,420 - new_apply_order.py[line:696]: 开始第 Mipeso【1】次进件……
INFO - 2021-09-23 10:25:15,590 - new_apply_order.py[line:75]: 更新脏数据0条
INFO - 2021-09-23 10:25:15,591 - new_apply_order.py[line:82]: ======【mx测试环境】生成手机号：1632363915 ======
INFO - 2021-09-23 10:25:15,978 - new_apply_order.py[line:95]: 1632363915 检测用户存在成功！
INFO - 2021-09-23 10:25:16,040 - new_apply_order.py[line:104]: 1632363915 短信发送成功！
INFO - 2021-09-23 10:25:16,089 - new_apply_order.py[line:117]: 1632363915 注册成功！
INFO - 2021-09-23 10:25:16,157 - new_apply_order.py[line:133]: 1632363915 登录短信发送成功！
INFO - 2021-09-23 10:25:16,203 - new_apply_order.py[line:143]: userId=4953963056883441664,mobile=1632363915,token=545855d5b43d48a9bb940112efd024f0 登录成功
INFO - 2021-09-23 10:25:16,277 - new_apply_order.py[line:205]: 个人信息提交成功！
INFO - 2021-09-23 10:25:16,715 - new_apply_order.py[line:238]: 创建预审订单成功！
INFO - 2021-09-23 10:25:16,734 - new_apply_order.py[line:246]: 预审状态修改为通过,更新条数 1
INFO - 2021-09-23 10:25:16,749 - new_apply_order.py[line:249]: 更新初始额度！更新条数 1
INFO - 2021-09-23 10:25:20,103 - new_apply_order.py[line:285]: curp上传成功!
INFO - 2021-09-23 10:25:20,264 - new_apply_order.py[line:294]: curp_rfc校验通过！
INFO - 2021-09-23 10:25:21,081 - new_apply_order.py[line:305]: 人脸识别成功!
INFO - 2021-09-23 10:25:21,649 - new_apply_order.py[line:395]: 绑卡成功！
INFO - 2021-09-23 10:25:21,853 - new_apply_order.py[line:426]: 进件成功！执行sql将订单改为风控中……
INFO - 2021-09-23 10:25:22,895 - new_apply_order.py[line:432]: 订单表更新1条，信审更新1条
INFO - 2021-09-23 10:25:23,247 - new_apply_order.py[line:446]: 查询loan_order_id成功！
INFO - 2021-09-23 10:25:23,291 - new_apply_order.py[line:461]: 订单回调复审通过成功！
INFO - 2021-09-23 10:25:24,097 - new_apply_order.py[line:483]: 获取token成功！token=bearer 55b0db8d-4fe5-44a5-b4e7-b3d9054557dd！
INFO - 2021-09-23 10:25:24,442 - new_apply_order.py[line:446]: 查询loan_order_id成功！
INFO - 2021-09-23 10:25:25,028 - new_apply_order.py[line:501]: 后台已触发放款成功！
INFO - 2021-09-23 10:25:25,042 - new_apply_order.py[line:515]: xxl_job web 登录成功！
INFO - 2021-09-23 10:25:25,051 - new_apply_order.py[line:531]: xxl_job 放款准备作业执行成功！
INFO - 2021-09-23 10:25:26,399 - new_apply_order.py[line:446]: 查询loan_order_id成功！
INFO - 2021-09-23 10:25:26,416 - new_apply_order.py[line:539]: 修改放款准备完成时间成功！
INFO - 2021-09-23 10:25:26,424 - new_apply_order.py[line:547]: xxl_job 放款完成作业执行成功！
INFO - 2021-09-23 10:25:26,774 - new_apply_order.py[line:446]: 查询loan_order_id成功！
INFO - 2021-09-23 10:25:27,088 - new_apply_order.py[line:719]: 校验重试查询第1次
ERROR - 2021-09-23 10:25:28,101 - new_apply_order.py[line:615]: 放款完成或准备失败,目前的订单状态是35
INFO - 2021-09-23 10:25:28,101 - new_apply_order.py[line:616]: {'app': 'Mipeso', 'loan_order_id': '1440864814299615232', 'mobile': '1632363915', 'order_status': 35}
INFO - 2021-09-23 10:25:28,956 - new_apply_order.py[line:446]: 查询loan_order_id成功！
INFO - 2021-09-23 10:25:29,048 - new_apply_order.py[line:568]: 放款回调成功！
INFO - 2021-09-23 10:25:29,048 - new_apply_order.py[line:719]: 校验重试查询第2次
INFO - 2021-09-23 10:25:30,061 - new_apply_order.py[line:613]: 放款完成或准备成功,目前的订单状态是40
INFO - 2021-09-23 10:25:30,062 - new_apply_order.py[line:616]: {'app': 'Mipeso', 'loan_order_id': '1440864814299615232', 'mobile': '1632363915', 'order_status': 40}
INFO - 2021-09-23 10:25:30,063 - new_apply_order.py[line:736]: ===========完成第【1】次进件===========
INFO - 2021-09-23 10:25:30,063 - new_apply_order.py[line:739]: ======完成第【1】次进件,耗时14.64s=====
INFO - 2021-09-23 10:25:30,066 - new_apply_order.py[line:696]: 开始第 m_efectivo【1】次进件……
INFO - 2021-09-23 10:25:30,166 - new_apply_order.py[line:60]: 删除redis key: "mx:cfs:user:userid:4953963056883441664"
INFO - 2021-09-23 10:25:30,236 - new_apply_order.py[line:75]: 更新脏数据0条
INFO - 2021-09-23 10:25:30,237 - new_apply_order.py[line:82]: ======【mx测试环境】生成手机号：1632363930 ======
INFO - 2021-09-23 10:25:30,584 - new_apply_order.py[line:95]: 1632363930 检测用户存在成功！
INFO - 2021-09-23 10:25:30,706 - new_apply_order.py[line:104]: 1632363930 短信发送成功！
INFO - 2021-09-23 10:25:30,759 - new_apply_order.py[line:117]: 1632363930 注册成功！
INFO - 2021-09-23 10:25:30,813 - new_apply_order.py[line:133]: 1632363930 登录短信发送成功！
INFO - 2021-09-23 10:25:30,860 - new_apply_order.py[line:143]: userId=4953963118363549696,mobile=1632363930,token=e976c99578b2908324f0bac80ffb68f5 登录成功
INFO - 2021-09-23 10:25:30,931 - new_apply_order.py[line:205]: 个人信息提交成功！
INFO - 2021-09-23 10:25:31,129 - new_apply_order.py[line:238]: 创建预审订单成功！
INFO - 2021-09-23 10:25:31,145 - new_apply_order.py[line:246]: 预审状态修改为通过,更新条数 1
INFO - 2021-09-23 10:25:31,157 - new_apply_order.py[line:249]: 更新初始额度！更新条数 1
INFO - 2021-09-23 10:25:33,717 - new_apply_order.py[line:285]: curp上传成功!
INFO - 2021-09-23 10:25:33,844 - new_apply_order.py[line:294]: curp_rfc校验通过！
INFO - 2021-09-23 10:25:34,562 - new_apply_order.py[line:305]: 人脸识别成功!
INFO - 2021-09-23 10:25:35,112 - new_apply_order.py[line:395]: 绑卡成功！
INFO - 2021-09-23 10:25:35,279 - new_apply_order.py[line:426]: 进件成功！执行sql将订单改为风控中……
INFO - 2021-09-23 10:25:36,302 - new_apply_order.py[line:432]: 订单表更新1条，信审更新1条
INFO - 2021-09-23 10:25:36,644 - new_apply_order.py[line:446]: 查询loan_order_id成功！
INFO - 2021-09-23 10:25:36,678 - new_apply_order.py[line:461]: 订单回调复审通过成功！
INFO - 2021-09-23 10:25:37,482 - new_apply_order.py[line:483]: 获取token成功！token=bearer 55b0db8d-4fe5-44a5-b4e7-b3d9054557dd！
INFO - 2021-09-23 10:25:37,823 - new_apply_order.py[line:446]: 查询loan_order_id成功！
INFO - 2021-09-23 10:25:38,140 - new_apply_order.py[line:501]: 后台已触发放款成功！
INFO - 2021-09-23 10:25:38,147 - new_apply_order.py[line:515]: xxl_job web 登录成功！
INFO - 2021-09-23 10:25:38,152 - new_apply_order.py[line:531]: xxl_job 放款准备作业执行成功！
INFO - 2021-09-23 10:25:39,506 - new_apply_order.py[line:446]: 查询loan_order_id成功！
INFO - 2021-09-23 10:25:39,518 - new_apply_order.py[line:539]: 修改放款准备完成时间成功！
INFO - 2021-09-23 10:25:39,525 - new_apply_order.py[line:547]: xxl_job 放款完成作业执行成功！
INFO - 2021-09-23 10:25:39,874 - new_apply_order.py[line:446]: 查询loan_order_id成功！
INFO - 2021-09-23 10:25:40,183 - new_apply_order.py[line:719]: 校验重试查询第1次
ERROR - 2021-09-23 10:25:41,194 - new_apply_order.py[line:615]: 放款完成或准备失败,目前的订单状态是35
INFO - 2021-09-23 10:25:41,194 - new_apply_order.py[line:616]: {'app': 'm_efectivo', 'loan_order_id': '1440864875762946048', 'mobile': '1632363930', 'order_status': 35}
INFO - 2021-09-23 10:25:42,080 - new_apply_order.py[line:446]: 查询loan_order_id成功！
INFO - 2021-09-23 10:25:42,216 - new_apply_order.py[line:568]: 放款回调成功！
INFO - 2021-09-23 10:25:42,216 - new_apply_order.py[line:719]: 校验重试查询第2次
INFO - 2021-09-23 10:25:43,228 - new_apply_order.py[line:613]: 放款完成或准备成功,目前的订单状态是40
INFO - 2021-09-23 10:25:43,228 - new_apply_order.py[line:616]: {'app': 'm_efectivo', 'loan_order_id': '1440864875762946048', 'mobile': '1632363930', 'order_status': 40}
INFO - 2021-09-23 10:25:43,229 - new_apply_order.py[line:736]: ===========完成第【1】次进件===========
INFO - 2021-09-23 10:25:43,229 - new_apply_order.py[line:739]: ======完成第【1】次进件,耗时13.16s=====
INFO - 2021-09-23 10:25:43,231 - new_apply_order.py[line:696]: 开始第 porpeso【1】次进件……
INFO - 2021-09-23 10:25:43,309 - new_apply_order.py[line:60]: 删除redis key: "mx:cfs:user:userid:4953963118363549696"
INFO - 2021-09-23 10:25:43,410 - new_apply_order.py[line:75]: 更新脏数据0条
INFO - 2021-09-23 10:25:43,411 - new_apply_order.py[line:82]: ======【mx测试环境】生成手机号：1632363943 ======
INFO - 2021-09-23 10:25:43,761 - new_apply_order.py[line:95]: 1632363943 检测用户存在成功！
INFO - 2021-09-23 10:25:43,814 - new_apply_order.py[line:104]: 1632363943 短信发送成功！
INFO - 2021-09-23 10:25:43,854 - new_apply_order.py[line:117]: 1632363943 注册成功！
INFO - 2021-09-23 10:25:43,905 - new_apply_order.py[line:133]: 1632363943 登录短信发送成功！
INFO - 2021-09-23 10:25:43,950 - new_apply_order.py[line:143]: userId=4953963173334097920,mobile=1632363943,token=5336ca570b88e32fab9d100b66568545 登录成功
INFO - 2021-09-23 10:25:44,022 - new_apply_order.py[line:205]: 个人信息提交成功！
INFO - 2021-09-23 10:25:44,435 - new_apply_order.py[line:238]: 创建预审订单成功！
INFO - 2021-09-23 10:25:44,453 - new_apply_order.py[line:246]: 预审状态修改为通过,更新条数 1
INFO - 2021-09-23 10:25:44,469 - new_apply_order.py[line:249]: 更新初始额度！更新条数 1
INFO - 2021-09-23 10:25:46,868 - new_apply_order.py[line:285]: curp上传成功!
INFO - 2021-09-23 10:25:46,995 - new_apply_order.py[line:294]: curp_rfc校验通过！
INFO - 2021-09-23 10:25:47,749 - new_apply_order.py[line:305]: 人脸识别成功!
INFO - 2021-09-23 10:25:48,286 - new_apply_order.py[line:395]: 绑卡成功！
INFO - 2021-09-23 10:25:48,468 - new_apply_order.py[line:426]: 进件成功！执行sql将订单改为风控中……
INFO - 2021-09-23 10:25:49,503 - new_apply_order.py[line:432]: 订单表更新1条，信审更新1条
INFO - 2021-09-23 10:25:49,869 - new_apply_order.py[line:446]: 查询loan_order_id成功！
INFO - 2021-09-23 10:25:49,919 - new_apply_order.py[line:461]: 订单回调复审通过成功！
INFO - 2021-09-23 10:25:50,708 - new_apply_order.py[line:483]: 获取token成功！token=bearer 55b0db8d-4fe5-44a5-b4e7-b3d9054557dd！
INFO - 2021-09-23 10:25:51,059 - new_apply_order.py[line:446]: 查询loan_order_id成功！
INFO - 2021-09-23 10:25:51,377 - new_apply_order.py[line:501]: 后台已触发放款成功！
INFO - 2021-09-23 10:25:51,389 - new_apply_order.py[line:515]: xxl_job web 登录成功！
INFO - 2021-09-23 10:25:51,397 - new_apply_order.py[line:531]: xxl_job 放款准备作业执行成功！
INFO - 2021-09-23 10:25:52,747 - new_apply_order.py[line:446]: 查询loan_order_id成功！
INFO - 2021-09-23 10:25:52,763 - new_apply_order.py[line:539]: 修改放款准备完成时间成功！
INFO - 2021-09-23 10:25:52,771 - new_apply_order.py[line:547]: xxl_job 放款完成作业执行成功！
INFO - 2021-09-23 10:25:53,119 - new_apply_order.py[line:446]: 查询loan_order_id成功！
INFO - 2021-09-23 10:25:53,436 - new_apply_order.py[line:719]: 校验重试查询第1次
ERROR - 2021-09-23 10:25:54,448 - new_apply_order.py[line:615]: 放款完成或准备失败,目前的订单状态是35
INFO - 2021-09-23 10:25:54,448 - new_apply_order.py[line:616]: {'app': 'porpeso', 'loan_order_id': '1440864930670579712', 'mobile': '1632363943', 'order_status': 35}
INFO - 2021-09-23 10:25:55,301 - new_apply_order.py[line:446]: 查询loan_order_id成功！
INFO - 2021-09-23 10:25:55,394 - new_apply_order.py[line:568]: 放款回调成功！
INFO - 2021-09-23 10:25:55,400 - new_apply_order.py[line:719]: 校验重试查询第2次
INFO - 2021-09-23 10:25:56,411 - new_apply_order.py[line:613]: 放款完成或准备成功,目前的订单状态是40
INFO - 2021-09-23 10:25:56,411 - new_apply_order.py[line:616]: {'app': 'porpeso', 'loan_order_id': '1440864930670579712', 'mobile': '1632363943', 'order_status': 40}
INFO - 2021-09-23 10:25:56,412 - new_apply_order.py[line:736]: ===========完成第【1】次进件===========
INFO - 2021-09-23 10:25:56,412 - new_apply_order.py[line:739]: ======完成第【1】次进件,耗时13.18s=====
INFO - 2021-09-23 10:25:56,414 - new_apply_order.py[line:696]: 开始第 Prestamo【1】次进件……
INFO - 2021-09-23 10:25:56,572 - new_apply_order.py[line:60]: 删除redis key: "mx:cfs:user:userid:4953963173334097920"
INFO - 2021-09-23 10:25:56,611 - new_apply_order.py[line:75]: 更新脏数据0条
INFO - 2021-09-23 10:25:56,611 - new_apply_order.py[line:82]: ======【mx测试环境】生成手机号：1632363956 ======
INFO - 2021-09-23 10:25:56,954 - new_apply_order.py[line:95]: 1632363956 检测用户存在成功！
INFO - 2021-09-23 10:25:57,000 - new_apply_order.py[line:104]: 1632363956 短信发送成功！
INFO - 2021-09-23 10:25:57,042 - new_apply_order.py[line:117]: 1632363956 注册成功！
INFO - 2021-09-23 10:25:57,088 - new_apply_order.py[line:133]: 1632363956 登录短信发送成功！
INFO - 2021-09-23 10:25:57,130 - new_apply_order.py[line:143]: userId=4953963228648579072,mobile=1632363956,token=296d248e5c5156c1cb7be71a1e4af2d2 登录成功
INFO - 2021-09-23 10:25:57,200 - new_apply_order.py[line:205]: 个人信息提交成功！
INFO - 2021-09-23 10:25:57,398 - new_apply_order.py[line:238]: 创建预审订单成功！
INFO - 2021-09-23 10:25:57,412 - new_apply_order.py[line:246]: 预审状态修改为通过,更新条数 1
INFO - 2021-09-23 10:25:57,428 - new_apply_order.py[line:249]: 更新初始额度！更新条数 1
INFO - 2021-09-23 10:25:59,735 - new_apply_order.py[line:285]: curp上传成功!
INFO - 2021-09-23 10:25:59,884 - new_apply_order.py[line:294]: curp_rfc校验通过！
INFO - 2021-09-23 10:26:00,692 - new_apply_order.py[line:305]: 人脸识别成功!
INFO - 2021-09-23 10:26:01,232 - new_apply_order.py[line:395]: 绑卡成功！
INFO - 2021-09-23 10:26:01,386 - new_apply_order.py[line:426]: 进件成功！执行sql将订单改为风控中……
INFO - 2021-09-23 10:26:02,426 - new_apply_order.py[line:432]: 订单表更新1条，信审更新1条
INFO - 2021-09-23 10:26:02,775 - new_apply_order.py[line:446]: 查询loan_order_id成功！
INFO - 2021-09-23 10:26:02,811 - new_apply_order.py[line:461]: 订单回调复审通过成功！
INFO - 2021-09-23 10:26:03,621 - new_apply_order.py[line:483]: 获取token成功！token=bearer 55b0db8d-4fe5-44a5-b4e7-b3d9054557dd！
INFO - 2021-09-23 10:26:03,969 - new_apply_order.py[line:446]: 查询loan_order_id成功！
INFO - 2021-09-23 10:26:04,268 - new_apply_order.py[line:501]: 后台已触发放款成功！
INFO - 2021-09-23 10:26:04,282 - new_apply_order.py[line:515]: xxl_job web 登录成功！
INFO - 2021-09-23 10:26:04,294 - new_apply_order.py[line:531]: xxl_job 放款准备作业执行成功！
INFO - 2021-09-23 10:26:05,645 - new_apply_order.py[line:446]: 查询loan_order_id成功！
INFO - 2021-09-23 10:26:05,660 - new_apply_order.py[line:539]: 修改放款准备完成时间成功！
INFO - 2021-09-23 10:26:05,667 - new_apply_order.py[line:547]: xxl_job 放款完成作业执行成功！
INFO - 2021-09-23 10:26:06,011 - new_apply_order.py[line:446]: 查询loan_order_id成功！
INFO - 2021-09-23 10:26:06,319 - new_apply_order.py[line:719]: 校验重试查询第1次
ERROR - 2021-09-23 10:26:07,327 - new_apply_order.py[line:615]: 放款完成或准备失败,目前的订单状态是35
INFO - 2021-09-23 10:26:07,327 - new_apply_order.py[line:616]: {'app': 'Prestamo', 'loan_order_id': '1440864985926340608', 'mobile': '1632363956', 'order_status': 35}
INFO - 2021-09-23 10:26:08,184 - new_apply_order.py[line:446]: 查询loan_order_id成功！
INFO - 2021-09-23 10:26:08,272 - new_apply_order.py[line:568]: 放款回调成功！
INFO - 2021-09-23 10:26:08,272 - new_apply_order.py[line:719]: 校验重试查询第2次
INFO - 2021-09-23 10:26:09,285 - new_apply_order.py[line:613]: 放款完成或准备成功,目前的订单状态是40
INFO - 2021-09-23 10:26:09,286 - new_apply_order.py[line:616]: {'app': 'Prestamo', 'loan_order_id': '1440864985926340608', 'mobile': '1632363956', 'order_status': 40}
INFO - 2021-09-23 10:26:09,286 - new_apply_order.py[line:736]: ===========完成第【1】次进件===========
INFO - 2021-09-23 10:26:09,287 - new_apply_order.py[line:739]: ======完成第【1】次进件,耗时12.87s=====
INFO - 2021-09-23 10:26:09,291 - new_apply_order.py[line:696]: 开始第 askborrow【1】次进件……
INFO - 2021-09-23 10:26:09,383 - new_apply_order.py[line:60]: 删除redis key: "mx:cfs:user:userid:4953963228648579072"
INFO - 2021-09-23 10:26:09,463 - new_apply_order.py[line:75]: 更新脏数据0条
INFO - 2021-09-23 10:26:09,463 - new_apply_order.py[line:82]: ======【mx测试环境】生成手机号：1632363969 ======
INFO - 2021-09-23 10:26:09,811 - new_apply_order.py[line:95]: 1632363969 检测用户存在成功！
INFO - 2021-09-23 10:26:09,860 - new_apply_order.py[line:104]: 1632363969 短信发送成功！
INFO - 2021-09-23 10:26:09,903 - new_apply_order.py[line:117]: 1632363969 注册成功！
INFO - 2021-09-23 10:26:09,958 - new_apply_order.py[line:133]: 1632363969 登录短信发送成功！
INFO - 2021-09-23 10:26:10,009 - new_apply_order.py[line:143]: userId=4953963282583134208,mobile=1632363969,token=431ec17a3190e7d494ea01658e5490e3 登录成功
INFO - 2021-09-23 10:26:10,084 - new_apply_order.py[line:205]: 个人信息提交成功！
INFO - 2021-09-23 10:26:10,464 - new_apply_order.py[line:238]: 创建预审订单成功！
INFO - 2021-09-23 10:26:10,476 - new_apply_order.py[line:246]: 预审状态修改为通过,更新条数 1
INFO - 2021-09-23 10:26:10,486 - new_apply_order.py[line:249]: 更新初始额度！更新条数 1
INFO - 2021-09-23 10:26:12,864 - new_apply_order.py[line:285]: curp上传成功!
INFO - 2021-09-23 10:26:12,989 - new_apply_order.py[line:294]: curp_rfc校验通过！
INFO - 2021-09-23 10:26:13,665 - new_apply_order.py[line:305]: 人脸识别成功!
INFO - 2021-09-23 10:26:14,419 - new_apply_order.py[line:395]: 绑卡成功！
INFO - 2021-09-23 10:26:14,585 - new_apply_order.py[line:426]: 进件成功！执行sql将订单改为风控中……
INFO - 2021-09-23 10:26:15,618 - new_apply_order.py[line:432]: 订单表更新1条，信审更新1条
INFO - 2021-09-23 10:26:15,967 - new_apply_order.py[line:446]: 查询loan_order_id成功！
INFO - 2021-09-23 10:26:16,004 - new_apply_order.py[line:461]: 订单回调复审通过成功！
INFO - 2021-09-23 10:26:16,822 - new_apply_order.py[line:483]: 获取token成功！token=bearer 55b0db8d-4fe5-44a5-b4e7-b3d9054557dd！
INFO - 2021-09-23 10:26:17,171 - new_apply_order.py[line:446]: 查询loan_order_id成功！
INFO - 2021-09-23 10:26:17,496 - new_apply_order.py[line:501]: 后台已触发放款成功！
INFO - 2021-09-23 10:26:17,508 - new_apply_order.py[line:515]: xxl_job web 登录成功！
INFO - 2021-09-23 10:26:17,516 - new_apply_order.py[line:531]: xxl_job 放款准备作业执行成功！
INFO - 2021-09-23 10:26:18,866 - new_apply_order.py[line:446]: 查询loan_order_id成功！
INFO - 2021-09-23 10:26:18,877 - new_apply_order.py[line:539]: 修改放款准备完成时间成功！
INFO - 2021-09-23 10:26:18,881 - new_apply_order.py[line:547]: xxl_job 放款完成作业执行成功！
INFO - 2021-09-23 10:26:19,229 - new_apply_order.py[line:446]: 查询loan_order_id成功！
INFO - 2021-09-23 10:26:19,540 - new_apply_order.py[line:719]: 校验重试查询第1次
ERROR - 2021-09-23 10:26:20,555 - new_apply_order.py[line:615]: 放款完成或准备失败,目前的订单状态是35
INFO - 2021-09-23 10:26:20,555 - new_apply_order.py[line:616]: {'app': 'askborrow', 'loan_order_id': '1440865039978336256', 'mobile': '1632363969', 'order_status': 35}
INFO - 2021-09-23 10:26:21,440 - new_apply_order.py[line:446]: 查询loan_order_id成功！
INFO - 2021-09-23 10:26:21,539 - new_apply_order.py[line:568]: 放款回调成功！
INFO - 2021-09-23 10:26:21,539 - new_apply_order.py[line:719]: 校验重试查询第2次
INFO - 2021-09-23 10:26:22,557 - new_apply_order.py[line:613]: 放款完成或准备成功,目前的订单状态是40
INFO - 2021-09-23 10:26:22,557 - new_apply_order.py[line:616]: {'app': 'askborrow', 'loan_order_id': '1440865039978336256', 'mobile': '1632363969', 'order_status': 40}
INFO - 2021-09-23 10:26:22,558 - new_apply_order.py[line:736]: ===========完成第【1】次进件===========
INFO - 2021-09-23 10:26:22,558 - new_apply_order.py[line:739]: ======完成第【1】次进件,耗时13.27s=====
INFO - 2021-09-23 10:26:22,562 - new_apply_order.py[line:696]: 开始第 G_Prestamo【1】次进件……
INFO - 2021-09-23 10:26:22,660 - new_apply_order.py[line:60]: 删除redis key: "mx:cfs:user:userid:4953963282583134208"
INFO - 2021-09-23 10:26:22,743 - new_apply_order.py[line:75]: 更新脏数据0条
INFO - 2021-09-23 10:26:22,744 - new_apply_order.py[line:82]: ======【mx测试环境】生成手机号：1632363982 ======
INFO - 2021-09-23 10:26:23,098 - new_apply_order.py[line:95]: 1632363982 检测用户存在成功！
INFO - 2021-09-23 10:26:23,148 - new_apply_order.py[line:104]: 1632363982 短信发送成功！
INFO - 2021-09-23 10:26:23,190 - new_apply_order.py[line:117]: 1632363982 注册成功！
INFO - 2021-09-23 10:26:23,234 - new_apply_order.py[line:133]: 1632363982 登录短信发送成功！
INFO - 2021-09-23 10:26:23,285 - new_apply_order.py[line:143]: userId=4953963338312851456,mobile=1632363982,token=a7a361f402e3a7af7bd039b355ad1066 登录成功
INFO - 2021-09-23 10:26:23,357 - new_apply_order.py[line:205]: 个人信息提交成功！
INFO - 2021-09-23 10:26:23,540 - new_apply_order.py[line:238]: 创建预审订单成功！
INFO - 2021-09-23 10:26:23,559 - new_apply_order.py[line:246]: 预审状态修改为通过,更新条数 1
INFO - 2021-09-23 10:26:23,573 - new_apply_order.py[line:249]: 更新初始额度！更新条数 1
INFO - 2021-09-23 10:26:26,860 - new_apply_order.py[line:285]: curp上传成功!
INFO - 2021-09-23 10:26:26,976 - new_apply_order.py[line:294]: curp_rfc校验通过！
INFO - 2021-09-23 10:26:27,704 - new_apply_order.py[line:305]: 人脸识别成功!
INFO - 2021-09-23 10:26:28,244 - new_apply_order.py[line:395]: 绑卡成功！
INFO - 2021-09-23 10:26:28,421 - new_apply_order.py[line:426]: 进件成功！执行sql将订单改为风控中……
INFO - 2021-09-23 10:26:29,452 - new_apply_order.py[line:432]: 订单表更新1条，信审更新1条
INFO - 2021-09-23 10:26:29,794 - new_apply_order.py[line:446]: 查询loan_order_id成功！
INFO - 2021-09-23 10:26:29,826 - new_apply_order.py[line:461]: 订单回调复审通过成功！
INFO - 2021-09-23 10:26:30,604 - new_apply_order.py[line:483]: 获取token成功！token=bearer 55b0db8d-4fe5-44a5-b4e7-b3d9054557dd！
INFO - 2021-09-23 10:26:30,951 - new_apply_order.py[line:446]: 查询loan_order_id成功！
INFO - 2021-09-23 10:26:31,268 - new_apply_order.py[line:501]: 后台已触发放款成功！
INFO - 2021-09-23 10:26:31,281 - new_apply_order.py[line:515]: xxl_job web 登录成功！
INFO - 2021-09-23 10:26:31,290 - new_apply_order.py[line:531]: xxl_job 放款准备作业执行成功！
INFO - 2021-09-23 10:26:32,645 - new_apply_order.py[line:446]: 查询loan_order_id成功！
INFO - 2021-09-23 10:26:32,661 - new_apply_order.py[line:539]: 修改放款准备完成时间成功！
INFO - 2021-09-23 10:26:32,668 - new_apply_order.py[line:547]: xxl_job 放款完成作业执行成功！
INFO - 2021-09-23 10:26:33,024 - new_apply_order.py[line:446]: 查询loan_order_id成功！
INFO - 2021-09-23 10:26:33,337 - new_apply_order.py[line:719]: 校验重试查询第1次
ERROR - 2021-09-23 10:26:34,351 - new_apply_order.py[line:615]: 放款完成或准备失败,目前的订单状态是35
INFO - 2021-09-23 10:26:34,351 - new_apply_order.py[line:616]: {'app': 'G_Prestamo', 'loan_order_id': '1440865095636750336', 'mobile': '1632363982', 'order_status': 35}
INFO - 2021-09-23 10:26:35,202 - new_apply_order.py[line:446]: 查询loan_order_id成功！
INFO - 2021-09-23 10:26:35,308 - new_apply_order.py[line:568]: 放款回调成功！
INFO - 2021-09-23 10:26:35,309 - new_apply_order.py[line:719]: 校验重试查询第2次
INFO - 2021-09-23 10:26:36,326 - new_apply_order.py[line:613]: 放款完成或准备成功,目前的订单状态是40
INFO - 2021-09-23 10:26:36,326 - new_apply_order.py[line:616]: {'app': 'G_Prestamo', 'loan_order_id': '1440865095636750336', 'mobile': '1632363982', 'order_status': 40}
INFO - 2021-09-23 10:26:36,327 - new_apply_order.py[line:736]: ===========完成第【1】次进件===========
INFO - 2021-09-23 10:26:36,327 - new_apply_order.py[line:739]: ======完成第【1】次进件,耗时13.77s=====
INFO - 2021-09-23 10:26:36,331 - new_apply_order.py[line:696]: 开始第 miprestamo【1】次进件……
INFO - 2021-09-23 10:26:36,398 - new_apply_order.py[line:60]: 删除redis key: "mx:cfs:user:userid:4953963338312851456"
INFO - 2021-09-23 10:26:36,499 - new_apply_order.py[line:75]: 更新脏数据0条
INFO - 2021-09-23 10:26:36,500 - new_apply_order.py[line:82]: ======【mx测试环境】生成手机号：1632363996 ======
INFO - 2021-09-23 10:26:36,844 - new_apply_order.py[line:95]: 1632363996 检测用户存在成功！
INFO - 2021-09-23 10:26:36,888 - new_apply_order.py[line:104]: 1632363996 短信发送成功！
INFO - 2021-09-23 10:26:36,927 - new_apply_order.py[line:117]: 1632363996 注册成功！
INFO - 2021-09-23 10:26:36,980 - new_apply_order.py[line:133]: 1632363996 登录短信发送成功！
INFO - 2021-09-23 10:26:37,024 - new_apply_order.py[line:143]: userId=4953963395942588416,mobile=1632363996,token=9cd3a84c454d8538d542c2016321af73 登录成功
INFO - 2021-09-23 10:26:37,097 - new_apply_order.py[line:205]: 个人信息提交成功！
INFO - 2021-09-23 10:26:37,478 - new_apply_order.py[line:238]: 创建预审订单成功！
INFO - 2021-09-23 10:26:37,496 - new_apply_order.py[line:246]: 预审状态修改为通过,更新条数 1
INFO - 2021-09-23 10:26:37,512 - new_apply_order.py[line:249]: 更新初始额度！更新条数 1
INFO - 2021-09-23 10:26:40,251 - new_apply_order.py[line:285]: curp上传成功!
INFO - 2021-09-23 10:26:40,371 - new_apply_order.py[line:294]: curp_rfc校验通过！
INFO - 2021-09-23 10:26:41,115 - new_apply_order.py[line:305]: 人脸识别成功!
INFO - 2021-09-23 10:26:41,661 - new_apply_order.py[line:395]: 绑卡成功！
INFO - 2021-09-23 10:26:41,821 - new_apply_order.py[line:426]: 进件成功！执行sql将订单改为风控中……
INFO - 2021-09-23 10:26:42,852 - new_apply_order.py[line:432]: 订单表更新1条，信审更新1条
INFO - 2021-09-23 10:26:43,192 - new_apply_order.py[line:446]: 查询loan_order_id成功！
INFO - 2021-09-23 10:26:43,223 - new_apply_order.py[line:461]: 订单回调复审通过成功！
INFO - 2021-09-23 10:26:44,003 - new_apply_order.py[line:483]: 获取token成功！token=bearer 55b0db8d-4fe5-44a5-b4e7-b3d9054557dd！
INFO - 2021-09-23 10:26:44,351 - new_apply_order.py[line:446]: 查询loan_order_id成功！
INFO - 2021-09-23 10:26:44,690 - new_apply_order.py[line:501]: 后台已触发放款成功！
INFO - 2021-09-23 10:26:44,706 - new_apply_order.py[line:515]: xxl_job web 登录成功！
INFO - 2021-09-23 10:26:44,715 - new_apply_order.py[line:531]: xxl_job 放款准备作业执行成功！
INFO - 2021-09-23 10:26:46,065 - new_apply_order.py[line:446]: 查询loan_order_id成功！
INFO - 2021-09-23 10:26:46,081 - new_apply_order.py[line:539]: 修改放款准备完成时间成功！
INFO - 2021-09-23 10:26:46,088 - new_apply_order.py[line:547]: xxl_job 放款完成作业执行成功！
INFO - 2021-09-23 10:26:46,436 - new_apply_order.py[line:446]: 查询loan_order_id成功！
INFO - 2021-09-23 10:26:46,752 - new_apply_order.py[line:719]: 校验重试查询第1次
ERROR - 2021-09-23 10:26:47,768 - new_apply_order.py[line:615]: 放款完成或准备失败,目前的订单状态是35
INFO - 2021-09-23 10:26:47,768 - new_apply_order.py[line:616]: {'app': 'miprestamo', 'loan_order_id': '1440865153266487296', 'mobile': '1632363996', 'order_status': 35}
INFO - 2021-09-23 10:26:48,620 - new_apply_order.py[line:446]: 查询loan_order_id成功！
INFO - 2021-09-23 10:26:48,727 - new_apply_order.py[line:568]: 放款回调成功！
INFO - 2021-09-23 10:26:48,728 - new_apply_order.py[line:719]: 校验重试查询第2次
INFO - 2021-09-23 10:26:49,741 - new_apply_order.py[line:613]: 放款完成或准备成功,目前的订单状态是40
INFO - 2021-09-23 10:26:49,741 - new_apply_order.py[line:616]: {'app': 'miprestamo', 'loan_order_id': '1440865153266487296', 'mobile': '1632363996', 'order_status': 40}
INFO - 2021-09-23 10:26:49,742 - new_apply_order.py[line:736]: ===========完成第【1】次进件===========
INFO - 2021-09-23 10:26:49,742 - new_apply_order.py[line:739]: ======完成第【1】次进件,耗时13.41s=====
INFO - 2021-09-23 10:26:49,745 - new_apply_order.py[line:696]: 开始第 borrowedpop【1】次进件……
INFO - 2021-09-23 10:26:49,819 - new_apply_order.py[line:60]: 删除redis key: "mx:cfs:user:userid:4953963395942588416"
INFO - 2021-09-23 10:26:49,911 - new_apply_order.py[line:75]: 更新脏数据0条
INFO - 2021-09-23 10:26:49,912 - new_apply_order.py[line:82]: ======【mx测试环境】生成手机号：1632364009 ======
INFO - 2021-09-23 10:26:50,272 - new_apply_order.py[line:95]: 1632364009 检测用户存在成功！
INFO - 2021-09-23 10:26:50,321 - new_apply_order.py[line:104]: 1632364009 短信发送成功！
INFO - 2021-09-23 10:26:50,368 - new_apply_order.py[line:117]: 1632364009 注册成功！
INFO - 2021-09-23 10:26:50,424 - new_apply_order.py[line:133]: 1632364009 登录短信发送成功！
INFO - 2021-09-23 10:26:50,475 - new_apply_order.py[line:143]: userId=4953963452288868352,mobile=1632364009,token=fafee6a18c94b56db2c836d79409425d 登录成功
INFO - 2021-09-23 10:26:50,579 - new_apply_order.py[line:205]: 个人信息提交成功！
INFO - 2021-09-23 10:26:50,786 - new_apply_order.py[line:238]: 创建预审订单成功！
INFO - 2021-09-23 10:26:50,804 - new_apply_order.py[line:246]: 预审状态修改为通过,更新条数 1
INFO - 2021-09-23 10:26:50,820 - new_apply_order.py[line:249]: 更新初始额度！更新条数 1
INFO - 2021-09-23 10:26:53,191 - new_apply_order.py[line:285]: curp上传成功!
INFO - 2021-09-23 10:26:53,298 - new_apply_order.py[line:294]: curp_rfc校验通过！
INFO - 2021-09-23 10:26:54,028 - new_apply_order.py[line:305]: 人脸识别成功!
INFO - 2021-09-23 10:26:54,607 - new_apply_order.py[line:395]: 绑卡成功！
INFO - 2021-09-23 10:26:54,769 - new_apply_order.py[line:426]: 进件成功！执行sql将订单改为风控中……
INFO - 2021-09-23 10:26:55,810 - new_apply_order.py[line:432]: 订单表更新1条，信审更新1条
INFO - 2021-09-23 10:26:56,161 - new_apply_order.py[line:446]: 查询loan_order_id成功！
INFO - 2021-09-23 10:26:56,202 - new_apply_order.py[line:461]: 订单回调复审通过成功！
INFO - 2021-09-23 10:26:57,029 - new_apply_order.py[line:483]: 获取token成功！token=bearer 55b0db8d-4fe5-44a5-b4e7-b3d9054557dd！
INFO - 2021-09-23 10:26:57,371 - new_apply_order.py[line:446]: 查询loan_order_id成功！
INFO - 2021-09-23 10:26:57,652 - new_apply_order.py[line:501]: 后台已触发放款成功！
INFO - 2021-09-23 10:26:57,665 - new_apply_order.py[line:515]: xxl_job web 登录成功！
INFO - 2021-09-23 10:26:57,672 - new_apply_order.py[line:531]: xxl_job 放款准备作业执行成功！
INFO - 2021-09-23 10:26:59,025 - new_apply_order.py[line:446]: 查询loan_order_id成功！
INFO - 2021-09-23 10:26:59,037 - new_apply_order.py[line:539]: 修改放款准备完成时间成功！
INFO - 2021-09-23 10:26:59,042 - new_apply_order.py[line:547]: xxl_job 放款完成作业执行成功！
INFO - 2021-09-23 10:26:59,389 - new_apply_order.py[line:446]: 查询loan_order_id成功！
INFO - 2021-09-23 10:26:59,703 - new_apply_order.py[line:719]: 校验重试查询第1次
ERROR - 2021-09-23 10:27:00,719 - new_apply_order.py[line:615]: 放款完成或准备失败,目前的订单状态是35
INFO - 2021-09-23 10:27:00,720 - new_apply_order.py[line:616]: {'app': 'borrowedpop', 'loan_order_id': '1440865209826676736', 'mobile': '1632364009', 'order_status': 35}
INFO - 2021-09-23 10:27:01,572 - new_apply_order.py[line:446]: 查询loan_order_id成功！
INFO - 2021-09-23 10:27:01,582 - new_apply_order.py[line:719]: 校验重试查询第2次
ERROR - 2021-09-23 10:27:02,593 - new_apply_order.py[line:615]: 放款完成或准备失败,目前的订单状态是35
INFO - 2021-09-23 10:27:02,593 - new_apply_order.py[line:616]: {'app': 'borrowedpop', 'loan_order_id': '1440865209826676736', 'mobile': '1632364009', 'order_status': 35}
INFO - 2021-09-23 10:27:03,441 - new_apply_order.py[line:446]: 查询loan_order_id成功！
INFO - 2021-09-23 10:27:03,536 - new_apply_order.py[line:568]: 放款回调成功！
INFO - 2021-09-23 10:27:03,536 - new_apply_order.py[line:719]: 校验重试查询第3次
INFO - 2021-09-23 10:27:04,551 - new_apply_order.py[line:613]: 放款完成或准备成功,目前的订单状态是40
INFO - 2021-09-23 10:27:04,551 - new_apply_order.py[line:616]: {'app': 'borrowedpop', 'loan_order_id': '1440865209826676736', 'mobile': '1632364009', 'order_status': 40}
INFO - 2021-09-23 10:27:04,552 - new_apply_order.py[line:736]: ===========完成第【1】次进件===========
INFO - 2021-09-23 10:27:04,552 - new_apply_order.py[line:739]: ======完成第【1】次进件,耗时14.81s=====
INFO - 2021-09-23 10:27:04,556 - new_apply_order.py[line:696]: 开始第 goodloan【1】次进件……
INFO - 2021-09-23 10:27:04,640 - new_apply_order.py[line:60]: 删除redis key: "mx:cfs:user:userid:4953963452288868352"
INFO - 2021-09-23 10:27:04,755 - new_apply_order.py[line:75]: 更新脏数据0条
INFO - 2021-09-23 10:27:04,755 - new_apply_order.py[line:82]: ======【mx测试环境】生成手机号：1632364024 ======
INFO - 2021-09-23 10:27:05,095 - new_apply_order.py[line:95]: 1632364024 检测用户存在成功！
INFO - 2021-09-23 10:27:05,138 - new_apply_order.py[line:104]: 1632364024 短信发送成功！
INFO - 2021-09-23 10:27:05,177 - new_apply_order.py[line:117]: 1632364024 注册成功！
INFO - 2021-09-23 10:27:05,223 - new_apply_order.py[line:133]: 1632364024 登录短信发送成功！
INFO - 2021-09-23 10:27:05,267 - new_apply_order.py[line:143]: userId=4953963514427482112,mobile=1632364024,token=3e75b0aa86e31b2ffc43ce6a3f04bc24 登录成功
INFO - 2021-09-23 10:27:05,335 - new_apply_order.py[line:205]: 个人信息提交成功！
INFO - 2021-09-23 10:27:05,726 - new_apply_order.py[line:238]: 创建预审订单成功！
INFO - 2021-09-23 10:27:05,742 - new_apply_order.py[line:246]: 预审状态修改为通过,更新条数 1
INFO - 2021-09-23 10:27:05,755 - new_apply_order.py[line:249]: 更新初始额度！更新条数 1
INFO - 2021-09-23 10:27:08,106 - new_apply_order.py[line:285]: curp上传成功!
INFO - 2021-09-23 10:27:08,214 - new_apply_order.py[line:294]: curp_rfc校验通过！
INFO - 2021-09-23 10:27:08,985 - new_apply_order.py[line:305]: 人脸识别成功!
INFO - 2021-09-23 10:27:09,553 - new_apply_order.py[line:395]: 绑卡成功！
INFO - 2021-09-23 10:27:09,710 - new_apply_order.py[line:426]: 进件成功！执行sql将订单改为风控中……
INFO - 2021-09-23 10:27:10,741 - new_apply_order.py[line:432]: 订单表更新1条，信审更新1条
INFO - 2021-09-23 10:27:11,091 - new_apply_order.py[line:446]: 查询loan_order_id成功！
INFO - 2021-09-23 10:27:11,127 - new_apply_order.py[line:461]: 订单回调复审通过成功！
INFO - 2021-09-23 10:27:11,879 - new_apply_order.py[line:483]: 获取token成功！token=bearer 55b0db8d-4fe5-44a5-b4e7-b3d9054557dd！
INFO - 2021-09-23 10:27:12,220 - new_apply_order.py[line:446]: 查询loan_order_id成功！
INFO - 2021-09-23 10:27:12,527 - new_apply_order.py[line:501]: 后台已触发放款成功！
INFO - 2021-09-23 10:27:12,536 - new_apply_order.py[line:515]: xxl_job web 登录成功！
INFO - 2021-09-23 10:27:12,544 - new_apply_order.py[line:531]: xxl_job 放款准备作业执行成功！
INFO - 2021-09-23 10:27:13,899 - new_apply_order.py[line:446]: 查询loan_order_id成功！
INFO - 2021-09-23 10:27:13,913 - new_apply_order.py[line:539]: 修改放款准备完成时间成功！
INFO - 2021-09-23 10:27:13,920 - new_apply_order.py[line:547]: xxl_job 放款完成作业执行成功！
INFO - 2021-09-23 10:27:14,269 - new_apply_order.py[line:446]: 查询loan_order_id成功！
INFO - 2021-09-23 10:27:14,581 - new_apply_order.py[line:719]: 校验重试查询第1次
ERROR - 2021-09-23 10:27:15,594 - new_apply_order.py[line:615]: 放款完成或准备失败,目前的订单状态是35
INFO - 2021-09-23 10:27:15,595 - new_apply_order.py[line:616]: {'app': 'goodloan', 'loan_order_id': '1440865271696855040', 'mobile': '1632364024', 'order_status': 35}
INFO - 2021-09-23 10:27:16,448 - new_apply_order.py[line:446]: 查询loan_order_id成功！
INFO - 2021-09-23 10:27:16,557 - new_apply_order.py[line:568]: 放款回调成功！
INFO - 2021-09-23 10:27:16,557 - new_apply_order.py[line:719]: 校验重试查询第2次
INFO - 2021-09-23 10:27:17,573 - new_apply_order.py[line:613]: 放款完成或准备成功,目前的订单状态是40
INFO - 2021-09-23 10:27:17,574 - new_apply_order.py[line:616]: {'app': 'goodloan', 'loan_order_id': '1440865271696855040', 'mobile': '1632364024', 'order_status': 40}
INFO - 2021-09-23 10:27:17,574 - new_apply_order.py[line:736]: ===========完成第【1】次进件===========
INFO - 2021-09-23 10:27:17,574 - new_apply_order.py[line:739]: ======完成第【1】次进件,耗时13.02s=====
INFO - 2021-09-23 10:27:17,578 - new_apply_order.py[line:696]: 开始第 Hola_efectivo【1】次进件……
INFO - 2021-09-23 10:27:17,710 - new_apply_order.py[line:60]: 删除redis key: "mx:cfs:user:userid:4953963514427482112"
INFO - 2021-09-23 10:27:17,739 - new_apply_order.py[line:75]: 更新脏数据0条
INFO - 2021-09-23 10:27:17,739 - new_apply_order.py[line:82]: ======【mx测试环境】生成手机号：1632364037 ======
INFO - 2021-09-23 10:27:18,078 - new_apply_order.py[line:95]: 1632364037 检测用户存在成功！
INFO - 2021-09-23 10:27:18,122 - new_apply_order.py[line:104]: 1632364037 短信发送成功！
INFO - 2021-09-23 10:27:18,167 - new_apply_order.py[line:117]: 1632364037 注册成功！
INFO - 2021-09-23 10:27:18,224 - new_apply_order.py[line:133]: 1632364037 登录短信发送成功！
INFO - 2021-09-23 10:27:18,271 - new_apply_order.py[line:143]: userId=4953963568894713856,mobile=1632364037,token=56136d7aa54612d17c1613b49420897a 登录成功
INFO - 2021-09-23 10:27:18,411 - new_apply_order.py[line:205]: 个人信息提交成功！
INFO - 2021-09-23 10:27:18,619 - new_apply_order.py[line:238]: 创建预审订单成功！
INFO - 2021-09-23 10:27:18,633 - new_apply_order.py[line:246]: 预审状态修改为通过,更新条数 1
INFO - 2021-09-23 10:27:18,644 - new_apply_order.py[line:249]: 更新初始额度！更新条数 1
INFO - 2021-09-23 10:27:21,108 - new_apply_order.py[line:285]: curp上传成功!
INFO - 2021-09-23 10:27:21,239 - new_apply_order.py[line:294]: curp_rfc校验通过！
INFO - 2021-09-23 10:27:21,970 - new_apply_order.py[line:305]: 人脸识别成功!
INFO - 2021-09-23 10:27:22,511 - new_apply_order.py[line:395]: 绑卡成功！
INFO - 2021-09-23 10:27:22,686 - new_apply_order.py[line:426]: 进件成功！执行sql将订单改为风控中……
INFO - 2021-09-23 10:27:23,726 - new_apply_order.py[line:432]: 订单表更新1条，信审更新1条
INFO - 2021-09-23 10:27:24,079 - new_apply_order.py[line:446]: 查询loan_order_id成功！
INFO - 2021-09-23 10:27:24,118 - new_apply_order.py[line:461]: 订单回调复审通过成功！
INFO - 2021-09-23 10:27:24,945 - new_apply_order.py[line:483]: 获取token成功！token=bearer 55b0db8d-4fe5-44a5-b4e7-b3d9054557dd！
INFO - 2021-09-23 10:27:25,291 - new_apply_order.py[line:446]: 查询loan_order_id成功！
INFO - 2021-09-23 10:27:25,620 - new_apply_order.py[line:501]: 后台已触发放款成功！
INFO - 2021-09-23 10:27:25,634 - new_apply_order.py[line:515]: xxl_job web 登录成功！
INFO - 2021-09-23 10:27:25,644 - new_apply_order.py[line:531]: xxl_job 放款准备作业执行成功！
INFO - 2021-09-23 10:27:26,995 - new_apply_order.py[line:446]: 查询loan_order_id成功！
INFO - 2021-09-23 10:27:27,009 - new_apply_order.py[line:539]: 修改放款准备完成时间成功！
INFO - 2021-09-23 10:27:27,016 - new_apply_order.py[line:547]: xxl_job 放款完成作业执行成功！
INFO - 2021-09-23 10:27:27,363 - new_apply_order.py[line:446]: 查询loan_order_id成功！
INFO - 2021-09-23 10:27:27,676 - new_apply_order.py[line:719]: 校验重试查询第1次
ERROR - 2021-09-23 10:27:28,693 - new_apply_order.py[line:615]: 放款完成或准备失败,目前的订单状态是35
INFO - 2021-09-23 10:27:28,693 - new_apply_order.py[line:616]: {'app': 'Hola_efectivo', 'loan_order_id': '1440865326562545664', 'mobile': '1632364037', 'order_status': 35}
INFO - 2021-09-23 10:27:29,546 - new_apply_order.py[line:446]: 查询loan_order_id成功！
INFO - 2021-09-23 10:27:29,652 - new_apply_order.py[line:568]: 放款回调成功！
INFO - 2021-09-23 10:27:29,653 - new_apply_order.py[line:719]: 校验重试查询第2次
INFO - 2021-09-23 10:27:30,669 - new_apply_order.py[line:613]: 放款完成或准备成功,目前的订单状态是40
INFO - 2021-09-23 10:27:30,669 - new_apply_order.py[line:616]: {'app': 'Hola_efectivo', 'loan_order_id': '1440865326562545664', 'mobile': '1632364037', 'order_status': 40}
INFO - 2021-09-23 10:27:30,669 - new_apply_order.py[line:736]: ===========完成第【1】次进件===========
INFO - 2021-09-23 10:27:30,670 - new_apply_order.py[line:739]: ======完成第【1】次进件,耗时13.09s=====
INFO - 2021-09-23 10:27:30,671 - new_apply_order.py[line:696]: 开始第 kencash【1】次进件……
INFO - 2021-09-23 10:27:30,672 - new_apply_order.py[line:82]: ======【ke测试环境】生成手机号：732364050 ======
INFO - 2021-09-23 10:27:31,049 - new_apply_order.py[line:95]: 732364050 检测用户存在成功！
INFO - 2021-09-23 10:27:31,120 - new_apply_order.py[line:104]: 732364050 短信发送成功！
INFO - 2021-09-23 10:27:31,171 - new_apply_order.py[line:117]: 732364050 注册成功！
INFO - 2021-09-23 10:27:31,233 - new_apply_order.py[line:133]: 732364050 登录短信发送成功！
INFO - 2021-09-23 10:27:31,293 - new_apply_order.py[line:143]: userId=6212254823439147008,mobile=732364050,token=b47035e36b8988e804d2800123d84aac 登录成功
INFO - 2021-09-23 10:27:32,009 - new_apply_order.py[line:205]: 个人信息提交成功！
INFO - 2021-09-23 10:27:32,062 - new_apply_order.py[line:225]: 联系人信息提交成功！
INFO - 2021-09-23 10:27:32,497 - new_apply_order.py[line:238]: 创建预审订单成功！
INFO - 2021-09-23 10:27:32,509 - new_apply_order.py[line:246]: 预审状态修改为通过,更新条数 1
INFO - 2021-09-23 10:27:32,518 - new_apply_order.py[line:249]: 更新初始额度！更新条数 1
INFO - 2021-09-23 10:27:32,765 - new_apply_order.py[line:266]: 活体图片上传成功！回写配置文件global_param.mp4_url
INFO - 2021-09-23 10:27:32,807 - new_apply_order.py[line:276]: 视频认证通过！
INFO - 2021-09-23 10:27:33,125 - new_apply_order.py[line:404]: 绑卡成功！
INFO - 2021-09-23 10:27:33,323 - new_apply_order.py[line:426]: 进件成功！执行sql将订单改为风控中……
INFO - 2021-09-23 10:27:34,350 - new_apply_order.py[line:432]: 订单表更新1条，信审更新1条
INFO - 2021-09-23 10:27:34,730 - new_apply_order.py[line:446]: 查询loan_order_id成功！
INFO - 2021-09-23 10:27:34,775 - new_apply_order.py[line:461]: 订单回调复审通过成功！
INFO - 2021-09-23 10:27:35,531 - new_apply_order.py[line:483]: 获取token成功！token=bearer 6d2ff308-1518-408a-8076-2df7f3436c9b！
INFO - 2021-09-23 10:27:35,884 - new_apply_order.py[line:446]: 查询loan_order_id成功！
INFO - 2021-09-23 10:27:36,228 - new_apply_order.py[line:501]: 后台已触发放款成功！
INFO - 2021-09-23 10:27:36,240 - new_apply_order.py[line:515]: xxl_job web 登录成功！
INFO - 2021-09-23 10:27:36,252 - new_apply_order.py[line:531]: xxl_job 放款准备作业执行成功！
INFO - 2021-09-23 10:27:37,601 - new_apply_order.py[line:446]: 查询loan_order_id成功！
INFO - 2021-09-23 10:27:37,614 - new_apply_order.py[line:539]: 修改放款准备完成时间成功！
INFO - 2021-09-23 10:27:37,620 - new_apply_order.py[line:547]: xxl_job 放款完成作业执行成功！
INFO - 2021-09-23 10:27:37,972 - new_apply_order.py[line:446]: 查询loan_order_id成功！
INFO - 2021-09-23 10:27:38,083 - new_apply_order.py[line:586]: 放款回调失败！
INFO - 2021-09-23 10:27:38,385 - new_apply_order.py[line:719]: 校验重试查询第1次
ERROR - 2021-09-23 10:27:39,398 - new_apply_order.py[line:615]: 放款完成或准备失败,目前的订单状态是35
INFO - 2021-09-23 10:27:39,398 - new_apply_order.py[line:616]: {'app': 'kencash', 'loan_order_id': '1440865383817678848', 'mobile': '732364050', 'order_status': 35}
INFO - 2021-09-23 10:27:40,258 - new_apply_order.py[line:446]: 查询loan_order_id成功！
INFO - 2021-09-23 10:27:40,464 - new_apply_order.py[line:584]: 放款回调成功！
INFO - 2021-09-23 10:27:40,465 - new_apply_order.py[line:719]: 校验重试查询第2次
INFO - 2021-09-23 10:27:41,479 - new_apply_order.py[line:613]: 放款完成或准备成功,目前的订单状态是40
INFO - 2021-09-23 10:27:41,480 - new_apply_order.py[line:616]: {'app': 'kencash', 'loan_order_id': '1440865383817678848', 'mobile': '732364050', 'order_status': 40}
INFO - 2021-09-23 10:27:41,480 - new_apply_order.py[line:736]: ===========完成第【1】次进件===========
INFO - 2021-09-23 10:27:41,481 - new_apply_order.py[line:739]: ======完成第【1】次进件,耗时10.81s=====
INFO - 2021-09-23 10:27:41,483 - new_apply_order.py[line:696]: 开始第 ikash【1】次进件……
INFO - 2021-09-23 10:27:41,484 - new_apply_order.py[line:82]: ======【ke测试环境】生成手机号：732364061 ======
INFO - 2021-09-23 10:27:41,829 - new_apply_order.py[line:95]: 732364061 检测用户存在成功！
INFO - 2021-09-23 10:27:41,882 - new_apply_order.py[line:104]: 732364061 短信发送成功！
INFO - 2021-09-23 10:27:41,922 - new_apply_order.py[line:117]: 732364061 注册成功！
INFO - 2021-09-23 10:27:41,971 - new_apply_order.py[line:133]: 732364061 登录短信发送成功！
INFO - 2021-09-23 10:27:42,020 - new_apply_order.py[line:143]: userId=6212254868540497920,mobile=732364061,token=3310b929bf3ce533e53a43834c6660b7 登录成功
INFO - 2021-09-23 10:27:42,748 - new_apply_order.py[line:205]: 个人信息提交成功！
INFO - 2021-09-23 10:27:42,797 - new_apply_order.py[line:225]: 联系人信息提交成功！
INFO - 2021-09-23 10:27:43,018 - new_apply_order.py[line:238]: 创建预审订单成功！
INFO - 2021-09-23 10:27:43,028 - new_apply_order.py[line:246]: 预审状态修改为通过,更新条数 1
INFO - 2021-09-23 10:27:43,035 - new_apply_order.py[line:249]: 更新初始额度！更新条数 1
INFO - 2021-09-23 10:27:43,331 - new_apply_order.py[line:266]: 活体图片上传成功！回写配置文件global_param.mp4_url
INFO - 2021-09-23 10:27:43,373 - new_apply_order.py[line:276]: 视频认证通过！
INFO - 2021-09-23 10:27:43,678 - new_apply_order.py[line:404]: 绑卡成功！
INFO - 2021-09-23 10:27:43,871 - new_apply_order.py[line:426]: 进件成功！执行sql将订单改为风控中……
INFO - 2021-09-23 10:27:44,901 - new_apply_order.py[line:432]: 订单表更新1条，信审更新1条
INFO - 2021-09-23 10:27:45,250 - new_apply_order.py[line:446]: 查询loan_order_id成功！
INFO - 2021-09-23 10:27:45,289 - new_apply_order.py[line:461]: 订单回调复审通过成功！
INFO - 2021-09-23 10:27:46,049 - new_apply_order.py[line:483]: 获取token成功！token=bearer 6d2ff308-1518-408a-8076-2df7f3436c9b！
INFO - 2021-09-23 10:27:46,410 - new_apply_order.py[line:446]: 查询loan_order_id成功！
INFO - 2021-09-23 10:27:46,755 - new_apply_order.py[line:501]: 后台已触发放款成功！
INFO - 2021-09-23 10:27:46,770 - new_apply_order.py[line:515]: xxl_job web 登录成功！
INFO - 2021-09-23 10:27:46,778 - new_apply_order.py[line:531]: xxl_job 放款准备作业执行成功！
INFO - 2021-09-23 10:27:48,145 - new_apply_order.py[line:446]: 查询loan_order_id成功！
INFO - 2021-09-23 10:27:48,155 - new_apply_order.py[line:539]: 修改放款准备完成时间成功！
INFO - 2021-09-23 10:27:48,160 - new_apply_order.py[line:547]: xxl_job 放款完成作业执行成功！
INFO - 2021-09-23 10:27:48,507 - new_apply_order.py[line:446]: 查询loan_order_id成功！
INFO - 2021-09-23 10:27:48,595 - new_apply_order.py[line:586]: 放款回调失败！
INFO - 2021-09-23 10:27:48,899 - new_apply_order.py[line:719]: 校验重试查询第1次
ERROR - 2021-09-23 10:27:49,911 - new_apply_order.py[line:615]: 放款完成或准备失败,目前的订单状态是35
INFO - 2021-09-23 10:27:49,911 - new_apply_order.py[line:616]: {'app': 'ikash', 'loan_order_id': '1440865428814172160', 'mobile': '732364061', 'order_status': 35}
INFO - 2021-09-23 10:27:50,757 - new_apply_order.py[line:446]: 查询loan_order_id成功！
INFO - 2021-09-23 10:27:50,948 - new_apply_order.py[line:584]: 放款回调成功！
INFO - 2021-09-23 10:27:50,948 - new_apply_order.py[line:719]: 校验重试查询第2次
INFO - 2021-09-23 10:27:51,958 - new_apply_order.py[line:613]: 放款完成或准备成功,目前的订单状态是40
INFO - 2021-09-23 10:27:51,959 - new_apply_order.py[line:616]: {'app': 'ikash', 'loan_order_id': '1440865428814172160', 'mobile': '732364061', 'order_status': 40}
INFO - 2021-09-23 10:27:51,959 - new_apply_order.py[line:736]: ===========完成第【1】次进件===========
INFO - 2021-09-23 10:27:51,959 - new_apply_order.py[line:739]: ======完成第【1】次进件,耗时10.48s=====
INFO - 2021-09-23 10:27:51,961 - new_apply_order.py[line:696]: 开始第 borrowme【1】次进件……
INFO - 2021-09-23 10:27:51,962 - new_apply_order.py[line:82]: ======【nga测试环境】生成手机号：01632364071 ======
INFO - 2021-09-23 10:27:52,336 - new_apply_order.py[line:95]: 01632364071 检测用户存在成功！
INFO - 2021-09-23 10:27:52,392 - new_apply_order.py[line:104]: 01632364071 短信发送成功！
INFO - 2021-09-23 10:27:52,445 - new_apply_order.py[line:117]: 01632364071 注册成功！
INFO - 2021-09-23 10:27:52,532 - new_apply_order.py[line:133]: 01632364071 登录短信发送成功！
INFO - 2021-09-23 10:27:52,591 - new_apply_order.py[line:143]: userId=6212254912657104896,mobile=01632364071,token=9fd64973aba8bf826763e9c1d49ed945 登录成功
INFO - 2021-09-23 10:27:52,695 - new_apply_order.py[line:205]: 个人信息提交成功！
INFO - 2021-09-23 10:27:52,745 - new_apply_order.py[line:216]: 联系人信息提交成功！
INFO - 2021-09-23 10:27:52,977 - new_apply_order.py[line:238]: 创建预审订单成功！
INFO - 2021-09-23 10:27:52,991 - new_apply_order.py[line:246]: 预审状态修改为通过,更新条数 1
INFO - 2021-09-23 10:27:53,003 - new_apply_order.py[line:249]: 更新初始额度！更新条数 1
INFO - 2021-09-23 10:27:53,285 - new_apply_order.py[line:266]: 活体图片上传成功！回写配置文件global_param.mp4_url
INFO - 2021-09-23 10:27:53,318 - new_apply_order.py[line:276]: 视频认证通过！
INFO - 2021-09-23 10:27:54,371 - new_apply_order.py[line:367]: bvn和银行卡绑卡认证通过！
INFO - 2021-09-23 10:27:54,678 - new_apply_order.py[line:388]: user更新1条
INFO - 2021-09-23 10:27:54,874 - new_apply_order.py[line:426]: 进件成功！执行sql将订单改为风控中……
INFO - 2021-09-23 10:27:55,908 - new_apply_order.py[line:432]: 订单表更新1条，信审更新1条
INFO - 2021-09-23 10:27:56,251 - new_apply_order.py[line:446]: 查询loan_order_id成功！
INFO - 2021-09-23 10:27:56,299 - new_apply_order.py[line:461]: 订单回调复审通过成功！
INFO - 2021-09-23 10:27:57,007 - new_apply_order.py[line:483]: 获取token成功！token=bearer 6070e62b-2e2e-43a5-bafc-5036c49bf172！
INFO - 2021-09-23 10:27:57,363 - new_apply_order.py[line:446]: 查询loan_order_id成功！
INFO - 2021-09-23 10:27:57,941 - new_apply_order.py[line:501]: 后台已触发放款成功！
INFO - 2021-09-23 10:27:57,951 - new_apply_order.py[line:515]: xxl_job web 登录成功！
INFO - 2021-09-23 10:27:57,960 - new_apply_order.py[line:531]: xxl_job 放款准备作业执行成功！
INFO - 2021-09-23 10:27:59,305 - new_apply_order.py[line:446]: 查询loan_order_id成功！
INFO - 2021-09-23 10:27:59,319 - new_apply_order.py[line:539]: 修改放款准备完成时间成功！
INFO - 2021-09-23 10:27:59,324 - new_apply_order.py[line:547]: xxl_job 放款完成作业执行成功！
INFO - 2021-09-23 10:27:59,631 - new_apply_order.py[line:719]: 校验重试查询第1次
ERROR - 2021-09-23 10:28:00,649 - new_apply_order.py[line:615]: 放款完成或准备失败,目前的订单状态是35
INFO - 2021-09-23 10:28:00,649 - new_apply_order.py[line:616]: {'app': 'borrowme', 'loan_order_id': '1440865470557982720', 'mobile': '01632364071', 'order_status': 35}
INFO - 2021-09-23 10:28:01,159 - new_apply_order.py[line:719]: 校验重试查询第2次
ERROR - 2021-09-23 10:28:02,177 - new_apply_order.py[line:615]: 放款完成或准备失败,目前的订单状态是35
INFO - 2021-09-23 10:28:02,177 - new_apply_order.py[line:616]: {'app': 'borrowme', 'loan_order_id': '1440865470557982720', 'mobile': '01632364071', 'order_status': 35}
INFO - 2021-09-23 10:28:02,687 - new_apply_order.py[line:719]: 校验重试查询第3次
INFO - 2021-09-23 10:28:03,703 - new_apply_order.py[line:613]: 放款完成或准备成功,目前的订单状态是40
INFO - 2021-09-23 10:28:03,703 - new_apply_order.py[line:616]: {'app': 'borrowme', 'loan_order_id': '1440865470557982720', 'mobile': '01632364071', 'order_status': 40}
INFO - 2021-09-23 10:28:03,704 - new_apply_order.py[line:736]: ===========完成第【1】次进件===========
INFO - 2021-09-23 10:28:03,704 - new_apply_order.py[line:739]: ======完成第【1】次进件,耗时11.74s=====
INFO - 2021-09-23 10:28:03,707 - new_apply_order.py[line:696]: 开始第 quickcash【1】次进件……
INFO - 2021-09-23 10:28:03,708 - new_apply_order.py[line:82]: ======【nga测试环境】生成手机号：01632364083 ======
INFO - 2021-09-23 10:28:04,066 - new_apply_order.py[line:95]: 01632364083 检测用户存在成功！
INFO - 2021-09-23 10:28:04,123 - new_apply_order.py[line:104]: 01632364083 短信发送成功！
INFO - 2021-09-23 10:28:04,165 - new_apply_order.py[line:117]: 01632364083 注册成功！
INFO - 2021-09-23 10:28:04,214 - new_apply_order.py[line:133]: 01632364083 登录短信发送成功！
INFO - 2021-09-23 10:28:04,266 - new_apply_order.py[line:143]: userId=6212254961818542080,mobile=01632364083,token=df8c141e7658c4d33cc8fa60ab15952a 登录成功
INFO - 2021-09-23 10:28:04,346 - new_apply_order.py[line:205]: 个人信息提交成功！
INFO - 2021-09-23 10:28:04,397 - new_apply_order.py[line:216]: 联系人信息提交成功！
INFO - 2021-09-23 10:28:04,582 - new_apply_order.py[line:238]: 创建预审订单成功！
INFO - 2021-09-23 10:28:04,598 - new_apply_order.py[line:246]: 预审状态修改为通过,更新条数 1
INFO - 2021-09-23 10:28:04,610 - new_apply_order.py[line:249]: 更新初始额度！更新条数 1
INFO - 2021-09-23 10:28:04,898 - new_apply_order.py[line:266]: 活体图片上传成功！回写配置文件global_param.mp4_url
INFO - 2021-09-23 10:28:04,936 - new_apply_order.py[line:276]: 视频认证通过！
INFO - 2021-09-23 10:28:05,966 - new_apply_order.py[line:367]: bvn和银行卡绑卡认证通过！
INFO - 2021-09-23 10:28:06,256 - new_apply_order.py[line:388]: user更新1条
INFO - 2021-09-23 10:28:06,429 - new_apply_order.py[line:426]: 进件成功！执行sql将订单改为风控中……
INFO - 2021-09-23 10:28:07,473 - new_apply_order.py[line:432]: 订单表更新1条，信审更新1条
INFO - 2021-09-23 10:28:07,818 - new_apply_order.py[line:446]: 查询loan_order_id成功！
INFO - 2021-09-23 10:28:07,850 - new_apply_order.py[line:461]: 订单回调复审通过成功！
INFO - 2021-09-23 10:28:08,643 - new_apply_order.py[line:483]: 获取token成功！token=bearer 6070e62b-2e2e-43a5-bafc-5036c49bf172！
INFO - 2021-09-23 10:28:08,988 - new_apply_order.py[line:446]: 查询loan_order_id成功！
INFO - 2021-09-23 10:28:09,314 - new_apply_order.py[line:501]: 后台已触发放款成功！
INFO - 2021-09-23 10:28:09,325 - new_apply_order.py[line:515]: xxl_job web 登录成功！
INFO - 2021-09-23 10:28:09,345 - new_apply_order.py[line:531]: xxl_job 放款准备作业执行成功！
INFO - 2021-09-23 10:28:10,696 - new_apply_order.py[line:446]: 查询loan_order_id成功！
INFO - 2021-09-23 10:28:10,710 - new_apply_order.py[line:539]: 修改放款准备完成时间成功！
INFO - 2021-09-23 10:28:10,720 - new_apply_order.py[line:547]: xxl_job 放款完成作业执行成功！
INFO - 2021-09-23 10:28:11,029 - new_apply_order.py[line:719]: 校验重试查询第1次
INFO - 2021-09-23 10:28:12,042 - new_apply_order.py[line:613]: 放款完成或准备成功,目前的订单状态是40
INFO - 2021-09-23 10:28:12,042 - new_apply_order.py[line:616]: {'app': 'quickcash', 'loan_order_id': '1440865519396458496', 'mobile': '01632364083', 'order_status': 40}
INFO - 2021-09-23 10:28:12,042 - new_apply_order.py[line:736]: ===========完成第【1】次进件===========
INFO - 2021-09-23 10:28:12,043 - new_apply_order.py[line:739]: ======完成第【1】次进件,耗时8.34s=====
INFO - 2021-09-23 10:28:12,046 - new_apply_order.py[line:696]: 开始第 borrowme【1】次进件……
INFO - 2021-09-23 10:28:12,047 - new_apply_order.py[line:82]: ======【nga测试环境】生成手机号：01632364092 ======
INFO - 2021-09-23 10:28:12,388 - new_apply_order.py[line:95]: 01632364092 检测用户存在成功！
INFO - 2021-09-23 10:28:12,428 - new_apply_order.py[line:104]: 01632364092 短信发送成功！
INFO - 2021-09-23 10:28:12,471 - new_apply_order.py[line:117]: 01632364092 注册成功！
INFO - 2021-09-23 10:28:12,518 - new_apply_order.py[line:133]: 01632364092 登录短信发送成功！
INFO - 2021-09-23 10:28:12,557 - new_apply_order.py[line:143]: userId=6212254996639653888,mobile=01632364092,token=a28da88fd57351186fac75df20e8886b 登录成功
INFO - 2021-09-23 10:28:12,620 - new_apply_order.py[line:205]: 个人信息提交成功！
INFO - 2021-09-23 10:28:12,669 - new_apply_order.py[line:216]: 联系人信息提交成功！
INFO - 2021-09-23 10:28:12,856 - new_apply_order.py[line:238]: 创建预审订单成功！
INFO - 2021-09-23 10:28:12,868 - new_apply_order.py[line:246]: 预审状态修改为通过,更新条数 1
INFO - 2021-09-23 10:28:12,879 - new_apply_order.py[line:249]: 更新初始额度！更新条数 1
INFO - 2021-09-23 10:28:13,152 - new_apply_order.py[line:266]: 活体图片上传成功！回写配置文件global_param.mp4_url
INFO - 2021-09-23 10:28:13,194 - new_apply_order.py[line:276]: 视频认证通过！
INFO - 2021-09-23 10:28:14,122 - new_apply_order.py[line:367]: bvn和银行卡绑卡认证通过！
INFO - 2021-09-23 10:28:14,409 - new_apply_order.py[line:388]: user更新1条
INFO - 2021-09-23 10:28:14,586 - new_apply_order.py[line:426]: 进件成功！执行sql将订单改为风控中……
INFO - 2021-09-23 10:28:15,619 - new_apply_order.py[line:432]: 订单表更新1条，信审更新1条
INFO - 2021-09-23 10:28:15,967 - new_apply_order.py[line:446]: 查询loan_order_id成功！
INFO - 2021-09-23 10:28:16,014 - new_apply_order.py[line:461]: 订单回调复审通过成功！
INFO - 2021-09-23 10:28:16,791 - new_apply_order.py[line:483]: 获取token成功！token=bearer 6070e62b-2e2e-43a5-bafc-5036c49bf172！
INFO - 2021-09-23 10:28:17,144 - new_apply_order.py[line:446]: 查询loan_order_id成功！
INFO - 2021-09-23 10:28:17,468 - new_apply_order.py[line:501]: 后台已触发放款成功！
INFO - 2021-09-23 10:28:17,484 - new_apply_order.py[line:515]: xxl_job web 登录成功！
INFO - 2021-09-23 10:28:17,492 - new_apply_order.py[line:531]: xxl_job 放款准备作业执行成功！
INFO - 2021-09-23 10:28:18,848 - new_apply_order.py[line:446]: 查询loan_order_id成功！
INFO - 2021-09-23 10:28:18,870 - new_apply_order.py[line:539]: 修改放款准备完成时间成功！
INFO - 2021-09-23 10:28:18,876 - new_apply_order.py[line:547]: xxl_job 放款完成作业执行成功！
INFO - 2021-09-23 10:28:19,184 - new_apply_order.py[line:719]: 校验重试查询第1次
INFO - 2021-09-23 10:28:20,201 - new_apply_order.py[line:613]: 放款完成或准备成功,目前的订单状态是40
INFO - 2021-09-23 10:28:20,202 - new_apply_order.py[line:616]: {'app': 'borrowme', 'loan_order_id': '1440865554083352576', 'mobile': '01632364092', 'order_status': 40}
INFO - 2021-09-23 10:28:20,202 - new_apply_order.py[line:736]: ===========完成第【1】次进件===========
INFO - 2021-09-23 10:28:20,202 - new_apply_order.py[line:739]: ======完成第【1】次进件,耗时8.16s=====
INFO - 2021-09-23 10:28:20,206 - new_apply_order.py[line:696]: 开始第 moremoney【1】次进件……
INFO - 2021-09-23 10:28:20,207 - new_apply_order.py[line:82]: ======【nga测试环境】生成手机号：01632364100 ======
INFO - 2021-09-23 10:28:20,563 - new_apply_order.py[line:95]: 01632364100 检测用户存在成功！
INFO - 2021-09-23 10:28:20,612 - new_apply_order.py[line:104]: 01632364100 短信发送成功！
INFO - 2021-09-23 10:28:20,647 - new_apply_order.py[line:117]: 01632364100 注册成功！
INFO - 2021-09-23 10:28:20,696 - new_apply_order.py[line:133]: 01632364100 登录短信发送成功！
INFO - 2021-09-23 10:28:20,738 - new_apply_order.py[line:143]: userId=6212255030970032128,mobile=01632364100,token=6a43cf699a055d856c70efafd5a99968 登录成功
INFO - 2021-09-23 10:28:20,807 - new_apply_order.py[line:205]: 个人信息提交成功！
INFO - 2021-09-23 10:28:20,858 - new_apply_order.py[line:216]: 联系人信息提交成功！
INFO - 2021-09-23 10:28:21,024 - new_apply_order.py[line:238]: 创建预审订单成功！
INFO - 2021-09-23 10:28:21,040 - new_apply_order.py[line:246]: 预审状态修改为通过,更新条数 1
INFO - 2021-09-23 10:28:21,051 - new_apply_order.py[line:249]: 更新初始额度！更新条数 1
INFO - 2021-09-23 10:28:21,325 - new_apply_order.py[line:266]: 活体图片上传成功！回写配置文件global_param.mp4_url
INFO - 2021-09-23 10:28:21,358 - new_apply_order.py[line:276]: 视频认证通过！
INFO - 2021-09-23 10:28:22,338 - new_apply_order.py[line:367]: bvn和银行卡绑卡认证通过！
INFO - 2021-09-23 10:28:22,649 - new_apply_order.py[line:388]: user更新1条
INFO - 2021-09-23 10:28:22,832 - new_apply_order.py[line:426]: 进件成功！执行sql将订单改为风控中……
INFO - 2021-09-23 10:28:23,872 - new_apply_order.py[line:432]: 订单表更新1条，信审更新1条
INFO - 2021-09-23 10:28:24,225 - new_apply_order.py[line:446]: 查询loan_order_id成功！
INFO - 2021-09-23 10:28:24,262 - new_apply_order.py[line:461]: 订单回调复审通过成功！
INFO - 2021-09-23 10:28:25,051 - new_apply_order.py[line:483]: 获取token成功！token=bearer 6070e62b-2e2e-43a5-bafc-5036c49bf172！
INFO - 2021-09-23 10:28:25,401 - new_apply_order.py[line:446]: 查询loan_order_id成功！
INFO - 2021-09-23 10:28:25,712 - new_apply_order.py[line:501]: 后台已触发放款成功！
INFO - 2021-09-23 10:28:25,725 - new_apply_order.py[line:515]: xxl_job web 登录成功！
INFO - 2021-09-23 10:28:25,737 - new_apply_order.py[line:531]: xxl_job 放款准备作业执行成功！
INFO - 2021-09-23 10:28:27,077 - new_apply_order.py[line:446]: 查询loan_order_id成功！
INFO - 2021-09-23 10:28:27,099 - new_apply_order.py[line:539]: 修改放款准备完成时间成功！
INFO - 2021-09-23 10:28:27,106 - new_apply_order.py[line:547]: xxl_job 放款完成作业执行成功！
INFO - 2021-09-23 10:28:27,414 - new_apply_order.py[line:719]: 校验重试查询第1次
INFO - 2021-09-23 10:28:28,430 - new_apply_order.py[line:613]: 放款完成或准备成功,目前的订单状态是40
INFO - 2021-09-23 10:28:28,431 - new_apply_order.py[line:616]: {'app': 'moremoney', 'loan_order_id': '1440865588447285248', 'mobile': '01632364100', 'order_status': 40}
INFO - 2021-09-23 10:28:28,431 - new_apply_order.py[line:736]: ===========完成第【1】次进件===========
INFO - 2021-09-23 10:28:28,431 - new_apply_order.py[line:739]: ======完成第【1】次进件,耗时8.23s=====
INFO - 2021-09-23 10:28:28,435 - new_apply_order.py[line:696]: 开始第 creditnaira【1】次进件……
INFO - 2021-09-23 10:28:28,436 - new_apply_order.py[line:82]: ======【nga测试环境】生成手机号：01632364108 ======
INFO - 2021-09-23 10:28:28,781 - new_apply_order.py[line:95]: 01632364108 检测用户存在成功！
INFO - 2021-09-23 10:28:28,827 - new_apply_order.py[line:104]: 01632364108 短信发送成功！
INFO - 2021-09-23 10:28:28,868 - new_apply_order.py[line:117]: 01632364108 注册成功！
INFO - 2021-09-23 10:28:28,920 - new_apply_order.py[line:133]: 01632364108 登录短信发送成功！
INFO - 2021-09-23 10:28:28,968 - new_apply_order.py[line:143]: userId=6212255065434628096,mobile=01632364108,token=67d1b7fd90f259dc6b86588d217e21b5 登录成功
INFO - 2021-09-23 10:28:29,038 - new_apply_order.py[line:205]: 个人信息提交成功！
INFO - 2021-09-23 10:28:29,089 - new_apply_order.py[line:216]: 联系人信息提交成功！
INFO - 2021-09-23 10:28:29,263 - new_apply_order.py[line:238]: 创建预审订单成功！
INFO - 2021-09-23 10:28:29,281 - new_apply_order.py[line:246]: 预审状态修改为通过,更新条数 1
INFO - 2021-09-23 10:28:29,296 - new_apply_order.py[line:249]: 更新初始额度！更新条数 1
INFO - 2021-09-23 10:28:29,554 - new_apply_order.py[line:266]: 活体图片上传成功！回写配置文件global_param.mp4_url
INFO - 2021-09-23 10:28:29,589 - new_apply_order.py[line:276]: 视频认证通过！
INFO - 2021-09-23 10:28:30,587 - new_apply_order.py[line:367]: bvn和银行卡绑卡认证通过！
INFO - 2021-09-23 10:28:30,873 - new_apply_order.py[line:388]: user更新1条
INFO - 2021-09-23 10:28:31,046 - new_apply_order.py[line:426]: 进件成功！执行sql将订单改为风控中……
INFO - 2021-09-23 10:28:32,082 - new_apply_order.py[line:432]: 订单表更新1条，信审更新1条
INFO - 2021-09-23 10:28:32,430 - new_apply_order.py[line:446]: 查询loan_order_id成功！
INFO - 2021-09-23 10:28:32,464 - new_apply_order.py[line:461]: 订单回调复审通过成功！
INFO - 2021-09-23 10:28:33,274 - new_apply_order.py[line:483]: 获取token成功！token=bearer 6070e62b-2e2e-43a5-bafc-5036c49bf172！
INFO - 2021-09-23 10:28:33,619 - new_apply_order.py[line:446]: 查询loan_order_id成功！
INFO - 2021-09-23 10:28:33,966 - new_apply_order.py[line:501]: 后台已触发放款成功！
INFO - 2021-09-23 10:28:33,972 - new_apply_order.py[line:515]: xxl_job web 登录成功！
INFO - 2021-09-23 10:28:33,981 - new_apply_order.py[line:531]: xxl_job 放款准备作业执行成功！
INFO - 2021-09-23 10:28:35,329 - new_apply_order.py[line:446]: 查询loan_order_id成功！
INFO - 2021-09-23 10:28:35,346 - new_apply_order.py[line:539]: 修改放款准备完成时间成功！
INFO - 2021-09-23 10:28:35,352 - new_apply_order.py[line:547]: xxl_job 放款完成作业执行成功！
INFO - 2021-09-23 10:28:35,660 - new_apply_order.py[line:719]: 校验重试查询第1次
INFO - 2021-09-23 10:28:36,674 - new_apply_order.py[line:613]: 放款完成或准备成功,目前的订单状态是40
INFO - 2021-09-23 10:28:36,675 - new_apply_order.py[line:616]: {'app': 'creditnaira', 'loan_order_id': '1440865622966407168', 'mobile': '01632364108', 'order_status': 40}
INFO - 2021-09-23 10:28:36,675 - new_apply_order.py[line:736]: ===========完成第【1】次进件===========
INFO - 2021-09-23 10:28:36,676 - new_apply_order.py[line:739]: ======完成第【1】次进件,耗时8.24s=====
INFO - 2021-09-23 10:28:36,679 - new_apply_order.py[line:696]: 开始第 inaira【1】次进件……
INFO - 2021-09-23 10:28:36,680 - new_apply_order.py[line:82]: ======【nga测试环境】生成手机号：01632364116 ======
INFO - 2021-09-23 10:28:37,025 - new_apply_order.py[line:95]: 01632364116 检测用户存在成功！
INFO - 2021-09-23 10:28:37,069 - new_apply_order.py[line:104]: 01632364116 短信发送成功！
INFO - 2021-09-23 10:28:37,129 - new_apply_order.py[line:117]: 01632364116 注册成功！
INFO - 2021-09-23 10:28:37,194 - new_apply_order.py[line:133]: 01632364116 登录短信发送成功！
INFO - 2021-09-23 10:28:37,242 - new_apply_order.py[line:143]: userId=6212255100071190528,mobile=01632364116,token=426d0ae7741c80312b0b5127d38d7015 登录成功
INFO - 2021-09-23 10:28:37,314 - new_apply_order.py[line:205]: 个人信息提交成功！
INFO - 2021-09-23 10:28:37,378 - new_apply_order.py[line:216]: 联系人信息提交成功！
INFO - 2021-09-23 10:28:37,564 - new_apply_order.py[line:238]: 创建预审订单成功！
INFO - 2021-09-23 10:28:37,577 - new_apply_order.py[line:246]: 预审状态修改为通过,更新条数 1
INFO - 2021-09-23 10:28:37,589 - new_apply_order.py[line:249]: 更新初始额度！更新条数 1
INFO - 2021-09-23 10:28:37,902 - new_apply_order.py[line:266]: 活体图片上传成功！回写配置文件global_param.mp4_url
INFO - 2021-09-23 10:28:37,935 - new_apply_order.py[line:276]: 视频认证通过！
INFO - 2021-09-23 10:28:38,980 - new_apply_order.py[line:367]: bvn和银行卡绑卡认证通过！
INFO - 2021-09-23 10:28:39,267 - new_apply_order.py[line:388]: user更新1条
INFO - 2021-09-23 10:28:39,461 - new_apply_order.py[line:426]: 进件成功！执行sql将订单改为风控中……
INFO - 2021-09-23 10:28:40,492 - new_apply_order.py[line:432]: 订单表更新1条，信审更新1条
INFO - 2021-09-23 10:28:40,839 - new_apply_order.py[line:446]: 查询loan_order_id成功！
INFO - 2021-09-23 10:28:40,876 - new_apply_order.py[line:461]: 订单回调复审通过成功！
INFO - 2021-09-23 10:28:41,668 - new_apply_order.py[line:483]: 获取token成功！token=bearer 6070e62b-2e2e-43a5-bafc-5036c49bf172！
INFO - 2021-09-23 10:28:42,016 - new_apply_order.py[line:446]: 查询loan_order_id成功！
INFO - 2021-09-23 10:28:42,329 - new_apply_order.py[line:501]: 后台已触发放款成功！
INFO - 2021-09-23 10:28:42,342 - new_apply_order.py[line:515]: xxl_job web 登录成功！
INFO - 2021-09-23 10:28:42,352 - new_apply_order.py[line:531]: xxl_job 放款准备作业执行成功！
INFO - 2021-09-23 10:28:43,705 - new_apply_order.py[line:446]: 查询loan_order_id成功！
INFO - 2021-09-23 10:28:43,722 - new_apply_order.py[line:539]: 修改放款准备完成时间成功！
INFO - 2021-09-23 10:28:43,730 - new_apply_order.py[line:547]: xxl_job 放款完成作业执行成功！
INFO - 2021-09-23 10:28:44,038 - new_apply_order.py[line:719]: 校验重试查询第1次
ERROR - 2021-09-23 10:28:45,058 - new_apply_order.py[line:615]: 放款完成或准备失败,目前的订单状态是35
INFO - 2021-09-23 10:28:45,058 - new_apply_order.py[line:616]: {'app': 'inaira', 'loan_order_id': '1440865657728798720', 'mobile': '01632364116', 'order_status': 35}
INFO - 2021-09-23 10:28:45,567 - new_apply_order.py[line:719]: 校验重试查询第2次
INFO - 2021-09-23 10:28:46,584 - new_apply_order.py[line:613]: 放款完成或准备成功,目前的订单状态是40
INFO - 2021-09-23 10:28:46,585 - new_apply_order.py[line:616]: {'app': 'inaira', 'loan_order_id': '1440865657728798720', 'mobile': '01632364116', 'order_status': 40}
INFO - 2021-09-23 10:28:46,585 - new_apply_order.py[line:736]: ===========完成第【1】次进件===========
INFO - 2021-09-23 10:28:46,586 - new_apply_order.py[line:739]: ======完成第【1】次进件,耗时9.91s=====
INFO - 2021-09-23 10:28:46,589 - new_apply_order.py[line:696]: 开始第 runcash【1】次进件……
INFO - 2021-09-23 10:28:46,590 - new_apply_order.py[line:82]: ======【nga测试环境】生成手机号：01632364126 ======
INFO - 2021-09-23 10:28:46,940 - new_apply_order.py[line:95]: 01632364126 检测用户存在成功！
INFO - 2021-09-23 10:28:46,983 - new_apply_order.py[line:104]: 01632364126 短信发送成功！
INFO - 2021-09-23 10:28:47,023 - new_apply_order.py[line:117]: 01632364126 注册成功！
INFO - 2021-09-23 10:28:47,073 - new_apply_order.py[line:133]: 01632364126 登录短信发送成功！
INFO - 2021-09-23 10:28:47,121 - new_apply_order.py[line:143]: userId=6212255141582217216,mobile=01632364126,token=ef8f2e2cdd4e3358294b79262694dc99 登录成功
INFO - 2021-09-23 10:28:47,192 - new_apply_order.py[line:205]: 个人信息提交成功！
INFO - 2021-09-23 10:28:47,245 - new_apply_order.py[line:216]: 联系人信息提交成功！
INFO - 2021-09-23 10:28:47,424 - new_apply_order.py[line:238]: 创建预审订单成功！
INFO - 2021-09-23 10:28:47,443 - new_apply_order.py[line:246]: 预审状态修改为通过,更新条数 1
INFO - 2021-09-23 10:28:47,461 - new_apply_order.py[line:249]: 更新初始额度！更新条数 1
INFO - 2021-09-23 10:28:47,750 - new_apply_order.py[line:266]: 活体图片上传成功！回写配置文件global_param.mp4_url
INFO - 2021-09-23 10:28:47,787 - new_apply_order.py[line:276]: 视频认证通过！
INFO - 2021-09-23 10:28:48,751 - new_apply_order.py[line:367]: bvn和银行卡绑卡认证通过！
INFO - 2021-09-23 10:28:49,066 - new_apply_order.py[line:388]: user更新1条
INFO - 2021-09-23 10:28:49,241 - new_apply_order.py[line:426]: 进件成功！执行sql将订单改为风控中……
INFO - 2021-09-23 10:28:50,284 - new_apply_order.py[line:432]: 订单表更新1条，信审更新1条
INFO - 2021-09-23 10:28:50,649 - new_apply_order.py[line:446]: 查询loan_order_id成功！
INFO - 2021-09-23 10:28:50,694 - new_apply_order.py[line:461]: 订单回调复审通过成功！
INFO - 2021-09-23 10:28:51,457 - new_apply_order.py[line:483]: 获取token成功！token=bearer 6070e62b-2e2e-43a5-bafc-5036c49bf172！
INFO - 2021-09-23 10:28:51,808 - new_apply_order.py[line:446]: 查询loan_order_id成功！
INFO - 2021-09-23 10:28:52,196 - new_apply_order.py[line:501]: 后台已触发放款成功！
INFO - 2021-09-23 10:28:57,243 - new_apply_order.py[line:515]: xxl_job web 登录成功！
INFO - 2021-09-23 10:28:57,257 - new_apply_order.py[line:531]: xxl_job 放款准备作业执行成功！
INFO - 2021-09-23 10:28:58,612 - new_apply_order.py[line:446]: 查询loan_order_id成功！
INFO - 2021-09-23 10:28:58,629 - new_apply_order.py[line:539]: 修改放款准备完成时间成功！
INFO - 2021-09-23 10:28:58,637 - new_apply_order.py[line:547]: xxl_job 放款完成作业执行成功！
INFO - 2021-09-23 10:28:58,948 - new_apply_order.py[line:719]: 校验重试查询第1次
ERROR - 2021-09-23 10:28:59,956 - new_apply_order.py[line:615]: 放款完成或准备失败,目前的订单状态是35
INFO - 2021-09-23 10:28:59,956 - new_apply_order.py[line:616]: {'app': 'runcash', 'loan_order_id': '1440865699130773504', 'mobile': '01632364126', 'order_status': 35}
INFO - 2021-09-23 10:29:00,465 - new_apply_order.py[line:719]: 校验重试查询第2次
INFO - 2021-09-23 10:29:01,479 - new_apply_order.py[line:613]: 放款完成或准备成功,目前的订单状态是40
INFO - 2021-09-23 10:29:01,479 - new_apply_order.py[line:616]: {'app': 'runcash', 'loan_order_id': '1440865699130773504', 'mobile': '01632364126', 'order_status': 40}
INFO - 2021-09-23 10:29:01,479 - new_apply_order.py[line:736]: ===========完成第【1】次进件===========
INFO - 2021-09-23 10:29:01,480 - new_apply_order.py[line:739]: ======完成第【1】次进件,耗时14.89s=====
INFO - 2021-09-23 10:29:01,484 - new_apply_order.py[line:696]: 开始第 formoney【1】次进件……
INFO - 2021-09-23 10:29:01,485 - new_apply_order.py[line:82]: ======【nga测试环境】生成手机号：01632364141 ======
INFO - 2021-09-23 10:29:01,827 - new_apply_order.py[line:95]: 01632364141 检测用户存在成功！
INFO - 2021-09-23 10:29:01,867 - new_apply_order.py[line:104]: 01632364141 短信发送成功！
INFO - 2021-09-23 10:29:01,909 - new_apply_order.py[line:117]: 01632364141 注册成功！
INFO - 2021-09-23 10:29:01,969 - new_apply_order.py[line:133]: 01632364141 登录短信发送成功！
INFO - 2021-09-23 10:29:02,016 - new_apply_order.py[line:143]: userId=6212255204010237952,mobile=01632364141,token=e198187e541b2bd0391de2748be717c1 登录成功
INFO - 2021-09-23 10:29:02,089 - new_apply_order.py[line:205]: 个人信息提交成功！
INFO - 2021-09-23 10:29:02,165 - new_apply_order.py[line:216]: 联系人信息提交成功！
INFO - 2021-09-23 10:29:02,367 - new_apply_order.py[line:238]: 创建预审订单成功！
INFO - 2021-09-23 10:29:02,384 - new_apply_order.py[line:246]: 预审状态修改为通过,更新条数 1
INFO - 2021-09-23 10:29:02,401 - new_apply_order.py[line:249]: 更新初始额度！更新条数 1
INFO - 2021-09-23 10:29:03,690 - new_apply_order.py[line:266]: 活体图片上传成功！回写配置文件global_param.mp4_url
INFO - 2021-09-23 10:29:03,727 - new_apply_order.py[line:276]: 视频认证通过！
INFO - 2021-09-23 10:29:04,748 - new_apply_order.py[line:367]: bvn和银行卡绑卡认证通过！
INFO - 2021-09-23 10:29:05,043 - new_apply_order.py[line:388]: user更新1条
INFO - 2021-09-23 10:29:05,242 - new_apply_order.py[line:426]: 进件成功！执行sql将订单改为风控中……
INFO - 2021-09-23 10:29:06,282 - new_apply_order.py[line:432]: 订单表更新1条，信审更新1条
INFO - 2021-09-23 10:29:06,646 - new_apply_order.py[line:446]: 查询loan_order_id成功！
INFO - 2021-09-23 10:29:06,683 - new_apply_order.py[line:461]: 订单回调复审通过成功！
INFO - 2021-09-23 10:29:07,485 - new_apply_order.py[line:483]: 获取token成功！token=bearer 6070e62b-2e2e-43a5-bafc-5036c49bf172！
INFO - 2021-09-23 10:29:07,831 - new_apply_order.py[line:446]: 查询loan_order_id成功！
INFO - 2021-09-23 10:29:08,111 - new_apply_order.py[line:501]: 后台已触发放款成功！
INFO - 2021-09-23 10:30:15,292 - new_apply_order.py[line:515]: xxl_job web 登录成功！
INFO - 2021-09-23 10:30:15,306 - new_apply_order.py[line:531]: xxl_job 放款准备作业执行成功！
INFO - 2021-09-23 10:30:16,678 - new_apply_order.py[line:446]: 查询loan_order_id成功！
INFO - 2021-09-23 10:30:16,693 - new_apply_order.py[line:539]: 修改放款准备完成时间成功！
INFO - 2021-09-23 10:30:16,700 - new_apply_order.py[line:547]: xxl_job 放款完成作业执行成功！
INFO - 2021-09-23 10:30:17,005 - new_apply_order.py[line:719]: 校验重试查询第1次
INFO - 2021-09-23 10:30:18,020 - new_apply_order.py[line:613]: 放款完成或准备成功,目前的订单状态是40
INFO - 2021-09-23 10:30:18,021 - new_apply_order.py[line:616]: {'app': 'formoney', 'loan_order_id': '1440865761697206272', 'mobile': '01632364141', 'order_status': 40}
INFO - 2021-09-23 10:30:18,021 - new_apply_order.py[line:736]: ===========完成第【1】次进件===========
INFO - 2021-09-23 10:30:18,021 - new_apply_order.py[line:739]: ======完成第【1】次进件,耗时76.54s=====
INFO - 2021-09-23 10:30:18,027 - new_apply_order.py[line:696]: 开始第 Gotocash【1】次进件……
INFO - 2021-09-23 10:30:18,028 - new_apply_order.py[line:82]: ======【nga测试环境】生成手机号：01632364218 ======
INFO - 2021-09-23 10:30:18,384 - new_apply_order.py[line:95]: 01632364218 检测用户存在成功！
INFO - 2021-09-23 10:30:18,432 - new_apply_order.py[line:104]: 01632364218 短信发送成功！
INFO - 2021-09-23 10:30:18,472 - new_apply_order.py[line:117]: 01632364218 注册成功！
INFO - 2021-09-23 10:30:18,525 - new_apply_order.py[line:133]: 01632364218 登录短信发送成功！
INFO - 2021-09-23 10:30:18,578 - new_apply_order.py[line:143]: userId=6212255525151318016,mobile=01632364218,token=e82f4b566057d2234278e8bb01711b00 登录成功
INFO - 2021-09-23 10:30:18,647 - new_apply_order.py[line:205]: 个人信息提交成功！
INFO - 2021-09-23 10:30:18,699 - new_apply_order.py[line:216]: 联系人信息提交成功！
INFO - 2021-09-23 10:30:18,895 - new_apply_order.py[line:238]: 创建预审订单成功！
INFO - 2021-09-23 10:30:18,919 - new_apply_order.py[line:246]: 预审状态修改为通过,更新条数 1
INFO - 2021-09-23 10:30:18,937 - new_apply_order.py[line:249]: 更新初始额度！更新条数 1
INFO - 2021-09-23 10:30:19,188 - new_apply_order.py[line:266]: 活体图片上传成功！回写配置文件global_param.mp4_url
INFO - 2021-09-23 10:30:19,225 - new_apply_order.py[line:276]: 视频认证通过！
INFO - 2021-09-23 10:30:20,244 - new_apply_order.py[line:367]: bvn和银行卡绑卡认证通过！
INFO - 2021-09-23 10:30:20,542 - new_apply_order.py[line:388]: user更新1条
INFO - 2021-09-23 10:30:20,734 - new_apply_order.py[line:426]: 进件成功！执行sql将订单改为风控中……
INFO - 2021-09-23 10:30:21,768 - new_apply_order.py[line:432]: 订单表更新1条，信审更新1条
INFO - 2021-09-23 10:30:22,118 - new_apply_order.py[line:446]: 查询loan_order_id成功！
INFO - 2021-09-23 10:30:22,158 - new_apply_order.py[line:461]: 订单回调复审通过成功！
INFO - 2021-09-23 10:30:22,942 - new_apply_order.py[line:483]: 获取token成功！token=bearer 6070e62b-2e2e-43a5-bafc-5036c49bf172！
INFO - 2021-09-23 10:30:23,317 - new_apply_order.py[line:446]: 查询loan_order_id成功！
INFO - 2021-09-23 10:30:23,621 - new_apply_order.py[line:501]: 后台已触发放款成功！
INFO - 2021-09-23 10:30:23,634 - new_apply_order.py[line:515]: xxl_job web 登录成功！
INFO - 2021-09-23 10:30:23,646 - new_apply_order.py[line:531]: xxl_job 放款准备作业执行成功！
INFO - 2021-09-23 10:30:24,999 - new_apply_order.py[line:446]: 查询loan_order_id成功！
INFO - 2021-09-23 10:30:25,017 - new_apply_order.py[line:539]: 修改放款准备完成时间成功！
INFO - 2021-09-23 10:30:25,025 - new_apply_order.py[line:547]: xxl_job 放款完成作业执行成功！
INFO - 2021-09-23 10:30:25,334 - new_apply_order.py[line:719]: 校验重试查询第1次
INFO - 2021-09-23 10:30:26,353 - new_apply_order.py[line:613]: 放款完成或准备成功,目前的订单状态是40
INFO - 2021-09-23 10:30:26,353 - new_apply_order.py[line:616]: {'app': 'Gotocash', 'loan_order_id': '1440866082691485696', 'mobile': '01632364218', 'order_status': 40}
INFO - 2021-09-23 10:30:26,354 - new_apply_order.py[line:736]: ===========完成第【1】次进件===========
INFO - 2021-09-23 10:30:26,354 - new_apply_order.py[line:739]: ======完成第【1】次进件,耗时8.33s=====
INFO - 2021-09-23 10:30:26,358 - new_apply_order.py[line:696]: 开始第 Gotcash【1】次进件……
INFO - 2021-09-23 10:30:26,358 - new_apply_order.py[line:82]: ======【nga测试环境】生成手机号：01632364226 ======
INFO - 2021-09-23 10:30:26,704 - new_apply_order.py[line:95]: 01632364226 检测用户存在成功！
INFO - 2021-09-23 10:30:26,753 - new_apply_order.py[line:104]: 01632364226 短信发送成功！
INFO - 2021-09-23 10:30:26,797 - new_apply_order.py[line:117]: 01632364226 注册成功！
INFO - 2021-09-23 10:30:26,847 - new_apply_order.py[line:133]: 01632364226 登录短信发送成功！
INFO - 2021-09-23 10:30:26,893 - new_apply_order.py[line:143]: userId=6212255560047927296,mobile=01632364226,token=03e130ad86eb1b344bf7bfd91668e417 登录成功
INFO - 2021-09-23 10:30:26,960 - new_apply_order.py[line:205]: 个人信息提交成功！
INFO - 2021-09-23 10:30:27,012 - new_apply_order.py[line:216]: 联系人信息提交成功！
INFO - 2021-09-23 10:30:27,191 - new_apply_order.py[line:238]: 创建预审订单成功！
INFO - 2021-09-23 10:30:27,205 - new_apply_order.py[line:246]: 预审状态修改为通过,更新条数 1
INFO - 2021-09-23 10:30:27,216 - new_apply_order.py[line:249]: 更新初始额度！更新条数 1
INFO - 2021-09-23 10:30:28,451 - new_apply_order.py[line:266]: 活体图片上传成功！回写配置文件global_param.mp4_url
INFO - 2021-09-23 10:30:28,485 - new_apply_order.py[line:276]: 视频认证通过！
INFO - 2021-09-23 10:30:29,345 - new_apply_order.py[line:367]: bvn和银行卡绑卡认证通过！
INFO - 2021-09-23 10:30:29,659 - new_apply_order.py[line:388]: user更新1条
INFO - 2021-09-23 10:30:29,832 - new_apply_order.py[line:426]: 进件成功！执行sql将订单改为风控中……
INFO - 2021-09-23 10:30:30,873 - new_apply_order.py[line:432]: 订单表更新1条，信审更新1条
INFO - 2021-09-23 10:30:31,227 - new_apply_order.py[line:446]: 查询loan_order_id成功！
INFO - 2021-09-23 10:30:31,265 - new_apply_order.py[line:461]: 订单回调复审通过成功！
INFO - 2021-09-23 10:30:32,067 - new_apply_order.py[line:483]: 获取token成功！token=bearer 6070e62b-2e2e-43a5-bafc-5036c49bf172！
INFO - 2021-09-23 10:30:32,419 - new_apply_order.py[line:446]: 查询loan_order_id成功！
INFO - 2021-09-23 10:30:32,644 - new_apply_order.py[line:501]: 后台已触发放款成功！
INFO - 2021-09-23 10:30:32,655 - new_apply_order.py[line:515]: xxl_job web 登录成功！
INFO - 2021-09-23 10:30:32,666 - new_apply_order.py[line:531]: xxl_job 放款准备作业执行成功！
INFO - 2021-09-23 10:30:34,016 - new_apply_order.py[line:446]: 查询loan_order_id成功！
INFO - 2021-09-23 10:30:34,038 - new_apply_order.py[line:539]: 修改放款准备完成时间成功！
INFO - 2021-09-23 10:30:34,046 - new_apply_order.py[line:547]: xxl_job 放款完成作业执行成功！
INFO - 2021-09-23 10:30:34,354 - new_apply_order.py[line:719]: 校验重试查询第1次
INFO - 2021-09-23 10:30:35,371 - new_apply_order.py[line:613]: 放款完成或准备成功,目前的订单状态是40
INFO - 2021-09-23 10:30:35,371 - new_apply_order.py[line:616]: {'app': 'Gotcash', 'loan_order_id': '1440866117554540544', 'mobile': '01632364226', 'order_status': 40}
INFO - 2021-09-23 10:30:35,372 - new_apply_order.py[line:736]: ===========完成第【1】次进件===========
INFO - 2021-09-23 10:30:35,372 - new_apply_order.py[line:739]: ======完成第【1】次进件,耗时9.01s=====
INFO - 2021-09-23 10:30:35,375 - new_apply_order.py[line:696]: 开始第 faircash【1】次进件……
INFO - 2021-09-23 10:30:35,376 - new_apply_order.py[line:82]: ======【nga测试环境】生成手机号：01632364235 ======
INFO - 2021-09-23 10:30:35,722 - new_apply_order.py[line:95]: 01632364235 检测用户存在成功！
INFO - 2021-09-23 10:30:35,768 - new_apply_order.py[line:104]: 01632364235 短信发送成功！
INFO - 2021-09-23 10:30:35,805 - new_apply_order.py[line:117]: 01632364235 注册成功！
INFO - 2021-09-23 10:30:35,860 - new_apply_order.py[line:133]: 01632364235 登录短信发送成功！
INFO - 2021-09-23 10:30:35,904 - new_apply_order.py[line:143]: userId=6212255597842800640,mobile=01632364235,token=2bd3f46f4090f61beb1e32529451714b 登录成功
INFO - 2021-09-23 10:30:35,969 - new_apply_order.py[line:205]: 个人信息提交成功！
INFO - 2021-09-23 10:30:36,018 - new_apply_order.py[line:216]: 联系人信息提交成功！
INFO - 2021-09-23 10:30:36,189 - new_apply_order.py[line:238]: 创建预审订单成功！
INFO - 2021-09-23 10:30:36,204 - new_apply_order.py[line:246]: 预审状态修改为通过,更新条数 1
INFO - 2021-09-23 10:30:36,216 - new_apply_order.py[line:249]: 更新初始额度！更新条数 1
INFO - 2021-09-23 10:30:37,511 - new_apply_order.py[line:266]: 活体图片上传成功！回写配置文件global_param.mp4_url
INFO - 2021-09-23 10:30:37,549 - new_apply_order.py[line:276]: 视频认证通过！
INFO - 2021-09-23 10:30:38,693 - new_apply_order.py[line:367]: bvn和银行卡绑卡认证通过！
INFO - 2021-09-23 10:30:39,007 - new_apply_order.py[line:388]: user更新1条
INFO - 2021-09-23 10:30:39,207 - new_apply_order.py[line:426]: 进件成功！执行sql将订单改为风控中……
INFO - 2021-09-23 10:30:40,254 - new_apply_order.py[line:432]: 订单表更新1条，信审更新1条
INFO - 2021-09-23 10:30:40,603 - new_apply_order.py[line:446]: 查询loan_order_id成功！
INFO - 2021-09-23 10:30:40,643 - new_apply_order.py[line:461]: 订单回调复审通过成功！
INFO - 2021-09-23 10:30:41,426 - new_apply_order.py[line:483]: 获取token成功！token=bearer 6070e62b-2e2e-43a5-bafc-5036c49bf172！
INFO - 2021-09-23 10:30:41,776 - new_apply_order.py[line:446]: 查询loan_order_id成功！
INFO - 2021-09-23 10:30:42,091 - new_apply_order.py[line:501]: 后台已触发放款成功！
INFO - 2021-09-23 10:30:42,105 - new_apply_order.py[line:515]: xxl_job web 登录成功！
INFO - 2021-09-23 10:30:42,117 - new_apply_order.py[line:531]: xxl_job 放款准备作业执行成功！
INFO - 2021-09-23 10:30:43,475 - new_apply_order.py[line:446]: 查询loan_order_id成功！
INFO - 2021-09-23 10:30:43,494 - new_apply_order.py[line:539]: 修改放款准备完成时间成功！
INFO - 2021-09-23 10:30:43,502 - new_apply_order.py[line:547]: xxl_job 放款完成作业执行成功！
INFO - 2021-09-23 10:30:43,811 - new_apply_order.py[line:719]: 校验重试查询第1次
INFO - 2021-09-23 10:30:44,829 - new_apply_order.py[line:613]: 放款完成或准备成功,目前的订单状态是40
INFO - 2021-09-23 10:30:44,829 - new_apply_order.py[line:616]: {'app': 'faircash', 'loan_order_id': '1440866155332636672', 'mobile': '01632364235', 'order_status': 40}
INFO - 2021-09-23 10:30:44,830 - new_apply_order.py[line:736]: ===========完成第【1】次进件===========
INFO - 2021-09-23 10:30:44,830 - new_apply_order.py[line:739]: ======完成第【1】次进件,耗时9.45s=====
