INFO - 2022-01-04 21:10:33,655 - new_apply_order.py[line:927]: 开始第 aceloan【1】次进件……
INFO - 2022-01-04 21:10:34,062 - new_apply_order.py[line:95]: 01634872788 检测用户存在成功！
INFO - 2022-01-04 21:10:34,141 - new_apply_order.py[line:104]: 01634872788 短信发送成功！
INFO - 2022-01-04 21:10:34,190 - new_apply_order.py[line:117]: 01634872788 注册成功！
INFO - 2022-01-04 21:10:34,289 - new_apply_order.py[line:133]: 01634872788 登录短信发送成功！
INFO - 2022-01-04 21:10:34,353 - new_apply_order.py[line:143]: userId=6249742602736771072,mobile=01634872788,token=30af062d5388b5ee83b96b4f26fca3a0 登录成功
INFO - 2022-01-04 21:10:34,462 - new_apply_order.py[line:210]: 个人信息提交成功！
INFO - 2022-01-04 21:10:34,509 - new_apply_order.py[line:221]: 联系人信息提交成功！
INFO - 2022-01-04 21:10:34,803 - new_apply_order.py[line:253]: 创建预审订单成功！
INFO - 2022-01-04 21:10:34,836 - new_apply_order.py[line:261]: 预审状态修改为通过,更新条数 1
INFO - 2022-01-04 21:10:34,867 - new_apply_order.py[line:264]: 更新初始额度！更新条数 1
INFO - 2022-01-04 21:10:35,170 - new_apply_order.py[line:340]: 活体图片上传成功！回写配置文件global_param.mp4_url
INFO - 2022-01-04 21:10:35,208 - new_apply_order.py[line:350]: 视频认证通过！
INFO - 2022-01-04 21:10:36,125 - new_apply_order.py[line:509]: bvn和银行卡绑卡认证通过！
INFO - 2022-01-04 21:10:36,538 - new_apply_order.py[line:560]: user更新1条
INFO - 2022-01-04 21:10:36,737 - new_apply_order.py[line:621]: 进件成功！执行sql将订单改为风控中……
INFO - 2022-01-04 21:10:37,792 - new_apply_order.py[line:627]: 订单表更新1条，信审更新1条
INFO - 2022-01-04 21:10:38,166 - new_apply_order.py[line:641]: 查询loan_order_id成功！
INFO - 2022-01-04 21:10:38,215 - new_apply_order.py[line:656]: 订单回调复审通过成功！
INFO - 2022-01-04 21:10:38,980 - new_apply_order.py[line:678]: 获取token成功！token=bearer 8b726839-f78d-4bfc-a13d-d98083b7d78e！
INFO - 2022-01-04 21:10:39,349 - new_apply_order.py[line:641]: 查询loan_order_id成功！
INFO - 2022-01-04 21:10:39,651 - new_apply_order.py[line:696]: 后台已触发放款成功！
INFO - 2022-01-04 21:10:39,671 - new_apply_order.py[line:710]: xxl_job web 登录成功！
INFO - 2022-01-04 21:10:39,685 - new_apply_order.py[line:726]: xxl_job 放款准备作业执行成功！
INFO - 2022-01-04 21:10:41,051 - new_apply_order.py[line:641]: 查询loan_order_id成功！
INFO - 2022-01-04 21:10:41,082 - new_apply_order.py[line:734]: 修改放款准备完成时间成功！
INFO - 2022-01-04 21:10:41,093 - new_apply_order.py[line:742]: xxl_job 放款完成作业执行成功！
INFO - 2022-01-04 21:10:41,405 - new_apply_order.py[line:950]: 校验重试查询第1次
INFO - 2022-01-04 21:10:42,427 - new_apply_order.py[line:808]: 放款完成或准备成功,目前的订单状态是40
INFO - 2022-01-04 21:10:42,427 - new_apply_order.py[line:811]: {'app': 'aceloan', 'loan_order_id': '1478353160885374976', 'mobile': '01634872788', 'order_status': 40}
INFO - 2022-01-04 21:10:42,428 - new_apply_order.py[line:967]: ===========完成第【1】次进件===========
INFO - 2022-01-04 21:10:42,428 - new_apply_order.py[line:970]: ======完成第【1】次进件,耗时8.77s=====
INFO - 2022-01-04 21:10:42,928 - new_apply_order.py[line:678]: 获取token成功！token=bearer 8b726839-f78d-4bfc-a13d-d98083b7d78e！
ERROR - 2022-01-04 21:10:43,252 - new_apply_order.py[line:974]: 'data'
ERROR - 2022-01-04 21:10:43,253 - new_apply_order.py[line:975]: None
