INFO - 2021-12-18 15:40:03,458 - new_apply_order.py[line:893]: 开始第 fakash【1】次进件……
INFO - 2021-12-18 15:40:03,459 - new_apply_order.py[line:84]: ======【ke测试环境】生成手机号：739813203 ======
INFO - 2021-12-18 15:40:03,879 - new_apply_order.py[line:97]: 739813203 检测用户存在成功！
INFO - 2021-12-18 15:40:03,958 - new_apply_order.py[line:106]: 739813203 短信发送成功！
INFO - 2021-12-18 15:40:04,042 - new_apply_order.py[line:119]: 739813203 注册成功！
INFO - 2021-12-18 15:40:04,111 - new_apply_order.py[line:135]: 739813203 登录短信发送成功！
INFO - 2021-12-18 15:40:04,176 - new_apply_order.py[line:145]: userId=6243498852220542976,mobile=739813203,token=322f77f23001706b0baaff7f398d1680 登录成功
INFO - 2021-12-18 15:40:04,318 - new_apply_order.py[line:212]: 个人信息提交成功！
INFO - 2021-12-18 15:40:04,395 - new_apply_order.py[line:232]: 联系人信息提交成功！
INFO - 2021-12-18 15:40:05,096 - new_apply_order.py[line:255]: 创建预审订单成功！
INFO - 2021-12-18 15:40:05,115 - new_apply_order.py[line:263]: 预审状态修改为通过,更新条数 1
INFO - 2021-12-18 15:40:05,128 - new_apply_order.py[line:266]: 更新初始额度！更新条数 1
INFO - 2021-12-18 15:40:05,411 - new_apply_order.py[line:342]: 活体图片上传成功！回写配置文件global_param.mp4_url
INFO - 2021-12-18 15:40:05,456 - new_apply_order.py[line:352]: 视频认证通过！
INFO - 2021-12-18 15:40:05,716 - new_apply_order.py[line:579]: 739813203 短信发送成功！
INFO - 2021-12-18 15:40:05,914 - new_apply_order.py[line:588]: 绑卡成功！
INFO - 2021-12-18 15:40:06,188 - new_apply_order.py[line:623]: 进件成功！执行sql将订单改为风控中……
INFO - 2021-12-18 15:40:07,222 - new_apply_order.py[line:629]: 订单表更新1条，信审更新1条
INFO - 2021-12-18 15:40:07,620 - new_apply_order.py[line:643]: 查询loan_order_id成功！
INFO - 2021-12-18 15:40:07,677 - new_apply_order.py[line:658]: 订单回调复审通过成功！
INFO - 2021-12-18 15:40:08,529 - new_apply_order.py[line:680]: 获取token成功！token=bearer 82544883-6349-41c7-8222-30fbcbc9da59！
INFO - 2021-12-18 15:40:08,903 - new_apply_order.py[line:643]: 查询loan_order_id成功！
INFO - 2021-12-18 15:40:09,524 - new_apply_order.py[line:698]: 后台已触发放款成功！
INFO - 2021-12-18 15:40:09,537 - new_apply_order.py[line:712]: xxl_job web 登录成功！
INFO - 2021-12-18 15:40:09,547 - new_apply_order.py[line:728]: xxl_job 放款准备作业执行成功！
INFO - 2021-12-18 15:40:10,896 - new_apply_order.py[line:643]: 查询loan_order_id成功！
INFO - 2021-12-18 15:40:10,908 - new_apply_order.py[line:736]: 修改放款准备完成时间成功！
INFO - 2021-12-18 15:40:10,915 - new_apply_order.py[line:744]: xxl_job 放款完成作业执行成功！
INFO - 2021-12-18 15:40:11,270 - new_apply_order.py[line:643]: 查询loan_order_id成功！
INFO - 2021-12-18 15:40:11,391 - new_apply_order.py[line:783]: 放款回调失败！
INFO - 2021-12-18 15:40:11,693 - new_apply_order.py[line:916]: 校验重试查询第1次
ERROR - 2021-12-18 15:40:12,710 - new_apply_order.py[line:812]: 放款完成或准备失败,目前的订单状态是35
INFO - 2021-12-18 15:40:12,710 - new_apply_order.py[line:813]: {'app': 'fakash', 'loan_order_id': '1472109410398769152', 'mobile': '739813203', 'order_status': 35}
INFO - 2021-12-18 15:40:13,582 - new_apply_order.py[line:643]: 查询loan_order_id成功！
INFO - 2021-12-18 15:40:13,759 - new_apply_order.py[line:781]: 放款回调成功！
INFO - 2021-12-18 15:40:13,759 - new_apply_order.py[line:916]: 校验重试查询第2次
INFO - 2021-12-18 15:40:14,776 - new_apply_order.py[line:810]: 放款完成或准备成功,目前的订单状态是40
INFO - 2021-12-18 15:40:14,777 - new_apply_order.py[line:813]: {'app': 'fakash', 'loan_order_id': '1472109410398769152', 'mobile': '739813203', 'order_status': 40}
INFO - 2021-12-18 15:40:14,779 - new_apply_order.py[line:933]: ===========完成第【1】次进件===========
INFO - 2021-12-18 15:40:14,780 - new_apply_order.py[line:893]: 开始第 fakash【2】次进件……
INFO - 2021-12-18 15:40:14,781 - new_apply_order.py[line:84]: ======【ke测试环境】生成手机号：739813214 ======
INFO - 2021-12-18 15:40:15,143 - new_apply_order.py[line:97]: 739813214 检测用户存在成功！
INFO - 2021-12-18 15:40:15,192 - new_apply_order.py[line:106]: 739813214 短信发送成功！
INFO - 2021-12-18 15:40:15,243 - new_apply_order.py[line:119]: 739813214 注册成功！
INFO - 2021-12-18 15:40:15,294 - new_apply_order.py[line:135]: 739813214 登录短信发送成功！
INFO - 2021-12-18 15:40:15,353 - new_apply_order.py[line:145]: userId=6243498899242885120,mobile=739813214,token=a9134ac8ec85f4490d6ac60e51c0be14 登录成功
INFO - 2021-12-18 15:40:15,508 - new_apply_order.py[line:212]: 个人信息提交成功！
INFO - 2021-12-18 15:40:15,582 - new_apply_order.py[line:232]: 联系人信息提交成功！
INFO - 2021-12-18 15:40:15,862 - new_apply_order.py[line:255]: 创建预审订单成功！
INFO - 2021-12-18 15:40:15,886 - new_apply_order.py[line:263]: 预审状态修改为通过,更新条数 1
INFO - 2021-12-18 15:40:15,908 - new_apply_order.py[line:266]: 更新初始额度！更新条数 1
INFO - 2021-12-18 15:40:16,116 - new_apply_order.py[line:342]: 活体图片上传成功！回写配置文件global_param.mp4_url
INFO - 2021-12-18 15:40:16,154 - new_apply_order.py[line:352]: 视频认证通过！
INFO - 2021-12-18 15:40:16,404 - new_apply_order.py[line:579]: 739813214 短信发送成功！
INFO - 2021-12-18 15:40:16,544 - new_apply_order.py[line:588]: 绑卡成功！
INFO - 2021-12-18 15:40:16,769 - new_apply_order.py[line:623]: 进件成功！执行sql将订单改为风控中……
INFO - 2021-12-18 15:40:17,797 - new_apply_order.py[line:629]: 订单表更新1条，信审更新1条
INFO - 2021-12-18 15:40:18,183 - new_apply_order.py[line:643]: 查询loan_order_id成功！
INFO - 2021-12-18 15:40:18,257 - new_apply_order.py[line:658]: 订单回调复审通过成功！
