INFO - 2021-10-30 11:02:58,999 - new_apply_order.py[line:882]: 开始第 pickcash【1】次进件……
INFO - 2021-10-30 11:02:59,000 - new_apply_order.py[line:84]: ======【nga测试环境】生成手机号：01635562978 ======
INFO - 2021-10-30 11:02:59,370 - new_apply_order.py[line:97]: 01635562978 检测用户存在成功！
INFO - 2021-10-30 11:02:59,433 - new_apply_order.py[line:106]: 01635562978 短信发送成功！
INFO - 2021-10-30 11:02:59,493 - new_apply_order.py[line:119]: 01635562978 注册成功！
INFO - 2021-10-30 11:02:59,563 - new_apply_order.py[line:135]: 01635562978 登录短信发送成功！
INFO - 2021-10-30 11:02:59,624 - new_apply_order.py[line:145]: userId=6225672101351530496,mobile=01635562978,token=8a275d1dd79af062cd35df39a68d7c28 登录成功
INFO - 2021-10-30 11:02:59,732 - new_apply_order.py[line:212]: 个人信息提交成功！
INFO - 2021-10-30 11:02:59,807 - new_apply_order.py[line:223]: 联系人信息提交成功！
INFO - 2021-10-30 11:03:00,138 - new_apply_order.py[line:255]: 创建预审订单成功！
INFO - 2021-10-30 11:03:00,154 - new_apply_order.py[line:263]: 预审状态修改为通过,更新条数 1
INFO - 2021-10-30 11:03:00,168 - new_apply_order.py[line:266]: 更新初始额度！更新条数 1
INFO - 2021-10-30 11:03:00,480 - new_apply_order.py[line:342]: 活体图片上传成功！回写配置文件global_param.mp4_url
INFO - 2021-10-30 11:03:00,521 - new_apply_order.py[line:352]: 视频认证通过！
INFO - 2021-10-30 11:03:01,605 - new_apply_order.py[line:510]: bvn和银行卡绑卡认证通过！
INFO - 2021-10-30 11:03:01,938 - new_apply_order.py[line:561]: user更新1条
INFO - 2021-10-30 11:03:02,237 - new_apply_order.py[line:612]: 进件成功！执行sql将订单改为风控中……
INFO - 2021-10-30 11:03:03,287 - new_apply_order.py[line:618]: 订单表更新1条，信审更新1条
INFO - 2021-10-30 11:03:03,648 - new_apply_order.py[line:632]: 查询loan_order_id成功！
INFO - 2021-10-30 11:03:03,699 - new_apply_order.py[line:647]: 订单回调复审通过成功！
INFO - 2021-10-30 11:03:04,523 - new_apply_order.py[line:669]: 获取token成功！token=bearer d730ddac-5574-4de5-9a0d-79be610b9183！
INFO - 2021-10-30 11:03:04,878 - new_apply_order.py[line:632]: 查询loan_order_id成功！
INFO - 2021-10-30 11:03:05,449 - new_apply_order.py[line:687]: 后台已触发放款成功！
INFO - 2021-10-30 11:03:05,465 - new_apply_order.py[line:701]: xxl_job web 登录成功！
INFO - 2021-10-30 11:03:05,478 - new_apply_order.py[line:717]: xxl_job 放款准备作业执行成功！
INFO - 2021-10-30 11:03:06,835 - new_apply_order.py[line:632]: 查询loan_order_id成功！
INFO - 2021-10-30 11:03:06,847 - new_apply_order.py[line:725]: 修改放款准备完成时间成功！
INFO - 2021-10-30 11:03:06,852 - new_apply_order.py[line:733]: xxl_job 放款完成作业执行成功！
INFO - 2021-10-30 11:03:07,160 - new_apply_order.py[line:905]: 校验重试查询第1次
ERROR - 2021-10-30 11:03:08,177 - new_apply_order.py[line:801]: 放款完成或准备失败,目前的订单状态是32
INFO - 2021-10-30 11:03:08,177 - new_apply_order.py[line:802]: {'app': 'pickcash', 'loan_order_id': '1454282659319910400', 'mobile': '01635562978', 'order_status': 32}
INFO - 2021-10-30 11:03:08,188 - new_apply_order.py[line:701]: xxl_job web 登录成功！
INFO - 2021-10-30 11:03:08,201 - new_apply_order.py[line:717]: xxl_job 放款准备作业执行成功！
INFO - 2021-10-30 11:03:09,558 - new_apply_order.py[line:632]: 查询loan_order_id成功！
INFO - 2021-10-30 11:03:09,575 - new_apply_order.py[line:725]: 修改放款准备完成时间成功！
INFO - 2021-10-30 11:03:09,581 - new_apply_order.py[line:733]: xxl_job 放款完成作业执行成功！
INFO - 2021-10-30 11:03:10,086 - new_apply_order.py[line:905]: 校验重试查询第2次
ERROR - 2021-10-30 11:03:11,105 - new_apply_order.py[line:801]: 放款完成或准备失败,目前的订单状态是35
INFO - 2021-10-30 11:03:11,105 - new_apply_order.py[line:802]: {'app': 'pickcash', 'loan_order_id': '1454282659319910400', 'mobile': '01635562978', 'order_status': 35}
INFO - 2021-10-30 11:03:11,612 - new_apply_order.py[line:905]: 校验重试查询第3次
INFO - 2021-10-30 11:03:12,624 - new_apply_order.py[line:799]: 放款完成或准备成功,目前的订单状态是40
INFO - 2021-10-30 11:03:12,624 - new_apply_order.py[line:802]: {'app': 'pickcash', 'loan_order_id': '1454282659319910400', 'mobile': '01635562978', 'order_status': 40}
INFO - 2021-10-30 11:03:12,626 - new_apply_order.py[line:922]: ===========完成第【1】次进件===========
INFO - 2021-10-30 11:03:12,627 - new_apply_order.py[line:925]: ======完成第【1】次进件,耗时13.63s=====
