INFO - 2021-10-13 11:45:50,103 - new_apply_order.py[line:798]: 开始第 pickcash【1】次进件……
INFO - 2021-10-13 11:45:50,104 - new_apply_order.py[line:82]: ======【nga测试环境】生成手机号：01634096750 ======
INFO - 2021-10-13 11:45:50,462 - new_apply_order.py[line:95]: 01634096750 检测用户存在成功！
INFO - 2021-10-13 11:45:50,521 - new_apply_order.py[line:104]: 01634096750 短信发送成功！
INFO - 2021-10-13 11:45:50,561 - new_apply_order.py[line:117]: 01634096750 注册成功！
INFO - 2021-10-13 11:45:50,607 - new_apply_order.py[line:133]: 01634096750 登录短信发送成功！
INFO - 2021-10-13 11:45:50,651 - new_apply_order.py[line:143]: userId=6219522300289490944,mobile=01634096750,token=8ba554b7889ecf0af59318052c31882e 登录成功
INFO - 2021-10-13 11:45:50,720 - new_apply_order.py[line:208]: 个人信息提交成功！
INFO - 2021-10-13 11:45:50,764 - new_apply_order.py[line:219]: 联系人信息提交成功！
INFO - 2021-10-13 11:45:50,961 - new_apply_order.py[line:241]: 创建预审订单成功！
INFO - 2021-10-13 11:45:50,979 - new_apply_order.py[line:249]: 预审状态修改为通过,更新条数 1
INFO - 2021-10-13 11:45:50,993 - new_apply_order.py[line:252]: 更新初始额度！更新条数 1
INFO - 2021-10-13 11:45:51,250 - new_apply_order.py[line:269]: 活体图片上传成功！回写配置文件global_param.mp4_url
INFO - 2021-10-13 11:45:51,280 - new_apply_order.py[line:279]: 视频认证通过！
INFO - 2021-10-13 11:45:52,298 - new_apply_order.py[line:436]: bvn和银行卡绑卡认证通过！
INFO - 2021-10-13 11:45:52,593 - new_apply_order.py[line:487]: user更新1条
INFO - 2021-10-13 11:45:52,811 - new_apply_order.py[line:528]: 进件成功！执行sql将订单改为风控中……
INFO - 2021-10-13 11:45:53,842 - new_apply_order.py[line:534]: 订单表更新1条，信审更新1条
INFO - 2021-10-13 11:45:54,191 - new_apply_order.py[line:548]: 查询loan_order_id成功！
INFO - 2021-10-13 11:45:54,234 - new_apply_order.py[line:563]: 订单回调复审通过成功！
INFO - 2021-10-13 11:45:54,987 - new_apply_order.py[line:585]: 获取token成功！token=bearer 510c83cb-2642-49e4-a021-1b4854d795a3！
INFO - 2021-10-13 11:45:55,331 - new_apply_order.py[line:548]: 查询loan_order_id成功！
INFO - 2021-10-13 11:45:55,887 - new_apply_order.py[line:603]: 后台已触发放款成功！
INFO - 2021-10-13 11:45:55,899 - new_apply_order.py[line:617]: xxl_job web 登录成功！
INFO - 2021-10-13 11:45:55,912 - new_apply_order.py[line:633]: xxl_job 放款准备作业执行成功！
INFO - 2021-10-13 11:45:57,263 - new_apply_order.py[line:548]: 查询loan_order_id成功！
INFO - 2021-10-13 11:45:57,278 - new_apply_order.py[line:641]: 修改放款准备完成时间成功！
INFO - 2021-10-13 11:45:57,285 - new_apply_order.py[line:649]: xxl_job 放款完成作业执行成功！
INFO - 2021-10-13 11:45:57,589 - new_apply_order.py[line:821]: 校验重试查询第1次
ERROR - 2021-10-13 11:45:58,602 - new_apply_order.py[line:717]: 放款完成或准备失败,目前的订单状态是35
INFO - 2021-10-13 11:45:58,603 - new_apply_order.py[line:718]: {'app': 'pickcash', 'loan_order_id': '1448132857743413248', 'mobile': '01634096750', 'order_status': 35}
INFO - 2021-10-13 11:45:59,109 - new_apply_order.py[line:821]: 校验重试查询第2次
INFO - 2021-10-13 11:46:00,122 - new_apply_order.py[line:715]: 放款完成或准备成功,目前的订单状态是40
INFO - 2021-10-13 11:46:00,123 - new_apply_order.py[line:718]: {'app': 'pickcash', 'loan_order_id': '1448132857743413248', 'mobile': '01634096750', 'order_status': 40}
INFO - 2021-10-13 11:46:00,125 - new_apply_order.py[line:838]: ===========完成第【1】次进件===========
INFO - 2021-10-13 11:46:00,125 - new_apply_order.py[line:841]: ======完成第【1】次进件,耗时10.02s=====
