INFO - 2021-12-29 14:33:47,388 - new_apply_order.py[line:892]: 开始第 moneyaccess【1】次进件……
INFO - 2021-12-29 14:33:47,389 - new_apply_order.py[line:83]: ======【nga测试环境】生成手机号：01640759627 ======
INFO - 2021-12-29 14:33:47,762 - new_apply_order.py[line:96]: 01640759627 检测用户存在成功！
INFO - 2021-12-29 14:33:47,835 - new_apply_order.py[line:105]: 01640759627 短信发送成功！
INFO - 2021-12-29 14:33:47,886 - new_apply_order.py[line:118]: 01640759627 注册成功！
INFO - 2021-12-29 14:33:47,948 - new_apply_order.py[line:134]: 01640759627 登录短信发送成功！
INFO - 2021-12-29 14:33:48,011 - new_apply_order.py[line:144]: userId=6247468424461557760,mobile=01640759627,token=d53aaf17ca62bff7eae98fb8ddf7bbf3 登录成功
INFO - 2021-12-29 14:33:48,137 - new_apply_order.py[line:211]: 个人信息提交成功！
INFO - 2021-12-29 14:33:48,191 - new_apply_order.py[line:222]: 联系人信息提交成功！
INFO - 2021-12-29 14:33:48,525 - new_apply_order.py[line:254]: 创建预审订单成功！
INFO - 2021-12-29 14:33:48,546 - new_apply_order.py[line:262]: 预审状态修改为通过,更新条数 1
INFO - 2021-12-29 14:33:48,562 - new_apply_order.py[line:265]: 更新初始额度！更新条数 1
INFO - 2021-12-29 14:33:48,867 - new_apply_order.py[line:341]: 活体图片上传成功！回写配置文件global_param.mp4_url
INFO - 2021-12-29 14:33:48,921 - new_apply_order.py[line:351]: 视频认证通过！
INFO - 2021-12-29 14:33:50,091 - new_apply_order.py[line:510]: bvn和银行卡绑卡认证通过！
INFO - 2021-12-29 14:33:50,444 - new_apply_order.py[line:561]: user更新1条
INFO - 2021-12-29 14:33:50,672 - new_apply_order.py[line:622]: 进件成功！执行sql将订单改为风控中……
INFO - 2021-12-29 14:33:51,708 - new_apply_order.py[line:628]: 订单表更新1条，信审更新1条
INFO - 2021-12-29 14:33:52,083 - new_apply_order.py[line:642]: 查询loan_order_id成功！
INFO - 2021-12-29 14:33:52,113 - new_apply_order.py[line:657]: 订单回调复审通过成功！
INFO - 2021-12-29 14:33:52,903 - new_apply_order.py[line:679]: 获取token成功！token=bearer 9152240b-c717-4527-8156-e3f7399999d0！
INFO - 2021-12-29 14:33:53,283 - new_apply_order.py[line:642]: 查询loan_order_id成功！
INFO - 2021-12-29 14:33:53,627 - new_apply_order.py[line:697]: 后台已触发放款成功！
INFO - 2021-12-29 14:33:53,640 - new_apply_order.py[line:711]: xxl_job web 登录成功！
INFO - 2021-12-29 14:33:53,655 - new_apply_order.py[line:727]: xxl_job 放款准备作业执行成功！
INFO - 2021-12-29 14:33:55,019 - new_apply_order.py[line:642]: 查询loan_order_id成功！
INFO - 2021-12-29 14:33:55,036 - new_apply_order.py[line:735]: 修改放款准备完成时间成功！
INFO - 2021-12-29 14:33:55,042 - new_apply_order.py[line:743]: xxl_job 放款完成作业执行成功！
INFO - 2021-12-29 14:33:55,349 - new_apply_order.py[line:915]: 校验重试查询第1次
ERROR - 2021-12-29 14:33:56,360 - new_apply_order.py[line:811]: 放款完成或准备失败,目前的订单状态是35
INFO - 2021-12-29 14:33:56,360 - new_apply_order.py[line:812]: {'app': 'moneyaccess', 'loan_order_id': '1476078982563500032', 'mobile': '01640759627', 'order_status': 35}
INFO - 2021-12-29 14:33:56,867 - new_apply_order.py[line:915]: 校验重试查询第2次
INFO - 2021-12-29 14:33:57,878 - new_apply_order.py[line:809]: 放款完成或准备成功,目前的订单状态是40
INFO - 2021-12-29 14:33:57,878 - new_apply_order.py[line:812]: {'app': 'moneyaccess', 'loan_order_id': '1476078982563500032', 'mobile': '01640759627', 'order_status': 40}
INFO - 2021-12-29 14:33:57,879 - new_apply_order.py[line:932]: ===========完成第【1】次进件===========
INFO - 2021-12-29 14:33:57,879 - new_apply_order.py[line:935]: ======完成第【1】次进件,耗时10.49s=====
