INFO - 2021-12-15 15:42:15,176 - new_apply_order.py[line:893]: 开始第 Mipeso【1】次进件……
INFO - 2021-12-15 15:42:15,275 - new_apply_order.py[line:60]: 删除redis key: "mx:cfs:user:userid:4982730128048660480"
INFO - 2021-12-15 15:42:15,362 - new_apply_order.py[line:75]: 更新脏数据16条
INFO - 2021-12-15 15:42:15,363 - new_apply_order.py[line:84]: ======【mx测试环境】生成手机号：1639554135 ======
INFO - 2021-12-15 15:42:16,106 - new_apply_order.py[line:97]: 1639554135 检测用户存在成功！
INFO - 2021-12-15 15:42:16,446 - new_apply_order.py[line:106]: 1639554135 短信发送成功！
INFO - 2021-12-15 15:42:17,024 - new_apply_order.py[line:119]: 1639554135 注册成功！
INFO - 2021-12-15 15:42:17,186 - new_apply_order.py[line:135]: 1639554135 登录短信发送成功！
INFO - 2021-12-15 15:42:17,662 - new_apply_order.py[line:145]: userId=4984121027354173440,mobile=1639554135,token=81ff58d62b45bf60b4cac4230c590f72 登录成功
INFO - 2021-12-15 15:42:18,730 - new_apply_order.py[line:212]: 个人信息提交成功！
INFO - 2021-12-15 15:42:21,829 - new_apply_order.py[line:255]: 创建预审订单成功！
INFO - 2021-12-15 15:42:21,842 - new_apply_order.py[line:263]: 预审状态修改为通过,更新条数 1
INFO - 2021-12-15 15:42:21,854 - new_apply_order.py[line:266]: 更新初始额度！更新条数 1
INFO - 2021-12-15 15:42:29,775 - new_apply_order.py[line:361]: curp上传成功!
INFO - 2021-12-15 15:42:30,785 - new_apply_order.py[line:370]: curp_rfc校验通过！
INFO - 2021-12-15 15:42:31,775 - new_apply_order.py[line:381]: 人脸识别成功!
ERROR - 2021-12-15 15:42:34,504 - new_apply_order.py[line:571]: 绑卡失败！{"code":"60006007","msg":"Please enter correct bank account.","data":null}
INFO - 2021-12-15 15:42:35,925 - new_apply_order.py[line:623]: 进件成功！执行sql将订单改为风控中……
INFO - 2021-12-15 15:42:38,089 - new_apply_order.py[line:629]: 订单表更新1条，信审更新1条
INFO - 2021-12-15 15:42:38,504 - new_apply_order.py[line:643]: 查询loan_order_id成功！
INFO - 2021-12-15 15:42:39,911 - new_apply_order.py[line:658]: 订单回调复审通过成功！
INFO - 2021-12-15 15:42:46,485 - new_apply_order.py[line:680]: 获取token成功！token=bearer f8877a6e-308c-470d-aa9d-54834b3a07ff！
INFO - 2021-12-15 15:42:46,869 - new_apply_order.py[line:643]: 查询loan_order_id成功！
INFO - 2021-12-15 15:42:48,753 - new_apply_order.py[line:698]: 后台已触发放款成功！
INFO - 2021-12-15 15:42:48,789 - new_apply_order.py[line:712]: xxl_job web 登录成功！
INFO - 2021-12-15 15:42:48,807 - new_apply_order.py[line:728]: xxl_job 放款准备作业执行成功！
INFO - 2021-12-15 15:42:50,191 - new_apply_order.py[line:643]: 查询loan_order_id成功！
INFO - 2021-12-15 15:42:50,202 - new_apply_order.py[line:736]: 修改放款准备完成时间成功！
INFO - 2021-12-15 15:42:50,212 - new_apply_order.py[line:744]: xxl_job 放款完成作业执行成功！
INFO - 2021-12-15 15:42:50,590 - new_apply_order.py[line:643]: 查询loan_order_id成功！
INFO - 2021-12-15 15:42:50,905 - new_apply_order.py[line:916]: 校验重试查询第1次
ERROR - 2021-12-15 15:42:51,920 - new_apply_order.py[line:812]: 放款完成或准备失败,目前的订单状态是30
INFO - 2021-12-15 15:42:51,920 - new_apply_order.py[line:813]: {'app': 'Mipeso', 'loan_order_id': '1471022793658863616', 'mobile': '1639554135', 'order_status': 30}
INFO - 2021-12-15 15:42:51,921 - new_apply_order.py[line:916]: 校验重试查询第2次
ERROR - 2021-12-15 15:42:52,934 - new_apply_order.py[line:812]: 放款完成或准备失败,目前的订单状态是30
INFO - 2021-12-15 15:42:52,935 - new_apply_order.py[line:813]: {'app': 'Mipeso', 'loan_order_id': '1471022793658863616', 'mobile': '1639554135', 'order_status': 30}
INFO - 2021-12-15 15:42:52,935 - new_apply_order.py[line:916]: 校验重试查询第3次
ERROR - 2021-12-15 15:42:53,948 - new_apply_order.py[line:812]: 放款完成或准备失败,目前的订单状态是30
INFO - 2021-12-15 15:42:53,949 - new_apply_order.py[line:813]: {'app': 'Mipeso', 'loan_order_id': '1471022793658863616', 'mobile': '1639554135', 'order_status': 30}
INFO - 2021-12-15 15:42:53,949 - new_apply_order.py[line:916]: 校验重试查询第4次
ERROR - 2021-12-15 15:42:54,959 - new_apply_order.py[line:812]: 放款完成或准备失败,目前的订单状态是30
INFO - 2021-12-15 15:42:54,959 - new_apply_order.py[line:813]: {'app': 'Mipeso', 'loan_order_id': '1471022793658863616', 'mobile': '1639554135', 'order_status': 30}
INFO - 2021-12-15 15:42:54,959 - new_apply_order.py[line:916]: 校验重试查询第5次
ERROR - 2021-12-15 15:42:55,972 - new_apply_order.py[line:812]: 放款完成或准备失败,目前的订单状态是30
INFO - 2021-12-15 15:42:55,972 - new_apply_order.py[line:813]: {'app': 'Mipeso', 'loan_order_id': '1471022793658863616', 'mobile': '1639554135', 'order_status': 30}
INFO - 2021-12-15 15:42:55,972 - new_apply_order.py[line:916]: 校验重试查询第6次
ERROR - 2021-12-15 15:42:56,988 - new_apply_order.py[line:812]: 放款完成或准备失败,目前的订单状态是30
INFO - 2021-12-15 15:42:56,988 - new_apply_order.py[line:813]: {'app': 'Mipeso', 'loan_order_id': '1471022793658863616', 'mobile': '1639554135', 'order_status': 30}
INFO - 2021-12-15 15:42:56,988 - new_apply_order.py[line:916]: 校验重试查询第7次
ERROR - 2021-12-15 15:42:58,006 - new_apply_order.py[line:812]: 放款完成或准备失败,目前的订单状态是30
INFO - 2021-12-15 15:42:58,006 - new_apply_order.py[line:813]: {'app': 'Mipeso', 'loan_order_id': '1471022793658863616', 'mobile': '1639554135', 'order_status': 30}
INFO - 2021-12-15 15:42:58,006 - new_apply_order.py[line:916]: 校验重试查询第8次
ERROR - 2021-12-15 15:42:59,018 - new_apply_order.py[line:812]: 放款完成或准备失败,目前的订单状态是30
INFO - 2021-12-15 15:42:59,018 - new_apply_order.py[line:813]: {'app': 'Mipeso', 'loan_order_id': '1471022793658863616', 'mobile': '1639554135', 'order_status': 30}
INFO - 2021-12-15 15:42:59,018 - new_apply_order.py[line:916]: 校验重试查询第9次
ERROR - 2021-12-15 15:43:00,030 - new_apply_order.py[line:812]: 放款完成或准备失败,目前的订单状态是30
INFO - 2021-12-15 15:43:00,030 - new_apply_order.py[line:813]: {'app': 'Mipeso', 'loan_order_id': '1471022793658863616', 'mobile': '1639554135', 'order_status': 30}
INFO - 2021-12-15 15:43:00,030 - new_apply_order.py[line:916]: 校验重试查询第10次
ERROR - 2021-12-15 15:43:01,043 - new_apply_order.py[line:812]: 放款完成或准备失败,目前的订单状态是30
INFO - 2021-12-15 15:43:01,043 - new_apply_order.py[line:813]: {'app': 'Mipeso', 'loan_order_id': '1471022793658863616', 'mobile': '1639554135', 'order_status': 30}
INFO - 2021-12-15 15:43:01,043 - new_apply_order.py[line:933]: ===========完成第【1】次进件===========
INFO - 2021-12-15 15:43:01,043 - new_apply_order.py[line:936]: ======完成第【1】次进件,耗时45.87s=====
INFO - 2021-12-15 15:43:01,047 - new_apply_order.py[line:893]: 开始第 m_efectivo【1】次进件……
INFO - 2021-12-15 15:43:01,213 - new_apply_order.py[line:60]: 删除redis key: "mx:cfs:user:userid:4984121027354173440"
INFO - 2021-12-15 15:43:01,227 - new_apply_order.py[line:75]: 更新脏数据0条
INFO - 2021-12-15 15:43:01,228 - new_apply_order.py[line:84]: ======【mx测试环境】生成手机号：1639554181 ======
INFO - 2021-12-15 15:43:01,622 - new_apply_order.py[line:97]: 1639554181 检测用户存在成功！
INFO - 2021-12-15 15:43:01,710 - new_apply_order.py[line:106]: 1639554181 短信发送成功！
INFO - 2021-12-15 15:43:01,783 - new_apply_order.py[line:119]: 1639554181 注册成功！
INFO - 2021-12-15 15:43:01,902 - new_apply_order.py[line:135]: 1639554181 登录短信发送成功！
INFO - 2021-12-15 15:43:02,058 - new_apply_order.py[line:145]: userId=4984121216789913600,mobile=1639554181,token=1d850b72d261100a79f60c130734ffb7 登录成功
INFO - 2021-12-15 15:43:02,298 - new_apply_order.py[line:212]: 个人信息提交成功！
INFO - 2021-12-15 15:43:03,097 - new_apply_order.py[line:255]: 创建预审订单成功！
INFO - 2021-12-15 15:43:03,107 - new_apply_order.py[line:263]: 预审状态修改为通过,更新条数 1
INFO - 2021-12-15 15:43:03,117 - new_apply_order.py[line:266]: 更新初始额度！更新条数 1
INFO - 2021-12-15 15:43:05,678 - new_apply_order.py[line:361]: curp上传成功!
INFO - 2021-12-15 15:43:05,938 - new_apply_order.py[line:370]: curp_rfc校验通过！
INFO - 2021-12-15 15:43:06,836 - new_apply_order.py[line:381]: 人脸识别成功!
ERROR - 2021-12-15 15:43:07,507 - new_apply_order.py[line:571]: 绑卡失败！{"code":"60006007","msg":"Please enter correct bank account.","data":null}
INFO - 2021-12-15 15:43:07,941 - new_apply_order.py[line:623]: 进件成功！执行sql将订单改为风控中……
INFO - 2021-12-15 15:43:08,972 - new_apply_order.py[line:629]: 订单表更新1条，信审更新1条
INFO - 2021-12-15 15:43:09,385 - new_apply_order.py[line:643]: 查询loan_order_id成功！
INFO - 2021-12-15 15:43:09,461 - new_apply_order.py[line:658]: 订单回调复审通过成功！
INFO - 2021-12-15 15:43:10,354 - new_apply_order.py[line:680]: 获取token成功！token=bearer f8877a6e-308c-470d-aa9d-54834b3a07ff！
INFO - 2021-12-15 15:43:10,785 - new_apply_order.py[line:643]: 查询loan_order_id成功！
INFO - 2021-12-15 15:43:11,199 - new_apply_order.py[line:698]: 后台已触发放款成功！
INFO - 2021-12-15 15:43:11,215 - new_apply_order.py[line:712]: xxl_job web 登录成功！
INFO - 2021-12-15 15:43:11,226 - new_apply_order.py[line:728]: xxl_job 放款准备作业执行成功！
INFO - 2021-12-15 15:43:12,608 - new_apply_order.py[line:643]: 查询loan_order_id成功！
INFO - 2021-12-15 15:43:12,616 - new_apply_order.py[line:736]: 修改放款准备完成时间成功！
INFO - 2021-12-15 15:43:12,623 - new_apply_order.py[line:744]: xxl_job 放款完成作业执行成功！
INFO - 2021-12-15 15:43:13,021 - new_apply_order.py[line:643]: 查询loan_order_id成功！
INFO - 2021-12-15 15:43:13,352 - new_apply_order.py[line:916]: 校验重试查询第1次
ERROR - 2021-12-15 15:43:14,367 - new_apply_order.py[line:812]: 放款完成或准备失败,目前的订单状态是30
INFO - 2021-12-15 15:43:14,367 - new_apply_order.py[line:813]: {'app': 'm_efectivo', 'loan_order_id': '1471022976010424320', 'mobile': '1639554181', 'order_status': 30}
INFO - 2021-12-15 15:43:14,368 - new_apply_order.py[line:916]: 校验重试查询第2次
ERROR - 2021-12-15 15:43:15,375 - new_apply_order.py[line:812]: 放款完成或准备失败,目前的订单状态是30
INFO - 2021-12-15 15:43:15,375 - new_apply_order.py[line:813]: {'app': 'm_efectivo', 'loan_order_id': '1471022976010424320', 'mobile': '1639554181', 'order_status': 30}
INFO - 2021-12-15 15:43:15,375 - new_apply_order.py[line:916]: 校验重试查询第3次
ERROR - 2021-12-15 15:43:16,390 - new_apply_order.py[line:812]: 放款完成或准备失败,目前的订单状态是30
INFO - 2021-12-15 15:43:16,391 - new_apply_order.py[line:813]: {'app': 'm_efectivo', 'loan_order_id': '1471022976010424320', 'mobile': '1639554181', 'order_status': 30}
INFO - 2021-12-15 15:43:16,391 - new_apply_order.py[line:916]: 校验重试查询第4次
ERROR - 2021-12-15 15:43:17,403 - new_apply_order.py[line:812]: 放款完成或准备失败,目前的订单状态是30
INFO - 2021-12-15 15:43:17,404 - new_apply_order.py[line:813]: {'app': 'm_efectivo', 'loan_order_id': '1471022976010424320', 'mobile': '1639554181', 'order_status': 30}
INFO - 2021-12-15 15:43:17,404 - new_apply_order.py[line:916]: 校验重试查询第5次
ERROR - 2021-12-15 15:43:18,419 - new_apply_order.py[line:812]: 放款完成或准备失败,目前的订单状态是30
INFO - 2021-12-15 15:43:18,420 - new_apply_order.py[line:813]: {'app': 'm_efectivo', 'loan_order_id': '1471022976010424320', 'mobile': '1639554181', 'order_status': 30}
INFO - 2021-12-15 15:43:18,420 - new_apply_order.py[line:916]: 校验重试查询第6次
ERROR - 2021-12-15 15:43:19,435 - new_apply_order.py[line:812]: 放款完成或准备失败,目前的订单状态是30
INFO - 2021-12-15 15:43:19,435 - new_apply_order.py[line:813]: {'app': 'm_efectivo', 'loan_order_id': '1471022976010424320', 'mobile': '1639554181', 'order_status': 30}
INFO - 2021-12-15 15:43:19,435 - new_apply_order.py[line:916]: 校验重试查询第7次
ERROR - 2021-12-15 15:43:20,453 - new_apply_order.py[line:812]: 放款完成或准备失败,目前的订单状态是30
INFO - 2021-12-15 15:43:20,453 - new_apply_order.py[line:813]: {'app': 'm_efectivo', 'loan_order_id': '1471022976010424320', 'mobile': '1639554181', 'order_status': 30}
INFO - 2021-12-15 15:43:20,454 - new_apply_order.py[line:916]: 校验重试查询第8次
ERROR - 2021-12-15 15:43:21,464 - new_apply_order.py[line:812]: 放款完成或准备失败,目前的订单状态是30
INFO - 2021-12-15 15:43:21,464 - new_apply_order.py[line:813]: {'app': 'm_efectivo', 'loan_order_id': '1471022976010424320', 'mobile': '1639554181', 'order_status': 30}
INFO - 2021-12-15 15:43:21,465 - new_apply_order.py[line:916]: 校验重试查询第9次
ERROR - 2021-12-15 15:43:22,481 - new_apply_order.py[line:812]: 放款完成或准备失败,目前的订单状态是30
INFO - 2021-12-15 15:43:22,482 - new_apply_order.py[line:813]: {'app': 'm_efectivo', 'loan_order_id': '1471022976010424320', 'mobile': '1639554181', 'order_status': 30}
INFO - 2021-12-15 15:43:22,482 - new_apply_order.py[line:916]: 校验重试查询第10次
ERROR - 2021-12-15 15:43:23,497 - new_apply_order.py[line:812]: 放款完成或准备失败,目前的订单状态是30
INFO - 2021-12-15 15:43:23,497 - new_apply_order.py[line:813]: {'app': 'm_efectivo', 'loan_order_id': '1471022976010424320', 'mobile': '1639554181', 'order_status': 30}
INFO - 2021-12-15 15:43:23,498 - new_apply_order.py[line:933]: ===========完成第【1】次进件===========
INFO - 2021-12-15 15:43:23,498 - new_apply_order.py[line:936]: ======完成第【1】次进件,耗时22.45s=====
INFO - 2021-12-15 15:43:23,504 - new_apply_order.py[line:893]: 开始第 porpeso【1】次进件……
INFO - 2021-12-15 15:43:23,615 - new_apply_order.py[line:60]: 删除redis key: "mx:cfs:user:userid:4984121216789913600"
INFO - 2021-12-15 15:43:23,698 - new_apply_order.py[line:75]: 更新脏数据0条
INFO - 2021-12-15 15:43:23,698 - new_apply_order.py[line:84]: ======【mx测试环境】生成手机号：1639554203 ======
INFO - 2021-12-15 15:43:24,075 - new_apply_order.py[line:97]: 1639554203 检测用户存在成功！
INFO - 2021-12-15 15:43:24,186 - new_apply_order.py[line:106]: 1639554203 短信发送成功！
INFO - 2021-12-15 15:43:24,274 - new_apply_order.py[line:119]: 1639554203 注册成功！
INFO - 2021-12-15 15:43:24,386 - new_apply_order.py[line:135]: 1639554203 登录短信发送成功！
INFO - 2021-12-15 15:43:24,468 - new_apply_order.py[line:145]: userId=4984121311107227648,mobile=1639554203,token=ff3ce5d8d7699881bcad7fb089f0676c 登录成功
INFO - 2021-12-15 15:43:24,694 - new_apply_order.py[line:212]: 个人信息提交成功！
INFO - 2021-12-15 15:43:25,327 - new_apply_order.py[line:255]: 创建预审订单成功！
INFO - 2021-12-15 15:43:25,345 - new_apply_order.py[line:263]: 预审状态修改为通过,更新条数 1
INFO - 2021-12-15 15:43:25,357 - new_apply_order.py[line:266]: 更新初始额度！更新条数 1
INFO - 2021-12-15 15:43:27,737 - new_apply_order.py[line:361]: curp上传成功!
INFO - 2021-12-15 15:43:27,964 - new_apply_order.py[line:370]: curp_rfc校验通过！
INFO - 2021-12-15 15:43:28,905 - new_apply_order.py[line:381]: 人脸识别成功!
ERROR - 2021-12-15 15:43:29,491 - new_apply_order.py[line:571]: 绑卡失败！{"code":"60006007","msg":"Please enter correct bank account.","data":null}
INFO - 2021-12-15 15:43:29,851 - new_apply_order.py[line:623]: 进件成功！执行sql将订单改为风控中……
INFO - 2021-12-15 15:43:30,883 - new_apply_order.py[line:629]: 订单表更新1条，信审更新1条
INFO - 2021-12-15 15:43:31,292 - new_apply_order.py[line:643]: 查询loan_order_id成功！
INFO - 2021-12-15 15:43:31,350 - new_apply_order.py[line:658]: 订单回调复审通过成功！
INFO - 2021-12-15 15:43:32,251 - new_apply_order.py[line:680]: 获取token成功！token=bearer f8877a6e-308c-470d-aa9d-54834b3a07ff！
INFO - 2021-12-15 15:43:32,622 - new_apply_order.py[line:643]: 查询loan_order_id成功！
INFO - 2021-12-15 15:43:33,031 - new_apply_order.py[line:698]: 后台已触发放款成功！
INFO - 2021-12-15 15:43:33,045 - new_apply_order.py[line:712]: xxl_job web 登录成功！
INFO - 2021-12-15 15:43:33,056 - new_apply_order.py[line:728]: xxl_job 放款准备作业执行成功！
INFO - 2021-12-15 15:43:34,439 - new_apply_order.py[line:643]: 查询loan_order_id成功！
INFO - 2021-12-15 15:43:34,450 - new_apply_order.py[line:736]: 修改放款准备完成时间成功！
INFO - 2021-12-15 15:43:34,458 - new_apply_order.py[line:744]: xxl_job 放款完成作业执行成功！
INFO - 2021-12-15 15:43:34,860 - new_apply_order.py[line:643]: 查询loan_order_id成功！
INFO - 2021-12-15 15:43:35,173 - new_apply_order.py[line:916]: 校验重试查询第1次
