INFO - 2021-11-01 09:38:56,134 - new_apply_order.py[line:882]: 开始第 starmoni【1】次进件……
INFO - 2021-11-01 09:38:56,134 - new_apply_order.py[line:84]: ======【nga测试环境】生成手机号：01635730736 ======
INFO - 2021-11-01 09:38:56,507 - new_apply_order.py[line:97]: 01635730736 检测用户存在成功！
INFO - 2021-11-01 09:38:56,556 - new_apply_order.py[line:106]: 01635730736 短信发送成功！
INFO - 2021-11-01 09:38:56,618 - new_apply_order.py[line:119]: 01635730736 注册成功！
INFO - 2021-11-01 09:38:56,693 - new_apply_order.py[line:135]: 01635730736 登录短信发送成功！
INFO - 2021-11-01 09:38:56,768 - new_apply_order.py[line:145]: userId=6226375725544120320,mobile=01635730736,token=c0860b1f858e1e74eee70629ae9e181b 登录成功
INFO - 2021-11-01 09:38:56,858 - new_apply_order.py[line:212]: 个人信息提交成功！
INFO - 2021-11-01 09:38:56,934 - new_apply_order.py[line:223]: 联系人信息提交成功！
INFO - 2021-11-01 09:38:57,218 - new_apply_order.py[line:255]: 创建预审订单成功！
INFO - 2021-11-01 09:38:57,239 - new_apply_order.py[line:263]: 预审状态修改为通过,更新条数 1
INFO - 2021-11-01 09:38:57,258 - new_apply_order.py[line:266]: 更新初始额度！更新条数 1
INFO - 2021-11-01 09:38:57,564 - new_apply_order.py[line:342]: 活体图片上传成功！回写配置文件global_param.mp4_url
INFO - 2021-11-01 09:38:57,610 - new_apply_order.py[line:352]: 视频认证通过！
INFO - 2021-11-01 09:38:58,671 - new_apply_order.py[line:510]: bvn和银行卡绑卡认证通过！
INFO - 2021-11-01 09:38:59,124 - new_apply_order.py[line:561]: user更新1条
INFO - 2021-11-01 09:38:59,371 - new_apply_order.py[line:612]: 进件成功！执行sql将订单改为风控中……
INFO - 2021-11-01 09:39:00,409 - new_apply_order.py[line:618]: 订单表更新1条，信审更新1条
INFO - 2021-11-01 09:39:00,774 - new_apply_order.py[line:632]: 查询loan_order_id成功！
INFO - 2021-11-01 09:39:00,839 - new_apply_order.py[line:647]: 订单回调复审通过成功！
INFO - 2021-11-01 09:39:01,637 - new_apply_order.py[line:669]: 获取token成功！token=bearer f86d7afb-5cff-4e50-8b0e-57544f1192e0！
INFO - 2021-11-01 09:39:02,002 - new_apply_order.py[line:632]: 查询loan_order_id成功！
INFO - 2021-11-01 09:39:02,320 - new_apply_order.py[line:687]: 后台已触发放款成功！
INFO - 2021-11-01 09:39:02,856 - new_apply_order.py[line:701]: xxl_job web 登录成功！
INFO - 2021-11-01 09:39:02,870 - new_apply_order.py[line:717]: xxl_job 放款准备作业执行成功！
INFO - 2021-11-01 09:39:04,221 - new_apply_order.py[line:632]: 查询loan_order_id成功！
INFO - 2021-11-01 09:39:04,238 - new_apply_order.py[line:725]: 修改放款准备完成时间成功！
INFO - 2021-11-01 09:39:04,247 - new_apply_order.py[line:733]: xxl_job 放款完成作业执行成功！
INFO - 2021-11-01 09:39:04,556 - new_apply_order.py[line:905]: 校验重试查询第1次
ERROR - 2021-11-01 09:39:05,576 - new_apply_order.py[line:801]: 放款完成或准备失败,目前的订单状态是35
INFO - 2021-11-01 09:39:05,577 - new_apply_order.py[line:802]: {'app': 'starmoni', 'loan_order_id': '1454986283668082688', 'mobile': '01635730736', 'order_status': 35}
INFO - 2021-11-01 09:39:06,084 - new_apply_order.py[line:905]: 校验重试查询第2次
INFO - 2021-11-01 09:39:07,103 - new_apply_order.py[line:799]: 放款完成或准备成功,目前的订单状态是40
INFO - 2021-11-01 09:39:07,104 - new_apply_order.py[line:802]: {'app': 'starmoni', 'loan_order_id': '1454986283668082688', 'mobile': '01635730736', 'order_status': 40}
INFO - 2021-11-01 09:39:07,105 - new_apply_order.py[line:922]: ===========完成第【1】次进件===========
INFO - 2021-11-01 09:39:07,105 - new_apply_order.py[line:925]: ======完成第【1】次进件,耗时10.97s=====
