INFO - 2021-11-23 09:51:21,819 - new_apply_order.py[line:882]: 开始第 LendCash【1】次进件……
INFO - 2021-11-23 09:51:21,820 - new_apply_order.py[line:84]: ======【nga测试环境】生成手机号：01637632281 ======
INFO - 2021-11-23 09:51:22,361 - new_apply_order.py[line:97]: 01637632281 检测用户存在成功！
INFO - 2021-11-23 09:51:23,918 - new_apply_order.py[line:106]: 01637632281 短信发送成功！
INFO - 2021-11-23 09:51:24,398 - new_apply_order.py[line:119]: 01637632281 注册成功！
INFO - 2021-11-23 09:51:24,549 - new_apply_order.py[line:135]: 01637632281 登录短信发送成功！
INFO - 2021-11-23 09:51:25,017 - new_apply_order.py[line:145]: userId=6234351393672011776,mobile=01637632281,token=2610b43dd8fe7fbcb157857a11913417 登录成功
INFO - 2021-11-23 09:51:25,922 - new_apply_order.py[line:212]: 个人信息提交成功！
INFO - 2021-11-23 09:51:26,247 - new_apply_order.py[line:223]: 联系人信息提交成功！
INFO - 2021-11-23 09:51:29,535 - new_apply_order.py[line:255]: 创建预审订单成功！
INFO - 2021-11-23 09:51:29,558 - new_apply_order.py[line:263]: 预审状态修改为通过,更新条数 1
INFO - 2021-11-23 09:51:29,573 - new_apply_order.py[line:266]: 更新初始额度！更新条数 1
INFO - 2021-11-23 09:51:30,759 - new_apply_order.py[line:342]: 活体图片上传成功！回写配置文件global_param.mp4_url
INFO - 2021-11-23 09:51:30,899 - new_apply_order.py[line:352]: 视频认证通过！
INFO - 2021-11-23 09:51:38,308 - new_apply_order.py[line:510]: bvn和银行卡绑卡认证通过！
INFO - 2021-11-23 09:51:38,669 - new_apply_order.py[line:561]: user更新1条
INFO - 2021-11-23 09:51:40,183 - new_apply_order.py[line:612]: 进件成功！执行sql将订单改为风控中……
INFO - 2021-11-23 09:51:42,162 - new_apply_order.py[line:618]: 订单表更新1条，信审更新1条
INFO - 2021-11-23 09:51:42,642 - new_apply_order.py[line:632]: 查询loan_order_id成功！
INFO - 2021-11-23 09:51:43,993 - new_apply_order.py[line:647]: 订单回调复审通过成功！
INFO - 2021-11-23 09:51:44,976 - new_apply_order.py[line:669]: 获取token成功！token=bearer 5dbeb4f8-1fb7-4dd5-a47e-b8985c152bb1！
INFO - 2021-11-23 09:51:45,358 - new_apply_order.py[line:632]: 查询loan_order_id成功！
INFO - 2021-11-23 09:51:47,056 - new_apply_order.py[line:687]: 后台已触发放款成功！
INFO - 2021-11-23 09:51:47,074 - new_apply_order.py[line:701]: xxl_job web 登录成功！
INFO - 2021-11-23 09:51:47,087 - new_apply_order.py[line:717]: xxl_job 放款准备作业执行成功！
INFO - 2021-11-23 09:51:48,547 - new_apply_order.py[line:632]: 查询loan_order_id成功！
INFO - 2021-11-23 09:51:48,565 - new_apply_order.py[line:725]: 修改放款准备完成时间成功！
INFO - 2021-11-23 09:51:48,575 - new_apply_order.py[line:733]: xxl_job 放款完成作业执行成功！
INFO - 2021-11-23 09:51:48,883 - new_apply_order.py[line:905]: 校验重试查询第1次
ERROR - 2021-11-23 09:51:49,902 - new_apply_order.py[line:801]: 放款完成或准备失败,目前的订单状态是35
INFO - 2021-11-23 09:51:49,902 - new_apply_order.py[line:802]: {'app': 'LendCash', 'loan_order_id': '1462961960027426816', 'mobile': '01637632281', 'order_status': 35}
INFO - 2021-11-23 09:51:50,416 - new_apply_order.py[line:905]: 校验重试查询第2次
ERROR - 2021-11-23 09:51:51,433 - new_apply_order.py[line:801]: 放款完成或准备失败,目前的订单状态是35
INFO - 2021-11-23 09:51:51,434 - new_apply_order.py[line:802]: {'app': 'LendCash', 'loan_order_id': '1462961960027426816', 'mobile': '01637632281', 'order_status': 35}
INFO - 2021-11-23 09:51:51,943 - new_apply_order.py[line:905]: 校验重试查询第3次
INFO - 2021-11-23 09:51:52,961 - new_apply_order.py[line:799]: 放款完成或准备成功,目前的订单状态是40
INFO - 2021-11-23 09:51:52,962 - new_apply_order.py[line:802]: {'app': 'LendCash', 'loan_order_id': '1462961960027426816', 'mobile': '01637632281', 'order_status': 40}
INFO - 2021-11-23 09:51:52,963 - new_apply_order.py[line:922]: ===========完成第【1】次进件===========
INFO - 2021-11-23 09:51:52,964 - new_apply_order.py[line:925]: ======完成第【1】次进件,耗时31.14s=====
