INFO - 2021-11-19 14:10:16,254 - new_apply_order.py[line:882]: 开始第 kucash【1】次进件……
INFO - 2021-11-19 14:10:16,254 - new_apply_order.py[line:84]: ======【nga测试环境】生成手机号：01637302216 ======
INFO - 2021-11-19 14:10:16,644 - new_apply_order.py[line:97]: 01637302216 检测用户存在成功！
INFO - 2021-11-19 14:10:16,694 - new_apply_order.py[line:106]: 01637302216 短信发送成功！
INFO - 2021-11-19 14:10:16,735 - new_apply_order.py[line:119]: 01637302216 注册成功！
INFO - 2021-11-19 14:10:16,796 - new_apply_order.py[line:135]: 01637302216 登录短信发送成功！
INFO - 2021-11-19 14:10:16,844 - new_apply_order.py[line:145]: userId=6232966991133810688,mobile=01637302216,token=8b706bfc1305aec1fc69283edcab0f57 登录成功
INFO - 2021-11-19 14:10:16,938 - new_apply_order.py[line:212]: 个人信息提交成功！
INFO - 2021-11-19 14:10:16,994 - new_apply_order.py[line:223]: 联系人信息提交成功！
INFO - 2021-11-19 14:10:17,269 - new_apply_order.py[line:255]: 创建预审订单成功！
INFO - 2021-11-19 14:10:17,282 - new_apply_order.py[line:263]: 预审状态修改为通过,更新条数 1
INFO - 2021-11-19 14:10:17,297 - new_apply_order.py[line:266]: 更新初始额度！更新条数 1
INFO - 2021-11-19 14:10:17,581 - new_apply_order.py[line:342]: 活体图片上传成功！回写配置文件global_param.mp4_url
INFO - 2021-11-19 14:10:17,629 - new_apply_order.py[line:352]: 视频认证通过！
INFO - 2021-11-19 14:10:18,740 - new_apply_order.py[line:510]: bvn和银行卡绑卡认证通过！
INFO - 2021-11-19 14:10:19,069 - new_apply_order.py[line:561]: user更新1条
INFO - 2021-11-19 14:10:19,342 - new_apply_order.py[line:612]: 进件成功！执行sql将订单改为风控中……
INFO - 2021-11-19 14:10:20,378 - new_apply_order.py[line:618]: 订单表更新1条，信审更新1条
INFO - 2021-11-19 14:10:20,735 - new_apply_order.py[line:632]: 查询loan_order_id成功！
INFO - 2021-11-19 14:10:20,785 - new_apply_order.py[line:647]: 订单回调复审通过成功！
INFO - 2021-11-19 14:10:21,571 - new_apply_order.py[line:669]: 获取token成功！token=bearer c829046b-0691-4a25-b060-536ca50df2e3！
INFO - 2021-11-19 14:10:21,924 - new_apply_order.py[line:632]: 查询loan_order_id成功！
INFO - 2021-11-19 14:10:22,467 - new_apply_order.py[line:687]: 后台已触发放款成功！
INFO - 2021-11-19 14:10:22,481 - new_apply_order.py[line:701]: xxl_job web 登录成功！
INFO - 2021-11-19 14:10:22,493 - new_apply_order.py[line:717]: xxl_job 放款准备作业执行成功！
INFO - 2021-11-19 14:10:23,853 - new_apply_order.py[line:632]: 查询loan_order_id成功！
INFO - 2021-11-19 14:10:23,870 - new_apply_order.py[line:725]: 修改放款准备完成时间成功！
INFO - 2021-11-19 14:10:23,875 - new_apply_order.py[line:733]: xxl_job 放款完成作业执行成功！
INFO - 2021-11-19 14:10:24,180 - new_apply_order.py[line:905]: 校验重试查询第1次
ERROR - 2021-11-19 14:10:25,195 - new_apply_order.py[line:801]: 放款完成或准备失败,目前的订单状态是35
INFO - 2021-11-19 14:10:25,195 - new_apply_order.py[line:802]: {'app': 'kucash', 'loan_order_id': '1461577548960632832', 'mobile': '01637302216', 'order_status': 35}
INFO - 2021-11-19 14:10:25,707 - new_apply_order.py[line:905]: 校验重试查询第2次
INFO - 2021-11-19 14:10:26,725 - new_apply_order.py[line:799]: 放款完成或准备成功,目前的订单状态是40
INFO - 2021-11-19 14:10:26,726 - new_apply_order.py[line:802]: {'app': 'kucash', 'loan_order_id': '1461577548960632832', 'mobile': '01637302216', 'order_status': 40}
INFO - 2021-11-19 14:10:26,727 - new_apply_order.py[line:922]: ===========完成第【1】次进件===========
INFO - 2021-11-19 14:10:26,728 - new_apply_order.py[line:925]: ======完成第【1】次进件,耗时10.47s=====
