INFO - 2021-10-20 13:31:05,456 - new_apply_order.py[line:882]: 开始第 Mipeso【1】次进件……
INFO - 2021-10-20 13:31:05,632 - new_apply_order.py[line:75]: 更新脏数据1条
INFO - 2021-10-20 13:31:05,633 - new_apply_order.py[line:84]: ======【mx测试环境】生成手机号：1634707865 ======
INFO - 2021-10-20 13:31:06,022 - new_apply_order.py[line:97]: 1634707865 检测用户存在成功！
INFO - 2021-10-20 13:31:06,083 - new_apply_order.py[line:106]: 1634707865 短信发送成功！
INFO - 2021-10-20 13:31:06,128 - new_apply_order.py[line:119]: 1634707865 注册成功！
INFO - 2021-10-20 13:31:06,192 - new_apply_order.py[line:135]: 1634707865 登录短信发送成功！
INFO - 2021-10-20 13:31:06,240 - new_apply_order.py[line:145]: userId=4963794295991967744,mobile=1634707865,token=4a9393934310a4f0eb75169d9e520708 登录成功
INFO - 2021-10-20 13:31:06,310 - new_apply_order.py[line:212]: 个人信息提交成功！
INFO - 2021-10-20 13:31:06,745 - new_apply_order.py[line:255]: 创建预审订单成功！
INFO - 2021-10-20 13:31:06,759 - new_apply_order.py[line:263]: 预审状态修改为通过,更新条数 1
INFO - 2021-10-20 13:31:06,770 - new_apply_order.py[line:266]: 更新初始额度！更新条数 1
INFO - 2021-10-20 13:31:09,198 - new_apply_order.py[line:361]: curp上传成功!
INFO - 2021-10-20 13:31:09,328 - new_apply_order.py[line:370]: curp_rfc校验通过！
INFO - 2021-10-20 13:31:10,080 - new_apply_order.py[line:381]: 人脸识别成功!
INFO - 2021-10-20 13:31:10,675 - new_apply_order.py[line:568]: 绑卡成功！
INFO - 2021-10-20 13:31:10,886 - new_apply_order.py[line:612]: 进件成功！执行sql将订单改为风控中……
INFO - 2021-10-20 13:31:11,924 - new_apply_order.py[line:618]: 订单表更新1条，信审更新1条
INFO - 2021-10-20 13:31:12,294 - new_apply_order.py[line:632]: 查询loan_order_id成功！
INFO - 2021-10-20 13:31:12,328 - new_apply_order.py[line:647]: 订单回调复审通过成功！
INFO - 2021-10-20 13:31:13,125 - new_apply_order.py[line:669]: 获取token成功！token=bearer bb036d87-27c4-42f6-bcb5-eca6742a9aef！
INFO - 2021-10-20 13:31:13,473 - new_apply_order.py[line:632]: 查询loan_order_id成功！
INFO - 2021-10-20 13:31:14,013 - new_apply_order.py[line:687]: 后台已触发放款成功！
INFO - 2021-10-20 13:31:14,025 - new_apply_order.py[line:701]: xxl_job web 登录成功！
INFO - 2021-10-20 13:31:14,035 - new_apply_order.py[line:717]: xxl_job 放款准备作业执行成功！
INFO - 2021-10-20 13:31:15,403 - new_apply_order.py[line:632]: 查询loan_order_id成功！
INFO - 2021-10-20 13:31:15,415 - new_apply_order.py[line:725]: 修改放款准备完成时间成功！
INFO - 2021-10-20 13:31:15,420 - new_apply_order.py[line:733]: xxl_job 放款完成作业执行成功！
INFO - 2021-10-20 13:31:15,781 - new_apply_order.py[line:632]: 查询loan_order_id成功！
INFO - 2021-10-20 13:31:16,097 - new_apply_order.py[line:905]: 校验重试查询第1次
ERROR - 2021-10-20 13:31:17,116 - new_apply_order.py[line:801]: 放款完成或准备失败,目前的订单状态是35
INFO - 2021-10-20 13:31:17,116 - new_apply_order.py[line:802]: {'app': 'Mipeso', 'loan_order_id': '1450696053371965440', 'mobile': '1634707865', 'order_status': 35}
INFO - 2021-10-20 13:31:17,972 - new_apply_order.py[line:632]: 查询loan_order_id成功！
INFO - 2021-10-20 13:31:18,069 - new_apply_order.py[line:754]: 放款回调成功！
INFO - 2021-10-20 13:31:18,069 - new_apply_order.py[line:905]: 校验重试查询第2次
INFO - 2021-10-20 13:31:19,085 - new_apply_order.py[line:799]: 放款完成或准备成功,目前的订单状态是40
INFO - 2021-10-20 13:31:19,085 - new_apply_order.py[line:802]: {'app': 'Mipeso', 'loan_order_id': '1450696053371965440', 'mobile': '1634707865', 'order_status': 40}
INFO - 2021-10-20 13:31:19,089 - new_apply_order.py[line:922]: ===========完成第【1】次进件===========
INFO - 2021-10-20 13:31:19,089 - new_apply_order.py[line:925]: ======完成第【1】次进件,耗时13.63s=====
INFO - 2021-10-20 13:31:19,093 - new_apply_order.py[line:882]: 开始第 m_efectivo【1】次进件……
INFO - 2021-10-20 13:31:19,197 - new_apply_order.py[line:60]: 删除redis key: "mx:cfs:user:userid:4963794295991967744"
INFO - 2021-10-20 13:31:19,262 - new_apply_order.py[line:75]: 更新脏数据0条
INFO - 2021-10-20 13:31:19,262 - new_apply_order.py[line:84]: ======【mx测试环境】生成手机号：1634707879 ======
INFO - 2021-10-20 13:31:19,610 - new_apply_order.py[line:97]: 1634707879 检测用户存在成功！
INFO - 2021-10-20 13:31:19,660 - new_apply_order.py[line:106]: 1634707879 短信发送成功！
INFO - 2021-10-20 13:31:19,701 - new_apply_order.py[line:119]: 1634707879 注册成功！
INFO - 2021-10-20 13:31:19,754 - new_apply_order.py[line:135]: 1634707879 登录短信发送成功！
INFO - 2021-10-20 13:31:19,801 - new_apply_order.py[line:145]: userId=4963794352929644544,mobile=1634707879,token=cf0d7c72e9f4c2d0eeab8e886fa14dad 登录成功
INFO - 2021-10-20 13:31:19,875 - new_apply_order.py[line:212]: 个人信息提交成功！
INFO - 2021-10-20 13:31:20,072 - new_apply_order.py[line:255]: 创建预审订单成功！
INFO - 2021-10-20 13:31:20,090 - new_apply_order.py[line:263]: 预审状态修改为通过,更新条数 1
INFO - 2021-10-20 13:31:20,105 - new_apply_order.py[line:266]: 更新初始额度！更新条数 1
INFO - 2021-10-20 13:31:23,449 - new_apply_order.py[line:361]: curp上传成功!
INFO - 2021-10-20 13:31:23,572 - new_apply_order.py[line:370]: curp_rfc校验通过！
INFO - 2021-10-20 13:31:24,335 - new_apply_order.py[line:381]: 人脸识别成功!
INFO - 2021-10-20 13:31:24,903 - new_apply_order.py[line:568]: 绑卡成功！
INFO - 2021-10-20 13:31:25,077 - new_apply_order.py[line:612]: 进件成功！执行sql将订单改为风控中……
INFO - 2021-10-20 13:31:26,117 - new_apply_order.py[line:618]: 订单表更新1条，信审更新1条
INFO - 2021-10-20 13:31:26,474 - new_apply_order.py[line:632]: 查询loan_order_id成功！
INFO - 2021-10-20 13:31:26,521 - new_apply_order.py[line:647]: 订单回调复审通过成功！
INFO - 2021-10-20 13:31:27,349 - new_apply_order.py[line:669]: 获取token成功！token=bearer bb036d87-27c4-42f6-bcb5-eca6742a9aef！
INFO - 2021-10-20 13:31:27,698 - new_apply_order.py[line:632]: 查询loan_order_id成功！
INFO - 2021-10-20 13:31:28,038 - new_apply_order.py[line:687]: 后台已触发放款成功！
INFO - 2021-10-20 13:31:28,048 - new_apply_order.py[line:701]: xxl_job web 登录成功！
INFO - 2021-10-20 13:31:28,058 - new_apply_order.py[line:717]: xxl_job 放款准备作业执行成功！
INFO - 2021-10-20 13:31:29,409 - new_apply_order.py[line:632]: 查询loan_order_id成功！
INFO - 2021-10-20 13:31:29,421 - new_apply_order.py[line:725]: 修改放款准备完成时间成功！
INFO - 2021-10-20 13:31:29,429 - new_apply_order.py[line:733]: xxl_job 放款完成作业执行成功！
INFO - 2021-10-20 13:31:29,778 - new_apply_order.py[line:632]: 查询loan_order_id成功！
INFO - 2021-10-20 13:31:30,090 - new_apply_order.py[line:905]: 校验重试查询第1次
ERROR - 2021-10-20 13:31:31,101 - new_apply_order.py[line:801]: 放款完成或准备失败,目前的订单状态是35
INFO - 2021-10-20 13:31:31,101 - new_apply_order.py[line:802]: {'app': 'm_efectivo', 'loan_order_id': '1450696110263504896', 'mobile': '1634707879', 'order_status': 35}
INFO - 2021-10-20 13:31:31,951 - new_apply_order.py[line:632]: 查询loan_order_id成功！
INFO - 2021-10-20 13:31:32,033 - new_apply_order.py[line:754]: 放款回调成功！
INFO - 2021-10-20 13:31:32,033 - new_apply_order.py[line:905]: 校验重试查询第2次
INFO - 2021-10-20 13:31:33,047 - new_apply_order.py[line:799]: 放款完成或准备成功,目前的订单状态是40
INFO - 2021-10-20 13:31:33,047 - new_apply_order.py[line:802]: {'app': 'm_efectivo', 'loan_order_id': '1450696110263504896', 'mobile': '1634707879', 'order_status': 40}
INFO - 2021-10-20 13:31:33,048 - new_apply_order.py[line:922]: ===========完成第【1】次进件===========
INFO - 2021-10-20 13:31:33,048 - new_apply_order.py[line:925]: ======完成第【1】次进件,耗时13.96s=====
INFO - 2021-10-20 13:31:33,051 - new_apply_order.py[line:882]: 开始第 porpeso【1】次进件……
INFO - 2021-10-20 13:31:33,144 - new_apply_order.py[line:60]: 删除redis key: "mx:cfs:user:userid:4963794352929644544"
INFO - 2021-10-20 13:31:33,215 - new_apply_order.py[line:75]: 更新脏数据0条
INFO - 2021-10-20 13:31:33,215 - new_apply_order.py[line:84]: ======【mx测试环境】生成手机号：1634707893 ======
INFO - 2021-10-20 13:31:33,563 - new_apply_order.py[line:97]: 1634707893 检测用户存在成功！
INFO - 2021-10-20 13:31:33,609 - new_apply_order.py[line:106]: 1634707893 短信发送成功！
INFO - 2021-10-20 13:31:33,650 - new_apply_order.py[line:119]: 1634707893 注册成功！
INFO - 2021-10-20 13:31:33,702 - new_apply_order.py[line:135]: 1634707893 登录短信发送成功！
INFO - 2021-10-20 13:31:33,747 - new_apply_order.py[line:145]: userId=4963794411423408128,mobile=1634707893,token=d865675edcfe362364825db475ec1046 登录成功
INFO - 2021-10-20 13:31:33,818 - new_apply_order.py[line:212]: 个人信息提交成功！
INFO - 2021-10-20 13:31:34,261 - new_apply_order.py[line:255]: 创建预审订单成功！
INFO - 2021-10-20 13:31:34,275 - new_apply_order.py[line:263]: 预审状态修改为通过,更新条数 1
INFO - 2021-10-20 13:31:34,285 - new_apply_order.py[line:266]: 更新初始额度！更新条数 1
INFO - 2021-10-20 13:31:36,752 - new_apply_order.py[line:361]: curp上传成功!
INFO - 2021-10-20 13:31:36,874 - new_apply_order.py[line:370]: curp_rfc校验通过！
INFO - 2021-10-20 13:31:37,759 - new_apply_order.py[line:381]: 人脸识别成功!
INFO - 2021-10-20 13:31:38,344 - new_apply_order.py[line:568]: 绑卡成功！
INFO - 2021-10-20 13:31:38,535 - new_apply_order.py[line:612]: 进件成功！执行sql将订单改为风控中……
INFO - 2021-10-20 13:31:39,560 - new_apply_order.py[line:618]: 订单表更新1条，信审更新1条
INFO - 2021-10-20 13:31:39,904 - new_apply_order.py[line:632]: 查询loan_order_id成功！
INFO - 2021-10-20 13:31:39,933 - new_apply_order.py[line:647]: 订单回调复审通过成功！
INFO - 2021-10-20 13:31:40,727 - new_apply_order.py[line:669]: 获取token成功！token=bearer bb036d87-27c4-42f6-bcb5-eca6742a9aef！
INFO - 2021-10-20 13:31:41,066 - new_apply_order.py[line:632]: 查询loan_order_id成功！
INFO - 2021-10-20 13:31:41,379 - new_apply_order.py[line:687]: 后台已触发放款成功！
INFO - 2021-10-20 13:31:41,393 - new_apply_order.py[line:701]: xxl_job web 登录成功！
INFO - 2021-10-20 13:31:41,404 - new_apply_order.py[line:717]: xxl_job 放款准备作业执行成功！
INFO - 2021-10-20 13:31:42,775 - new_apply_order.py[line:632]: 查询loan_order_id成功！
INFO - 2021-10-20 13:31:42,791 - new_apply_order.py[line:725]: 修改放款准备完成时间成功！
INFO - 2021-10-20 13:31:42,796 - new_apply_order.py[line:733]: xxl_job 放款完成作业执行成功！
INFO - 2021-10-20 13:31:43,141 - new_apply_order.py[line:632]: 查询loan_order_id成功！
INFO - 2021-10-20 13:31:43,454 - new_apply_order.py[line:905]: 校验重试查询第1次
ERROR - 2021-10-20 13:31:44,469 - new_apply_order.py[line:801]: 放款完成或准备失败,目前的订单状态是35
INFO - 2021-10-20 13:31:44,469 - new_apply_order.py[line:802]: {'app': 'porpeso', 'loan_order_id': '1450696168748879872', 'mobile': '1634707893', 'order_status': 35}
INFO - 2021-10-20 13:31:45,322 - new_apply_order.py[line:632]: 查询loan_order_id成功！
INFO - 2021-10-20 13:31:45,418 - new_apply_order.py[line:754]: 放款回调成功！
INFO - 2021-10-20 13:31:45,419 - new_apply_order.py[line:905]: 校验重试查询第2次
INFO - 2021-10-20 13:31:46,431 - new_apply_order.py[line:799]: 放款完成或准备成功,目前的订单状态是40
INFO - 2021-10-20 13:31:46,431 - new_apply_order.py[line:802]: {'app': 'porpeso', 'loan_order_id': '1450696168748879872', 'mobile': '1634707893', 'order_status': 40}
INFO - 2021-10-20 13:31:46,432 - new_apply_order.py[line:922]: ===========完成第【1】次进件===========
INFO - 2021-10-20 13:31:46,432 - new_apply_order.py[line:925]: ======完成第【1】次进件,耗时13.38s=====
INFO - 2021-10-20 13:31:46,435 - new_apply_order.py[line:882]: 开始第 Prestamo【1】次进件……
INFO - 2021-10-20 13:31:46,589 - new_apply_order.py[line:60]: 删除redis key: "mx:cfs:user:userid:4963794411423408128"
INFO - 2021-10-20 13:31:46,619 - new_apply_order.py[line:75]: 更新脏数据0条
INFO - 2021-10-20 13:31:46,619 - new_apply_order.py[line:84]: ======【mx测试环境】生成手机号：1634707906 ======
INFO - 2021-10-20 13:31:46,968 - new_apply_order.py[line:97]: 1634707906 检测用户存在成功！
INFO - 2021-10-20 13:31:47,011 - new_apply_order.py[line:106]: 1634707906 短信发送成功！
INFO - 2021-10-20 13:31:47,049 - new_apply_order.py[line:119]: 1634707906 注册成功！
INFO - 2021-10-20 13:31:47,096 - new_apply_order.py[line:135]: 1634707906 登录短信发送成功！
INFO - 2021-10-20 13:31:47,143 - new_apply_order.py[line:145]: userId=4963794467639664640,mobile=1634707906,token=af847cdb3b3d2a60c047dae913afca97 登录成功
INFO - 2021-10-20 13:31:47,220 - new_apply_order.py[line:212]: 个人信息提交成功！
INFO - 2021-10-20 13:31:47,410 - new_apply_order.py[line:255]: 创建预审订单成功！
INFO - 2021-10-20 13:31:47,428 - new_apply_order.py[line:263]: 预审状态修改为通过,更新条数 1
INFO - 2021-10-20 13:31:47,443 - new_apply_order.py[line:266]: 更新初始额度！更新条数 1
INFO - 2021-10-20 13:31:49,994 - new_apply_order.py[line:361]: curp上传成功!
INFO - 2021-10-20 13:31:50,105 - new_apply_order.py[line:370]: curp_rfc校验通过！
INFO - 2021-10-20 13:31:50,838 - new_apply_order.py[line:381]: 人脸识别成功!
INFO - 2021-10-20 13:31:51,391 - new_apply_order.py[line:568]: 绑卡成功！
INFO - 2021-10-20 13:31:51,569 - new_apply_order.py[line:612]: 进件成功！执行sql将订单改为风控中……
INFO - 2021-10-20 13:31:52,605 - new_apply_order.py[line:618]: 订单表更新1条，信审更新1条
INFO - 2021-10-20 13:31:52,955 - new_apply_order.py[line:632]: 查询loan_order_id成功！
INFO - 2021-10-20 13:31:52,990 - new_apply_order.py[line:647]: 订单回调复审通过成功！
INFO - 2021-10-20 13:31:53,751 - new_apply_order.py[line:669]: 获取token成功！token=bearer bb036d87-27c4-42f6-bcb5-eca6742a9aef！
INFO - 2021-10-20 13:31:54,097 - new_apply_order.py[line:632]: 查询loan_order_id成功！
INFO - 2021-10-20 13:31:54,385 - new_apply_order.py[line:687]: 后台已触发放款成功！
INFO - 2021-10-20 13:31:54,393 - new_apply_order.py[line:701]: xxl_job web 登录成功！
INFO - 2021-10-20 13:31:54,401 - new_apply_order.py[line:717]: xxl_job 放款准备作业执行成功！
INFO - 2021-10-20 13:31:55,750 - new_apply_order.py[line:632]: 查询loan_order_id成功！
INFO - 2021-10-20 13:31:55,763 - new_apply_order.py[line:725]: 修改放款准备完成时间成功！
INFO - 2021-10-20 13:31:55,769 - new_apply_order.py[line:733]: xxl_job 放款完成作业执行成功！
INFO - 2021-10-20 13:31:56,114 - new_apply_order.py[line:632]: 查询loan_order_id成功！
INFO - 2021-10-20 13:31:56,424 - new_apply_order.py[line:905]: 校验重试查询第1次
ERROR - 2021-10-20 13:31:57,443 - new_apply_order.py[line:801]: 放款完成或准备失败,目前的订单状态是35
INFO - 2021-10-20 13:31:57,443 - new_apply_order.py[line:802]: {'app': 'Prestamo', 'loan_order_id': '1450696224960942080', 'mobile': '1634707906', 'order_status': 35}
INFO - 2021-10-20 13:31:58,298 - new_apply_order.py[line:632]: 查询loan_order_id成功！
INFO - 2021-10-20 13:31:58,392 - new_apply_order.py[line:754]: 放款回调成功！
INFO - 2021-10-20 13:31:58,393 - new_apply_order.py[line:905]: 校验重试查询第2次
INFO - 2021-10-20 13:31:59,409 - new_apply_order.py[line:799]: 放款完成或准备成功,目前的订单状态是40
INFO - 2021-10-20 13:31:59,409 - new_apply_order.py[line:802]: {'app': 'Prestamo', 'loan_order_id': '1450696224960942080', 'mobile': '1634707906', 'order_status': 40}
INFO - 2021-10-20 13:31:59,411 - new_apply_order.py[line:922]: ===========完成第【1】次进件===========
INFO - 2021-10-20 13:31:59,411 - new_apply_order.py[line:925]: ======完成第【1】次进件,耗时12.98s=====
INFO - 2021-10-20 13:31:59,415 - new_apply_order.py[line:882]: 开始第 askborrow【1】次进件……
INFO - 2021-10-20 13:31:59,564 - new_apply_order.py[line:60]: 删除redis key: "mx:cfs:user:userid:4963794467639664640"
INFO - 2021-10-20 13:31:59,583 - new_apply_order.py[line:75]: 更新脏数据0条
INFO - 2021-10-20 13:31:59,583 - new_apply_order.py[line:84]: ======【mx测试环境】生成手机号：1634707919 ======
INFO - 2021-10-20 13:31:59,927 - new_apply_order.py[line:97]: 1634707919 检测用户存在成功！
INFO - 2021-10-20 13:31:59,985 - new_apply_order.py[line:106]: 1634707919 短信发送成功！
INFO - 2021-10-20 13:32:00,082 - new_apply_order.py[line:119]: 1634707919 注册成功！
INFO - 2021-10-20 13:32:00,144 - new_apply_order.py[line:135]: 1634707919 登录短信发送成功！
INFO - 2021-10-20 13:32:00,196 - new_apply_order.py[line:145]: userId=4963794522056564736,mobile=1634707919,token=91dfd150151882c1d8c982219f8a5099 登录成功
INFO - 2021-10-20 13:32:00,276 - new_apply_order.py[line:212]: 个人信息提交成功！
INFO - 2021-10-20 13:32:00,692 - new_apply_order.py[line:255]: 创建预审订单成功！
INFO - 2021-10-20 13:32:00,705 - new_apply_order.py[line:263]: 预审状态修改为通过,更新条数 1
INFO - 2021-10-20 13:32:00,717 - new_apply_order.py[line:266]: 更新初始额度！更新条数 1
INFO - 2021-10-20 13:32:03,065 - new_apply_order.py[line:361]: curp上传成功!
INFO - 2021-10-20 13:32:03,171 - new_apply_order.py[line:370]: curp_rfc校验通过！
INFO - 2021-10-20 13:32:03,826 - new_apply_order.py[line:381]: 人脸识别成功!
INFO - 2021-10-20 13:32:04,366 - new_apply_order.py[line:568]: 绑卡成功！
INFO - 2021-10-20 13:32:04,513 - new_apply_order.py[line:612]: 进件成功！执行sql将订单改为风控中……
INFO - 2021-10-20 13:32:05,547 - new_apply_order.py[line:618]: 订单表更新1条，信审更新1条
INFO - 2021-10-20 13:32:05,900 - new_apply_order.py[line:632]: 查询loan_order_id成功！
INFO - 2021-10-20 13:32:05,932 - new_apply_order.py[line:647]: 订单回调复审通过成功！
INFO - 2021-10-20 13:32:06,721 - new_apply_order.py[line:669]: 获取token成功！token=bearer bb036d87-27c4-42f6-bcb5-eca6742a9aef！
INFO - 2021-10-20 13:32:07,062 - new_apply_order.py[line:632]: 查询loan_order_id成功！
INFO - 2021-10-20 13:32:07,366 - new_apply_order.py[line:687]: 后台已触发放款成功！
INFO - 2021-10-20 13:32:07,378 - new_apply_order.py[line:701]: xxl_job web 登录成功！
INFO - 2021-10-20 13:32:07,387 - new_apply_order.py[line:717]: xxl_job 放款准备作业执行成功！
INFO - 2021-10-20 13:32:08,737 - new_apply_order.py[line:632]: 查询loan_order_id成功！
INFO - 2021-10-20 13:32:08,754 - new_apply_order.py[line:725]: 修改放款准备完成时间成功！
INFO - 2021-10-20 13:32:08,762 - new_apply_order.py[line:733]: xxl_job 放款完成作业执行成功！
INFO - 2021-10-20 13:32:09,114 - new_apply_order.py[line:632]: 查询loan_order_id成功！
INFO - 2021-10-20 13:32:09,428 - new_apply_order.py[line:905]: 校验重试查询第1次
ERROR - 2021-10-20 13:32:10,446 - new_apply_order.py[line:801]: 放款完成或准备失败,目前的订单状态是35
INFO - 2021-10-20 13:32:10,446 - new_apply_order.py[line:802]: {'app': 'askborrow', 'loan_order_id': '1450696279746940928', 'mobile': '1634707919', 'order_status': 35}
INFO - 2021-10-20 13:32:11,313 - new_apply_order.py[line:632]: 查询loan_order_id成功！
INFO - 2021-10-20 13:32:11,321 - new_apply_order.py[line:905]: 校验重试查询第2次
ERROR - 2021-10-20 13:32:12,337 - new_apply_order.py[line:801]: 放款完成或准备失败,目前的订单状态是35
INFO - 2021-10-20 13:32:12,337 - new_apply_order.py[line:802]: {'app': 'askborrow', 'loan_order_id': '1450696279746940928', 'mobile': '1634707919', 'order_status': 35}
INFO - 2021-10-20 13:32:13,189 - new_apply_order.py[line:632]: 查询loan_order_id成功！
INFO - 2021-10-20 13:32:13,201 - new_apply_order.py[line:905]: 校验重试查询第3次
ERROR - 2021-10-20 13:32:14,214 - new_apply_order.py[line:801]: 放款完成或准备失败,目前的订单状态是35
INFO - 2021-10-20 13:32:14,214 - new_apply_order.py[line:802]: {'app': 'askborrow', 'loan_order_id': '1450696279746940928', 'mobile': '1634707919', 'order_status': 35}
INFO - 2021-10-20 13:32:15,067 - new_apply_order.py[line:632]: 查询loan_order_id成功！
INFO - 2021-10-20 13:32:15,180 - new_apply_order.py[line:754]: 放款回调成功！
INFO - 2021-10-20 13:32:15,180 - new_apply_order.py[line:905]: 校验重试查询第4次
INFO - 2021-10-20 13:32:16,192 - new_apply_order.py[line:799]: 放款完成或准备成功,目前的订单状态是40
INFO - 2021-10-20 13:32:16,192 - new_apply_order.py[line:802]: {'app': 'askborrow', 'loan_order_id': '1450696279746940928', 'mobile': '1634707919', 'order_status': 40}
INFO - 2021-10-20 13:32:16,193 - new_apply_order.py[line:922]: ===========完成第【1】次进件===========
INFO - 2021-10-20 13:32:16,193 - new_apply_order.py[line:925]: ======完成第【1】次进件,耗时16.78s=====
INFO - 2021-10-20 13:32:16,196 - new_apply_order.py[line:882]: 开始第 G_Prestamo【1】次进件……
INFO - 2021-10-20 13:32:16,344 - new_apply_order.py[line:60]: 删除redis key: "mx:cfs:user:userid:4963794522056564736"
INFO - 2021-10-20 13:32:16,375 - new_apply_order.py[line:75]: 更新脏数据0条
INFO - 2021-10-20 13:32:16,376 - new_apply_order.py[line:84]: ======【mx测试环境】生成手机号：1634707936 ======
INFO - 2021-10-20 13:32:16,720 - new_apply_order.py[line:97]: 1634707936 检测用户存在成功！
INFO - 2021-10-20 13:32:16,766 - new_apply_order.py[line:106]: 1634707936 短信发送成功！
INFO - 2021-10-20 13:32:16,805 - new_apply_order.py[line:119]: 1634707936 注册成功！
INFO - 2021-10-20 13:32:16,858 - new_apply_order.py[line:135]: 1634707936 登录短信发送成功！
INFO - 2021-10-20 13:32:16,905 - new_apply_order.py[line:145]: userId=4963794592449568768,mobile=1634707936,token=14caada56cfcc55abe5fae81d7245c4e 登录成功
INFO - 2021-10-20 13:32:16,985 - new_apply_order.py[line:212]: 个人信息提交成功！
INFO - 2021-10-20 13:32:17,191 - new_apply_order.py[line:255]: 创建预审订单成功！
INFO - 2021-10-20 13:32:17,209 - new_apply_order.py[line:263]: 预审状态修改为通过,更新条数 1
INFO - 2021-10-20 13:32:17,223 - new_apply_order.py[line:266]: 更新初始额度！更新条数 1
INFO - 2021-10-20 13:32:20,475 - new_apply_order.py[line:361]: curp上传成功!
INFO - 2021-10-20 13:32:20,591 - new_apply_order.py[line:370]: curp_rfc校验通过！
INFO - 2021-10-20 13:32:21,332 - new_apply_order.py[line:381]: 人脸识别成功!
INFO - 2021-10-20 13:32:21,893 - new_apply_order.py[line:568]: 绑卡成功！
INFO - 2021-10-20 13:32:22,140 - new_apply_order.py[line:612]: 进件成功！执行sql将订单改为风控中……
INFO - 2021-10-20 13:32:23,178 - new_apply_order.py[line:618]: 订单表更新1条，信审更新1条
INFO - 2021-10-20 13:32:23,533 - new_apply_order.py[line:632]: 查询loan_order_id成功！
INFO - 2021-10-20 13:32:23,570 - new_apply_order.py[line:647]: 订单回调复审通过成功！
INFO - 2021-10-20 13:32:24,355 - new_apply_order.py[line:669]: 获取token成功！token=bearer bb036d87-27c4-42f6-bcb5-eca6742a9aef！
INFO - 2021-10-20 13:32:24,708 - new_apply_order.py[line:632]: 查询loan_order_id成功！
INFO - 2021-10-20 13:32:25,036 - new_apply_order.py[line:687]: 后台已触发放款成功！
INFO - 2021-10-20 13:32:25,047 - new_apply_order.py[line:701]: xxl_job web 登录成功！
INFO - 2021-10-20 13:32:25,055 - new_apply_order.py[line:717]: xxl_job 放款准备作业执行成功！
INFO - 2021-10-20 13:32:26,407 - new_apply_order.py[line:632]: 查询loan_order_id成功！
INFO - 2021-10-20 13:32:26,424 - new_apply_order.py[line:725]: 修改放款准备完成时间成功！
INFO - 2021-10-20 13:32:26,433 - new_apply_order.py[line:733]: xxl_job 放款完成作业执行成功！
INFO - 2021-10-20 13:32:26,788 - new_apply_order.py[line:632]: 查询loan_order_id成功！
INFO - 2021-10-20 13:32:27,102 - new_apply_order.py[line:905]: 校验重试查询第1次
ERROR - 2021-10-20 13:32:28,118 - new_apply_order.py[line:801]: 放款完成或准备失败,目前的订单状态是35
INFO - 2021-10-20 13:32:28,118 - new_apply_order.py[line:802]: {'app': 'G_Prestamo', 'loan_order_id': '1450696349812789248', 'mobile': '1634707936', 'order_status': 35}
INFO - 2021-10-20 13:32:28,975 - new_apply_order.py[line:632]: 查询loan_order_id成功！
INFO - 2021-10-20 13:32:29,078 - new_apply_order.py[line:754]: 放款回调成功！
INFO - 2021-10-20 13:32:29,079 - new_apply_order.py[line:905]: 校验重试查询第2次
INFO - 2021-10-20 13:32:30,095 - new_apply_order.py[line:799]: 放款完成或准备成功,目前的订单状态是40
INFO - 2021-10-20 13:32:30,095 - new_apply_order.py[line:802]: {'app': 'G_Prestamo', 'loan_order_id': '1450696349812789248', 'mobile': '1634707936', 'order_status': 40}
INFO - 2021-10-20 13:32:30,096 - new_apply_order.py[line:922]: ===========完成第【1】次进件===========
INFO - 2021-10-20 13:32:30,096 - new_apply_order.py[line:925]: ======完成第【1】次进件,耗时13.90s=====
INFO - 2021-10-20 13:32:30,100 - new_apply_order.py[line:882]: 开始第 miprestamo【1】次进件……
INFO - 2021-10-20 13:32:30,199 - new_apply_order.py[line:60]: 删除redis key: "mx:cfs:user:userid:4963794592449568768"
INFO - 2021-10-20 13:32:30,274 - new_apply_order.py[line:75]: 更新脏数据0条
INFO - 2021-10-20 13:32:30,274 - new_apply_order.py[line:84]: ======【mx测试环境】生成手机号：1634707950 ======
INFO - 2021-10-20 13:32:30,621 - new_apply_order.py[line:97]: 1634707950 检测用户存在成功！
INFO - 2021-10-20 13:32:30,668 - new_apply_order.py[line:106]: 1634707950 短信发送成功！
INFO - 2021-10-20 13:32:30,711 - new_apply_order.py[line:119]: 1634707950 注册成功！
INFO - 2021-10-20 13:32:30,765 - new_apply_order.py[line:135]: 1634707950 登录短信发送成功！
INFO - 2021-10-20 13:32:30,813 - new_apply_order.py[line:145]: userId=4963794650754588672,mobile=1634707950,token=565e033188aa89fb218f274b1990ac32 登录成功
INFO - 2021-10-20 13:32:30,896 - new_apply_order.py[line:212]: 个人信息提交成功！
INFO - 2021-10-20 13:32:31,311 - new_apply_order.py[line:255]: 创建预审订单成功！
INFO - 2021-10-20 13:32:31,324 - new_apply_order.py[line:263]: 预审状态修改为通过,更新条数 1
INFO - 2021-10-20 13:32:31,335 - new_apply_order.py[line:266]: 更新初始额度！更新条数 1
INFO - 2021-10-20 13:32:33,844 - new_apply_order.py[line:361]: curp上传成功!
INFO - 2021-10-20 13:32:33,952 - new_apply_order.py[line:370]: curp_rfc校验通过！
INFO - 2021-10-20 13:32:34,702 - new_apply_order.py[line:381]: 人脸识别成功!
INFO - 2021-10-20 13:32:35,282 - new_apply_order.py[line:568]: 绑卡成功！
INFO - 2021-10-20 13:32:35,445 - new_apply_order.py[line:612]: 进件成功！执行sql将订单改为风控中……
INFO - 2021-10-20 13:32:36,481 - new_apply_order.py[line:618]: 订单表更新1条，信审更新1条
INFO - 2021-10-20 13:32:36,827 - new_apply_order.py[line:632]: 查询loan_order_id成功！
INFO - 2021-10-20 13:32:36,865 - new_apply_order.py[line:647]: 订单回调复审通过成功！
INFO - 2021-10-20 13:32:37,636 - new_apply_order.py[line:669]: 获取token成功！token=bearer bb036d87-27c4-42f6-bcb5-eca6742a9aef！
INFO - 2021-10-20 13:32:37,985 - new_apply_order.py[line:632]: 查询loan_order_id成功！
INFO - 2021-10-20 13:32:38,259 - new_apply_order.py[line:687]: 后台已触发放款成功！
INFO - 2021-10-20 13:32:38,272 - new_apply_order.py[line:701]: xxl_job web 登录成功！
INFO - 2021-10-20 13:32:38,281 - new_apply_order.py[line:717]: xxl_job 放款准备作业执行成功！
INFO - 2021-10-20 13:32:39,636 - new_apply_order.py[line:632]: 查询loan_order_id成功！
INFO - 2021-10-20 13:32:39,650 - new_apply_order.py[line:725]: 修改放款准备完成时间成功！
INFO - 2021-10-20 13:32:39,657 - new_apply_order.py[line:733]: xxl_job 放款完成作业执行成功！
INFO - 2021-10-20 13:32:40,015 - new_apply_order.py[line:632]: 查询loan_order_id成功！
INFO - 2021-10-20 13:32:40,328 - new_apply_order.py[line:905]: 校验重试查询第1次
ERROR - 2021-10-20 13:32:41,341 - new_apply_order.py[line:801]: 放款完成或准备失败,目前的订单状态是35
INFO - 2021-10-20 13:32:41,342 - new_apply_order.py[line:802]: {'app': 'miprestamo', 'loan_order_id': '1450696408172335104', 'mobile': '1634707950', 'order_status': 35}
INFO - 2021-10-20 13:32:42,208 - new_apply_order.py[line:632]: 查询loan_order_id成功！
INFO - 2021-10-20 13:32:42,315 - new_apply_order.py[line:754]: 放款回调成功！
INFO - 2021-10-20 13:32:42,315 - new_apply_order.py[line:905]: 校验重试查询第2次
INFO - 2021-10-20 13:32:43,332 - new_apply_order.py[line:799]: 放款完成或准备成功,目前的订单状态是40
INFO - 2021-10-20 13:32:43,332 - new_apply_order.py[line:802]: {'app': 'miprestamo', 'loan_order_id': '1450696408172335104', 'mobile': '1634707950', 'order_status': 40}
INFO - 2021-10-20 13:32:43,333 - new_apply_order.py[line:922]: ===========完成第【1】次进件===========
INFO - 2021-10-20 13:32:43,333 - new_apply_order.py[line:925]: ======完成第【1】次进件,耗时13.23s=====
INFO - 2021-10-20 13:32:43,336 - new_apply_order.py[line:882]: 开始第 borrowedpop【1】次进件……
INFO - 2021-10-20 13:32:43,406 - new_apply_order.py[line:60]: 删除redis key: "mx:cfs:user:userid:4963794650754588672"
INFO - 2021-10-20 13:32:43,506 - new_apply_order.py[line:75]: 更新脏数据0条
INFO - 2021-10-20 13:32:43,507 - new_apply_order.py[line:84]: ======【mx测试环境】生成手机号：1634707963 ======
INFO - 2021-10-20 13:32:43,853 - new_apply_order.py[line:97]: 1634707963 检测用户存在成功！
INFO - 2021-10-20 13:32:43,905 - new_apply_order.py[line:106]: 1634707963 短信发送成功！
INFO - 2021-10-20 13:32:43,945 - new_apply_order.py[line:119]: 1634707963 注册成功！
INFO - 2021-10-20 13:32:44,007 - new_apply_order.py[line:135]: 1634707963 登录短信发送成功！
INFO - 2021-10-20 13:32:44,056 - new_apply_order.py[line:145]: userId=4963794706270396416,mobile=1634707963,token=ecefb174d134e2dc6b7be28f8370ada8 登录成功
INFO - 2021-10-20 13:32:44,166 - new_apply_order.py[line:212]: 个人信息提交成功！
INFO - 2021-10-20 13:32:44,413 - new_apply_order.py[line:255]: 创建预审订单成功！
INFO - 2021-10-20 13:32:44,434 - new_apply_order.py[line:263]: 预审状态修改为通过,更新条数 1
INFO - 2021-10-20 13:32:44,451 - new_apply_order.py[line:266]: 更新初始额度！更新条数 1
INFO - 2021-10-20 13:32:46,738 - new_apply_order.py[line:361]: curp上传成功!
INFO - 2021-10-20 13:32:46,867 - new_apply_order.py[line:370]: curp_rfc校验通过！
INFO - 2021-10-20 13:32:47,614 - new_apply_order.py[line:381]: 人脸识别成功!
INFO - 2021-10-20 13:32:48,154 - new_apply_order.py[line:568]: 绑卡成功！
INFO - 2021-10-20 13:32:48,326 - new_apply_order.py[line:612]: 进件成功！执行sql将订单改为风控中……
INFO - 2021-10-20 13:32:49,362 - new_apply_order.py[line:618]: 订单表更新1条，信审更新1条
INFO - 2021-10-20 13:32:49,712 - new_apply_order.py[line:632]: 查询loan_order_id成功！
INFO - 2021-10-20 13:32:49,750 - new_apply_order.py[line:647]: 订单回调复审通过成功！
INFO - 2021-10-20 13:32:50,506 - new_apply_order.py[line:669]: 获取token成功！token=bearer bb036d87-27c4-42f6-bcb5-eca6742a9aef！
INFO - 2021-10-20 13:32:50,856 - new_apply_order.py[line:632]: 查询loan_order_id成功！
INFO - 2021-10-20 13:32:51,141 - new_apply_order.py[line:687]: 后台已触发放款成功！
INFO - 2021-10-20 13:32:51,147 - new_apply_order.py[line:701]: xxl_job web 登录成功！
INFO - 2021-10-20 13:32:51,153 - new_apply_order.py[line:717]: xxl_job 放款准备作业执行成功！
INFO - 2021-10-20 13:32:52,505 - new_apply_order.py[line:632]: 查询loan_order_id成功！
INFO - 2021-10-20 13:32:52,517 - new_apply_order.py[line:725]: 修改放款准备完成时间成功！
INFO - 2021-10-20 13:32:52,524 - new_apply_order.py[line:733]: xxl_job 放款完成作业执行成功！
INFO - 2021-10-20 13:32:52,866 - new_apply_order.py[line:632]: 查询loan_order_id成功！
INFO - 2021-10-20 13:32:53,177 - new_apply_order.py[line:905]: 校验重试查询第1次
ERROR - 2021-10-20 13:32:54,190 - new_apply_order.py[line:801]: 放款完成或准备失败,目前的订单状态是35
INFO - 2021-10-20 13:32:54,191 - new_apply_order.py[line:802]: {'app': 'borrowedpop', 'loan_order_id': '1450696463809777664', 'mobile': '1634707963', 'order_status': 35}
INFO - 2021-10-20 13:32:55,047 - new_apply_order.py[line:632]: 查询loan_order_id成功！
INFO - 2021-10-20 13:32:55,155 - new_apply_order.py[line:754]: 放款回调成功！
INFO - 2021-10-20 13:32:55,155 - new_apply_order.py[line:905]: 校验重试查询第2次
INFO - 2021-10-20 13:32:56,167 - new_apply_order.py[line:799]: 放款完成或准备成功,目前的订单状态是40
INFO - 2021-10-20 13:32:56,167 - new_apply_order.py[line:802]: {'app': 'borrowedpop', 'loan_order_id': '1450696463809777664', 'mobile': '1634707963', 'order_status': 40}
INFO - 2021-10-20 13:32:56,167 - new_apply_order.py[line:922]: ===========完成第【1】次进件===========
INFO - 2021-10-20 13:32:56,167 - new_apply_order.py[line:925]: ======完成第【1】次进件,耗时12.83s=====
INFO - 2021-10-20 13:32:56,169 - new_apply_order.py[line:882]: 开始第 goodloan【1】次进件……
INFO - 2021-10-20 13:32:56,238 - new_apply_order.py[line:60]: 删除redis key: "mx:cfs:user:userid:4963794706270396416"
INFO - 2021-10-20 13:32:56,356 - new_apply_order.py[line:75]: 更新脏数据0条
INFO - 2021-10-20 13:32:56,357 - new_apply_order.py[line:84]: ======【mx测试环境】生成手机号：1634707976 ======
INFO - 2021-10-20 13:32:56,702 - new_apply_order.py[line:97]: 1634707976 检测用户存在成功！
INFO - 2021-10-20 13:32:56,744 - new_apply_order.py[line:106]: 1634707976 短信发送成功！
INFO - 2021-10-20 13:32:56,784 - new_apply_order.py[line:119]: 1634707976 注册成功！
INFO - 2021-10-20 13:32:56,832 - new_apply_order.py[line:135]: 1634707976 登录短信发送成功！
INFO - 2021-10-20 13:32:56,877 - new_apply_order.py[line:145]: userId=4963794760121065472,mobile=1634707976,token=804f03f49160141bb63040efc87bfb20 登录成功
INFO - 2021-10-20 13:32:56,951 - new_apply_order.py[line:212]: 个人信息提交成功！
INFO - 2021-10-20 13:32:57,346 - new_apply_order.py[line:255]: 创建预审订单成功！
INFO - 2021-10-20 13:32:57,364 - new_apply_order.py[line:263]: 预审状态修改为通过,更新条数 1
INFO - 2021-10-20 13:32:57,376 - new_apply_order.py[line:266]: 更新初始额度！更新条数 1
INFO - 2021-10-20 13:32:59,860 - new_apply_order.py[line:361]: curp上传成功!
INFO - 2021-10-20 13:33:00,001 - new_apply_order.py[line:370]: curp_rfc校验通过！
INFO - 2021-10-20 13:33:00,804 - new_apply_order.py[line:381]: 人脸识别成功!
INFO - 2021-10-20 13:33:01,358 - new_apply_order.py[line:568]: 绑卡成功！
INFO - 2021-10-20 13:33:01,522 - new_apply_order.py[line:612]: 进件成功！执行sql将订单改为风控中……
INFO - 2021-10-20 13:33:02,556 - new_apply_order.py[line:618]: 订单表更新1条，信审更新1条
INFO - 2021-10-20 13:33:02,896 - new_apply_order.py[line:632]: 查询loan_order_id成功！
INFO - 2021-10-20 13:33:02,924 - new_apply_order.py[line:647]: 订单回调复审通过成功！
INFO - 2021-10-20 13:33:03,747 - new_apply_order.py[line:669]: 获取token成功！token=bearer bb036d87-27c4-42f6-bcb5-eca6742a9aef！
INFO - 2021-10-20 13:33:04,083 - new_apply_order.py[line:632]: 查询loan_order_id成功！
INFO - 2021-10-20 13:33:04,399 - new_apply_order.py[line:687]: 后台已触发放款成功！
INFO - 2021-10-20 13:33:04,408 - new_apply_order.py[line:701]: xxl_job web 登录成功！
INFO - 2021-10-20 13:33:04,415 - new_apply_order.py[line:717]: xxl_job 放款准备作业执行成功！
INFO - 2021-10-20 13:33:05,779 - new_apply_order.py[line:632]: 查询loan_order_id成功！
INFO - 2021-10-20 13:33:05,808 - new_apply_order.py[line:725]: 修改放款准备完成时间成功！
INFO - 2021-10-20 13:33:05,815 - new_apply_order.py[line:733]: xxl_job 放款完成作业执行成功！
INFO - 2021-10-20 13:33:06,241 - new_apply_order.py[line:632]: 查询loan_order_id成功！
INFO - 2021-10-20 13:33:06,567 - new_apply_order.py[line:905]: 校验重试查询第1次
ERROR - 2021-10-20 13:33:07,584 - new_apply_order.py[line:801]: 放款完成或准备失败,目前的订单状态是35
INFO - 2021-10-20 13:33:07,584 - new_apply_order.py[line:802]: {'app': 'goodloan', 'loan_order_id': '1450696517454925824', 'mobile': '1634707976', 'order_status': 35}
INFO - 2021-10-20 13:33:08,486 - new_apply_order.py[line:632]: 查询loan_order_id成功！
INFO - 2021-10-20 13:33:08,699 - new_apply_order.py[line:754]: 放款回调成功！
INFO - 2021-10-20 13:33:08,699 - new_apply_order.py[line:905]: 校验重试查询第2次
INFO - 2021-10-20 13:33:09,721 - new_apply_order.py[line:799]: 放款完成或准备成功,目前的订单状态是40
INFO - 2021-10-20 13:33:09,722 - new_apply_order.py[line:802]: {'app': 'goodloan', 'loan_order_id': '1450696517454925824', 'mobile': '1634707976', 'order_status': 40}
INFO - 2021-10-20 13:33:09,723 - new_apply_order.py[line:922]: ===========完成第【1】次进件===========
INFO - 2021-10-20 13:33:09,724 - new_apply_order.py[line:925]: ======完成第【1】次进件,耗时13.55s=====
INFO - 2021-10-20 13:33:09,726 - new_apply_order.py[line:882]: 开始第 Hola_efectivo【1】次进件……
INFO - 2021-10-20 13:33:09,835 - new_apply_order.py[line:60]: 删除redis key: "mx:cfs:user:userid:4963794760121065472"
INFO - 2021-10-20 13:33:09,926 - new_apply_order.py[line:75]: 更新脏数据0条
INFO - 2021-10-20 13:33:09,927 - new_apply_order.py[line:84]: ======【mx测试环境】生成手机号：1634707989 ======
INFO - 2021-10-20 13:33:10,445 - new_apply_order.py[line:97]: 1634707989 检测用户存在成功！
INFO - 2021-10-20 13:33:10,507 - new_apply_order.py[line:106]: 1634707989 短信发送成功！
INFO - 2021-10-20 13:33:10,552 - new_apply_order.py[line:119]: 1634707989 注册成功！
INFO - 2021-10-20 13:33:10,620 - new_apply_order.py[line:135]: 1634707989 登录短信发送成功！
INFO - 2021-10-20 13:33:10,673 - new_apply_order.py[line:145]: userId=4963794817855660032,mobile=1634707989,token=eb9ec5089ea30922fdd3de0852de7d97 登录成功
INFO - 2021-10-20 13:33:10,761 - new_apply_order.py[line:212]: 个人信息提交成功！
INFO - 2021-10-20 13:33:11,027 - new_apply_order.py[line:255]: 创建预审订单成功！
INFO - 2021-10-20 13:33:11,056 - new_apply_order.py[line:263]: 预审状态修改为通过,更新条数 1
INFO - 2021-10-20 13:33:11,073 - new_apply_order.py[line:266]: 更新初始额度！更新条数 1
INFO - 2021-10-20 13:33:13,874 - new_apply_order.py[line:361]: curp上传成功!
INFO - 2021-10-20 13:33:14,010 - new_apply_order.py[line:370]: curp_rfc校验通过！
INFO - 2021-10-20 13:33:14,850 - new_apply_order.py[line:381]: 人脸识别成功!
INFO - 2021-10-20 13:33:15,681 - new_apply_order.py[line:568]: 绑卡成功！
INFO - 2021-10-20 13:33:15,966 - new_apply_order.py[line:612]: 进件成功！执行sql将订单改为风控中……
INFO - 2021-10-20 13:33:17,003 - new_apply_order.py[line:618]: 订单表更新1条，信审更新1条
INFO - 2021-10-20 13:33:17,421 - new_apply_order.py[line:632]: 查询loan_order_id成功！
INFO - 2021-10-20 13:33:17,657 - new_apply_order.py[line:647]: 订单回调复审通过成功！
INFO - 2021-10-20 13:33:18,533 - new_apply_order.py[line:669]: 获取token成功！token=bearer bb036d87-27c4-42f6-bcb5-eca6742a9aef！
INFO - 2021-10-20 13:33:18,886 - new_apply_order.py[line:632]: 查询loan_order_id成功！
INFO - 2021-10-20 13:33:19,251 - new_apply_order.py[line:687]: 后台已触发放款成功！
INFO - 2021-10-20 13:33:19,259 - new_apply_order.py[line:701]: xxl_job web 登录成功！
INFO - 2021-10-20 13:33:19,265 - new_apply_order.py[line:717]: xxl_job 放款准备作业执行成功！
INFO - 2021-10-20 13:33:20,615 - new_apply_order.py[line:632]: 查询loan_order_id成功！
INFO - 2021-10-20 13:33:20,630 - new_apply_order.py[line:725]: 修改放款准备完成时间成功！
INFO - 2021-10-20 13:33:20,636 - new_apply_order.py[line:733]: xxl_job 放款完成作业执行成功！
INFO - 2021-10-20 13:33:20,986 - new_apply_order.py[line:632]: 查询loan_order_id成功！
INFO - 2021-10-20 13:33:21,304 - new_apply_order.py[line:905]: 校验重试查询第1次
ERROR - 2021-10-20 13:33:22,319 - new_apply_order.py[line:801]: 放款完成或准备失败,目前的订单状态是35
INFO - 2021-10-20 13:33:22,319 - new_apply_order.py[line:802]: {'app': 'Hola_efectivo', 'loan_order_id': '1450696575395041280', 'mobile': '1634707989', 'order_status': 35}
INFO - 2021-10-20 13:33:23,176 - new_apply_order.py[line:632]: 查询loan_order_id成功！
INFO - 2021-10-20 13:33:23,273 - new_apply_order.py[line:754]: 放款回调成功！
INFO - 2021-10-20 13:33:23,273 - new_apply_order.py[line:905]: 校验重试查询第2次
INFO - 2021-10-20 13:33:24,287 - new_apply_order.py[line:799]: 放款完成或准备成功,目前的订单状态是40
INFO - 2021-10-20 13:33:24,288 - new_apply_order.py[line:802]: {'app': 'Hola_efectivo', 'loan_order_id': '1450696575395041280', 'mobile': '1634707989', 'order_status': 40}
INFO - 2021-10-20 13:33:24,289 - new_apply_order.py[line:922]: ===========完成第【1】次进件===========
INFO - 2021-10-20 13:33:24,289 - new_apply_order.py[line:925]: ======完成第【1】次进件,耗时14.56s=====
