INFO - 2021-09-27 17:22:58,444 - new_apply_order.py[line:792]: 开始第 pickcash【1】次进件……
INFO - 2021-09-27 17:22:58,445 - new_apply_order.py[line:82]: ======【nga测试环境】生成手机号：01632734578 ======
INFO - 2021-09-27 17:22:58,842 - new_apply_order.py[line:95]: 01632734578 检测用户存在成功！
INFO - 2021-09-27 17:22:58,911 - new_apply_order.py[line:104]: 01632734578 短信发送成功！
INFO - 2021-09-27 17:22:58,964 - new_apply_order.py[line:117]: 01632734578 注册成功！
INFO - 2021-09-27 17:22:59,042 - new_apply_order.py[line:133]: 01632734578 登录短信发送成功！
INFO - 2021-09-27 17:22:59,093 - new_apply_order.py[line:143]: userId=6213808929724047360,mobile=01632734578,token=774b104c5ba6755d593ba9ee3a43d448 登录成功
INFO - 2021-09-27 17:22:59,190 - new_apply_order.py[line:205]: 个人信息提交成功！
INFO - 2021-09-27 17:22:59,245 - new_apply_order.py[line:216]: 联系人信息提交成功！
INFO - 2021-09-27 17:22:59,577 - new_apply_order.py[line:238]: 创建预审订单成功！
INFO - 2021-09-27 17:22:59,592 - new_apply_order.py[line:246]: 预审状态修改为通过,更新条数 1
INFO - 2021-09-27 17:22:59,606 - new_apply_order.py[line:249]: 更新初始额度！更新条数 1
INFO - 2021-09-27 17:22:59,910 - new_apply_order.py[line:266]: 活体图片上传成功！回写配置文件global_param.mp4_url
INFO - 2021-09-27 17:22:59,977 - new_apply_order.py[line:276]: 视频认证通过！
INFO - 2021-09-27 17:23:00,995 - new_apply_order.py[line:433]: bvn和银行卡绑卡认证通过！
INFO - 2021-09-27 17:23:01,295 - new_apply_order.py[line:484]: user更新1条
INFO - 2021-09-27 17:23:01,524 - new_apply_order.py[line:522]: 进件成功！执行sql将订单改为风控中……
INFO - 2021-09-27 17:23:02,565 - new_apply_order.py[line:528]: 订单表更新1条，信审更新1条
INFO - 2021-09-27 17:23:02,924 - new_apply_order.py[line:542]: 查询loan_order_id成功！
INFO - 2021-09-27 17:23:02,973 - new_apply_order.py[line:557]: 订单回调复审通过成功！
INFO - 2021-09-27 17:23:03,790 - new_apply_order.py[line:579]: 获取token成功！token=bearer 97dea7a4-c030-4718-928d-33816a452bbb！
INFO - 2021-09-27 17:23:04,136 - new_apply_order.py[line:542]: 查询loan_order_id成功！
INFO - 2021-09-27 17:23:04,653 - new_apply_order.py[line:597]: 后台已触发放款成功！
INFO - 2021-09-27 17:23:04,667 - new_apply_order.py[line:611]: xxl_job web 登录成功！
INFO - 2021-09-27 17:23:04,678 - new_apply_order.py[line:627]: xxl_job 放款准备作业执行成功！
INFO - 2021-09-27 17:23:06,023 - new_apply_order.py[line:542]: 查询loan_order_id成功！
INFO - 2021-09-27 17:23:06,036 - new_apply_order.py[line:635]: 修改放款准备完成时间成功！
INFO - 2021-09-27 17:23:06,040 - new_apply_order.py[line:643]: xxl_job 放款完成作业执行成功！
INFO - 2021-09-27 17:23:06,347 - new_apply_order.py[line:815]: 校验重试查询第1次
ERROR - 2021-09-27 17:23:07,365 - new_apply_order.py[line:711]: 放款完成或准备失败,目前的订单状态是35
INFO - 2021-09-27 17:23:07,365 - new_apply_order.py[line:712]: {'app': 'pickcash', 'loan_order_id': '1442419487789813760', 'mobile': '01632734578', 'order_status': 35}
INFO - 2021-09-27 17:23:07,874 - new_apply_order.py[line:815]: 校验重试查询第2次
INFO - 2021-09-27 17:23:08,891 - new_apply_order.py[line:709]: 放款完成或准备成功,目前的订单状态是40
INFO - 2021-09-27 17:23:08,891 - new_apply_order.py[line:712]: {'app': 'pickcash', 'loan_order_id': '1442419487789813760', 'mobile': '01632734578', 'order_status': 40}
INFO - 2021-09-27 17:23:08,893 - new_apply_order.py[line:832]: ===========完成第【1】次进件===========
INFO - 2021-09-27 17:23:08,893 - new_apply_order.py[line:835]: ======完成第【1】次进件,耗时10.45s=====
