INFO - 2021-09-28 17:10:47,597 - new_apply_order.py[line:792]: 开始第 pcamion【1】次进件……
INFO - 2021-09-28 17:10:47,598 - new_apply_order.py[line:82]: ======【co测试环境】生成手机号：3632820247 ======
INFO - 2021-09-28 17:10:47,992 - new_apply_order.py[line:95]: 3632820247 检测用户存在成功！
INFO - 2021-09-28 17:10:48,070 - new_apply_order.py[line:104]: 3632820247 短信发送成功！
INFO - 2021-09-28 17:10:48,132 - new_apply_order.py[line:117]: 3632820247 注册成功！
INFO - 2021-09-28 17:10:48,231 - new_apply_order.py[line:133]: 3632820247 登录短信发送成功！
INFO - 2021-09-28 17:10:48,290 - new_apply_order.py[line:143]: userId=4955877052029214720,mobile=3632820247,token=dcb5735bbeefc41107f94350b8bce912 登录成功
INFO - 2021-09-28 17:10:48,406 - new_apply_order.py[line:205]: 个人信息提交成功！
INFO - 2021-09-28 17:10:48,746 - new_apply_order.py[line:238]: 创建预审订单成功！
INFO - 2021-09-28 17:10:48,779 - new_apply_order.py[line:246]: 预审状态修改为通过,更新条数 1
INFO - 2021-09-28 17:10:48,814 - new_apply_order.py[line:249]: 更新初始额度！更新条数 1
INFO - 2021-09-28 17:10:49,080 - new_apply_order.py[line:266]: 活体图片上传成功！回写配置文件global_param.mp4_url
INFO - 2021-09-28 17:10:49,130 - new_apply_order.py[line:276]: 视频认证通过！
INFO - 2021-09-28 17:10:50,314 - new_apply_order.py[line:364]: curp上传成功!
INFO - 2021-09-28 17:10:50,429 - new_apply_order.py[line:373]: curp_rfc校验通过！
INFO - 2021-09-28 17:10:51,000 - new_apply_order.py[line:509]: 不绑卡成功跳过！
INFO - 2021-09-28 17:10:51,221 - new_apply_order.py[line:522]: 进件成功！执行sql将订单改为风控中……
INFO - 2021-09-28 17:10:52,291 - new_apply_order.py[line:528]: 订单表更新1条，信审更新1条
INFO - 2021-09-28 17:10:52,870 - new_apply_order.py[line:542]: 查询loan_order_id成功！
INFO - 2021-09-28 17:10:52,918 - new_apply_order.py[line:557]: 订单回调复审通过成功！
INFO - 2021-09-28 17:10:53,712 - new_apply_order.py[line:579]: 获取token成功！token=bearer 865c2336-1deb-4ab5-a340-be6a1b6488ee！
INFO - 2021-09-28 17:10:54,270 - new_apply_order.py[line:542]: 查询loan_order_id成功！
INFO - 2021-09-28 17:10:54,532 - new_apply_order.py[line:597]: 后台已触发放款成功！
INFO - 2021-09-28 17:10:54,541 - new_apply_order.py[line:611]: xxl_job web 登录成功！
INFO - 2021-09-28 17:10:54,549 - new_apply_order.py[line:627]: xxl_job 放款准备作业执行成功！
INFO - 2021-09-28 17:10:56,136 - new_apply_order.py[line:542]: 查询loan_order_id成功！
INFO - 2021-09-28 17:10:56,166 - new_apply_order.py[line:635]: 修改放款准备完成时间成功！
INFO - 2021-09-28 17:10:56,175 - new_apply_order.py[line:643]: xxl_job 放款完成作业执行成功！
INFO - 2021-09-28 17:10:56,481 - new_apply_order.py[line:815]: 校验重试查询第1次
ERROR - 2021-09-28 17:10:57,507 - new_apply_order.py[line:711]: 放款完成或准备失败,目前的订单状态是35
INFO - 2021-09-28 17:10:57,508 - new_apply_order.py[line:712]: {'app': 'pcamion', 'loan_order_id': '1442778809955389440', 'mobile': '3632820247', 'order_status': 35}
INFO - 2021-09-28 17:10:58,016 - new_apply_order.py[line:815]: 校验重试查询第2次
ERROR - 2021-09-28 17:10:59,029 - new_apply_order.py[line:711]: 放款完成或准备失败,目前的订单状态是35
INFO - 2021-09-28 17:10:59,029 - new_apply_order.py[line:712]: {'app': 'pcamion', 'loan_order_id': '1442778809955389440', 'mobile': '3632820247', 'order_status': 35}
INFO - 2021-09-28 17:10:59,532 - new_apply_order.py[line:815]: 校验重试查询第3次
ERROR - 2021-09-28 17:11:00,551 - new_apply_order.py[line:711]: 放款完成或准备失败,目前的订单状态是35
INFO - 2021-09-28 17:11:00,552 - new_apply_order.py[line:712]: {'app': 'pcamion', 'loan_order_id': '1442778809955389440', 'mobile': '3632820247', 'order_status': 35}
INFO - 2021-09-28 17:11:01,054 - new_apply_order.py[line:815]: 校验重试查询第4次
ERROR - 2021-09-28 17:11:02,068 - new_apply_order.py[line:711]: 放款完成或准备失败,目前的订单状态是35
INFO - 2021-09-28 17:11:02,068 - new_apply_order.py[line:712]: {'app': 'pcamion', 'loan_order_id': '1442778809955389440', 'mobile': '3632820247', 'order_status': 35}
INFO - 2021-09-28 17:11:02,571 - new_apply_order.py[line:815]: 校验重试查询第5次
ERROR - 2021-09-28 17:11:03,593 - new_apply_order.py[line:711]: 放款完成或准备失败,目前的订单状态是35
INFO - 2021-09-28 17:11:03,594 - new_apply_order.py[line:712]: {'app': 'pcamion', 'loan_order_id': '1442778809955389440', 'mobile': '3632820247', 'order_status': 35}
INFO - 2021-09-28 17:11:04,100 - new_apply_order.py[line:815]: 校验重试查询第6次
ERROR - 2021-09-28 17:11:05,121 - new_apply_order.py[line:711]: 放款完成或准备失败,目前的订单状态是35
INFO - 2021-09-28 17:11:05,121 - new_apply_order.py[line:712]: {'app': 'pcamion', 'loan_order_id': '1442778809955389440', 'mobile': '3632820247', 'order_status': 35}
INFO - 2021-09-28 17:11:05,628 - new_apply_order.py[line:815]: 校验重试查询第7次
INFO - 2021-09-28 17:11:06,647 - new_apply_order.py[line:709]: 放款完成或准备成功,目前的订单状态是40
INFO - 2021-09-28 17:11:06,648 - new_apply_order.py[line:712]: {'app': 'pcamion', 'loan_order_id': '1442778809955389440', 'mobile': '3632820247', 'order_status': 40}
INFO - 2021-09-28 17:11:06,649 - new_apply_order.py[line:832]: ===========完成第【1】次进件===========
INFO - 2021-09-28 17:11:06,649 - new_apply_order.py[line:792]: 开始第 pcamion【2】次进件……
INFO - 2021-09-28 17:11:06,650 - new_apply_order.py[line:82]: ======【co测试环境】生成手机号：3632820266 ======
INFO - 2021-09-28 17:11:07,028 - new_apply_order.py[line:95]: 3632820266 检测用户存在成功！
INFO - 2021-09-28 17:11:07,102 - new_apply_order.py[line:104]: 3632820266 短信发送成功！
INFO - 2021-09-28 17:11:07,154 - new_apply_order.py[line:117]: 3632820266 注册成功！
INFO - 2021-09-28 17:11:07,225 - new_apply_order.py[line:133]: 3632820266 登录短信发送成功！
INFO - 2021-09-28 17:11:07,280 - new_apply_order.py[line:143]: userId=4955877131838431232,mobile=3632820266,token=0cc239863e4fe02347a3f31ab8a73658 登录成功
INFO - 2021-09-28 17:11:07,377 - new_apply_order.py[line:205]: 个人信息提交成功！
INFO - 2021-09-28 17:11:07,672 - new_apply_order.py[line:238]: 创建预审订单成功！
INFO - 2021-09-28 17:11:07,696 - new_apply_order.py[line:246]: 预审状态修改为通过,更新条数 1
INFO - 2021-09-28 17:11:07,726 - new_apply_order.py[line:249]: 更新初始额度！更新条数 1
INFO - 2021-09-28 17:11:08,031 - new_apply_order.py[line:266]: 活体图片上传成功！回写配置文件global_param.mp4_url
INFO - 2021-09-28 17:11:08,084 - new_apply_order.py[line:276]: 视频认证通过！
INFO - 2021-09-28 17:11:09,231 - new_apply_order.py[line:364]: curp上传成功!
INFO - 2021-09-28 17:11:09,327 - new_apply_order.py[line:373]: curp_rfc校验通过！
INFO - 2021-09-28 17:11:09,858 - new_apply_order.py[line:509]: 不绑卡成功跳过！
INFO - 2021-09-28 17:11:10,083 - new_apply_order.py[line:522]: 进件成功！执行sql将订单改为风控中……
INFO - 2021-09-28 17:11:11,134 - new_apply_order.py[line:528]: 订单表更新1条，信审更新1条
INFO - 2021-09-28 17:11:11,724 - new_apply_order.py[line:542]: 查询loan_order_id成功！
INFO - 2021-09-28 17:11:11,771 - new_apply_order.py[line:557]: 订单回调复审通过成功！
INFO - 2021-09-28 17:11:12,533 - new_apply_order.py[line:579]: 获取token成功！token=bearer 865c2336-1deb-4ab5-a340-be6a1b6488ee！
INFO - 2021-09-28 17:11:13,121 - new_apply_order.py[line:542]: 查询loan_order_id成功！
INFO - 2021-09-28 17:11:13,479 - new_apply_order.py[line:597]: 后台已触发放款成功！
INFO - 2021-09-28 17:11:13,489 - new_apply_order.py[line:611]: xxl_job web 登录成功！
INFO - 2021-09-28 17:11:13,499 - new_apply_order.py[line:627]: xxl_job 放款准备作业执行成功！
INFO - 2021-09-28 17:11:15,052 - new_apply_order.py[line:542]: 查询loan_order_id成功！
INFO - 2021-09-28 17:11:15,071 - new_apply_order.py[line:635]: 修改放款准备完成时间成功！
INFO - 2021-09-28 17:11:15,079 - new_apply_order.py[line:643]: xxl_job 放款完成作业执行成功！
INFO - 2021-09-28 17:11:15,383 - new_apply_order.py[line:815]: 校验重试查询第1次
ERROR - 2021-09-28 17:11:16,397 - new_apply_order.py[line:711]: 放款完成或准备失败,目前的订单状态是35
INFO - 2021-09-28 17:11:16,397 - new_apply_order.py[line:712]: {'app': 'pcamion', 'loan_order_id': '1442778889529724928', 'mobile': '3632820266', 'order_status': 35}
INFO - 2021-09-28 17:11:16,904 - new_apply_order.py[line:815]: 校验重试查询第2次
ERROR - 2021-09-28 17:11:17,918 - new_apply_order.py[line:711]: 放款完成或准备失败,目前的订单状态是35
INFO - 2021-09-28 17:11:17,918 - new_apply_order.py[line:712]: {'app': 'pcamion', 'loan_order_id': '1442778889529724928', 'mobile': '3632820266', 'order_status': 35}
INFO - 2021-09-28 17:11:18,425 - new_apply_order.py[line:815]: 校验重试查询第3次
ERROR - 2021-09-28 17:11:19,435 - new_apply_order.py[line:711]: 放款完成或准备失败,目前的订单状态是35
INFO - 2021-09-28 17:11:19,435 - new_apply_order.py[line:712]: {'app': 'pcamion', 'loan_order_id': '1442778889529724928', 'mobile': '3632820266', 'order_status': 35}
INFO - 2021-09-28 17:11:19,938 - new_apply_order.py[line:815]: 校验重试查询第4次
ERROR - 2021-09-28 17:11:20,953 - new_apply_order.py[line:711]: 放款完成或准备失败,目前的订单状态是35
INFO - 2021-09-28 17:11:20,953 - new_apply_order.py[line:712]: {'app': 'pcamion', 'loan_order_id': '1442778889529724928', 'mobile': '3632820266', 'order_status': 35}
INFO - 2021-09-28 17:11:21,459 - new_apply_order.py[line:815]: 校验重试查询第5次
INFO - 2021-09-28 17:11:22,470 - new_apply_order.py[line:709]: 放款完成或准备成功,目前的订单状态是40
INFO - 2021-09-28 17:11:22,470 - new_apply_order.py[line:712]: {'app': 'pcamion', 'loan_order_id': '1442778889529724928', 'mobile': '3632820266', 'order_status': 40}
INFO - 2021-09-28 17:11:22,471 - new_apply_order.py[line:832]: ===========完成第【2】次进件===========
INFO - 2021-09-28 17:11:22,471 - new_apply_order.py[line:792]: 开始第 pcamion【3】次进件……
INFO - 2021-09-28 17:11:22,471 - new_apply_order.py[line:82]: ======【co测试环境】生成手机号：3632820282 ======
INFO - 2021-09-28 17:11:22,819 - new_apply_order.py[line:95]: 3632820282 检测用户存在成功！
INFO - 2021-09-28 17:11:22,898 - new_apply_order.py[line:104]: 3632820282 短信发送成功！
INFO - 2021-09-28 17:11:22,950 - new_apply_order.py[line:117]: 3632820282 注册成功！
INFO - 2021-09-28 17:11:23,030 - new_apply_order.py[line:133]: 3632820282 登录短信发送成功！
INFO - 2021-09-28 17:11:23,093 - new_apply_order.py[line:143]: userId=4955877198083268608,mobile=3632820282,token=a908ef92ca9039e187b2ae871398f36f 登录成功
INFO - 2021-09-28 17:11:23,192 - new_apply_order.py[line:205]: 个人信息提交成功！
INFO - 2021-09-28 17:11:23,477 - new_apply_order.py[line:238]: 创建预审订单成功！
INFO - 2021-09-28 17:11:23,507 - new_apply_order.py[line:246]: 预审状态修改为通过,更新条数 1
INFO - 2021-09-28 17:11:23,524 - new_apply_order.py[line:249]: 更新初始额度！更新条数 1
INFO - 2021-09-28 17:11:23,795 - new_apply_order.py[line:266]: 活体图片上传成功！回写配置文件global_param.mp4_url
INFO - 2021-09-28 17:11:23,849 - new_apply_order.py[line:276]: 视频认证通过！
INFO - 2021-09-28 17:11:24,970 - new_apply_order.py[line:364]: curp上传成功!
INFO - 2021-09-28 17:11:25,078 - new_apply_order.py[line:373]: curp_rfc校验通过！
INFO - 2021-09-28 17:11:25,654 - new_apply_order.py[line:509]: 不绑卡成功跳过！
INFO - 2021-09-28 17:11:25,882 - new_apply_order.py[line:522]: 进件成功！执行sql将订单改为风控中……
INFO - 2021-09-28 17:11:26,922 - new_apply_order.py[line:528]: 订单表更新1条，信审更新1条
INFO - 2021-09-28 17:11:27,499 - new_apply_order.py[line:542]: 查询loan_order_id成功！
INFO - 2021-09-28 17:11:27,546 - new_apply_order.py[line:557]: 订单回调复审通过成功！
INFO - 2021-09-28 17:11:28,331 - new_apply_order.py[line:579]: 获取token成功！token=bearer 865c2336-1deb-4ab5-a340-be6a1b6488ee！
INFO - 2021-09-28 17:11:28,899 - new_apply_order.py[line:542]: 查询loan_order_id成功！
INFO - 2021-09-28 17:11:29,234 - new_apply_order.py[line:597]: 后台已触发放款成功！
INFO - 2021-09-28 17:11:29,240 - new_apply_order.py[line:611]: xxl_job web 登录成功！
INFO - 2021-09-28 17:11:29,256 - new_apply_order.py[line:627]: xxl_job 放款准备作业执行成功！
INFO - 2021-09-28 17:11:30,846 - new_apply_order.py[line:542]: 查询loan_order_id成功！
INFO - 2021-09-28 17:11:30,862 - new_apply_order.py[line:635]: 修改放款准备完成时间成功！
INFO - 2021-09-28 17:11:30,870 - new_apply_order.py[line:643]: xxl_job 放款完成作业执行成功！
INFO - 2021-09-28 17:11:31,174 - new_apply_order.py[line:815]: 校验重试查询第1次
ERROR - 2021-09-28 17:11:32,188 - new_apply_order.py[line:711]: 放款完成或准备失败,目前的订单状态是35
INFO - 2021-09-28 17:11:32,188 - new_apply_order.py[line:712]: {'app': 'pcamion', 'loan_order_id': '1442778955757785088', 'mobile': '3632820282', 'order_status': 35}
INFO - 2021-09-28 17:11:32,693 - new_apply_order.py[line:815]: 校验重试查询第2次
ERROR - 2021-09-28 17:11:33,701 - new_apply_order.py[line:711]: 放款完成或准备失败,目前的订单状态是35
INFO - 2021-09-28 17:11:33,702 - new_apply_order.py[line:712]: {'app': 'pcamion', 'loan_order_id': '1442778955757785088', 'mobile': '3632820282', 'order_status': 35}
INFO - 2021-09-28 17:11:34,207 - new_apply_order.py[line:815]: 校验重试查询第3次
ERROR - 2021-09-28 17:11:35,218 - new_apply_order.py[line:711]: 放款完成或准备失败,目前的订单状态是35
INFO - 2021-09-28 17:11:35,218 - new_apply_order.py[line:712]: {'app': 'pcamion', 'loan_order_id': '1442778955757785088', 'mobile': '3632820282', 'order_status': 35}
INFO - 2021-09-28 17:11:35,721 - new_apply_order.py[line:815]: 校验重试查询第4次
ERROR - 2021-09-28 17:11:36,733 - new_apply_order.py[line:711]: 放款完成或准备失败,目前的订单状态是35
INFO - 2021-09-28 17:11:36,733 - new_apply_order.py[line:712]: {'app': 'pcamion', 'loan_order_id': '1442778955757785088', 'mobile': '3632820282', 'order_status': 35}
INFO - 2021-09-28 17:11:37,239 - new_apply_order.py[line:815]: 校验重试查询第5次
INFO - 2021-09-28 17:11:38,252 - new_apply_order.py[line:709]: 放款完成或准备成功,目前的订单状态是40
INFO - 2021-09-28 17:11:38,252 - new_apply_order.py[line:712]: {'app': 'pcamion', 'loan_order_id': '1442778955757785088', 'mobile': '3632820282', 'order_status': 40}
INFO - 2021-09-28 17:11:38,253 - new_apply_order.py[line:832]: ===========完成第【3】次进件===========
INFO - 2021-09-28 17:11:38,253 - new_apply_order.py[line:792]: 开始第 pcamion【4】次进件……
INFO - 2021-09-28 17:11:38,254 - new_apply_order.py[line:82]: ======【co测试环境】生成手机号：3632820298 ======
INFO - 2021-09-28 17:11:38,645 - new_apply_order.py[line:95]: 3632820298 检测用户存在成功！
INFO - 2021-09-28 17:11:38,722 - new_apply_order.py[line:104]: 3632820298 短信发送成功！
INFO - 2021-09-28 17:11:38,777 - new_apply_order.py[line:117]: 3632820298 注册成功！
INFO - 2021-09-28 17:11:38,857 - new_apply_order.py[line:133]: 3632820298 登录短信发送成功！
INFO - 2021-09-28 17:11:38,915 - new_apply_order.py[line:143]: userId=4955877264453935104,mobile=3632820298,token=9872a9fcf6bb8556a892aa5b70cab197 登录成功
INFO - 2021-09-28 17:11:39,014 - new_apply_order.py[line:205]: 个人信息提交成功！
INFO - 2021-09-28 17:11:39,298 - new_apply_order.py[line:238]: 创建预审订单成功！
INFO - 2021-09-28 17:11:39,314 - new_apply_order.py[line:246]: 预审状态修改为通过,更新条数 1
INFO - 2021-09-28 17:11:39,326 - new_apply_order.py[line:249]: 更新初始额度！更新条数 1
INFO - 2021-09-28 17:11:39,594 - new_apply_order.py[line:266]: 活体图片上传成功！回写配置文件global_param.mp4_url
INFO - 2021-09-28 17:11:39,646 - new_apply_order.py[line:276]: 视频认证通过！
INFO - 2021-09-28 17:11:40,868 - new_apply_order.py[line:364]: curp上传成功!
INFO - 2021-09-28 17:11:40,978 - new_apply_order.py[line:373]: curp_rfc校验通过！
INFO - 2021-09-28 17:11:41,573 - new_apply_order.py[line:509]: 不绑卡成功跳过！
INFO - 2021-09-28 17:11:41,814 - new_apply_order.py[line:522]: 进件成功！执行sql将订单改为风控中……
INFO - 2021-09-28 17:11:42,860 - new_apply_order.py[line:528]: 订单表更新1条，信审更新1条
INFO - 2021-09-28 17:11:43,412 - new_apply_order.py[line:542]: 查询loan_order_id成功！
INFO - 2021-09-28 17:11:43,461 - new_apply_order.py[line:557]: 订单回调复审通过成功！
INFO - 2021-09-28 17:11:50,247 - new_apply_order.py[line:579]: 获取token成功！token=bearer 865c2336-1deb-4ab5-a340-be6a1b6488ee！
INFO - 2021-09-28 17:11:50,796 - new_apply_order.py[line:542]: 查询loan_order_id成功！
INFO - 2021-09-28 17:11:51,325 - new_apply_order.py[line:597]: 后台已触发放款成功！
INFO - 2021-09-28 17:11:51,337 - new_apply_order.py[line:611]: xxl_job web 登录成功！
INFO - 2021-09-28 17:11:51,348 - new_apply_order.py[line:627]: xxl_job 放款准备作业执行成功！
INFO - 2021-09-28 17:11:52,909 - new_apply_order.py[line:542]: 查询loan_order_id成功！
INFO - 2021-09-28 17:11:52,924 - new_apply_order.py[line:635]: 修改放款准备完成时间成功！
INFO - 2021-09-28 17:11:52,930 - new_apply_order.py[line:643]: xxl_job 放款完成作业执行成功！
INFO - 2021-09-28 17:11:53,234 - new_apply_order.py[line:815]: 校验重试查询第1次
ERROR - 2021-09-28 17:11:54,243 - new_apply_order.py[line:711]: 放款完成或准备失败,目前的订单状态是35
INFO - 2021-09-28 17:11:54,243 - new_apply_order.py[line:712]: {'app': 'pcamion', 'loan_order_id': '1442779022233309184', 'mobile': '3632820298', 'order_status': 35}
INFO - 2021-09-28 17:11:54,750 - new_apply_order.py[line:815]: 校验重试查询第2次
ERROR - 2021-09-28 17:11:55,760 - new_apply_order.py[line:711]: 放款完成或准备失败,目前的订单状态是35
INFO - 2021-09-28 17:11:55,761 - new_apply_order.py[line:712]: {'app': 'pcamion', 'loan_order_id': '1442779022233309184', 'mobile': '3632820298', 'order_status': 35}
INFO - 2021-09-28 17:11:56,266 - new_apply_order.py[line:815]: 校验重试查询第3次
ERROR - 2021-09-28 17:11:57,279 - new_apply_order.py[line:711]: 放款完成或准备失败,目前的订单状态是36
INFO - 2021-09-28 17:11:57,279 - new_apply_order.py[line:712]: {'app': 'pcamion', 'loan_order_id': '1442779022233309184', 'mobile': '3632820298', 'order_status': 36}
INFO - 2021-09-28 17:11:57,280 - new_apply_order.py[line:832]: ===========完成第【4】次进件===========
INFO - 2021-09-28 17:11:57,280 - new_apply_order.py[line:792]: 开始第 pcamion【5】次进件……
INFO - 2021-09-28 17:11:57,281 - new_apply_order.py[line:82]: ======【co测试环境】生成手机号：3632820317 ======
INFO - 2021-09-28 17:11:57,629 - new_apply_order.py[line:95]: 3632820317 检测用户存在成功！
INFO - 2021-09-28 17:11:57,701 - new_apply_order.py[line:104]: 3632820317 短信发送成功！
INFO - 2021-09-28 17:11:57,751 - new_apply_order.py[line:117]: 3632820317 注册成功！
INFO - 2021-09-28 17:11:57,832 - new_apply_order.py[line:133]: 3632820317 登录短信发送成功！
INFO - 2021-09-28 17:11:57,889 - new_apply_order.py[line:143]: userId=4955877344053436416,mobile=3632820317,token=54b2a9cb77092b39780981998dd60573 登录成功
INFO - 2021-09-28 17:11:57,988 - new_apply_order.py[line:205]: 个人信息提交成功！
INFO - 2021-09-28 17:11:58,261 - new_apply_order.py[line:238]: 创建预审订单成功！
INFO - 2021-09-28 17:11:58,276 - new_apply_order.py[line:246]: 预审状态修改为通过,更新条数 1
INFO - 2021-09-28 17:11:58,289 - new_apply_order.py[line:249]: 更新初始额度！更新条数 1
INFO - 2021-09-28 17:11:58,551 - new_apply_order.py[line:266]: 活体图片上传成功！回写配置文件global_param.mp4_url
INFO - 2021-09-28 17:11:58,601 - new_apply_order.py[line:276]: 视频认证通过！
INFO - 2021-09-28 17:11:59,721 - new_apply_order.py[line:364]: curp上传成功!
INFO - 2021-09-28 17:11:59,829 - new_apply_order.py[line:373]: curp_rfc校验通过！
INFO - 2021-09-28 17:12:00,424 - new_apply_order.py[line:509]: 不绑卡成功跳过！
INFO - 2021-09-28 17:12:00,643 - new_apply_order.py[line:522]: 进件成功！执行sql将订单改为风控中……
INFO - 2021-09-28 17:12:01,701 - new_apply_order.py[line:528]: 订单表更新1条，信审更新1条
INFO - 2021-09-28 17:12:02,285 - new_apply_order.py[line:542]: 查询loan_order_id成功！
INFO - 2021-09-28 17:12:02,334 - new_apply_order.py[line:557]: 订单回调复审通过成功！
INFO - 2021-09-28 17:12:03,154 - new_apply_order.py[line:579]: 获取token成功！token=bearer 865c2336-1deb-4ab5-a340-be6a1b6488ee！
INFO - 2021-09-28 17:12:03,652 - new_apply_order.py[line:542]: 查询loan_order_id成功！
INFO - 2021-09-28 17:12:03,922 - new_apply_order.py[line:597]: 后台已触发放款成功！
INFO - 2021-09-28 17:12:03,932 - new_apply_order.py[line:611]: xxl_job web 登录成功！
INFO - 2021-09-28 17:12:03,945 - new_apply_order.py[line:627]: xxl_job 放款准备作业执行成功！
INFO - 2021-09-28 17:12:05,457 - new_apply_order.py[line:542]: 查询loan_order_id成功！
INFO - 2021-09-28 17:12:05,473 - new_apply_order.py[line:635]: 修改放款准备完成时间成功！
INFO - 2021-09-28 17:12:05,480 - new_apply_order.py[line:643]: xxl_job 放款完成作业执行成功！
INFO - 2021-09-28 17:12:05,784 - new_apply_order.py[line:815]: 校验重试查询第1次
ERROR - 2021-09-28 17:12:06,796 - new_apply_order.py[line:711]: 放款完成或准备失败,目前的订单状态是35
INFO - 2021-09-28 17:12:06,796 - new_apply_order.py[line:712]: {'app': 'pcamion', 'loan_order_id': '1442779101748924416', 'mobile': '3632820317', 'order_status': 35}
INFO - 2021-09-28 17:12:07,302 - new_apply_order.py[line:815]: 校验重试查询第2次
ERROR - 2021-09-28 17:12:08,316 - new_apply_order.py[line:711]: 放款完成或准备失败,目前的订单状态是35
INFO - 2021-09-28 17:12:08,317 - new_apply_order.py[line:712]: {'app': 'pcamion', 'loan_order_id': '1442779101748924416', 'mobile': '3632820317', 'order_status': 35}
INFO - 2021-09-28 17:12:08,819 - new_apply_order.py[line:815]: 校验重试查询第3次
ERROR - 2021-09-28 17:12:09,831 - new_apply_order.py[line:711]: 放款完成或准备失败,目前的订单状态是35
INFO - 2021-09-28 17:12:09,832 - new_apply_order.py[line:712]: {'app': 'pcamion', 'loan_order_id': '1442779101748924416', 'mobile': '3632820317', 'order_status': 35}
INFO - 2021-09-28 17:12:10,336 - new_apply_order.py[line:815]: 校验重试查询第4次
ERROR - 2021-09-28 17:12:11,347 - new_apply_order.py[line:711]: 放款完成或准备失败,目前的订单状态是35
INFO - 2021-09-28 17:12:11,348 - new_apply_order.py[line:712]: {'app': 'pcamion', 'loan_order_id': '1442779101748924416', 'mobile': '3632820317', 'order_status': 35}
INFO - 2021-09-28 17:12:11,854 - new_apply_order.py[line:815]: 校验重试查询第5次
INFO - 2021-09-28 17:12:12,864 - new_apply_order.py[line:709]: 放款完成或准备成功,目前的订单状态是40
INFO - 2021-09-28 17:12:12,865 - new_apply_order.py[line:712]: {'app': 'pcamion', 'loan_order_id': '1442779101748924416', 'mobile': '3632820317', 'order_status': 40}
INFO - 2021-09-28 17:12:12,865 - new_apply_order.py[line:832]: ===========完成第【5】次进件===========
INFO - 2021-09-28 17:12:12,866 - new_apply_order.py[line:792]: 开始第 pcamion【6】次进件……
INFO - 2021-09-28 17:12:12,866 - new_apply_order.py[line:82]: ======【co测试环境】生成手机号：3632820332 ======
INFO - 2021-09-28 17:12:13,216 - new_apply_order.py[line:95]: 3632820332 检测用户存在成功！
INFO - 2021-09-28 17:12:13,288 - new_apply_order.py[line:104]: 3632820332 短信发送成功！
INFO - 2021-09-28 17:12:13,338 - new_apply_order.py[line:117]: 3632820332 注册成功！
INFO - 2021-09-28 17:12:13,416 - new_apply_order.py[line:133]: 3632820332 登录短信发送成功！
INFO - 2021-09-28 17:12:13,469 - new_apply_order.py[line:143]: userId=4955877409430052864,mobile=3632820332,token=f6c215da4bc3bfd2bc43a1f4fc8e35c2 登录成功
INFO - 2021-09-28 17:12:13,600 - new_apply_order.py[line:205]: 个人信息提交成功！
INFO - 2021-09-28 17:12:13,858 - new_apply_order.py[line:238]: 创建预审订单成功！
INFO - 2021-09-28 17:12:13,877 - new_apply_order.py[line:246]: 预审状态修改为通过,更新条数 1
INFO - 2021-09-28 17:12:13,896 - new_apply_order.py[line:249]: 更新初始额度！更新条数 1
INFO - 2021-09-28 17:12:14,179 - new_apply_order.py[line:266]: 活体图片上传成功！回写配置文件global_param.mp4_url
INFO - 2021-09-28 17:12:14,240 - new_apply_order.py[line:276]: 视频认证通过！
INFO - 2021-09-28 17:12:15,393 - new_apply_order.py[line:364]: curp上传成功!
INFO - 2021-09-28 17:12:15,509 - new_apply_order.py[line:373]: curp_rfc校验通过！
INFO - 2021-09-28 17:12:16,081 - new_apply_order.py[line:509]: 不绑卡成功跳过！
INFO - 2021-09-28 17:12:16,292 - new_apply_order.py[line:522]: 进件成功！执行sql将订单改为风控中……
INFO - 2021-09-28 17:12:17,328 - new_apply_order.py[line:528]: 订单表更新1条，信审更新1条
INFO - 2021-09-28 17:12:17,896 - new_apply_order.py[line:542]: 查询loan_order_id成功！
INFO - 2021-09-28 17:12:17,944 - new_apply_order.py[line:557]: 订单回调复审通过成功！
INFO - 2021-09-28 17:12:18,716 - new_apply_order.py[line:579]: 获取token成功！token=bearer 865c2336-1deb-4ab5-a340-be6a1b6488ee！
INFO - 2021-09-28 17:12:19,272 - new_apply_order.py[line:542]: 查询loan_order_id成功！
INFO - 2021-09-28 17:12:19,597 - new_apply_order.py[line:597]: 后台已触发放款成功！
INFO - 2021-09-28 17:12:19,604 - new_apply_order.py[line:611]: xxl_job web 登录成功！
INFO - 2021-09-28 17:12:19,612 - new_apply_order.py[line:627]: xxl_job 放款准备作业执行成功！
INFO - 2021-09-28 17:12:21,163 - new_apply_order.py[line:542]: 查询loan_order_id成功！
INFO - 2021-09-28 17:12:21,180 - new_apply_order.py[line:635]: 修改放款准备完成时间成功！
INFO - 2021-09-28 17:12:21,185 - new_apply_order.py[line:643]: xxl_job 放款完成作业执行成功！
INFO - 2021-09-28 17:12:21,490 - new_apply_order.py[line:815]: 校验重试查询第1次
ERROR - 2021-09-28 17:12:22,503 - new_apply_order.py[line:711]: 放款完成或准备失败,目前的订单状态是35
INFO - 2021-09-28 17:12:22,503 - new_apply_order.py[line:712]: {'app': 'pcamion', 'loan_order_id': '1442779167289118720', 'mobile': '3632820332', 'order_status': 35}
INFO - 2021-09-28 17:12:23,007 - new_apply_order.py[line:815]: 校验重试查询第2次
ERROR - 2021-09-28 17:12:24,021 - new_apply_order.py[line:711]: 放款完成或准备失败,目前的订单状态是35
INFO - 2021-09-28 17:12:24,021 - new_apply_order.py[line:712]: {'app': 'pcamion', 'loan_order_id': '1442779167289118720', 'mobile': '3632820332', 'order_status': 35}
INFO - 2021-09-28 17:12:24,527 - new_apply_order.py[line:815]: 校验重试查询第3次
ERROR - 2021-09-28 17:12:25,534 - new_apply_order.py[line:711]: 放款完成或准备失败,目前的订单状态是35
INFO - 2021-09-28 17:12:25,534 - new_apply_order.py[line:712]: {'app': 'pcamion', 'loan_order_id': '1442779167289118720', 'mobile': '3632820332', 'order_status': 35}
INFO - 2021-09-28 17:12:26,035 - new_apply_order.py[line:815]: 校验重试查询第4次
ERROR - 2021-09-28 17:12:27,047 - new_apply_order.py[line:711]: 放款完成或准备失败,目前的订单状态是35
INFO - 2021-09-28 17:12:27,048 - new_apply_order.py[line:712]: {'app': 'pcamion', 'loan_order_id': '1442779167289118720', 'mobile': '3632820332', 'order_status': 35}
INFO - 2021-09-28 17:12:27,552 - new_apply_order.py[line:815]: 校验重试查询第5次
INFO - 2021-09-28 17:12:28,557 - new_apply_order.py[line:709]: 放款完成或准备成功,目前的订单状态是40
INFO - 2021-09-28 17:12:28,558 - new_apply_order.py[line:712]: {'app': 'pcamion', 'loan_order_id': '1442779167289118720', 'mobile': '3632820332', 'order_status': 40}
INFO - 2021-09-28 17:12:28,558 - new_apply_order.py[line:832]: ===========完成第【6】次进件===========
INFO - 2021-09-28 17:12:28,558 - new_apply_order.py[line:792]: 开始第 pcamion【7】次进件……
INFO - 2021-09-28 17:12:28,559 - new_apply_order.py[line:82]: ======【co测试环境】生成手机号：3632820348 ======
INFO - 2021-09-28 17:12:28,901 - new_apply_order.py[line:95]: 3632820348 检测用户存在成功！
INFO - 2021-09-28 17:12:28,975 - new_apply_order.py[line:104]: 3632820348 短信发送成功！
INFO - 2021-09-28 17:12:29,023 - new_apply_order.py[line:117]: 3632820348 注册成功！
INFO - 2021-09-28 17:12:29,098 - new_apply_order.py[line:133]: 3632820348 登录短信发送成功！
INFO - 2021-09-28 17:12:29,153 - new_apply_order.py[line:143]: userId=4955877475217711104,mobile=3632820348,token=774d55c633bc35177582007c5953fab4 登录成功
INFO - 2021-09-28 17:12:29,247 - new_apply_order.py[line:205]: 个人信息提交成功！
INFO - 2021-09-28 17:12:29,504 - new_apply_order.py[line:238]: 创建预审订单成功！
INFO - 2021-09-28 17:12:29,523 - new_apply_order.py[line:246]: 预审状态修改为通过,更新条数 1
INFO - 2021-09-28 17:12:29,540 - new_apply_order.py[line:249]: 更新初始额度！更新条数 1
INFO - 2021-09-28 17:12:29,759 - new_apply_order.py[line:266]: 活体图片上传成功！回写配置文件global_param.mp4_url
INFO - 2021-09-28 17:12:29,813 - new_apply_order.py[line:276]: 视频认证通过！
INFO - 2021-09-28 17:12:30,817 - new_apply_order.py[line:364]: curp上传成功!
INFO - 2021-09-28 17:12:30,926 - new_apply_order.py[line:373]: curp_rfc校验通过！
INFO - 2021-09-28 17:12:31,469 - new_apply_order.py[line:509]: 不绑卡成功跳过！
INFO - 2021-09-28 17:12:31,705 - new_apply_order.py[line:522]: 进件成功！执行sql将订单改为风控中……
INFO - 2021-09-28 17:12:32,749 - new_apply_order.py[line:528]: 订单表更新1条，信审更新1条
INFO - 2021-09-28 17:12:33,299 - new_apply_order.py[line:542]: 查询loan_order_id成功！
INFO - 2021-09-28 17:12:33,339 - new_apply_order.py[line:557]: 订单回调复审通过成功！
INFO - 2021-09-28 17:12:34,243 - new_apply_order.py[line:579]: 获取token成功！token=bearer 865c2336-1deb-4ab5-a340-be6a1b6488ee！
INFO - 2021-09-28 17:12:34,805 - new_apply_order.py[line:542]: 查询loan_order_id成功！
INFO - 2021-09-28 17:12:35,129 - new_apply_order.py[line:597]: 后台已触发放款成功！
INFO - 2021-09-28 17:12:35,139 - new_apply_order.py[line:611]: xxl_job web 登录成功！
INFO - 2021-09-28 17:12:35,149 - new_apply_order.py[line:627]: xxl_job 放款准备作业执行成功！
INFO - 2021-09-28 17:12:36,731 - new_apply_order.py[line:542]: 查询loan_order_id成功！
INFO - 2021-09-28 17:12:36,752 - new_apply_order.py[line:635]: 修改放款准备完成时间成功！
INFO - 2021-09-28 17:12:36,759 - new_apply_order.py[line:643]: xxl_job 放款完成作业执行成功！
INFO - 2021-09-28 17:12:37,065 - new_apply_order.py[line:815]: 校验重试查询第1次
ERROR - 2021-09-28 17:12:38,077 - new_apply_order.py[line:711]: 放款完成或准备失败,目前的订单状态是35
INFO - 2021-09-28 17:12:38,078 - new_apply_order.py[line:712]: {'app': 'pcamion', 'loan_order_id': '1442779232766398464', 'mobile': '3632820348', 'order_status': 35}
INFO - 2021-09-28 17:12:38,583 - new_apply_order.py[line:815]: 校验重试查询第2次
ERROR - 2021-09-28 17:12:39,595 - new_apply_order.py[line:711]: 放款完成或准备失败,目前的订单状态是35
INFO - 2021-09-28 17:12:39,595 - new_apply_order.py[line:712]: {'app': 'pcamion', 'loan_order_id': '1442779232766398464', 'mobile': '3632820348', 'order_status': 35}
INFO - 2021-09-28 17:12:40,098 - new_apply_order.py[line:815]: 校验重试查询第3次
ERROR - 2021-09-28 17:12:41,112 - new_apply_order.py[line:711]: 放款完成或准备失败,目前的订单状态是35
INFO - 2021-09-28 17:12:41,112 - new_apply_order.py[line:712]: {'app': 'pcamion', 'loan_order_id': '1442779232766398464', 'mobile': '3632820348', 'order_status': 35}
INFO - 2021-09-28 17:12:41,619 - new_apply_order.py[line:815]: 校验重试查询第4次
ERROR - 2021-09-28 17:12:42,631 - new_apply_order.py[line:711]: 放款完成或准备失败,目前的订单状态是35
INFO - 2021-09-28 17:12:42,632 - new_apply_order.py[line:712]: {'app': 'pcamion', 'loan_order_id': '1442779232766398464', 'mobile': '3632820348', 'order_status': 35}
INFO - 2021-09-28 17:12:43,135 - new_apply_order.py[line:815]: 校验重试查询第5次
INFO - 2021-09-28 17:12:44,145 - new_apply_order.py[line:709]: 放款完成或准备成功,目前的订单状态是40
INFO - 2021-09-28 17:12:44,145 - new_apply_order.py[line:712]: {'app': 'pcamion', 'loan_order_id': '1442779232766398464', 'mobile': '3632820348', 'order_status': 40}
INFO - 2021-09-28 17:12:44,146 - new_apply_order.py[line:832]: ===========完成第【7】次进件===========
INFO - 2021-09-28 17:12:44,147 - new_apply_order.py[line:792]: 开始第 pcamion【8】次进件……
INFO - 2021-09-28 17:12:44,148 - new_apply_order.py[line:82]: ======【co测试环境】生成手机号：3632820364 ======
INFO - 2021-09-28 17:12:44,521 - new_apply_order.py[line:95]: 3632820364 检测用户存在成功！
INFO - 2021-09-28 17:12:44,594 - new_apply_order.py[line:104]: 3632820364 短信发送成功！
INFO - 2021-09-28 17:12:44,646 - new_apply_order.py[line:117]: 3632820364 注册成功！
INFO - 2021-09-28 17:12:44,743 - new_apply_order.py[line:133]: 3632820364 登录短信发送成功！
INFO - 2021-09-28 17:12:44,808 - new_apply_order.py[line:143]: userId=4955877540732739584,mobile=3632820364,token=9033e939cf1e2cb66c171cbf9e9330fd 登录成功
INFO - 2021-09-28 17:12:44,973 - new_apply_order.py[line:205]: 个人信息提交成功！
INFO - 2021-09-28 17:12:45,259 - new_apply_order.py[line:238]: 创建预审订单成功！
INFO - 2021-09-28 17:12:45,275 - new_apply_order.py[line:246]: 预审状态修改为通过,更新条数 1
INFO - 2021-09-28 17:12:45,289 - new_apply_order.py[line:249]: 更新初始额度！更新条数 1
INFO - 2021-09-28 17:12:45,565 - new_apply_order.py[line:266]: 活体图片上传成功！回写配置文件global_param.mp4_url
INFO - 2021-09-28 17:12:45,611 - new_apply_order.py[line:276]: 视频认证通过！
INFO - 2021-09-28 17:12:46,756 - new_apply_order.py[line:364]: curp上传成功!
INFO - 2021-09-28 17:12:46,880 - new_apply_order.py[line:373]: curp_rfc校验通过！
INFO - 2021-09-28 17:12:47,463 - new_apply_order.py[line:509]: 不绑卡成功跳过！
INFO - 2021-09-28 17:12:47,675 - new_apply_order.py[line:522]: 进件成功！执行sql将订单改为风控中……
INFO - 2021-09-28 17:12:48,725 - new_apply_order.py[line:528]: 订单表更新1条，信审更新1条
INFO - 2021-09-28 17:12:49,285 - new_apply_order.py[line:542]: 查询loan_order_id成功！
INFO - 2021-09-28 17:12:49,333 - new_apply_order.py[line:557]: 订单回调复审通过成功！
INFO - 2021-09-28 17:12:50,105 - new_apply_order.py[line:579]: 获取token成功！token=bearer 865c2336-1deb-4ab5-a340-be6a1b6488ee！
INFO - 2021-09-28 17:12:50,669 - new_apply_order.py[line:542]: 查询loan_order_id成功！
INFO - 2021-09-28 17:12:50,992 - new_apply_order.py[line:597]: 后台已触发放款成功！
INFO - 2021-09-28 17:12:51,002 - new_apply_order.py[line:611]: xxl_job web 登录成功！
INFO - 2021-09-28 17:12:51,013 - new_apply_order.py[line:627]: xxl_job 放款准备作业执行成功！
INFO - 2021-09-28 17:12:52,554 - new_apply_order.py[line:542]: 查询loan_order_id成功！
INFO - 2021-09-28 17:12:52,570 - new_apply_order.py[line:635]: 修改放款准备完成时间成功！
INFO - 2021-09-28 17:12:52,576 - new_apply_order.py[line:643]: xxl_job 放款完成作业执行成功！
INFO - 2021-09-28 17:12:52,878 - new_apply_order.py[line:815]: 校验重试查询第1次
ERROR - 2021-09-28 17:12:53,889 - new_apply_order.py[line:711]: 放款完成或准备失败,目前的订单状态是35
INFO - 2021-09-28 17:12:53,889 - new_apply_order.py[line:712]: {'app': 'pcamion', 'loan_order_id': '1442779298864435200', 'mobile': '3632820364', 'order_status': 35}
INFO - 2021-09-28 17:12:54,390 - new_apply_order.py[line:815]: 校验重试查询第2次
ERROR - 2021-09-28 17:12:55,400 - new_apply_order.py[line:711]: 放款完成或准备失败,目前的订单状态是35
INFO - 2021-09-28 17:12:55,400 - new_apply_order.py[line:712]: {'app': 'pcamion', 'loan_order_id': '1442779298864435200', 'mobile': '3632820364', 'order_status': 35}
INFO - 2021-09-28 17:12:55,908 - new_apply_order.py[line:815]: 校验重试查询第3次
ERROR - 2021-09-28 17:12:56,922 - new_apply_order.py[line:711]: 放款完成或准备失败,目前的订单状态是35
INFO - 2021-09-28 17:12:56,922 - new_apply_order.py[line:712]: {'app': 'pcamion', 'loan_order_id': '1442779298864435200', 'mobile': '3632820364', 'order_status': 35}
INFO - 2021-09-28 17:12:57,430 - new_apply_order.py[line:815]: 校验重试查询第4次
ERROR - 2021-09-28 17:12:58,440 - new_apply_order.py[line:711]: 放款完成或准备失败,目前的订单状态是35
INFO - 2021-09-28 17:12:58,440 - new_apply_order.py[line:712]: {'app': 'pcamion', 'loan_order_id': '1442779298864435200', 'mobile': '3632820364', 'order_status': 35}
INFO - 2021-09-28 17:12:58,945 - new_apply_order.py[line:815]: 校验重试查询第5次
INFO - 2021-09-28 17:12:59,957 - new_apply_order.py[line:709]: 放款完成或准备成功,目前的订单状态是40
INFO - 2021-09-28 17:12:59,957 - new_apply_order.py[line:712]: {'app': 'pcamion', 'loan_order_id': '1442779298864435200', 'mobile': '3632820364', 'order_status': 40}
INFO - 2021-09-28 17:12:59,958 - new_apply_order.py[line:832]: ===========完成第【8】次进件===========
INFO - 2021-09-28 17:12:59,958 - new_apply_order.py[line:792]: 开始第 pcamion【9】次进件……
INFO - 2021-09-28 17:12:59,958 - new_apply_order.py[line:82]: ======【co测试环境】生成手机号：3632820379 ======
INFO - 2021-09-28 17:13:00,304 - new_apply_order.py[line:95]: 3632820379 检测用户存在成功！
INFO - 2021-09-28 17:13:00,375 - new_apply_order.py[line:104]: 3632820379 短信发送成功！
INFO - 2021-09-28 17:13:00,422 - new_apply_order.py[line:117]: 3632820379 注册成功！
INFO - 2021-09-28 17:13:00,504 - new_apply_order.py[line:133]: 3632820379 登录短信发送成功！
INFO - 2021-09-28 17:13:00,556 - new_apply_order.py[line:143]: userId=4955877606918856704,mobile=3632820379,token=cca78e307a375f44318a5a9e7971797a 登录成功
INFO - 2021-09-28 17:13:00,634 - new_apply_order.py[line:205]: 个人信息提交成功！
INFO - 2021-09-28 17:13:00,882 - new_apply_order.py[line:238]: 创建预审订单成功！
INFO - 2021-09-28 17:13:00,902 - new_apply_order.py[line:246]: 预审状态修改为通过,更新条数 1
INFO - 2021-09-28 17:13:00,921 - new_apply_order.py[line:249]: 更新初始额度！更新条数 1
INFO - 2021-09-28 17:13:01,216 - new_apply_order.py[line:266]: 活体图片上传成功！回写配置文件global_param.mp4_url
INFO - 2021-09-28 17:13:01,269 - new_apply_order.py[line:276]: 视频认证通过！
INFO - 2021-09-28 17:13:02,465 - new_apply_order.py[line:364]: curp上传成功!
INFO - 2021-09-28 17:13:02,568 - new_apply_order.py[line:373]: curp_rfc校验通过！
INFO - 2021-09-28 17:13:03,095 - new_apply_order.py[line:509]: 不绑卡成功跳过！
INFO - 2021-09-28 17:13:03,282 - new_apply_order.py[line:522]: 进件成功！执行sql将订单改为风控中……
INFO - 2021-09-28 17:13:04,314 - new_apply_order.py[line:528]: 订单表更新1条，信审更新1条
INFO - 2021-09-28 17:13:04,903 - new_apply_order.py[line:542]: 查询loan_order_id成功！
INFO - 2021-09-28 17:13:04,941 - new_apply_order.py[line:557]: 订单回调复审通过成功！
INFO - 2021-09-28 17:13:11,733 - new_apply_order.py[line:579]: 获取token成功！token=bearer 865c2336-1deb-4ab5-a340-be6a1b6488ee！
INFO - 2021-09-28 17:13:12,292 - new_apply_order.py[line:542]: 查询loan_order_id成功！
INFO - 2021-09-28 17:13:12,609 - new_apply_order.py[line:597]: 后台已触发放款成功！
INFO - 2021-09-28 17:13:12,620 - new_apply_order.py[line:611]: xxl_job web 登录成功！
INFO - 2021-09-28 17:13:12,631 - new_apply_order.py[line:627]: xxl_job 放款准备作业执行成功！
INFO - 2021-09-28 17:13:14,174 - new_apply_order.py[line:542]: 查询loan_order_id成功！
INFO - 2021-09-28 17:13:14,194 - new_apply_order.py[line:635]: 修改放款准备完成时间成功！
INFO - 2021-09-28 17:13:14,202 - new_apply_order.py[line:643]: xxl_job 放款完成作业执行成功！
INFO - 2021-09-28 17:13:14,506 - new_apply_order.py[line:815]: 校验重试查询第1次
ERROR - 2021-09-28 17:13:15,518 - new_apply_order.py[line:711]: 放款完成或准备失败,目前的订单状态是35
INFO - 2021-09-28 17:13:15,518 - new_apply_order.py[line:712]: {'app': 'pcamion', 'loan_order_id': '1442779364429795328', 'mobile': '3632820379', 'order_status': 35}
INFO - 2021-09-28 17:13:16,025 - new_apply_order.py[line:815]: 校验重试查询第2次
ERROR - 2021-09-28 17:13:17,034 - new_apply_order.py[line:711]: 放款完成或准备失败,目前的订单状态是35
INFO - 2021-09-28 17:13:17,034 - new_apply_order.py[line:712]: {'app': 'pcamion', 'loan_order_id': '1442779364429795328', 'mobile': '3632820379', 'order_status': 35}
INFO - 2021-09-28 17:13:17,540 - new_apply_order.py[line:815]: 校验重试查询第3次
ERROR - 2021-09-28 17:13:18,551 - new_apply_order.py[line:711]: 放款完成或准备失败,目前的订单状态是35
INFO - 2021-09-28 17:13:18,552 - new_apply_order.py[line:712]: {'app': 'pcamion', 'loan_order_id': '1442779364429795328', 'mobile': '3632820379', 'order_status': 35}
INFO - 2021-09-28 17:13:19,058 - new_apply_order.py[line:815]: 校验重试查询第4次
ERROR - 2021-09-28 17:13:20,071 - new_apply_order.py[line:711]: 放款完成或准备失败,目前的订单状态是35
INFO - 2021-09-28 17:13:20,072 - new_apply_order.py[line:712]: {'app': 'pcamion', 'loan_order_id': '1442779364429795328', 'mobile': '3632820379', 'order_status': 35}
INFO - 2021-09-28 17:13:20,577 - new_apply_order.py[line:815]: 校验重试查询第5次
INFO - 2021-09-28 17:13:21,587 - new_apply_order.py[line:709]: 放款完成或准备成功,目前的订单状态是40
INFO - 2021-09-28 17:13:21,588 - new_apply_order.py[line:712]: {'app': 'pcamion', 'loan_order_id': '1442779364429795328', 'mobile': '3632820379', 'order_status': 40}
INFO - 2021-09-28 17:13:21,589 - new_apply_order.py[line:832]: ===========完成第【9】次进件===========
INFO - 2021-09-28 17:13:21,589 - new_apply_order.py[line:792]: 开始第 pcamion【10】次进件……
INFO - 2021-09-28 17:13:21,590 - new_apply_order.py[line:82]: ======【co测试环境】生成手机号：3632820401 ======
INFO - 2021-09-28 17:13:21,935 - new_apply_order.py[line:95]: 3632820401 检测用户存在成功！
INFO - 2021-09-28 17:13:22,013 - new_apply_order.py[line:104]: 3632820401 短信发送成功！
INFO - 2021-09-28 17:13:22,068 - new_apply_order.py[line:117]: 3632820401 注册成功！
INFO - 2021-09-28 17:13:22,157 - new_apply_order.py[line:133]: 3632820401 登录短信发送成功！
INFO - 2021-09-28 17:13:22,219 - new_apply_order.py[line:143]: userId=4955877697683595264,mobile=3632820401,token=98448381146a74c96af533e5b60d8d0d 登录成功
INFO - 2021-09-28 17:13:22,330 - new_apply_order.py[line:205]: 个人信息提交成功！
INFO - 2021-09-28 17:13:22,708 - new_apply_order.py[line:238]: 创建预审订单成功！
INFO - 2021-09-28 17:13:22,728 - new_apply_order.py[line:246]: 预审状态修改为通过,更新条数 1
INFO - 2021-09-28 17:13:22,746 - new_apply_order.py[line:249]: 更新初始额度！更新条数 1
INFO - 2021-09-28 17:13:23,037 - new_apply_order.py[line:266]: 活体图片上传成功！回写配置文件global_param.mp4_url
INFO - 2021-09-28 17:13:23,089 - new_apply_order.py[line:276]: 视频认证通过！
INFO - 2021-09-28 17:13:24,150 - new_apply_order.py[line:364]: curp上传成功!
INFO - 2021-09-28 17:13:24,269 - new_apply_order.py[line:373]: curp_rfc校验通过！
INFO - 2021-09-28 17:13:24,867 - new_apply_order.py[line:509]: 不绑卡成功跳过！
INFO - 2021-09-28 17:13:25,095 - new_apply_order.py[line:522]: 进件成功！执行sql将订单改为风控中……
INFO - 2021-09-28 17:13:26,137 - new_apply_order.py[line:528]: 订单表更新1条，信审更新1条
INFO - 2021-09-28 17:13:26,679 - new_apply_order.py[line:542]: 查询loan_order_id成功！
INFO - 2021-09-28 17:13:26,726 - new_apply_order.py[line:557]: 订单回调复审通过成功！
INFO - 2021-09-28 17:13:27,639 - new_apply_order.py[line:579]: 获取token成功！token=bearer 865c2336-1deb-4ab5-a340-be6a1b6488ee！
INFO - 2021-09-28 17:13:28,184 - new_apply_order.py[line:542]: 查询loan_order_id成功！
INFO - 2021-09-28 17:13:28,490 - new_apply_order.py[line:597]: 后台已触发放款成功！
INFO - 2021-09-28 17:13:28,500 - new_apply_order.py[line:611]: xxl_job web 登录成功！
INFO - 2021-09-28 17:13:28,510 - new_apply_order.py[line:627]: xxl_job 放款准备作业执行成功！
INFO - 2021-09-28 17:13:30,056 - new_apply_order.py[line:542]: 查询loan_order_id成功！
INFO - 2021-09-28 17:13:30,071 - new_apply_order.py[line:635]: 修改放款准备完成时间成功！
INFO - 2021-09-28 17:13:30,079 - new_apply_order.py[line:643]: xxl_job 放款完成作业执行成功！
INFO - 2021-09-28 17:13:30,384 - new_apply_order.py[line:815]: 校验重试查询第1次
ERROR - 2021-09-28 17:13:31,397 - new_apply_order.py[line:711]: 放款完成或准备失败,目前的订单状态是35
INFO - 2021-09-28 17:13:31,398 - new_apply_order.py[line:712]: {'app': 'pcamion', 'loan_order_id': '1442779455634935808', 'mobile': '3632820401', 'order_status': 35}
INFO - 2021-09-28 17:13:31,906 - new_apply_order.py[line:815]: 校验重试查询第2次
ERROR - 2021-09-28 17:13:32,918 - new_apply_order.py[line:711]: 放款完成或准备失败,目前的订单状态是35
INFO - 2021-09-28 17:13:32,919 - new_apply_order.py[line:712]: {'app': 'pcamion', 'loan_order_id': '1442779455634935808', 'mobile': '3632820401', 'order_status': 35}
INFO - 2021-09-28 17:13:33,425 - new_apply_order.py[line:815]: 校验重试查询第3次
ERROR - 2021-09-28 17:13:34,431 - new_apply_order.py[line:711]: 放款完成或准备失败,目前的订单状态是35
INFO - 2021-09-28 17:13:34,431 - new_apply_order.py[line:712]: {'app': 'pcamion', 'loan_order_id': '1442779455634935808', 'mobile': '3632820401', 'order_status': 35}
INFO - 2021-09-28 17:13:34,936 - new_apply_order.py[line:815]: 校验重试查询第4次
ERROR - 2021-09-28 17:13:35,947 - new_apply_order.py[line:711]: 放款完成或准备失败,目前的订单状态是35
INFO - 2021-09-28 17:13:35,947 - new_apply_order.py[line:712]: {'app': 'pcamion', 'loan_order_id': '1442779455634935808', 'mobile': '3632820401', 'order_status': 35}
INFO - 2021-09-28 17:13:36,453 - new_apply_order.py[line:815]: 校验重试查询第5次
INFO - 2021-09-28 17:13:37,468 - new_apply_order.py[line:709]: 放款完成或准备成功,目前的订单状态是40
INFO - 2021-09-28 17:13:37,468 - new_apply_order.py[line:712]: {'app': 'pcamion', 'loan_order_id': '1442779455634935808', 'mobile': '3632820401', 'order_status': 40}
INFO - 2021-09-28 17:13:37,469 - new_apply_order.py[line:832]: ===========完成第【10】次进件===========
INFO - 2021-09-28 17:13:37,469 - new_apply_order.py[line:792]: 开始第 pcamion【11】次进件……
INFO - 2021-09-28 17:13:37,470 - new_apply_order.py[line:82]: ======【co测试环境】生成手机号：3632820417 ======
INFO - 2021-09-28 17:13:37,834 - new_apply_order.py[line:95]: 3632820417 检测用户存在成功！
INFO - 2021-09-28 17:13:37,906 - new_apply_order.py[line:104]: 3632820417 短信发送成功！
INFO - 2021-09-28 17:13:37,957 - new_apply_order.py[line:117]: 3632820417 注册成功！
INFO - 2021-09-28 17:13:38,034 - new_apply_order.py[line:133]: 3632820417 登录短信发送成功！
INFO - 2021-09-28 17:13:38,093 - new_apply_order.py[line:143]: userId=4955877764331085824,mobile=3632820417,token=b98777017021cb6456827e5453daf8ab 登录成功
INFO - 2021-09-28 17:13:38,198 - new_apply_order.py[line:205]: 个人信息提交成功！
INFO - 2021-09-28 17:13:38,468 - new_apply_order.py[line:238]: 创建预审订单成功！
INFO - 2021-09-28 17:13:38,486 - new_apply_order.py[line:246]: 预审状态修改为通过,更新条数 1
INFO - 2021-09-28 17:13:38,514 - new_apply_order.py[line:249]: 更新初始额度！更新条数 1
INFO - 2021-09-28 17:13:38,829 - new_apply_order.py[line:266]: 活体图片上传成功！回写配置文件global_param.mp4_url
INFO - 2021-09-28 17:13:38,882 - new_apply_order.py[line:276]: 视频认证通过！
INFO - 2021-09-28 17:13:40,027 - new_apply_order.py[line:364]: curp上传成功!
INFO - 2021-09-28 17:13:40,146 - new_apply_order.py[line:373]: curp_rfc校验通过！
INFO - 2021-09-28 17:13:40,759 - new_apply_order.py[line:509]: 不绑卡成功跳过！
INFO - 2021-09-28 17:13:40,950 - new_apply_order.py[line:522]: 进件成功！执行sql将订单改为风控中……
INFO - 2021-09-28 17:13:41,985 - new_apply_order.py[line:528]: 订单表更新1条，信审更新1条
INFO - 2021-09-28 17:13:42,537 - new_apply_order.py[line:542]: 查询loan_order_id成功！
INFO - 2021-09-28 17:13:42,586 - new_apply_order.py[line:557]: 订单回调复审通过成功！
INFO - 2021-09-28 17:13:43,364 - new_apply_order.py[line:579]: 获取token成功！token=bearer 865c2336-1deb-4ab5-a340-be6a1b6488ee！
INFO - 2021-09-28 17:13:43,918 - new_apply_order.py[line:542]: 查询loan_order_id成功！
INFO - 2021-09-28 17:13:44,239 - new_apply_order.py[line:597]: 后台已触发放款成功！
INFO - 2021-09-28 17:13:44,245 - new_apply_order.py[line:611]: xxl_job web 登录成功！
INFO - 2021-09-28 17:13:44,253 - new_apply_order.py[line:627]: xxl_job 放款准备作业执行成功！
INFO - 2021-09-28 17:13:45,795 - new_apply_order.py[line:542]: 查询loan_order_id成功！
INFO - 2021-09-28 17:13:45,810 - new_apply_order.py[line:635]: 修改放款准备完成时间成功！
INFO - 2021-09-28 17:13:45,815 - new_apply_order.py[line:643]: xxl_job 放款完成作业执行成功！
INFO - 2021-09-28 17:13:46,121 - new_apply_order.py[line:815]: 校验重试查询第1次
ERROR - 2021-09-28 17:13:47,136 - new_apply_order.py[line:711]: 放款完成或准备失败,目前的订单状态是35
INFO - 2021-09-28 17:13:47,136 - new_apply_order.py[line:712]: {'app': 'pcamion', 'loan_order_id': '1442779522123042816', 'mobile': '3632820417', 'order_status': 35}
INFO - 2021-09-28 17:13:47,640 - new_apply_order.py[line:815]: 校验重试查询第2次
ERROR - 2021-09-28 17:13:48,653 - new_apply_order.py[line:711]: 放款完成或准备失败,目前的订单状态是35
INFO - 2021-09-28 17:13:48,654 - new_apply_order.py[line:712]: {'app': 'pcamion', 'loan_order_id': '1442779522123042816', 'mobile': '3632820417', 'order_status': 35}
INFO - 2021-09-28 17:13:49,160 - new_apply_order.py[line:815]: 校验重试查询第3次
ERROR - 2021-09-28 17:13:50,176 - new_apply_order.py[line:711]: 放款完成或准备失败,目前的订单状态是35
INFO - 2021-09-28 17:13:50,176 - new_apply_order.py[line:712]: {'app': 'pcamion', 'loan_order_id': '1442779522123042816', 'mobile': '3632820417', 'order_status': 35}
INFO - 2021-09-28 17:13:50,680 - new_apply_order.py[line:815]: 校验重试查询第4次
ERROR - 2021-09-28 17:13:51,693 - new_apply_order.py[line:711]: 放款完成或准备失败,目前的订单状态是35
INFO - 2021-09-28 17:13:51,694 - new_apply_order.py[line:712]: {'app': 'pcamion', 'loan_order_id': '1442779522123042816', 'mobile': '3632820417', 'order_status': 35}
INFO - 2021-09-28 17:13:52,198 - new_apply_order.py[line:815]: 校验重试查询第5次
INFO - 2021-09-28 17:13:53,220 - new_apply_order.py[line:709]: 放款完成或准备成功,目前的订单状态是40
INFO - 2021-09-28 17:13:53,221 - new_apply_order.py[line:712]: {'app': 'pcamion', 'loan_order_id': '1442779522123042816', 'mobile': '3632820417', 'order_status': 40}
INFO - 2021-09-28 17:13:53,221 - new_apply_order.py[line:832]: ===========完成第【11】次进件===========
INFO - 2021-09-28 17:13:53,221 - new_apply_order.py[line:792]: 开始第 pcamion【12】次进件……
INFO - 2021-09-28 17:13:53,222 - new_apply_order.py[line:82]: ======【co测试环境】生成手机号：3632820433 ======
INFO - 2021-09-28 17:13:53,577 - new_apply_order.py[line:95]: 3632820433 检测用户存在成功！
INFO - 2021-09-28 17:13:53,647 - new_apply_order.py[line:104]: 3632820433 短信发送成功！
INFO - 2021-09-28 17:13:53,699 - new_apply_order.py[line:117]: 3632820433 注册成功！
INFO - 2021-09-28 17:13:53,789 - new_apply_order.py[line:133]: 3632820433 登录短信发送成功！
INFO - 2021-09-28 17:13:53,845 - new_apply_order.py[line:143]: userId=4955877830357819392,mobile=3632820433,token=10b6b2677061cc9cfed7b6c06ebab986 登录成功
INFO - 2021-09-28 17:13:53,943 - new_apply_order.py[line:205]: 个人信息提交成功！
INFO - 2021-09-28 17:13:54,190 - new_apply_order.py[line:238]: 创建预审订单成功！
INFO - 2021-09-28 17:13:54,206 - new_apply_order.py[line:246]: 预审状态修改为通过,更新条数 1
INFO - 2021-09-28 17:13:54,233 - new_apply_order.py[line:249]: 更新初始额度！更新条数 1
INFO - 2021-09-28 17:13:54,519 - new_apply_order.py[line:266]: 活体图片上传成功！回写配置文件global_param.mp4_url
INFO - 2021-09-28 17:13:54,572 - new_apply_order.py[line:276]: 视频认证通过！
INFO - 2021-09-28 17:13:55,731 - new_apply_order.py[line:364]: curp上传成功!
INFO - 2021-09-28 17:13:55,832 - new_apply_order.py[line:373]: curp_rfc校验通过！
INFO - 2021-09-28 17:13:56,414 - new_apply_order.py[line:509]: 不绑卡成功跳过！
INFO - 2021-09-28 17:13:56,671 - new_apply_order.py[line:522]: 进件成功！执行sql将订单改为风控中……
INFO - 2021-09-28 17:13:57,713 - new_apply_order.py[line:528]: 订单表更新1条，信审更新1条
INFO - 2021-09-28 17:13:58,279 - new_apply_order.py[line:542]: 查询loan_order_id成功！
INFO - 2021-09-28 17:13:58,325 - new_apply_order.py[line:557]: 订单回调复审通过成功！
INFO - 2021-09-28 17:14:05,127 - new_apply_order.py[line:579]: 获取token成功！token=bearer 865c2336-1deb-4ab5-a340-be6a1b6488ee！
INFO - 2021-09-28 17:14:05,735 - new_apply_order.py[line:542]: 查询loan_order_id成功！
INFO - 2021-09-28 17:14:06,086 - new_apply_order.py[line:597]: 后台已触发放款成功！
INFO - 2021-09-28 17:14:06,098 - new_apply_order.py[line:611]: xxl_job web 登录成功！
INFO - 2021-09-28 17:14:06,109 - new_apply_order.py[line:627]: xxl_job 放款准备作业执行成功！
INFO - 2021-09-28 17:14:07,647 - new_apply_order.py[line:542]: 查询loan_order_id成功！
INFO - 2021-09-28 17:14:07,660 - new_apply_order.py[line:635]: 修改放款准备完成时间成功！
INFO - 2021-09-28 17:14:07,667 - new_apply_order.py[line:643]: xxl_job 放款完成作业执行成功！
INFO - 2021-09-28 17:14:07,969 - new_apply_order.py[line:815]: 校验重试查询第1次
ERROR - 2021-09-28 17:14:08,978 - new_apply_order.py[line:711]: 放款完成或准备失败,目前的订单状态是35
INFO - 2021-09-28 17:14:08,978 - new_apply_order.py[line:712]: {'app': 'pcamion', 'loan_order_id': '1442779588015558656', 'mobile': '3632820433', 'order_status': 35}
INFO - 2021-09-28 17:14:09,484 - new_apply_order.py[line:815]: 校验重试查询第2次
ERROR - 2021-09-28 17:14:10,503 - new_apply_order.py[line:711]: 放款完成或准备失败,目前的订单状态是35
INFO - 2021-09-28 17:14:10,504 - new_apply_order.py[line:712]: {'app': 'pcamion', 'loan_order_id': '1442779588015558656', 'mobile': '3632820433', 'order_status': 35}
INFO - 2021-09-28 17:14:11,010 - new_apply_order.py[line:815]: 校验重试查询第3次
ERROR - 2021-09-28 17:14:12,024 - new_apply_order.py[line:711]: 放款完成或准备失败,目前的订单状态是35
INFO - 2021-09-28 17:14:12,024 - new_apply_order.py[line:712]: {'app': 'pcamion', 'loan_order_id': '1442779588015558656', 'mobile': '3632820433', 'order_status': 35}
INFO - 2021-09-28 17:14:12,531 - new_apply_order.py[line:815]: 校验重试查询第4次
ERROR - 2021-09-28 17:14:13,542 - new_apply_order.py[line:711]: 放款完成或准备失败,目前的订单状态是35
INFO - 2021-09-28 17:14:13,543 - new_apply_order.py[line:712]: {'app': 'pcamion', 'loan_order_id': '1442779588015558656', 'mobile': '3632820433', 'order_status': 35}
INFO - 2021-09-28 17:14:14,048 - new_apply_order.py[line:815]: 校验重试查询第5次
INFO - 2021-09-28 17:14:15,060 - new_apply_order.py[line:709]: 放款完成或准备成功,目前的订单状态是40
INFO - 2021-09-28 17:14:15,061 - new_apply_order.py[line:712]: {'app': 'pcamion', 'loan_order_id': '1442779588015558656', 'mobile': '3632820433', 'order_status': 40}
INFO - 2021-09-28 17:14:15,061 - new_apply_order.py[line:832]: ===========完成第【12】次进件===========
INFO - 2021-09-28 17:14:15,061 - new_apply_order.py[line:792]: 开始第 pcamion【13】次进件……
INFO - 2021-09-28 17:14:15,062 - new_apply_order.py[line:82]: ======【co测试环境】生成手机号：3632820455 ======
INFO - 2021-09-28 17:14:15,415 - new_apply_order.py[line:95]: 3632820455 检测用户存在成功！
INFO - 2021-09-28 17:14:15,489 - new_apply_order.py[line:104]: 3632820455 短信发送成功！
INFO - 2021-09-28 17:14:15,541 - new_apply_order.py[line:117]: 3632820455 注册成功！
INFO - 2021-09-28 17:14:15,619 - new_apply_order.py[line:133]: 3632820455 登录短信发送成功！
INFO - 2021-09-28 17:14:15,675 - new_apply_order.py[line:143]: userId=4955877921965613056,mobile=3632820455,token=fb1638d750ac646d7e7f5fc6eb1ccdf4 登录成功
INFO - 2021-09-28 17:14:15,769 - new_apply_order.py[line:205]: 个人信息提交成功！
INFO - 2021-09-28 17:14:16,027 - new_apply_order.py[line:238]: 创建预审订单成功！
INFO - 2021-09-28 17:14:16,044 - new_apply_order.py[line:246]: 预审状态修改为通过,更新条数 1
INFO - 2021-09-28 17:14:16,058 - new_apply_order.py[line:249]: 更新初始额度！更新条数 1
INFO - 2021-09-28 17:14:16,323 - new_apply_order.py[line:266]: 活体图片上传成功！回写配置文件global_param.mp4_url
INFO - 2021-09-28 17:14:16,376 - new_apply_order.py[line:276]: 视频认证通过！
INFO - 2021-09-28 17:14:17,496 - new_apply_order.py[line:364]: curp上传成功!
INFO - 2021-09-28 17:14:17,598 - new_apply_order.py[line:373]: curp_rfc校验通过！
INFO - 2021-09-28 17:14:18,174 - new_apply_order.py[line:509]: 不绑卡成功跳过！
INFO - 2021-09-28 17:14:18,349 - new_apply_order.py[line:522]: 进件成功！执行sql将订单改为风控中……
INFO - 2021-09-28 17:14:19,384 - new_apply_order.py[line:528]: 订单表更新1条，信审更新1条
INFO - 2021-09-28 17:14:19,925 - new_apply_order.py[line:542]: 查询loan_order_id成功！
INFO - 2021-09-28 17:14:19,976 - new_apply_order.py[line:557]: 订单回调复审通过成功！
INFO - 2021-09-28 17:14:20,731 - new_apply_order.py[line:579]: 获取token成功！token=bearer 865c2336-1deb-4ab5-a340-be6a1b6488ee！
INFO - 2021-09-28 17:14:21,287 - new_apply_order.py[line:542]: 查询loan_order_id成功！
INFO - 2021-09-28 17:14:21,613 - new_apply_order.py[line:597]: 后台已触发放款成功！
INFO - 2021-09-28 17:14:21,627 - new_apply_order.py[line:611]: xxl_job web 登录成功！
INFO - 2021-09-28 17:14:21,636 - new_apply_order.py[line:627]: xxl_job 放款准备作业执行成功！
INFO - 2021-09-28 17:14:23,222 - new_apply_order.py[line:542]: 查询loan_order_id成功！
INFO - 2021-09-28 17:14:23,235 - new_apply_order.py[line:635]: 修改放款准备完成时间成功！
INFO - 2021-09-28 17:14:23,241 - new_apply_order.py[line:643]: xxl_job 放款完成作业执行成功！
INFO - 2021-09-28 17:14:23,547 - new_apply_order.py[line:815]: 校验重试查询第1次
ERROR - 2021-09-28 17:14:24,553 - new_apply_order.py[line:711]: 放款完成或准备失败,目前的订单状态是35
INFO - 2021-09-28 17:14:24,553 - new_apply_order.py[line:712]: {'app': 'pcamion', 'loan_order_id': '1442779679690461184', 'mobile': '3632820455', 'order_status': 35}
INFO - 2021-09-28 17:14:25,059 - new_apply_order.py[line:815]: 校验重试查询第2次
ERROR - 2021-09-28 17:14:26,071 - new_apply_order.py[line:711]: 放款完成或准备失败,目前的订单状态是35
INFO - 2021-09-28 17:14:26,071 - new_apply_order.py[line:712]: {'app': 'pcamion', 'loan_order_id': '1442779679690461184', 'mobile': '3632820455', 'order_status': 35}
INFO - 2021-09-28 17:14:26,575 - new_apply_order.py[line:815]: 校验重试查询第3次
ERROR - 2021-09-28 17:14:27,588 - new_apply_order.py[line:711]: 放款完成或准备失败,目前的订单状态是35
INFO - 2021-09-28 17:14:27,589 - new_apply_order.py[line:712]: {'app': 'pcamion', 'loan_order_id': '1442779679690461184', 'mobile': '3632820455', 'order_status': 35}
INFO - 2021-09-28 17:14:28,092 - new_apply_order.py[line:815]: 校验重试查询第4次
ERROR - 2021-09-28 17:14:29,105 - new_apply_order.py[line:711]: 放款完成或准备失败,目前的订单状态是35
INFO - 2021-09-28 17:14:29,105 - new_apply_order.py[line:712]: {'app': 'pcamion', 'loan_order_id': '1442779679690461184', 'mobile': '3632820455', 'order_status': 35}
INFO - 2021-09-28 17:14:29,613 - new_apply_order.py[line:815]: 校验重试查询第5次
INFO - 2021-09-28 17:14:30,628 - new_apply_order.py[line:709]: 放款完成或准备成功,目前的订单状态是40
INFO - 2021-09-28 17:14:30,629 - new_apply_order.py[line:712]: {'app': 'pcamion', 'loan_order_id': '1442779679690461184', 'mobile': '3632820455', 'order_status': 40}
INFO - 2021-09-28 17:14:30,629 - new_apply_order.py[line:832]: ===========完成第【13】次进件===========
INFO - 2021-09-28 17:14:30,630 - new_apply_order.py[line:792]: 开始第 pcamion【14】次进件……
INFO - 2021-09-28 17:14:30,630 - new_apply_order.py[line:82]: ======【co测试环境】生成手机号：3632820470 ======
INFO - 2021-09-28 17:14:30,976 - new_apply_order.py[line:95]: 3632820470 检测用户存在成功！
INFO - 2021-09-28 17:14:31,049 - new_apply_order.py[line:104]: 3632820470 短信发送成功！
INFO - 2021-09-28 17:14:31,099 - new_apply_order.py[line:117]: 3632820470 注册成功！
INFO - 2021-09-28 17:14:31,174 - new_apply_order.py[line:133]: 3632820470 登录短信发送成功！
INFO - 2021-09-28 17:14:31,229 - new_apply_order.py[line:143]: userId=4955877987220594688,mobile=3632820470,token=859de90ddc448b5611c5ba4bf4e0d8df 登录成功
INFO - 2021-09-28 17:14:31,323 - new_apply_order.py[line:205]: 个人信息提交成功！
INFO - 2021-09-28 17:14:31,605 - new_apply_order.py[line:238]: 创建预审订单成功！
INFO - 2021-09-28 17:14:31,621 - new_apply_order.py[line:246]: 预审状态修改为通过,更新条数 1
INFO - 2021-09-28 17:14:31,641 - new_apply_order.py[line:249]: 更新初始额度！更新条数 1
INFO - 2021-09-28 17:14:31,931 - new_apply_order.py[line:266]: 活体图片上传成功！回写配置文件global_param.mp4_url
INFO - 2021-09-28 17:14:31,986 - new_apply_order.py[line:276]: 视频认证通过！
INFO - 2021-09-28 17:14:33,093 - new_apply_order.py[line:364]: curp上传成功!
INFO - 2021-09-28 17:14:33,188 - new_apply_order.py[line:373]: curp_rfc校验通过！
INFO - 2021-09-28 17:14:33,723 - new_apply_order.py[line:509]: 不绑卡成功跳过！
INFO - 2021-09-28 17:14:33,920 - new_apply_order.py[line:522]: 进件成功！执行sql将订单改为风控中……
INFO - 2021-09-28 17:14:34,960 - new_apply_order.py[line:528]: 订单表更新1条，信审更新1条
INFO - 2021-09-28 17:14:35,527 - new_apply_order.py[line:542]: 查询loan_order_id成功！
INFO - 2021-09-28 17:14:35,571 - new_apply_order.py[line:557]: 订单回调复审通过成功！
INFO - 2021-09-28 17:14:36,345 - new_apply_order.py[line:579]: 获取token成功！token=bearer 865c2336-1deb-4ab5-a340-be6a1b6488ee！
INFO - 2021-09-28 17:14:36,898 - new_apply_order.py[line:542]: 查询loan_order_id成功！
INFO - 2021-09-28 17:14:37,233 - new_apply_order.py[line:597]: 后台已触发放款成功！
INFO - 2021-09-28 17:14:37,244 - new_apply_order.py[line:611]: xxl_job web 登录成功！
INFO - 2021-09-28 17:14:37,254 - new_apply_order.py[line:627]: xxl_job 放款准备作业执行成功！
INFO - 2021-09-28 17:14:38,796 - new_apply_order.py[line:542]: 查询loan_order_id成功！
INFO - 2021-09-28 17:14:38,813 - new_apply_order.py[line:635]: 修改放款准备完成时间成功！
INFO - 2021-09-28 17:14:38,819 - new_apply_order.py[line:643]: xxl_job 放款完成作业执行成功！
INFO - 2021-09-28 17:14:39,124 - new_apply_order.py[line:815]: 校验重试查询第1次
ERROR - 2021-09-28 17:14:40,134 - new_apply_order.py[line:711]: 放款完成或准备失败,目前的订单状态是35
INFO - 2021-09-28 17:14:40,134 - new_apply_order.py[line:712]: {'app': 'pcamion', 'loan_order_id': '1442779744836390912', 'mobile': '3632820470', 'order_status': 35}
INFO - 2021-09-28 17:14:40,640 - new_apply_order.py[line:815]: 校验重试查询第2次
ERROR - 2021-09-28 17:14:41,653 - new_apply_order.py[line:711]: 放款完成或准备失败,目前的订单状态是35
INFO - 2021-09-28 17:14:41,653 - new_apply_order.py[line:712]: {'app': 'pcamion', 'loan_order_id': '1442779744836390912', 'mobile': '3632820470', 'order_status': 35}
INFO - 2021-09-28 17:14:42,160 - new_apply_order.py[line:815]: 校验重试查询第3次
ERROR - 2021-09-28 17:14:43,170 - new_apply_order.py[line:711]: 放款完成或准备失败,目前的订单状态是35
INFO - 2021-09-28 17:14:43,170 - new_apply_order.py[line:712]: {'app': 'pcamion', 'loan_order_id': '1442779744836390912', 'mobile': '3632820470', 'order_status': 35}
INFO - 2021-09-28 17:14:43,674 - new_apply_order.py[line:815]: 校验重试查询第4次
ERROR - 2021-09-28 17:14:44,689 - new_apply_order.py[line:711]: 放款完成或准备失败,目前的订单状态是35
INFO - 2021-09-28 17:14:44,689 - new_apply_order.py[line:712]: {'app': 'pcamion', 'loan_order_id': '1442779744836390912', 'mobile': '3632820470', 'order_status': 35}
INFO - 2021-09-28 17:14:45,196 - new_apply_order.py[line:815]: 校验重试查询第5次
INFO - 2021-09-28 17:14:46,210 - new_apply_order.py[line:709]: 放款完成或准备成功,目前的订单状态是40
INFO - 2021-09-28 17:14:46,210 - new_apply_order.py[line:712]: {'app': 'pcamion', 'loan_order_id': '1442779744836390912', 'mobile': '3632820470', 'order_status': 40}
INFO - 2021-09-28 17:14:46,211 - new_apply_order.py[line:832]: ===========完成第【14】次进件===========
INFO - 2021-09-28 17:14:46,211 - new_apply_order.py[line:792]: 开始第 pcamion【15】次进件……
INFO - 2021-09-28 17:14:46,212 - new_apply_order.py[line:82]: ======【co测试环境】生成手机号：3632820486 ======
INFO - 2021-09-28 17:14:46,561 - new_apply_order.py[line:95]: 3632820486 检测用户存在成功！
INFO - 2021-09-28 17:14:46,664 - new_apply_order.py[line:104]: 3632820486 短信发送成功！
INFO - 2021-09-28 17:14:46,719 - new_apply_order.py[line:117]: 3632820486 注册成功！
INFO - 2021-09-28 17:14:46,791 - new_apply_order.py[line:133]: 3632820486 登录短信发送成功！
INFO - 2021-09-28 17:14:46,845 - new_apply_order.py[line:143]: userId=4955878052710457344,mobile=3632820486,token=d73d12e64fb4e89a1c409d53f89702a2 登录成功
INFO - 2021-09-28 17:14:46,949 - new_apply_order.py[line:205]: 个人信息提交成功！
INFO - 2021-09-28 17:14:47,227 - new_apply_order.py[line:238]: 创建预审订单成功！
INFO - 2021-09-28 17:14:47,249 - new_apply_order.py[line:246]: 预审状态修改为通过,更新条数 1
INFO - 2021-09-28 17:14:47,268 - new_apply_order.py[line:249]: 更新初始额度！更新条数 1
INFO - 2021-09-28 17:14:47,552 - new_apply_order.py[line:266]: 活体图片上传成功！回写配置文件global_param.mp4_url
INFO - 2021-09-28 17:14:47,604 - new_apply_order.py[line:276]: 视频认证通过！
INFO - 2021-09-28 17:14:48,768 - new_apply_order.py[line:364]: curp上传成功!
INFO - 2021-09-28 17:14:48,884 - new_apply_order.py[line:373]: curp_rfc校验通过！
INFO - 2021-09-28 17:14:49,457 - new_apply_order.py[line:509]: 不绑卡成功跳过！
INFO - 2021-09-28 17:14:49,638 - new_apply_order.py[line:522]: 进件成功！执行sql将订单改为风控中……
INFO - 2021-09-28 17:14:50,679 - new_apply_order.py[line:528]: 订单表更新1条，信审更新1条
INFO - 2021-09-28 17:14:51,259 - new_apply_order.py[line:542]: 查询loan_order_id成功！
INFO - 2021-09-28 17:14:51,303 - new_apply_order.py[line:557]: 订单回调复审通过成功！
INFO - 2021-09-28 17:14:58,115 - new_apply_order.py[line:579]: 获取token成功！token=bearer 865c2336-1deb-4ab5-a340-be6a1b6488ee！
INFO - 2021-09-28 17:14:58,665 - new_apply_order.py[line:542]: 查询loan_order_id成功！
INFO - 2021-09-28 17:14:58,973 - new_apply_order.py[line:597]: 后台已触发放款成功！
INFO - 2021-09-28 17:14:58,984 - new_apply_order.py[line:611]: xxl_job web 登录成功！
INFO - 2021-09-28 17:14:58,995 - new_apply_order.py[line:627]: xxl_job 放款准备作业执行成功！
INFO - 2021-09-28 17:15:00,589 - new_apply_order.py[line:542]: 查询loan_order_id成功！
INFO - 2021-09-28 17:15:00,607 - new_apply_order.py[line:635]: 修改放款准备完成时间成功！
INFO - 2021-09-28 17:15:00,616 - new_apply_order.py[line:643]: xxl_job 放款完成作业执行成功！
INFO - 2021-09-28 17:15:00,922 - new_apply_order.py[line:815]: 校验重试查询第1次
ERROR - 2021-09-28 17:15:01,936 - new_apply_order.py[line:711]: 放款完成或准备失败,目前的订单状态是35
INFO - 2021-09-28 17:15:01,937 - new_apply_order.py[line:712]: {'app': 'pcamion', 'loan_order_id': '1442779810439499776', 'mobile': '3632820486', 'order_status': 35}
INFO - 2021-09-28 17:15:02,442 - new_apply_order.py[line:815]: 校验重试查询第2次
ERROR - 2021-09-28 17:15:03,451 - new_apply_order.py[line:711]: 放款完成或准备失败,目前的订单状态是35
INFO - 2021-09-28 17:15:03,452 - new_apply_order.py[line:712]: {'app': 'pcamion', 'loan_order_id': '1442779810439499776', 'mobile': '3632820486', 'order_status': 35}
INFO - 2021-09-28 17:15:03,957 - new_apply_order.py[line:815]: 校验重试查询第3次
ERROR - 2021-09-28 17:15:04,972 - new_apply_order.py[line:711]: 放款完成或准备失败,目前的订单状态是35
INFO - 2021-09-28 17:15:04,972 - new_apply_order.py[line:712]: {'app': 'pcamion', 'loan_order_id': '1442779810439499776', 'mobile': '3632820486', 'order_status': 35}
INFO - 2021-09-28 17:15:05,478 - new_apply_order.py[line:815]: 校验重试查询第4次
ERROR - 2021-09-28 17:15:06,491 - new_apply_order.py[line:711]: 放款完成或准备失败,目前的订单状态是35
INFO - 2021-09-28 17:15:06,492 - new_apply_order.py[line:712]: {'app': 'pcamion', 'loan_order_id': '1442779810439499776', 'mobile': '3632820486', 'order_status': 35}
INFO - 2021-09-28 17:15:06,995 - new_apply_order.py[line:815]: 校验重试查询第5次
INFO - 2021-09-28 17:15:08,008 - new_apply_order.py[line:709]: 放款完成或准备成功,目前的订单状态是40
INFO - 2021-09-28 17:15:08,008 - new_apply_order.py[line:712]: {'app': 'pcamion', 'loan_order_id': '1442779810439499776', 'mobile': '3632820486', 'order_status': 40}
INFO - 2021-09-28 17:15:08,008 - new_apply_order.py[line:832]: ===========完成第【15】次进件===========
INFO - 2021-09-28 17:15:08,008 - new_apply_order.py[line:792]: 开始第 pcamion【16】次进件……
INFO - 2021-09-28 17:15:08,009 - new_apply_order.py[line:82]: ======【co测试环境】生成手机号：3632820508 ======
INFO - 2021-09-28 17:15:08,379 - new_apply_order.py[line:95]: 3632820508 检测用户存在成功！
INFO - 2021-09-28 17:15:08,447 - new_apply_order.py[line:104]: 3632820508 短信发送成功！
INFO - 2021-09-28 17:15:08,495 - new_apply_order.py[line:117]: 3632820508 注册成功！
INFO - 2021-09-28 17:15:08,560 - new_apply_order.py[line:133]: 3632820508 登录短信发送成功！
INFO - 2021-09-28 17:15:08,611 - new_apply_order.py[line:143]: userId=4955878144066592768,mobile=3632820508,token=3b183ec2c9e278f2c6e0696fa7ff715a 登录成功
INFO - 2021-09-28 17:15:08,706 - new_apply_order.py[line:205]: 个人信息提交成功！
INFO - 2021-09-28 17:15:08,942 - new_apply_order.py[line:238]: 创建预审订单成功！
INFO - 2021-09-28 17:15:08,964 - new_apply_order.py[line:246]: 预审状态修改为通过,更新条数 1
INFO - 2021-09-28 17:15:08,985 - new_apply_order.py[line:249]: 更新初始额度！更新条数 1
INFO - 2021-09-28 17:15:09,297 - new_apply_order.py[line:266]: 活体图片上传成功！回写配置文件global_param.mp4_url
INFO - 2021-09-28 17:15:09,345 - new_apply_order.py[line:276]: 视频认证通过！
INFO - 2021-09-28 17:15:10,426 - new_apply_order.py[line:364]: curp上传成功!
INFO - 2021-09-28 17:15:10,531 - new_apply_order.py[line:373]: curp_rfc校验通过！
INFO - 2021-09-28 17:15:11,081 - new_apply_order.py[line:509]: 不绑卡成功跳过！
INFO - 2021-09-28 17:15:11,275 - new_apply_order.py[line:522]: 进件成功！执行sql将订单改为风控中……
INFO - 2021-09-28 17:15:12,306 - new_apply_order.py[line:528]: 订单表更新1条，信审更新1条
INFO - 2021-09-28 17:15:12,795 - new_apply_order.py[line:542]: 查询loan_order_id成功！
INFO - 2021-09-28 17:15:12,840 - new_apply_order.py[line:557]: 订单回调复审通过成功！
INFO - 2021-09-28 17:15:13,625 - new_apply_order.py[line:579]: 获取token成功！token=bearer 865c2336-1deb-4ab5-a340-be6a1b6488ee！
INFO - 2021-09-28 17:15:14,173 - new_apply_order.py[line:542]: 查询loan_order_id成功！
INFO - 2021-09-28 17:15:14,519 - new_apply_order.py[line:597]: 后台已触发放款成功！
INFO - 2021-09-28 17:15:14,525 - new_apply_order.py[line:611]: xxl_job web 登录成功！
INFO - 2021-09-28 17:15:14,533 - new_apply_order.py[line:627]: xxl_job 放款准备作业执行成功！
INFO - 2021-09-28 17:15:16,132 - new_apply_order.py[line:542]: 查询loan_order_id成功！
INFO - 2021-09-28 17:15:16,152 - new_apply_order.py[line:635]: 修改放款准备完成时间成功！
INFO - 2021-09-28 17:15:16,157 - new_apply_order.py[line:643]: xxl_job 放款完成作业执行成功！
INFO - 2021-09-28 17:15:16,462 - new_apply_order.py[line:815]: 校验重试查询第1次
ERROR - 2021-09-28 17:15:17,476 - new_apply_order.py[line:711]: 放款完成或准备失败,目前的订单状态是35
INFO - 2021-09-28 17:15:17,477 - new_apply_order.py[line:712]: {'app': 'pcamion', 'loan_order_id': '1442779901653028864', 'mobile': '3632820508', 'order_status': 35}
INFO - 2021-09-28 17:15:17,983 - new_apply_order.py[line:815]: 校验重试查询第2次
ERROR - 2021-09-28 17:15:18,993 - new_apply_order.py[line:711]: 放款完成或准备失败,目前的订单状态是35
INFO - 2021-09-28 17:15:18,994 - new_apply_order.py[line:712]: {'app': 'pcamion', 'loan_order_id': '1442779901653028864', 'mobile': '3632820508', 'order_status': 35}
INFO - 2021-09-28 17:15:19,498 - new_apply_order.py[line:815]: 校验重试查询第3次
ERROR - 2021-09-28 17:15:20,509 - new_apply_order.py[line:711]: 放款完成或准备失败,目前的订单状态是35
INFO - 2021-09-28 17:15:20,509 - new_apply_order.py[line:712]: {'app': 'pcamion', 'loan_order_id': '1442779901653028864', 'mobile': '3632820508', 'order_status': 35}
INFO - 2021-09-28 17:15:21,014 - new_apply_order.py[line:815]: 校验重试查询第4次
INFO - 2021-09-28 17:15:22,025 - new_apply_order.py[line:709]: 放款完成或准备成功,目前的订单状态是40
INFO - 2021-09-28 17:15:22,026 - new_apply_order.py[line:712]: {'app': 'pcamion', 'loan_order_id': '1442779901653028864', 'mobile': '3632820508', 'order_status': 40}
INFO - 2021-09-28 17:15:22,028 - new_apply_order.py[line:832]: ===========完成第【16】次进件===========
INFO - 2021-09-28 17:15:22,028 - new_apply_order.py[line:792]: 开始第 pcamion【17】次进件……
INFO - 2021-09-28 17:15:22,029 - new_apply_order.py[line:82]: ======【co测试环境】生成手机号：3632820522 ======
INFO - 2021-09-28 17:15:22,381 - new_apply_order.py[line:95]: 3632820522 检测用户存在成功！
INFO - 2021-09-28 17:15:22,447 - new_apply_order.py[line:104]: 3632820522 短信发送成功！
INFO - 2021-09-28 17:15:22,503 - new_apply_order.py[line:117]: 3632820522 注册成功！
INFO - 2021-09-28 17:15:22,579 - new_apply_order.py[line:133]: 3632820522 登录短信发送成功！
INFO - 2021-09-28 17:15:22,642 - new_apply_order.py[line:143]: userId=4955878202807820288,mobile=3632820522,token=348de717f247f3a3bc910c1060175723 登录成功
INFO - 2021-09-28 17:15:22,740 - new_apply_order.py[line:205]: 个人信息提交成功！
INFO - 2021-09-28 17:15:23,003 - new_apply_order.py[line:238]: 创建预审订单成功！
INFO - 2021-09-28 17:15:23,021 - new_apply_order.py[line:246]: 预审状态修改为通过,更新条数 1
INFO - 2021-09-28 17:15:23,036 - new_apply_order.py[line:249]: 更新初始额度！更新条数 1
INFO - 2021-09-28 17:15:23,306 - new_apply_order.py[line:266]: 活体图片上传成功！回写配置文件global_param.mp4_url
INFO - 2021-09-28 17:15:23,352 - new_apply_order.py[line:276]: 视频认证通过！
INFO - 2021-09-28 17:15:24,525 - new_apply_order.py[line:364]: curp上传成功!
INFO - 2021-09-28 17:15:24,642 - new_apply_order.py[line:373]: curp_rfc校验通过！
INFO - 2021-09-28 17:15:25,217 - new_apply_order.py[line:509]: 不绑卡成功跳过！
INFO - 2021-09-28 17:15:25,428 - new_apply_order.py[line:522]: 进件成功！执行sql将订单改为风控中……
INFO - 2021-09-28 17:15:26,472 - new_apply_order.py[line:528]: 订单表更新1条，信审更新1条
INFO - 2021-09-28 17:15:27,034 - new_apply_order.py[line:542]: 查询loan_order_id成功！
INFO - 2021-09-28 17:15:27,075 - new_apply_order.py[line:557]: 订单回调复审通过成功！
INFO - 2021-09-28 17:15:27,858 - new_apply_order.py[line:579]: 获取token成功！token=bearer 865c2336-1deb-4ab5-a340-be6a1b6488ee！
INFO - 2021-09-28 17:15:28,415 - new_apply_order.py[line:542]: 查询loan_order_id成功！
INFO - 2021-09-28 17:15:28,742 - new_apply_order.py[line:597]: 后台已触发放款成功！
INFO - 2021-09-28 17:15:28,752 - new_apply_order.py[line:611]: xxl_job web 登录成功！
INFO - 2021-09-28 17:15:28,763 - new_apply_order.py[line:627]: xxl_job 放款准备作业执行成功！
INFO - 2021-09-28 17:15:30,314 - new_apply_order.py[line:542]: 查询loan_order_id成功！
INFO - 2021-09-28 17:15:30,332 - new_apply_order.py[line:635]: 修改放款准备完成时间成功！
INFO - 2021-09-28 17:15:30,339 - new_apply_order.py[line:643]: xxl_job 放款完成作业执行成功！
INFO - 2021-09-28 17:15:30,644 - new_apply_order.py[line:815]: 校验重试查询第1次
ERROR - 2021-09-28 17:15:31,655 - new_apply_order.py[line:711]: 放款完成或准备失败,目前的订单状态是35
INFO - 2021-09-28 17:15:31,656 - new_apply_order.py[line:712]: {'app': 'pcamion', 'loan_order_id': '1442779960432005120', 'mobile': '3632820522', 'order_status': 35}
INFO - 2021-09-28 17:15:32,162 - new_apply_order.py[line:815]: 校验重试查询第2次
ERROR - 2021-09-28 17:15:33,174 - new_apply_order.py[line:711]: 放款完成或准备失败,目前的订单状态是35
INFO - 2021-09-28 17:15:33,174 - new_apply_order.py[line:712]: {'app': 'pcamion', 'loan_order_id': '1442779960432005120', 'mobile': '3632820522', 'order_status': 35}
INFO - 2021-09-28 17:15:33,677 - new_apply_order.py[line:815]: 校验重试查询第3次
ERROR - 2021-09-28 17:15:34,690 - new_apply_order.py[line:711]: 放款完成或准备失败,目前的订单状态是35
INFO - 2021-09-28 17:15:34,691 - new_apply_order.py[line:712]: {'app': 'pcamion', 'loan_order_id': '1442779960432005120', 'mobile': '3632820522', 'order_status': 35}
INFO - 2021-09-28 17:15:35,193 - new_apply_order.py[line:815]: 校验重试查询第4次
ERROR - 2021-09-28 17:15:36,209 - new_apply_order.py[line:711]: 放款完成或准备失败,目前的订单状态是35
INFO - 2021-09-28 17:15:36,209 - new_apply_order.py[line:712]: {'app': 'pcamion', 'loan_order_id': '1442779960432005120', 'mobile': '3632820522', 'order_status': 35}
INFO - 2021-09-28 17:15:36,714 - new_apply_order.py[line:815]: 校验重试查询第5次
INFO - 2021-09-28 17:15:37,726 - new_apply_order.py[line:709]: 放款完成或准备成功,目前的订单状态是40
INFO - 2021-09-28 17:15:37,726 - new_apply_order.py[line:712]: {'app': 'pcamion', 'loan_order_id': '1442779960432005120', 'mobile': '3632820522', 'order_status': 40}
INFO - 2021-09-28 17:15:37,726 - new_apply_order.py[line:832]: ===========完成第【17】次进件===========
INFO - 2021-09-28 17:15:37,727 - new_apply_order.py[line:792]: 开始第 pcamion【18】次进件……
INFO - 2021-09-28 17:15:37,727 - new_apply_order.py[line:82]: ======【co测试环境】生成手机号：3632820537 ======
INFO - 2021-09-28 17:15:38,081 - new_apply_order.py[line:95]: 3632820537 检测用户存在成功！
INFO - 2021-09-28 17:15:38,149 - new_apply_order.py[line:104]: 3632820537 短信发送成功！
INFO - 2021-09-28 17:15:38,196 - new_apply_order.py[line:117]: 3632820537 注册成功！
INFO - 2021-09-28 17:15:38,278 - new_apply_order.py[line:133]: 3632820537 登录短信发送成功！
INFO - 2021-09-28 17:15:38,336 - new_apply_order.py[line:143]: userId=4955878268641615872,mobile=3632820537,token=8c8200288854c28095c535bc0ec9be36 登录成功
INFO - 2021-09-28 17:15:38,442 - new_apply_order.py[line:205]: 个人信息提交成功！
INFO - 2021-09-28 17:15:38,696 - new_apply_order.py[line:238]: 创建预审订单成功！
INFO - 2021-09-28 17:15:38,717 - new_apply_order.py[line:246]: 预审状态修改为通过,更新条数 1
INFO - 2021-09-28 17:15:38,734 - new_apply_order.py[line:249]: 更新初始额度！更新条数 1
INFO - 2021-09-28 17:15:39,036 - new_apply_order.py[line:266]: 活体图片上传成功！回写配置文件global_param.mp4_url
INFO - 2021-09-28 17:15:39,096 - new_apply_order.py[line:276]: 视频认证通过！
INFO - 2021-09-28 17:15:40,273 - new_apply_order.py[line:364]: curp上传成功!
INFO - 2021-09-28 17:15:40,394 - new_apply_order.py[line:373]: curp_rfc校验通过！
INFO - 2021-09-28 17:15:40,965 - new_apply_order.py[line:509]: 不绑卡成功跳过！
INFO - 2021-09-28 17:15:41,174 - new_apply_order.py[line:522]: 进件成功！执行sql将订单改为风控中……
INFO - 2021-09-28 17:15:42,211 - new_apply_order.py[line:528]: 订单表更新1条，信审更新1条
INFO - 2021-09-28 17:15:42,777 - new_apply_order.py[line:542]: 查询loan_order_id成功！
INFO - 2021-09-28 17:15:42,820 - new_apply_order.py[line:557]: 订单回调复审通过成功！
INFO - 2021-09-28 17:15:43,605 - new_apply_order.py[line:579]: 获取token成功！token=bearer 865c2336-1deb-4ab5-a340-be6a1b6488ee！
INFO - 2021-09-28 17:15:44,160 - new_apply_order.py[line:542]: 查询loan_order_id成功！
INFO - 2021-09-28 17:15:44,495 - new_apply_order.py[line:597]: 后台已触发放款成功！
INFO - 2021-09-28 17:15:44,504 - new_apply_order.py[line:611]: xxl_job web 登录成功！
INFO - 2021-09-28 17:15:44,512 - new_apply_order.py[line:627]: xxl_job 放款准备作业执行成功！
INFO - 2021-09-28 17:15:46,055 - new_apply_order.py[line:542]: 查询loan_order_id成功！
INFO - 2021-09-28 17:15:46,072 - new_apply_order.py[line:635]: 修改放款准备完成时间成功！
INFO - 2021-09-28 17:15:46,082 - new_apply_order.py[line:643]: xxl_job 放款完成作业执行成功！
INFO - 2021-09-28 17:15:46,387 - new_apply_order.py[line:815]: 校验重试查询第1次
ERROR - 2021-09-28 17:15:47,396 - new_apply_order.py[line:711]: 放款完成或准备失败,目前的订单状态是35
INFO - 2021-09-28 17:15:47,397 - new_apply_order.py[line:712]: {'app': 'pcamion', 'loan_order_id': '1442780026420989952', 'mobile': '3632820537', 'order_status': 35}
INFO - 2021-09-28 17:15:47,904 - new_apply_order.py[line:815]: 校验重试查询第2次
ERROR - 2021-09-28 17:15:48,914 - new_apply_order.py[line:711]: 放款完成或准备失败,目前的订单状态是35
INFO - 2021-09-28 17:15:48,915 - new_apply_order.py[line:712]: {'app': 'pcamion', 'loan_order_id': '1442780026420989952', 'mobile': '3632820537', 'order_status': 35}
INFO - 2021-09-28 17:15:49,418 - new_apply_order.py[line:815]: 校验重试查询第3次
ERROR - 2021-09-28 17:15:50,428 - new_apply_order.py[line:711]: 放款完成或准备失败,目前的订单状态是35
INFO - 2021-09-28 17:15:50,428 - new_apply_order.py[line:712]: {'app': 'pcamion', 'loan_order_id': '1442780026420989952', 'mobile': '3632820537', 'order_status': 35}
INFO - 2021-09-28 17:15:50,932 - new_apply_order.py[line:815]: 校验重试查询第4次
ERROR - 2021-09-28 17:15:51,943 - new_apply_order.py[line:711]: 放款完成或准备失败,目前的订单状态是35
INFO - 2021-09-28 17:15:51,943 - new_apply_order.py[line:712]: {'app': 'pcamion', 'loan_order_id': '1442780026420989952', 'mobile': '3632820537', 'order_status': 35}
INFO - 2021-09-28 17:15:52,447 - new_apply_order.py[line:815]: 校验重试查询第5次
INFO - 2021-09-28 17:15:53,453 - new_apply_order.py[line:709]: 放款完成或准备成功,目前的订单状态是40
INFO - 2021-09-28 17:15:53,453 - new_apply_order.py[line:712]: {'app': 'pcamion', 'loan_order_id': '1442780026420989952', 'mobile': '3632820537', 'order_status': 40}
INFO - 2021-09-28 17:15:53,454 - new_apply_order.py[line:832]: ===========完成第【18】次进件===========
INFO - 2021-09-28 17:15:53,454 - new_apply_order.py[line:792]: 开始第 pcamion【19】次进件……
INFO - 2021-09-28 17:15:53,454 - new_apply_order.py[line:82]: ======【co测试环境】生成手机号：3632820553 ======
INFO - 2021-09-28 17:15:53,797 - new_apply_order.py[line:95]: 3632820553 检测用户存在成功！
INFO - 2021-09-28 17:15:53,855 - new_apply_order.py[line:104]: 3632820553 短信发送成功！
INFO - 2021-09-28 17:15:53,905 - new_apply_order.py[line:117]: 3632820553 注册成功！
INFO - 2021-09-28 17:15:54,005 - new_apply_order.py[line:133]: 3632820553 登录短信发送成功！
INFO - 2021-09-28 17:15:54,063 - new_apply_order.py[line:143]: userId=4955878334517354496,mobile=3632820553,token=7f39f579dcc659b8864705958488d478 登录成功
INFO - 2021-09-28 17:15:54,172 - new_apply_order.py[line:205]: 个人信息提交成功！
INFO - 2021-09-28 17:15:54,424 - new_apply_order.py[line:238]: 创建预审订单成功！
INFO - 2021-09-28 17:15:54,441 - new_apply_order.py[line:246]: 预审状态修改为通过,更新条数 1
INFO - 2021-09-28 17:15:54,457 - new_apply_order.py[line:249]: 更新初始额度！更新条数 1
INFO - 2021-09-28 17:15:54,706 - new_apply_order.py[line:266]: 活体图片上传成功！回写配置文件global_param.mp4_url
INFO - 2021-09-28 17:15:54,760 - new_apply_order.py[line:276]: 视频认证通过！
INFO - 2021-09-28 17:15:55,836 - new_apply_order.py[line:364]: curp上传成功!
INFO - 2021-09-28 17:15:55,946 - new_apply_order.py[line:373]: curp_rfc校验通过！
INFO - 2021-09-28 17:15:56,483 - new_apply_order.py[line:509]: 不绑卡成功跳过！
INFO - 2021-09-28 17:15:56,663 - new_apply_order.py[line:522]: 进件成功！执行sql将订单改为风控中……
INFO - 2021-09-28 17:15:57,697 - new_apply_order.py[line:528]: 订单表更新1条，信审更新1条
INFO - 2021-09-28 17:15:58,187 - new_apply_order.py[line:542]: 查询loan_order_id成功！
INFO - 2021-09-28 17:15:58,225 - new_apply_order.py[line:557]: 订单回调复审通过成功！
INFO - 2021-09-28 17:15:58,996 - new_apply_order.py[line:579]: 获取token成功！token=bearer 865c2336-1deb-4ab5-a340-be6a1b6488ee！
INFO - 2021-09-28 17:15:59,550 - new_apply_order.py[line:542]: 查询loan_order_id成功！
INFO - 2021-09-28 17:15:59,850 - new_apply_order.py[line:597]: 后台已触发放款成功！
INFO - 2021-09-28 17:15:59,857 - new_apply_order.py[line:611]: xxl_job web 登录成功！
INFO - 2021-09-28 17:15:59,865 - new_apply_order.py[line:627]: xxl_job 放款准备作业执行成功！
INFO - 2021-09-28 17:16:01,420 - new_apply_order.py[line:542]: 查询loan_order_id成功！
INFO - 2021-09-28 17:16:01,435 - new_apply_order.py[line:635]: 修改放款准备完成时间成功！
INFO - 2021-09-28 17:16:01,444 - new_apply_order.py[line:643]: xxl_job 放款完成作业执行成功！
INFO - 2021-09-28 17:16:01,748 - new_apply_order.py[line:815]: 校验重试查询第1次
ERROR - 2021-09-28 17:16:02,762 - new_apply_order.py[line:711]: 放款完成或准备失败,目前的订单状态是35
INFO - 2021-09-28 17:16:02,762 - new_apply_order.py[line:712]: {'app': 'pcamion', 'loan_order_id': '1442780092271562752', 'mobile': '3632820553', 'order_status': 35}
INFO - 2021-09-28 17:16:03,265 - new_apply_order.py[line:815]: 校验重试查询第2次
ERROR - 2021-09-28 17:16:04,273 - new_apply_order.py[line:711]: 放款完成或准备失败,目前的订单状态是35
INFO - 2021-09-28 17:16:04,274 - new_apply_order.py[line:712]: {'app': 'pcamion', 'loan_order_id': '1442780092271562752', 'mobile': '3632820553', 'order_status': 35}
INFO - 2021-09-28 17:16:04,780 - new_apply_order.py[line:815]: 校验重试查询第3次
ERROR - 2021-09-28 17:16:05,793 - new_apply_order.py[line:711]: 放款完成或准备失败,目前的订单状态是35
INFO - 2021-09-28 17:16:05,794 - new_apply_order.py[line:712]: {'app': 'pcamion', 'loan_order_id': '1442780092271562752', 'mobile': '3632820553', 'order_status': 35}
INFO - 2021-09-28 17:16:06,298 - new_apply_order.py[line:815]: 校验重试查询第4次
ERROR - 2021-09-28 17:16:07,308 - new_apply_order.py[line:711]: 放款完成或准备失败,目前的订单状态是35
INFO - 2021-09-28 17:16:07,309 - new_apply_order.py[line:712]: {'app': 'pcamion', 'loan_order_id': '1442780092271562752', 'mobile': '3632820553', 'order_status': 35}
INFO - 2021-09-28 17:16:07,815 - new_apply_order.py[line:815]: 校验重试查询第5次
INFO - 2021-09-28 17:16:08,825 - new_apply_order.py[line:709]: 放款完成或准备成功,目前的订单状态是40
INFO - 2021-09-28 17:16:08,825 - new_apply_order.py[line:712]: {'app': 'pcamion', 'loan_order_id': '1442780092271562752', 'mobile': '3632820553', 'order_status': 40}
INFO - 2021-09-28 17:16:08,825 - new_apply_order.py[line:832]: ===========完成第【19】次进件===========
INFO - 2021-09-28 17:16:08,825 - new_apply_order.py[line:792]: 开始第 pcamion【20】次进件……
INFO - 2021-09-28 17:16:08,825 - new_apply_order.py[line:82]: ======【co测试环境】生成手机号：3632820568 ======
INFO - 2021-09-28 17:16:09,219 - new_apply_order.py[line:95]: 3632820568 检测用户存在成功！
INFO - 2021-09-28 17:16:09,284 - new_apply_order.py[line:104]: 3632820568 短信发送成功！
INFO - 2021-09-28 17:16:09,328 - new_apply_order.py[line:117]: 3632820568 注册成功！
INFO - 2021-09-28 17:16:09,393 - new_apply_order.py[line:133]: 3632820568 登录短信发送成功！
INFO - 2021-09-28 17:16:09,443 - new_apply_order.py[line:143]: userId=4955878399231270912,mobile=3632820568,token=0689b1139c268c2f63e0c07478114a9a 登录成功
INFO - 2021-09-28 17:16:09,538 - new_apply_order.py[line:205]: 个人信息提交成功！
INFO - 2021-09-28 17:16:09,773 - new_apply_order.py[line:238]: 创建预审订单成功！
INFO - 2021-09-28 17:16:09,788 - new_apply_order.py[line:246]: 预审状态修改为通过,更新条数 1
INFO - 2021-09-28 17:16:09,799 - new_apply_order.py[line:249]: 更新初始额度！更新条数 1
INFO - 2021-09-28 17:16:10,067 - new_apply_order.py[line:266]: 活体图片上传成功！回写配置文件global_param.mp4_url
INFO - 2021-09-28 17:16:10,106 - new_apply_order.py[line:276]: 视频认证通过！
INFO - 2021-09-28 17:16:11,239 - new_apply_order.py[line:364]: curp上传成功!
INFO - 2021-09-28 17:16:11,351 - new_apply_order.py[line:373]: curp_rfc校验通过！
INFO - 2021-09-28 17:16:11,917 - new_apply_order.py[line:509]: 不绑卡成功跳过！
INFO - 2021-09-28 17:16:12,125 - new_apply_order.py[line:522]: 进件成功！执行sql将订单改为风控中……
INFO - 2021-09-28 17:16:13,155 - new_apply_order.py[line:528]: 订单表更新1条，信审更新1条
INFO - 2021-09-28 17:16:13,690 - new_apply_order.py[line:542]: 查询loan_order_id成功！
INFO - 2021-09-28 17:16:13,735 - new_apply_order.py[line:557]: 订单回调复审通过成功！
INFO - 2021-09-28 17:16:20,517 - new_apply_order.py[line:579]: 获取token成功！token=bearer 865c2336-1deb-4ab5-a340-be6a1b6488ee！
INFO - 2021-09-28 17:16:21,060 - new_apply_order.py[line:542]: 查询loan_order_id成功！
INFO - 2021-09-28 17:16:21,372 - new_apply_order.py[line:597]: 后台已触发放款成功！
INFO - 2021-09-28 17:16:21,380 - new_apply_order.py[line:611]: xxl_job web 登录成功！
INFO - 2021-09-28 17:16:21,387 - new_apply_order.py[line:627]: xxl_job 放款准备作业执行成功！
INFO - 2021-09-28 17:16:22,933 - new_apply_order.py[line:542]: 查询loan_order_id成功！
INFO - 2021-09-28 17:16:22,948 - new_apply_order.py[line:635]: 修改放款准备完成时间成功！
INFO - 2021-09-28 17:16:22,954 - new_apply_order.py[line:643]: xxl_job 放款完成作业执行成功！
INFO - 2021-09-28 17:16:23,256 - new_apply_order.py[line:815]: 校验重试查询第1次
ERROR - 2021-09-28 17:16:24,263 - new_apply_order.py[line:711]: 放款完成或准备失败,目前的订单状态是35
INFO - 2021-09-28 17:16:24,263 - new_apply_order.py[line:712]: {'app': 'pcamion', 'loan_order_id': '1442780156830289920', 'mobile': '3632820568', 'order_status': 35}
INFO - 2021-09-28 17:16:24,769 - new_apply_order.py[line:815]: 校验重试查询第2次
ERROR - 2021-09-28 17:16:25,781 - new_apply_order.py[line:711]: 放款完成或准备失败,目前的订单状态是35
INFO - 2021-09-28 17:16:25,782 - new_apply_order.py[line:712]: {'app': 'pcamion', 'loan_order_id': '1442780156830289920', 'mobile': '3632820568', 'order_status': 35}
INFO - 2021-09-28 17:16:26,287 - new_apply_order.py[line:815]: 校验重试查询第3次
ERROR - 2021-09-28 17:16:27,296 - new_apply_order.py[line:711]: 放款完成或准备失败,目前的订单状态是35
INFO - 2021-09-28 17:16:27,296 - new_apply_order.py[line:712]: {'app': 'pcamion', 'loan_order_id': '1442780156830289920', 'mobile': '3632820568', 'order_status': 35}
INFO - 2021-09-28 17:16:27,799 - new_apply_order.py[line:815]: 校验重试查询第4次
ERROR - 2021-09-28 17:16:28,810 - new_apply_order.py[line:711]: 放款完成或准备失败,目前的订单状态是35
INFO - 2021-09-28 17:16:28,811 - new_apply_order.py[line:712]: {'app': 'pcamion', 'loan_order_id': '1442780156830289920', 'mobile': '3632820568', 'order_status': 35}
INFO - 2021-09-28 17:16:29,313 - new_apply_order.py[line:815]: 校验重试查询第5次
INFO - 2021-09-28 17:16:30,325 - new_apply_order.py[line:709]: 放款完成或准备成功,目前的订单状态是40
INFO - 2021-09-28 17:16:30,325 - new_apply_order.py[line:712]: {'app': 'pcamion', 'loan_order_id': '1442780156830289920', 'mobile': '3632820568', 'order_status': 40}
INFO - 2021-09-28 17:16:30,326 - new_apply_order.py[line:832]: ===========完成第【20】次进件===========
INFO - 2021-09-28 17:16:30,326 - new_apply_order.py[line:835]: ======完成第【20】次进件,耗时342.73s=====
