INFO - 2021-08-31 13:25:57,478 - new_apply_order.py[line:511]: 开始第 borrowme【1】次进件……
INFO - 2021-08-31 13:25:57,480 - new_apply_order.py[line:79]: ======【nga测试环境】生成手机号：01630387557 ======
INFO - 2021-08-31 13:25:57,862 - new_apply_order.py[line:86]: 01630387557 检测用户存在成功！
INFO - 2021-08-31 13:25:57,923 - new_apply_order.py[line:93]: 01630387557 短信发送成功！
INFO - 2021-08-31 13:25:57,974 - new_apply_order.py[line:103]: 01630387557 注册成功！
ERROR - 2021-08-31 13:25:58,008 - new_apply_order.py[line:122]: 登录失败!
INFO - 2021-08-31 13:25:58,083 - new_apply_order.py[line:166]: 个人信息提交成功！
INFO - 2021-08-31 13:25:58,131 - new_apply_order.py[line:175]: 联系人信息提交成功！
ERROR - 2021-08-31 13:25:58,277 - new_apply_order.py[line:194]: 创建预审失败{"code":"9999","msg":"The Server is busy, Please try again later","data":null}
INFO - 2021-08-31 13:25:58,293 - new_apply_order.py[line:200]: 预审状态修改为通过,更新条数 0
INFO - 2021-08-31 13:25:58,303 - new_apply_order.py[line:203]: 更新初始额度！更新条数 0
INFO - 2021-08-31 13:25:58,586 - new_apply_order.py[line:215]: 活体图片上传成功！回写配置文件global_param.mp4_url
INFO - 2021-08-31 13:25:58,640 - new_apply_order.py[line:224]: 视频认证通过！
INFO - 2021-08-31 13:25:59,655 - new_apply_order.py[line:270]: bvn和银行卡绑卡认证通过！
INFO - 2021-08-31 13:25:59,952 - new_apply_order.py[line:291]: user更新1条
ERROR - 2021-08-31 13:26:00,121 - new_apply_order.py[line:319]: {"code":"50001004","msg":"Not eligible for borrowing","data":null}
INFO - 2021-08-31 13:26:00,596 - new_apply_order.py[line:326]: 查询loan_order_id成功！
INFO - 2021-08-31 13:26:00,631 - new_apply_order.py[line:336]: 订单回调复审通过成功！
INFO - 2021-08-31 13:26:01,462 - new_apply_order.py[line:352]: 获取token成功！token=bearer bf51653c-283e-47c5-b902-66a96a35688d！
INFO - 2021-08-31 13:26:01,946 - new_apply_order.py[line:326]: 查询loan_order_id成功！
INFO - 2021-08-31 13:26:02,260 - new_apply_order.py[line:364]: 后台已触发放款成功！
INFO - 2021-08-31 13:26:02,272 - new_apply_order.py[line:372]: xxl_job web 登录成功！
INFO - 2021-08-31 13:26:02,282 - new_apply_order.py[line:379]: xxl_job 放款准备作业执行成功！
INFO - 2021-08-31 13:26:03,720 - new_apply_order.py[line:326]: 查询loan_order_id成功！
INFO - 2021-08-31 13:26:03,743 - new_apply_order.py[line:384]: 修改放款准备完成时间成功！
INFO - 2021-08-31 13:26:03,761 - new_apply_order.py[line:387]: xxl_job 放款完成作业执行成功！
INFO - 2021-08-31 13:26:04,065 - new_apply_order.py[line:534]: 校验重试查询第1次
ERROR - 2021-08-31 13:26:05,086 - new_apply_order.py[line:430]: 放款完成或准备失败,目前的订单状态是32
INFO - 2021-08-31 13:26:05,087 - new_apply_order.py[line:431]: {'app': 'borrowme', 'loan_order_id': '1432507683397570560', 'mobile': '01630371420', 'order_status': 32}
INFO - 2021-08-31 13:26:05,105 - new_apply_order.py[line:372]: xxl_job web 登录成功！
INFO - 2021-08-31 13:26:05,118 - new_apply_order.py[line:379]: xxl_job 放款准备作业执行成功！
INFO - 2021-08-31 13:26:06,572 - new_apply_order.py[line:326]: 查询loan_order_id成功！
INFO - 2021-08-31 13:26:06,588 - new_apply_order.py[line:384]: 修改放款准备完成时间成功！
INFO - 2021-08-31 13:26:06,601 - new_apply_order.py[line:387]: xxl_job 放款完成作业执行成功！
INFO - 2021-08-31 13:26:07,102 - new_apply_order.py[line:534]: 校验重试查询第2次
ERROR - 2021-08-31 13:26:08,120 - new_apply_order.py[line:430]: 放款完成或准备失败,目前的订单状态是32
INFO - 2021-08-31 13:26:08,121 - new_apply_order.py[line:431]: {'app': 'borrowme', 'loan_order_id': '1432507683397570560', 'mobile': '01630371420', 'order_status': 32}
INFO - 2021-08-31 13:26:08,135 - new_apply_order.py[line:372]: xxl_job web 登录成功！
INFO - 2021-08-31 13:26:08,148 - new_apply_order.py[line:379]: xxl_job 放款准备作业执行成功！
INFO - 2021-08-31 13:26:09,584 - new_apply_order.py[line:326]: 查询loan_order_id成功！
INFO - 2021-08-31 13:26:09,604 - new_apply_order.py[line:384]: 修改放款准备完成时间成功！
INFO - 2021-08-31 13:26:09,617 - new_apply_order.py[line:387]: xxl_job 放款完成作业执行成功！
INFO - 2021-08-31 13:26:10,119 - new_apply_order.py[line:534]: 校验重试查询第3次
ERROR - 2021-08-31 13:26:11,139 - new_apply_order.py[line:430]: 放款完成或准备失败,目前的订单状态是32
INFO - 2021-08-31 13:26:11,139 - new_apply_order.py[line:431]: {'app': 'borrowme', 'loan_order_id': '1432507683397570560', 'mobile': '01630371420', 'order_status': 32}
INFO - 2021-08-31 13:26:11,157 - new_apply_order.py[line:372]: xxl_job web 登录成功！
INFO - 2021-08-31 13:26:11,170 - new_apply_order.py[line:379]: xxl_job 放款准备作业执行成功！
INFO - 2021-08-31 13:26:12,651 - new_apply_order.py[line:326]: 查询loan_order_id成功！
INFO - 2021-08-31 13:26:12,675 - new_apply_order.py[line:384]: 修改放款准备完成时间成功！
INFO - 2021-08-31 13:26:12,691 - new_apply_order.py[line:387]: xxl_job 放款完成作业执行成功！
INFO - 2021-08-31 13:26:13,192 - new_apply_order.py[line:534]: 校验重试查询第4次
ERROR - 2021-08-31 13:26:14,214 - new_apply_order.py[line:430]: 放款完成或准备失败,目前的订单状态是32
INFO - 2021-08-31 13:26:14,214 - new_apply_order.py[line:431]: {'app': 'borrowme', 'loan_order_id': '1432507683397570560', 'mobile': '01630371420', 'order_status': 32}
INFO - 2021-08-31 13:26:14,231 - new_apply_order.py[line:372]: xxl_job web 登录成功！
INFO - 2021-08-31 13:26:14,245 - new_apply_order.py[line:379]: xxl_job 放款准备作业执行成功！
INFO - 2021-08-31 13:26:15,692 - new_apply_order.py[line:326]: 查询loan_order_id成功！
INFO - 2021-08-31 13:26:15,712 - new_apply_order.py[line:384]: 修改放款准备完成时间成功！
INFO - 2021-08-31 13:26:15,727 - new_apply_order.py[line:387]: xxl_job 放款完成作业执行成功！
INFO - 2021-08-31 13:26:16,231 - new_apply_order.py[line:534]: 校验重试查询第5次
ERROR - 2021-08-31 13:26:17,253 - new_apply_order.py[line:430]: 放款完成或准备失败,目前的订单状态是32
INFO - 2021-08-31 13:26:17,254 - new_apply_order.py[line:431]: {'app': 'borrowme', 'loan_order_id': '1432507683397570560', 'mobile': '01630371420', 'order_status': 32}
INFO - 2021-08-31 13:26:17,272 - new_apply_order.py[line:372]: xxl_job web 登录成功！
INFO - 2021-08-31 13:26:17,286 - new_apply_order.py[line:379]: xxl_job 放款准备作业执行成功！
INFO - 2021-08-31 13:26:18,751 - new_apply_order.py[line:326]: 查询loan_order_id成功！
INFO - 2021-08-31 13:26:18,768 - new_apply_order.py[line:384]: 修改放款准备完成时间成功！
INFO - 2021-08-31 13:26:18,784 - new_apply_order.py[line:387]: xxl_job 放款完成作业执行成功！
INFO - 2021-08-31 13:26:19,285 - new_apply_order.py[line:534]: 校验重试查询第6次
ERROR - 2021-08-31 13:26:20,303 - new_apply_order.py[line:430]: 放款完成或准备失败,目前的订单状态是32
INFO - 2021-08-31 13:26:20,303 - new_apply_order.py[line:431]: {'app': 'borrowme', 'loan_order_id': '1432507683397570560', 'mobile': '01630371420', 'order_status': 32}
INFO - 2021-08-31 13:26:20,318 - new_apply_order.py[line:372]: xxl_job web 登录成功！
INFO - 2021-08-31 13:26:20,330 - new_apply_order.py[line:379]: xxl_job 放款准备作业执行成功！
INFO - 2021-08-31 13:26:21,773 - new_apply_order.py[line:326]: 查询loan_order_id成功！
INFO - 2021-08-31 13:26:21,790 - new_apply_order.py[line:384]: 修改放款准备完成时间成功！
INFO - 2021-08-31 13:26:21,804 - new_apply_order.py[line:387]: xxl_job 放款完成作业执行成功！
INFO - 2021-08-31 13:26:22,310 - new_apply_order.py[line:534]: 校验重试查询第7次
ERROR - 2021-08-31 13:26:23,331 - new_apply_order.py[line:430]: 放款完成或准备失败,目前的订单状态是32
INFO - 2021-08-31 13:26:23,332 - new_apply_order.py[line:431]: {'app': 'borrowme', 'loan_order_id': '1432507683397570560', 'mobile': '01630371420', 'order_status': 32}
INFO - 2021-08-31 13:26:23,349 - new_apply_order.py[line:372]: xxl_job web 登录成功！
INFO - 2021-08-31 13:26:23,363 - new_apply_order.py[line:379]: xxl_job 放款准备作业执行成功！
INFO - 2021-08-31 13:26:24,801 - new_apply_order.py[line:326]: 查询loan_order_id成功！
INFO - 2021-08-31 13:26:24,823 - new_apply_order.py[line:384]: 修改放款准备完成时间成功！
INFO - 2021-08-31 13:26:24,834 - new_apply_order.py[line:387]: xxl_job 放款完成作业执行成功！
INFO - 2021-08-31 13:26:25,336 - new_apply_order.py[line:534]: 校验重试查询第8次
ERROR - 2021-08-31 13:26:26,360 - new_apply_order.py[line:430]: 放款完成或准备失败,目前的订单状态是32
INFO - 2021-08-31 13:26:26,361 - new_apply_order.py[line:431]: {'app': 'borrowme', 'loan_order_id': '1432507683397570560', 'mobile': '01630371420', 'order_status': 32}
INFO - 2021-08-31 13:26:26,377 - new_apply_order.py[line:372]: xxl_job web 登录成功！
INFO - 2021-08-31 13:26:26,389 - new_apply_order.py[line:379]: xxl_job 放款准备作业执行成功！
INFO - 2021-08-31 13:26:27,804 - new_apply_order.py[line:326]: 查询loan_order_id成功！
INFO - 2021-08-31 13:26:27,817 - new_apply_order.py[line:384]: 修改放款准备完成时间成功！
INFO - 2021-08-31 13:26:27,829 - new_apply_order.py[line:387]: xxl_job 放款完成作业执行成功！
INFO - 2021-08-31 13:26:28,334 - new_apply_order.py[line:534]: 校验重试查询第9次
ERROR - 2021-08-31 13:26:29,347 - new_apply_order.py[line:430]: 放款完成或准备失败,目前的订单状态是32
INFO - 2021-08-31 13:26:29,347 - new_apply_order.py[line:431]: {'app': 'borrowme', 'loan_order_id': '1432507683397570560', 'mobile': '01630371420', 'order_status': 32}
INFO - 2021-08-31 13:26:29,362 - new_apply_order.py[line:372]: xxl_job web 登录成功！
INFO - 2021-08-31 13:26:29,375 - new_apply_order.py[line:379]: xxl_job 放款准备作业执行成功！
INFO - 2021-08-31 13:26:30,807 - new_apply_order.py[line:326]: 查询loan_order_id成功！
INFO - 2021-08-31 13:26:30,819 - new_apply_order.py[line:384]: 修改放款准备完成时间成功！
INFO - 2021-08-31 13:26:30,829 - new_apply_order.py[line:387]: xxl_job 放款完成作业执行成功！
INFO - 2021-08-31 13:26:31,333 - new_apply_order.py[line:534]: 校验重试查询第10次
ERROR - 2021-08-31 13:26:32,349 - new_apply_order.py[line:430]: 放款完成或准备失败,目前的订单状态是32
INFO - 2021-08-31 13:26:32,349 - new_apply_order.py[line:431]: {'app': 'borrowme', 'loan_order_id': '1432507683397570560', 'mobile': '01630371420', 'order_status': 32}
INFO - 2021-08-31 13:26:32,361 - new_apply_order.py[line:372]: xxl_job web 登录成功！
INFO - 2021-08-31 13:26:32,371 - new_apply_order.py[line:379]: xxl_job 放款准备作业执行成功！
INFO - 2021-08-31 13:26:33,815 - new_apply_order.py[line:326]: 查询loan_order_id成功！
INFO - 2021-08-31 13:26:33,831 - new_apply_order.py[line:384]: 修改放款准备完成时间成功！
INFO - 2021-08-31 13:26:33,841 - new_apply_order.py[line:387]: xxl_job 放款完成作业执行成功！
INFO - 2021-08-31 13:26:34,342 - new_apply_order.py[line:551]: ===========完成第【1】次进件===========
INFO - 2021-08-31 13:26:34,343 - new_apply_order.py[line:554]: ======完成第【1】次进件,耗时36.86s=====
