INFO - 2021-11-10 15:46:45,541 - new_apply_order.py[line:882]: 开始第 kkash【1】次进件……
INFO - 2021-11-10 15:46:45,542 - new_apply_order.py[line:84]: ======【ke测试环境】生成手机号：736530405 ======
INFO - 2021-11-10 15:46:45,946 - new_apply_order.py[line:97]: 736530405 检测用户存在成功！
INFO - 2021-11-10 15:46:45,991 - new_apply_order.py[line:106]: 736530405 短信发送成功！
INFO - 2021-11-10 15:46:46,044 - new_apply_order.py[line:119]: 736530405 注册成功！
INFO - 2021-11-10 15:46:46,116 - new_apply_order.py[line:135]: 736530405 登录短信发送成功！
INFO - 2021-11-10 15:46:46,165 - new_apply_order.py[line:145]: userId=6229729782411304960,mobile=736530405,token=e03bb6c0cfce0a93bd2115f2c2762ccd 登录成功
INFO - 2021-11-10 15:46:46,305 - new_apply_order.py[line:212]: 个人信息提交成功！
INFO - 2021-11-10 15:46:46,373 - new_apply_order.py[line:232]: 联系人信息提交成功！
INFO - 2021-11-10 15:46:46,923 - new_apply_order.py[line:255]: 创建预审订单成功！
INFO - 2021-11-10 15:46:46,937 - new_apply_order.py[line:263]: 预审状态修改为通过,更新条数 1
INFO - 2021-11-10 15:46:46,948 - new_apply_order.py[line:266]: 更新初始额度！更新条数 1
INFO - 2021-11-10 15:46:47,214 - new_apply_order.py[line:342]: 活体图片上传成功！回写配置文件global_param.mp4_url
INFO - 2021-11-10 15:46:47,256 - new_apply_order.py[line:352]: 视频认证通过！
INFO - 2021-11-10 15:46:47,577 - new_apply_order.py[line:577]: 绑卡成功！
INFO - 2021-11-10 15:46:47,821 - new_apply_order.py[line:612]: 进件成功！执行sql将订单改为风控中……
INFO - 2021-11-10 15:46:48,864 - new_apply_order.py[line:618]: 订单表更新1条，信审更新1条
INFO - 2021-11-10 15:46:49,224 - new_apply_order.py[line:632]: 查询loan_order_id成功！
INFO - 2021-11-10 15:46:49,281 - new_apply_order.py[line:647]: 订单回调复审通过成功！
INFO - 2021-11-10 15:46:50,113 - new_apply_order.py[line:669]: 获取token成功！token=bearer 8d17aabb-4404-4296-b0a1-77ddc6b0243b！
INFO - 2021-11-10 15:46:50,464 - new_apply_order.py[line:632]: 查询loan_order_id成功！
INFO - 2021-11-10 15:46:51,225 - new_apply_order.py[line:687]: 后台已触发放款成功！
INFO - 2021-11-10 15:46:51,234 - new_apply_order.py[line:701]: xxl_job web 登录成功！
INFO - 2021-11-10 15:46:51,243 - new_apply_order.py[line:717]: xxl_job 放款准备作业执行成功！
INFO - 2021-11-10 15:46:52,599 - new_apply_order.py[line:632]: 查询loan_order_id成功！
INFO - 2021-11-10 15:46:52,617 - new_apply_order.py[line:725]: 修改放款准备完成时间成功！
INFO - 2021-11-10 15:46:52,626 - new_apply_order.py[line:733]: xxl_job 放款完成作业执行成功！
INFO - 2021-11-10 15:46:52,989 - new_apply_order.py[line:632]: 查询loan_order_id成功！
INFO - 2021-11-10 15:46:53,303 - new_apply_order.py[line:905]: 校验重试查询第1次
ERROR - 2021-11-10 15:46:54,317 - new_apply_order.py[line:801]: 放款完成或准备失败,目前的订单状态是35
INFO - 2021-11-10 15:46:54,318 - new_apply_order.py[line:802]: {'app': 'kkash', 'loan_order_id': '1458340340488605696', 'mobile': '736530405', 'order_status': 35}
INFO - 2021-11-10 15:46:55,196 - new_apply_order.py[line:632]: 查询loan_order_id成功！
INFO - 2021-11-10 15:46:55,429 - new_apply_order.py[line:770]: 放款回调成功！
INFO - 2021-11-10 15:46:55,430 - new_apply_order.py[line:905]: 校验重试查询第2次
INFO - 2021-11-10 15:46:56,444 - new_apply_order.py[line:799]: 放款完成或准备成功,目前的订单状态是40
INFO - 2021-11-10 15:46:56,445 - new_apply_order.py[line:802]: {'app': 'kkash', 'loan_order_id': '1458340340488605696', 'mobile': '736530405', 'order_status': 40}
INFO - 2021-11-10 15:46:56,446 - new_apply_order.py[line:922]: ===========完成第【1】次进件===========
INFO - 2021-11-10 15:46:56,447 - new_apply_order.py[line:925]: ======完成第【1】次进件,耗时10.91s=====
