INFO - 2021-11-05 15:45:43,563 - new_apply_order.py[line:882]: 开始第 starmoni【1】次进件……
INFO - 2021-11-05 15:45:43,564 - new_apply_order.py[line:84]: ======【nga测试环境】生成手机号：01636098343 ======
INFO - 2021-11-05 15:45:43,935 - new_apply_order.py[line:97]: 01636098343 检测用户存在成功！
INFO - 2021-11-05 15:45:43,980 - new_apply_order.py[line:106]: 01636098343 短信发送成功！
INFO - 2021-11-05 15:45:44,025 - new_apply_order.py[line:119]: 01636098343 注册成功！
INFO - 2021-11-05 15:45:44,076 - new_apply_order.py[line:135]: 01636098343 登录短信发送成功！
INFO - 2021-11-05 15:45:44,121 - new_apply_order.py[line:145]: userId=6227917582970527744,mobile=01636098343,token=f401cc0565fbd53802a5e21148ec98da 登录成功
INFO - 2021-11-05 15:45:44,210 - new_apply_order.py[line:212]: 个人信息提交成功！
INFO - 2021-11-05 15:45:44,261 - new_apply_order.py[line:223]: 联系人信息提交成功！
INFO - 2021-11-05 15:45:44,556 - new_apply_order.py[line:255]: 创建预审订单成功！
INFO - 2021-11-05 15:45:44,581 - new_apply_order.py[line:263]: 预审状态修改为通过,更新条数 1
INFO - 2021-11-05 15:45:44,604 - new_apply_order.py[line:266]: 更新初始额度！更新条数 1
INFO - 2021-11-05 15:45:44,885 - new_apply_order.py[line:342]: 活体图片上传成功！回写配置文件global_param.mp4_url
INFO - 2021-11-05 15:45:44,916 - new_apply_order.py[line:352]: 视频认证通过！
INFO - 2021-11-05 15:45:45,945 - new_apply_order.py[line:510]: bvn和银行卡绑卡认证通过！
INFO - 2021-11-05 15:45:46,245 - new_apply_order.py[line:561]: user更新1条
INFO - 2021-11-05 15:45:46,475 - new_apply_order.py[line:612]: 进件成功！执行sql将订单改为风控中……
INFO - 2021-11-05 15:45:47,523 - new_apply_order.py[line:618]: 订单表更新1条，信审更新1条
INFO - 2021-11-05 15:45:47,885 - new_apply_order.py[line:632]: 查询loan_order_id成功！
INFO - 2021-11-05 15:45:47,935 - new_apply_order.py[line:647]: 订单回调复审通过成功！
INFO - 2021-11-05 15:45:48,754 - new_apply_order.py[line:669]: 获取token成功！token=bearer d5992460-d0b8-41c1-a203-8106a462060d！
INFO - 2021-11-05 15:45:49,128 - new_apply_order.py[line:632]: 查询loan_order_id成功！
INFO - 2021-11-05 15:45:49,462 - new_apply_order.py[line:687]: 后台已触发放款成功！
INFO - 2021-11-05 15:45:49,478 - new_apply_order.py[line:701]: xxl_job web 登录成功！
INFO - 2021-11-05 15:45:49,489 - new_apply_order.py[line:717]: xxl_job 放款准备作业执行成功！
INFO - 2021-11-05 15:45:50,845 - new_apply_order.py[line:632]: 查询loan_order_id成功！
INFO - 2021-11-05 15:45:50,858 - new_apply_order.py[line:725]: 修改放款准备完成时间成功！
INFO - 2021-11-05 15:45:50,866 - new_apply_order.py[line:733]: xxl_job 放款完成作业执行成功！
INFO - 2021-11-05 15:45:51,171 - new_apply_order.py[line:905]: 校验重试查询第1次
ERROR - 2021-11-05 15:45:52,186 - new_apply_order.py[line:801]: 放款完成或准备失败,目前的订单状态是32
INFO - 2021-11-05 15:45:52,186 - new_apply_order.py[line:802]: {'app': 'starmoni', 'loan_order_id': '1456528140694327296', 'mobile': '01636098343', 'order_status': 32}
INFO - 2021-11-05 15:45:52,201 - new_apply_order.py[line:701]: xxl_job web 登录成功！
INFO - 2021-11-05 15:45:52,213 - new_apply_order.py[line:717]: xxl_job 放款准备作业执行成功！
INFO - 2021-11-05 15:45:53,568 - new_apply_order.py[line:632]: 查询loan_order_id成功！
INFO - 2021-11-05 15:45:53,589 - new_apply_order.py[line:725]: 修改放款准备完成时间成功！
INFO - 2021-11-05 15:45:53,598 - new_apply_order.py[line:733]: xxl_job 放款完成作业执行成功！
INFO - 2021-11-05 15:45:54,101 - new_apply_order.py[line:905]: 校验重试查询第2次
INFO - 2021-11-05 15:45:55,120 - new_apply_order.py[line:799]: 放款完成或准备成功,目前的订单状态是40
INFO - 2021-11-05 15:45:55,120 - new_apply_order.py[line:802]: {'app': 'starmoni', 'loan_order_id': '1456528140694327296', 'mobile': '01636098343', 'order_status': 40}
INFO - 2021-11-05 15:45:55,123 - new_apply_order.py[line:922]: ===========完成第【1】次进件===========
INFO - 2021-11-05 15:45:55,123 - new_apply_order.py[line:882]: 开始第 starmoni【2】次进件……
INFO - 2021-11-05 15:45:55,125 - new_apply_order.py[line:84]: ======【nga测试环境】生成手机号：01636098355 ======
INFO - 2021-11-05 15:45:55,472 - new_apply_order.py[line:97]: 01636098355 检测用户存在成功！
INFO - 2021-11-05 15:45:55,519 - new_apply_order.py[line:106]: 01636098355 短信发送成功！
INFO - 2021-11-05 15:45:55,562 - new_apply_order.py[line:119]: 01636098355 注册成功！
INFO - 2021-11-05 15:45:55,620 - new_apply_order.py[line:135]: 01636098355 登录短信发送成功！
INFO - 2021-11-05 15:45:55,672 - new_apply_order.py[line:145]: userId=6227917631372795904,mobile=01636098355,token=97ff06236ed452155b8ccfeccfc60090 登录成功
INFO - 2021-11-05 15:45:55,769 - new_apply_order.py[line:212]: 个人信息提交成功！
INFO - 2021-11-05 15:45:55,824 - new_apply_order.py[line:223]: 联系人信息提交成功！
INFO - 2021-11-05 15:45:56,031 - new_apply_order.py[line:255]: 创建预审订单成功！
INFO - 2021-11-05 15:45:56,053 - new_apply_order.py[line:263]: 预审状态修改为通过,更新条数 1
INFO - 2021-11-05 15:45:56,072 - new_apply_order.py[line:266]: 更新初始额度！更新条数 1
INFO - 2021-11-05 15:45:56,361 - new_apply_order.py[line:342]: 活体图片上传成功！回写配置文件global_param.mp4_url
INFO - 2021-11-05 15:45:56,397 - new_apply_order.py[line:352]: 视频认证通过！
INFO - 2021-11-05 15:45:57,436 - new_apply_order.py[line:510]: bvn和银行卡绑卡认证通过！
INFO - 2021-11-05 15:45:57,755 - new_apply_order.py[line:561]: user更新1条
INFO - 2021-11-05 15:45:57,963 - new_apply_order.py[line:612]: 进件成功！执行sql将订单改为风控中……
INFO - 2021-11-05 15:45:58,999 - new_apply_order.py[line:618]: 订单表更新1条，信审更新1条
INFO - 2021-11-05 15:45:59,355 - new_apply_order.py[line:632]: 查询loan_order_id成功！
INFO - 2021-11-05 15:45:59,416 - new_apply_order.py[line:647]: 订单回调复审通过成功！
INFO - 2021-11-05 15:46:00,208 - new_apply_order.py[line:669]: 获取token成功！token=bearer d5992460-d0b8-41c1-a203-8106a462060d！
INFO - 2021-11-05 15:46:00,553 - new_apply_order.py[line:632]: 查询loan_order_id成功！
INFO - 2021-11-05 15:46:00,863 - new_apply_order.py[line:687]: 后台已触发放款成功！
INFO - 2021-11-05 15:46:00,874 - new_apply_order.py[line:701]: xxl_job web 登录成功！
INFO - 2021-11-05 15:46:00,885 - new_apply_order.py[line:717]: xxl_job 放款准备作业执行成功！
INFO - 2021-11-05 15:46:02,235 - new_apply_order.py[line:632]: 查询loan_order_id成功！
INFO - 2021-11-05 15:46:02,245 - new_apply_order.py[line:725]: 修改放款准备完成时间成功！
INFO - 2021-11-05 15:46:02,251 - new_apply_order.py[line:733]: xxl_job 放款完成作业执行成功！
INFO - 2021-11-05 15:46:02,559 - new_apply_order.py[line:905]: 校验重试查询第1次
ERROR - 2021-11-05 15:46:03,576 - new_apply_order.py[line:801]: 放款完成或准备失败,目前的订单状态是32
INFO - 2021-11-05 15:46:03,576 - new_apply_order.py[line:802]: {'app': 'starmoni', 'loan_order_id': '1456528189100789760', 'mobile': '01636098355', 'order_status': 32}
INFO - 2021-11-05 15:46:03,590 - new_apply_order.py[line:701]: xxl_job web 登录成功！
INFO - 2021-11-05 15:46:03,601 - new_apply_order.py[line:717]: xxl_job 放款准备作业执行成功！
INFO - 2021-11-05 15:46:04,951 - new_apply_order.py[line:632]: 查询loan_order_id成功！
INFO - 2021-11-05 15:46:04,961 - new_apply_order.py[line:725]: 修改放款准备完成时间成功！
INFO - 2021-11-05 15:46:04,966 - new_apply_order.py[line:733]: xxl_job 放款完成作业执行成功！
INFO - 2021-11-05 15:46:05,471 - new_apply_order.py[line:905]: 校验重试查询第2次
INFO - 2021-11-05 15:46:06,486 - new_apply_order.py[line:799]: 放款完成或准备成功,目前的订单状态是40
INFO - 2021-11-05 15:46:06,486 - new_apply_order.py[line:802]: {'app': 'starmoni', 'loan_order_id': '1456528189100789760', 'mobile': '01636098355', 'order_status': 40}
INFO - 2021-11-05 15:46:06,486 - new_apply_order.py[line:922]: ===========完成第【2】次进件===========
INFO - 2021-11-05 15:46:06,487 - new_apply_order.py[line:882]: 开始第 starmoni【3】次进件……
INFO - 2021-11-05 15:46:06,488 - new_apply_order.py[line:84]: ======【nga测试环境】生成手机号：01636098366 ======
INFO - 2021-11-05 15:46:06,838 - new_apply_order.py[line:97]: 01636098366 检测用户存在成功！
INFO - 2021-11-05 15:46:06,883 - new_apply_order.py[line:106]: 01636098366 短信发送成功！
INFO - 2021-11-05 15:46:06,925 - new_apply_order.py[line:119]: 01636098366 注册成功！
INFO - 2021-11-05 15:46:06,987 - new_apply_order.py[line:135]: 01636098366 登录短信发送成功！
INFO - 2021-11-05 15:46:07,031 - new_apply_order.py[line:145]: userId=6227917679036866560,mobile=01636098366,token=e10967d56664940e42055a9d0dae76b9 登录成功
INFO - 2021-11-05 15:46:07,116 - new_apply_order.py[line:212]: 个人信息提交成功！
INFO - 2021-11-05 15:46:07,166 - new_apply_order.py[line:223]: 联系人信息提交成功！
INFO - 2021-11-05 15:46:07,386 - new_apply_order.py[line:255]: 创建预审订单成功！
INFO - 2021-11-05 15:46:07,403 - new_apply_order.py[line:263]: 预审状态修改为通过,更新条数 1
INFO - 2021-11-05 15:46:07,416 - new_apply_order.py[line:266]: 更新初始额度！更新条数 1
INFO - 2021-11-05 15:46:07,655 - new_apply_order.py[line:342]: 活体图片上传成功！回写配置文件global_param.mp4_url
INFO - 2021-11-05 15:46:07,686 - new_apply_order.py[line:352]: 视频认证通过！
INFO - 2021-11-05 15:46:08,691 - new_apply_order.py[line:510]: bvn和银行卡绑卡认证通过！
INFO - 2021-11-05 15:46:08,995 - new_apply_order.py[line:561]: user更新1条
INFO - 2021-11-05 15:46:09,269 - new_apply_order.py[line:612]: 进件成功！执行sql将订单改为风控中……
INFO - 2021-11-05 15:46:10,318 - new_apply_order.py[line:618]: 订单表更新1条，信审更新1条
INFO - 2021-11-05 15:46:10,678 - new_apply_order.py[line:632]: 查询loan_order_id成功！
INFO - 2021-11-05 15:46:10,726 - new_apply_order.py[line:647]: 订单回调复审通过成功！
INFO - 2021-11-05 15:46:11,526 - new_apply_order.py[line:669]: 获取token成功！token=bearer d5992460-d0b8-41c1-a203-8106a462060d！
INFO - 2021-11-05 15:46:11,877 - new_apply_order.py[line:632]: 查询loan_order_id成功！
INFO - 2021-11-05 15:46:12,218 - new_apply_order.py[line:687]: 后台已触发放款成功！
INFO - 2021-11-05 15:46:12,232 - new_apply_order.py[line:701]: xxl_job web 登录成功！
INFO - 2021-11-05 15:46:12,241 - new_apply_order.py[line:717]: xxl_job 放款准备作业执行成功！
INFO - 2021-11-05 15:46:13,589 - new_apply_order.py[line:632]: 查询loan_order_id成功！
INFO - 2021-11-05 15:46:13,599 - new_apply_order.py[line:725]: 修改放款准备完成时间成功！
INFO - 2021-11-05 15:46:13,604 - new_apply_order.py[line:733]: xxl_job 放款完成作业执行成功！
INFO - 2021-11-05 15:46:13,908 - new_apply_order.py[line:905]: 校验重试查询第1次
ERROR - 2021-11-05 15:46:14,920 - new_apply_order.py[line:801]: 放款完成或准备失败,目前的订单状态是32
INFO - 2021-11-05 15:46:14,920 - new_apply_order.py[line:802]: {'app': 'starmoni', 'loan_order_id': '1456528236664197120', 'mobile': '01636098366', 'order_status': 32}
INFO - 2021-11-05 15:46:14,928 - new_apply_order.py[line:701]: xxl_job web 登录成功！
INFO - 2021-11-05 15:46:14,935 - new_apply_order.py[line:717]: xxl_job 放款准备作业执行成功！
INFO - 2021-11-05 15:46:16,305 - new_apply_order.py[line:632]: 查询loan_order_id成功！
INFO - 2021-11-05 15:46:16,320 - new_apply_order.py[line:725]: 修改放款准备完成时间成功！
INFO - 2021-11-05 15:46:16,325 - new_apply_order.py[line:733]: xxl_job 放款完成作业执行成功！
INFO - 2021-11-05 15:46:16,826 - new_apply_order.py[line:905]: 校验重试查询第2次
ERROR - 2021-11-05 15:46:17,841 - new_apply_order.py[line:801]: 放款完成或准备失败,目前的订单状态是35
INFO - 2021-11-05 15:46:17,842 - new_apply_order.py[line:802]: {'app': 'starmoni', 'loan_order_id': '1456528236664197120', 'mobile': '01636098366', 'order_status': 35}
INFO - 2021-11-05 15:46:18,348 - new_apply_order.py[line:905]: 校验重试查询第3次
INFO - 2021-11-05 15:46:19,367 - new_apply_order.py[line:799]: 放款完成或准备成功,目前的订单状态是40
INFO - 2021-11-05 15:46:19,367 - new_apply_order.py[line:802]: {'app': 'starmoni', 'loan_order_id': '1456528236664197120', 'mobile': '01636098366', 'order_status': 40}
INFO - 2021-11-05 15:46:19,368 - new_apply_order.py[line:922]: ===========完成第【3】次进件===========
INFO - 2021-11-05 15:46:19,368 - new_apply_order.py[line:882]: 开始第 starmoni【4】次进件……
INFO - 2021-11-05 15:46:19,369 - new_apply_order.py[line:84]: ======【nga测试环境】生成手机号：01636098379 ======
INFO - 2021-11-05 15:46:19,736 - new_apply_order.py[line:97]: 01636098379 检测用户存在成功！
INFO - 2021-11-05 15:46:19,777 - new_apply_order.py[line:106]: 01636098379 短信发送成功！
INFO - 2021-11-05 15:46:19,813 - new_apply_order.py[line:119]: 01636098379 注册成功！
INFO - 2021-11-05 15:46:19,862 - new_apply_order.py[line:135]: 01636098379 登录短信发送成功！
INFO - 2021-11-05 15:46:19,903 - new_apply_order.py[line:145]: userId=6227917733101445120,mobile=01636098379,token=27c301fa655d43ea9127529de576255c 登录成功
INFO - 2021-11-05 15:46:20,023 - new_apply_order.py[line:212]: 个人信息提交成功！
INFO - 2021-11-05 15:46:20,079 - new_apply_order.py[line:223]: 联系人信息提交成功！
INFO - 2021-11-05 15:46:20,355 - new_apply_order.py[line:255]: 创建预审订单成功！
INFO - 2021-11-05 15:46:20,380 - new_apply_order.py[line:263]: 预审状态修改为通过,更新条数 1
INFO - 2021-11-05 15:46:20,398 - new_apply_order.py[line:266]: 更新初始额度！更新条数 1
INFO - 2021-11-05 15:46:20,651 - new_apply_order.py[line:342]: 活体图片上传成功！回写配置文件global_param.mp4_url
INFO - 2021-11-05 15:46:20,690 - new_apply_order.py[line:352]: 视频认证通过！
INFO - 2021-11-05 15:46:21,721 - new_apply_order.py[line:510]: bvn和银行卡绑卡认证通过！
INFO - 2021-11-05 15:46:22,058 - new_apply_order.py[line:561]: user更新1条
INFO - 2021-11-05 15:46:22,262 - new_apply_order.py[line:612]: 进件成功！执行sql将订单改为风控中……
INFO - 2021-11-05 15:46:23,309 - new_apply_order.py[line:618]: 订单表更新1条，信审更新1条
INFO - 2021-11-05 15:46:23,667 - new_apply_order.py[line:632]: 查询loan_order_id成功！
INFO - 2021-11-05 15:46:23,716 - new_apply_order.py[line:647]: 订单回调复审通过成功！
INFO - 2021-11-05 15:46:24,517 - new_apply_order.py[line:669]: 获取token成功！token=bearer d5992460-d0b8-41c1-a203-8106a462060d！
INFO - 2021-11-05 15:46:24,866 - new_apply_order.py[line:632]: 查询loan_order_id成功！
INFO - 2021-11-05 15:46:25,203 - new_apply_order.py[line:687]: 后台已触发放款成功！
INFO - 2021-11-05 15:46:25,217 - new_apply_order.py[line:701]: xxl_job web 登录成功！
INFO - 2021-11-05 15:46:25,227 - new_apply_order.py[line:717]: xxl_job 放款准备作业执行成功！
INFO - 2021-11-05 15:46:26,579 - new_apply_order.py[line:632]: 查询loan_order_id成功！
INFO - 2021-11-05 15:46:26,594 - new_apply_order.py[line:725]: 修改放款准备完成时间成功！
INFO - 2021-11-05 15:46:26,600 - new_apply_order.py[line:733]: xxl_job 放款完成作业执行成功！
INFO - 2021-11-05 15:46:26,905 - new_apply_order.py[line:905]: 校验重试查询第1次
ERROR - 2021-11-05 15:46:27,922 - new_apply_order.py[line:801]: 放款完成或准备失败,目前的订单状态是32
INFO - 2021-11-05 15:46:27,922 - new_apply_order.py[line:802]: {'app': 'starmoni', 'loan_order_id': '1456528291081097216', 'mobile': '01636098379', 'order_status': 32}
INFO - 2021-11-05 15:46:27,936 - new_apply_order.py[line:701]: xxl_job web 登录成功！
INFO - 2021-11-05 15:46:27,946 - new_apply_order.py[line:717]: xxl_job 放款准备作业执行成功！
INFO - 2021-11-05 15:46:29,305 - new_apply_order.py[line:632]: 查询loan_order_id成功！
INFO - 2021-11-05 15:46:29,323 - new_apply_order.py[line:725]: 修改放款准备完成时间成功！
INFO - 2021-11-05 15:46:29,333 - new_apply_order.py[line:733]: xxl_job 放款完成作业执行成功！
INFO - 2021-11-05 15:46:29,839 - new_apply_order.py[line:905]: 校验重试查询第2次
INFO - 2021-11-05 15:46:30,856 - new_apply_order.py[line:799]: 放款完成或准备成功,目前的订单状态是40
INFO - 2021-11-05 15:46:30,857 - new_apply_order.py[line:802]: {'app': 'starmoni', 'loan_order_id': '1456528291081097216', 'mobile': '01636098379', 'order_status': 40}
INFO - 2021-11-05 15:46:30,857 - new_apply_order.py[line:922]: ===========完成第【4】次进件===========
INFO - 2021-11-05 15:46:30,857 - new_apply_order.py[line:882]: 开始第 starmoni【5】次进件……
INFO - 2021-11-05 15:46:30,859 - new_apply_order.py[line:84]: ======【nga测试环境】生成手机号：01636098390 ======
INFO - 2021-11-05 15:46:31,211 - new_apply_order.py[line:97]: 01636098390 检测用户存在成功！
INFO - 2021-11-05 15:46:31,263 - new_apply_order.py[line:106]: 01636098390 短信发送成功！
INFO - 2021-11-05 15:46:31,312 - new_apply_order.py[line:119]: 01636098390 注册成功！
INFO - 2021-11-05 15:46:31,375 - new_apply_order.py[line:135]: 01636098390 登录短信发送成功！
INFO - 2021-11-05 15:46:31,429 - new_apply_order.py[line:145]: userId=6227917781323358208,mobile=01636098390,token=c7d234dbace33899e533ec460939cc49 登录成功
INFO - 2021-11-05 15:46:31,534 - new_apply_order.py[line:212]: 个人信息提交成功！
INFO - 2021-11-05 15:46:31,594 - new_apply_order.py[line:223]: 联系人信息提交成功！
INFO - 2021-11-05 15:46:31,893 - new_apply_order.py[line:255]: 创建预审订单成功！
INFO - 2021-11-05 15:46:31,914 - new_apply_order.py[line:263]: 预审状态修改为通过,更新条数 1
INFO - 2021-11-05 15:46:31,932 - new_apply_order.py[line:266]: 更新初始额度！更新条数 1
INFO - 2021-11-05 15:46:32,227 - new_apply_order.py[line:342]: 活体图片上传成功！回写配置文件global_param.mp4_url
INFO - 2021-11-05 15:46:32,266 - new_apply_order.py[line:352]: 视频认证通过！
INFO - 2021-11-05 15:46:33,303 - new_apply_order.py[line:510]: bvn和银行卡绑卡认证通过！
INFO - 2021-11-05 15:46:33,628 - new_apply_order.py[line:561]: user更新1条
INFO - 2021-11-05 15:46:33,836 - new_apply_order.py[line:612]: 进件成功！执行sql将订单改为风控中……
INFO - 2021-11-05 15:46:34,863 - new_apply_order.py[line:618]: 订单表更新1条，信审更新1条
INFO - 2021-11-05 15:46:35,227 - new_apply_order.py[line:632]: 查询loan_order_id成功！
INFO - 2021-11-05 15:46:35,271 - new_apply_order.py[line:647]: 订单回调复审通过成功！
INFO - 2021-11-05 15:46:36,043 - new_apply_order.py[line:669]: 获取token成功！token=bearer d5992460-d0b8-41c1-a203-8106a462060d！
INFO - 2021-11-05 15:46:36,393 - new_apply_order.py[line:632]: 查询loan_order_id成功！
INFO - 2021-11-05 15:46:36,724 - new_apply_order.py[line:687]: 后台已触发放款成功！
INFO - 2021-11-05 15:46:36,739 - new_apply_order.py[line:701]: xxl_job web 登录成功！
INFO - 2021-11-05 15:46:36,751 - new_apply_order.py[line:717]: xxl_job 放款准备作业执行成功！
INFO - 2021-11-05 15:46:38,103 - new_apply_order.py[line:632]: 查询loan_order_id成功！
INFO - 2021-11-05 15:46:38,117 - new_apply_order.py[line:725]: 修改放款准备完成时间成功！
INFO - 2021-11-05 15:46:38,126 - new_apply_order.py[line:733]: xxl_job 放款完成作业执行成功！
INFO - 2021-11-05 15:46:38,433 - new_apply_order.py[line:905]: 校验重试查询第1次
ERROR - 2021-11-05 15:46:39,448 - new_apply_order.py[line:801]: 放款完成或准备失败,目前的订单状态是32
INFO - 2021-11-05 15:46:39,448 - new_apply_order.py[line:802]: {'app': 'starmoni', 'loan_order_id': '1456528339152015360', 'mobile': '01636098390', 'order_status': 32}
INFO - 2021-11-05 15:46:39,462 - new_apply_order.py[line:701]: xxl_job web 登录成功！
INFO - 2021-11-05 15:46:39,473 - new_apply_order.py[line:717]: xxl_job 放款准备作业执行成功！
INFO - 2021-11-05 15:46:40,833 - new_apply_order.py[line:632]: 查询loan_order_id成功！
INFO - 2021-11-05 15:46:40,849 - new_apply_order.py[line:725]: 修改放款准备完成时间成功！
INFO - 2021-11-05 15:46:40,858 - new_apply_order.py[line:733]: xxl_job 放款完成作业执行成功！
INFO - 2021-11-05 15:46:41,362 - new_apply_order.py[line:905]: 校验重试查询第2次
ERROR - 2021-11-05 15:46:42,378 - new_apply_order.py[line:801]: 放款完成或准备失败,目前的订单状态是32
INFO - 2021-11-05 15:46:42,378 - new_apply_order.py[line:802]: {'app': 'starmoni', 'loan_order_id': '1456528339152015360', 'mobile': '01636098390', 'order_status': 32}
INFO - 2021-11-05 15:46:42,391 - new_apply_order.py[line:701]: xxl_job web 登录成功！
INFO - 2021-11-05 15:46:42,403 - new_apply_order.py[line:717]: xxl_job 放款准备作业执行成功！
INFO - 2021-11-05 15:46:43,756 - new_apply_order.py[line:632]: 查询loan_order_id成功！
INFO - 2021-11-05 15:46:43,774 - new_apply_order.py[line:725]: 修改放款准备完成时间成功！
INFO - 2021-11-05 15:46:43,783 - new_apply_order.py[line:733]: xxl_job 放款完成作业执行成功！
INFO - 2021-11-05 15:46:44,287 - new_apply_order.py[line:905]: 校验重试查询第3次
INFO - 2021-11-05 15:46:45,307 - new_apply_order.py[line:799]: 放款完成或准备成功,目前的订单状态是40
INFO - 2021-11-05 15:46:45,307 - new_apply_order.py[line:802]: {'app': 'starmoni', 'loan_order_id': '1456528339152015360', 'mobile': '01636098390', 'order_status': 40}
INFO - 2021-11-05 15:46:45,308 - new_apply_order.py[line:922]: ===========完成第【5】次进件===========
INFO - 2021-11-05 15:46:45,308 - new_apply_order.py[line:882]: 开始第 starmoni【6】次进件……
INFO - 2021-11-05 15:46:45,309 - new_apply_order.py[line:84]: ======【nga测试环境】生成手机号：01636098405 ======
INFO - 2021-11-05 15:46:45,658 - new_apply_order.py[line:97]: 01636098405 检测用户存在成功！
INFO - 2021-11-05 15:46:45,700 - new_apply_order.py[line:106]: 01636098405 短信发送成功！
INFO - 2021-11-05 15:46:45,745 - new_apply_order.py[line:119]: 01636098405 注册成功！
INFO - 2021-11-05 15:46:45,799 - new_apply_order.py[line:135]: 01636098405 登录短信发送成功！
INFO - 2021-11-05 15:46:45,844 - new_apply_order.py[line:145]: userId=6227917841847164928,mobile=01636098405,token=86094109323d7e551c0224ee8e8d76ce 登录成功
INFO - 2021-11-05 15:46:45,937 - new_apply_order.py[line:212]: 个人信息提交成功！
INFO - 2021-11-05 15:46:45,992 - new_apply_order.py[line:223]: 联系人信息提交成功！
INFO - 2021-11-05 15:46:46,222 - new_apply_order.py[line:255]: 创建预审订单成功！
INFO - 2021-11-05 15:46:46,242 - new_apply_order.py[line:263]: 预审状态修改为通过,更新条数 1
INFO - 2021-11-05 15:46:46,259 - new_apply_order.py[line:266]: 更新初始额度！更新条数 1
INFO - 2021-11-05 15:46:46,530 - new_apply_order.py[line:342]: 活体图片上传成功！回写配置文件global_param.mp4_url
INFO - 2021-11-05 15:46:46,567 - new_apply_order.py[line:352]: 视频认证通过！
INFO - 2021-11-05 15:46:47,539 - new_apply_order.py[line:510]: bvn和银行卡绑卡认证通过！
INFO - 2021-11-05 15:46:47,865 - new_apply_order.py[line:561]: user更新1条
INFO - 2021-11-05 15:46:48,058 - new_apply_order.py[line:612]: 进件成功！执行sql将订单改为风控中……
INFO - 2021-11-05 15:46:49,098 - new_apply_order.py[line:618]: 订单表更新1条，信审更新1条
INFO - 2021-11-05 15:46:49,479 - new_apply_order.py[line:632]: 查询loan_order_id成功！
INFO - 2021-11-05 15:46:49,532 - new_apply_order.py[line:647]: 订单回调复审通过成功！
INFO - 2021-11-05 15:46:50,295 - new_apply_order.py[line:669]: 获取token成功！token=bearer d5992460-d0b8-41c1-a203-8106a462060d！
INFO - 2021-11-05 15:46:50,649 - new_apply_order.py[line:632]: 查询loan_order_id成功！
INFO - 2021-11-05 15:46:50,976 - new_apply_order.py[line:687]: 后台已触发放款成功！
INFO - 2021-11-05 15:46:50,990 - new_apply_order.py[line:701]: xxl_job web 登录成功！
INFO - 2021-11-05 15:46:51,000 - new_apply_order.py[line:717]: xxl_job 放款准备作业执行成功！
INFO - 2021-11-05 15:46:52,353 - new_apply_order.py[line:632]: 查询loan_order_id成功！
INFO - 2021-11-05 15:46:52,367 - new_apply_order.py[line:725]: 修改放款准备完成时间成功！
INFO - 2021-11-05 15:46:52,374 - new_apply_order.py[line:733]: xxl_job 放款完成作业执行成功！
INFO - 2021-11-05 15:46:52,684 - new_apply_order.py[line:905]: 校验重试查询第1次
ERROR - 2021-11-05 15:46:53,699 - new_apply_order.py[line:801]: 放款完成或准备失败,目前的订单状态是32
INFO - 2021-11-05 15:46:53,700 - new_apply_order.py[line:802]: {'app': 'starmoni', 'loan_order_id': '1456528399638073344', 'mobile': '01636098405', 'order_status': 32}
INFO - 2021-11-05 15:46:53,713 - new_apply_order.py[line:701]: xxl_job web 登录成功！
INFO - 2021-11-05 15:46:53,723 - new_apply_order.py[line:717]: xxl_job 放款准备作业执行成功！
INFO - 2021-11-05 15:46:55,072 - new_apply_order.py[line:632]: 查询loan_order_id成功！
INFO - 2021-11-05 15:46:55,095 - new_apply_order.py[line:725]: 修改放款准备完成时间成功！
INFO - 2021-11-05 15:46:55,104 - new_apply_order.py[line:733]: xxl_job 放款完成作业执行成功！
INFO - 2021-11-05 15:46:55,610 - new_apply_order.py[line:905]: 校验重试查询第2次
INFO - 2021-11-05 15:46:56,628 - new_apply_order.py[line:799]: 放款完成或准备成功,目前的订单状态是40
INFO - 2021-11-05 15:46:56,629 - new_apply_order.py[line:802]: {'app': 'starmoni', 'loan_order_id': '1456528399638073344', 'mobile': '01636098405', 'order_status': 40}
INFO - 2021-11-05 15:46:56,629 - new_apply_order.py[line:922]: ===========完成第【6】次进件===========
INFO - 2021-11-05 15:46:56,630 - new_apply_order.py[line:882]: 开始第 starmoni【7】次进件……
INFO - 2021-11-05 15:46:56,631 - new_apply_order.py[line:84]: ======【nga测试环境】生成手机号：01636098416 ======
INFO - 2021-11-05 15:46:56,982 - new_apply_order.py[line:97]: 01636098416 检测用户存在成功！
INFO - 2021-11-05 15:46:57,023 - new_apply_order.py[line:106]: 01636098416 短信发送成功！
INFO - 2021-11-05 15:46:57,064 - new_apply_order.py[line:119]: 01636098416 注册成功！
INFO - 2021-11-05 15:46:57,119 - new_apply_order.py[line:135]: 01636098416 登录短信发送成功！
INFO - 2021-11-05 15:46:57,164 - new_apply_order.py[line:145]: userId=6227917889335074816,mobile=01636098416,token=7f8e77f8f8305b38847e3feb0b3ec405 登录成功
INFO - 2021-11-05 15:46:57,252 - new_apply_order.py[line:212]: 个人信息提交成功！
INFO - 2021-11-05 15:46:57,305 - new_apply_order.py[line:223]: 联系人信息提交成功！
INFO - 2021-11-05 15:46:57,616 - new_apply_order.py[line:255]: 创建预审订单成功！
INFO - 2021-11-05 15:46:57,638 - new_apply_order.py[line:263]: 预审状态修改为通过,更新条数 1
INFO - 2021-11-05 15:46:57,658 - new_apply_order.py[line:266]: 更新初始额度！更新条数 1
INFO - 2021-11-05 15:46:57,878 - new_apply_order.py[line:342]: 活体图片上传成功！回写配置文件global_param.mp4_url
INFO - 2021-11-05 15:46:57,915 - new_apply_order.py[line:352]: 视频认证通过！
INFO - 2021-11-05 15:46:58,927 - new_apply_order.py[line:510]: bvn和银行卡绑卡认证通过！
INFO - 2021-11-05 15:46:59,245 - new_apply_order.py[line:561]: user更新1条
INFO - 2021-11-05 15:46:59,454 - new_apply_order.py[line:612]: 进件成功！执行sql将订单改为风控中……
INFO - 2021-11-05 15:47:00,503 - new_apply_order.py[line:618]: 订单表更新1条，信审更新1条
INFO - 2021-11-05 15:47:00,861 - new_apply_order.py[line:632]: 查询loan_order_id成功！
INFO - 2021-11-05 15:47:00,910 - new_apply_order.py[line:647]: 订单回调复审通过成功！
INFO - 2021-11-05 15:47:01,670 - new_apply_order.py[line:669]: 获取token成功！token=bearer d5992460-d0b8-41c1-a203-8106a462060d！
INFO - 2021-11-05 15:47:02,019 - new_apply_order.py[line:632]: 查询loan_order_id成功！
INFO - 2021-11-05 15:47:02,330 - new_apply_order.py[line:687]: 后台已触发放款成功！
INFO - 2021-11-05 15:47:02,344 - new_apply_order.py[line:701]: xxl_job web 登录成功！
INFO - 2021-11-05 15:47:02,355 - new_apply_order.py[line:717]: xxl_job 放款准备作业执行成功！
INFO - 2021-11-05 15:47:03,703 - new_apply_order.py[line:632]: 查询loan_order_id成功！
INFO - 2021-11-05 15:47:03,713 - new_apply_order.py[line:725]: 修改放款准备完成时间成功！
INFO - 2021-11-05 15:47:03,718 - new_apply_order.py[line:733]: xxl_job 放款完成作业执行成功！
INFO - 2021-11-05 15:47:04,024 - new_apply_order.py[line:905]: 校验重试查询第1次
ERROR - 2021-11-05 15:47:05,043 - new_apply_order.py[line:801]: 放款完成或准备失败,目前的订单状态是32
INFO - 2021-11-05 15:47:05,043 - new_apply_order.py[line:802]: {'app': 'starmoni', 'loan_order_id': '1456528447084040192', 'mobile': '01636098416', 'order_status': 32}
INFO - 2021-11-05 15:47:05,056 - new_apply_order.py[line:701]: xxl_job web 登录成功！
INFO - 2021-11-05 15:47:05,066 - new_apply_order.py[line:717]: xxl_job 放款准备作业执行成功！
INFO - 2021-11-05 15:47:06,418 - new_apply_order.py[line:632]: 查询loan_order_id成功！
INFO - 2021-11-05 15:47:06,433 - new_apply_order.py[line:725]: 修改放款准备完成时间成功！
INFO - 2021-11-05 15:47:06,440 - new_apply_order.py[line:733]: xxl_job 放款完成作业执行成功！
INFO - 2021-11-05 15:47:06,942 - new_apply_order.py[line:905]: 校验重试查询第2次
ERROR - 2021-11-05 15:47:07,956 - new_apply_order.py[line:801]: 放款完成或准备失败,目前的订单状态是32
INFO - 2021-11-05 15:47:07,957 - new_apply_order.py[line:802]: {'app': 'starmoni', 'loan_order_id': '1456528447084040192', 'mobile': '01636098416', 'order_status': 32}
INFO - 2021-11-05 15:47:07,968 - new_apply_order.py[line:701]: xxl_job web 登录成功！
INFO - 2021-11-05 15:47:07,977 - new_apply_order.py[line:717]: xxl_job 放款准备作业执行成功！
INFO - 2021-11-05 15:47:09,371 - new_apply_order.py[line:632]: 查询loan_order_id成功！
INFO - 2021-11-05 15:47:09,387 - new_apply_order.py[line:725]: 修改放款准备完成时间成功！
INFO - 2021-11-05 15:47:09,394 - new_apply_order.py[line:733]: xxl_job 放款完成作业执行成功！
INFO - 2021-11-05 15:47:09,898 - new_apply_order.py[line:905]: 校验重试查询第3次
INFO - 2021-11-05 15:47:10,914 - new_apply_order.py[line:799]: 放款完成或准备成功,目前的订单状态是40
INFO - 2021-11-05 15:47:10,914 - new_apply_order.py[line:802]: {'app': 'starmoni', 'loan_order_id': '1456528447084040192', 'mobile': '01636098416', 'order_status': 40}
INFO - 2021-11-05 15:47:10,914 - new_apply_order.py[line:922]: ===========完成第【7】次进件===========
INFO - 2021-11-05 15:47:10,915 - new_apply_order.py[line:882]: 开始第 starmoni【8】次进件……
INFO - 2021-11-05 15:47:10,916 - new_apply_order.py[line:84]: ======【nga测试环境】生成手机号：01636098430 ======
INFO - 2021-11-05 15:47:11,255 - new_apply_order.py[line:97]: 01636098430 检测用户存在成功！
INFO - 2021-11-05 15:47:11,314 - new_apply_order.py[line:106]: 01636098430 短信发送成功！
INFO - 2021-11-05 15:47:11,364 - new_apply_order.py[line:119]: 01636098430 注册成功！
INFO - 2021-11-05 15:47:11,425 - new_apply_order.py[line:135]: 01636098430 登录短信发送成功！
INFO - 2021-11-05 15:47:11,482 - new_apply_order.py[line:145]: userId=6227917949301039104,mobile=01636098430,token=35eafe6375f32683b0a2a25a0a975031 登录成功
INFO - 2021-11-05 15:47:11,555 - new_apply_order.py[line:212]: 个人信息提交成功！
INFO - 2021-11-05 15:47:11,601 - new_apply_order.py[line:223]: 联系人信息提交成功！
INFO - 2021-11-05 15:47:11,803 - new_apply_order.py[line:255]: 创建预审订单成功！
INFO - 2021-11-05 15:47:11,817 - new_apply_order.py[line:263]: 预审状态修改为通过,更新条数 1
INFO - 2021-11-05 15:47:11,829 - new_apply_order.py[line:266]: 更新初始额度！更新条数 1
INFO - 2021-11-05 15:47:12,121 - new_apply_order.py[line:342]: 活体图片上传成功！回写配置文件global_param.mp4_url
INFO - 2021-11-05 15:47:12,157 - new_apply_order.py[line:352]: 视频认证通过！
INFO - 2021-11-05 15:47:13,201 - new_apply_order.py[line:510]: bvn和银行卡绑卡认证通过！
INFO - 2021-11-05 15:47:13,517 - new_apply_order.py[line:561]: user更新1条
INFO - 2021-11-05 15:47:13,739 - new_apply_order.py[line:612]: 进件成功！执行sql将订单改为风控中……
INFO - 2021-11-05 15:47:14,766 - new_apply_order.py[line:618]: 订单表更新1条，信审更新1条
INFO - 2021-11-05 15:47:15,114 - new_apply_order.py[line:632]: 查询loan_order_id成功！
INFO - 2021-11-05 15:47:15,157 - new_apply_order.py[line:647]: 订单回调复审通过成功！
INFO - 2021-11-05 15:47:15,924 - new_apply_order.py[line:669]: 获取token成功！token=bearer d5992460-d0b8-41c1-a203-8106a462060d！
INFO - 2021-11-05 15:47:16,281 - new_apply_order.py[line:632]: 查询loan_order_id成功！
INFO - 2021-11-05 15:47:16,632 - new_apply_order.py[line:687]: 后台已触发放款成功！
INFO - 2021-11-05 15:47:16,648 - new_apply_order.py[line:701]: xxl_job web 登录成功！
INFO - 2021-11-05 15:47:16,659 - new_apply_order.py[line:717]: xxl_job 放款准备作业执行成功！
INFO - 2021-11-05 15:47:18,016 - new_apply_order.py[line:632]: 查询loan_order_id成功！
INFO - 2021-11-05 15:47:18,026 - new_apply_order.py[line:725]: 修改放款准备完成时间成功！
INFO - 2021-11-05 15:47:18,033 - new_apply_order.py[line:733]: xxl_job 放款完成作业执行成功！
INFO - 2021-11-05 15:47:18,337 - new_apply_order.py[line:905]: 校验重试查询第1次
ERROR - 2021-11-05 15:47:19,351 - new_apply_order.py[line:801]: 放款完成或准备失败,目前的订单状态是32
INFO - 2021-11-05 15:47:19,351 - new_apply_order.py[line:802]: {'app': 'starmoni', 'loan_order_id': '1456528506915786752', 'mobile': '01636098430', 'order_status': 32}
INFO - 2021-11-05 15:47:19,364 - new_apply_order.py[line:701]: xxl_job web 登录成功！
INFO - 2021-11-05 15:47:19,375 - new_apply_order.py[line:717]: xxl_job 放款准备作业执行成功！
INFO - 2021-11-05 15:47:20,744 - new_apply_order.py[line:632]: 查询loan_order_id成功！
INFO - 2021-11-05 15:47:20,762 - new_apply_order.py[line:725]: 修改放款准备完成时间成功！
INFO - 2021-11-05 15:47:20,771 - new_apply_order.py[line:733]: xxl_job 放款完成作业执行成功！
INFO - 2021-11-05 15:47:21,276 - new_apply_order.py[line:905]: 校验重试查询第2次
INFO - 2021-11-05 15:47:22,286 - new_apply_order.py[line:799]: 放款完成或准备成功,目前的订单状态是40
INFO - 2021-11-05 15:47:22,286 - new_apply_order.py[line:802]: {'app': 'starmoni', 'loan_order_id': '1456528506915786752', 'mobile': '01636098430', 'order_status': 40}
INFO - 2021-11-05 15:47:22,286 - new_apply_order.py[line:922]: ===========完成第【8】次进件===========
INFO - 2021-11-05 15:47:22,287 - new_apply_order.py[line:882]: 开始第 starmoni【9】次进件……
INFO - 2021-11-05 15:47:22,287 - new_apply_order.py[line:84]: ======【nga测试环境】生成手机号：01636098442 ======
INFO - 2021-11-05 15:47:22,633 - new_apply_order.py[line:97]: 01636098442 检测用户存在成功！
INFO - 2021-11-05 15:47:22,673 - new_apply_order.py[line:106]: 01636098442 短信发送成功！
INFO - 2021-11-05 15:47:22,712 - new_apply_order.py[line:119]: 01636098442 注册成功！
INFO - 2021-11-05 15:47:22,760 - new_apply_order.py[line:135]: 01636098442 登录短信发送成功！
INFO - 2021-11-05 15:47:22,804 - new_apply_order.py[line:145]: userId=6227917996910583808,mobile=01636098442,token=4cf07da8e356024a2be12075e87fbd39 登录成功
INFO - 2021-11-05 15:47:22,899 - new_apply_order.py[line:212]: 个人信息提交成功！
INFO - 2021-11-05 15:47:22,948 - new_apply_order.py[line:223]: 联系人信息提交成功！
INFO - 2021-11-05 15:47:23,181 - new_apply_order.py[line:255]: 创建预审订单成功！
INFO - 2021-11-05 15:47:23,196 - new_apply_order.py[line:263]: 预审状态修改为通过,更新条数 1
INFO - 2021-11-05 15:47:23,210 - new_apply_order.py[line:266]: 更新初始额度！更新条数 1
INFO - 2021-11-05 15:47:23,503 - new_apply_order.py[line:342]: 活体图片上传成功！回写配置文件global_param.mp4_url
INFO - 2021-11-05 15:47:23,538 - new_apply_order.py[line:352]: 视频认证通过！
INFO - 2021-11-05 15:47:24,558 - new_apply_order.py[line:510]: bvn和银行卡绑卡认证通过！
INFO - 2021-11-05 15:47:24,869 - new_apply_order.py[line:561]: user更新1条
INFO - 2021-11-05 15:47:25,069 - new_apply_order.py[line:612]: 进件成功！执行sql将订单改为风控中……
INFO - 2021-11-05 15:47:26,110 - new_apply_order.py[line:618]: 订单表更新1条，信审更新1条
INFO - 2021-11-05 15:47:26,470 - new_apply_order.py[line:632]: 查询loan_order_id成功！
INFO - 2021-11-05 15:47:26,518 - new_apply_order.py[line:647]: 订单回调复审通过成功！
INFO - 2021-11-05 15:47:27,288 - new_apply_order.py[line:669]: 获取token成功！token=bearer d5992460-d0b8-41c1-a203-8106a462060d！
INFO - 2021-11-05 15:47:27,640 - new_apply_order.py[line:632]: 查询loan_order_id成功！
INFO - 2021-11-05 15:47:27,995 - new_apply_order.py[line:687]: 后台已触发放款成功！
INFO - 2021-11-05 15:47:28,010 - new_apply_order.py[line:701]: xxl_job web 登录成功！
INFO - 2021-11-05 15:47:28,019 - new_apply_order.py[line:717]: xxl_job 放款准备作业执行成功！
INFO - 2021-11-05 15:47:29,371 - new_apply_order.py[line:632]: 查询loan_order_id成功！
INFO - 2021-11-05 15:47:29,382 - new_apply_order.py[line:725]: 修改放款准备完成时间成功！
INFO - 2021-11-05 15:47:29,388 - new_apply_order.py[line:733]: xxl_job 放款完成作业执行成功！
INFO - 2021-11-05 15:47:29,695 - new_apply_order.py[line:905]: 校验重试查询第1次
ERROR - 2021-11-05 15:47:30,706 - new_apply_order.py[line:801]: 放款完成或准备失败,目前的订单状态是32
INFO - 2021-11-05 15:47:30,707 - new_apply_order.py[line:802]: {'app': 'starmoni', 'loan_order_id': '1456528554621800448', 'mobile': '01636098442', 'order_status': 32}
INFO - 2021-11-05 15:47:30,717 - new_apply_order.py[line:701]: xxl_job web 登录成功！
INFO - 2021-11-05 15:47:30,725 - new_apply_order.py[line:717]: xxl_job 放款准备作业执行成功！
INFO - 2021-11-05 15:47:32,079 - new_apply_order.py[line:632]: 查询loan_order_id成功！
INFO - 2021-11-05 15:47:32,094 - new_apply_order.py[line:725]: 修改放款准备完成时间成功！
INFO - 2021-11-05 15:47:32,100 - new_apply_order.py[line:733]: xxl_job 放款完成作业执行成功！
INFO - 2021-11-05 15:47:32,604 - new_apply_order.py[line:905]: 校验重试查询第2次
INFO - 2021-11-05 15:47:33,620 - new_apply_order.py[line:799]: 放款完成或准备成功,目前的订单状态是40
INFO - 2021-11-05 15:47:33,621 - new_apply_order.py[line:802]: {'app': 'starmoni', 'loan_order_id': '1456528554621800448', 'mobile': '01636098442', 'order_status': 40}
INFO - 2021-11-05 15:47:33,621 - new_apply_order.py[line:922]: ===========完成第【9】次进件===========
INFO - 2021-11-05 15:47:33,622 - new_apply_order.py[line:882]: 开始第 starmoni【10】次进件……
INFO - 2021-11-05 15:47:33,623 - new_apply_order.py[line:84]: ======【nga测试环境】生成手机号：01636098453 ======
INFO - 2021-11-05 15:47:33,969 - new_apply_order.py[line:97]: 01636098453 检测用户存在成功！
INFO - 2021-11-05 15:47:34,015 - new_apply_order.py[line:106]: 01636098453 短信发送成功！
INFO - 2021-11-05 15:47:34,055 - new_apply_order.py[line:119]: 01636098453 注册成功！
INFO - 2021-11-05 15:47:34,106 - new_apply_order.py[line:135]: 01636098453 登录短信发送成功！
INFO - 2021-11-05 15:47:34,150 - new_apply_order.py[line:145]: userId=6227918044494962688,mobile=01636098453,token=b99410216fe88284880e5e92bc2a382b 登录成功
INFO - 2021-11-05 15:47:34,229 - new_apply_order.py[line:212]: 个人信息提交成功！
INFO - 2021-11-05 15:47:34,278 - new_apply_order.py[line:223]: 联系人信息提交成功！
INFO - 2021-11-05 15:47:34,484 - new_apply_order.py[line:255]: 创建预审订单成功！
INFO - 2021-11-05 15:47:34,504 - new_apply_order.py[line:263]: 预审状态修改为通过,更新条数 1
INFO - 2021-11-05 15:47:34,521 - new_apply_order.py[line:266]: 更新初始额度！更新条数 1
INFO - 2021-11-05 15:47:34,810 - new_apply_order.py[line:342]: 活体图片上传成功！回写配置文件global_param.mp4_url
INFO - 2021-11-05 15:47:34,843 - new_apply_order.py[line:352]: 视频认证通过！
INFO - 2021-11-05 15:47:35,827 - new_apply_order.py[line:510]: bvn和银行卡绑卡认证通过！
INFO - 2021-11-05 15:47:36,167 - new_apply_order.py[line:561]: user更新1条
INFO - 2021-11-05 15:47:36,378 - new_apply_order.py[line:612]: 进件成功！执行sql将订单改为风控中……
INFO - 2021-11-05 15:47:37,411 - new_apply_order.py[line:618]: 订单表更新1条，信审更新1条
INFO - 2021-11-05 15:47:37,763 - new_apply_order.py[line:632]: 查询loan_order_id成功！
INFO - 2021-11-05 15:47:37,799 - new_apply_order.py[line:647]: 订单回调复审通过成功！
INFO - 2021-11-05 15:47:38,557 - new_apply_order.py[line:669]: 获取token成功！token=bearer d5992460-d0b8-41c1-a203-8106a462060d！
INFO - 2021-11-05 15:47:38,901 - new_apply_order.py[line:632]: 查询loan_order_id成功！
INFO - 2021-11-05 15:47:39,236 - new_apply_order.py[line:687]: 后台已触发放款成功！
INFO - 2021-11-05 15:47:39,245 - new_apply_order.py[line:701]: xxl_job web 登录成功！
INFO - 2021-11-05 15:47:39,253 - new_apply_order.py[line:717]: xxl_job 放款准备作业执行成功！
INFO - 2021-11-05 15:47:40,612 - new_apply_order.py[line:632]: 查询loan_order_id成功！
INFO - 2021-11-05 15:47:40,628 - new_apply_order.py[line:725]: 修改放款准备完成时间成功！
INFO - 2021-11-05 15:47:40,635 - new_apply_order.py[line:733]: xxl_job 放款完成作业执行成功！
INFO - 2021-11-05 15:47:40,944 - new_apply_order.py[line:905]: 校验重试查询第1次
ERROR - 2021-11-05 15:47:41,964 - new_apply_order.py[line:801]: 放款完成或准备失败,目前的订单状态是32
INFO - 2021-11-05 15:47:41,964 - new_apply_order.py[line:802]: {'app': 'starmoni', 'loan_order_id': '1456528602025824256', 'mobile': '01636098453', 'order_status': 32}
INFO - 2021-11-05 15:47:41,976 - new_apply_order.py[line:701]: xxl_job web 登录成功！
INFO - 2021-11-05 15:47:41,986 - new_apply_order.py[line:717]: xxl_job 放款准备作业执行成功！
INFO - 2021-11-05 15:47:43,346 - new_apply_order.py[line:632]: 查询loan_order_id成功！
INFO - 2021-11-05 15:47:43,365 - new_apply_order.py[line:725]: 修改放款准备完成时间成功！
INFO - 2021-11-05 15:47:43,372 - new_apply_order.py[line:733]: xxl_job 放款完成作业执行成功！
INFO - 2021-11-05 15:47:43,877 - new_apply_order.py[line:905]: 校验重试查询第2次
INFO - 2021-11-05 15:47:44,890 - new_apply_order.py[line:799]: 放款完成或准备成功,目前的订单状态是40
INFO - 2021-11-05 15:47:44,890 - new_apply_order.py[line:802]: {'app': 'starmoni', 'loan_order_id': '1456528602025824256', 'mobile': '01636098453', 'order_status': 40}
INFO - 2021-11-05 15:47:44,891 - new_apply_order.py[line:922]: ===========完成第【10】次进件===========
INFO - 2021-11-05 15:47:44,891 - new_apply_order.py[line:925]: ======完成第【10】次进件,耗时121.33s=====
