INFO - 2021-09-28 17:03:46,181 - new_apply_order.py[line:792]: 开始第 pcamion【1】次进件……
INFO - 2021-09-28 17:03:46,181 - new_apply_order.py[line:82]: ======【co测试环境】生成手机号：3632819826 ======
INFO - 2021-09-28 17:03:46,554 - new_apply_order.py[line:95]: 3632819826 检测用户存在成功！
INFO - 2021-09-28 17:03:46,625 - new_apply_order.py[line:104]: 3632819826 短信发送成功！
INFO - 2021-09-28 17:03:46,694 - new_apply_order.py[line:117]: 3632819826 注册成功！
INFO - 2021-09-28 17:03:46,793 - new_apply_order.py[line:133]: 3632819826 登录短信发送成功！
INFO - 2021-09-28 17:03:46,856 - new_apply_order.py[line:143]: userId=4955875284314628096,mobile=3632819826,token=2b9dd3c7a2a761702f6126b757264ab5 登录成功
INFO - 2021-09-28 17:03:46,953 - new_apply_order.py[line:205]: 个人信息提交成功！
INFO - 2021-09-28 17:03:47,316 - new_apply_order.py[line:238]: 创建预审订单成功！
INFO - 2021-09-28 17:03:47,339 - new_apply_order.py[line:246]: 预审状态修改为通过,更新条数 1
INFO - 2021-09-28 17:03:47,360 - new_apply_order.py[line:249]: 更新初始额度！更新条数 1
INFO - 2021-09-28 17:03:47,674 - new_apply_order.py[line:266]: 活体图片上传成功！回写配置文件global_param.mp4_url
INFO - 2021-09-28 17:03:47,722 - new_apply_order.py[line:276]: 视频认证通过！
INFO - 2021-09-28 17:03:48,881 - new_apply_order.py[line:364]: curp上传成功!
INFO - 2021-09-28 17:03:49,003 - new_apply_order.py[line:373]: curp_rfc校验通过！
INFO - 2021-09-28 17:03:49,543 - new_apply_order.py[line:509]: 不绑卡成功跳过！
INFO - 2021-09-28 17:03:49,851 - new_apply_order.py[line:522]: 进件成功！执行sql将订单改为风控中……
INFO - 2021-09-28 17:03:50,899 - new_apply_order.py[line:528]: 订单表更新1条，信审更新1条
INFO - 2021-09-28 17:03:51,500 - new_apply_order.py[line:542]: 查询loan_order_id成功！
INFO - 2021-09-28 17:03:51,548 - new_apply_order.py[line:557]: 订单回调复审通过成功！
INFO - 2021-09-28 17:03:52,335 - new_apply_order.py[line:579]: 获取token成功！token=bearer 865c2336-1deb-4ab5-a340-be6a1b6488ee！
INFO - 2021-09-28 17:03:52,906 - new_apply_order.py[line:542]: 查询loan_order_id成功！
INFO - 2021-09-28 17:03:53,247 - new_apply_order.py[line:597]: 后台已触发放款成功！
INFO - 2021-09-28 17:03:53,261 - new_apply_order.py[line:611]: xxl_job web 登录成功！
INFO - 2021-09-28 17:03:53,274 - new_apply_order.py[line:627]: xxl_job 放款准备作业执行成功！
INFO - 2021-09-28 17:03:54,874 - new_apply_order.py[line:542]: 查询loan_order_id成功！
INFO - 2021-09-28 17:03:54,892 - new_apply_order.py[line:635]: 修改放款准备完成时间成功！
INFO - 2021-09-28 17:03:54,901 - new_apply_order.py[line:643]: xxl_job 放款完成作业执行成功！
INFO - 2021-09-28 17:03:55,209 - new_apply_order.py[line:815]: 校验重试查询第1次
ERROR - 2021-09-28 17:03:56,224 - new_apply_order.py[line:711]: 放款完成或准备失败,目前的订单状态是35
INFO - 2021-09-28 17:03:56,224 - new_apply_order.py[line:712]: {'app': 'pcamion', 'loan_order_id': '1442777042224025600', 'mobile': '3632819826', 'order_status': 35}
INFO - 2021-09-28 17:03:56,729 - new_apply_order.py[line:815]: 校验重试查询第2次
ERROR - 2021-09-28 17:03:57,744 - new_apply_order.py[line:711]: 放款完成或准备失败,目前的订单状态是35
INFO - 2021-09-28 17:03:57,745 - new_apply_order.py[line:712]: {'app': 'pcamion', 'loan_order_id': '1442777042224025600', 'mobile': '3632819826', 'order_status': 35}
INFO - 2021-09-28 17:03:58,253 - new_apply_order.py[line:815]: 校验重试查询第3次
ERROR - 2021-09-28 17:03:59,260 - new_apply_order.py[line:711]: 放款完成或准备失败,目前的订单状态是35
INFO - 2021-09-28 17:03:59,260 - new_apply_order.py[line:712]: {'app': 'pcamion', 'loan_order_id': '1442777042224025600', 'mobile': '3632819826', 'order_status': 35}
INFO - 2021-09-28 17:03:59,767 - new_apply_order.py[line:815]: 校验重试查询第4次
ERROR - 2021-09-28 17:04:00,781 - new_apply_order.py[line:711]: 放款完成或准备失败,目前的订单状态是35
INFO - 2021-09-28 17:04:00,781 - new_apply_order.py[line:712]: {'app': 'pcamion', 'loan_order_id': '1442777042224025600', 'mobile': '3632819826', 'order_status': 35}
INFO - 2021-09-28 17:04:01,287 - new_apply_order.py[line:815]: 校验重试查询第5次
ERROR - 2021-09-28 17:04:02,300 - new_apply_order.py[line:711]: 放款完成或准备失败,目前的订单状态是35
INFO - 2021-09-28 17:04:02,300 - new_apply_order.py[line:712]: {'app': 'pcamion', 'loan_order_id': '1442777042224025600', 'mobile': '3632819826', 'order_status': 35}
INFO - 2021-09-28 17:04:02,807 - new_apply_order.py[line:815]: 校验重试查询第6次
ERROR - 2021-09-28 17:04:03,824 - new_apply_order.py[line:711]: 放款完成或准备失败,目前的订单状态是35
INFO - 2021-09-28 17:04:03,824 - new_apply_order.py[line:712]: {'app': 'pcamion', 'loan_order_id': '1442777042224025600', 'mobile': '3632819826', 'order_status': 35}
INFO - 2021-09-28 17:04:04,330 - new_apply_order.py[line:815]: 校验重试查询第7次
ERROR - 2021-09-28 17:04:05,342 - new_apply_order.py[line:711]: 放款完成或准备失败,目前的订单状态是35
INFO - 2021-09-28 17:04:05,342 - new_apply_order.py[line:712]: {'app': 'pcamion', 'loan_order_id': '1442777042224025600', 'mobile': '3632819826', 'order_status': 35}
INFO - 2021-09-28 17:04:05,847 - new_apply_order.py[line:815]: 校验重试查询第8次
ERROR - 2021-09-28 17:04:06,864 - new_apply_order.py[line:711]: 放款完成或准备失败,目前的订单状态是35
INFO - 2021-09-28 17:04:06,864 - new_apply_order.py[line:712]: {'app': 'pcamion', 'loan_order_id': '1442777042224025600', 'mobile': '3632819826', 'order_status': 35}
INFO - 2021-09-28 17:04:07,370 - new_apply_order.py[line:815]: 校验重试查询第9次
ERROR - 2021-09-28 17:04:08,384 - new_apply_order.py[line:711]: 放款完成或准备失败,目前的订单状态是35
INFO - 2021-09-28 17:04:08,385 - new_apply_order.py[line:712]: {'app': 'pcamion', 'loan_order_id': '1442777042224025600', 'mobile': '3632819826', 'order_status': 35}
INFO - 2021-09-28 17:04:08,887 - new_apply_order.py[line:815]: 校验重试查询第10次
ERROR - 2021-09-28 17:04:09,901 - new_apply_order.py[line:711]: 放款完成或准备失败,目前的订单状态是36
INFO - 2021-09-28 17:04:09,901 - new_apply_order.py[line:712]: {'app': 'pcamion', 'loan_order_id': '1442777042224025600', 'mobile': '3632819826', 'order_status': 36}
INFO - 2021-09-28 17:04:09,905 - new_apply_order.py[line:832]: ===========完成第【1】次进件===========
INFO - 2021-09-28 17:04:09,905 - new_apply_order.py[line:835]: ======完成第【1】次进件,耗时23.72s=====
