INFO - 2021-12-02 14:57:11,718 - new_apply_order.py[line:882]: 开始第 kencash【1】次进件……
INFO - 2021-12-02 14:57:11,719 - new_apply_order.py[line:84]: ======【ke测试环境】生成手机号：738428231 ======
INFO - 2021-12-02 14:57:12,112 - new_apply_order.py[line:97]: 738428231 检测用户存在成功！
INFO - 2021-12-02 14:57:12,196 - new_apply_order.py[line:106]: 738428231 短信发送成功！
INFO - 2021-12-02 14:57:12,256 - new_apply_order.py[line:119]: 738428231 注册成功！
INFO - 2021-12-02 14:57:12,329 - new_apply_order.py[line:135]: 738428231 登录短信发送成功！
INFO - 2021-12-02 14:57:12,386 - new_apply_order.py[line:145]: userId=6237689842228928512,mobile=738428231,token=ad93ad781be3e365408b78d3f54da835 登录成功
INFO - 2021-12-02 14:57:12,568 - new_apply_order.py[line:212]: 个人信息提交成功！
INFO - 2021-12-02 14:57:12,640 - new_apply_order.py[line:232]: 联系人信息提交成功！
INFO - 2021-12-02 14:57:13,110 - new_apply_order.py[line:255]: 创建预审订单成功！
INFO - 2021-12-02 14:57:13,129 - new_apply_order.py[line:263]: 预审状态修改为通过,更新条数 1
INFO - 2021-12-02 14:57:13,141 - new_apply_order.py[line:266]: 更新初始额度！更新条数 1
INFO - 2021-12-02 14:57:13,454 - new_apply_order.py[line:342]: 活体图片上传成功！回写配置文件global_param.mp4_url
INFO - 2021-12-02 14:57:13,502 - new_apply_order.py[line:352]: 视频认证通过！
ERROR - 2021-12-02 14:57:13,741 - new_apply_order.py[line:579]: 绑卡失败！{"code":"60001004","msg":"The OTP has expired.please regenerate OTP to try again","data":null}
INFO - 2021-12-02 14:57:14,140 - new_apply_order.py[line:612]: 进件成功！执行sql将订单改为风控中……
INFO - 2021-12-02 14:57:15,179 - new_apply_order.py[line:618]: 订单表更新1条，信审更新1条
INFO - 2021-12-02 14:57:15,563 - new_apply_order.py[line:632]: 查询loan_order_id成功！
INFO - 2021-12-02 14:57:15,651 - new_apply_order.py[line:647]: 订单回调复审通过成功！
INFO - 2021-12-02 14:57:16,520 - new_apply_order.py[line:669]: 获取token成功！token=bearer 79c1b5ea-9238-47e0-a22f-ee222d185aac！
INFO - 2021-12-02 14:57:16,894 - new_apply_order.py[line:632]: 查询loan_order_id成功！
INFO - 2021-12-02 14:57:17,669 - new_apply_order.py[line:687]: 后台已触发放款成功！
INFO - 2021-12-02 14:57:17,682 - new_apply_order.py[line:701]: xxl_job web 登录成功！
INFO - 2021-12-02 14:57:17,693 - new_apply_order.py[line:717]: xxl_job 放款准备作业执行成功！
INFO - 2021-12-02 14:57:19,065 - new_apply_order.py[line:632]: 查询loan_order_id成功！
INFO - 2021-12-02 14:57:19,077 - new_apply_order.py[line:725]: 修改放款准备完成时间成功！
INFO - 2021-12-02 14:57:19,083 - new_apply_order.py[line:733]: xxl_job 放款完成作业执行成功！
INFO - 2021-12-02 14:57:19,447 - new_apply_order.py[line:632]: 查询loan_order_id成功！
INFO - 2021-12-02 14:57:19,788 - new_apply_order.py[line:905]: 校验重试查询第1次
ERROR - 2021-12-02 14:57:20,806 - new_apply_order.py[line:801]: 放款完成或准备失败,目前的订单状态是30
INFO - 2021-12-02 14:57:20,807 - new_apply_order.py[line:802]: {'app': 'kencash', 'loan_order_id': '1466300400692760576', 'mobile': '738428231', 'order_status': 30}
INFO - 2021-12-02 14:57:20,807 - new_apply_order.py[line:905]: 校验重试查询第2次
ERROR - 2021-12-02 14:57:21,820 - new_apply_order.py[line:801]: 放款完成或准备失败,目前的订单状态是30
INFO - 2021-12-02 14:57:21,820 - new_apply_order.py[line:802]: {'app': 'kencash', 'loan_order_id': '1466300400692760576', 'mobile': '738428231', 'order_status': 30}
INFO - 2021-12-02 14:57:21,820 - new_apply_order.py[line:905]: 校验重试查询第3次
ERROR - 2021-12-02 14:57:22,839 - new_apply_order.py[line:801]: 放款完成或准备失败,目前的订单状态是30
INFO - 2021-12-02 14:57:22,839 - new_apply_order.py[line:802]: {'app': 'kencash', 'loan_order_id': '1466300400692760576', 'mobile': '738428231', 'order_status': 30}
INFO - 2021-12-02 14:57:22,839 - new_apply_order.py[line:905]: 校验重试查询第4次
ERROR - 2021-12-02 14:57:23,858 - new_apply_order.py[line:801]: 放款完成或准备失败,目前的订单状态是30
INFO - 2021-12-02 14:57:23,858 - new_apply_order.py[line:802]: {'app': 'kencash', 'loan_order_id': '1466300400692760576', 'mobile': '738428231', 'order_status': 30}
INFO - 2021-12-02 14:57:23,858 - new_apply_order.py[line:905]: 校验重试查询第5次
ERROR - 2021-12-02 14:57:24,875 - new_apply_order.py[line:801]: 放款完成或准备失败,目前的订单状态是30
INFO - 2021-12-02 14:57:24,875 - new_apply_order.py[line:802]: {'app': 'kencash', 'loan_order_id': '1466300400692760576', 'mobile': '738428231', 'order_status': 30}
INFO - 2021-12-02 14:57:24,875 - new_apply_order.py[line:905]: 校验重试查询第6次
ERROR - 2021-12-02 14:57:25,886 - new_apply_order.py[line:801]: 放款完成或准备失败,目前的订单状态是30
INFO - 2021-12-02 14:57:25,887 - new_apply_order.py[line:802]: {'app': 'kencash', 'loan_order_id': '1466300400692760576', 'mobile': '738428231', 'order_status': 30}
INFO - 2021-12-02 14:57:25,887 - new_apply_order.py[line:905]: 校验重试查询第7次
ERROR - 2021-12-02 14:57:26,902 - new_apply_order.py[line:801]: 放款完成或准备失败,目前的订单状态是30
INFO - 2021-12-02 14:57:26,902 - new_apply_order.py[line:802]: {'app': 'kencash', 'loan_order_id': '1466300400692760576', 'mobile': '738428231', 'order_status': 30}
INFO - 2021-12-02 14:57:26,902 - new_apply_order.py[line:905]: 校验重试查询第8次
ERROR - 2021-12-02 14:57:27,918 - new_apply_order.py[line:801]: 放款完成或准备失败,目前的订单状态是30
INFO - 2021-12-02 14:57:27,918 - new_apply_order.py[line:802]: {'app': 'kencash', 'loan_order_id': '1466300400692760576', 'mobile': '738428231', 'order_status': 30}
INFO - 2021-12-02 14:57:27,918 - new_apply_order.py[line:905]: 校验重试查询第9次
ERROR - 2021-12-02 14:57:28,933 - new_apply_order.py[line:801]: 放款完成或准备失败,目前的订单状态是30
INFO - 2021-12-02 14:57:28,933 - new_apply_order.py[line:802]: {'app': 'kencash', 'loan_order_id': '1466300400692760576', 'mobile': '738428231', 'order_status': 30}
INFO - 2021-12-02 14:57:28,933 - new_apply_order.py[line:905]: 校验重试查询第10次
ERROR - 2021-12-02 14:57:29,950 - new_apply_order.py[line:801]: 放款完成或准备失败,目前的订单状态是30
INFO - 2021-12-02 14:57:29,951 - new_apply_order.py[line:802]: {'app': 'kencash', 'loan_order_id': '1466300400692760576', 'mobile': '738428231', 'order_status': 30}
INFO - 2021-12-02 14:57:29,951 - new_apply_order.py[line:922]: ===========完成第【1】次进件===========
INFO - 2021-12-02 14:57:29,951 - new_apply_order.py[line:925]: ======完成第【1】次进件,耗时18.23s=====
