INFO - 2021-11-05 09:54:07,998 - new_apply_order.py[line:882]: 开始第 ncredit【1】次进件……
INFO - 2021-11-05 09:54:07,999 - new_apply_order.py[line:84]: ======【nga测试环境】生成手机号：01636077247 ======
INFO - 2021-11-05 09:54:08,395 - new_apply_order.py[line:97]: 01636077247 检测用户存在成功！
INFO - 2021-11-05 09:54:08,452 - new_apply_order.py[line:106]: 01636077247 短信发送成功！
INFO - 2021-11-05 09:54:08,548 - new_apply_order.py[line:119]: 01636077247 注册成功！
INFO - 2021-11-05 09:54:08,630 - new_apply_order.py[line:135]: 01636077247 登录短信发送成功！
INFO - 2021-11-05 09:54:08,679 - new_apply_order.py[line:145]: userId=6227829101820649472,mobile=01636077247,token=927a3b0db3534c46dca4e3df0e05ae6b 登录成功
INFO - 2021-11-05 09:54:08,784 - new_apply_order.py[line:212]: 个人信息提交成功！
INFO - 2021-11-05 09:54:08,849 - new_apply_order.py[line:223]: 联系人信息提交成功！
INFO - 2021-11-05 09:54:09,201 - new_apply_order.py[line:255]: 创建预审订单成功！
INFO - 2021-11-05 09:54:09,226 - new_apply_order.py[line:263]: 预审状态修改为通过,更新条数 1
INFO - 2021-11-05 09:54:09,248 - new_apply_order.py[line:266]: 更新初始额度！更新条数 1
INFO - 2021-11-05 09:54:09,518 - new_apply_order.py[line:342]: 活体图片上传成功！回写配置文件global_param.mp4_url
INFO - 2021-11-05 09:54:09,564 - new_apply_order.py[line:352]: 视频认证通过！
INFO - 2021-11-05 09:54:10,672 - new_apply_order.py[line:510]: bvn和银行卡绑卡认证通过！
INFO - 2021-11-05 09:54:10,996 - new_apply_order.py[line:561]: user更新1条
INFO - 2021-11-05 09:54:11,236 - new_apply_order.py[line:612]: 进件成功！执行sql将订单改为风控中……
INFO - 2021-11-05 09:54:12,274 - new_apply_order.py[line:618]: 订单表更新1条，信审更新1条
INFO - 2021-11-05 09:54:12,645 - new_apply_order.py[line:632]: 查询loan_order_id成功！
INFO - 2021-11-05 09:54:12,692 - new_apply_order.py[line:647]: 订单回调复审通过成功！
INFO - 2021-11-05 09:54:13,488 - new_apply_order.py[line:669]: 获取token成功！token=bearer d5992460-d0b8-41c1-a203-8106a462060d！
INFO - 2021-11-05 09:54:13,854 - new_apply_order.py[line:632]: 查询loan_order_id成功！
INFO - 2021-11-05 09:54:14,161 - new_apply_order.py[line:687]: 后台已触发放款成功！
INFO - 2021-11-05 09:54:14,176 - new_apply_order.py[line:701]: xxl_job web 登录成功！
INFO - 2021-11-05 09:54:14,188 - new_apply_order.py[line:717]: xxl_job 放款准备作业执行成功！
INFO - 2021-11-05 09:54:15,542 - new_apply_order.py[line:632]: 查询loan_order_id成功！
INFO - 2021-11-05 09:54:15,557 - new_apply_order.py[line:725]: 修改放款准备完成时间成功！
INFO - 2021-11-05 09:54:15,565 - new_apply_order.py[line:733]: xxl_job 放款完成作业执行成功！
INFO - 2021-11-05 09:54:15,871 - new_apply_order.py[line:905]: 校验重试查询第1次
ERROR - 2021-11-05 09:54:16,891 - new_apply_order.py[line:801]: 放款完成或准备失败,目前的订单状态是32
INFO - 2021-11-05 09:54:16,891 - new_apply_order.py[line:802]: {'app': 'ncredit', 'loan_order_id': '1456439659948150784', 'mobile': '01636077247', 'order_status': 32}
INFO - 2021-11-05 09:54:16,907 - new_apply_order.py[line:701]: xxl_job web 登录成功！
INFO - 2021-11-05 09:54:16,918 - new_apply_order.py[line:717]: xxl_job 放款准备作业执行成功！
INFO - 2021-11-05 09:54:18,277 - new_apply_order.py[line:632]: 查询loan_order_id成功！
INFO - 2021-11-05 09:54:18,295 - new_apply_order.py[line:725]: 修改放款准备完成时间成功！
INFO - 2021-11-05 09:54:18,304 - new_apply_order.py[line:733]: xxl_job 放款完成作业执行成功！
INFO - 2021-11-05 09:54:18,806 - new_apply_order.py[line:905]: 校验重试查询第2次
ERROR - 2021-11-05 09:54:19,826 - new_apply_order.py[line:801]: 放款完成或准备失败,目前的订单状态是35
INFO - 2021-11-05 09:54:19,827 - new_apply_order.py[line:802]: {'app': 'ncredit', 'loan_order_id': '1456439659948150784', 'mobile': '01636077247', 'order_status': 35}
INFO - 2021-11-05 09:54:20,337 - new_apply_order.py[line:905]: 校验重试查询第3次
INFO - 2021-11-05 09:54:21,356 - new_apply_order.py[line:799]: 放款完成或准备成功,目前的订单状态是40
INFO - 2021-11-05 09:54:21,356 - new_apply_order.py[line:802]: {'app': 'ncredit', 'loan_order_id': '1456439659948150784', 'mobile': '01636077247', 'order_status': 40}
INFO - 2021-11-05 09:54:21,358 - new_apply_order.py[line:922]: ===========完成第【1】次进件===========
INFO - 2021-11-05 09:54:21,358 - new_apply_order.py[line:925]: ======完成第【1】次进件,耗时13.36s=====
