INFO - 2021-10-19 13:36:54,157 - new_apply_order.py[line:955]: 开始第 quickmoney【1】次进件……
INFO - 2021-10-19 13:36:54,158 - new_apply_order.py[line:84]: ======【pk测试环境】生成手机号：1634621814 ======
INFO - 2021-10-19 13:36:54,533 - new_apply_order.py[line:97]: 1634621814 检测用户存在成功！
INFO - 2021-10-19 13:36:54,596 - new_apply_order.py[line:106]: 1634621814 短信发送成功！
INFO - 2021-10-19 13:36:54,655 - new_apply_order.py[line:119]: 1634621814 注册成功！
INFO - 2021-10-19 13:36:54,720 - new_apply_order.py[line:135]: 1634621814 登录短信发送成功！
INFO - 2021-10-19 13:36:54,775 - new_apply_order.py[line:145]: userId=6221724569660170240,mobile=1634621814,token=0be05cfc98c5db60c6797546695f8fd7 登录成功
INFO - 2021-10-19 13:36:54,853 - new_apply_order.py[line:212]: 个人信息提交成功！
INFO - 2021-10-19 13:36:54,910 - new_apply_order.py[line:241]: 联系人信息提交成功！
INFO - 2021-10-19 13:36:55,303 - new_apply_order.py[line:255]: 创建预审订单成功！
INFO - 2021-10-19 13:36:55,319 - new_apply_order.py[line:263]: 预审状态修改为通过,更新条数 1
INFO - 2021-10-19 13:36:55,342 - new_apply_order.py[line:266]: 更新初始额度！更新条数 1
INFO - 2021-10-19 13:37:05,718 - new_apply_order.py[line:280]: curp上传成功!
INFO - 2021-10-19 13:37:05,759 - new_apply_order.py[line:289]: curp_rfc校验通过！
INFO - 2021-10-19 13:37:07,421 - new_apply_order.py[line:347]: 活体图片上传成功！回写配置文件global_param.mp4_url
INFO - 2021-10-19 13:37:07,465 - new_apply_order.py[line:357]: 视频认证通过！
INFO - 2021-10-19 13:37:07,784 - new_apply_order.py[line:668]: 绑卡成功！
INFO - 2021-10-19 13:37:07,998 - new_apply_order.py[line:684]: 进件成功！执行sql将订单改为风控中……
INFO - 2021-10-19 13:37:09,038 - new_apply_order.py[line:690]: 订单表更新1条，信审更新1条
INFO - 2021-10-19 13:37:09,385 - new_apply_order.py[line:704]: 查询loan_order_id成功！
INFO - 2021-10-19 13:37:09,735 - new_apply_order.py[line:704]: 查询loan_order_id成功！
ERROR - 2021-10-19 13:37:09,755 - new_apply_order.py[line:1001]: unsupported operand type(s) for +: 'dict' and 'str'
ERROR - 2021-10-19 13:37:09,757 - new_apply_order.py[line:1002]: None
