INFO - 2021-11-30 17:03:24,287 - new_apply_order.py[line:882]: 开始第 kencash【1】次进件……
INFO - 2021-11-30 17:03:24,288 - new_apply_order.py[line:84]: ======【ke测试环境】生成手机号：738263004 ======
INFO - 2021-11-30 17:03:24,715 - new_apply_order.py[line:97]: 738263004 检测用户存在成功！
INFO - 2021-11-30 17:03:24,784 - new_apply_order.py[line:106]: 738263004 短信发送成功！
INFO - 2021-11-30 17:03:24,879 - new_apply_order.py[line:119]: 738263004 注册成功！
INFO - 2021-11-30 17:03:24,949 - new_apply_order.py[line:135]: 738263004 登录短信发送成功！
INFO - 2021-11-30 17:03:25,041 - new_apply_order.py[line:145]: userId=6236996829555073024,mobile=738263004,token=f2ba3c40c87ce0ce5ca3e291e90d3e87 登录成功
INFO - 2021-11-30 17:03:25,289 - new_apply_order.py[line:212]: 个人信息提交成功！
INFO - 2021-11-30 17:03:25,402 - new_apply_order.py[line:232]: 联系人信息提交成功！
INFO - 2021-11-30 17:03:25,913 - new_apply_order.py[line:255]: 创建预审订单成功！
INFO - 2021-11-30 17:03:25,937 - new_apply_order.py[line:263]: 预审状态修改为通过,更新条数 1
INFO - 2021-11-30 17:03:25,951 - new_apply_order.py[line:266]: 更新初始额度！更新条数 1
INFO - 2021-11-30 17:03:26,247 - new_apply_order.py[line:342]: 活体图片上传成功！回写配置文件global_param.mp4_url
INFO - 2021-11-30 17:03:26,343 - new_apply_order.py[line:352]: 视频认证通过！
ERROR - 2021-11-30 17:03:26,591 - new_apply_order.py[line:579]: 绑卡失败！{"code":"60001004","msg":"The OTP has expired.please regenerate OTP to try again","data":null}
INFO - 2021-11-30 17:03:27,001 - new_apply_order.py[line:612]: 进件成功！执行sql将订单改为风控中……
INFO - 2021-11-30 17:03:28,044 - new_apply_order.py[line:618]: 订单表更新1条，信审更新1条
INFO - 2021-11-30 17:03:28,420 - new_apply_order.py[line:632]: 查询loan_order_id成功！
INFO - 2021-11-30 17:03:28,472 - new_apply_order.py[line:647]: 订单回调复审通过成功！
INFO - 2021-11-30 17:03:29,287 - new_apply_order.py[line:669]: 获取token成功！token=bearer 6338ce83-f1f5-4732-ab15-b3b137c4810d！
INFO - 2021-11-30 17:03:29,687 - new_apply_order.py[line:632]: 查询loan_order_id成功！
INFO - 2021-11-30 17:03:30,033 - new_apply_order.py[line:687]: 后台已触发放款成功！
INFO - 2021-11-30 17:03:30,059 - new_apply_order.py[line:701]: xxl_job web 登录成功！
INFO - 2021-11-30 17:03:30,073 - new_apply_order.py[line:717]: xxl_job 放款准备作业执行成功！
INFO - 2021-11-30 17:03:31,468 - new_apply_order.py[line:632]: 查询loan_order_id成功！
INFO - 2021-11-30 17:03:31,484 - new_apply_order.py[line:725]: 修改放款准备完成时间成功！
INFO - 2021-11-30 17:03:31,491 - new_apply_order.py[line:733]: xxl_job 放款完成作业执行成功！
INFO - 2021-11-30 17:03:31,877 - new_apply_order.py[line:632]: 查询loan_order_id成功！
INFO - 2021-11-30 17:03:32,191 - new_apply_order.py[line:905]: 校验重试查询第1次
ERROR - 2021-11-30 17:03:33,203 - new_apply_order.py[line:801]: 放款完成或准备失败,目前的订单状态是30
INFO - 2021-11-30 17:03:33,203 - new_apply_order.py[line:802]: {'app': 'kencash', 'loan_order_id': '1465607388719222784', 'mobile': '738263004', 'order_status': 30}
INFO - 2021-11-30 17:03:33,203 - new_apply_order.py[line:905]: 校验重试查询第2次
ERROR - 2021-11-30 17:03:34,217 - new_apply_order.py[line:801]: 放款完成或准备失败,目前的订单状态是30
INFO - 2021-11-30 17:03:34,218 - new_apply_order.py[line:802]: {'app': 'kencash', 'loan_order_id': '1465607388719222784', 'mobile': '738263004', 'order_status': 30}
INFO - 2021-11-30 17:03:34,218 - new_apply_order.py[line:905]: 校验重试查询第3次
