INFO - 2021-10-19 14:03:44,869 - new_apply_order.py[line:954]: 开始第 Mipeso【1】次进件……
INFO - 2021-10-19 14:03:45,041 - new_apply_order.py[line:75]: 更新脏数据1条
INFO - 2021-10-19 14:03:45,042 - new_apply_order.py[line:84]: ======【mx测试环境】生成手机号：1634623424 ======
INFO - 2021-10-19 14:03:45,436 - new_apply_order.py[line:97]: 1634623424 检测用户存在成功！
INFO - 2021-10-19 14:03:45,497 - new_apply_order.py[line:106]: 1634623424 短信发送成功！
INFO - 2021-10-19 14:03:45,545 - new_apply_order.py[line:119]: 1634623424 注册成功！
INFO - 2021-10-19 14:03:45,613 - new_apply_order.py[line:135]: 1634623424 登录短信发送成功！
INFO - 2021-10-19 14:03:45,662 - new_apply_order.py[line:145]: userId=4963440126407876608,mobile=1634623424,token=d479e43f87037931150c6644aaa15932 登录成功
INFO - 2021-10-19 14:03:45,733 - new_apply_order.py[line:212]: 个人信息提交成功！
INFO - 2021-10-19 14:03:46,170 - new_apply_order.py[line:255]: 创建预审订单成功！
INFO - 2021-10-19 14:03:46,188 - new_apply_order.py[line:263]: 预审状态修改为通过,更新条数 1
INFO - 2021-10-19 14:03:46,201 - new_apply_order.py[line:266]: 更新初始额度！更新条数 1
INFO - 2021-10-19 14:03:49,544 - new_apply_order.py[line:366]: curp上传成功!
INFO - 2021-10-19 14:03:49,684 - new_apply_order.py[line:375]: curp_rfc校验通过！
INFO - 2021-10-19 14:03:50,511 - new_apply_order.py[line:386]: 人脸识别成功!
INFO - 2021-10-19 14:03:51,184 - new_apply_order.py[line:640]: 绑卡成功！
INFO - 2021-10-19 14:03:51,399 - new_apply_order.py[line:684]: 进件成功！执行sql将订单改为风控中……
INFO - 2021-10-19 14:03:52,425 - new_apply_order.py[line:690]: 订单表更新1条，信审更新1条
INFO - 2021-10-19 14:03:52,777 - new_apply_order.py[line:704]: 查询loan_order_id成功！
INFO - 2021-10-19 14:03:52,816 - new_apply_order.py[line:719]: 订单回调复审通过成功！
INFO - 2021-10-19 14:03:53,638 - new_apply_order.py[line:741]: 获取token成功！token=bearer e539617b-ecdb-4513-9e99-4361c152f817！
INFO - 2021-10-19 14:03:53,982 - new_apply_order.py[line:704]: 查询loan_order_id成功！
INFO - 2021-10-19 14:03:54,600 - new_apply_order.py[line:759]: 后台已触发放款成功！
INFO - 2021-10-19 14:03:54,639 - new_apply_order.py[line:773]: xxl_job web 登录成功！
INFO - 2021-10-19 14:03:54,651 - new_apply_order.py[line:789]: xxl_job 放款准备作业执行成功！
INFO - 2021-10-19 14:03:55,998 - new_apply_order.py[line:704]: 查询loan_order_id成功！
INFO - 2021-10-19 14:03:56,012 - new_apply_order.py[line:797]: 修改放款准备完成时间成功！
INFO - 2021-10-19 14:03:56,019 - new_apply_order.py[line:805]: xxl_job 放款完成作业执行成功！
INFO - 2021-10-19 14:03:56,374 - new_apply_order.py[line:704]: 查询loan_order_id成功！
INFO - 2021-10-19 14:03:56,685 - new_apply_order.py[line:977]: 校验重试查询第1次
ERROR - 2021-10-19 14:03:57,702 - new_apply_order.py[line:873]: 放款完成或准备失败,目前的订单状态是35
INFO - 2021-10-19 14:03:57,703 - new_apply_order.py[line:874]: {'app': 'Mipeso', 'loan_order_id': '1450341883808845824', 'mobile': '1634623424', 'order_status': 35}
INFO - 2021-10-19 14:03:58,560 - new_apply_order.py[line:704]: 查询loan_order_id成功！
INFO - 2021-10-19 14:03:58,673 - new_apply_order.py[line:826]: 放款回调成功！
INFO - 2021-10-19 14:03:58,673 - new_apply_order.py[line:977]: 校验重试查询第2次
INFO - 2021-10-19 14:03:59,691 - new_apply_order.py[line:871]: 放款完成或准备成功,目前的订单状态是40
INFO - 2021-10-19 14:03:59,692 - new_apply_order.py[line:874]: {'app': 'Mipeso', 'loan_order_id': '1450341883808845824', 'mobile': '1634623424', 'order_status': 40}
INFO - 2021-10-19 14:03:59,695 - new_apply_order.py[line:994]: ===========完成第【1】次进件===========
INFO - 2021-10-19 14:03:59,696 - new_apply_order.py[line:997]: ======完成第【1】次进件,耗时14.83s=====
INFO - 2021-10-19 14:03:59,699 - new_apply_order.py[line:954]: 开始第 m_efectivo【1】次进件……
INFO - 2021-10-19 14:03:59,785 - new_apply_order.py[line:60]: 删除redis key: "mx:cfs:user:userid:4963440126407876608"
INFO - 2021-10-19 14:03:59,867 - new_apply_order.py[line:75]: 更新脏数据0条
INFO - 2021-10-19 14:03:59,868 - new_apply_order.py[line:84]: ======【mx测试环境】生成手机号：1634623439 ======
INFO - 2021-10-19 14:04:00,239 - new_apply_order.py[line:97]: 1634623439 检测用户存在成功！
INFO - 2021-10-19 14:04:00,288 - new_apply_order.py[line:106]: 1634623439 短信发送成功！
INFO - 2021-10-19 14:04:00,329 - new_apply_order.py[line:119]: 1634623439 注册成功！
INFO - 2021-10-19 14:04:00,381 - new_apply_order.py[line:135]: 1634623439 登录短信发送成功！
INFO - 2021-10-19 14:04:00,427 - new_apply_order.py[line:145]: userId=4963440188429049856,mobile=1634623439,token=fd2e1cfa0f8fabfa357983e74c324410 登录成功
INFO - 2021-10-19 14:04:00,508 - new_apply_order.py[line:212]: 个人信息提交成功！
INFO - 2021-10-19 14:04:00,900 - new_apply_order.py[line:255]: 创建预审订单成功！
INFO - 2021-10-19 14:04:00,920 - new_apply_order.py[line:263]: 预审状态修改为通过,更新条数 1
INFO - 2021-10-19 14:04:00,938 - new_apply_order.py[line:266]: 更新初始额度！更新条数 1
INFO - 2021-10-19 14:04:03,393 - new_apply_order.py[line:366]: curp上传成功!
INFO - 2021-10-19 14:04:03,518 - new_apply_order.py[line:375]: curp_rfc校验通过！
INFO - 2021-10-19 14:04:04,249 - new_apply_order.py[line:386]: 人脸识别成功!
INFO - 2021-10-19 14:04:04,804 - new_apply_order.py[line:640]: 绑卡成功！
INFO - 2021-10-19 14:04:04,980 - new_apply_order.py[line:684]: 进件成功！执行sql将订单改为风控中……
INFO - 2021-10-19 14:04:06,017 - new_apply_order.py[line:690]: 订单表更新1条，信审更新1条
INFO - 2021-10-19 14:04:06,365 - new_apply_order.py[line:704]: 查询loan_order_id成功！
INFO - 2021-10-19 14:04:06,406 - new_apply_order.py[line:719]: 订单回调复审通过成功！
INFO - 2021-10-19 14:04:07,174 - new_apply_order.py[line:741]: 获取token成功！token=bearer e539617b-ecdb-4513-9e99-4361c152f817！
INFO - 2021-10-19 14:04:07,515 - new_apply_order.py[line:704]: 查询loan_order_id成功！
INFO - 2021-10-19 14:04:07,824 - new_apply_order.py[line:759]: 后台已触发放款成功！
INFO - 2021-10-19 14:04:07,834 - new_apply_order.py[line:773]: xxl_job web 登录成功！
INFO - 2021-10-19 14:04:07,842 - new_apply_order.py[line:789]: xxl_job 放款准备作业执行成功！
INFO - 2021-10-19 14:04:09,189 - new_apply_order.py[line:704]: 查询loan_order_id成功！
INFO - 2021-10-19 14:04:09,208 - new_apply_order.py[line:797]: 修改放款准备完成时间成功！
INFO - 2021-10-19 14:04:09,216 - new_apply_order.py[line:805]: xxl_job 放款完成作业执行成功！
INFO - 2021-10-19 14:04:09,570 - new_apply_order.py[line:704]: 查询loan_order_id成功！
INFO - 2021-10-19 14:04:09,885 - new_apply_order.py[line:977]: 校验重试查询第1次
ERROR - 2021-10-19 14:04:10,897 - new_apply_order.py[line:873]: 放款完成或准备失败,目前的订单状态是35
INFO - 2021-10-19 14:04:10,897 - new_apply_order.py[line:874]: {'app': 'm_efectivo', 'loan_order_id': '1450341945809047552', 'mobile': '1634623439', 'order_status': 35}
INFO - 2021-10-19 14:04:11,774 - new_apply_order.py[line:704]: 查询loan_order_id成功！
INFO - 2021-10-19 14:04:11,900 - new_apply_order.py[line:826]: 放款回调成功！
INFO - 2021-10-19 14:04:11,900 - new_apply_order.py[line:977]: 校验重试查询第2次
INFO - 2021-10-19 14:04:12,916 - new_apply_order.py[line:871]: 放款完成或准备成功,目前的订单状态是40
INFO - 2021-10-19 14:04:12,916 - new_apply_order.py[line:874]: {'app': 'm_efectivo', 'loan_order_id': '1450341945809047552', 'mobile': '1634623439', 'order_status': 40}
INFO - 2021-10-19 14:04:12,917 - new_apply_order.py[line:994]: ===========完成第【1】次进件===========
INFO - 2021-10-19 14:04:12,917 - new_apply_order.py[line:997]: ======完成第【1】次进件,耗时13.22s=====
INFO - 2021-10-19 14:04:12,920 - new_apply_order.py[line:954]: 开始第 porpeso【1】次进件……
INFO - 2021-10-19 14:04:13,076 - new_apply_order.py[line:60]: 删除redis key: "mx:cfs:user:userid:4963440188429049856"
INFO - 2021-10-19 14:04:13,090 - new_apply_order.py[line:75]: 更新脏数据0条
INFO - 2021-10-19 14:04:13,090 - new_apply_order.py[line:84]: ======【mx测试环境】生成手机号：1634623452 ======
INFO - 2021-10-19 14:04:13,434 - new_apply_order.py[line:97]: 1634623452 检测用户存在成功！
INFO - 2021-10-19 14:04:13,486 - new_apply_order.py[line:106]: 1634623452 短信发送成功！
INFO - 2021-10-19 14:04:13,530 - new_apply_order.py[line:119]: 1634623452 注册成功！
INFO - 2021-10-19 14:04:13,583 - new_apply_order.py[line:135]: 1634623452 登录短信发送成功！
INFO - 2021-10-19 14:04:13,633 - new_apply_order.py[line:145]: userId=4963440243785474048,mobile=1634623452,token=0c087be133fdf18d151dfbe4ab49870a 登录成功
INFO - 2021-10-19 14:04:13,717 - new_apply_order.py[line:212]: 个人信息提交成功！
INFO - 2021-10-19 14:04:13,927 - new_apply_order.py[line:255]: 创建预审订单成功！
INFO - 2021-10-19 14:04:13,944 - new_apply_order.py[line:263]: 预审状态修改为通过,更新条数 1
INFO - 2021-10-19 14:04:13,957 - new_apply_order.py[line:266]: 更新初始额度！更新条数 1
INFO - 2021-10-19 14:04:17,637 - new_apply_order.py[line:366]: curp上传成功!
INFO - 2021-10-19 14:04:17,768 - new_apply_order.py[line:375]: curp_rfc校验通过！
INFO - 2021-10-19 14:04:18,528 - new_apply_order.py[line:386]: 人脸识别成功!
INFO - 2021-10-19 14:04:19,139 - new_apply_order.py[line:640]: 绑卡成功！
INFO - 2021-10-19 14:04:19,320 - new_apply_order.py[line:684]: 进件成功！执行sql将订单改为风控中……
INFO - 2021-10-19 14:04:20,354 - new_apply_order.py[line:690]: 订单表更新1条，信审更新1条
INFO - 2021-10-19 14:04:20,708 - new_apply_order.py[line:704]: 查询loan_order_id成功！
INFO - 2021-10-19 14:04:20,745 - new_apply_order.py[line:719]: 订单回调复审通过成功！
INFO - 2021-10-19 14:04:21,528 - new_apply_order.py[line:741]: 获取token成功！token=bearer e539617b-ecdb-4513-9e99-4361c152f817！
INFO - 2021-10-19 14:04:21,875 - new_apply_order.py[line:704]: 查询loan_order_id成功！
INFO - 2021-10-19 14:04:22,162 - new_apply_order.py[line:759]: 后台已触发放款成功！
INFO - 2021-10-19 14:04:22,172 - new_apply_order.py[line:773]: xxl_job web 登录成功！
INFO - 2021-10-19 14:04:22,181 - new_apply_order.py[line:789]: xxl_job 放款准备作业执行成功！
INFO - 2021-10-19 14:04:23,535 - new_apply_order.py[line:704]: 查询loan_order_id成功！
INFO - 2021-10-19 14:04:23,554 - new_apply_order.py[line:797]: 修改放款准备完成时间成功！
INFO - 2021-10-19 14:04:23,562 - new_apply_order.py[line:805]: xxl_job 放款完成作业执行成功！
INFO - 2021-10-19 14:04:23,944 - new_apply_order.py[line:704]: 查询loan_order_id成功！
INFO - 2021-10-19 14:04:24,254 - new_apply_order.py[line:977]: 校验重试查询第1次
ERROR - 2021-10-19 14:04:25,270 - new_apply_order.py[line:873]: 放款完成或准备失败,目前的订单状态是35
INFO - 2021-10-19 14:04:25,270 - new_apply_order.py[line:874]: {'app': 'porpeso', 'loan_order_id': '1450342001203220480', 'mobile': '1634623452', 'order_status': 35}
INFO - 2021-10-19 14:04:26,122 - new_apply_order.py[line:704]: 查询loan_order_id成功！
INFO - 2021-10-19 14:04:26,214 - new_apply_order.py[line:826]: 放款回调成功！
INFO - 2021-10-19 14:04:26,214 - new_apply_order.py[line:977]: 校验重试查询第2次
INFO - 2021-10-19 14:04:27,222 - new_apply_order.py[line:871]: 放款完成或准备成功,目前的订单状态是40
INFO - 2021-10-19 14:04:27,222 - new_apply_order.py[line:874]: {'app': 'porpeso', 'loan_order_id': '1450342001203220480', 'mobile': '1634623452', 'order_status': 40}
INFO - 2021-10-19 14:04:27,223 - new_apply_order.py[line:994]: ===========完成第【1】次进件===========
INFO - 2021-10-19 14:04:27,223 - new_apply_order.py[line:997]: ======完成第【1】次进件,耗时14.30s=====
INFO - 2021-10-19 14:04:27,224 - new_apply_order.py[line:954]: 开始第 Prestamo【1】次进件……
INFO - 2021-10-19 14:04:27,370 - new_apply_order.py[line:60]: 删除redis key: "mx:cfs:user:userid:4963440243785474048"
INFO - 2021-10-19 14:04:27,392 - new_apply_order.py[line:75]: 更新脏数据0条
INFO - 2021-10-19 14:04:27,393 - new_apply_order.py[line:84]: ======【mx测试环境】生成手机号：1634623467 ======
INFO - 2021-10-19 14:04:27,746 - new_apply_order.py[line:97]: 1634623467 检测用户存在成功！
INFO - 2021-10-19 14:04:27,796 - new_apply_order.py[line:106]: 1634623467 短信发送成功！
INFO - 2021-10-19 14:04:27,837 - new_apply_order.py[line:119]: 1634623467 注册成功！
INFO - 2021-10-19 14:04:27,887 - new_apply_order.py[line:135]: 1634623467 登录短信发送成功！
INFO - 2021-10-19 14:04:27,939 - new_apply_order.py[line:145]: userId=4963440303805964288,mobile=1634623467,token=11e29afec1aa46fbaaac263674f5db11 登录成功
INFO - 2021-10-19 14:04:28,009 - new_apply_order.py[line:212]: 个人信息提交成功！
INFO - 2021-10-19 14:04:28,382 - new_apply_order.py[line:255]: 创建预审订单成功！
INFO - 2021-10-19 14:04:28,396 - new_apply_order.py[line:263]: 预审状态修改为通过,更新条数 1
INFO - 2021-10-19 14:04:28,413 - new_apply_order.py[line:266]: 更新初始额度！更新条数 1
INFO - 2021-10-19 14:04:30,740 - new_apply_order.py[line:366]: curp上传成功!
INFO - 2021-10-19 14:04:30,884 - new_apply_order.py[line:375]: curp_rfc校验通过！
INFO - 2021-10-19 14:04:31,537 - new_apply_order.py[line:386]: 人脸识别成功!
INFO - 2021-10-19 14:04:32,125 - new_apply_order.py[line:640]: 绑卡成功！
INFO - 2021-10-19 14:04:32,289 - new_apply_order.py[line:684]: 进件成功！执行sql将订单改为风控中……
INFO - 2021-10-19 14:04:33,327 - new_apply_order.py[line:690]: 订单表更新1条，信审更新1条
INFO - 2021-10-19 14:04:33,679 - new_apply_order.py[line:704]: 查询loan_order_id成功！
INFO - 2021-10-19 14:04:33,718 - new_apply_order.py[line:719]: 订单回调复审通过成功！
INFO - 2021-10-19 14:04:34,525 - new_apply_order.py[line:741]: 获取token成功！token=bearer e539617b-ecdb-4513-9e99-4361c152f817！
INFO - 2021-10-19 14:04:34,873 - new_apply_order.py[line:704]: 查询loan_order_id成功！
INFO - 2021-10-19 14:04:35,178 - new_apply_order.py[line:759]: 后台已触发放款成功！
INFO - 2021-10-19 14:04:35,194 - new_apply_order.py[line:773]: xxl_job web 登录成功！
INFO - 2021-10-19 14:04:35,206 - new_apply_order.py[line:789]: xxl_job 放款准备作业执行成功！
INFO - 2021-10-19 14:04:36,557 - new_apply_order.py[line:704]: 查询loan_order_id成功！
INFO - 2021-10-19 14:04:36,578 - new_apply_order.py[line:797]: 修改放款准备完成时间成功！
INFO - 2021-10-19 14:04:36,586 - new_apply_order.py[line:805]: xxl_job 放款完成作业执行成功！
INFO - 2021-10-19 14:04:36,946 - new_apply_order.py[line:704]: 查询loan_order_id成功！
INFO - 2021-10-19 14:04:37,260 - new_apply_order.py[line:977]: 校验重试查询第1次
ERROR - 2021-10-19 14:04:38,276 - new_apply_order.py[line:873]: 放款完成或准备失败,目前的订单状态是35
INFO - 2021-10-19 14:04:38,276 - new_apply_order.py[line:874]: {'app': 'Prestamo', 'loan_order_id': '1450342061144018944', 'mobile': '1634623467', 'order_status': 35}
INFO - 2021-10-19 14:04:39,132 - new_apply_order.py[line:704]: 查询loan_order_id成功！
INFO - 2021-10-19 14:04:39,221 - new_apply_order.py[line:826]: 放款回调成功！
INFO - 2021-10-19 14:04:39,221 - new_apply_order.py[line:977]: 校验重试查询第2次
INFO - 2021-10-19 14:04:40,234 - new_apply_order.py[line:871]: 放款完成或准备成功,目前的订单状态是40
INFO - 2021-10-19 14:04:40,235 - new_apply_order.py[line:874]: {'app': 'Prestamo', 'loan_order_id': '1450342061144018944', 'mobile': '1634623467', 'order_status': 40}
INFO - 2021-10-19 14:04:40,235 - new_apply_order.py[line:994]: ===========完成第【1】次进件===========
INFO - 2021-10-19 14:04:40,235 - new_apply_order.py[line:997]: ======完成第【1】次进件,耗时13.01s=====
INFO - 2021-10-19 14:04:40,239 - new_apply_order.py[line:954]: 开始第 askborrow【1】次进件……
INFO - 2021-10-19 14:04:40,349 - new_apply_order.py[line:60]: 删除redis key: "mx:cfs:user:userid:4963440303805964288"
INFO - 2021-10-19 14:04:40,402 - new_apply_order.py[line:75]: 更新脏数据0条
INFO - 2021-10-19 14:04:40,402 - new_apply_order.py[line:84]: ======【mx测试环境】生成手机号：1634623480 ======
INFO - 2021-10-19 14:04:40,750 - new_apply_order.py[line:97]: 1634623480 检测用户存在成功！
INFO - 2021-10-19 14:04:40,798 - new_apply_order.py[line:106]: 1634623480 短信发送成功！
INFO - 2021-10-19 14:04:40,835 - new_apply_order.py[line:119]: 1634623480 注册成功！
INFO - 2021-10-19 14:04:40,883 - new_apply_order.py[line:135]: 1634623480 登录短信发送成功！
INFO - 2021-10-19 14:04:40,927 - new_apply_order.py[line:145]: userId=4963440358323527680,mobile=1634623480,token=a32a4be1c5b0a91d1089f398cff7eb97 登录成功
INFO - 2021-10-19 14:04:41,001 - new_apply_order.py[line:212]: 个人信息提交成功！
INFO - 2021-10-19 14:04:41,213 - new_apply_order.py[line:255]: 创建预审订单成功！
INFO - 2021-10-19 14:04:41,229 - new_apply_order.py[line:263]: 预审状态修改为通过,更新条数 1
INFO - 2021-10-19 14:04:41,241 - new_apply_order.py[line:266]: 更新初始额度！更新条数 1
INFO - 2021-10-19 14:04:43,737 - new_apply_order.py[line:366]: curp上传成功!
INFO - 2021-10-19 14:04:43,878 - new_apply_order.py[line:375]: curp_rfc校验通过！
INFO - 2021-10-19 14:04:44,529 - new_apply_order.py[line:386]: 人脸识别成功!
INFO - 2021-10-19 14:04:45,130 - new_apply_order.py[line:640]: 绑卡成功！
INFO - 2021-10-19 14:04:45,298 - new_apply_order.py[line:684]: 进件成功！执行sql将订单改为风控中……
INFO - 2021-10-19 14:04:46,336 - new_apply_order.py[line:690]: 订单表更新1条，信审更新1条
INFO - 2021-10-19 14:04:46,687 - new_apply_order.py[line:704]: 查询loan_order_id成功！
INFO - 2021-10-19 14:04:46,728 - new_apply_order.py[line:719]: 订单回调复审通过成功！
INFO - 2021-10-19 14:04:47,717 - new_apply_order.py[line:741]: 获取token成功！token=bearer e539617b-ecdb-4513-9e99-4361c152f817！
INFO - 2021-10-19 14:04:48,070 - new_apply_order.py[line:704]: 查询loan_order_id成功！
INFO - 2021-10-19 14:04:48,397 - new_apply_order.py[line:759]: 后台已触发放款成功！
INFO - 2021-10-19 14:04:48,410 - new_apply_order.py[line:773]: xxl_job web 登录成功！
INFO - 2021-10-19 14:04:48,419 - new_apply_order.py[line:789]: xxl_job 放款准备作业执行成功！
INFO - 2021-10-19 14:04:49,766 - new_apply_order.py[line:704]: 查询loan_order_id成功！
INFO - 2021-10-19 14:04:49,785 - new_apply_order.py[line:797]: 修改放款准备完成时间成功！
INFO - 2021-10-19 14:04:49,793 - new_apply_order.py[line:805]: xxl_job 放款完成作业执行成功！
INFO - 2021-10-19 14:04:50,143 - new_apply_order.py[line:704]: 查询loan_order_id成功！
INFO - 2021-10-19 14:04:50,458 - new_apply_order.py[line:977]: 校验重试查询第1次
ERROR - 2021-10-19 14:04:51,474 - new_apply_order.py[line:873]: 放款完成或准备失败,目前的订单状态是35
INFO - 2021-10-19 14:04:51,475 - new_apply_order.py[line:874]: {'app': 'askborrow', 'loan_order_id': '1450342115648999424', 'mobile': '1634623480', 'order_status': 35}
INFO - 2021-10-19 14:04:52,313 - new_apply_order.py[line:704]: 查询loan_order_id成功！
INFO - 2021-10-19 14:04:52,318 - new_apply_order.py[line:977]: 校验重试查询第2次
ERROR - 2021-10-19 14:04:53,331 - new_apply_order.py[line:873]: 放款完成或准备失败,目前的订单状态是35
INFO - 2021-10-19 14:04:53,331 - new_apply_order.py[line:874]: {'app': 'askborrow', 'loan_order_id': '1450342115648999424', 'mobile': '1634623480', 'order_status': 35}
INFO - 2021-10-19 14:04:54,179 - new_apply_order.py[line:704]: 查询loan_order_id成功！
INFO - 2021-10-19 14:04:54,189 - new_apply_order.py[line:977]: 校验重试查询第3次
ERROR - 2021-10-19 14:04:55,199 - new_apply_order.py[line:873]: 放款完成或准备失败,目前的订单状态是35
INFO - 2021-10-19 14:04:55,199 - new_apply_order.py[line:874]: {'app': 'askborrow', 'loan_order_id': '1450342115648999424', 'mobile': '1634623480', 'order_status': 35}
INFO - 2021-10-19 14:04:56,053 - new_apply_order.py[line:704]: 查询loan_order_id成功！
INFO - 2021-10-19 14:04:56,157 - new_apply_order.py[line:826]: 放款回调成功！
INFO - 2021-10-19 14:04:56,157 - new_apply_order.py[line:977]: 校验重试查询第4次
INFO - 2021-10-19 14:04:57,165 - new_apply_order.py[line:871]: 放款完成或准备成功,目前的订单状态是40
INFO - 2021-10-19 14:04:57,165 - new_apply_order.py[line:874]: {'app': 'askborrow', 'loan_order_id': '1450342115648999424', 'mobile': '1634623480', 'order_status': 40}
INFO - 2021-10-19 14:04:57,165 - new_apply_order.py[line:994]: ===========完成第【1】次进件===========
INFO - 2021-10-19 14:04:57,165 - new_apply_order.py[line:997]: ======完成第【1】次进件,耗时16.93s=====
INFO - 2021-10-19 14:04:57,168 - new_apply_order.py[line:954]: 开始第 G_Prestamo【1】次进件……
INFO - 2021-10-19 14:04:57,257 - new_apply_order.py[line:60]: 删除redis key: "mx:cfs:user:userid:4963440358323527680"
INFO - 2021-10-19 14:04:57,357 - new_apply_order.py[line:75]: 更新脏数据0条
INFO - 2021-10-19 14:04:57,357 - new_apply_order.py[line:84]: ======【mx测试环境】生成手机号：1634623497 ======
INFO - 2021-10-19 14:04:57,701 - new_apply_order.py[line:97]: 1634623497 检测用户存在成功！
INFO - 2021-10-19 14:04:57,749 - new_apply_order.py[line:106]: 1634623497 短信发送成功！
INFO - 2021-10-19 14:04:57,791 - new_apply_order.py[line:119]: 1634623497 注册成功！
INFO - 2021-10-19 14:04:57,846 - new_apply_order.py[line:135]: 1634623497 登录短信发送成功！
INFO - 2021-10-19 14:04:57,893 - new_apply_order.py[line:145]: userId=4963440429433757696,mobile=1634623497,token=46600131a42f4d8956860547caae4cf1 登录成功
INFO - 2021-10-19 14:04:57,972 - new_apply_order.py[line:212]: 个人信息提交成功！
INFO - 2021-10-19 14:04:58,370 - new_apply_order.py[line:255]: 创建预审订单成功！
INFO - 2021-10-19 14:04:58,381 - new_apply_order.py[line:263]: 预审状态修改为通过,更新条数 1
INFO - 2021-10-19 14:04:58,394 - new_apply_order.py[line:266]: 更新初始额度！更新条数 1
INFO - 2021-10-19 14:05:02,140 - new_apply_order.py[line:366]: curp上传成功!
INFO - 2021-10-19 14:05:02,282 - new_apply_order.py[line:375]: curp_rfc校验通过！
INFO - 2021-10-19 14:05:03,008 - new_apply_order.py[line:386]: 人脸识别成功!
INFO - 2021-10-19 14:05:03,545 - new_apply_order.py[line:640]: 绑卡成功！
INFO - 2021-10-19 14:05:03,690 - new_apply_order.py[line:684]: 进件成功！执行sql将订单改为风控中……
INFO - 2021-10-19 14:05:04,727 - new_apply_order.py[line:690]: 订单表更新1条，信审更新1条
INFO - 2021-10-19 14:05:05,078 - new_apply_order.py[line:704]: 查询loan_order_id成功！
INFO - 2021-10-19 14:05:05,111 - new_apply_order.py[line:719]: 订单回调复审通过成功！
INFO - 2021-10-19 14:05:05,914 - new_apply_order.py[line:741]: 获取token成功！token=bearer e539617b-ecdb-4513-9e99-4361c152f817！
INFO - 2021-10-19 14:05:06,262 - new_apply_order.py[line:704]: 查询loan_order_id成功！
INFO - 2021-10-19 14:05:06,553 - new_apply_order.py[line:759]: 后台已触发放款成功！
INFO - 2021-10-19 14:05:06,560 - new_apply_order.py[line:773]: xxl_job web 登录成功！
INFO - 2021-10-19 14:05:06,569 - new_apply_order.py[line:789]: xxl_job 放款准备作业执行成功！
INFO - 2021-10-19 14:05:07,914 - new_apply_order.py[line:704]: 查询loan_order_id成功！
INFO - 2021-10-19 14:05:07,927 - new_apply_order.py[line:797]: 修改放款准备完成时间成功！
INFO - 2021-10-19 14:05:07,934 - new_apply_order.py[line:805]: xxl_job 放款完成作业执行成功！
INFO - 2021-10-19 14:05:08,280 - new_apply_order.py[line:704]: 查询loan_order_id成功！
INFO - 2021-10-19 14:05:08,592 - new_apply_order.py[line:977]: 校验重试查询第1次
ERROR - 2021-10-19 14:05:09,603 - new_apply_order.py[line:873]: 放款完成或准备失败,目前的订单状态是35
INFO - 2021-10-19 14:05:09,603 - new_apply_order.py[line:874]: {'app': 'G_Prestamo', 'loan_order_id': '1450342186805366784', 'mobile': '1634623497', 'order_status': 35}
INFO - 2021-10-19 14:05:10,455 - new_apply_order.py[line:704]: 查询loan_order_id成功！
INFO - 2021-10-19 14:05:10,465 - new_apply_order.py[line:977]: 校验重试查询第2次
ERROR - 2021-10-19 14:05:11,473 - new_apply_order.py[line:873]: 放款完成或准备失败,目前的订单状态是35
INFO - 2021-10-19 14:05:11,473 - new_apply_order.py[line:874]: {'app': 'G_Prestamo', 'loan_order_id': '1450342186805366784', 'mobile': '1634623497', 'order_status': 35}
INFO - 2021-10-19 14:05:12,319 - new_apply_order.py[line:704]: 查询loan_order_id成功！
INFO - 2021-10-19 14:05:12,420 - new_apply_order.py[line:826]: 放款回调成功！
INFO - 2021-10-19 14:05:12,421 - new_apply_order.py[line:977]: 校验重试查询第3次
INFO - 2021-10-19 14:05:13,436 - new_apply_order.py[line:871]: 放款完成或准备成功,目前的订单状态是40
INFO - 2021-10-19 14:05:13,437 - new_apply_order.py[line:874]: {'app': 'G_Prestamo', 'loan_order_id': '1450342186805366784', 'mobile': '1634623497', 'order_status': 40}
INFO - 2021-10-19 14:05:13,437 - new_apply_order.py[line:994]: ===========完成第【1】次进件===========
INFO - 2021-10-19 14:05:13,437 - new_apply_order.py[line:997]: ======完成第【1】次进件,耗时16.27s=====
INFO - 2021-10-19 14:05:13,440 - new_apply_order.py[line:954]: 开始第 miprestamo【1】次进件……
INFO - 2021-10-19 14:05:13,579 - new_apply_order.py[line:60]: 删除redis key: "mx:cfs:user:userid:4963440429433757696"
INFO - 2021-10-19 14:05:13,624 - new_apply_order.py[line:75]: 更新脏数据0条
INFO - 2021-10-19 14:05:13,625 - new_apply_order.py[line:84]: ======【mx测试环境】生成手机号：1634623513 ======
INFO - 2021-10-19 14:05:13,968 - new_apply_order.py[line:97]: 1634623513 检测用户存在成功！
INFO - 2021-10-19 14:05:14,014 - new_apply_order.py[line:106]: 1634623513 短信发送成功！
INFO - 2021-10-19 14:05:14,057 - new_apply_order.py[line:119]: 1634623513 注册成功！
INFO - 2021-10-19 14:05:14,105 - new_apply_order.py[line:135]: 1634623513 登录短信发送成功！
INFO - 2021-10-19 14:05:14,151 - new_apply_order.py[line:145]: userId=4963440497658306560,mobile=1634623513,token=3d61c7aea4e2a8318c89b252a44a08d0 登录成功
INFO - 2021-10-19 14:05:14,227 - new_apply_order.py[line:212]: 个人信息提交成功！
INFO - 2021-10-19 14:05:14,447 - new_apply_order.py[line:255]: 创建预审订单成功！
INFO - 2021-10-19 14:05:14,465 - new_apply_order.py[line:263]: 预审状态修改为通过,更新条数 1
INFO - 2021-10-19 14:05:14,479 - new_apply_order.py[line:266]: 更新初始额度！更新条数 1
INFO - 2021-10-19 14:05:16,758 - new_apply_order.py[line:366]: curp上传成功!
INFO - 2021-10-19 14:05:16,888 - new_apply_order.py[line:375]: curp_rfc校验通过！
INFO - 2021-10-19 14:05:17,622 - new_apply_order.py[line:386]: 人脸识别成功!
INFO - 2021-10-19 14:05:18,172 - new_apply_order.py[line:640]: 绑卡成功！
INFO - 2021-10-19 14:05:18,390 - new_apply_order.py[line:684]: 进件成功！执行sql将订单改为风控中……
INFO - 2021-10-19 14:05:19,422 - new_apply_order.py[line:690]: 订单表更新1条，信审更新1条
INFO - 2021-10-19 14:05:19,767 - new_apply_order.py[line:704]: 查询loan_order_id成功！
INFO - 2021-10-19 14:05:19,802 - new_apply_order.py[line:719]: 订单回调复审通过成功！
INFO - 2021-10-19 14:05:20,608 - new_apply_order.py[line:741]: 获取token成功！token=bearer e539617b-ecdb-4513-9e99-4361c152f817！
INFO - 2021-10-19 14:05:20,951 - new_apply_order.py[line:704]: 查询loan_order_id成功！
INFO - 2021-10-19 14:05:21,258 - new_apply_order.py[line:759]: 后台已触发放款成功！
INFO - 2021-10-19 14:05:21,267 - new_apply_order.py[line:773]: xxl_job web 登录成功！
INFO - 2021-10-19 14:05:21,291 - new_apply_order.py[line:789]: xxl_job 放款准备作业执行成功！
INFO - 2021-10-19 14:05:22,635 - new_apply_order.py[line:704]: 查询loan_order_id成功！
INFO - 2021-10-19 14:05:22,647 - new_apply_order.py[line:797]: 修改放款准备完成时间成功！
INFO - 2021-10-19 14:05:22,654 - new_apply_order.py[line:805]: xxl_job 放款完成作业执行成功！
INFO - 2021-10-19 14:05:23,022 - new_apply_order.py[line:704]: 查询loan_order_id成功！
INFO - 2021-10-19 14:05:23,333 - new_apply_order.py[line:977]: 校验重试查询第1次
ERROR - 2021-10-19 14:05:24,349 - new_apply_order.py[line:873]: 放款完成或准备失败,目前的订单状态是35
INFO - 2021-10-19 14:05:24,349 - new_apply_order.py[line:874]: {'app': 'miprestamo', 'loan_order_id': '1450342254992166912', 'mobile': '1634623513', 'order_status': 35}
INFO - 2021-10-19 14:05:25,206 - new_apply_order.py[line:704]: 查询loan_order_id成功！
INFO - 2021-10-19 14:05:25,214 - new_apply_order.py[line:977]: 校验重试查询第2次
ERROR - 2021-10-19 14:05:26,226 - new_apply_order.py[line:873]: 放款完成或准备失败,目前的订单状态是35
INFO - 2021-10-19 14:05:26,226 - new_apply_order.py[line:874]: {'app': 'miprestamo', 'loan_order_id': '1450342254992166912', 'mobile': '1634623513', 'order_status': 35}
INFO - 2021-10-19 14:05:27,078 - new_apply_order.py[line:704]: 查询loan_order_id成功！
INFO - 2021-10-19 14:05:27,172 - new_apply_order.py[line:826]: 放款回调成功！
INFO - 2021-10-19 14:05:27,173 - new_apply_order.py[line:977]: 校验重试查询第3次
INFO - 2021-10-19 14:05:28,187 - new_apply_order.py[line:871]: 放款完成或准备成功,目前的订单状态是40
INFO - 2021-10-19 14:05:28,187 - new_apply_order.py[line:874]: {'app': 'miprestamo', 'loan_order_id': '1450342254992166912', 'mobile': '1634623513', 'order_status': 40}
INFO - 2021-10-19 14:05:28,188 - new_apply_order.py[line:994]: ===========完成第【1】次进件===========
INFO - 2021-10-19 14:05:28,188 - new_apply_order.py[line:997]: ======完成第【1】次进件,耗时14.75s=====
INFO - 2021-10-19 14:05:28,191 - new_apply_order.py[line:954]: 开始第 borrowedpop【1】次进件……
INFO - 2021-10-19 14:05:28,265 - new_apply_order.py[line:60]: 删除redis key: "mx:cfs:user:userid:4963440497658306560"
INFO - 2021-10-19 14:05:28,349 - new_apply_order.py[line:75]: 更新脏数据0条
INFO - 2021-10-19 14:05:28,349 - new_apply_order.py[line:84]: ======【mx测试环境】生成手机号：1634623528 ======
INFO - 2021-10-19 14:05:28,685 - new_apply_order.py[line:97]: 1634623528 检测用户存在成功！
INFO - 2021-10-19 14:05:28,730 - new_apply_order.py[line:106]: 1634623528 短信发送成功！
INFO - 2021-10-19 14:05:28,771 - new_apply_order.py[line:119]: 1634623528 注册成功！
INFO - 2021-10-19 14:05:28,822 - new_apply_order.py[line:135]: 1634623528 登录短信发送成功！
INFO - 2021-10-19 14:05:28,870 - new_apply_order.py[line:145]: userId=4963440559377489920,mobile=1634623528,token=5fd339bb36b3bdc3f79571310c77acb3 登录成功
INFO - 2021-10-19 14:05:28,948 - new_apply_order.py[line:212]: 个人信息提交成功！
INFO - 2021-10-19 14:05:29,358 - new_apply_order.py[line:255]: 创建预审订单成功！
INFO - 2021-10-19 14:05:29,377 - new_apply_order.py[line:263]: 预审状态修改为通过,更新条数 1
INFO - 2021-10-19 14:05:29,396 - new_apply_order.py[line:266]: 更新初始额度！更新条数 1
INFO - 2021-10-19 14:05:32,891 - new_apply_order.py[line:366]: curp上传成功!
INFO - 2021-10-19 14:05:33,020 - new_apply_order.py[line:375]: curp_rfc校验通过！
INFO - 2021-10-19 14:05:33,776 - new_apply_order.py[line:386]: 人脸识别成功!
INFO - 2021-10-19 14:05:34,312 - new_apply_order.py[line:640]: 绑卡成功！
INFO - 2021-10-19 14:05:34,525 - new_apply_order.py[line:684]: 进件成功！执行sql将订单改为风控中……
INFO - 2021-10-19 14:05:35,562 - new_apply_order.py[line:690]: 订单表更新1条，信审更新1条
INFO - 2021-10-19 14:05:35,909 - new_apply_order.py[line:704]: 查询loan_order_id成功！
INFO - 2021-10-19 14:05:35,949 - new_apply_order.py[line:719]: 订单回调复审通过成功！
INFO - 2021-10-19 14:05:36,745 - new_apply_order.py[line:741]: 获取token成功！token=bearer e539617b-ecdb-4513-9e99-4361c152f817！
INFO - 2021-10-19 14:05:37,090 - new_apply_order.py[line:704]: 查询loan_order_id成功！
INFO - 2021-10-19 14:05:37,407 - new_apply_order.py[line:759]: 后台已触发放款成功！
INFO - 2021-10-19 14:05:37,414 - new_apply_order.py[line:773]: xxl_job web 登录成功！
INFO - 2021-10-19 14:05:37,420 - new_apply_order.py[line:789]: xxl_job 放款准备作业执行成功！
INFO - 2021-10-19 14:05:38,770 - new_apply_order.py[line:704]: 查询loan_order_id成功！
INFO - 2021-10-19 14:05:38,787 - new_apply_order.py[line:797]: 修改放款准备完成时间成功！
INFO - 2021-10-19 14:05:38,793 - new_apply_order.py[line:805]: xxl_job 放款完成作业执行成功！
INFO - 2021-10-19 14:05:39,141 - new_apply_order.py[line:704]: 查询loan_order_id成功！
INFO - 2021-10-19 14:05:39,455 - new_apply_order.py[line:977]: 校验重试查询第1次
ERROR - 2021-10-19 14:05:40,467 - new_apply_order.py[line:873]: 放款完成或准备失败,目前的订单状态是35
INFO - 2021-10-19 14:05:40,467 - new_apply_order.py[line:874]: {'app': 'borrowedpop', 'loan_order_id': '1450342316736516096', 'mobile': '1634623528', 'order_status': 35}
INFO - 2021-10-19 14:05:41,316 - new_apply_order.py[line:704]: 查询loan_order_id成功！
INFO - 2021-10-19 14:05:41,324 - new_apply_order.py[line:977]: 校验重试查询第2次
ERROR - 2021-10-19 14:05:42,333 - new_apply_order.py[line:873]: 放款完成或准备失败,目前的订单状态是35
INFO - 2021-10-19 14:05:42,333 - new_apply_order.py[line:874]: {'app': 'borrowedpop', 'loan_order_id': '1450342316736516096', 'mobile': '1634623528', 'order_status': 35}
INFO - 2021-10-19 14:05:43,196 - new_apply_order.py[line:704]: 查询loan_order_id成功！
INFO - 2021-10-19 14:05:43,204 - new_apply_order.py[line:977]: 校验重试查询第3次
ERROR - 2021-10-19 14:05:44,219 - new_apply_order.py[line:873]: 放款完成或准备失败,目前的订单状态是35
INFO - 2021-10-19 14:05:44,220 - new_apply_order.py[line:874]: {'app': 'borrowedpop', 'loan_order_id': '1450342316736516096', 'mobile': '1634623528', 'order_status': 35}
INFO - 2021-10-19 14:05:45,066 - new_apply_order.py[line:704]: 查询loan_order_id成功！
INFO - 2021-10-19 14:05:45,176 - new_apply_order.py[line:826]: 放款回调成功！
INFO - 2021-10-19 14:05:45,177 - new_apply_order.py[line:977]: 校验重试查询第4次
INFO - 2021-10-19 14:05:46,188 - new_apply_order.py[line:871]: 放款完成或准备成功,目前的订单状态是40
INFO - 2021-10-19 14:05:46,188 - new_apply_order.py[line:874]: {'app': 'borrowedpop', 'loan_order_id': '1450342316736516096', 'mobile': '1634623528', 'order_status': 40}
INFO - 2021-10-19 14:05:46,190 - new_apply_order.py[line:994]: ===========完成第【1】次进件===========
INFO - 2021-10-19 14:05:46,190 - new_apply_order.py[line:997]: ======完成第【1】次进件,耗时18.00s=====
INFO - 2021-10-19 14:05:46,194 - new_apply_order.py[line:954]: 开始第 goodloan【1】次进件……
INFO - 2021-10-19 14:05:46,279 - new_apply_order.py[line:60]: 删除redis key: "mx:cfs:user:userid:4963440559377489920"
INFO - 2021-10-19 14:05:46,368 - new_apply_order.py[line:75]: 更新脏数据0条
INFO - 2021-10-19 14:05:46,369 - new_apply_order.py[line:84]: ======【mx测试环境】生成手机号：1634623546 ======
INFO - 2021-10-19 14:05:46,709 - new_apply_order.py[line:97]: 1634623546 检测用户存在成功！
INFO - 2021-10-19 14:05:46,752 - new_apply_order.py[line:106]: 1634623546 短信发送成功！
INFO - 2021-10-19 14:05:46,792 - new_apply_order.py[line:119]: 1634623546 注册成功！
INFO - 2021-10-19 14:05:46,865 - new_apply_order.py[line:135]: 1634623546 登录短信发送成功！
INFO - 2021-10-19 14:05:46,914 - new_apply_order.py[line:145]: userId=4963440634963042304,mobile=1634623546,token=322a16dbbfd94f717254d3a699f7c46e 登录成功
INFO - 2021-10-19 14:05:46,997 - new_apply_order.py[line:212]: 个人信息提交成功！
INFO - 2021-10-19 14:05:47,202 - new_apply_order.py[line:255]: 创建预审订单成功！
INFO - 2021-10-19 14:05:47,215 - new_apply_order.py[line:263]: 预审状态修改为通过,更新条数 1
INFO - 2021-10-19 14:05:47,224 - new_apply_order.py[line:266]: 更新初始额度！更新条数 1
INFO - 2021-10-19 14:05:49,538 - new_apply_order.py[line:366]: curp上传成功!
INFO - 2021-10-19 14:05:49,656 - new_apply_order.py[line:375]: curp_rfc校验通过！
INFO - 2021-10-19 14:05:50,418 - new_apply_order.py[line:386]: 人脸识别成功!
INFO - 2021-10-19 14:05:51,016 - new_apply_order.py[line:640]: 绑卡成功！
INFO - 2021-10-19 14:05:51,187 - new_apply_order.py[line:684]: 进件成功！执行sql将订单改为风控中……
INFO - 2021-10-19 14:05:52,211 - new_apply_order.py[line:690]: 订单表更新1条，信审更新1条
INFO - 2021-10-19 14:05:52,553 - new_apply_order.py[line:704]: 查询loan_order_id成功！
INFO - 2021-10-19 14:05:52,587 - new_apply_order.py[line:719]: 订单回调复审通过成功！
INFO - 2021-10-19 14:05:53,391 - new_apply_order.py[line:741]: 获取token成功！token=bearer e539617b-ecdb-4513-9e99-4361c152f817！
INFO - 2021-10-19 14:05:53,739 - new_apply_order.py[line:704]: 查询loan_order_id成功！
INFO - 2021-10-19 14:05:54,329 - new_apply_order.py[line:759]: 后台已触发放款成功！
INFO - 2021-10-19 14:05:54,338 - new_apply_order.py[line:773]: xxl_job web 登录成功！
INFO - 2021-10-19 14:05:54,345 - new_apply_order.py[line:789]: xxl_job 放款准备作业执行成功！
INFO - 2021-10-19 14:05:55,690 - new_apply_order.py[line:704]: 查询loan_order_id成功！
INFO - 2021-10-19 14:05:55,701 - new_apply_order.py[line:797]: 修改放款准备完成时间成功！
INFO - 2021-10-19 14:05:55,705 - new_apply_order.py[line:805]: xxl_job 放款完成作业执行成功！
INFO - 2021-10-19 14:05:56,060 - new_apply_order.py[line:704]: 查询loan_order_id成功！
INFO - 2021-10-19 14:05:56,370 - new_apply_order.py[line:977]: 校验重试查询第1次
ERROR - 2021-10-19 14:05:57,381 - new_apply_order.py[line:873]: 放款完成或准备失败,目前的订单状态是35
INFO - 2021-10-19 14:05:57,381 - new_apply_order.py[line:874]: {'app': 'goodloan', 'loan_order_id': '1450342392456286208', 'mobile': '1634623546', 'order_status': 35}
INFO - 2021-10-19 14:05:58,225 - new_apply_order.py[line:704]: 查询loan_order_id成功！
INFO - 2021-10-19 14:05:58,319 - new_apply_order.py[line:826]: 放款回调成功！
INFO - 2021-10-19 14:05:58,319 - new_apply_order.py[line:977]: 校验重试查询第2次
INFO - 2021-10-19 14:05:59,329 - new_apply_order.py[line:871]: 放款完成或准备成功,目前的订单状态是40
INFO - 2021-10-19 14:05:59,329 - new_apply_order.py[line:874]: {'app': 'goodloan', 'loan_order_id': '1450342392456286208', 'mobile': '1634623546', 'order_status': 40}
INFO - 2021-10-19 14:05:59,329 - new_apply_order.py[line:994]: ===========完成第【1】次进件===========
INFO - 2021-10-19 14:05:59,330 - new_apply_order.py[line:997]: ======完成第【1】次进件,耗时13.14s=====
INFO - 2021-10-19 14:05:59,333 - new_apply_order.py[line:954]: 开始第 Hola_efectivo【1】次进件……
INFO - 2021-10-19 14:05:59,452 - new_apply_order.py[line:60]: 删除redis key: "mx:cfs:user:userid:4963440634963042304"
INFO - 2021-10-19 14:05:59,513 - new_apply_order.py[line:75]: 更新脏数据0条
INFO - 2021-10-19 14:05:59,513 - new_apply_order.py[line:84]: ======【mx测试环境】生成手机号：1634623559 ======
INFO - 2021-10-19 14:05:59,874 - new_apply_order.py[line:97]: 1634623559 检测用户存在成功！
INFO - 2021-10-19 14:05:59,920 - new_apply_order.py[line:106]: 1634623559 短信发送成功！
INFO - 2021-10-19 14:05:59,962 - new_apply_order.py[line:119]: 1634623559 注册成功！
INFO - 2021-10-19 14:06:00,016 - new_apply_order.py[line:135]: 1634623559 登录短信发送成功！
INFO - 2021-10-19 14:06:00,072 - new_apply_order.py[line:145]: userId=4963440690202025984,mobile=1634623559,token=bacb69eeef97ea3def56ec52043fc2a3 登录成功
INFO - 2021-10-19 14:06:00,155 - new_apply_order.py[line:212]: 个人信息提交成功！
INFO - 2021-10-19 14:06:00,524 - new_apply_order.py[line:255]: 创建预审订单成功！
INFO - 2021-10-19 14:06:00,542 - new_apply_order.py[line:263]: 预审状态修改为通过,更新条数 1
INFO - 2021-10-19 14:06:00,560 - new_apply_order.py[line:266]: 更新初始额度！更新条数 1
INFO - 2021-10-19 14:06:03,025 - new_apply_order.py[line:366]: curp上传成功!
INFO - 2021-10-19 14:06:03,163 - new_apply_order.py[line:375]: curp_rfc校验通过！
INFO - 2021-10-19 14:06:03,876 - new_apply_order.py[line:386]: 人脸识别成功!
INFO - 2021-10-19 14:06:04,408 - new_apply_order.py[line:640]: 绑卡成功！
INFO - 2021-10-19 14:06:04,574 - new_apply_order.py[line:684]: 进件成功！执行sql将订单改为风控中……
INFO - 2021-10-19 14:06:05,617 - new_apply_order.py[line:690]: 订单表更新1条，信审更新1条
INFO - 2021-10-19 14:06:05,966 - new_apply_order.py[line:704]: 查询loan_order_id成功！
INFO - 2021-10-19 14:06:06,003 - new_apply_order.py[line:719]: 订单回调复审通过成功！
INFO - 2021-10-19 14:06:06,788 - new_apply_order.py[line:741]: 获取token成功！token=bearer e539617b-ecdb-4513-9e99-4361c152f817！
INFO - 2021-10-19 14:06:07,135 - new_apply_order.py[line:704]: 查询loan_order_id成功！
INFO - 2021-10-19 14:06:07,426 - new_apply_order.py[line:759]: 后台已触发放款成功！
INFO - 2021-10-19 14:06:07,432 - new_apply_order.py[line:773]: xxl_job web 登录成功！
INFO - 2021-10-19 14:06:07,438 - new_apply_order.py[line:789]: xxl_job 放款准备作业执行成功！
INFO - 2021-10-19 14:06:08,787 - new_apply_order.py[line:704]: 查询loan_order_id成功！
INFO - 2021-10-19 14:06:08,800 - new_apply_order.py[line:797]: 修改放款准备完成时间成功！
INFO - 2021-10-19 14:06:08,805 - new_apply_order.py[line:805]: xxl_job 放款完成作业执行成功！
INFO - 2021-10-19 14:06:09,154 - new_apply_order.py[line:704]: 查询loan_order_id成功！
INFO - 2021-10-19 14:06:09,468 - new_apply_order.py[line:977]: 校验重试查询第1次
ERROR - 2021-10-19 14:06:10,485 - new_apply_order.py[line:873]: 放款完成或准备失败,目前的订单状态是35
INFO - 2021-10-19 14:06:10,485 - new_apply_order.py[line:874]: {'app': 'Hola_efectivo', 'loan_order_id': '1450342447632355328', 'mobile': '1634623559', 'order_status': 35}
INFO - 2021-10-19 14:06:11,341 - new_apply_order.py[line:704]: 查询loan_order_id成功！
INFO - 2021-10-19 14:06:11,351 - new_apply_order.py[line:977]: 校验重试查询第2次
ERROR - 2021-10-19 14:06:12,361 - new_apply_order.py[line:873]: 放款完成或准备失败,目前的订单状态是35
INFO - 2021-10-19 14:06:12,361 - new_apply_order.py[line:874]: {'app': 'Hola_efectivo', 'loan_order_id': '1450342447632355328', 'mobile': '1634623559', 'order_status': 35}
INFO - 2021-10-19 14:06:13,219 - new_apply_order.py[line:704]: 查询loan_order_id成功！
INFO - 2021-10-19 14:06:13,335 - new_apply_order.py[line:826]: 放款回调成功！
INFO - 2021-10-19 14:06:13,335 - new_apply_order.py[line:977]: 校验重试查询第3次
INFO - 2021-10-19 14:06:14,353 - new_apply_order.py[line:871]: 放款完成或准备成功,目前的订单状态是40
INFO - 2021-10-19 14:06:14,353 - new_apply_order.py[line:874]: {'app': 'Hola_efectivo', 'loan_order_id': '1450342447632355328', 'mobile': '1634623559', 'order_status': 40}
INFO - 2021-10-19 14:06:14,354 - new_apply_order.py[line:994]: ===========完成第【1】次进件===========
INFO - 2021-10-19 14:06:14,354 - new_apply_order.py[line:997]: ======完成第【1】次进件,耗时15.02s=====
INFO - 2021-10-19 14:06:14,361 - new_apply_order.py[line:954]: 开始第 borrowme【1】次进件……
INFO - 2021-10-19 14:06:14,362 - new_apply_order.py[line:84]: ======【nga测试环境】生成手机号：01634623574 ======
INFO - 2021-10-19 14:06:14,730 - new_apply_order.py[line:97]: 01634623574 检测用户存在成功！
INFO - 2021-10-19 14:06:14,789 - new_apply_order.py[line:106]: 01634623574 短信发送成功！
INFO - 2021-10-19 14:06:14,834 - new_apply_order.py[line:119]: 01634623574 注册成功！
INFO - 2021-10-19 14:06:14,887 - new_apply_order.py[line:135]: 01634623574 登录短信发送成功！
INFO - 2021-10-19 14:06:14,937 - new_apply_order.py[line:145]: userId=6221731952561496064,mobile=01634623574,token=4bc7262f164c155cecaf274114d11a5e 登录成功
INFO - 2021-10-19 14:06:15,004 - new_apply_order.py[line:212]: 个人信息提交成功！
INFO - 2021-10-19 14:06:15,046 - new_apply_order.py[line:223]: 联系人信息提交成功！
INFO - 2021-10-19 14:06:15,326 - new_apply_order.py[line:255]: 创建预审订单成功！
INFO - 2021-10-19 14:06:15,344 - new_apply_order.py[line:263]: 预审状态修改为通过,更新条数 1
INFO - 2021-10-19 14:06:15,361 - new_apply_order.py[line:266]: 更新初始额度！更新条数 1
INFO - 2021-10-19 14:06:15,660 - new_apply_order.py[line:347]: 活体图片上传成功！回写配置文件global_param.mp4_url
INFO - 2021-10-19 14:06:15,692 - new_apply_order.py[line:357]: 视频认证通过！
INFO - 2021-10-19 14:06:16,767 - new_apply_order.py[line:582]: bvn和银行卡绑卡认证通过！
INFO - 2021-10-19 14:06:17,095 - new_apply_order.py[line:633]: user更新1条
INFO - 2021-10-19 14:06:17,330 - new_apply_order.py[line:684]: 进件成功！执行sql将订单改为风控中……
INFO - 2021-10-19 14:06:18,371 - new_apply_order.py[line:690]: 订单表更新1条，信审更新1条
INFO - 2021-10-19 14:06:18,725 - new_apply_order.py[line:704]: 查询loan_order_id成功！
INFO - 2021-10-19 14:06:18,765 - new_apply_order.py[line:719]: 订单回调复审通过成功！
INFO - 2021-10-19 14:06:19,569 - new_apply_order.py[line:741]: 获取token成功！token=bearer a527dd26-2c1d-4c7f-9a46-cde43713dded！
INFO - 2021-10-19 14:06:19,909 - new_apply_order.py[line:704]: 查询loan_order_id成功！
INFO - 2021-10-19 14:06:20,480 - new_apply_order.py[line:759]: 后台已触发放款成功！
INFO - 2021-10-19 14:06:20,490 - new_apply_order.py[line:773]: xxl_job web 登录成功！
INFO - 2021-10-19 14:06:20,503 - new_apply_order.py[line:789]: xxl_job 放款准备作业执行成功！
INFO - 2021-10-19 14:06:21,851 - new_apply_order.py[line:704]: 查询loan_order_id成功！
INFO - 2021-10-19 14:06:21,865 - new_apply_order.py[line:797]: 修改放款准备完成时间成功！
INFO - 2021-10-19 14:06:21,884 - new_apply_order.py[line:805]: xxl_job 放款完成作业执行成功！
INFO - 2021-10-19 14:06:22,188 - new_apply_order.py[line:977]: 校验重试查询第1次
ERROR - 2021-10-19 14:06:23,196 - new_apply_order.py[line:873]: 放款完成或准备失败,目前的订单状态是35
INFO - 2021-10-19 14:06:23,197 - new_apply_order.py[line:874]: {'app': 'borrowme', 'loan_order_id': '1450342510238502912', 'mobile': '01634623574', 'order_status': 35}
INFO - 2021-10-19 14:06:23,705 - new_apply_order.py[line:977]: 校验重试查询第2次
INFO - 2021-10-19 14:06:24,719 - new_apply_order.py[line:871]: 放款完成或准备成功,目前的订单状态是40
INFO - 2021-10-19 14:06:24,720 - new_apply_order.py[line:874]: {'app': 'borrowme', 'loan_order_id': '1450342510238502912', 'mobile': '01634623574', 'order_status': 40}
INFO - 2021-10-19 14:06:24,720 - new_apply_order.py[line:994]: ===========完成第【1】次进件===========
INFO - 2021-10-19 14:06:24,720 - new_apply_order.py[line:997]: ======完成第【1】次进件,耗时10.36s=====
INFO - 2021-10-19 14:06:24,723 - new_apply_order.py[line:954]: 开始第 quickcash【1】次进件……
INFO - 2021-10-19 14:06:24,724 - new_apply_order.py[line:84]: ======【nga测试环境】生成手机号：01634623584 ======
INFO - 2021-10-19 14:06:25,066 - new_apply_order.py[line:97]: 01634623584 检测用户存在成功！
INFO - 2021-10-19 14:06:25,103 - new_apply_order.py[line:106]: 01634623584 短信发送成功！
INFO - 2021-10-19 14:06:25,136 - new_apply_order.py[line:119]: 01634623584 注册成功！
INFO - 2021-10-19 14:06:25,179 - new_apply_order.py[line:135]: 01634623584 登录短信发送成功！
INFO - 2021-10-19 14:06:25,220 - new_apply_order.py[line:145]: userId=6221731995808964608,mobile=01634623584,token=7aedac5622278b225ae7aefa1f18177e 登录成功
INFO - 2021-10-19 14:06:25,279 - new_apply_order.py[line:212]: 个人信息提交成功！
INFO - 2021-10-19 14:06:25,323 - new_apply_order.py[line:223]: 联系人信息提交成功！
INFO - 2021-10-19 14:06:25,498 - new_apply_order.py[line:255]: 创建预审订单成功！
INFO - 2021-10-19 14:06:25,512 - new_apply_order.py[line:263]: 预审状态修改为通过,更新条数 1
INFO - 2021-10-19 14:06:25,528 - new_apply_order.py[line:266]: 更新初始额度！更新条数 1
INFO - 2021-10-19 14:06:25,794 - new_apply_order.py[line:347]: 活体图片上传成功！回写配置文件global_param.mp4_url
INFO - 2021-10-19 14:06:25,829 - new_apply_order.py[line:357]: 视频认证通过！
INFO - 2021-10-19 14:06:26,827 - new_apply_order.py[line:582]: bvn和银行卡绑卡认证通过！
INFO - 2021-10-19 14:06:27,147 - new_apply_order.py[line:633]: user更新1条
INFO - 2021-10-19 14:06:27,333 - new_apply_order.py[line:684]: 进件成功！执行sql将订单改为风控中……
INFO - 2021-10-19 14:06:28,373 - new_apply_order.py[line:690]: 订单表更新1条，信审更新1条
INFO - 2021-10-19 14:06:28,720 - new_apply_order.py[line:704]: 查询loan_order_id成功！
INFO - 2021-10-19 14:06:28,757 - new_apply_order.py[line:719]: 订单回调复审通过成功！
INFO - 2021-10-19 14:06:29,554 - new_apply_order.py[line:741]: 获取token成功！token=bearer a527dd26-2c1d-4c7f-9a46-cde43713dded！
INFO - 2021-10-19 14:06:29,905 - new_apply_order.py[line:704]: 查询loan_order_id成功！
INFO - 2021-10-19 14:06:30,178 - new_apply_order.py[line:759]: 后台已触发放款成功！
INFO - 2021-10-19 14:06:30,191 - new_apply_order.py[line:773]: xxl_job web 登录成功！
INFO - 2021-10-19 14:06:30,215 - new_apply_order.py[line:789]: xxl_job 放款准备作业执行成功！
INFO - 2021-10-19 14:06:31,562 - new_apply_order.py[line:704]: 查询loan_order_id成功！
INFO - 2021-10-19 14:06:31,582 - new_apply_order.py[line:797]: 修改放款准备完成时间成功！
INFO - 2021-10-19 14:06:31,592 - new_apply_order.py[line:805]: xxl_job 放款完成作业执行成功！
INFO - 2021-10-19 14:06:31,902 - new_apply_order.py[line:977]: 校验重试查询第1次
ERROR - 2021-10-19 14:06:32,921 - new_apply_order.py[line:873]: 放款完成或准备失败,目前的订单状态是35
INFO - 2021-10-19 14:06:32,921 - new_apply_order.py[line:874]: {'app': 'quickcash', 'loan_order_id': '1450342553154621440', 'mobile': '01634623584', 'order_status': 35}
INFO - 2021-10-19 14:06:33,429 - new_apply_order.py[line:977]: 校验重试查询第2次
INFO - 2021-10-19 14:06:34,443 - new_apply_order.py[line:871]: 放款完成或准备成功,目前的订单状态是40
INFO - 2021-10-19 14:06:34,443 - new_apply_order.py[line:874]: {'app': 'quickcash', 'loan_order_id': '1450342553154621440', 'mobile': '01634623584', 'order_status': 40}
INFO - 2021-10-19 14:06:34,444 - new_apply_order.py[line:994]: ===========完成第【1】次进件===========
INFO - 2021-10-19 14:06:34,444 - new_apply_order.py[line:997]: ======完成第【1】次进件,耗时9.72s=====
INFO - 2021-10-19 14:06:34,447 - new_apply_order.py[line:954]: 开始第 borrowme【1】次进件……
INFO - 2021-10-19 14:06:34,448 - new_apply_order.py[line:84]: ======【nga测试环境】生成手机号：01634623594 ======
INFO - 2021-10-19 14:06:34,790 - new_apply_order.py[line:97]: 01634623594 检测用户存在成功！
INFO - 2021-10-19 14:06:34,834 - new_apply_order.py[line:106]: 01634623594 短信发送成功！
INFO - 2021-10-19 14:06:34,869 - new_apply_order.py[line:119]: 01634623594 注册成功！
INFO - 2021-10-19 14:06:34,912 - new_apply_order.py[line:135]: 01634623594 登录短信发送成功！
INFO - 2021-10-19 14:06:34,954 - new_apply_order.py[line:145]: userId=6221732036619542528,mobile=01634623594,token=7ce3c6f1494bde72e47ff2a9109c9d36 登录成功
INFO - 2021-10-19 14:06:35,020 - new_apply_order.py[line:212]: 个人信息提交成功！
INFO - 2021-10-19 14:06:35,076 - new_apply_order.py[line:223]: 联系人信息提交成功！
INFO - 2021-10-19 14:06:35,297 - new_apply_order.py[line:255]: 创建预审订单成功！
INFO - 2021-10-19 14:06:35,316 - new_apply_order.py[line:263]: 预审状态修改为通过,更新条数 1
INFO - 2021-10-19 14:06:35,331 - new_apply_order.py[line:266]: 更新初始额度！更新条数 1
INFO - 2021-10-19 14:06:35,577 - new_apply_order.py[line:347]: 活体图片上传成功！回写配置文件global_param.mp4_url
INFO - 2021-10-19 14:06:35,610 - new_apply_order.py[line:357]: 视频认证通过！
INFO - 2021-10-19 14:06:36,591 - new_apply_order.py[line:582]: bvn和银行卡绑卡认证通过！
INFO - 2021-10-19 14:06:36,910 - new_apply_order.py[line:633]: user更新1条
INFO - 2021-10-19 14:06:37,177 - new_apply_order.py[line:684]: 进件成功！执行sql将订单改为风控中……
INFO - 2021-10-19 14:06:38,215 - new_apply_order.py[line:690]: 订单表更新1条，信审更新1条
INFO - 2021-10-19 14:06:38,572 - new_apply_order.py[line:704]: 查询loan_order_id成功！
INFO - 2021-10-19 14:06:38,609 - new_apply_order.py[line:719]: 订单回调复审通过成功！
INFO - 2021-10-19 14:06:39,402 - new_apply_order.py[line:741]: 获取token成功！token=bearer a527dd26-2c1d-4c7f-9a46-cde43713dded！
INFO - 2021-10-19 14:06:39,750 - new_apply_order.py[line:704]: 查询loan_order_id成功！
INFO - 2021-10-19 14:06:40,119 - new_apply_order.py[line:759]: 后台已触发放款成功！
INFO - 2021-10-19 14:06:40,131 - new_apply_order.py[line:773]: xxl_job web 登录成功！
INFO - 2021-10-19 14:06:40,143 - new_apply_order.py[line:789]: xxl_job 放款准备作业执行成功！
INFO - 2021-10-19 14:06:41,490 - new_apply_order.py[line:704]: 查询loan_order_id成功！
INFO - 2021-10-19 14:06:41,509 - new_apply_order.py[line:797]: 修改放款准备完成时间成功！
INFO - 2021-10-19 14:06:41,519 - new_apply_order.py[line:805]: xxl_job 放款完成作业执行成功！
INFO - 2021-10-19 14:06:41,827 - new_apply_order.py[line:977]: 校验重试查询第1次
ERROR - 2021-10-19 14:06:42,846 - new_apply_order.py[line:873]: 放款完成或准备失败,目前的订单状态是35
INFO - 2021-10-19 14:06:42,846 - new_apply_order.py[line:874]: {'app': 'borrowme', 'loan_order_id': '1450342594187497472', 'mobile': '01634623594', 'order_status': 35}
INFO - 2021-10-19 14:06:43,352 - new_apply_order.py[line:977]: 校验重试查询第2次
INFO - 2021-10-19 14:06:44,363 - new_apply_order.py[line:871]: 放款完成或准备成功,目前的订单状态是40
INFO - 2021-10-19 14:06:44,364 - new_apply_order.py[line:874]: {'app': 'borrowme', 'loan_order_id': '1450342594187497472', 'mobile': '01634623594', 'order_status': 40}
INFO - 2021-10-19 14:06:44,365 - new_apply_order.py[line:994]: ===========完成第【1】次进件===========
INFO - 2021-10-19 14:06:44,365 - new_apply_order.py[line:997]: ======完成第【1】次进件,耗时9.92s=====
INFO - 2021-10-19 14:06:44,368 - new_apply_order.py[line:954]: 开始第 moremoney【1】次进件……
INFO - 2021-10-19 14:06:44,369 - new_apply_order.py[line:84]: ======【nga测试环境】生成手机号：01634623604 ======
INFO - 2021-10-19 14:06:44,713 - new_apply_order.py[line:97]: 01634623604 检测用户存在成功！
INFO - 2021-10-19 14:06:44,755 - new_apply_order.py[line:106]: 01634623604 短信发送成功！
INFO - 2021-10-19 14:06:44,792 - new_apply_order.py[line:119]: 01634623604 注册成功！
INFO - 2021-10-19 14:06:44,846 - new_apply_order.py[line:135]: 01634623604 登录短信发送成功！
INFO - 2021-10-19 14:06:44,891 - new_apply_order.py[line:145]: userId=6221732078235426816,mobile=01634623604,token=012158b1c7c6b0b0a4597f385c50f059 登录成功
INFO - 2021-10-19 14:06:44,960 - new_apply_order.py[line:212]: 个人信息提交成功！
INFO - 2021-10-19 14:06:45,008 - new_apply_order.py[line:223]: 联系人信息提交成功！
INFO - 2021-10-19 14:06:45,216 - new_apply_order.py[line:255]: 创建预审订单成功！
INFO - 2021-10-19 14:06:45,234 - new_apply_order.py[line:263]: 预审状态修改为通过,更新条数 1
INFO - 2021-10-19 14:06:45,247 - new_apply_order.py[line:266]: 更新初始额度！更新条数 1
INFO - 2021-10-19 14:06:45,528 - new_apply_order.py[line:347]: 活体图片上传成功！回写配置文件global_param.mp4_url
INFO - 2021-10-19 14:06:45,567 - new_apply_order.py[line:357]: 视频认证通过！
INFO - 2021-10-19 14:06:46,575 - new_apply_order.py[line:582]: bvn和银行卡绑卡认证通过！
INFO - 2021-10-19 14:06:46,862 - new_apply_order.py[line:633]: user更新1条
INFO - 2021-10-19 14:06:47,084 - new_apply_order.py[line:684]: 进件成功！执行sql将订单改为风控中……
INFO - 2021-10-19 14:06:48,130 - new_apply_order.py[line:690]: 订单表更新1条，信审更新1条
INFO - 2021-10-19 14:06:48,481 - new_apply_order.py[line:704]: 查询loan_order_id成功！
INFO - 2021-10-19 14:06:48,539 - new_apply_order.py[line:719]: 订单回调复审通过成功！
INFO - 2021-10-19 14:06:49,322 - new_apply_order.py[line:741]: 获取token成功！token=bearer a527dd26-2c1d-4c7f-9a46-cde43713dded！
INFO - 2021-10-19 14:06:49,665 - new_apply_order.py[line:704]: 查询loan_order_id成功！
INFO - 2021-10-19 14:06:50,007 - new_apply_order.py[line:759]: 后台已触发放款成功！
INFO - 2021-10-19 14:06:50,019 - new_apply_order.py[line:773]: xxl_job web 登录成功！
INFO - 2021-10-19 14:06:50,030 - new_apply_order.py[line:789]: xxl_job 放款准备作业执行成功！
INFO - 2021-10-19 14:06:51,378 - new_apply_order.py[line:704]: 查询loan_order_id成功！
INFO - 2021-10-19 14:06:51,394 - new_apply_order.py[line:797]: 修改放款准备完成时间成功！
INFO - 2021-10-19 14:06:51,400 - new_apply_order.py[line:805]: xxl_job 放款完成作业执行成功！
INFO - 2021-10-19 14:06:51,706 - new_apply_order.py[line:977]: 校验重试查询第1次
ERROR - 2021-10-19 14:06:52,721 - new_apply_order.py[line:873]: 放款完成或准备失败,目前的订单状态是35
INFO - 2021-10-19 14:06:52,722 - new_apply_order.py[line:874]: {'app': 'moremoney', 'loan_order_id': '1450342635774021632', 'mobile': '01634623604', 'order_status': 35}
INFO - 2021-10-19 14:06:53,229 - new_apply_order.py[line:977]: 校验重试查询第2次
ERROR - 2021-10-19 14:06:54,243 - new_apply_order.py[line:873]: 放款完成或准备失败,目前的订单状态是35
INFO - 2021-10-19 14:06:54,244 - new_apply_order.py[line:874]: {'app': 'moremoney', 'loan_order_id': '1450342635774021632', 'mobile': '01634623604', 'order_status': 35}
INFO - 2021-10-19 14:06:54,755 - new_apply_order.py[line:977]: 校验重试查询第3次
INFO - 2021-10-19 14:06:55,775 - new_apply_order.py[line:871]: 放款完成或准备成功,目前的订单状态是40
INFO - 2021-10-19 14:06:55,775 - new_apply_order.py[line:874]: {'app': 'moremoney', 'loan_order_id': '1450342635774021632', 'mobile': '01634623604', 'order_status': 40}
INFO - 2021-10-19 14:06:55,776 - new_apply_order.py[line:994]: ===========完成第【1】次进件===========
INFO - 2021-10-19 14:06:55,776 - new_apply_order.py[line:997]: ======完成第【1】次进件,耗时11.41s=====
INFO - 2021-10-19 14:06:55,780 - new_apply_order.py[line:954]: 开始第 creditnaira【1】次进件……
INFO - 2021-10-19 14:06:55,782 - new_apply_order.py[line:84]: ======【nga测试环境】生成手机号：01634623615 ======
INFO - 2021-10-19 14:06:56,140 - new_apply_order.py[line:97]: 01634623615 检测用户存在成功！
INFO - 2021-10-19 14:06:56,181 - new_apply_order.py[line:106]: 01634623615 短信发送成功！
INFO - 2021-10-19 14:06:56,220 - new_apply_order.py[line:119]: 01634623615 注册成功！
INFO - 2021-10-19 14:06:56,266 - new_apply_order.py[line:135]: 01634623615 登录短信发送成功！
INFO - 2021-10-19 14:06:56,308 - new_apply_order.py[line:145]: userId=6221732126159544320,mobile=01634623615,token=104ba57d0e66d1acd4e524e32f1f570f 登录成功
INFO - 2021-10-19 14:06:56,381 - new_apply_order.py[line:212]: 个人信息提交成功！
INFO - 2021-10-19 14:06:56,427 - new_apply_order.py[line:223]: 联系人信息提交成功！
INFO - 2021-10-19 14:06:56,599 - new_apply_order.py[line:255]: 创建预审订单成功！
INFO - 2021-10-19 14:06:56,617 - new_apply_order.py[line:263]: 预审状态修改为通过,更新条数 1
INFO - 2021-10-19 14:06:56,632 - new_apply_order.py[line:266]: 更新初始额度！更新条数 1
INFO - 2021-10-19 14:06:56,911 - new_apply_order.py[line:347]: 活体图片上传成功！回写配置文件global_param.mp4_url
INFO - 2021-10-19 14:06:56,942 - new_apply_order.py[line:357]: 视频认证通过！
INFO - 2021-10-19 14:06:57,970 - new_apply_order.py[line:582]: bvn和银行卡绑卡认证通过！
INFO - 2021-10-19 14:06:58,273 - new_apply_order.py[line:633]: user更新1条
INFO - 2021-10-19 14:06:58,442 - new_apply_order.py[line:684]: 进件成功！执行sql将订单改为风控中……
INFO - 2021-10-19 14:06:59,480 - new_apply_order.py[line:690]: 订单表更新1条，信审更新1条
INFO - 2021-10-19 14:06:59,830 - new_apply_order.py[line:704]: 查询loan_order_id成功！
INFO - 2021-10-19 14:06:59,867 - new_apply_order.py[line:719]: 订单回调复审通过成功！
INFO - 2021-10-19 14:07:00,665 - new_apply_order.py[line:741]: 获取token成功！token=bearer a527dd26-2c1d-4c7f-9a46-cde43713dded！
INFO - 2021-10-19 14:07:01,018 - new_apply_order.py[line:704]: 查询loan_order_id成功！
INFO - 2021-10-19 14:07:01,351 - new_apply_order.py[line:759]: 后台已触发放款成功！
INFO - 2021-10-19 14:07:01,364 - new_apply_order.py[line:773]: xxl_job web 登录成功！
INFO - 2021-10-19 14:07:01,375 - new_apply_order.py[line:789]: xxl_job 放款准备作业执行成功！
INFO - 2021-10-19 14:07:02,725 - new_apply_order.py[line:704]: 查询loan_order_id成功！
INFO - 2021-10-19 14:07:02,742 - new_apply_order.py[line:797]: 修改放款准备完成时间成功！
INFO - 2021-10-19 14:07:02,750 - new_apply_order.py[line:805]: xxl_job 放款完成作业执行成功！
INFO - 2021-10-19 14:07:03,058 - new_apply_order.py[line:977]: 校验重试查询第1次
ERROR - 2021-10-19 14:07:04,074 - new_apply_order.py[line:873]: 放款完成或准备失败,目前的订单状态是35
INFO - 2021-10-19 14:07:04,075 - new_apply_order.py[line:874]: {'app': 'creditnaira', 'loan_order_id': '1450342683635224576', 'mobile': '01634623615', 'order_status': 35}
INFO - 2021-10-19 14:07:04,584 - new_apply_order.py[line:977]: 校验重试查询第2次
INFO - 2021-10-19 14:07:05,603 - new_apply_order.py[line:871]: 放款完成或准备成功,目前的订单状态是40
INFO - 2021-10-19 14:07:05,603 - new_apply_order.py[line:874]: {'app': 'creditnaira', 'loan_order_id': '1450342683635224576', 'mobile': '01634623615', 'order_status': 40}
INFO - 2021-10-19 14:07:05,604 - new_apply_order.py[line:994]: ===========完成第【1】次进件===========
INFO - 2021-10-19 14:07:05,604 - new_apply_order.py[line:997]: ======完成第【1】次进件,耗时9.82s=====
INFO - 2021-10-19 14:07:05,608 - new_apply_order.py[line:954]: 开始第 inaira【1】次进件……
INFO - 2021-10-19 14:07:05,609 - new_apply_order.py[line:84]: ======【nga测试环境】生成手机号：01634623625 ======
INFO - 2021-10-19 14:07:05,953 - new_apply_order.py[line:97]: 01634623625 检测用户存在成功！
INFO - 2021-10-19 14:07:05,994 - new_apply_order.py[line:106]: 01634623625 短信发送成功！
INFO - 2021-10-19 14:07:06,031 - new_apply_order.py[line:119]: 01634623625 注册成功！
INFO - 2021-10-19 14:07:06,078 - new_apply_order.py[line:135]: 01634623625 登录短信发送成功！
INFO - 2021-10-19 14:07:06,132 - new_apply_order.py[line:145]: userId=6221732167318249472,mobile=01634623625,token=0bf76457ce1e3646c1e2873b8d54f413 登录成功
INFO - 2021-10-19 14:07:06,202 - new_apply_order.py[line:212]: 个人信息提交成功！
INFO - 2021-10-19 14:07:06,250 - new_apply_order.py[line:223]: 联系人信息提交成功！
INFO - 2021-10-19 14:07:06,500 - new_apply_order.py[line:255]: 创建预审订单成功！
INFO - 2021-10-19 14:07:06,519 - new_apply_order.py[line:263]: 预审状态修改为通过,更新条数 1
INFO - 2021-10-19 14:07:06,532 - new_apply_order.py[line:266]: 更新初始额度！更新条数 1
INFO - 2021-10-19 14:07:06,796 - new_apply_order.py[line:347]: 活体图片上传成功！回写配置文件global_param.mp4_url
INFO - 2021-10-19 14:07:06,827 - new_apply_order.py[line:357]: 视频认证通过！
INFO - 2021-10-19 14:07:07,736 - new_apply_order.py[line:582]: bvn和银行卡绑卡认证通过！
INFO - 2021-10-19 14:07:08,051 - new_apply_order.py[line:633]: user更新1条
INFO - 2021-10-19 14:07:08,268 - new_apply_order.py[line:684]: 进件成功！执行sql将订单改为风控中……
INFO - 2021-10-19 14:07:09,313 - new_apply_order.py[line:690]: 订单表更新1条，信审更新1条
INFO - 2021-10-19 14:07:09,662 - new_apply_order.py[line:704]: 查询loan_order_id成功！
INFO - 2021-10-19 14:07:09,702 - new_apply_order.py[line:719]: 订单回调复审通过成功！
INFO - 2021-10-19 14:07:10,470 - new_apply_order.py[line:741]: 获取token成功！token=bearer a527dd26-2c1d-4c7f-9a46-cde43713dded！
INFO - 2021-10-19 14:07:10,815 - new_apply_order.py[line:704]: 查询loan_order_id成功！
INFO - 2021-10-19 14:07:11,132 - new_apply_order.py[line:759]: 后台已触发放款成功！
INFO - 2021-10-19 14:07:11,145 - new_apply_order.py[line:773]: xxl_job web 登录成功！
INFO - 2021-10-19 14:07:11,157 - new_apply_order.py[line:789]: xxl_job 放款准备作业执行成功！
INFO - 2021-10-19 14:07:12,501 - new_apply_order.py[line:704]: 查询loan_order_id成功！
INFO - 2021-10-19 14:07:12,511 - new_apply_order.py[line:797]: 修改放款准备完成时间成功！
INFO - 2021-10-19 14:07:12,515 - new_apply_order.py[line:805]: xxl_job 放款完成作业执行成功！
INFO - 2021-10-19 14:07:12,821 - new_apply_order.py[line:977]: 校验重试查询第1次
ERROR - 2021-10-19 14:07:13,838 - new_apply_order.py[line:873]: 放款完成或准备失败,目前的订单状态是35
INFO - 2021-10-19 14:07:13,839 - new_apply_order.py[line:874]: {'app': 'inaira', 'loan_order_id': '1450342725020422144', 'mobile': '01634623625', 'order_status': 35}
INFO - 2021-10-19 14:07:14,346 - new_apply_order.py[line:977]: 校验重试查询第2次
INFO - 2021-10-19 14:07:15,366 - new_apply_order.py[line:871]: 放款完成或准备成功,目前的订单状态是40
INFO - 2021-10-19 14:07:15,366 - new_apply_order.py[line:874]: {'app': 'inaira', 'loan_order_id': '1450342725020422144', 'mobile': '01634623625', 'order_status': 40}
INFO - 2021-10-19 14:07:15,367 - new_apply_order.py[line:994]: ===========完成第【1】次进件===========
INFO - 2021-10-19 14:07:15,367 - new_apply_order.py[line:997]: ======完成第【1】次进件,耗时9.76s=====
INFO - 2021-10-19 14:07:15,371 - new_apply_order.py[line:954]: 开始第 runcash【1】次进件……
INFO - 2021-10-19 14:07:15,373 - new_apply_order.py[line:84]: ======【nga测试环境】生成手机号：01634623635 ======
INFO - 2021-10-19 14:07:15,724 - new_apply_order.py[line:97]: 01634623635 检测用户存在成功！
INFO - 2021-10-19 14:07:15,765 - new_apply_order.py[line:106]: 01634623635 短信发送成功！
INFO - 2021-10-19 14:07:15,804 - new_apply_order.py[line:119]: 01634623635 注册成功！
INFO - 2021-10-19 14:07:15,852 - new_apply_order.py[line:135]: 01634623635 登录短信发送成功！
INFO - 2021-10-19 14:07:15,895 - new_apply_order.py[line:145]: userId=6221732208304988160,mobile=01634623635,token=4b8008b6a095fb576b1cbcf4a9369a9b 登录成功
INFO - 2021-10-19 14:07:15,952 - new_apply_order.py[line:212]: 个人信息提交成功！
INFO - 2021-10-19 14:07:16,002 - new_apply_order.py[line:223]: 联系人信息提交成功！
INFO - 2021-10-19 14:07:16,227 - new_apply_order.py[line:255]: 创建预审订单成功！
INFO - 2021-10-19 14:07:16,249 - new_apply_order.py[line:263]: 预审状态修改为通过,更新条数 1
INFO - 2021-10-19 14:07:16,273 - new_apply_order.py[line:266]: 更新初始额度！更新条数 1
INFO - 2021-10-19 14:07:16,511 - new_apply_order.py[line:347]: 活体图片上传成功！回写配置文件global_param.mp4_url
INFO - 2021-10-19 14:07:16,544 - new_apply_order.py[line:357]: 视频认证通过！
INFO - 2021-10-19 14:07:17,480 - new_apply_order.py[line:582]: bvn和银行卡绑卡认证通过！
INFO - 2021-10-19 14:07:17,782 - new_apply_order.py[line:633]: user更新1条
INFO - 2021-10-19 14:07:17,952 - new_apply_order.py[line:684]: 进件成功！执行sql将订单改为风控中……
INFO - 2021-10-19 14:07:18,994 - new_apply_order.py[line:690]: 订单表更新1条，信审更新1条
INFO - 2021-10-19 14:07:19,340 - new_apply_order.py[line:704]: 查询loan_order_id成功！
INFO - 2021-10-19 14:07:19,376 - new_apply_order.py[line:719]: 订单回调复审通过成功！
INFO - 2021-10-19 14:07:20,172 - new_apply_order.py[line:741]: 获取token成功！token=bearer a527dd26-2c1d-4c7f-9a46-cde43713dded！
INFO - 2021-10-19 14:07:20,516 - new_apply_order.py[line:704]: 查询loan_order_id成功！
INFO - 2021-10-19 14:07:20,857 - new_apply_order.py[line:759]: 后台已触发放款成功！
INFO - 2021-10-19 14:07:20,872 - new_apply_order.py[line:773]: xxl_job web 登录成功！
INFO - 2021-10-19 14:07:20,885 - new_apply_order.py[line:789]: xxl_job 放款准备作业执行成功！
INFO - 2021-10-19 14:07:22,228 - new_apply_order.py[line:704]: 查询loan_order_id成功！
INFO - 2021-10-19 14:07:22,240 - new_apply_order.py[line:797]: 修改放款准备完成时间成功！
INFO - 2021-10-19 14:07:22,244 - new_apply_order.py[line:805]: xxl_job 放款完成作业执行成功！
INFO - 2021-10-19 14:07:22,548 - new_apply_order.py[line:977]: 校验重试查询第1次
ERROR - 2021-10-19 14:07:23,566 - new_apply_order.py[line:873]: 放款完成或准备失败,目前的订单状态是35
INFO - 2021-10-19 14:07:23,566 - new_apply_order.py[line:874]: {'app': 'runcash', 'loan_order_id': '1450342765810028544', 'mobile': '01634623635', 'order_status': 35}
INFO - 2021-10-19 14:07:24,072 - new_apply_order.py[line:977]: 校验重试查询第2次
INFO - 2021-10-19 14:07:25,087 - new_apply_order.py[line:871]: 放款完成或准备成功,目前的订单状态是40
INFO - 2021-10-19 14:07:25,087 - new_apply_order.py[line:874]: {'app': 'runcash', 'loan_order_id': '1450342765810028544', 'mobile': '01634623635', 'order_status': 40}
INFO - 2021-10-19 14:07:25,088 - new_apply_order.py[line:994]: ===========完成第【1】次进件===========
INFO - 2021-10-19 14:07:25,088 - new_apply_order.py[line:997]: ======完成第【1】次进件,耗时9.72s=====
INFO - 2021-10-19 14:07:25,092 - new_apply_order.py[line:954]: 开始第 formoney【1】次进件……
INFO - 2021-10-19 14:07:25,093 - new_apply_order.py[line:84]: ======【nga测试环境】生成手机号：01634623645 ======
INFO - 2021-10-19 14:07:25,436 - new_apply_order.py[line:97]: 01634623645 检测用户存在成功！
INFO - 2021-10-19 14:07:25,478 - new_apply_order.py[line:106]: 01634623645 短信发送成功！
INFO - 2021-10-19 14:07:25,518 - new_apply_order.py[line:119]: 01634623645 注册成功！
INFO - 2021-10-19 14:07:25,565 - new_apply_order.py[line:135]: 01634623645 登录短信发送成功！
INFO - 2021-10-19 14:07:25,609 - new_apply_order.py[line:145]: userId=6221732249040068608,mobile=01634623645,token=6c4f0552c25051b3f86e8c314a0639e3 登录成功
INFO - 2021-10-19 14:07:25,674 - new_apply_order.py[line:212]: 个人信息提交成功！
INFO - 2021-10-19 14:07:25,728 - new_apply_order.py[line:223]: 联系人信息提交成功！
INFO - 2021-10-19 14:07:25,899 - new_apply_order.py[line:255]: 创建预审订单成功！
INFO - 2021-10-19 14:07:25,915 - new_apply_order.py[line:263]: 预审状态修改为通过,更新条数 1
INFO - 2021-10-19 14:07:25,929 - new_apply_order.py[line:266]: 更新初始额度！更新条数 1
INFO - 2021-10-19 14:07:26,183 - new_apply_order.py[line:347]: 活体图片上传成功！回写配置文件global_param.mp4_url
INFO - 2021-10-19 14:07:26,216 - new_apply_order.py[line:357]: 视频认证通过！
INFO - 2021-10-19 14:07:27,222 - new_apply_order.py[line:582]: bvn和银行卡绑卡认证通过！
INFO - 2021-10-19 14:07:27,516 - new_apply_order.py[line:633]: user更新1条
INFO - 2021-10-19 14:07:27,676 - new_apply_order.py[line:684]: 进件成功！执行sql将订单改为风控中……
INFO - 2021-10-19 14:07:28,704 - new_apply_order.py[line:690]: 订单表更新1条，信审更新1条
INFO - 2021-10-19 14:07:29,052 - new_apply_order.py[line:704]: 查询loan_order_id成功！
INFO - 2021-10-19 14:07:29,089 - new_apply_order.py[line:719]: 订单回调复审通过成功！
INFO - 2021-10-19 14:07:29,849 - new_apply_order.py[line:741]: 获取token成功！token=bearer a527dd26-2c1d-4c7f-9a46-cde43713dded！
INFO - 2021-10-19 14:07:30,187 - new_apply_order.py[line:704]: 查询loan_order_id成功！
INFO - 2021-10-19 14:07:30,504 - new_apply_order.py[line:759]: 后台已触发放款成功！
INFO - 2021-10-19 14:07:30,511 - new_apply_order.py[line:773]: xxl_job web 登录成功！
INFO - 2021-10-19 14:07:30,521 - new_apply_order.py[line:789]: xxl_job 放款准备作业执行成功！
INFO - 2021-10-19 14:07:31,871 - new_apply_order.py[line:704]: 查询loan_order_id成功！
INFO - 2021-10-19 14:07:31,886 - new_apply_order.py[line:797]: 修改放款准备完成时间成功！
INFO - 2021-10-19 14:07:31,898 - new_apply_order.py[line:805]: xxl_job 放款完成作业执行成功！
INFO - 2021-10-19 14:07:32,205 - new_apply_order.py[line:977]: 校验重试查询第1次
ERROR - 2021-10-19 14:07:33,218 - new_apply_order.py[line:873]: 放款完成或准备失败,目前的订单状态是35
INFO - 2021-10-19 14:07:33,218 - new_apply_order.py[line:874]: {'app': 'formoney', 'loan_order_id': '1450342806519943168', 'mobile': '01634623645', 'order_status': 35}
INFO - 2021-10-19 14:07:33,724 - new_apply_order.py[line:977]: 校验重试查询第2次
INFO - 2021-10-19 14:07:34,741 - new_apply_order.py[line:871]: 放款完成或准备成功,目前的订单状态是40
INFO - 2021-10-19 14:07:34,741 - new_apply_order.py[line:874]: {'app': 'formoney', 'loan_order_id': '1450342806519943168', 'mobile': '01634623645', 'order_status': 40}
INFO - 2021-10-19 14:07:34,742 - new_apply_order.py[line:994]: ===========完成第【1】次进件===========
INFO - 2021-10-19 14:07:34,742 - new_apply_order.py[line:997]: ======完成第【1】次进件,耗时9.65s=====
INFO - 2021-10-19 14:07:34,745 - new_apply_order.py[line:954]: 开始第 Gotocash【1】次进件……
INFO - 2021-10-19 14:07:34,747 - new_apply_order.py[line:84]: ======【nga测试环境】生成手机号：01634623654 ======
INFO - 2021-10-19 14:07:35,089 - new_apply_order.py[line:97]: 01634623654 检测用户存在成功！
INFO - 2021-10-19 14:07:35,140 - new_apply_order.py[line:106]: 01634623654 短信发送成功！
INFO - 2021-10-19 14:07:35,180 - new_apply_order.py[line:119]: 01634623654 注册成功！
INFO - 2021-10-19 14:07:35,227 - new_apply_order.py[line:135]: 01634623654 登录短信发送成功！
INFO - 2021-10-19 14:07:35,268 - new_apply_order.py[line:145]: userId=6221732289573822464,mobile=01634623654,token=8367aca52ebb109028e146c735f189c1 登录成功
INFO - 2021-10-19 14:07:35,336 - new_apply_order.py[line:212]: 个人信息提交成功！
INFO - 2021-10-19 14:07:35,382 - new_apply_order.py[line:223]: 联系人信息提交成功！
INFO - 2021-10-19 14:07:35,557 - new_apply_order.py[line:255]: 创建预审订单成功！
INFO - 2021-10-19 14:07:35,574 - new_apply_order.py[line:263]: 预审状态修改为通过,更新条数 1
INFO - 2021-10-19 14:07:35,590 - new_apply_order.py[line:266]: 更新初始额度！更新条数 1
INFO - 2021-10-19 14:07:35,885 - new_apply_order.py[line:347]: 活体图片上传成功！回写配置文件global_param.mp4_url
INFO - 2021-10-19 14:07:35,921 - new_apply_order.py[line:357]: 视频认证通过！
INFO - 2021-10-19 14:07:36,962 - new_apply_order.py[line:582]: bvn和银行卡绑卡认证通过！
INFO - 2021-10-19 14:07:37,263 - new_apply_order.py[line:633]: user更新1条
INFO - 2021-10-19 14:07:37,443 - new_apply_order.py[line:684]: 进件成功！执行sql将订单改为风控中……
INFO - 2021-10-19 14:07:38,482 - new_apply_order.py[line:690]: 订单表更新1条，信审更新1条
INFO - 2021-10-19 14:07:38,839 - new_apply_order.py[line:704]: 查询loan_order_id成功！
INFO - 2021-10-19 14:07:38,875 - new_apply_order.py[line:719]: 订单回调复审通过成功！
INFO - 2021-10-19 14:07:39,669 - new_apply_order.py[line:741]: 获取token成功！token=bearer a527dd26-2c1d-4c7f-9a46-cde43713dded！
INFO - 2021-10-19 14:07:40,015 - new_apply_order.py[line:704]: 查询loan_order_id成功！
INFO - 2021-10-19 14:07:40,371 - new_apply_order.py[line:759]: 后台已触发放款成功！
INFO - 2021-10-19 14:07:40,384 - new_apply_order.py[line:773]: xxl_job web 登录成功！
INFO - 2021-10-19 14:07:40,397 - new_apply_order.py[line:789]: xxl_job 放款准备作业执行成功！
INFO - 2021-10-19 14:07:41,744 - new_apply_order.py[line:704]: 查询loan_order_id成功！
INFO - 2021-10-19 14:07:41,759 - new_apply_order.py[line:797]: 修改放款准备完成时间成功！
INFO - 2021-10-19 14:07:41,764 - new_apply_order.py[line:805]: xxl_job 放款完成作业执行成功！
INFO - 2021-10-19 14:07:42,070 - new_apply_order.py[line:977]: 校验重试查询第1次
ERROR - 2021-10-19 14:07:43,087 - new_apply_order.py[line:873]: 放款完成或准备失败,目前的订单状态是35
INFO - 2021-10-19 14:07:43,088 - new_apply_order.py[line:874]: {'app': 'Gotocash', 'loan_order_id': '1450342847112417280', 'mobile': '01634623654', 'order_status': 35}
INFO - 2021-10-19 14:07:43,592 - new_apply_order.py[line:977]: 校验重试查询第2次
INFO - 2021-10-19 14:07:44,605 - new_apply_order.py[line:871]: 放款完成或准备成功,目前的订单状态是40
INFO - 2021-10-19 14:07:44,605 - new_apply_order.py[line:874]: {'app': 'Gotocash', 'loan_order_id': '1450342847112417280', 'mobile': '01634623654', 'order_status': 40}
INFO - 2021-10-19 14:07:44,606 - new_apply_order.py[line:994]: ===========完成第【1】次进件===========
INFO - 2021-10-19 14:07:44,606 - new_apply_order.py[line:997]: ======完成第【1】次进件,耗时9.86s=====
INFO - 2021-10-19 14:07:44,609 - new_apply_order.py[line:954]: 开始第 Gotcash【1】次进件……
INFO - 2021-10-19 14:07:44,610 - new_apply_order.py[line:84]: ======【nga测试环境】生成手机号：01634623664 ======
INFO - 2021-10-19 14:07:44,957 - new_apply_order.py[line:97]: 01634623664 检测用户存在成功！
INFO - 2021-10-19 14:07:44,996 - new_apply_order.py[line:106]: 01634623664 短信发送成功！
INFO - 2021-10-19 14:07:45,030 - new_apply_order.py[line:119]: 01634623664 注册成功！
INFO - 2021-10-19 14:07:45,071 - new_apply_order.py[line:135]: 01634623664 登录短信发送成功！
INFO - 2021-10-19 14:07:45,121 - new_apply_order.py[line:145]: userId=6221732330900299776,mobile=01634623664,token=29ddffe14a6ae083b3352660e2f7ec22 登录成功
INFO - 2021-10-19 14:07:45,177 - new_apply_order.py[line:212]: 个人信息提交成功！
INFO - 2021-10-19 14:07:45,223 - new_apply_order.py[line:223]: 联系人信息提交成功！
INFO - 2021-10-19 14:07:45,424 - new_apply_order.py[line:255]: 创建预审订单成功！
INFO - 2021-10-19 14:07:45,445 - new_apply_order.py[line:263]: 预审状态修改为通过,更新条数 1
INFO - 2021-10-19 14:07:45,464 - new_apply_order.py[line:266]: 更新初始额度！更新条数 1
INFO - 2021-10-19 14:07:45,758 - new_apply_order.py[line:347]: 活体图片上传成功！回写配置文件global_param.mp4_url
INFO - 2021-10-19 14:07:45,794 - new_apply_order.py[line:357]: 视频认证通过！
INFO - 2021-10-19 14:07:46,871 - new_apply_order.py[line:582]: bvn和银行卡绑卡认证通过！
INFO - 2021-10-19 14:07:47,170 - new_apply_order.py[line:633]: user更新1条
INFO - 2021-10-19 14:07:47,343 - new_apply_order.py[line:684]: 进件成功！执行sql将订单改为风控中……
INFO - 2021-10-19 14:07:48,365 - new_apply_order.py[line:690]: 订单表更新1条，信审更新1条
INFO - 2021-10-19 14:07:48,708 - new_apply_order.py[line:704]: 查询loan_order_id成功！
INFO - 2021-10-19 14:07:48,744 - new_apply_order.py[line:719]: 订单回调复审通过成功！
INFO - 2021-10-19 14:07:49,537 - new_apply_order.py[line:741]: 获取token成功！token=bearer a527dd26-2c1d-4c7f-9a46-cde43713dded！
INFO - 2021-10-19 14:07:49,879 - new_apply_order.py[line:704]: 查询loan_order_id成功！
INFO - 2021-10-19 14:07:50,228 - new_apply_order.py[line:759]: 后台已触发放款成功！
INFO - 2021-10-19 14:07:50,236 - new_apply_order.py[line:773]: xxl_job web 登录成功！
INFO - 2021-10-19 14:07:50,245 - new_apply_order.py[line:789]: xxl_job 放款准备作业执行成功！
INFO - 2021-10-19 14:07:51,590 - new_apply_order.py[line:704]: 查询loan_order_id成功！
INFO - 2021-10-19 14:07:51,607 - new_apply_order.py[line:797]: 修改放款准备完成时间成功！
INFO - 2021-10-19 14:07:51,615 - new_apply_order.py[line:805]: xxl_job 放款完成作业执行成功！
INFO - 2021-10-19 14:07:51,920 - new_apply_order.py[line:977]: 校验重试查询第1次
INFO - 2021-10-19 14:07:52,935 - new_apply_order.py[line:871]: 放款完成或准备成功,目前的订单状态是40
INFO - 2021-10-19 14:07:52,935 - new_apply_order.py[line:874]: {'app': 'Gotcash', 'loan_order_id': '1450342888321454080', 'mobile': '01634623664', 'order_status': 40}
INFO - 2021-10-19 14:07:52,936 - new_apply_order.py[line:994]: ===========完成第【1】次进件===========
INFO - 2021-10-19 14:07:52,936 - new_apply_order.py[line:997]: ======完成第【1】次进件,耗时8.33s=====
INFO - 2021-10-19 14:07:52,939 - new_apply_order.py[line:954]: 开始第 faircash【1】次进件……
INFO - 2021-10-19 14:07:52,940 - new_apply_order.py[line:84]: ======【nga测试环境】生成手机号：01634623672 ======
INFO - 2021-10-19 14:07:53,284 - new_apply_order.py[line:97]: 01634623672 检测用户存在成功！
INFO - 2021-10-19 14:07:53,335 - new_apply_order.py[line:106]: 01634623672 短信发送成功！
INFO - 2021-10-19 14:07:53,376 - new_apply_order.py[line:119]: 01634623672 注册成功！
INFO - 2021-10-19 14:07:53,423 - new_apply_order.py[line:135]: 01634623672 登录短信发送成功！
INFO - 2021-10-19 14:07:53,464 - new_apply_order.py[line:145]: userId=6221732365893378048,mobile=01634623672,token=515bc045fd87f4cc43b57b0e247481fb 登录成功
INFO - 2021-10-19 14:07:53,535 - new_apply_order.py[line:212]: 个人信息提交成功！
INFO - 2021-10-19 14:07:53,586 - new_apply_order.py[line:223]: 联系人信息提交成功！
INFO - 2021-10-19 14:07:53,786 - new_apply_order.py[line:255]: 创建预审订单成功！
INFO - 2021-10-19 14:07:53,805 - new_apply_order.py[line:263]: 预审状态修改为通过,更新条数 1
INFO - 2021-10-19 14:07:53,821 - new_apply_order.py[line:266]: 更新初始额度！更新条数 1
INFO - 2021-10-19 14:07:54,077 - new_apply_order.py[line:347]: 活体图片上传成功！回写配置文件global_param.mp4_url
INFO - 2021-10-19 14:07:54,115 - new_apply_order.py[line:357]: 视频认证通过！
INFO - 2021-10-19 14:07:55,119 - new_apply_order.py[line:582]: bvn和银行卡绑卡认证通过！
INFO - 2021-10-19 14:07:55,446 - new_apply_order.py[line:633]: user更新1条
INFO - 2021-10-19 14:07:55,632 - new_apply_order.py[line:684]: 进件成功！执行sql将订单改为风控中……
INFO - 2021-10-19 14:07:56,659 - new_apply_order.py[line:690]: 订单表更新1条，信审更新1条
INFO - 2021-10-19 14:07:57,016 - new_apply_order.py[line:704]: 查询loan_order_id成功！
INFO - 2021-10-19 14:07:57,059 - new_apply_order.py[line:719]: 订单回调复审通过成功！
INFO - 2021-10-19 14:07:57,833 - new_apply_order.py[line:741]: 获取token成功！token=bearer a527dd26-2c1d-4c7f-9a46-cde43713dded！
INFO - 2021-10-19 14:07:58,178 - new_apply_order.py[line:704]: 查询loan_order_id成功！
INFO - 2021-10-19 14:07:58,517 - new_apply_order.py[line:759]: 后台已触发放款成功！
INFO - 2021-10-19 14:07:58,531 - new_apply_order.py[line:773]: xxl_job web 登录成功！
INFO - 2021-10-19 14:07:58,541 - new_apply_order.py[line:789]: xxl_job 放款准备作业执行成功！
INFO - 2021-10-19 14:07:59,883 - new_apply_order.py[line:704]: 查询loan_order_id成功！
INFO - 2021-10-19 14:07:59,897 - new_apply_order.py[line:797]: 修改放款准备完成时间成功！
INFO - 2021-10-19 14:07:59,901 - new_apply_order.py[line:805]: xxl_job 放款完成作业执行成功！
INFO - 2021-10-19 14:08:00,208 - new_apply_order.py[line:977]: 校验重试查询第1次
ERROR - 2021-10-19 14:08:01,225 - new_apply_order.py[line:873]: 放款完成或准备失败,目前的订单状态是35
INFO - 2021-10-19 14:08:01,226 - new_apply_order.py[line:874]: {'app': 'faircash', 'loan_order_id': '1450342923360669696', 'mobile': '01634623672', 'order_status': 35}
INFO - 2021-10-19 14:08:01,733 - new_apply_order.py[line:977]: 校验重试查询第2次
INFO - 2021-10-19 14:08:02,750 - new_apply_order.py[line:871]: 放款完成或准备成功,目前的订单状态是40
INFO - 2021-10-19 14:08:02,751 - new_apply_order.py[line:874]: {'app': 'faircash', 'loan_order_id': '1450342923360669696', 'mobile': '01634623672', 'order_status': 40}
INFO - 2021-10-19 14:08:02,751 - new_apply_order.py[line:994]: ===========完成第【1】次进件===========
INFO - 2021-10-19 14:08:02,752 - new_apply_order.py[line:997]: ======完成第【1】次进件,耗时9.81s=====
INFO - 2021-10-19 14:08:02,756 - new_apply_order.py[line:954]: 开始第 pickcredit【1】次进件……
INFO - 2021-10-19 14:08:02,757 - new_apply_order.py[line:84]: ======【nga测试环境】生成手机号：01634623682 ======
INFO - 2021-10-19 14:08:03,108 - new_apply_order.py[line:97]: 01634623682 检测用户存在成功！
INFO - 2021-10-19 14:08:03,151 - new_apply_order.py[line:106]: 01634623682 短信发送成功！
INFO - 2021-10-19 14:08:03,190 - new_apply_order.py[line:119]: 01634623682 注册成功！
INFO - 2021-10-19 14:08:03,238 - new_apply_order.py[line:135]: 01634623682 登录短信发送成功！
INFO - 2021-10-19 14:08:03,282 - new_apply_order.py[line:145]: userId=6221732407060471808,mobile=01634623682,token=09ce77b0e5b0358a852a30bf9f53d28b 登录成功
INFO - 2021-10-19 14:08:03,346 - new_apply_order.py[line:212]: 个人信息提交成功！
INFO - 2021-10-19 14:08:03,386 - new_apply_order.py[line:223]: 联系人信息提交成功！
INFO - 2021-10-19 14:08:03,564 - new_apply_order.py[line:255]: 创建预审订单成功！
INFO - 2021-10-19 14:08:03,577 - new_apply_order.py[line:263]: 预审状态修改为通过,更新条数 1
INFO - 2021-10-19 14:08:03,590 - new_apply_order.py[line:266]: 更新初始额度！更新条数 1
INFO - 2021-10-19 14:08:03,897 - new_apply_order.py[line:347]: 活体图片上传成功！回写配置文件global_param.mp4_url
INFO - 2021-10-19 14:08:03,935 - new_apply_order.py[line:357]: 视频认证通过！
INFO - 2021-10-19 14:08:04,861 - new_apply_order.py[line:582]: bvn和银行卡绑卡认证通过！
INFO - 2021-10-19 14:08:05,158 - new_apply_order.py[line:633]: user更新1条
INFO - 2021-10-19 14:08:05,328 - new_apply_order.py[line:684]: 进件成功！执行sql将订单改为风控中……
INFO - 2021-10-19 14:08:06,373 - new_apply_order.py[line:690]: 订单表更新1条，信审更新1条
INFO - 2021-10-19 14:08:06,717 - new_apply_order.py[line:704]: 查询loan_order_id成功！
INFO - 2021-10-19 14:08:06,766 - new_apply_order.py[line:719]: 订单回调复审通过成功！
INFO - 2021-10-19 14:08:07,548 - new_apply_order.py[line:741]: 获取token成功！token=bearer a527dd26-2c1d-4c7f-9a46-cde43713dded！
INFO - 2021-10-19 14:08:07,906 - new_apply_order.py[line:704]: 查询loan_order_id成功！
INFO - 2021-10-19 14:08:08,245 - new_apply_order.py[line:759]: 后台已触发放款成功！
INFO - 2021-10-19 14:08:08,258 - new_apply_order.py[line:773]: xxl_job web 登录成功！
INFO - 2021-10-19 14:08:08,269 - new_apply_order.py[line:789]: xxl_job 放款准备作业执行成功！
INFO - 2021-10-19 14:08:09,612 - new_apply_order.py[line:704]: 查询loan_order_id成功！
INFO - 2021-10-19 14:08:09,623 - new_apply_order.py[line:797]: 修改放款准备完成时间成功！
INFO - 2021-10-19 14:08:09,627 - new_apply_order.py[line:805]: xxl_job 放款完成作业执行成功！
INFO - 2021-10-19 14:08:09,933 - new_apply_order.py[line:977]: 校验重试查询第1次
ERROR - 2021-10-19 14:08:10,944 - new_apply_order.py[line:873]: 放款完成或准备失败,目前的订单状态是35
INFO - 2021-10-19 14:08:10,944 - new_apply_order.py[line:874]: {'app': 'pickcredit', 'loan_order_id': '1450342964552929280', 'mobile': '01634623682', 'order_status': 35}
INFO - 2021-10-19 14:08:11,451 - new_apply_order.py[line:977]: 校验重试查询第2次
INFO - 2021-10-19 14:08:12,463 - new_apply_order.py[line:871]: 放款完成或准备成功,目前的订单状态是40
INFO - 2021-10-19 14:08:12,463 - new_apply_order.py[line:874]: {'app': 'pickcredit', 'loan_order_id': '1450342964552929280', 'mobile': '01634623682', 'order_status': 40}
INFO - 2021-10-19 14:08:12,463 - new_apply_order.py[line:994]: ===========完成第【1】次进件===========
INFO - 2021-10-19 14:08:12,464 - new_apply_order.py[line:997]: ======完成第【1】次进件,耗时9.71s=====
INFO - 2021-10-19 14:08:12,465 - new_apply_order.py[line:954]: 开始第 pickcash【1】次进件……
INFO - 2021-10-19 14:08:12,466 - new_apply_order.py[line:84]: ======【nga测试环境】生成手机号：01634623692 ======
INFO - 2021-10-19 14:08:12,805 - new_apply_order.py[line:97]: 01634623692 检测用户存在成功！
INFO - 2021-10-19 14:08:12,846 - new_apply_order.py[line:106]: 01634623692 短信发送成功！
INFO - 2021-10-19 14:08:12,884 - new_apply_order.py[line:119]: 01634623692 注册成功！
INFO - 2021-10-19 14:08:12,923 - new_apply_order.py[line:135]: 01634623692 登录短信发送成功！
INFO - 2021-10-19 14:08:12,963 - new_apply_order.py[line:145]: userId=6221732447703277568,mobile=01634623692,token=7344214910e6f319ab71921e6e2182d0 登录成功
INFO - 2021-10-19 14:08:13,020 - new_apply_order.py[line:212]: 个人信息提交成功！
INFO - 2021-10-19 14:08:13,064 - new_apply_order.py[line:223]: 联系人信息提交成功！
INFO - 2021-10-19 14:08:13,265 - new_apply_order.py[line:255]: 创建预审订单成功！
INFO - 2021-10-19 14:08:13,279 - new_apply_order.py[line:263]: 预审状态修改为通过,更新条数 1
INFO - 2021-10-19 14:08:13,292 - new_apply_order.py[line:266]: 更新初始额度！更新条数 1
INFO - 2021-10-19 14:08:13,556 - new_apply_order.py[line:347]: 活体图片上传成功！回写配置文件global_param.mp4_url
INFO - 2021-10-19 14:08:13,596 - new_apply_order.py[line:357]: 视频认证通过！
INFO - 2021-10-19 14:08:14,611 - new_apply_order.py[line:582]: bvn和银行卡绑卡认证通过！
INFO - 2021-10-19 14:08:14,918 - new_apply_order.py[line:633]: user更新1条
INFO - 2021-10-19 14:08:15,093 - new_apply_order.py[line:684]: 进件成功！执行sql将订单改为风控中……
INFO - 2021-10-19 14:08:16,132 - new_apply_order.py[line:690]: 订单表更新1条，信审更新1条
INFO - 2021-10-19 14:08:16,495 - new_apply_order.py[line:704]: 查询loan_order_id成功！
INFO - 2021-10-19 14:08:16,533 - new_apply_order.py[line:719]: 订单回调复审通过成功！
INFO - 2021-10-19 14:08:17,278 - new_apply_order.py[line:741]: 获取token成功！token=bearer a527dd26-2c1d-4c7f-9a46-cde43713dded！
INFO - 2021-10-19 14:08:17,618 - new_apply_order.py[line:704]: 查询loan_order_id成功！
INFO - 2021-10-19 14:08:17,962 - new_apply_order.py[line:759]: 后台已触发放款成功！
INFO - 2021-10-19 14:08:17,975 - new_apply_order.py[line:773]: xxl_job web 登录成功！
INFO - 2021-10-19 14:08:17,987 - new_apply_order.py[line:789]: xxl_job 放款准备作业执行成功！
INFO - 2021-10-19 14:08:19,335 - new_apply_order.py[line:704]: 查询loan_order_id成功！
INFO - 2021-10-19 14:08:19,354 - new_apply_order.py[line:797]: 修改放款准备完成时间成功！
INFO - 2021-10-19 14:08:19,362 - new_apply_order.py[line:805]: xxl_job 放款完成作业执行成功！
INFO - 2021-10-19 14:08:19,668 - new_apply_order.py[line:977]: 校验重试查询第1次
ERROR - 2021-10-19 14:08:20,679 - new_apply_order.py[line:873]: 放款完成或准备失败,目前的订单状态是35
INFO - 2021-10-19 14:08:20,679 - new_apply_order.py[line:874]: {'app': 'pickcash', 'loan_order_id': '1450343005090877440', 'mobile': '01634623692', 'order_status': 35}
INFO - 2021-10-19 14:08:21,185 - new_apply_order.py[line:977]: 校验重试查询第2次
INFO - 2021-10-19 14:08:22,195 - new_apply_order.py[line:871]: 放款完成或准备成功,目前的订单状态是40
INFO - 2021-10-19 14:08:22,195 - new_apply_order.py[line:874]: {'app': 'pickcash', 'loan_order_id': '1450343005090877440', 'mobile': '01634623692', 'order_status': 40}
INFO - 2021-10-19 14:08:22,195 - new_apply_order.py[line:994]: ===========完成第【1】次进件===========
INFO - 2021-10-19 14:08:22,196 - new_apply_order.py[line:997]: ======完成第【1】次进件,耗时9.73s=====
INFO - 2021-10-19 14:08:22,198 - new_apply_order.py[line:954]: 开始第 jopay【1】次进件……
INFO - 2021-10-19 14:08:22,199 - new_apply_order.py[line:84]: ======【nga测试环境】生成手机号：01634623702 ======
INFO - 2021-10-19 14:08:22,539 - new_apply_order.py[line:97]: 01634623702 检测用户存在成功！
INFO - 2021-10-19 14:08:22,576 - new_apply_order.py[line:106]: 01634623702 短信发送成功！
INFO - 2021-10-19 14:08:22,611 - new_apply_order.py[line:119]: 01634623702 注册成功！
INFO - 2021-10-19 14:08:22,652 - new_apply_order.py[line:135]: 01634623702 登录短信发送成功！
INFO - 2021-10-19 14:08:22,693 - new_apply_order.py[line:145]: userId=6221732488513855488,mobile=01634623702,token=56b48a2d36e4403b88a745760d468ffd 登录成功
INFO - 2021-10-19 14:08:22,754 - new_apply_order.py[line:212]: 个人信息提交成功！
INFO - 2021-10-19 14:08:22,801 - new_apply_order.py[line:223]: 联系人信息提交成功！
INFO - 2021-10-19 14:08:22,970 - new_apply_order.py[line:255]: 创建预审订单成功！
INFO - 2021-10-19 14:08:22,986 - new_apply_order.py[line:263]: 预审状态修改为通过,更新条数 1
INFO - 2021-10-19 14:08:23,000 - new_apply_order.py[line:266]: 更新初始额度！更新条数 1
INFO - 2021-10-19 14:08:23,278 - new_apply_order.py[line:347]: 活体图片上传成功！回写配置文件global_param.mp4_url
INFO - 2021-10-19 14:08:23,311 - new_apply_order.py[line:357]: 视频认证通过！
INFO - 2021-10-19 14:08:24,365 - new_apply_order.py[line:582]: bvn和银行卡绑卡认证通过！
INFO - 2021-10-19 14:08:24,662 - new_apply_order.py[line:633]: user更新1条
INFO - 2021-10-19 14:08:24,833 - new_apply_order.py[line:684]: 进件成功！执行sql将订单改为风控中……
INFO - 2021-10-19 14:08:25,858 - new_apply_order.py[line:690]: 订单表更新1条，信审更新1条
INFO - 2021-10-19 14:08:26,201 - new_apply_order.py[line:704]: 查询loan_order_id成功！
INFO - 2021-10-19 14:08:26,234 - new_apply_order.py[line:719]: 订单回调复审通过成功！
INFO - 2021-10-19 14:08:27,032 - new_apply_order.py[line:741]: 获取token成功！token=bearer a527dd26-2c1d-4c7f-9a46-cde43713dded！
INFO - 2021-10-19 14:08:27,366 - new_apply_order.py[line:704]: 查询loan_order_id成功！
INFO - 2021-10-19 14:08:27,696 - new_apply_order.py[line:759]: 后台已触发放款成功！
INFO - 2021-10-19 14:08:27,704 - new_apply_order.py[line:773]: xxl_job web 登录成功！
INFO - 2021-10-19 14:08:27,713 - new_apply_order.py[line:789]: xxl_job 放款准备作业执行成功！
INFO - 2021-10-19 14:08:29,059 - new_apply_order.py[line:704]: 查询loan_order_id成功！
INFO - 2021-10-19 14:08:29,073 - new_apply_order.py[line:797]: 修改放款准备完成时间成功！
INFO - 2021-10-19 14:08:29,076 - new_apply_order.py[line:805]: xxl_job 放款完成作业执行成功！
INFO - 2021-10-19 14:08:29,382 - new_apply_order.py[line:977]: 校验重试查询第1次
ERROR - 2021-10-19 14:08:30,400 - new_apply_order.py[line:873]: 放款完成或准备失败,目前的订单状态是35
INFO - 2021-10-19 14:08:30,400 - new_apply_order.py[line:874]: {'app': 'jopay', 'loan_order_id': '1450343045880483840', 'mobile': '01634623702', 'order_status': 35}
INFO - 2021-10-19 14:08:30,907 - new_apply_order.py[line:977]: 校验重试查询第2次
INFO - 2021-10-19 14:08:31,918 - new_apply_order.py[line:871]: 放款完成或准备成功,目前的订单状态是40
INFO - 2021-10-19 14:08:31,918 - new_apply_order.py[line:874]: {'app': 'jopay', 'loan_order_id': '1450343045880483840', 'mobile': '01634623702', 'order_status': 40}
INFO - 2021-10-19 14:08:31,919 - new_apply_order.py[line:994]: ===========完成第【1】次进件===========
INFO - 2021-10-19 14:08:31,920 - new_apply_order.py[line:997]: ======完成第【1】次进件,耗时9.72s=====
INFO - 2021-10-19 14:08:31,922 - new_apply_order.py[line:954]: 开始第 ikash【1】次进件……
INFO - 2021-10-19 14:08:31,922 - new_apply_order.py[line:84]: ======【ke测试环境】生成手机号：734623711 ======
INFO - 2021-10-19 14:08:32,290 - new_apply_order.py[line:97]: 734623711 检测用户存在成功！
INFO - 2021-10-19 14:08:34,360 - new_apply_order.py[line:106]: 734623711 短信发送成功！
INFO - 2021-10-19 14:08:34,407 - new_apply_order.py[line:119]: 734623711 注册成功！
INFO - 2021-10-19 14:08:36,460 - new_apply_order.py[line:135]: 734623711 登录短信发送成功！
INFO - 2021-10-19 14:08:36,512 - new_apply_order.py[line:145]: userId=6221732538020274176,mobile=734623711,token=877f4bdb510b611c52f85baa734a0a0d 登录成功
INFO - 2021-10-19 14:08:36,614 - new_apply_order.py[line:212]: 个人信息提交成功！
INFO - 2021-10-19 14:08:36,664 - new_apply_order.py[line:232]: 联系人信息提交成功！
INFO - 2021-10-19 14:08:37,098 - new_apply_order.py[line:255]: 创建预审订单成功！
INFO - 2021-10-19 14:08:37,111 - new_apply_order.py[line:263]: 预审状态修改为通过,更新条数 1
INFO - 2021-10-19 14:08:37,122 - new_apply_order.py[line:266]: 更新初始额度！更新条数 1
INFO - 2021-10-19 14:08:37,406 - new_apply_order.py[line:347]: 活体图片上传成功！回写配置文件global_param.mp4_url
INFO - 2021-10-19 14:08:37,439 - new_apply_order.py[line:357]: 视频认证通过！
INFO - 2021-10-19 14:08:37,741 - new_apply_order.py[line:649]: 绑卡成功！
INFO - 2021-10-19 14:08:37,994 - new_apply_order.py[line:684]: 进件成功！执行sql将订单改为风控中……
INFO - 2021-10-19 14:08:39,238 - new_apply_order.py[line:690]: 订单表更新1条，信审更新1条
INFO - 2021-10-19 14:08:39,602 - new_apply_order.py[line:704]: 查询loan_order_id成功！
INFO - 2021-10-19 14:08:41,291 - new_apply_order.py[line:719]: 订单回调复审通过成功！
INFO - 2021-10-19 14:08:42,085 - new_apply_order.py[line:741]: 获取token成功！token=bearer f944d03f-86b7-4562-9e68-12bd363c922f！
INFO - 2021-10-19 14:08:42,429 - new_apply_order.py[line:704]: 查询loan_order_id成功！
INFO - 2021-10-19 14:08:42,963 - new_apply_order.py[line:759]: 后台已触发放款成功！
INFO - 2021-10-19 14:08:42,972 - new_apply_order.py[line:773]: xxl_job web 登录成功！
INFO - 2021-10-19 14:08:42,980 - new_apply_order.py[line:789]: xxl_job 放款准备作业执行成功！
INFO - 2021-10-19 14:08:44,332 - new_apply_order.py[line:704]: 查询loan_order_id成功！
INFO - 2021-10-19 14:08:44,345 - new_apply_order.py[line:797]: 修改放款准备完成时间成功！
INFO - 2021-10-19 14:08:44,354 - new_apply_order.py[line:805]: xxl_job 放款完成作业执行成功！
INFO - 2021-10-19 14:08:44,701 - new_apply_order.py[line:704]: 查询loan_order_id成功！
INFO - 2021-10-19 14:08:44,826 - new_apply_order.py[line:844]: 放款回调失败！
INFO - 2021-10-19 14:08:45,131 - new_apply_order.py[line:977]: 校验重试查询第1次
ERROR - 2021-10-19 14:08:46,141 - new_apply_order.py[line:873]: 放款完成或准备失败,目前的订单状态是35
INFO - 2021-10-19 14:08:46,141 - new_apply_order.py[line:874]: {'app': 'ikash', 'loan_order_id': '1450343104151162880', 'mobile': '734623711', 'order_status': 35}
INFO - 2021-10-19 14:08:47,007 - new_apply_order.py[line:704]: 查询loan_order_id成功！
INFO - 2021-10-19 14:08:47,204 - new_apply_order.py[line:842]: 放款回调成功！
INFO - 2021-10-19 14:08:47,204 - new_apply_order.py[line:977]: 校验重试查询第2次
INFO - 2021-10-19 14:08:48,214 - new_apply_order.py[line:871]: 放款完成或准备成功,目前的订单状态是40
INFO - 2021-10-19 14:08:48,214 - new_apply_order.py[line:874]: {'app': 'ikash', 'loan_order_id': '1450343104151162880', 'mobile': '734623711', 'order_status': 40}
INFO - 2021-10-19 14:08:48,216 - new_apply_order.py[line:994]: ===========完成第【1】次进件===========
INFO - 2021-10-19 14:08:48,217 - new_apply_order.py[line:997]: ======完成第【1】次进件,耗时16.29s=====
INFO - 2021-10-19 14:08:48,219 - new_apply_order.py[line:954]: 开始第 kencash【1】次进件……
INFO - 2021-10-19 14:08:48,220 - new_apply_order.py[line:84]: ======【ke测试环境】生成手机号：734623728 ======
INFO - 2021-10-19 14:08:48,564 - new_apply_order.py[line:97]: 734623728 检测用户存在成功！
INFO - 2021-10-19 14:08:50,638 - new_apply_order.py[line:106]: 734623728 短信发送成功！
INFO - 2021-10-19 14:08:50,679 - new_apply_order.py[line:119]: 734623728 注册成功！
INFO - 2021-10-19 14:08:50,730 - new_apply_order.py[line:135]: 734623728 登录短信发送成功！
INFO - 2021-10-19 14:08:50,788 - new_apply_order.py[line:145]: userId=6221732606253211648,mobile=734623728,token=bf3f2a46e6cd2b0fafc2b0be66f2cf2e 登录成功
INFO - 2021-10-19 14:08:50,873 - new_apply_order.py[line:212]: 个人信息提交成功！
INFO - 2021-10-19 14:08:50,922 - new_apply_order.py[line:232]: 联系人信息提交成功！
INFO - 2021-10-19 14:08:51,142 - new_apply_order.py[line:255]: 创建预审订单成功！
INFO - 2021-10-19 14:08:51,153 - new_apply_order.py[line:263]: 预审状态修改为通过,更新条数 1
INFO - 2021-10-19 14:08:51,162 - new_apply_order.py[line:266]: 更新初始额度！更新条数 1
INFO - 2021-10-19 14:08:51,428 - new_apply_order.py[line:347]: 活体图片上传成功！回写配置文件global_param.mp4_url
INFO - 2021-10-19 14:08:51,461 - new_apply_order.py[line:357]: 视频认证通过！
INFO - 2021-10-19 14:08:51,754 - new_apply_order.py[line:649]: 绑卡成功！
INFO - 2021-10-19 14:08:51,969 - new_apply_order.py[line:684]: 进件成功！执行sql将订单改为风控中……
INFO - 2021-10-19 14:08:52,997 - new_apply_order.py[line:690]: 订单表更新1条，信审更新1条
INFO - 2021-10-19 14:08:53,344 - new_apply_order.py[line:704]: 查询loan_order_id成功！
INFO - 2021-10-19 14:08:53,422 - new_apply_order.py[line:719]: 订单回调复审通过成功！
INFO - 2021-10-19 14:08:54,371 - new_apply_order.py[line:741]: 获取token成功！token=bearer f944d03f-86b7-4562-9e68-12bd363c922f！
INFO - 2021-10-19 14:08:54,719 - new_apply_order.py[line:704]: 查询loan_order_id成功！
INFO - 2021-10-19 14:08:55,012 - new_apply_order.py[line:759]: 后台已触发放款成功！
INFO - 2021-10-19 14:08:55,024 - new_apply_order.py[line:773]: xxl_job web 登录成功！
INFO - 2021-10-19 14:08:55,032 - new_apply_order.py[line:789]: xxl_job 放款准备作业执行成功！
INFO - 2021-10-19 14:08:56,378 - new_apply_order.py[line:704]: 查询loan_order_id成功！
INFO - 2021-10-19 14:08:56,388 - new_apply_order.py[line:797]: 修改放款准备完成时间成功！
INFO - 2021-10-19 14:08:56,394 - new_apply_order.py[line:805]: xxl_job 放款完成作业执行成功！
INFO - 2021-10-19 14:08:56,739 - new_apply_order.py[line:704]: 查询loan_order_id成功！
INFO - 2021-10-19 14:08:56,961 - new_apply_order.py[line:842]: 放款回调成功！
INFO - 2021-10-19 14:08:57,264 - new_apply_order.py[line:977]: 校验重试查询第1次
INFO - 2021-10-19 14:08:58,278 - new_apply_order.py[line:871]: 放款完成或准备成功,目前的订单状态是40
INFO - 2021-10-19 14:08:58,278 - new_apply_order.py[line:874]: {'app': 'kencash', 'loan_order_id': '1450343163894829056', 'mobile': '734623728', 'order_status': 40}
INFO - 2021-10-19 14:08:58,281 - new_apply_order.py[line:994]: ===========完成第【1】次进件===========
INFO - 2021-10-19 14:08:58,281 - new_apply_order.py[line:997]: ======完成第【1】次进件,耗时10.06s=====
INFO - 2021-10-19 14:08:58,284 - new_apply_order.py[line:954]: 开始第 oranch【1】次进件……
INFO - 2021-10-19 14:08:58,284 - new_apply_order.py[line:84]: ======【ke测试环境】生成手机号：734623738 ======
INFO - 2021-10-19 14:08:58,635 - new_apply_order.py[line:97]: 734623738 检测用户存在成功！
INFO - 2021-10-19 14:08:58,685 - new_apply_order.py[line:106]: 734623738 短信发送成功！
INFO - 2021-10-19 14:08:58,729 - new_apply_order.py[line:119]: 734623738 注册成功！
INFO - 2021-10-19 14:08:58,775 - new_apply_order.py[line:135]: 734623738 登录短信发送成功！
INFO - 2021-10-19 14:08:58,824 - new_apply_order.py[line:145]: userId=6221732640013164544,mobile=734623738,token=9e6cd5727af1cc9b5f80d51861e3546c 登录成功
INFO - 2021-10-19 14:08:58,918 - new_apply_order.py[line:212]: 个人信息提交成功！
INFO - 2021-10-19 14:08:58,971 - new_apply_order.py[line:232]: 联系人信息提交成功！
INFO - 2021-10-19 14:08:59,354 - new_apply_order.py[line:255]: 创建预审订单成功！
INFO - 2021-10-19 14:08:59,371 - new_apply_order.py[line:263]: 预审状态修改为通过,更新条数 1
INFO - 2021-10-19 14:08:59,384 - new_apply_order.py[line:266]: 更新初始额度！更新条数 1
INFO - 2021-10-19 14:08:59,660 - new_apply_order.py[line:347]: 活体图片上传成功！回写配置文件global_param.mp4_url
INFO - 2021-10-19 14:08:59,697 - new_apply_order.py[line:357]: 视频认证通过！
INFO - 2021-10-19 14:09:00,002 - new_apply_order.py[line:649]: 绑卡成功！
INFO - 2021-10-19 14:09:00,214 - new_apply_order.py[line:684]: 进件成功！执行sql将订单改为风控中……
INFO - 2021-10-19 14:09:01,240 - new_apply_order.py[line:690]: 订单表更新1条，信审更新1条
INFO - 2021-10-19 14:09:01,588 - new_apply_order.py[line:704]: 查询loan_order_id成功！
INFO - 2021-10-19 14:09:01,648 - new_apply_order.py[line:719]: 订单回调复审通过成功！
INFO - 2021-10-19 14:09:02,471 - new_apply_order.py[line:741]: 获取token成功！token=bearer f944d03f-86b7-4562-9e68-12bd363c922f！
INFO - 2021-10-19 14:09:02,828 - new_apply_order.py[line:704]: 查询loan_order_id成功！
INFO - 2021-10-19 14:09:03,141 - new_apply_order.py[line:759]: 后台已触发放款成功！
INFO - 2021-10-19 14:09:03,149 - new_apply_order.py[line:773]: xxl_job web 登录成功！
INFO - 2021-10-19 14:09:03,155 - new_apply_order.py[line:789]: xxl_job 放款准备作业执行成功！
INFO - 2021-10-19 14:09:04,506 - new_apply_order.py[line:704]: 查询loan_order_id成功！
INFO - 2021-10-19 14:09:04,521 - new_apply_order.py[line:797]: 修改放款准备完成时间成功！
INFO - 2021-10-19 14:09:04,531 - new_apply_order.py[line:805]: xxl_job 放款完成作业执行成功！
INFO - 2021-10-19 14:09:04,879 - new_apply_order.py[line:704]: 查询loan_order_id成功！
INFO - 2021-10-19 14:09:05,012 - new_apply_order.py[line:844]: 放款回调失败！
INFO - 2021-10-19 14:09:05,315 - new_apply_order.py[line:977]: 校验重试查询第1次
ERROR - 2021-10-19 14:09:06,327 - new_apply_order.py[line:873]: 放款完成或准备失败,目前的订单状态是35
INFO - 2021-10-19 14:09:06,328 - new_apply_order.py[line:874]: {'app': 'oranch', 'loan_order_id': '1450343197650587648', 'mobile': '734623738', 'order_status': 35}
INFO - 2021-10-19 14:09:07,177 - new_apply_order.py[line:704]: 查询loan_order_id成功！
INFO - 2021-10-19 14:09:07,395 - new_apply_order.py[line:842]: 放款回调成功！
INFO - 2021-10-19 14:09:07,396 - new_apply_order.py[line:977]: 校验重试查询第2次
INFO - 2021-10-19 14:09:08,408 - new_apply_order.py[line:871]: 放款完成或准备成功,目前的订单状态是40
INFO - 2021-10-19 14:09:08,409 - new_apply_order.py[line:874]: {'app': 'oranch', 'loan_order_id': '1450343197650587648', 'mobile': '734623738', 'order_status': 40}
INFO - 2021-10-19 14:09:08,409 - new_apply_order.py[line:994]: ===========完成第【1】次进件===========
INFO - 2021-10-19 14:09:08,409 - new_apply_order.py[line:997]: ======完成第【1】次进件,耗时10.13s=====
INFO - 2021-10-19 14:09:08,411 - new_apply_order.py[line:954]: 开始第 faikash【1】次进件……
INFO - 2021-10-19 14:09:08,411 - new_apply_order.py[line:84]: ======【ke测试环境】生成手机号：734623748 ======
INFO - 2021-10-19 14:09:08,754 - new_apply_order.py[line:97]: 734623748 检测用户存在成功！
INFO - 2021-10-19 14:09:10,824 - new_apply_order.py[line:106]: 734623748 短信发送成功！
INFO - 2021-10-19 14:09:10,867 - new_apply_order.py[line:119]: 734623748 注册成功！
INFO - 2021-10-19 14:09:10,921 - new_apply_order.py[line:135]: 734623748 登录短信发送成功！
INFO - 2021-10-19 14:09:10,971 - new_apply_order.py[line:145]: userId=6221732690948792320,mobile=734623748,token=b5db046264c7955d5b3604fead234e2b 登录成功
INFO - 2021-10-19 14:09:11,072 - new_apply_order.py[line:212]: 个人信息提交成功！
INFO - 2021-10-19 14:09:11,124 - new_apply_order.py[line:232]: 联系人信息提交成功！
INFO - 2021-10-19 14:09:11,321 - new_apply_order.py[line:255]: 创建预审订单成功！
INFO - 2021-10-19 14:09:11,337 - new_apply_order.py[line:263]: 预审状态修改为通过,更新条数 1
INFO - 2021-10-19 14:09:11,352 - new_apply_order.py[line:266]: 更新初始额度！更新条数 1
INFO - 2021-10-19 14:09:11,663 - new_apply_order.py[line:347]: 活体图片上传成功！回写配置文件global_param.mp4_url
INFO - 2021-10-19 14:09:11,701 - new_apply_order.py[line:357]: 视频认证通过！
INFO - 2021-10-19 14:09:12,008 - new_apply_order.py[line:649]: 绑卡成功！
INFO - 2021-10-19 14:09:12,180 - new_apply_order.py[line:684]: 进件成功！执行sql将订单改为风控中……
INFO - 2021-10-19 14:09:13,208 - new_apply_order.py[line:690]: 订单表更新1条，信审更新1条
INFO - 2021-10-19 14:09:13,558 - new_apply_order.py[line:704]: 查询loan_order_id成功！
INFO - 2021-10-19 14:09:13,632 - new_apply_order.py[line:719]: 订单回调复审通过成功！
INFO - 2021-10-19 14:09:14,358 - new_apply_order.py[line:741]: 获取token成功！token=bearer f944d03f-86b7-4562-9e68-12bd363c922f！
INFO - 2021-10-19 14:09:14,703 - new_apply_order.py[line:704]: 查询loan_order_id成功！
INFO - 2021-10-19 14:09:15,084 - new_apply_order.py[line:759]: 后台已触发放款成功！
INFO - 2021-10-19 14:09:15,095 - new_apply_order.py[line:773]: xxl_job web 登录成功！
INFO - 2021-10-19 14:09:15,105 - new_apply_order.py[line:789]: xxl_job 放款准备作业执行成功！
INFO - 2021-10-19 14:09:16,457 - new_apply_order.py[line:704]: 查询loan_order_id成功！
INFO - 2021-10-19 14:09:16,474 - new_apply_order.py[line:797]: 修改放款准备完成时间成功！
INFO - 2021-10-19 14:09:16,482 - new_apply_order.py[line:805]: xxl_job 放款完成作业执行成功！
INFO - 2021-10-19 14:09:16,858 - new_apply_order.py[line:704]: 查询loan_order_id成功！
INFO - 2021-10-19 14:09:17,034 - new_apply_order.py[line:844]: 放款回调失败！
INFO - 2021-10-19 14:09:17,336 - new_apply_order.py[line:977]: 校验重试查询第1次
ERROR - 2021-10-19 14:09:18,349 - new_apply_order.py[line:873]: 放款完成或准备失败,目前的订单状态是35
INFO - 2021-10-19 14:09:18,350 - new_apply_order.py[line:874]: {'app': 'faikash', 'loan_order_id': '1450343248615575552', 'mobile': '734623748', 'order_status': 35}
INFO - 2021-10-19 14:09:19,203 - new_apply_order.py[line:704]: 查询loan_order_id成功！
INFO - 2021-10-19 14:09:19,410 - new_apply_order.py[line:842]: 放款回调成功！
INFO - 2021-10-19 14:09:19,410 - new_apply_order.py[line:977]: 校验重试查询第2次
INFO - 2021-10-19 14:09:20,426 - new_apply_order.py[line:871]: 放款完成或准备成功,目前的订单状态是40
INFO - 2021-10-19 14:09:20,426 - new_apply_order.py[line:874]: {'app': 'faikash', 'loan_order_id': '1450343248615575552', 'mobile': '734623748', 'order_status': 40}
INFO - 2021-10-19 14:09:20,429 - new_apply_order.py[line:994]: ===========完成第【1】次进件===========
INFO - 2021-10-19 14:09:20,429 - new_apply_order.py[line:997]: ======完成第【1】次进件,耗时12.02s=====
