INFO - 2021-08-31 19:25:48,082 - new_apply_order.py[line:518]: 开始第 kencash【1】次进件……
INFO - 2021-08-31 19:25:48,082 - new_apply_order.py[line:79]: ======【ke测试环境】生成手机号：730409148 ======
INFO - 2021-08-31 19:25:48,458 - new_apply_order.py[line:86]: 730409148 检测用户存在成功！
INFO - 2021-08-31 19:25:48,506 - new_apply_order.py[line:93]: 730409148 短信发送成功！
INFO - 2021-08-31 19:25:48,547 - new_apply_order.py[line:103]: 730409148 注册成功！
INFO - 2021-08-31 19:25:48,588 - new_apply_order.py[line:113]: 730409148 登录短信发送成功！
INFO - 2021-08-31 19:25:48,635 - new_apply_order.py[line:121]: userId=6204055367384309760,mobile=730409148,token=3ed31afbc57280a69b3a4030cd13aa7a 登录成功
INFO - 2021-08-31 19:25:49,263 - new_apply_order.py[line:172]: 个人信息提交成功！
INFO - 2021-08-31 19:25:49,310 - new_apply_order.py[line:188]: 联系人信息提交成功！
INFO - 2021-08-31 19:25:49,676 - new_apply_order.py[line:198]: 创建预审订单成功！
INFO - 2021-08-31 19:25:49,691 - new_apply_order.py[line:206]: 预审状态修改为通过,更新条数 1
INFO - 2021-08-31 19:25:49,706 - new_apply_order.py[line:209]: 更新初始额度！更新条数 1
INFO - 2021-08-31 19:25:49,994 - new_apply_order.py[line:221]: 活体图片上传成功！回写配置文件global_param.mp4_url
INFO - 2021-08-31 19:25:50,030 - new_apply_order.py[line:230]: 视频认证通过！
INFO - 2021-08-31 19:25:50,321 - new_apply_order.py[line:309]: 绑卡成功！
INFO - 2021-08-31 19:25:50,485 - new_apply_order.py[line:317]: 进件成功！执行sql将订单改为风控中……
INFO - 2021-08-31 19:25:51,521 - new_apply_order.py[line:323]: 订单表更新1条，信审更新1条
INFO - 2021-08-31 19:25:51,869 - new_apply_order.py[line:332]: 查询loan_order_id成功！
ERROR - 2021-08-31 19:25:51,878 - new_apply_order.py[line:564]: HTTPConnectionPool(host='http', port=80): Max retries exceeded with url: //172.20.240.138:8030/facade/risk/call (Caused by NewConnectionError('<urllib3.connection.HTTPConnection object at 0x7fab50c0d9a0>: Failed to establish a new connection: [Errno 8] nodename nor servname provided, or not known'))
ERROR - 2021-08-31 19:25:51,893 - new_apply_order.py[line:565]: None
