INFO - 2021-09-15 19:33:42,549 - new_apply_order.py[line:696]: 开始第 pcamion【1】次进件……
INFO - 2021-09-15 19:33:42,549 - new_apply_order.py[line:82]: ======【co测试环境】生成手机号：3631705622 ======
INFO - 2021-09-15 19:33:45,022 - new_apply_order.py[line:95]: 3631705622 检测用户存在成功！
INFO - 2021-09-15 19:33:46,269 - new_apply_order.py[line:104]: 3631705622 短信发送成功！
INFO - 2021-09-15 19:33:46,469 - new_apply_order.py[line:117]: 3631705622 注册成功！
INFO - 2021-09-15 19:33:46,594 - new_apply_order.py[line:133]: 3631705622 登录短信发送成功！
INFO - 2021-09-15 19:33:47,080 - new_apply_order.py[line:143]: userId=4951201989585674240,mobile=3631705622,token=2684d3c702d300ce71c00ed2b658ea3d 登录成功
INFO - 2021-09-15 19:33:47,856 - new_apply_order.py[line:205]: 个人信息提交成功！
INFO - 2021-09-15 19:33:50,953 - new_apply_order.py[line:238]: 创建预审订单成功！
INFO - 2021-09-15 19:33:50,984 - new_apply_order.py[line:246]: 预审状态修改为通过,更新条数 1
INFO - 2021-09-15 19:33:51,006 - new_apply_order.py[line:249]: 更新初始额度！更新条数 1
INFO - 2021-09-15 19:33:51,522 - new_apply_order.py[line:266]: 活体图片上传成功！回写配置文件global_param.mp4_url
INFO - 2021-09-15 19:33:51,611 - new_apply_order.py[line:276]: 视频认证通过！
INFO - 2021-09-15 19:33:52,804 - new_apply_order.py[line:331]: curp上传成功!
INFO - 2021-09-15 19:33:53,018 - new_apply_order.py[line:340]: curp_rfc校验通过！
INFO - 2021-09-15 19:33:54,457 - new_apply_order.py[line:413]: 不绑卡成功跳过！
INFO - 2021-09-15 19:33:55,187 - new_apply_order.py[line:426]: 进件成功！执行sql将订单改为风控中……
INFO - 2021-09-15 19:33:56,235 - new_apply_order.py[line:432]: 订单表更新1条，信审更新1条
INFO - 2021-09-15 19:33:57,246 - new_apply_order.py[line:446]: 查询loan_order_id成功！
INFO - 2021-09-15 19:33:57,323 - new_apply_order.py[line:461]: 订单回调复审通过成功！
INFO - 2021-09-15 19:33:58,127 - new_apply_order.py[line:483]: 获取token成功！token=bearer 8a896575-c293-423c-873f-d7d6312422e8！
INFO - 2021-09-15 19:33:58,732 - new_apply_order.py[line:446]: 查询loan_order_id成功！
INFO - 2021-09-15 19:33:59,712 - new_apply_order.py[line:501]: 后台已触发放款成功！
INFO - 2021-09-15 19:33:59,724 - new_apply_order.py[line:515]: xxl_job web 登录成功！
INFO - 2021-09-15 19:33:59,736 - new_apply_order.py[line:531]: xxl_job 放款准备作业执行成功！
INFO - 2021-09-15 19:34:01,351 - new_apply_order.py[line:446]: 查询loan_order_id成功！
INFO - 2021-09-15 19:34:01,383 - new_apply_order.py[line:539]: 修改放款准备完成时间成功！
INFO - 2021-09-15 19:34:01,391 - new_apply_order.py[line:547]: xxl_job 放款完成作业执行成功！
INFO - 2021-09-15 19:34:02,045 - new_apply_order.py[line:446]: 查询loan_order_id成功！
INFO - 2021-09-15 19:34:02,356 - new_apply_order.py[line:719]: 校验重试查询第1次
ERROR - 2021-09-15 19:34:03,373 - new_apply_order.py[line:615]: 放款完成或准备失败,目前的订单状态是35
INFO - 2021-09-15 19:34:03,373 - new_apply_order.py[line:616]: {'app': 'pcamion', 'loan_order_id': '1438103754270314496', 'mobile': '3631705622', 'order_status': 35}
INFO - 2021-09-15 19:34:04,551 - new_apply_order.py[line:446]: 查询loan_order_id成功！
INFO - 2021-09-15 19:34:04,560 - new_apply_order.py[line:719]: 校验重试查询第2次
ERROR - 2021-09-15 19:34:05,576 - new_apply_order.py[line:615]: 放款完成或准备失败,目前的订单状态是35
INFO - 2021-09-15 19:34:05,576 - new_apply_order.py[line:616]: {'app': 'pcamion', 'loan_order_id': '1438103754270314496', 'mobile': '3631705622', 'order_status': 35}
INFO - 2021-09-15 19:34:06,701 - new_apply_order.py[line:446]: 查询loan_order_id成功！
INFO - 2021-09-15 19:34:06,710 - new_apply_order.py[line:719]: 校验重试查询第3次
ERROR - 2021-09-15 19:34:07,721 - new_apply_order.py[line:615]: 放款完成或准备失败,目前的订单状态是35
INFO - 2021-09-15 19:34:07,722 - new_apply_order.py[line:616]: {'app': 'pcamion', 'loan_order_id': '1438103754270314496', 'mobile': '3631705622', 'order_status': 35}
INFO - 2021-09-15 19:34:08,847 - new_apply_order.py[line:446]: 查询loan_order_id成功！
INFO - 2021-09-15 19:34:08,965 - new_apply_order.py[line:600]: 放款回调成功！
INFO - 2021-09-15 19:34:08,966 - new_apply_order.py[line:719]: 校验重试查询第4次
ERROR - 2021-09-15 19:34:09,980 - new_apply_order.py[line:615]: 放款完成或准备失败,目前的订单状态是35
INFO - 2021-09-15 19:34:09,980 - new_apply_order.py[line:616]: {'app': 'pcamion', 'loan_order_id': '1438103754270314496', 'mobile': '3631705622', 'order_status': 35}
INFO - 2021-09-15 19:34:11,086 - new_apply_order.py[line:446]: 查询loan_order_id成功！
INFO - 2021-09-15 19:34:11,183 - new_apply_order.py[line:600]: 放款回调成功！
INFO - 2021-09-15 19:34:11,184 - new_apply_order.py[line:719]: 校验重试查询第5次
ERROR - 2021-09-15 19:34:12,200 - new_apply_order.py[line:615]: 放款完成或准备失败,目前的订单状态是35
INFO - 2021-09-15 19:34:12,200 - new_apply_order.py[line:616]: {'app': 'pcamion', 'loan_order_id': '1438103754270314496', 'mobile': '3631705622', 'order_status': 35}
INFO - 2021-09-15 19:34:13,311 - new_apply_order.py[line:446]: 查询loan_order_id成功！
INFO - 2021-09-15 19:34:13,405 - new_apply_order.py[line:600]: 放款回调成功！
INFO - 2021-09-15 19:34:13,406 - new_apply_order.py[line:719]: 校验重试查询第6次
ERROR - 2021-09-15 19:34:14,420 - new_apply_order.py[line:615]: 放款完成或准备失败,目前的订单状态是35
INFO - 2021-09-15 19:34:14,421 - new_apply_order.py[line:616]: {'app': 'pcamion', 'loan_order_id': '1438103754270314496', 'mobile': '3631705622', 'order_status': 35}
INFO - 2021-09-15 19:34:15,552 - new_apply_order.py[line:446]: 查询loan_order_id成功！
INFO - 2021-09-15 19:34:15,648 - new_apply_order.py[line:600]: 放款回调成功！
INFO - 2021-09-15 19:34:15,648 - new_apply_order.py[line:719]: 校验重试查询第7次
ERROR - 2021-09-15 19:34:16,662 - new_apply_order.py[line:615]: 放款完成或准备失败,目前的订单状态是35
INFO - 2021-09-15 19:34:16,663 - new_apply_order.py[line:616]: {'app': 'pcamion', 'loan_order_id': '1438103754270314496', 'mobile': '3631705622', 'order_status': 35}
INFO - 2021-09-15 19:34:17,796 - new_apply_order.py[line:446]: 查询loan_order_id成功！
INFO - 2021-09-15 19:34:17,887 - new_apply_order.py[line:600]: 放款回调成功！
INFO - 2021-09-15 19:34:17,887 - new_apply_order.py[line:719]: 校验重试查询第8次
ERROR - 2021-09-15 19:34:18,898 - new_apply_order.py[line:615]: 放款完成或准备失败,目前的订单状态是35
INFO - 2021-09-15 19:34:18,898 - new_apply_order.py[line:616]: {'app': 'pcamion', 'loan_order_id': '1438103754270314496', 'mobile': '3631705622', 'order_status': 35}
INFO - 2021-09-15 19:34:20,067 - new_apply_order.py[line:446]: 查询loan_order_id成功！
INFO - 2021-09-15 19:34:20,201 - new_apply_order.py[line:600]: 放款回调成功！
INFO - 2021-09-15 19:34:20,201 - new_apply_order.py[line:719]: 校验重试查询第9次
ERROR - 2021-09-15 19:34:21,210 - new_apply_order.py[line:615]: 放款完成或准备失败,目前的订单状态是35
INFO - 2021-09-15 19:34:21,211 - new_apply_order.py[line:616]: {'app': 'pcamion', 'loan_order_id': '1438103754270314496', 'mobile': '3631705622', 'order_status': 35}
INFO - 2021-09-15 19:34:22,294 - new_apply_order.py[line:446]: 查询loan_order_id成功！
INFO - 2021-09-15 19:34:22,403 - new_apply_order.py[line:600]: 放款回调成功！
INFO - 2021-09-15 19:34:22,404 - new_apply_order.py[line:719]: 校验重试查询第10次
ERROR - 2021-09-15 19:34:23,416 - new_apply_order.py[line:615]: 放款完成或准备失败,目前的订单状态是35
INFO - 2021-09-15 19:34:23,416 - new_apply_order.py[line:616]: {'app': 'pcamion', 'loan_order_id': '1438103754270314496', 'mobile': '3631705622', 'order_status': 35}
INFO - 2021-09-15 19:34:24,557 - new_apply_order.py[line:446]: 查询loan_order_id成功！
INFO - 2021-09-15 19:34:24,655 - new_apply_order.py[line:600]: 放款回调成功！
INFO - 2021-09-15 19:34:24,655 - new_apply_order.py[line:736]: ===========完成第【1】次进件===========
INFO - 2021-09-15 19:34:24,656 - new_apply_order.py[line:739]: ======完成第【1】次进件,耗时42.11s=====
