INFO - 2021-08-31 08:57:00,347 - new_apply_order.py[line:450]: 开始第 borrowme【1】次进件……
INFO - 2021-08-31 08:57:00,348 - new_apply_order.py[line:79]: ======【nga测试环境】生成手机号：01630371420 ======
INFO - 2021-08-31 08:57:00,729 - new_apply_order.py[line:86]: 01630371420 检测用户存在成功！
INFO - 2021-08-31 08:57:00,783 - new_apply_order.py[line:93]: 01630371420 短信发送成功！
INFO - 2021-08-31 08:57:00,827 - new_apply_order.py[line:103]: 01630371420 注册成功！
INFO - 2021-08-31 08:57:00,876 - new_apply_order.py[line:115]: userId=6203897125958066176,mobile=01630371420,token=0640f74e16246ec8d7fe31e799dd809f 登录成功
INFO - 2021-08-31 08:57:00,943 - new_apply_order.py[line:166]: 个人信息提交成功！
INFO - 2021-08-31 08:57:00,990 - new_apply_order.py[line:175]: 联系人信息提交成功！
INFO - 2021-08-31 08:57:01,443 - new_apply_order.py[line:192]: 创建预审订单成功！
INFO - 2021-08-31 08:57:01,457 - new_apply_order.py[line:200]: 预审状态修改为通过,更新条数 1
INFO - 2021-08-31 08:57:01,468 - new_apply_order.py[line:203]: 更新初始额度！更新条数 1
INFO - 2021-08-31 08:57:01,710 - new_apply_order.py[line:215]: 活体图片上传成功！回写配置文件global_param.mp4_url
INFO - 2021-08-31 08:57:01,745 - new_apply_order.py[line:224]: 视频认证通过！
INFO - 2021-08-31 08:57:02,775 - new_apply_order.py[line:270]: bvn和银行卡绑卡认证通过！
INFO - 2021-08-31 08:57:03,070 - new_apply_order.py[line:291]: user更新1条
INFO - 2021-08-31 08:57:03,265 - new_apply_order.py[line:311]: 进件成功！执行sql将订单改为风控中……
INFO - 2021-08-31 08:57:04,305 - new_apply_order.py[line:317]: 订单表更新1条，信审更新1条
INFO - 2021-08-31 08:57:04,657 - new_apply_order.py[line:326]: 查询loan_order_id成功！
INFO - 2021-08-31 08:57:04,708 - new_apply_order.py[line:336]: 订单回调复审通过成功！
INFO - 2021-08-31 08:57:05,503 - new_apply_order.py[line:353]: 获取token成功！token=bearer bf51653c-283e-47c5-b902-66a96a35688d！
INFO - 2021-08-31 08:57:05,845 - new_apply_order.py[line:326]: 查询loan_order_id成功！
INFO - 2021-08-31 08:57:06,141 - new_apply_order.py[line:365]: 后台已触发放款成功！
INFO - 2021-08-31 08:57:06,151 - new_apply_order.py[line:373]: xxl_job web 登录成功！
INFO - 2021-08-31 08:57:06,159 - new_apply_order.py[line:380]: xxl_job 放款准备作业执行成功！
INFO - 2021-08-31 08:57:07,517 - new_apply_order.py[line:326]: 查询loan_order_id成功！
INFO - 2021-08-31 08:57:07,558 - new_apply_order.py[line:385]: 修改放款准备完成时间成功！
INFO - 2021-08-31 08:57:07,572 - new_apply_order.py[line:388]: xxl_job 放款完成作业执行成功！
INFO - 2021-08-31 08:57:07,877 - new_apply_order.py[line:473]: 校验重试查询第1次
ERROR - 2021-08-31 08:57:08,890 - new_apply_order.py[line:431]: 放款完成或准备失败,目前的订单状态是32
INFO - 2021-08-31 08:57:08,890 - new_apply_order.py[line:432]: {'app': 'borrowme', 'loan_order_id': '1432507683397570560', 'mobile': '01630371420', 'order_status': 32}
INFO - 2021-08-31 08:57:08,898 - new_apply_order.py[line:373]: xxl_job web 登录成功！
INFO - 2021-08-31 08:57:08,906 - new_apply_order.py[line:380]: xxl_job 放款准备作业执行成功！
INFO - 2021-08-31 08:57:10,284 - new_apply_order.py[line:326]: 查询loan_order_id成功！
INFO - 2021-08-31 08:57:10,302 - new_apply_order.py[line:385]: 修改放款准备完成时间成功！
INFO - 2021-08-31 08:57:10,311 - new_apply_order.py[line:388]: xxl_job 放款完成作业执行成功！
INFO - 2021-08-31 08:57:10,813 - new_apply_order.py[line:473]: 校验重试查询第2次
ERROR - 2021-08-31 08:57:11,831 - new_apply_order.py[line:431]: 放款完成或准备失败,目前的订单状态是32
INFO - 2021-08-31 08:57:11,831 - new_apply_order.py[line:432]: {'app': 'borrowme', 'loan_order_id': '1432507683397570560', 'mobile': '01630371420', 'order_status': 32}
INFO - 2021-08-31 08:57:11,841 - new_apply_order.py[line:373]: xxl_job web 登录成功！
INFO - 2021-08-31 08:57:11,851 - new_apply_order.py[line:380]: xxl_job 放款准备作业执行成功！
INFO - 2021-08-31 08:57:13,212 - new_apply_order.py[line:326]: 查询loan_order_id成功！
INFO - 2021-08-31 08:57:13,229 - new_apply_order.py[line:385]: 修改放款准备完成时间成功！
INFO - 2021-08-31 08:57:13,237 - new_apply_order.py[line:388]: xxl_job 放款完成作业执行成功！
INFO - 2021-08-31 08:57:13,743 - new_apply_order.py[line:473]: 校验重试查询第3次
ERROR - 2021-08-31 08:57:14,760 - new_apply_order.py[line:431]: 放款完成或准备失败,目前的订单状态是32
INFO - 2021-08-31 08:57:14,761 - new_apply_order.py[line:432]: {'app': 'borrowme', 'loan_order_id': '1432507683397570560', 'mobile': '01630371420', 'order_status': 32}
INFO - 2021-08-31 08:57:14,770 - new_apply_order.py[line:373]: xxl_job web 登录成功！
INFO - 2021-08-31 08:57:14,779 - new_apply_order.py[line:380]: xxl_job 放款准备作业执行成功！
INFO - 2021-08-31 08:57:16,120 - new_apply_order.py[line:326]: 查询loan_order_id成功！
INFO - 2021-08-31 08:57:16,137 - new_apply_order.py[line:385]: 修改放款准备完成时间成功！
INFO - 2021-08-31 08:57:16,147 - new_apply_order.py[line:388]: xxl_job 放款完成作业执行成功！
INFO - 2021-08-31 08:57:16,652 - new_apply_order.py[line:473]: 校验重试查询第4次
INFO - 2021-08-31 08:57:17,670 - new_apply_order.py[line:429]: 放款完成或准备成功,目前的订单状态是40
INFO - 2021-08-31 08:57:17,670 - new_apply_order.py[line:432]: {'app': 'borrowme', 'loan_order_id': '1432507683397570560', 'mobile': '01630371420', 'order_status': 40}
INFO - 2021-08-31 08:57:17,672 - new_apply_order.py[line:490]: ===========完成第【1】次进件===========
INFO - 2021-08-31 08:57:17,672 - new_apply_order.py[line:493]: ======完成第【1】次进件,耗时17.32s=====
