INFO - 2021-11-26 23:27:20,784 - new_apply_order.py[line:882]: 开始第 pickcash【1】次进件……
INFO - 2021-11-26 23:27:20,810 - new_apply_order.py[line:84]: ======【nga测试环境】生成手机号：01637940440 ======
INFO - 2021-11-26 23:27:21,189 - new_apply_order.py[line:97]: 01637940440 检测用户存在成功！
INFO - 2021-11-26 23:27:21,247 - new_apply_order.py[line:106]: 01637940440 短信发送成功！
INFO - 2021-11-26 23:27:21,348 - new_apply_order.py[line:119]: 01637940440 注册成功！
INFO - 2021-11-26 23:27:21,404 - new_apply_order.py[line:135]: 01637940440 登录短信发送成功！
INFO - 2021-11-26 23:27:21,447 - new_apply_order.py[line:145]: userId=6235643898854776832,mobile=01637940440,token=8ca6e4e31a6444a7682ad2cab46da84a 登录成功
INFO - 2021-11-26 23:27:21,533 - new_apply_order.py[line:212]: 个人信息提交成功！
INFO - 2021-11-26 23:27:21,584 - new_apply_order.py[line:223]: 联系人信息提交成功！
INFO - 2021-11-26 23:27:21,860 - new_apply_order.py[line:255]: 创建预审订单成功！
INFO - 2021-11-26 23:27:21,878 - new_apply_order.py[line:263]: 预审状态修改为通过,更新条数 1
INFO - 2021-11-26 23:27:21,889 - new_apply_order.py[line:266]: 更新初始额度！更新条数 1
INFO - 2021-11-26 23:27:22,151 - new_apply_order.py[line:342]: 活体图片上传成功！回写配置文件global_param.mp4_url
INFO - 2021-11-26 23:27:22,188 - new_apply_order.py[line:352]: 视频认证通过！
INFO - 2021-11-26 23:27:23,328 - new_apply_order.py[line:510]: bvn和银行卡绑卡认证通过！
INFO - 2021-11-26 23:27:23,670 - new_apply_order.py[line:561]: user更新1条
INFO - 2021-11-26 23:27:23,913 - new_apply_order.py[line:612]: 进件成功！执行sql将订单改为风控中……
INFO - 2021-11-26 23:27:24,953 - new_apply_order.py[line:618]: 订单表更新1条，信审更新1条
INFO - 2021-11-26 23:27:25,310 - new_apply_order.py[line:632]: 查询loan_order_id成功！
INFO - 2021-11-26 23:27:25,355 - new_apply_order.py[line:647]: 订单回调复审通过成功！
INFO - 2021-11-26 23:27:26,154 - new_apply_order.py[line:669]: 获取token成功！token=bearer 61542376-2a67-4654-8151-fe2cfc801cf7！
INFO - 2021-11-26 23:27:26,522 - new_apply_order.py[line:632]: 查询loan_order_id成功！
INFO - 2021-11-26 23:27:26,826 - new_apply_order.py[line:687]: 后台已触发放款成功！
ERROR - 2021-11-26 23:28:41,838 - new_apply_order.py[line:928]: HTTPConnectionPool(host='172.20.240.225', port=8066): Max retries exceeded with url: /xxl-job-admin/login (Caused by NewConnectionError('<urllib3.connection.HTTPConnection object at 0x7fa718710340>: Failed to establish a new connection: [Errno 60] Operation timed out'))
ERROR - 2021-11-26 23:28:41,862 - new_apply_order.py[line:929]: None
