INFO - 2021-10-29 13:46:18,208 - new_apply_order.py[line:882]: 开始第 pickcash【1】次进件……
INFO - 2021-10-29 13:46:18,209 - new_apply_order.py[line:84]: ======【nga测试环境】生成手机号：01635486378 ======
INFO - 2021-10-29 13:46:18,560 - new_apply_order.py[line:97]: 01635486378 检测用户存在成功！
INFO - 2021-10-29 13:46:18,632 - new_apply_order.py[line:106]: 01635486378 短信发送成功！
INFO - 2021-10-29 13:46:18,686 - new_apply_order.py[line:119]: 01635486378 注册成功！
INFO - 2021-10-29 13:46:18,754 - new_apply_order.py[line:135]: 01635486378 登录短信发送成功！
INFO - 2021-10-29 13:46:18,814 - new_apply_order.py[line:145]: userId=6225350814057635840,mobile=01635486378,token=7b15d404b15ed15de4849599b41b7938 登录成功
INFO - 2021-10-29 13:46:18,955 - new_apply_order.py[line:212]: 个人信息提交成功！
INFO - 2021-10-29 13:46:19,020 - new_apply_order.py[line:223]: 联系人信息提交成功！
INFO - 2021-10-29 13:46:19,313 - new_apply_order.py[line:255]: 创建预审订单成功！
INFO - 2021-10-29 13:46:19,332 - new_apply_order.py[line:263]: 预审状态修改为通过,更新条数 1
INFO - 2021-10-29 13:46:19,348 - new_apply_order.py[line:266]: 更新初始额度！更新条数 1
INFO - 2021-10-29 13:46:19,579 - new_apply_order.py[line:342]: 活体图片上传成功！回写配置文件global_param.mp4_url
INFO - 2021-10-29 13:46:19,619 - new_apply_order.py[line:352]: 视频认证通过！
INFO - 2021-10-29 13:46:20,631 - new_apply_order.py[line:510]: bvn和银行卡绑卡认证通过！
INFO - 2021-10-29 13:46:20,950 - new_apply_order.py[line:561]: user更新1条
INFO - 2021-10-29 13:46:21,160 - new_apply_order.py[line:612]: 进件成功！执行sql将订单改为风控中……
INFO - 2021-10-29 13:46:22,200 - new_apply_order.py[line:618]: 订单表更新1条，信审更新1条
INFO - 2021-10-29 13:46:22,559 - new_apply_order.py[line:632]: 查询loan_order_id成功！
INFO - 2021-10-29 13:46:22,615 - new_apply_order.py[line:647]: 订单回调复审通过成功！
INFO - 2021-10-29 13:46:23,405 - new_apply_order.py[line:669]: 获取token成功！token=bearer 58981db3-4bb2-4f3b-95bf-c8440cc5e749！
INFO - 2021-10-29 13:46:23,757 - new_apply_order.py[line:632]: 查询loan_order_id成功！
INFO - 2021-10-29 13:46:24,110 - new_apply_order.py[line:687]: 后台已触发放款成功！
INFO - 2021-10-29 13:46:24,123 - new_apply_order.py[line:701]: xxl_job web 登录成功！
INFO - 2021-10-29 13:46:24,135 - new_apply_order.py[line:717]: xxl_job 放款准备作业执行成功！
INFO - 2021-10-29 13:46:25,487 - new_apply_order.py[line:632]: 查询loan_order_id成功！
INFO - 2021-10-29 13:46:25,504 - new_apply_order.py[line:725]: 修改放款准备完成时间成功！
INFO - 2021-10-29 13:46:25,511 - new_apply_order.py[line:733]: xxl_job 放款完成作业执行成功！
INFO - 2021-10-29 13:46:25,820 - new_apply_order.py[line:905]: 校验重试查询第1次
ERROR - 2021-10-29 13:46:26,835 - new_apply_order.py[line:801]: 放款完成或准备失败,目前的订单状态是35
INFO - 2021-10-29 13:46:26,835 - new_apply_order.py[line:802]: {'app': 'pickcash', 'loan_order_id': '1453961372113833984', 'mobile': '01635486378', 'order_status': 35}
INFO - 2021-10-29 13:46:27,347 - new_apply_order.py[line:905]: 校验重试查询第2次
INFO - 2021-10-29 13:46:28,364 - new_apply_order.py[line:799]: 放款完成或准备成功,目前的订单状态是40
INFO - 2021-10-29 13:46:28,364 - new_apply_order.py[line:802]: {'app': 'pickcash', 'loan_order_id': '1453961372113833984', 'mobile': '01635486378', 'order_status': 40}
INFO - 2021-10-29 13:46:28,367 - new_apply_order.py[line:922]: ===========完成第【1】次进件===========
INFO - 2021-10-29 13:46:28,368 - new_apply_order.py[line:925]: ======完成第【1】次进件,耗时10.16s=====
