INFO - 2021-10-26 17:15:02,172 - new_apply_order.py[line:882]: 开始第 muchodinero【1】次进件……
INFO - 2021-10-26 17:15:02,377 - new_apply_order.py[line:75]: 更新脏数据2条
INFO - 2021-10-26 17:15:02,377 - new_apply_order.py[line:84]: ======【mx测试环境】生成手机号：1635239702 ======
INFO - 2021-10-26 17:15:02,759 - new_apply_order.py[line:97]: 1635239702 检测用户存在成功！
INFO - 2021-10-26 17:15:02,820 - new_apply_order.py[line:106]: 1635239702 短信发送成功！
INFO - 2021-10-26 17:15:02,883 - new_apply_order.py[line:119]: 1635239702 注册成功！
INFO - 2021-10-26 17:15:02,958 - new_apply_order.py[line:135]: 1635239702 登录短信发送成功！
INFO - 2021-10-26 17:15:03,012 - new_apply_order.py[line:145]: userId=4966024980567957504,mobile=1635239702,token=76f9b97294874c433afddc782227eedf 登录成功
INFO - 2021-10-26 17:15:03,131 - new_apply_order.py[line:212]: 个人信息提交成功！
INFO - 2021-10-26 17:15:03,580 - new_apply_order.py[line:255]: 创建预审订单成功！
INFO - 2021-10-26 17:15:03,592 - new_apply_order.py[line:263]: 预审状态修改为通过,更新条数 1
INFO - 2021-10-26 17:15:03,603 - new_apply_order.py[line:266]: 更新初始额度！更新条数 1
INFO - 2021-10-26 17:15:07,082 - new_apply_order.py[line:361]: curp上传成功!
INFO - 2021-10-26 17:15:07,251 - new_apply_order.py[line:370]: curp_rfc校验通过！
INFO - 2021-10-26 17:15:08,096 - new_apply_order.py[line:381]: 人脸识别成功!
INFO - 2021-10-26 17:15:08,709 - new_apply_order.py[line:568]: 绑卡成功！
INFO - 2021-10-26 17:15:08,927 - new_apply_order.py[line:612]: 进件成功！执行sql将订单改为风控中……
INFO - 2021-10-26 17:15:09,964 - new_apply_order.py[line:618]: 订单表更新1条，信审更新1条
INFO - 2021-10-26 17:15:10,315 - new_apply_order.py[line:632]: 查询loan_order_id成功！
INFO - 2021-10-26 17:15:10,356 - new_apply_order.py[line:647]: 订单回调复审通过成功！
INFO - 2021-10-26 17:15:11,180 - new_apply_order.py[line:669]: 获取token成功！token=bearer b0c30d26-8790-4018-a3d7-5a15b89f0c2a！
INFO - 2021-10-26 17:15:11,519 - new_apply_order.py[line:632]: 查询loan_order_id成功！
INFO - 2021-10-26 17:15:12,080 - new_apply_order.py[line:687]: 后台已触发放款成功！
INFO - 2021-10-26 17:15:12,091 - new_apply_order.py[line:701]: xxl_job web 登录成功！
INFO - 2021-10-26 17:15:12,100 - new_apply_order.py[line:717]: xxl_job 放款准备作业执行成功！
INFO - 2021-10-26 17:15:13,464 - new_apply_order.py[line:632]: 查询loan_order_id成功！
INFO - 2021-10-26 17:15:13,478 - new_apply_order.py[line:725]: 修改放款准备完成时间成功！
INFO - 2021-10-26 17:15:13,486 - new_apply_order.py[line:733]: xxl_job 放款完成作业执行成功！
INFO - 2021-10-26 17:15:13,837 - new_apply_order.py[line:632]: 查询loan_order_id成功！
INFO - 2021-10-26 17:15:14,145 - new_apply_order.py[line:905]: 校验重试查询第1次
ERROR - 2021-10-26 17:15:15,156 - new_apply_order.py[line:801]: 放款完成或准备失败,目前的订单状态是35
INFO - 2021-10-26 17:15:15,156 - new_apply_order.py[line:802]: {'app': 'muchodinero', 'loan_order_id': '1452926738400940032', 'mobile': '1635239702', 'order_status': 35}
INFO - 2021-10-26 17:15:16,010 - new_apply_order.py[line:632]: 查询loan_order_id成功！
INFO - 2021-10-26 17:15:16,028 - new_apply_order.py[line:754]: 放款回调成功！
INFO - 2021-10-26 17:15:16,028 - new_apply_order.py[line:905]: 校验重试查询第2次
ERROR - 2021-10-26 17:15:17,046 - new_apply_order.py[line:801]: 放款完成或准备失败,目前的订单状态是36
INFO - 2021-10-26 17:15:17,047 - new_apply_order.py[line:802]: {'app': 'muchodinero', 'loan_order_id': '1452926738400940032', 'mobile': '1635239702', 'order_status': 36}
INFO - 2021-10-26 17:15:17,051 - new_apply_order.py[line:922]: ===========完成第【1】次进件===========
INFO - 2021-10-26 17:15:17,052 - new_apply_order.py[line:925]: ======完成第【1】次进件,耗时14.88s=====
