INFO - 2021-10-22 11:15:37,002 - new_apply_order.py[line:882]: 开始第 Mipeso【1】次进件……
INFO - 2021-10-22 11:15:37,202 - new_apply_order.py[line:75]: 更新脏数据0条
INFO - 2021-10-22 11:15:37,202 - new_apply_order.py[line:84]: ======【mx测试环境】生成手机号：1634872537 ======
INFO - 2021-10-22 11:15:37,616 - new_apply_order.py[line:97]: 1634872537 检测用户存在成功！
INFO - 2021-10-22 11:15:37,683 - new_apply_order.py[line:106]: 1634872537 短信发送成功！
INFO - 2021-10-22 11:15:37,739 - new_apply_order.py[line:119]: 1634872537 注册成功！
INFO - 2021-10-22 11:15:37,811 - new_apply_order.py[line:135]: 1634872537 登录短信发送成功！
INFO - 2021-10-22 11:15:37,875 - new_apply_order.py[line:145]: userId=4964484978289549312,mobile=1634872537,token=56f340ac904805b621128d4b7f4375b5 登录成功
INFO - 2021-10-22 11:15:37,958 - new_apply_order.py[line:212]: 个人信息提交成功！
INFO - 2021-10-22 11:15:38,545 - new_apply_order.py[line:255]: 创建预审订单成功！
INFO - 2021-10-22 11:15:38,567 - new_apply_order.py[line:263]: 预审状态修改为通过,更新条数 1
INFO - 2021-10-22 11:15:38,587 - new_apply_order.py[line:266]: 更新初始额度！更新条数 1
INFO - 2021-10-22 11:15:41,226 - new_apply_order.py[line:361]: curp上传成功!
INFO - 2021-10-22 11:15:41,370 - new_apply_order.py[line:370]: curp_rfc校验通过！
INFO - 2021-10-22 11:15:42,109 - new_apply_order.py[line:381]: 人脸识别成功!
INFO - 2021-10-22 11:15:42,789 - new_apply_order.py[line:568]: 绑卡成功！
INFO - 2021-10-22 11:15:43,035 - new_apply_order.py[line:612]: 进件成功！执行sql将订单改为风控中……
INFO - 2021-10-22 11:15:44,075 - new_apply_order.py[line:618]: 订单表更新1条，信审更新1条
INFO - 2021-10-22 11:15:44,437 - new_apply_order.py[line:632]: 查询loan_order_id成功！
INFO - 2021-10-22 11:15:44,498 - new_apply_order.py[line:647]: 订单回调复审通过成功！
INFO - 2021-10-22 11:15:45,350 - new_apply_order.py[line:669]: 获取token成功！token=bearer a56ac9bb-a697-45e0-a483-b91866a5fcec！
INFO - 2021-10-22 11:15:45,695 - new_apply_order.py[line:632]: 查询loan_order_id成功！
INFO - 2021-10-22 11:15:46,216 - new_apply_order.py[line:687]: 后台已触发放款成功！
INFO - 2021-10-22 11:15:46,268 - new_apply_order.py[line:701]: xxl_job web 登录成功！
INFO - 2021-10-22 11:15:46,284 - new_apply_order.py[line:717]: xxl_job 放款准备作业执行成功！
INFO - 2021-10-22 11:15:47,633 - new_apply_order.py[line:632]: 查询loan_order_id成功！
INFO - 2021-10-22 11:15:47,653 - new_apply_order.py[line:725]: 修改放款准备完成时间成功！
INFO - 2021-10-22 11:15:47,661 - new_apply_order.py[line:733]: xxl_job 放款完成作业执行成功！
INFO - 2021-10-22 11:15:48,012 - new_apply_order.py[line:632]: 查询loan_order_id成功！
INFO - 2021-10-22 11:15:48,326 - new_apply_order.py[line:905]: 校验重试查询第1次
ERROR - 2021-10-22 11:15:49,345 - new_apply_order.py[line:801]: 放款完成或准备失败,目前的订单状态是35
INFO - 2021-10-22 11:15:49,345 - new_apply_order.py[line:802]: {'app': 'Mipeso', 'loan_order_id': '1451386735858421760', 'mobile': '1634872537', 'order_status': 35}
INFO - 2021-10-22 11:15:50,214 - new_apply_order.py[line:632]: 查询loan_order_id成功！
INFO - 2021-10-22 11:15:50,341 - new_apply_order.py[line:754]: 放款回调成功！
INFO - 2021-10-22 11:15:50,342 - new_apply_order.py[line:905]: 校验重试查询第2次
INFO - 2021-10-22 11:15:51,358 - new_apply_order.py[line:799]: 放款完成或准备成功,目前的订单状态是40
INFO - 2021-10-22 11:15:51,358 - new_apply_order.py[line:802]: {'app': 'Mipeso', 'loan_order_id': '1451386735858421760', 'mobile': '1634872537', 'order_status': 40}
INFO - 2021-10-22 11:15:51,361 - new_apply_order.py[line:922]: ===========完成第【1】次进件===========
INFO - 2021-10-22 11:15:51,361 - new_apply_order.py[line:925]: ======完成第【1】次进件,耗时14.36s=====
INFO - 2021-10-22 11:15:51,365 - new_apply_order.py[line:882]: 开始第 m_efectivo【1】次进件……
INFO - 2021-10-22 11:15:51,495 - new_apply_order.py[line:60]: 删除redis key: "mx:cfs:user:userid:4964484978289549312"
INFO - 2021-10-22 11:15:51,544 - new_apply_order.py[line:75]: 更新脏数据0条
INFO - 2021-10-22 11:15:51,545 - new_apply_order.py[line:84]: ======【mx测试环境】生成手机号：1634872551 ======
INFO - 2021-10-22 11:15:51,893 - new_apply_order.py[line:97]: 1634872551 检测用户存在成功！
INFO - 2021-10-22 11:15:51,955 - new_apply_order.py[line:106]: 1634872551 短信发送成功！
INFO - 2021-10-22 11:15:51,995 - new_apply_order.py[line:119]: 1634872551 注册成功！
INFO - 2021-10-22 11:15:52,048 - new_apply_order.py[line:135]: 1634872551 登录短信发送成功！
INFO - 2021-10-22 11:15:52,104 - new_apply_order.py[line:145]: userId=4964485038129684480,mobile=1634872551,token=22ed307a3013f1b0283df73dbe6cb8b0 登录成功
INFO - 2021-10-22 11:15:52,185 - new_apply_order.py[line:212]: 个人信息提交成功！
INFO - 2021-10-22 11:15:52,390 - new_apply_order.py[line:255]: 创建预审订单成功！
INFO - 2021-10-22 11:15:52,409 - new_apply_order.py[line:263]: 预审状态修改为通过,更新条数 1
INFO - 2021-10-22 11:15:52,427 - new_apply_order.py[line:266]: 更新初始额度！更新条数 1
INFO - 2021-10-22 11:15:55,215 - new_apply_order.py[line:361]: curp上传成功!
INFO - 2021-10-22 11:15:55,342 - new_apply_order.py[line:370]: curp_rfc校验通过！
INFO - 2021-10-22 11:15:56,008 - new_apply_order.py[line:381]: 人脸识别成功!
INFO - 2021-10-22 11:15:56,582 - new_apply_order.py[line:568]: 绑卡成功！
INFO - 2021-10-22 11:15:56,733 - new_apply_order.py[line:612]: 进件成功！执行sql将订单改为风控中……
INFO - 2021-10-22 11:15:57,768 - new_apply_order.py[line:618]: 订单表更新1条，信审更新1条
INFO - 2021-10-22 11:15:58,125 - new_apply_order.py[line:632]: 查询loan_order_id成功！
INFO - 2021-10-22 11:15:58,162 - new_apply_order.py[line:647]: 订单回调复审通过成功！
INFO - 2021-10-22 11:15:58,972 - new_apply_order.py[line:669]: 获取token成功！token=bearer a56ac9bb-a697-45e0-a483-b91866a5fcec！
INFO - 2021-10-22 11:15:59,320 - new_apply_order.py[line:632]: 查询loan_order_id成功！
INFO - 2021-10-22 11:15:59,618 - new_apply_order.py[line:687]: 后台已触发放款成功！
INFO - 2021-10-22 11:15:59,630 - new_apply_order.py[line:701]: xxl_job web 登录成功！
INFO - 2021-10-22 11:15:59,639 - new_apply_order.py[line:717]: xxl_job 放款准备作业执行成功！
INFO - 2021-10-22 11:16:00,995 - new_apply_order.py[line:632]: 查询loan_order_id成功！
INFO - 2021-10-22 11:16:01,014 - new_apply_order.py[line:725]: 修改放款准备完成时间成功！
INFO - 2021-10-22 11:16:01,021 - new_apply_order.py[line:733]: xxl_job 放款完成作业执行成功！
INFO - 2021-10-22 11:16:01,400 - new_apply_order.py[line:632]: 查询loan_order_id成功！
INFO - 2021-10-22 11:16:01,713 - new_apply_order.py[line:905]: 校验重试查询第1次
ERROR - 2021-10-22 11:16:02,725 - new_apply_order.py[line:801]: 放款完成或准备失败,目前的订单状态是35
INFO - 2021-10-22 11:16:02,725 - new_apply_order.py[line:802]: {'app': 'm_efectivo', 'loan_order_id': '1451386795543367680', 'mobile': '1634872551', 'order_status': 35}
INFO - 2021-10-22 11:16:03,592 - new_apply_order.py[line:632]: 查询loan_order_id成功！
INFO - 2021-10-22 11:16:03,705 - new_apply_order.py[line:754]: 放款回调成功！
INFO - 2021-10-22 11:16:03,705 - new_apply_order.py[line:905]: 校验重试查询第2次
INFO - 2021-10-22 11:16:04,718 - new_apply_order.py[line:799]: 放款完成或准备成功,目前的订单状态是40
INFO - 2021-10-22 11:16:04,718 - new_apply_order.py[line:802]: {'app': 'm_efectivo', 'loan_order_id': '1451386795543367680', 'mobile': '1634872551', 'order_status': 40}
INFO - 2021-10-22 11:16:04,719 - new_apply_order.py[line:922]: ===========完成第【1】次进件===========
INFO - 2021-10-22 11:16:04,719 - new_apply_order.py[line:925]: ======完成第【1】次进件,耗时13.35s=====
INFO - 2021-10-22 11:16:04,722 - new_apply_order.py[line:882]: 开始第 porpeso【1】次进件……
INFO - 2021-10-22 11:16:04,826 - new_apply_order.py[line:60]: 删除redis key: "mx:cfs:user:userid:4964485038129684480"
INFO - 2021-10-22 11:16:04,897 - new_apply_order.py[line:75]: 更新脏数据0条
INFO - 2021-10-22 11:16:04,897 - new_apply_order.py[line:84]: ======【mx测试环境】生成手机号：1634872564 ======
INFO - 2021-10-22 11:16:05,262 - new_apply_order.py[line:97]: 1634872564 检测用户存在成功！
INFO - 2021-10-22 11:16:05,307 - new_apply_order.py[line:106]: 1634872564 短信发送成功！
INFO - 2021-10-22 11:16:05,350 - new_apply_order.py[line:119]: 1634872564 注册成功！
INFO - 2021-10-22 11:16:05,402 - new_apply_order.py[line:135]: 1634872564 登录短信发送成功！
INFO - 2021-10-22 11:16:05,450 - new_apply_order.py[line:145]: userId=4964485094127837184,mobile=1634872564,token=9ae25272ebdbcad94af5f9c4f9c55b8a 登录成功
INFO - 2021-10-22 11:16:05,522 - new_apply_order.py[line:212]: 个人信息提交成功！
INFO - 2021-10-22 11:16:05,946 - new_apply_order.py[line:255]: 创建预审订单成功！
INFO - 2021-10-22 11:16:05,964 - new_apply_order.py[line:263]: 预审状态修改为通过,更新条数 1
INFO - 2021-10-22 11:16:05,979 - new_apply_order.py[line:266]: 更新初始额度！更新条数 1
INFO - 2021-10-22 11:16:08,248 - new_apply_order.py[line:361]: curp上传成功!
INFO - 2021-10-22 11:16:08,371 - new_apply_order.py[line:370]: curp_rfc校验通过！
INFO - 2021-10-22 11:16:09,192 - new_apply_order.py[line:381]: 人脸识别成功!
INFO - 2021-10-22 11:16:09,733 - new_apply_order.py[line:568]: 绑卡成功！
INFO - 2021-10-22 11:16:09,913 - new_apply_order.py[line:612]: 进件成功！执行sql将订单改为风控中……
INFO - 2021-10-22 11:16:10,987 - new_apply_order.py[line:618]: 订单表更新1条，信审更新1条
INFO - 2021-10-22 11:16:11,341 - new_apply_order.py[line:632]: 查询loan_order_id成功！
INFO - 2021-10-22 11:16:11,380 - new_apply_order.py[line:647]: 订单回调复审通过成功！
INFO - 2021-10-22 11:16:12,212 - new_apply_order.py[line:669]: 获取token成功！token=bearer a56ac9bb-a697-45e0-a483-b91866a5fcec！
INFO - 2021-10-22 11:16:12,562 - new_apply_order.py[line:632]: 查询loan_order_id成功！
INFO - 2021-10-22 11:16:12,878 - new_apply_order.py[line:687]: 后台已触发放款成功！
INFO - 2021-10-22 11:16:12,890 - new_apply_order.py[line:701]: xxl_job web 登录成功！
INFO - 2021-10-22 11:16:12,900 - new_apply_order.py[line:717]: xxl_job 放款准备作业执行成功！
INFO - 2021-10-22 11:16:14,267 - new_apply_order.py[line:632]: 查询loan_order_id成功！
INFO - 2021-10-22 11:16:14,283 - new_apply_order.py[line:725]: 修改放款准备完成时间成功！
INFO - 2021-10-22 11:16:14,291 - new_apply_order.py[line:733]: xxl_job 放款完成作业执行成功！
INFO - 2021-10-22 11:16:14,651 - new_apply_order.py[line:632]: 查询loan_order_id成功！
INFO - 2021-10-22 11:16:14,963 - new_apply_order.py[line:905]: 校验重试查询第1次
ERROR - 2021-10-22 11:16:15,976 - new_apply_order.py[line:801]: 放款完成或准备失败,目前的订单状态是35
INFO - 2021-10-22 11:16:15,976 - new_apply_order.py[line:802]: {'app': 'porpeso', 'loan_order_id': '1451386851486994432', 'mobile': '1634872564', 'order_status': 35}
INFO - 2021-10-22 11:16:16,834 - new_apply_order.py[line:632]: 查询loan_order_id成功！
INFO - 2021-10-22 11:16:16,947 - new_apply_order.py[line:754]: 放款回调成功！
INFO - 2021-10-22 11:16:16,947 - new_apply_order.py[line:905]: 校验重试查询第2次
INFO - 2021-10-22 11:16:17,961 - new_apply_order.py[line:799]: 放款完成或准备成功,目前的订单状态是40
INFO - 2021-10-22 11:16:17,962 - new_apply_order.py[line:802]: {'app': 'porpeso', 'loan_order_id': '1451386851486994432', 'mobile': '1634872564', 'order_status': 40}
INFO - 2021-10-22 11:16:17,962 - new_apply_order.py[line:922]: ===========完成第【1】次进件===========
INFO - 2021-10-22 11:16:17,962 - new_apply_order.py[line:925]: ======完成第【1】次进件,耗时13.24s=====
INFO - 2021-10-22 11:16:17,965 - new_apply_order.py[line:882]: 开始第 Prestamo【1】次进件……
INFO - 2021-10-22 11:16:18,065 - new_apply_order.py[line:60]: 删除redis key: "mx:cfs:user:userid:4964485094127837184"
INFO - 2021-10-22 11:16:18,164 - new_apply_order.py[line:75]: 更新脏数据0条
INFO - 2021-10-22 11:16:18,164 - new_apply_order.py[line:84]: ======【mx测试环境】生成手机号：1634872577 ======
INFO - 2021-10-22 11:16:18,516 - new_apply_order.py[line:97]: 1634872577 检测用户存在成功！
INFO - 2021-10-22 11:16:18,562 - new_apply_order.py[line:106]: 1634872577 短信发送成功！
INFO - 2021-10-22 11:16:18,603 - new_apply_order.py[line:119]: 1634872577 注册成功！
INFO - 2021-10-22 11:16:18,653 - new_apply_order.py[line:135]: 1634872577 登录短信发送成功！
INFO - 2021-10-22 11:16:18,698 - new_apply_order.py[line:145]: userId=4964485149710753792,mobile=1634872577,token=e6a9c7a7e313b826c27bac81e9b2e68c 登录成功
INFO - 2021-10-22 11:16:18,774 - new_apply_order.py[line:212]: 个人信息提交成功！
INFO - 2021-10-22 11:16:18,956 - new_apply_order.py[line:255]: 创建预审订单成功！
INFO - 2021-10-22 11:16:18,973 - new_apply_order.py[line:263]: 预审状态修改为通过,更新条数 1
INFO - 2021-10-22 11:16:18,989 - new_apply_order.py[line:266]: 更新初始额度！更新条数 1
INFO - 2021-10-22 11:16:21,343 - new_apply_order.py[line:361]: curp上传成功!
INFO - 2021-10-22 11:16:21,480 - new_apply_order.py[line:370]: curp_rfc校验通过！
INFO - 2021-10-22 11:16:22,263 - new_apply_order.py[line:381]: 人脸识别成功!
INFO - 2021-10-22 11:16:22,869 - new_apply_order.py[line:568]: 绑卡成功！
INFO - 2021-10-22 11:16:23,033 - new_apply_order.py[line:612]: 进件成功！执行sql将订单改为风控中……
INFO - 2021-10-22 11:16:24,071 - new_apply_order.py[line:618]: 订单表更新1条，信审更新1条
INFO - 2021-10-22 11:16:24,427 - new_apply_order.py[line:632]: 查询loan_order_id成功！
INFO - 2021-10-22 11:16:24,468 - new_apply_order.py[line:647]: 订单回调复审通过成功！
INFO - 2021-10-22 11:16:25,250 - new_apply_order.py[line:669]: 获取token成功！token=bearer a56ac9bb-a697-45e0-a483-b91866a5fcec！
INFO - 2021-10-22 11:16:25,600 - new_apply_order.py[line:632]: 查询loan_order_id成功！
INFO - 2021-10-22 11:16:25,894 - new_apply_order.py[line:687]: 后台已触发放款成功！
INFO - 2021-10-22 11:16:25,906 - new_apply_order.py[line:701]: xxl_job web 登录成功！
INFO - 2021-10-22 11:16:25,916 - new_apply_order.py[line:717]: xxl_job 放款准备作业执行成功！
INFO - 2021-10-22 11:16:27,272 - new_apply_order.py[line:632]: 查询loan_order_id成功！
INFO - 2021-10-22 11:16:27,289 - new_apply_order.py[line:725]: 修改放款准备完成时间成功！
INFO - 2021-10-22 11:16:27,297 - new_apply_order.py[line:733]: xxl_job 放款完成作业执行成功！
INFO - 2021-10-22 11:16:27,658 - new_apply_order.py[line:632]: 查询loan_order_id成功！
INFO - 2021-10-22 11:16:27,970 - new_apply_order.py[line:905]: 校验重试查询第1次
ERROR - 2021-10-22 11:16:28,984 - new_apply_order.py[line:801]: 放款完成或准备失败,目前的订单状态是35
INFO - 2021-10-22 11:16:28,985 - new_apply_order.py[line:802]: {'app': 'Prestamo', 'loan_order_id': '1451386907044745216', 'mobile': '1634872577', 'order_status': 35}
INFO - 2021-10-22 11:16:29,843 - new_apply_order.py[line:632]: 查询loan_order_id成功！
INFO - 2021-10-22 11:16:29,946 - new_apply_order.py[line:754]: 放款回调成功！
INFO - 2021-10-22 11:16:29,947 - new_apply_order.py[line:905]: 校验重试查询第2次
INFO - 2021-10-22 11:16:30,958 - new_apply_order.py[line:799]: 放款完成或准备成功,目前的订单状态是40
INFO - 2021-10-22 11:16:30,958 - new_apply_order.py[line:802]: {'app': 'Prestamo', 'loan_order_id': '1451386907044745216', 'mobile': '1634872577', 'order_status': 40}
INFO - 2021-10-22 11:16:30,959 - new_apply_order.py[line:922]: ===========完成第【1】次进件===========
INFO - 2021-10-22 11:16:30,959 - new_apply_order.py[line:925]: ======完成第【1】次进件,耗时12.99s=====
INFO - 2021-10-22 11:16:30,962 - new_apply_order.py[line:882]: 开始第 askborrow【1】次进件……
INFO - 2021-10-22 11:16:31,045 - new_apply_order.py[line:60]: 删除redis key: "mx:cfs:user:userid:4964485149710753792"
INFO - 2021-10-22 11:16:31,139 - new_apply_order.py[line:75]: 更新脏数据0条
INFO - 2021-10-22 11:16:31,139 - new_apply_order.py[line:84]: ======【mx测试环境】生成手机号：1634872590 ======
INFO - 2021-10-22 11:16:31,485 - new_apply_order.py[line:97]: 1634872590 检测用户存在成功！
INFO - 2021-10-22 11:16:31,531 - new_apply_order.py[line:106]: 1634872590 短信发送成功！
INFO - 2021-10-22 11:16:31,573 - new_apply_order.py[line:119]: 1634872590 注册成功！
INFO - 2021-10-22 11:16:31,626 - new_apply_order.py[line:135]: 1634872590 登录短信发送成功！
INFO - 2021-10-22 11:16:31,675 - new_apply_order.py[line:145]: userId=4964485204119265280,mobile=1634872590,token=3ad73cecdffb76aafd45a36a0a1bcd82 登录成功
INFO - 2021-10-22 11:16:31,746 - new_apply_order.py[line:212]: 个人信息提交成功！
INFO - 2021-10-22 11:16:32,183 - new_apply_order.py[line:255]: 创建预审订单成功！
INFO - 2021-10-22 11:16:32,199 - new_apply_order.py[line:263]: 预审状态修改为通过,更新条数 1
INFO - 2021-10-22 11:16:32,216 - new_apply_order.py[line:266]: 更新初始额度！更新条数 1
INFO - 2021-10-22 11:16:34,671 - new_apply_order.py[line:361]: curp上传成功!
INFO - 2021-10-22 11:16:34,792 - new_apply_order.py[line:370]: curp_rfc校验通过！
INFO - 2021-10-22 11:16:35,603 - new_apply_order.py[line:381]: 人脸识别成功!
INFO - 2021-10-22 11:16:36,194 - new_apply_order.py[line:568]: 绑卡成功！
INFO - 2021-10-22 11:16:36,378 - new_apply_order.py[line:612]: 进件成功！执行sql将订单改为风控中……
INFO - 2021-10-22 11:16:37,420 - new_apply_order.py[line:618]: 订单表更新1条，信审更新1条
INFO - 2021-10-22 11:16:37,778 - new_apply_order.py[line:632]: 查询loan_order_id成功！
INFO - 2021-10-22 11:16:37,814 - new_apply_order.py[line:647]: 订单回调复审通过成功！
INFO - 2021-10-22 11:16:38,618 - new_apply_order.py[line:669]: 获取token成功！token=bearer a56ac9bb-a697-45e0-a483-b91866a5fcec！
INFO - 2021-10-22 11:16:38,970 - new_apply_order.py[line:632]: 查询loan_order_id成功！
INFO - 2021-10-22 11:16:39,263 - new_apply_order.py[line:687]: 后台已触发放款成功！
INFO - 2021-10-22 11:16:39,275 - new_apply_order.py[line:701]: xxl_job web 登录成功！
INFO - 2021-10-22 11:16:39,285 - new_apply_order.py[line:717]: xxl_job 放款准备作业执行成功！
INFO - 2021-10-22 11:16:40,642 - new_apply_order.py[line:632]: 查询loan_order_id成功！
INFO - 2021-10-22 11:16:40,662 - new_apply_order.py[line:725]: 修改放款准备完成时间成功！
INFO - 2021-10-22 11:16:40,670 - new_apply_order.py[line:733]: xxl_job 放款完成作业执行成功！
INFO - 2021-10-22 11:16:41,029 - new_apply_order.py[line:632]: 查询loan_order_id成功！
INFO - 2021-10-22 11:16:41,341 - new_apply_order.py[line:905]: 校验重试查询第1次
ERROR - 2021-10-22 11:16:42,353 - new_apply_order.py[line:801]: 放款完成或准备失败,目前的订单状态是35
INFO - 2021-10-22 11:16:42,353 - new_apply_order.py[line:802]: {'app': 'askborrow', 'loan_order_id': '1451386961486811136', 'mobile': '1634872590', 'order_status': 35}
INFO - 2021-10-22 11:16:43,206 - new_apply_order.py[line:632]: 查询loan_order_id成功！
INFO - 2021-10-22 11:16:43,217 - new_apply_order.py[line:905]: 校验重试查询第2次
ERROR - 2021-10-22 11:16:44,234 - new_apply_order.py[line:801]: 放款完成或准备失败,目前的订单状态是35
INFO - 2021-10-22 11:16:44,234 - new_apply_order.py[line:802]: {'app': 'askborrow', 'loan_order_id': '1451386961486811136', 'mobile': '1634872590', 'order_status': 35}
INFO - 2021-10-22 11:16:45,091 - new_apply_order.py[line:632]: 查询loan_order_id成功！
INFO - 2021-10-22 11:16:45,191 - new_apply_order.py[line:754]: 放款回调成功！
INFO - 2021-10-22 11:16:45,192 - new_apply_order.py[line:905]: 校验重试查询第3次
INFO - 2021-10-22 11:16:46,203 - new_apply_order.py[line:799]: 放款完成或准备成功,目前的订单状态是40
INFO - 2021-10-22 11:16:46,204 - new_apply_order.py[line:802]: {'app': 'askborrow', 'loan_order_id': '1451386961486811136', 'mobile': '1634872590', 'order_status': 40}
INFO - 2021-10-22 11:16:46,204 - new_apply_order.py[line:922]: ===========完成第【1】次进件===========
INFO - 2021-10-22 11:16:46,204 - new_apply_order.py[line:925]: ======完成第【1】次进件,耗时15.24s=====
INFO - 2021-10-22 11:16:46,207 - new_apply_order.py[line:882]: 开始第 G_Prestamo【1】次进件……
INFO - 2021-10-22 11:16:46,316 - new_apply_order.py[line:60]: 删除redis key: "mx:cfs:user:userid:4964485204119265280"
INFO - 2021-10-22 11:16:46,416 - new_apply_order.py[line:75]: 更新脏数据0条
INFO - 2021-10-22 11:16:46,417 - new_apply_order.py[line:84]: ======【mx测试环境】生成手机号：1634872606 ======
INFO - 2021-10-22 11:16:46,763 - new_apply_order.py[line:97]: 1634872606 检测用户存在成功！
INFO - 2021-10-22 11:16:46,806 - new_apply_order.py[line:106]: 1634872606 短信发送成功！
INFO - 2021-10-22 11:16:46,843 - new_apply_order.py[line:119]: 1634872606 注册成功！
INFO - 2021-10-22 11:16:46,895 - new_apply_order.py[line:135]: 1634872606 登录短信发送成功！
INFO - 2021-10-22 11:16:46,939 - new_apply_order.py[line:145]: userId=4964485268174675968,mobile=1634872606,token=7cc4a7c1d0f5df9efafb572bb8834467 登录成功
INFO - 2021-10-22 11:16:47,008 - new_apply_order.py[line:212]: 个人信息提交成功！
INFO - 2021-10-22 11:16:47,195 - new_apply_order.py[line:255]: 创建预审订单成功！
INFO - 2021-10-22 11:16:47,209 - new_apply_order.py[line:263]: 预审状态修改为通过,更新条数 1
INFO - 2021-10-22 11:16:47,221 - new_apply_order.py[line:266]: 更新初始额度！更新条数 1
INFO - 2021-10-22 11:16:49,604 - new_apply_order.py[line:361]: curp上传成功!
INFO - 2021-10-22 11:16:49,731 - new_apply_order.py[line:370]: curp_rfc校验通过！
INFO - 2021-10-22 11:16:50,482 - new_apply_order.py[line:381]: 人脸识别成功!
INFO - 2021-10-22 11:16:51,029 - new_apply_order.py[line:568]: 绑卡成功！
INFO - 2021-10-22 11:16:51,223 - new_apply_order.py[line:612]: 进件成功！执行sql将订单改为风控中……
INFO - 2021-10-22 11:16:52,257 - new_apply_order.py[line:618]: 订单表更新1条，信审更新1条
INFO - 2021-10-22 11:16:52,618 - new_apply_order.py[line:632]: 查询loan_order_id成功！
INFO - 2021-10-22 11:16:52,659 - new_apply_order.py[line:647]: 订单回调复审通过成功！
INFO - 2021-10-22 11:16:53,457 - new_apply_order.py[line:669]: 获取token成功！token=bearer a56ac9bb-a697-45e0-a483-b91866a5fcec！
INFO - 2021-10-22 11:16:53,806 - new_apply_order.py[line:632]: 查询loan_order_id成功！
INFO - 2021-10-22 11:16:54,116 - new_apply_order.py[line:687]: 后台已触发放款成功！
INFO - 2021-10-22 11:16:54,128 - new_apply_order.py[line:701]: xxl_job web 登录成功！
INFO - 2021-10-22 11:16:54,137 - new_apply_order.py[line:717]: xxl_job 放款准备作业执行成功！
INFO - 2021-10-22 11:16:55,493 - new_apply_order.py[line:632]: 查询loan_order_id成功！
INFO - 2021-10-22 11:16:55,513 - new_apply_order.py[line:725]: 修改放款准备完成时间成功！
INFO - 2021-10-22 11:16:55,521 - new_apply_order.py[line:733]: xxl_job 放款完成作业执行成功！
INFO - 2021-10-22 11:16:55,873 - new_apply_order.py[line:632]: 查询loan_order_id成功！
INFO - 2021-10-22 11:16:56,184 - new_apply_order.py[line:905]: 校验重试查询第1次
ERROR - 2021-10-22 11:16:57,201 - new_apply_order.py[line:801]: 放款完成或准备失败,目前的订单状态是35
INFO - 2021-10-22 11:16:57,201 - new_apply_order.py[line:802]: {'app': 'G_Prestamo', 'loan_order_id': '1451387025466724352', 'mobile': '1634872606', 'order_status': 35}
INFO - 2021-10-22 11:16:58,063 - new_apply_order.py[line:632]: 查询loan_order_id成功！
INFO - 2021-10-22 11:16:58,075 - new_apply_order.py[line:905]: 校验重试查询第2次
ERROR - 2021-10-22 11:16:59,093 - new_apply_order.py[line:801]: 放款完成或准备失败,目前的订单状态是35
INFO - 2021-10-22 11:16:59,093 - new_apply_order.py[line:802]: {'app': 'G_Prestamo', 'loan_order_id': '1451387025466724352', 'mobile': '1634872606', 'order_status': 35}
INFO - 2021-10-22 11:16:59,948 - new_apply_order.py[line:632]: 查询loan_order_id成功！
INFO - 2021-10-22 11:16:59,959 - new_apply_order.py[line:905]: 校验重试查询第3次
ERROR - 2021-10-22 11:17:00,971 - new_apply_order.py[line:801]: 放款完成或准备失败,目前的订单状态是35
INFO - 2021-10-22 11:17:00,971 - new_apply_order.py[line:802]: {'app': 'G_Prestamo', 'loan_order_id': '1451387025466724352', 'mobile': '1634872606', 'order_status': 35}
INFO - 2021-10-22 11:17:01,825 - new_apply_order.py[line:632]: 查询loan_order_id成功！
INFO - 2021-10-22 11:17:01,925 - new_apply_order.py[line:754]: 放款回调成功！
INFO - 2021-10-22 11:17:01,926 - new_apply_order.py[line:905]: 校验重试查询第4次
INFO - 2021-10-22 11:17:02,941 - new_apply_order.py[line:799]: 放款完成或准备成功,目前的订单状态是40
INFO - 2021-10-22 11:17:02,941 - new_apply_order.py[line:802]: {'app': 'G_Prestamo', 'loan_order_id': '1451387025466724352', 'mobile': '1634872606', 'order_status': 40}
INFO - 2021-10-22 11:17:02,943 - new_apply_order.py[line:922]: ===========完成第【1】次进件===========
INFO - 2021-10-22 11:17:02,943 - new_apply_order.py[line:925]: ======完成第【1】次进件,耗时16.74s=====
INFO - 2021-10-22 11:17:02,946 - new_apply_order.py[line:882]: 开始第 miprestamo【1】次进件……
INFO - 2021-10-22 11:17:03,062 - new_apply_order.py[line:60]: 删除redis key: "mx:cfs:user:userid:4964485268174675968"
INFO - 2021-10-22 11:17:03,123 - new_apply_order.py[line:75]: 更新脏数据0条
INFO - 2021-10-22 11:17:03,123 - new_apply_order.py[line:84]: ======【mx测试环境】生成手机号：1634872622 ======
INFO - 2021-10-22 11:17:03,473 - new_apply_order.py[line:97]: 1634872622 检测用户存在成功！
INFO - 2021-10-22 11:17:03,545 - new_apply_order.py[line:106]: 1634872622 短信发送成功！
INFO - 2021-10-22 11:17:03,590 - new_apply_order.py[line:119]: 1634872622 注册成功！
INFO - 2021-10-22 11:17:03,649 - new_apply_order.py[line:135]: 1634872622 登录短信发送成功！
INFO - 2021-10-22 11:17:03,697 - new_apply_order.py[line:145]: userId=4964485338391519232,mobile=1634872622,token=26cb12dd054dd0bb5ed384742cba4e17 登录成功
INFO - 2021-10-22 11:17:03,770 - new_apply_order.py[line:212]: 个人信息提交成功！
INFO - 2021-10-22 11:17:04,184 - new_apply_order.py[line:255]: 创建预审订单成功！
INFO - 2021-10-22 11:17:04,203 - new_apply_order.py[line:263]: 预审状态修改为通过,更新条数 1
INFO - 2021-10-22 11:17:04,217 - new_apply_order.py[line:266]: 更新初始额度！更新条数 1
INFO - 2021-10-22 11:17:06,730 - new_apply_order.py[line:361]: curp上传成功!
INFO - 2021-10-22 11:17:06,866 - new_apply_order.py[line:370]: curp_rfc校验通过！
INFO - 2021-10-22 11:17:07,684 - new_apply_order.py[line:381]: 人脸识别成功!
INFO - 2021-10-22 11:17:08,225 - new_apply_order.py[line:568]: 绑卡成功！
INFO - 2021-10-22 11:17:08,403 - new_apply_order.py[line:612]: 进件成功！执行sql将订单改为风控中……
INFO - 2021-10-22 11:17:09,438 - new_apply_order.py[line:618]: 订单表更新1条，信审更新1条
INFO - 2021-10-22 11:17:09,796 - new_apply_order.py[line:632]: 查询loan_order_id成功！
INFO - 2021-10-22 11:17:09,837 - new_apply_order.py[line:647]: 订单回调复审通过成功！
INFO - 2021-10-22 11:17:10,612 - new_apply_order.py[line:669]: 获取token成功！token=bearer a56ac9bb-a697-45e0-a483-b91866a5fcec！
INFO - 2021-10-22 11:17:10,960 - new_apply_order.py[line:632]: 查询loan_order_id成功！
INFO - 2021-10-22 11:17:11,271 - new_apply_order.py[line:687]: 后台已触发放款成功！
INFO - 2021-10-22 11:17:11,283 - new_apply_order.py[line:701]: xxl_job web 登录成功！
INFO - 2021-10-22 11:17:11,293 - new_apply_order.py[line:717]: xxl_job 放款准备作业执行成功！
INFO - 2021-10-22 11:17:12,646 - new_apply_order.py[line:632]: 查询loan_order_id成功！
INFO - 2021-10-22 11:17:12,665 - new_apply_order.py[line:725]: 修改放款准备完成时间成功！
INFO - 2021-10-22 11:17:12,675 - new_apply_order.py[line:733]: xxl_job 放款完成作业执行成功！
INFO - 2021-10-22 11:17:13,029 - new_apply_order.py[line:632]: 查询loan_order_id成功！
INFO - 2021-10-22 11:17:13,340 - new_apply_order.py[line:905]: 校验重试查询第1次
ERROR - 2021-10-22 11:17:14,352 - new_apply_order.py[line:801]: 放款完成或准备失败,目前的订单状态是35
INFO - 2021-10-22 11:17:14,353 - new_apply_order.py[line:802]: {'app': 'miprestamo', 'loan_order_id': '1451387095759065088', 'mobile': '1634872622', 'order_status': 35}
INFO - 2021-10-22 11:17:15,207 - new_apply_order.py[line:632]: 查询loan_order_id成功！
INFO - 2021-10-22 11:17:15,319 - new_apply_order.py[line:754]: 放款回调成功！
INFO - 2021-10-22 11:17:15,319 - new_apply_order.py[line:905]: 校验重试查询第2次
INFO - 2021-10-22 11:17:16,333 - new_apply_order.py[line:799]: 放款完成或准备成功,目前的订单状态是40
INFO - 2021-10-22 11:17:16,334 - new_apply_order.py[line:802]: {'app': 'miprestamo', 'loan_order_id': '1451387095759065088', 'mobile': '1634872622', 'order_status': 40}
INFO - 2021-10-22 11:17:16,335 - new_apply_order.py[line:922]: ===========完成第【1】次进件===========
INFO - 2021-10-22 11:17:16,335 - new_apply_order.py[line:925]: ======完成第【1】次进件,耗时13.39s=====
INFO - 2021-10-22 11:17:16,338 - new_apply_order.py[line:882]: 开始第 borrowedpop【1】次进件……
INFO - 2021-10-22 11:17:16,493 - new_apply_order.py[line:60]: 删除redis key: "mx:cfs:user:userid:4964485338391519232"
INFO - 2021-10-22 11:17:16,513 - new_apply_order.py[line:75]: 更新脏数据0条
INFO - 2021-10-22 11:17:16,514 - new_apply_order.py[line:84]: ======【mx测试环境】生成手机号：1634872636 ======
INFO - 2021-10-22 11:17:16,863 - new_apply_order.py[line:97]: 1634872636 检测用户存在成功！
INFO - 2021-10-22 11:17:16,946 - new_apply_order.py[line:106]: 1634872636 短信发送成功！
INFO - 2021-10-22 11:17:17,039 - new_apply_order.py[line:119]: 1634872636 注册成功！
INFO - 2021-10-22 11:17:17,101 - new_apply_order.py[line:135]: 1634872636 登录短信发送成功！
INFO - 2021-10-22 11:17:17,158 - new_apply_order.py[line:145]: userId=4964485394599387136,mobile=1634872636,token=94e372e7d7087fdb312ab86286346fec 登录成功
INFO - 2021-10-22 11:17:17,240 - new_apply_order.py[line:212]: 个人信息提交成功！
INFO - 2021-10-22 11:17:17,447 - new_apply_order.py[line:255]: 创建预审订单成功！
INFO - 2021-10-22 11:17:17,476 - new_apply_order.py[line:263]: 预审状态修改为通过,更新条数 1
INFO - 2021-10-22 11:17:17,492 - new_apply_order.py[line:266]: 更新初始额度！更新条数 1
INFO - 2021-10-22 11:17:19,845 - new_apply_order.py[line:361]: curp上传成功!
INFO - 2021-10-22 11:17:19,974 - new_apply_order.py[line:370]: curp_rfc校验通过！
INFO - 2021-10-22 11:17:20,737 - new_apply_order.py[line:381]: 人脸识别成功!
INFO - 2021-10-22 11:17:21,356 - new_apply_order.py[line:568]: 绑卡成功！
INFO - 2021-10-22 11:17:21,523 - new_apply_order.py[line:612]: 进件成功！执行sql将订单改为风控中……
INFO - 2021-10-22 11:17:22,558 - new_apply_order.py[line:618]: 订单表更新1条，信审更新1条
INFO - 2021-10-22 11:17:22,911 - new_apply_order.py[line:632]: 查询loan_order_id成功！
INFO - 2021-10-22 11:17:22,948 - new_apply_order.py[line:647]: 订单回调复审通过成功！
INFO - 2021-10-22 11:17:23,735 - new_apply_order.py[line:669]: 获取token成功！token=bearer a56ac9bb-a697-45e0-a483-b91866a5fcec！
INFO - 2021-10-22 11:17:24,085 - new_apply_order.py[line:632]: 查询loan_order_id成功！
INFO - 2021-10-22 11:17:24,393 - new_apply_order.py[line:687]: 后台已触发放款成功！
INFO - 2021-10-22 11:17:24,405 - new_apply_order.py[line:701]: xxl_job web 登录成功！
INFO - 2021-10-22 11:17:24,417 - new_apply_order.py[line:717]: xxl_job 放款准备作业执行成功！
INFO - 2021-10-22 11:17:25,766 - new_apply_order.py[line:632]: 查询loan_order_id成功！
INFO - 2021-10-22 11:17:25,776 - new_apply_order.py[line:725]: 修改放款准备完成时间成功！
INFO - 2021-10-22 11:17:25,782 - new_apply_order.py[line:733]: xxl_job 放款完成作业执行成功！
INFO - 2021-10-22 11:17:26,129 - new_apply_order.py[line:632]: 查询loan_order_id成功！
INFO - 2021-10-22 11:17:26,445 - new_apply_order.py[line:905]: 校验重试查询第1次
ERROR - 2021-10-22 11:17:27,462 - new_apply_order.py[line:801]: 放款完成或准备失败,目前的订单状态是35
INFO - 2021-10-22 11:17:27,462 - new_apply_order.py[line:802]: {'app': 'borrowedpop', 'loan_order_id': '1451387152302477312', 'mobile': '1634872636', 'order_status': 35}
INFO - 2021-10-22 11:17:28,322 - new_apply_order.py[line:632]: 查询loan_order_id成功！
INFO - 2021-10-22 11:17:28,432 - new_apply_order.py[line:754]: 放款回调成功！
INFO - 2021-10-22 11:17:28,433 - new_apply_order.py[line:905]: 校验重试查询第2次
INFO - 2021-10-22 11:17:29,449 - new_apply_order.py[line:799]: 放款完成或准备成功,目前的订单状态是40
INFO - 2021-10-22 11:17:29,449 - new_apply_order.py[line:802]: {'app': 'borrowedpop', 'loan_order_id': '1451387152302477312', 'mobile': '1634872636', 'order_status': 40}
INFO - 2021-10-22 11:17:29,454 - new_apply_order.py[line:922]: ===========完成第【1】次进件===========
INFO - 2021-10-22 11:17:29,454 - new_apply_order.py[line:925]: ======完成第【1】次进件,耗时13.12s=====
INFO - 2021-10-22 11:17:29,457 - new_apply_order.py[line:882]: 开始第 goodloan【1】次进件……
INFO - 2021-10-22 11:17:29,529 - new_apply_order.py[line:60]: 删除redis key: "mx:cfs:user:userid:4964485394599387136"
INFO - 2021-10-22 11:17:29,641 - new_apply_order.py[line:75]: 更新脏数据0条
INFO - 2021-10-22 11:17:29,642 - new_apply_order.py[line:84]: ======【mx测试环境】生成手机号：1634872649 ======
INFO - 2021-10-22 11:17:29,989 - new_apply_order.py[line:97]: 1634872649 检测用户存在成功！
INFO - 2021-10-22 11:17:30,044 - new_apply_order.py[line:106]: 1634872649 短信发送成功！
INFO - 2021-10-22 11:17:30,087 - new_apply_order.py[line:119]: 1634872649 注册成功！
INFO - 2021-10-22 11:17:30,148 - new_apply_order.py[line:135]: 1634872649 登录短信发送成功！
INFO - 2021-10-22 11:17:30,196 - new_apply_order.py[line:145]: userId=4964485449527992320,mobile=1634872649,token=e2bda20b8d0d675057b21e969087d2ff 登录成功
INFO - 2021-10-22 11:17:30,292 - new_apply_order.py[line:212]: 个人信息提交成功！
INFO - 2021-10-22 11:17:30,735 - new_apply_order.py[line:255]: 创建预审订单成功！
INFO - 2021-10-22 11:17:30,755 - new_apply_order.py[line:263]: 预审状态修改为通过,更新条数 1
INFO - 2021-10-22 11:17:30,773 - new_apply_order.py[line:266]: 更新初始额度！更新条数 1
INFO - 2021-10-22 11:17:33,184 - new_apply_order.py[line:361]: curp上传成功!
INFO - 2021-10-22 11:17:33,299 - new_apply_order.py[line:370]: curp_rfc校验通过！
INFO - 2021-10-22 11:17:34,076 - new_apply_order.py[line:381]: 人脸识别成功!
INFO - 2021-10-22 11:17:34,667 - new_apply_order.py[line:568]: 绑卡成功！
INFO - 2021-10-22 11:17:34,858 - new_apply_order.py[line:612]: 进件成功！执行sql将订单改为风控中……
INFO - 2021-10-22 11:17:35,896 - new_apply_order.py[line:618]: 订单表更新1条，信审更新1条
INFO - 2021-10-22 11:17:36,263 - new_apply_order.py[line:632]: 查询loan_order_id成功！
INFO - 2021-10-22 11:17:36,305 - new_apply_order.py[line:647]: 订单回调复审通过成功！
INFO - 2021-10-22 11:17:37,110 - new_apply_order.py[line:669]: 获取token成功！token=bearer a56ac9bb-a697-45e0-a483-b91866a5fcec！
INFO - 2021-10-22 11:17:37,461 - new_apply_order.py[line:632]: 查询loan_order_id成功！
INFO - 2021-10-22 11:17:37,759 - new_apply_order.py[line:687]: 后台已触发放款成功！
INFO - 2021-10-22 11:17:37,771 - new_apply_order.py[line:701]: xxl_job web 登录成功！
INFO - 2021-10-22 11:17:37,780 - new_apply_order.py[line:717]: xxl_job 放款准备作业执行成功！
INFO - 2021-10-22 11:17:39,141 - new_apply_order.py[line:632]: 查询loan_order_id成功！
INFO - 2021-10-22 11:17:39,155 - new_apply_order.py[line:725]: 修改放款准备完成时间成功！
INFO - 2021-10-22 11:17:39,162 - new_apply_order.py[line:733]: xxl_job 放款完成作业执行成功！
INFO - 2021-10-22 11:17:39,519 - new_apply_order.py[line:632]: 查询loan_order_id成功！
INFO - 2021-10-22 11:17:39,832 - new_apply_order.py[line:905]: 校验重试查询第1次
ERROR - 2021-10-22 11:17:40,849 - new_apply_order.py[line:801]: 放款完成或准备失败,目前的订单状态是35
INFO - 2021-10-22 11:17:40,850 - new_apply_order.py[line:802]: {'app': 'goodloan', 'loan_order_id': '1451387207021367296', 'mobile': '1634872649', 'order_status': 35}
INFO - 2021-10-22 11:17:41,706 - new_apply_order.py[line:632]: 查询loan_order_id成功！
INFO - 2021-10-22 11:17:41,793 - new_apply_order.py[line:754]: 放款回调成功！
INFO - 2021-10-22 11:17:41,794 - new_apply_order.py[line:905]: 校验重试查询第2次
INFO - 2021-10-22 11:17:42,809 - new_apply_order.py[line:799]: 放款完成或准备成功,目前的订单状态是40
INFO - 2021-10-22 11:17:42,809 - new_apply_order.py[line:802]: {'app': 'goodloan', 'loan_order_id': '1451387207021367296', 'mobile': '1634872649', 'order_status': 40}
INFO - 2021-10-22 11:17:42,809 - new_apply_order.py[line:922]: ===========完成第【1】次进件===========
INFO - 2021-10-22 11:17:42,810 - new_apply_order.py[line:925]: ======完成第【1】次进件,耗时13.35s=====
INFO - 2021-10-22 11:17:42,812 - new_apply_order.py[line:882]: 开始第 Hola_efectivo【1】次进件……
INFO - 2021-10-22 11:17:42,893 - new_apply_order.py[line:60]: 删除redis key: "mx:cfs:user:userid:4964485449527992320"
INFO - 2021-10-22 11:17:42,992 - new_apply_order.py[line:75]: 更新脏数据0条
INFO - 2021-10-22 11:17:42,993 - new_apply_order.py[line:84]: ======【mx测试环境】生成手机号：1634872662 ======
INFO - 2021-10-22 11:17:43,341 - new_apply_order.py[line:97]: 1634872662 检测用户存在成功！
INFO - 2021-10-22 11:17:43,393 - new_apply_order.py[line:106]: 1634872662 短信发送成功！
INFO - 2021-10-22 11:17:43,434 - new_apply_order.py[line:119]: 1634872662 注册成功！
INFO - 2021-10-22 11:17:43,487 - new_apply_order.py[line:135]: 1634872662 登录短信发送成功！
INFO - 2021-10-22 11:17:43,546 - new_apply_order.py[line:145]: userId=4964485505517756416,mobile=1634872662,token=6febd7cca50246dde1a8c4493d225a43 登录成功
INFO - 2021-10-22 11:17:43,673 - new_apply_order.py[line:212]: 个人信息提交成功！
INFO - 2021-10-22 11:17:43,867 - new_apply_order.py[line:255]: 创建预审订单成功！
INFO - 2021-10-22 11:17:43,886 - new_apply_order.py[line:263]: 预审状态修改为通过,更新条数 1
INFO - 2021-10-22 11:17:43,901 - new_apply_order.py[line:266]: 更新初始额度！更新条数 1
INFO - 2021-10-22 11:17:46,213 - new_apply_order.py[line:361]: curp上传成功!
INFO - 2021-10-22 11:17:46,323 - new_apply_order.py[line:370]: curp_rfc校验通过！
INFO - 2021-10-22 11:17:47,068 - new_apply_order.py[line:381]: 人脸识别成功!
INFO - 2021-10-22 11:17:47,622 - new_apply_order.py[line:568]: 绑卡成功！
INFO - 2021-10-22 11:17:47,777 - new_apply_order.py[line:612]: 进件成功！执行sql将订单改为风控中……
INFO - 2021-10-22 11:17:48,807 - new_apply_order.py[line:618]: 订单表更新1条，信审更新1条
INFO - 2021-10-22 11:17:49,162 - new_apply_order.py[line:632]: 查询loan_order_id成功！
INFO - 2021-10-22 11:17:49,200 - new_apply_order.py[line:647]: 订单回调复审通过成功！
INFO - 2021-10-22 11:17:49,988 - new_apply_order.py[line:669]: 获取token成功！token=bearer a56ac9bb-a697-45e0-a483-b91866a5fcec！
INFO - 2021-10-22 11:17:50,342 - new_apply_order.py[line:632]: 查询loan_order_id成功！
INFO - 2021-10-22 11:17:50,653 - new_apply_order.py[line:687]: 后台已触发放款成功！
INFO - 2021-10-22 11:17:50,665 - new_apply_order.py[line:701]: xxl_job web 登录成功！
INFO - 2021-10-22 11:17:50,675 - new_apply_order.py[line:717]: xxl_job 放款准备作业执行成功！
INFO - 2021-10-22 11:17:52,037 - new_apply_order.py[line:632]: 查询loan_order_id成功！
INFO - 2021-10-22 11:17:52,051 - new_apply_order.py[line:725]: 修改放款准备完成时间成功！
INFO - 2021-10-22 11:17:52,057 - new_apply_order.py[line:733]: xxl_job 放款完成作业执行成功！
INFO - 2021-10-22 11:17:52,424 - new_apply_order.py[line:632]: 查询loan_order_id成功！
INFO - 2021-10-22 11:17:52,736 - new_apply_order.py[line:905]: 校验重试查询第1次
ERROR - 2021-10-22 11:17:53,751 - new_apply_order.py[line:801]: 放款完成或准备失败,目前的订单状态是35
INFO - 2021-10-22 11:17:53,751 - new_apply_order.py[line:802]: {'app': 'Hola_efectivo', 'loan_order_id': '1451387263136960512', 'mobile': '1634872662', 'order_status': 35}
INFO - 2021-10-22 11:17:54,610 - new_apply_order.py[line:632]: 查询loan_order_id成功！
INFO - 2021-10-22 11:17:54,621 - new_apply_order.py[line:905]: 校验重试查询第2次
ERROR - 2021-10-22 11:17:55,637 - new_apply_order.py[line:801]: 放款完成或准备失败,目前的订单状态是35
INFO - 2021-10-22 11:17:55,637 - new_apply_order.py[line:802]: {'app': 'Hola_efectivo', 'loan_order_id': '1451387263136960512', 'mobile': '1634872662', 'order_status': 35}
INFO - 2021-10-22 11:17:56,493 - new_apply_order.py[line:632]: 查询loan_order_id成功！
INFO - 2021-10-22 11:17:56,580 - new_apply_order.py[line:754]: 放款回调成功！
INFO - 2021-10-22 11:17:56,581 - new_apply_order.py[line:905]: 校验重试查询第3次
INFO - 2021-10-22 11:17:57,598 - new_apply_order.py[line:799]: 放款完成或准备成功,目前的订单状态是40
INFO - 2021-10-22 11:17:57,598 - new_apply_order.py[line:802]: {'app': 'Hola_efectivo', 'loan_order_id': '1451387263136960512', 'mobile': '1634872662', 'order_status': 40}
INFO - 2021-10-22 11:17:57,599 - new_apply_order.py[line:922]: ===========完成第【1】次进件===========
INFO - 2021-10-22 11:17:57,599 - new_apply_order.py[line:925]: ======完成第【1】次进件,耗时14.79s=====
INFO - 2021-10-22 11:17:57,607 - new_apply_order.py[line:882]: 开始第 borrowme【1】次进件……
INFO - 2021-10-22 11:17:57,609 - new_apply_order.py[line:84]: ======【nga测试环境】生成手机号：01634872677 ======
INFO - 2021-10-22 11:17:58,005 - new_apply_order.py[line:97]: 01634872677 检测用户存在成功！
INFO - 2021-10-22 11:17:58,114 - new_apply_order.py[line:106]: 01634872677 短信发送成功！
INFO - 2021-10-22 11:17:58,188 - new_apply_order.py[line:119]: 01634872677 注册成功！
INFO - 2021-10-22 11:17:58,267 - new_apply_order.py[line:135]: 01634872677 登录短信发送成功！
INFO - 2021-10-22 11:17:58,363 - new_apply_order.py[line:145]: userId=6222776767324102656,mobile=01634872677,token=abb124bcadae021ab003c98c710df278 登录成功
INFO - 2021-10-22 11:17:58,483 - new_apply_order.py[line:212]: 个人信息提交成功！
INFO - 2021-10-22 11:17:58,655 - new_apply_order.py[line:223]: 联系人信息提交成功！
INFO - 2021-10-22 11:17:59,090 - new_apply_order.py[line:255]: 创建预审订单成功！
INFO - 2021-10-22 11:17:59,106 - new_apply_order.py[line:263]: 预审状态修改为通过,更新条数 1
INFO - 2021-10-22 11:17:59,120 - new_apply_order.py[line:266]: 更新初始额度！更新条数 1
INFO - 2021-10-22 11:17:59,475 - new_apply_order.py[line:342]: 活体图片上传成功！回写配置文件global_param.mp4_url
INFO - 2021-10-22 11:17:59,559 - new_apply_order.py[line:352]: 视频认证通过！
INFO - 2021-10-22 11:18:00,945 - new_apply_order.py[line:510]: bvn和银行卡绑卡认证通过！
INFO - 2021-10-22 11:18:01,271 - new_apply_order.py[line:561]: user更新1条
INFO - 2021-10-22 11:18:01,754 - new_apply_order.py[line:612]: 进件成功！执行sql将订单改为风控中……
INFO - 2021-10-22 11:18:02,790 - new_apply_order.py[line:618]: 订单表更新1条，信审更新1条
INFO - 2021-10-22 11:18:03,164 - new_apply_order.py[line:632]: 查询loan_order_id成功！
INFO - 2021-10-22 11:18:03,205 - new_apply_order.py[line:647]: 订单回调复审通过成功！
INFO - 2021-10-22 11:18:03,982 - new_apply_order.py[line:669]: 获取token成功！token=bearer dad7a53e-564f-442a-af19-c3c24df4962c！
INFO - 2021-10-22 11:18:04,356 - new_apply_order.py[line:632]: 查询loan_order_id成功！
INFO - 2021-10-22 11:18:04,702 - new_apply_order.py[line:687]: 后台已触发放款成功！
INFO - 2021-10-22 11:18:04,714 - new_apply_order.py[line:701]: xxl_job web 登录成功！
INFO - 2021-10-22 11:18:04,726 - new_apply_order.py[line:717]: xxl_job 放款准备作业执行成功！
INFO - 2021-10-22 11:18:06,099 - new_apply_order.py[line:632]: 查询loan_order_id成功！
INFO - 2021-10-22 11:18:06,115 - new_apply_order.py[line:725]: 修改放款准备完成时间成功！
INFO - 2021-10-22 11:18:06,122 - new_apply_order.py[line:733]: xxl_job 放款完成作业执行成功！
INFO - 2021-10-22 11:18:06,429 - new_apply_order.py[line:905]: 校验重试查询第1次
ERROR - 2021-10-22 11:18:07,445 - new_apply_order.py[line:801]: 放款完成或准备失败,目前的订单状态是35
INFO - 2021-10-22 11:18:07,445 - new_apply_order.py[line:802]: {'app': 'borrowme', 'loan_order_id': '1451387326298066944', 'mobile': '01634872677', 'order_status': 35}
INFO - 2021-10-22 11:18:07,955 - new_apply_order.py[line:905]: 校验重试查询第2次
ERROR - 2021-10-22 11:18:08,971 - new_apply_order.py[line:801]: 放款完成或准备失败,目前的订单状态是35
INFO - 2021-10-22 11:18:08,972 - new_apply_order.py[line:802]: {'app': 'borrowme', 'loan_order_id': '1451387326298066944', 'mobile': '01634872677', 'order_status': 35}
INFO - 2021-10-22 11:18:09,481 - new_apply_order.py[line:905]: 校验重试查询第3次
INFO - 2021-10-22 11:18:10,496 - new_apply_order.py[line:799]: 放款完成或准备成功,目前的订单状态是40
INFO - 2021-10-22 11:18:10,496 - new_apply_order.py[line:802]: {'app': 'borrowme', 'loan_order_id': '1451387326298066944', 'mobile': '01634872677', 'order_status': 40}
INFO - 2021-10-22 11:18:10,497 - new_apply_order.py[line:922]: ===========完成第【1】次进件===========
INFO - 2021-10-22 11:18:10,497 - new_apply_order.py[line:925]: ======完成第【1】次进件,耗时12.89s=====
INFO - 2021-10-22 11:18:10,502 - new_apply_order.py[line:882]: 开始第 quickcash【1】次进件……
INFO - 2021-10-22 11:18:10,503 - new_apply_order.py[line:84]: ======【nga测试环境】生成手机号：01634872690 ======
INFO - 2021-10-22 11:18:10,885 - new_apply_order.py[line:97]: 01634872690 检测用户存在成功！
INFO - 2021-10-22 11:18:10,945 - new_apply_order.py[line:106]: 01634872690 短信发送成功！
INFO - 2021-10-22 11:18:11,005 - new_apply_order.py[line:119]: 01634872690 注册成功！
INFO - 2021-10-22 11:18:11,075 - new_apply_order.py[line:135]: 01634872690 登录短信发送成功！
INFO - 2021-10-22 11:18:11,169 - new_apply_order.py[line:145]: userId=6222776821099274240,mobile=01634872690,token=bc134952fc33da3877192f50aa892440 登录成功
INFO - 2021-10-22 11:18:11,276 - new_apply_order.py[line:212]: 个人信息提交成功！
INFO - 2021-10-22 11:18:11,367 - new_apply_order.py[line:223]: 联系人信息提交成功！
INFO - 2021-10-22 11:18:11,693 - new_apply_order.py[line:255]: 创建预审订单成功！
INFO - 2021-10-22 11:18:11,716 - new_apply_order.py[line:263]: 预审状态修改为通过,更新条数 1
INFO - 2021-10-22 11:18:11,734 - new_apply_order.py[line:266]: 更新初始额度！更新条数 1
INFO - 2021-10-22 11:18:12,050 - new_apply_order.py[line:342]: 活体图片上传成功！回写配置文件global_param.mp4_url
INFO - 2021-10-22 11:18:12,101 - new_apply_order.py[line:352]: 视频认证通过！
INFO - 2021-10-22 11:18:13,193 - new_apply_order.py[line:510]: bvn和银行卡绑卡认证通过！
INFO - 2021-10-22 11:18:13,511 - new_apply_order.py[line:561]: user更新1条
INFO - 2021-10-22 11:18:13,791 - new_apply_order.py[line:612]: 进件成功！执行sql将订单改为风控中……
INFO - 2021-10-22 11:18:14,827 - new_apply_order.py[line:618]: 订单表更新1条，信审更新1条
INFO - 2021-10-22 11:18:15,237 - new_apply_order.py[line:632]: 查询loan_order_id成功！
INFO - 2021-10-22 11:18:15,286 - new_apply_order.py[line:647]: 订单回调复审通过成功！
INFO - 2021-10-22 11:18:16,083 - new_apply_order.py[line:669]: 获取token成功！token=bearer dad7a53e-564f-442a-af19-c3c24df4962c！
INFO - 2021-10-22 11:18:16,446 - new_apply_order.py[line:632]: 查询loan_order_id成功！
INFO - 2021-10-22 11:18:16,770 - new_apply_order.py[line:687]: 后台已触发放款成功！
INFO - 2021-10-22 11:18:16,783 - new_apply_order.py[line:701]: xxl_job web 登录成功！
INFO - 2021-10-22 11:18:16,794 - new_apply_order.py[line:717]: xxl_job 放款准备作业执行成功！
INFO - 2021-10-22 11:18:18,182 - new_apply_order.py[line:632]: 查询loan_order_id成功！
INFO - 2021-10-22 11:18:18,200 - new_apply_order.py[line:725]: 修改放款准备完成时间成功！
INFO - 2021-10-22 11:18:18,207 - new_apply_order.py[line:733]: xxl_job 放款完成作业执行成功！
INFO - 2021-10-22 11:18:18,516 - new_apply_order.py[line:905]: 校验重试查询第1次
ERROR - 2021-10-22 11:18:19,533 - new_apply_order.py[line:801]: 放款完成或准备失败,目前的订单状态是35
INFO - 2021-10-22 11:18:19,533 - new_apply_order.py[line:802]: {'app': 'quickcash', 'loan_order_id': '1451387379423121408', 'mobile': '01634872690', 'order_status': 35}
INFO - 2021-10-22 11:18:20,040 - new_apply_order.py[line:905]: 校验重试查询第2次
INFO - 2021-10-22 11:18:21,050 - new_apply_order.py[line:799]: 放款完成或准备成功,目前的订单状态是40
INFO - 2021-10-22 11:18:21,050 - new_apply_order.py[line:802]: {'app': 'quickcash', 'loan_order_id': '1451387379423121408', 'mobile': '01634872690', 'order_status': 40}
INFO - 2021-10-22 11:18:21,051 - new_apply_order.py[line:922]: ===========完成第【1】次进件===========
INFO - 2021-10-22 11:18:21,051 - new_apply_order.py[line:925]: ======完成第【1】次进件,耗时10.55s=====
INFO - 2021-10-22 11:18:21,053 - new_apply_order.py[line:882]: 开始第 borrowme【1】次进件……
INFO - 2021-10-22 11:18:21,054 - new_apply_order.py[line:84]: ======【nga测试环境】生成手机号：01634872701 ======
INFO - 2021-10-22 11:18:21,414 - new_apply_order.py[line:97]: 01634872701 检测用户存在成功！
INFO - 2021-10-22 11:18:21,462 - new_apply_order.py[line:106]: 01634872701 短信发送成功！
INFO - 2021-10-22 11:18:21,513 - new_apply_order.py[line:119]: 01634872701 注册成功！
INFO - 2021-10-22 11:18:21,584 - new_apply_order.py[line:135]: 01634872701 登录短信发送成功！
INFO - 2021-10-22 11:18:21,655 - new_apply_order.py[line:145]: userId=6222776865193992192,mobile=01634872701,token=97922e4124a4ffdb691ec6c9d698d06f 登录成功
INFO - 2021-10-22 11:18:21,780 - new_apply_order.py[line:212]: 个人信息提交成功！
INFO - 2021-10-22 11:18:21,869 - new_apply_order.py[line:223]: 联系人信息提交成功！
INFO - 2021-10-22 11:18:22,158 - new_apply_order.py[line:255]: 创建预审订单成功！
INFO - 2021-10-22 11:18:22,176 - new_apply_order.py[line:263]: 预审状态修改为通过,更新条数 1
INFO - 2021-10-22 11:18:22,190 - new_apply_order.py[line:266]: 更新初始额度！更新条数 1
INFO - 2021-10-22 11:18:22,461 - new_apply_order.py[line:342]: 活体图片上传成功！回写配置文件global_param.mp4_url
INFO - 2021-10-22 11:18:22,506 - new_apply_order.py[line:352]: 视频认证通过！
INFO - 2021-10-22 11:18:23,543 - new_apply_order.py[line:510]: bvn和银行卡绑卡认证通过！
INFO - 2021-10-22 11:18:23,862 - new_apply_order.py[line:561]: user更新1条
INFO - 2021-10-22 11:18:24,114 - new_apply_order.py[line:612]: 进件成功！执行sql将订单改为风控中……
INFO - 2021-10-22 11:18:25,147 - new_apply_order.py[line:618]: 订单表更新1条，信审更新1条
INFO - 2021-10-22 11:18:25,513 - new_apply_order.py[line:632]: 查询loan_order_id成功！
INFO - 2021-10-22 11:18:25,557 - new_apply_order.py[line:647]: 订单回调复审通过成功！
INFO - 2021-10-22 11:18:26,383 - new_apply_order.py[line:669]: 获取token成功！token=bearer dad7a53e-564f-442a-af19-c3c24df4962c！
INFO - 2021-10-22 11:18:26,751 - new_apply_order.py[line:632]: 查询loan_order_id成功！
INFO - 2021-10-22 11:18:27,076 - new_apply_order.py[line:687]: 后台已触发放款成功！
INFO - 2021-10-22 11:18:27,090 - new_apply_order.py[line:701]: xxl_job web 登录成功！
INFO - 2021-10-22 11:18:27,102 - new_apply_order.py[line:717]: xxl_job 放款准备作业执行成功！
INFO - 2021-10-22 11:18:28,473 - new_apply_order.py[line:632]: 查询loan_order_id成功！
INFO - 2021-10-22 11:18:28,490 - new_apply_order.py[line:725]: 修改放款准备完成时间成功！
INFO - 2021-10-22 11:18:28,497 - new_apply_order.py[line:733]: xxl_job 放款完成作业执行成功！
INFO - 2021-10-22 11:18:28,806 - new_apply_order.py[line:905]: 校验重试查询第1次
ERROR - 2021-10-22 11:18:29,825 - new_apply_order.py[line:801]: 放款完成或准备失败,目前的订单状态是35
INFO - 2021-10-22 11:18:29,825 - new_apply_order.py[line:802]: {'app': 'borrowme', 'loan_order_id': '1451387423371038720', 'mobile': '01634872701', 'order_status': 35}
INFO - 2021-10-22 11:18:30,334 - new_apply_order.py[line:905]: 校验重试查询第2次
INFO - 2021-10-22 11:18:31,352 - new_apply_order.py[line:799]: 放款完成或准备成功,目前的订单状态是40
INFO - 2021-10-22 11:18:31,353 - new_apply_order.py[line:802]: {'app': 'borrowme', 'loan_order_id': '1451387423371038720', 'mobile': '01634872701', 'order_status': 40}
INFO - 2021-10-22 11:18:31,354 - new_apply_order.py[line:922]: ===========完成第【1】次进件===========
INFO - 2021-10-22 11:18:31,354 - new_apply_order.py[line:925]: ======完成第【1】次进件,耗时10.30s=====
INFO - 2021-10-22 11:18:31,358 - new_apply_order.py[line:882]: 开始第 moremoney【1】次进件……
INFO - 2021-10-22 11:18:31,359 - new_apply_order.py[line:84]: ======【nga测试环境】生成手机号：01634872711 ======
INFO - 2021-10-22 11:18:31,720 - new_apply_order.py[line:97]: 01634872711 检测用户存在成功！
INFO - 2021-10-22 11:18:31,768 - new_apply_order.py[line:106]: 01634872711 短信发送成功！
INFO - 2021-10-22 11:18:31,823 - new_apply_order.py[line:119]: 01634872711 注册成功！
INFO - 2021-10-22 11:18:31,883 - new_apply_order.py[line:135]: 01634872711 登录短信发送成功！
INFO - 2021-10-22 11:18:31,955 - new_apply_order.py[line:145]: userId=6222776908424683520,mobile=01634872711,token=fe51aa29d78e5f5d08aea52abd0683cf 登录成功
INFO - 2021-10-22 11:18:32,056 - new_apply_order.py[line:212]: 个人信息提交成功！
INFO - 2021-10-22 11:18:32,136 - new_apply_order.py[line:223]: 联系人信息提交成功！
INFO - 2021-10-22 11:18:32,370 - new_apply_order.py[line:255]: 创建预审订单成功！
INFO - 2021-10-22 11:18:32,387 - new_apply_order.py[line:263]: 预审状态修改为通过,更新条数 1
INFO - 2021-10-22 11:18:32,401 - new_apply_order.py[line:266]: 更新初始额度！更新条数 1
INFO - 2021-10-22 11:18:32,700 - new_apply_order.py[line:342]: 活体图片上传成功！回写配置文件global_param.mp4_url
INFO - 2021-10-22 11:18:32,751 - new_apply_order.py[line:352]: 视频认证通过！
INFO - 2021-10-22 11:18:33,885 - new_apply_order.py[line:510]: bvn和银行卡绑卡认证通过！
INFO - 2021-10-22 11:18:34,207 - new_apply_order.py[line:561]: user更新1条
INFO - 2021-10-22 11:18:34,461 - new_apply_order.py[line:612]: 进件成功！执行sql将订单改为风控中……
INFO - 2021-10-22 11:18:35,502 - new_apply_order.py[line:618]: 订单表更新1条，信审更新1条
INFO - 2021-10-22 11:18:35,879 - new_apply_order.py[line:632]: 查询loan_order_id成功！
INFO - 2021-10-22 11:18:35,944 - new_apply_order.py[line:647]: 订单回调复审通过成功！
INFO - 2021-10-22 11:18:36,717 - new_apply_order.py[line:669]: 获取token成功！token=bearer dad7a53e-564f-442a-af19-c3c24df4962c！
INFO - 2021-10-22 11:18:37,089 - new_apply_order.py[line:632]: 查询loan_order_id成功！
INFO - 2021-10-22 11:18:37,372 - new_apply_order.py[line:687]: 后台已触发放款成功！
INFO - 2021-10-22 11:18:37,385 - new_apply_order.py[line:701]: xxl_job web 登录成功！
INFO - 2021-10-22 11:18:37,397 - new_apply_order.py[line:717]: xxl_job 放款准备作业执行成功！
INFO - 2021-10-22 11:18:38,773 - new_apply_order.py[line:632]: 查询loan_order_id成功！
INFO - 2021-10-22 11:18:38,786 - new_apply_order.py[line:725]: 修改放款准备完成时间成功！
INFO - 2021-10-22 11:18:38,791 - new_apply_order.py[line:733]: xxl_job 放款完成作业执行成功！
INFO - 2021-10-22 11:18:39,097 - new_apply_order.py[line:905]: 校验重试查询第1次
ERROR - 2021-10-22 11:18:40,114 - new_apply_order.py[line:801]: 放款完成或准备失败,目前的订单状态是35
INFO - 2021-10-22 11:18:40,115 - new_apply_order.py[line:802]: {'app': 'moremoney', 'loan_order_id': '1451387466400403456', 'mobile': '01634872711', 'order_status': 35}
INFO - 2021-10-22 11:18:40,626 - new_apply_order.py[line:905]: 校验重试查询第2次
INFO - 2021-10-22 11:18:41,641 - new_apply_order.py[line:799]: 放款完成或准备成功,目前的订单状态是40
INFO - 2021-10-22 11:18:41,642 - new_apply_order.py[line:802]: {'app': 'moremoney', 'loan_order_id': '1451387466400403456', 'mobile': '01634872711', 'order_status': 40}
INFO - 2021-10-22 11:18:41,644 - new_apply_order.py[line:922]: ===========完成第【1】次进件===========
INFO - 2021-10-22 11:18:41,644 - new_apply_order.py[line:925]: ======完成第【1】次进件,耗时10.29s=====
INFO - 2021-10-22 11:18:41,650 - new_apply_order.py[line:882]: 开始第 creditnaira【1】次进件……
INFO - 2021-10-22 11:18:41,651 - new_apply_order.py[line:84]: ======【nga测试环境】生成手机号：01634872721 ======
INFO - 2021-10-22 11:18:42,035 - new_apply_order.py[line:97]: 01634872721 检测用户存在成功！
INFO - 2021-10-22 11:18:42,087 - new_apply_order.py[line:106]: 01634872721 短信发送成功！
INFO - 2021-10-22 11:18:42,138 - new_apply_order.py[line:119]: 01634872721 注册成功！
INFO - 2021-10-22 11:18:42,203 - new_apply_order.py[line:135]: 01634872721 登录短信发送成功！
INFO - 2021-10-22 11:18:42,262 - new_apply_order.py[line:145]: userId=6222776951697317888,mobile=01634872721,token=a89d43563267a87c074fb9f5ab735c7d 登录成功
INFO - 2021-10-22 11:18:42,351 - new_apply_order.py[line:212]: 个人信息提交成功！
INFO - 2021-10-22 11:18:42,439 - new_apply_order.py[line:223]: 联系人信息提交成功！
INFO - 2021-10-22 11:18:42,738 - new_apply_order.py[line:255]: 创建预审订单成功！
INFO - 2021-10-22 11:18:42,754 - new_apply_order.py[line:263]: 预审状态修改为通过,更新条数 1
INFO - 2021-10-22 11:18:42,769 - new_apply_order.py[line:266]: 更新初始额度！更新条数 1
INFO - 2021-10-22 11:18:43,069 - new_apply_order.py[line:342]: 活体图片上传成功！回写配置文件global_param.mp4_url
INFO - 2021-10-22 11:18:43,116 - new_apply_order.py[line:352]: 视频认证通过！
INFO - 2021-10-22 11:18:44,161 - new_apply_order.py[line:510]: bvn和银行卡绑卡认证通过！
INFO - 2021-10-22 11:18:44,472 - new_apply_order.py[line:561]: user更新1条
INFO - 2021-10-22 11:18:44,713 - new_apply_order.py[line:612]: 进件成功！执行sql将订单改为风控中……
INFO - 2021-10-22 11:18:45,748 - new_apply_order.py[line:618]: 订单表更新1条，信审更新1条
INFO - 2021-10-22 11:18:46,131 - new_apply_order.py[line:632]: 查询loan_order_id成功！
INFO - 2021-10-22 11:18:46,172 - new_apply_order.py[line:647]: 订单回调复审通过成功！
INFO - 2021-10-22 11:18:46,961 - new_apply_order.py[line:669]: 获取token成功！token=bearer dad7a53e-564f-442a-af19-c3c24df4962c！
INFO - 2021-10-22 11:18:47,319 - new_apply_order.py[line:632]: 查询loan_order_id成功！
INFO - 2021-10-22 11:18:47,646 - new_apply_order.py[line:687]: 后台已触发放款成功！
INFO - 2021-10-22 11:18:47,658 - new_apply_order.py[line:701]: xxl_job web 登录成功！
INFO - 2021-10-22 11:18:47,670 - new_apply_order.py[line:717]: xxl_job 放款准备作业执行成功！
INFO - 2021-10-22 11:18:49,037 - new_apply_order.py[line:632]: 查询loan_order_id成功！
INFO - 2021-10-22 11:18:49,050 - new_apply_order.py[line:725]: 修改放款准备完成时间成功！
INFO - 2021-10-22 11:18:49,055 - new_apply_order.py[line:733]: xxl_job 放款完成作业执行成功！
INFO - 2021-10-22 11:18:49,362 - new_apply_order.py[line:905]: 校验重试查询第1次
ERROR - 2021-10-22 11:18:50,377 - new_apply_order.py[line:801]: 放款完成或准备失败,目前的订单状态是35
INFO - 2021-10-22 11:18:50,377 - new_apply_order.py[line:802]: {'app': 'creditnaira', 'loan_order_id': '1451387509622706176', 'mobile': '01634872721', 'order_status': 35}
INFO - 2021-10-22 11:18:50,886 - new_apply_order.py[line:905]: 校验重试查询第2次
INFO - 2021-10-22 11:18:51,904 - new_apply_order.py[line:799]: 放款完成或准备成功,目前的订单状态是40
INFO - 2021-10-22 11:18:51,905 - new_apply_order.py[line:802]: {'app': 'creditnaira', 'loan_order_id': '1451387509622706176', 'mobile': '01634872721', 'order_status': 40}
INFO - 2021-10-22 11:18:51,906 - new_apply_order.py[line:922]: ===========完成第【1】次进件===========
INFO - 2021-10-22 11:18:51,906 - new_apply_order.py[line:925]: ======完成第【1】次进件,耗时10.26s=====
INFO - 2021-10-22 11:18:51,911 - new_apply_order.py[line:882]: 开始第 inaira【1】次进件……
INFO - 2021-10-22 11:18:51,913 - new_apply_order.py[line:84]: ======【nga测试环境】生成手机号：01634872731 ======
INFO - 2021-10-22 11:18:52,270 - new_apply_order.py[line:97]: 01634872731 检测用户存在成功！
INFO - 2021-10-22 11:18:52,327 - new_apply_order.py[line:106]: 01634872731 短信发送成功！
INFO - 2021-10-22 11:18:52,382 - new_apply_order.py[line:119]: 01634872731 注册成功！
INFO - 2021-10-22 11:18:52,445 - new_apply_order.py[line:135]: 01634872731 登录短信发送成功！
INFO - 2021-10-22 11:18:52,505 - new_apply_order.py[line:145]: userId=6222776994659573760,mobile=01634872731,token=150d96cbdc5e270e14d635c53bc64302 登录成功
INFO - 2021-10-22 11:18:52,587 - new_apply_order.py[line:212]: 个人信息提交成功！
INFO - 2021-10-22 11:18:52,658 - new_apply_order.py[line:223]: 联系人信息提交成功！
INFO - 2021-10-22 11:18:52,907 - new_apply_order.py[line:255]: 创建预审订单成功！
INFO - 2021-10-22 11:18:52,928 - new_apply_order.py[line:263]: 预审状态修改为通过,更新条数 1
INFO - 2021-10-22 11:18:52,943 - new_apply_order.py[line:266]: 更新初始额度！更新条数 1
INFO - 2021-10-22 11:18:53,208 - new_apply_order.py[line:342]: 活体图片上传成功！回写配置文件global_param.mp4_url
INFO - 2021-10-22 11:18:53,258 - new_apply_order.py[line:352]: 视频认证通过！
INFO - 2021-10-22 11:18:54,299 - new_apply_order.py[line:510]: bvn和银行卡绑卡认证通过！
INFO - 2021-10-22 11:18:54,620 - new_apply_order.py[line:561]: user更新1条
INFO - 2021-10-22 11:18:54,928 - new_apply_order.py[line:612]: 进件成功！执行sql将订单改为风控中……
INFO - 2021-10-22 11:18:55,962 - new_apply_order.py[line:618]: 订单表更新1条，信审更新1条
INFO - 2021-10-22 11:18:56,349 - new_apply_order.py[line:632]: 查询loan_order_id成功！
INFO - 2021-10-22 11:18:56,386 - new_apply_order.py[line:647]: 订单回调复审通过成功！
INFO - 2021-10-22 11:18:57,186 - new_apply_order.py[line:669]: 获取token成功！token=bearer dad7a53e-564f-442a-af19-c3c24df4962c！
INFO - 2021-10-22 11:18:57,550 - new_apply_order.py[line:632]: 查询loan_order_id成功！
INFO - 2021-10-22 11:18:57,915 - new_apply_order.py[line:687]: 后台已触发放款成功！
INFO - 2021-10-22 11:18:57,927 - new_apply_order.py[line:701]: xxl_job web 登录成功！
INFO - 2021-10-22 11:18:57,939 - new_apply_order.py[line:717]: xxl_job 放款准备作业执行成功！
INFO - 2021-10-22 11:18:59,300 - new_apply_order.py[line:632]: 查询loan_order_id成功！
INFO - 2021-10-22 11:18:59,320 - new_apply_order.py[line:725]: 修改放款准备完成时间成功！
INFO - 2021-10-22 11:18:59,328 - new_apply_order.py[line:733]: xxl_job 放款完成作业执行成功！
INFO - 2021-10-22 11:18:59,633 - new_apply_order.py[line:905]: 校验重试查询第1次
ERROR - 2021-10-22 11:19:00,648 - new_apply_order.py[line:801]: 放款完成或准备失败,目前的订单状态是35
INFO - 2021-10-22 11:19:00,649 - new_apply_order.py[line:802]: {'app': 'inaira', 'loan_order_id': '1451387552454938624', 'mobile': '01634872731', 'order_status': 35}
INFO - 2021-10-22 11:19:01,157 - new_apply_order.py[line:905]: 校验重试查询第2次
INFO - 2021-10-22 11:19:02,176 - new_apply_order.py[line:799]: 放款完成或准备成功,目前的订单状态是40
INFO - 2021-10-22 11:19:02,177 - new_apply_order.py[line:802]: {'app': 'inaira', 'loan_order_id': '1451387552454938624', 'mobile': '01634872731', 'order_status': 40}
INFO - 2021-10-22 11:19:02,177 - new_apply_order.py[line:922]: ===========完成第【1】次进件===========
INFO - 2021-10-22 11:19:02,178 - new_apply_order.py[line:925]: ======完成第【1】次进件,耗时10.27s=====
INFO - 2021-10-22 11:19:02,182 - new_apply_order.py[line:882]: 开始第 runcash【1】次进件……
INFO - 2021-10-22 11:19:02,183 - new_apply_order.py[line:84]: ======【nga测试环境】生成手机号：01634872742 ======
INFO - 2021-10-22 11:19:02,543 - new_apply_order.py[line:97]: 01634872742 检测用户存在成功！
INFO - 2021-10-22 11:19:02,592 - new_apply_order.py[line:106]: 01634872742 短信发送成功！
INFO - 2021-10-22 11:19:02,640 - new_apply_order.py[line:119]: 01634872742 注册成功！
INFO - 2021-10-22 11:19:02,706 - new_apply_order.py[line:135]: 01634872742 登录短信发送成功！
INFO - 2021-10-22 11:19:02,764 - new_apply_order.py[line:145]: userId=6222777037684744192,mobile=01634872742,token=c9c88b11ead096d72c8b7e545ac40059 登录成功
INFO - 2021-10-22 11:19:02,846 - new_apply_order.py[line:212]: 个人信息提交成功！
INFO - 2021-10-22 11:19:02,910 - new_apply_order.py[line:223]: 联系人信息提交成功！
INFO - 2021-10-22 11:19:03,122 - new_apply_order.py[line:255]: 创建预审订单成功！
INFO - 2021-10-22 11:19:03,143 - new_apply_order.py[line:263]: 预审状态修改为通过,更新条数 1
INFO - 2021-10-22 11:19:03,161 - new_apply_order.py[line:266]: 更新初始额度！更新条数 1
INFO - 2021-10-22 11:19:03,442 - new_apply_order.py[line:342]: 活体图片上传成功！回写配置文件global_param.mp4_url
INFO - 2021-10-22 11:19:03,486 - new_apply_order.py[line:352]: 视频认证通过！
INFO - 2021-10-22 11:19:04,509 - new_apply_order.py[line:510]: bvn和银行卡绑卡认证通过！
INFO - 2021-10-22 11:19:04,825 - new_apply_order.py[line:561]: user更新1条
INFO - 2021-10-22 11:19:05,047 - new_apply_order.py[line:612]: 进件成功！执行sql将订单改为风控中……
INFO - 2021-10-22 11:19:06,094 - new_apply_order.py[line:618]: 订单表更新1条，信审更新1条
INFO - 2021-10-22 11:19:06,457 - new_apply_order.py[line:632]: 查询loan_order_id成功！
INFO - 2021-10-22 11:19:06,496 - new_apply_order.py[line:647]: 订单回调复审通过成功！
INFO - 2021-10-22 11:19:07,255 - new_apply_order.py[line:669]: 获取token成功！token=bearer dad7a53e-564f-442a-af19-c3c24df4962c！
INFO - 2021-10-22 11:19:07,611 - new_apply_order.py[line:632]: 查询loan_order_id成功！
INFO - 2021-10-22 11:19:07,914 - new_apply_order.py[line:687]: 后台已触发放款成功！
INFO - 2021-10-22 11:19:07,926 - new_apply_order.py[line:701]: xxl_job web 登录成功！
INFO - 2021-10-22 11:19:07,938 - new_apply_order.py[line:717]: xxl_job 放款准备作业执行成功！
INFO - 2021-10-22 11:19:09,315 - new_apply_order.py[line:632]: 查询loan_order_id成功！
INFO - 2021-10-22 11:19:09,336 - new_apply_order.py[line:725]: 修改放款准备完成时间成功！
INFO - 2021-10-22 11:19:09,344 - new_apply_order.py[line:733]: xxl_job 放款完成作业执行成功！
INFO - 2021-10-22 11:19:09,652 - new_apply_order.py[line:905]: 校验重试查询第1次
ERROR - 2021-10-22 11:19:10,671 - new_apply_order.py[line:801]: 放款完成或准备失败,目前的订单状态是35
INFO - 2021-10-22 11:19:10,671 - new_apply_order.py[line:802]: {'app': 'runcash', 'loan_order_id': '1451387595454943232', 'mobile': '01634872742', 'order_status': 35}
INFO - 2021-10-22 11:19:11,181 - new_apply_order.py[line:905]: 校验重试查询第2次
INFO - 2021-10-22 11:19:12,200 - new_apply_order.py[line:799]: 放款完成或准备成功,目前的订单状态是40
INFO - 2021-10-22 11:19:12,200 - new_apply_order.py[line:802]: {'app': 'runcash', 'loan_order_id': '1451387595454943232', 'mobile': '01634872742', 'order_status': 40}
INFO - 2021-10-22 11:19:12,201 - new_apply_order.py[line:922]: ===========完成第【1】次进件===========
INFO - 2021-10-22 11:19:12,201 - new_apply_order.py[line:925]: ======完成第【1】次进件,耗时10.02s=====
INFO - 2021-10-22 11:19:12,205 - new_apply_order.py[line:882]: 开始第 formoney【1】次进件……
INFO - 2021-10-22 11:19:12,206 - new_apply_order.py[line:84]: ======【nga测试环境】生成手机号：01634872752 ======
INFO - 2021-10-22 11:19:12,568 - new_apply_order.py[line:97]: 01634872752 检测用户存在成功！
INFO - 2021-10-22 11:19:12,619 - new_apply_order.py[line:106]: 01634872752 短信发送成功！
INFO - 2021-10-22 11:19:12,669 - new_apply_order.py[line:119]: 01634872752 注册成功！
INFO - 2021-10-22 11:19:12,730 - new_apply_order.py[line:135]: 01634872752 登录短信发送成功！
INFO - 2021-10-22 11:19:12,795 - new_apply_order.py[line:145]: userId=6222777079749419008,mobile=01634872752,token=f3a597126c6af8526367ff9edabaf450 登录成功
INFO - 2021-10-22 11:19:12,890 - new_apply_order.py[line:212]: 个人信息提交成功！
INFO - 2021-10-22 11:19:12,996 - new_apply_order.py[line:223]: 联系人信息提交成功！
INFO - 2021-10-22 11:19:13,274 - new_apply_order.py[line:255]: 创建预审订单成功！
INFO - 2021-10-22 11:19:13,294 - new_apply_order.py[line:263]: 预审状态修改为通过,更新条数 1
INFO - 2021-10-22 11:19:13,312 - new_apply_order.py[line:266]: 更新初始额度！更新条数 1
INFO - 2021-10-22 11:19:13,594 - new_apply_order.py[line:342]: 活体图片上传成功！回写配置文件global_param.mp4_url
INFO - 2021-10-22 11:19:13,637 - new_apply_order.py[line:352]: 视频认证通过！
INFO - 2021-10-22 11:19:14,618 - new_apply_order.py[line:510]: bvn和银行卡绑卡认证通过！
INFO - 2021-10-22 11:19:14,939 - new_apply_order.py[line:561]: user更新1条
INFO - 2021-10-22 11:19:15,179 - new_apply_order.py[line:612]: 进件成功！执行sql将订单改为风控中……
INFO - 2021-10-22 11:19:16,217 - new_apply_order.py[line:618]: 订单表更新1条，信审更新1条
INFO - 2021-10-22 11:19:16,577 - new_apply_order.py[line:632]: 查询loan_order_id成功！
INFO - 2021-10-22 11:19:16,619 - new_apply_order.py[line:647]: 订单回调复审通过成功！
INFO - 2021-10-22 11:19:17,383 - new_apply_order.py[line:669]: 获取token成功！token=bearer dad7a53e-564f-442a-af19-c3c24df4962c！
INFO - 2021-10-22 11:19:17,736 - new_apply_order.py[line:632]: 查询loan_order_id成功！
INFO - 2021-10-22 11:19:18,051 - new_apply_order.py[line:687]: 后台已触发放款成功！
INFO - 2021-10-22 11:19:18,064 - new_apply_order.py[line:701]: xxl_job web 登录成功！
INFO - 2021-10-22 11:19:18,076 - new_apply_order.py[line:717]: xxl_job 放款准备作业执行成功！
INFO - 2021-10-22 11:19:19,435 - new_apply_order.py[line:632]: 查询loan_order_id成功！
INFO - 2021-10-22 11:19:19,453 - new_apply_order.py[line:725]: 修改放款准备完成时间成功！
INFO - 2021-10-22 11:19:19,462 - new_apply_order.py[line:733]: xxl_job 放款完成作业执行成功！
INFO - 2021-10-22 11:19:19,772 - new_apply_order.py[line:905]: 校验重试查询第1次
ERROR - 2021-10-22 11:19:20,787 - new_apply_order.py[line:801]: 放款完成或准备失败,目前的订单状态是35
INFO - 2021-10-22 11:19:20,787 - new_apply_order.py[line:802]: {'app': 'formoney', 'loan_order_id': '1451387637829996544', 'mobile': '01634872752', 'order_status': 35}
INFO - 2021-10-22 11:19:21,298 - new_apply_order.py[line:905]: 校验重试查询第2次
INFO - 2021-10-22 11:19:22,316 - new_apply_order.py[line:799]: 放款完成或准备成功,目前的订单状态是40
INFO - 2021-10-22 11:19:22,317 - new_apply_order.py[line:802]: {'app': 'formoney', 'loan_order_id': '1451387637829996544', 'mobile': '01634872752', 'order_status': 40}
INFO - 2021-10-22 11:19:22,317 - new_apply_order.py[line:922]: ===========完成第【1】次进件===========
INFO - 2021-10-22 11:19:22,317 - new_apply_order.py[line:925]: ======完成第【1】次进件,耗时10.11s=====
INFO - 2021-10-22 11:19:22,322 - new_apply_order.py[line:882]: 开始第 Gotocash【1】次进件……
INFO - 2021-10-22 11:19:22,323 - new_apply_order.py[line:84]: ======【nga测试环境】生成手机号：01634872762 ======
INFO - 2021-10-22 11:19:22,684 - new_apply_order.py[line:97]: 01634872762 检测用户存在成功！
INFO - 2021-10-22 11:19:22,739 - new_apply_order.py[line:106]: 01634872762 短信发送成功！
INFO - 2021-10-22 11:19:22,792 - new_apply_order.py[line:119]: 01634872762 注册成功！
INFO - 2021-10-22 11:19:22,861 - new_apply_order.py[line:135]: 01634872762 登录短信发送成功！
INFO - 2021-10-22 11:19:22,923 - new_apply_order.py[line:145]: userId=6222777122204164096,mobile=01634872762,token=91e54ab7a8db80ae73c6fbfd0f197721 登录成功
INFO - 2021-10-22 11:19:23,010 - new_apply_order.py[line:212]: 个人信息提交成功！
INFO - 2021-10-22 11:19:23,082 - new_apply_order.py[line:223]: 联系人信息提交成功！
INFO - 2021-10-22 11:19:23,331 - new_apply_order.py[line:255]: 创建预审订单成功！
INFO - 2021-10-22 11:19:23,348 - new_apply_order.py[line:263]: 预审状态修改为通过,更新条数 1
INFO - 2021-10-22 11:19:23,361 - new_apply_order.py[line:266]: 更新初始额度！更新条数 1
INFO - 2021-10-22 11:19:23,657 - new_apply_order.py[line:342]: 活体图片上传成功！回写配置文件global_param.mp4_url
INFO - 2021-10-22 11:19:23,705 - new_apply_order.py[line:352]: 视频认证通过！
INFO - 2021-10-22 11:19:24,708 - new_apply_order.py[line:510]: bvn和银行卡绑卡认证通过！
INFO - 2021-10-22 11:19:25,041 - new_apply_order.py[line:561]: user更新1条
INFO - 2021-10-22 11:19:25,274 - new_apply_order.py[line:612]: 进件成功！执行sql将订单改为风控中……
INFO - 2021-10-22 11:19:26,306 - new_apply_order.py[line:618]: 订单表更新1条，信审更新1条
INFO - 2021-10-22 11:19:26,665 - new_apply_order.py[line:632]: 查询loan_order_id成功！
INFO - 2021-10-22 11:19:26,699 - new_apply_order.py[line:647]: 订单回调复审通过成功！
INFO - 2021-10-22 11:19:27,477 - new_apply_order.py[line:669]: 获取token成功！token=bearer dad7a53e-564f-442a-af19-c3c24df4962c！
INFO - 2021-10-22 11:19:27,843 - new_apply_order.py[line:632]: 查询loan_order_id成功！
INFO - 2021-10-22 11:19:28,186 - new_apply_order.py[line:687]: 后台已触发放款成功！
INFO - 2021-10-22 11:19:28,199 - new_apply_order.py[line:701]: xxl_job web 登录成功！
INFO - 2021-10-22 11:19:28,212 - new_apply_order.py[line:717]: xxl_job 放款准备作业执行成功！
INFO - 2021-10-22 11:19:29,565 - new_apply_order.py[line:632]: 查询loan_order_id成功！
INFO - 2021-10-22 11:19:29,584 - new_apply_order.py[line:725]: 修改放款准备完成时间成功！
INFO - 2021-10-22 11:19:29,592 - new_apply_order.py[line:733]: xxl_job 放款完成作业执行成功！
INFO - 2021-10-22 11:19:29,897 - new_apply_order.py[line:905]: 校验重试查询第1次
ERROR - 2021-10-22 11:19:30,913 - new_apply_order.py[line:801]: 放款完成或准备失败,目前的订单状态是35
INFO - 2021-10-22 11:19:30,913 - new_apply_order.py[line:802]: {'app': 'Gotocash', 'loan_order_id': '1451387680075026432', 'mobile': '01634872762', 'order_status': 35}
INFO - 2021-10-22 11:19:31,419 - new_apply_order.py[line:905]: 校验重试查询第2次
INFO - 2021-10-22 11:19:32,437 - new_apply_order.py[line:799]: 放款完成或准备成功,目前的订单状态是40
INFO - 2021-10-22 11:19:32,437 - new_apply_order.py[line:802]: {'app': 'Gotocash', 'loan_order_id': '1451387680075026432', 'mobile': '01634872762', 'order_status': 40}
INFO - 2021-10-22 11:19:32,438 - new_apply_order.py[line:922]: ===========完成第【1】次进件===========
INFO - 2021-10-22 11:19:32,438 - new_apply_order.py[line:925]: ======完成第【1】次进件,耗时10.12s=====
INFO - 2021-10-22 11:19:32,442 - new_apply_order.py[line:882]: 开始第 Gotcash【1】次进件……
INFO - 2021-10-22 11:19:32,443 - new_apply_order.py[line:84]: ======【nga测试环境】生成手机号：01634872772 ======
INFO - 2021-10-22 11:19:32,805 - new_apply_order.py[line:97]: 01634872772 检测用户存在成功！
INFO - 2021-10-22 11:19:32,855 - new_apply_order.py[line:106]: 01634872772 短信发送成功！
INFO - 2021-10-22 11:19:32,905 - new_apply_order.py[line:119]: 01634872772 注册成功！
INFO - 2021-10-22 11:19:32,969 - new_apply_order.py[line:135]: 01634872772 登录短信发送成功！
INFO - 2021-10-22 11:19:33,033 - new_apply_order.py[line:145]: userId=6222777164621160448,mobile=01634872772,token=e8d2e14d368ad62a44c2ab1ea57bf06a 登录成功
INFO - 2021-10-22 11:19:33,115 - new_apply_order.py[line:212]: 个人信息提交成功！
INFO - 2021-10-22 11:19:33,179 - new_apply_order.py[line:223]: 联系人信息提交成功！
INFO - 2021-10-22 11:19:33,406 - new_apply_order.py[line:255]: 创建预审订单成功！
INFO - 2021-10-22 11:19:33,426 - new_apply_order.py[line:263]: 预审状态修改为通过,更新条数 1
INFO - 2021-10-22 11:19:33,441 - new_apply_order.py[line:266]: 更新初始额度！更新条数 1
INFO - 2021-10-22 11:19:33,718 - new_apply_order.py[line:342]: 活体图片上传成功！回写配置文件global_param.mp4_url
INFO - 2021-10-22 11:19:33,782 - new_apply_order.py[line:352]: 视频认证通过！
INFO - 2021-10-22 11:19:34,790 - new_apply_order.py[line:510]: bvn和银行卡绑卡认证通过！
INFO - 2021-10-22 11:19:35,108 - new_apply_order.py[line:561]: user更新1条
INFO - 2021-10-22 11:19:35,357 - new_apply_order.py[line:612]: 进件成功！执行sql将订单改为风控中……
INFO - 2021-10-22 11:19:36,395 - new_apply_order.py[line:618]: 订单表更新1条，信审更新1条
INFO - 2021-10-22 11:19:36,760 - new_apply_order.py[line:632]: 查询loan_order_id成功！
INFO - 2021-10-22 11:19:36,800 - new_apply_order.py[line:647]: 订单回调复审通过成功！
INFO - 2021-10-22 11:19:37,589 - new_apply_order.py[line:669]: 获取token成功！token=bearer dad7a53e-564f-442a-af19-c3c24df4962c！
INFO - 2021-10-22 11:19:37,960 - new_apply_order.py[line:632]: 查询loan_order_id成功！
INFO - 2021-10-22 11:19:38,279 - new_apply_order.py[line:687]: 后台已触发放款成功！
INFO - 2021-10-22 11:19:38,291 - new_apply_order.py[line:701]: xxl_job web 登录成功！
INFO - 2021-10-22 11:19:38,303 - new_apply_order.py[line:717]: xxl_job 放款准备作业执行成功！
INFO - 2021-10-22 11:19:39,676 - new_apply_order.py[line:632]: 查询loan_order_id成功！
INFO - 2021-10-22 11:19:39,696 - new_apply_order.py[line:725]: 修改放款准备完成时间成功！
INFO - 2021-10-22 11:19:39,704 - new_apply_order.py[line:733]: xxl_job 放款完成作业执行成功！
INFO - 2021-10-22 11:19:40,013 - new_apply_order.py[line:905]: 校验重试查询第1次
ERROR - 2021-10-22 11:19:41,028 - new_apply_order.py[line:801]: 放款完成或准备失败,目前的订单状态是35
INFO - 2021-10-22 11:19:41,028 - new_apply_order.py[line:802]: {'app': 'Gotcash', 'loan_order_id': '1451387722441691136', 'mobile': '01634872772', 'order_status': 35}
INFO - 2021-10-22 11:19:41,538 - new_apply_order.py[line:905]: 校验重试查询第2次
INFO - 2021-10-22 11:19:42,558 - new_apply_order.py[line:799]: 放款完成或准备成功,目前的订单状态是40
INFO - 2021-10-22 11:19:42,558 - new_apply_order.py[line:802]: {'app': 'Gotcash', 'loan_order_id': '1451387722441691136', 'mobile': '01634872772', 'order_status': 40}
INFO - 2021-10-22 11:19:42,559 - new_apply_order.py[line:922]: ===========完成第【1】次进件===========
INFO - 2021-10-22 11:19:42,559 - new_apply_order.py[line:925]: ======完成第【1】次进件,耗时10.12s=====
INFO - 2021-10-22 11:19:42,563 - new_apply_order.py[line:882]: 开始第 faircash【1】次进件……
INFO - 2021-10-22 11:19:42,564 - new_apply_order.py[line:84]: ======【nga测试环境】生成手机号：01634872782 ======
INFO - 2021-10-22 11:19:42,926 - new_apply_order.py[line:97]: 01634872782 检测用户存在成功！
INFO - 2021-10-22 11:19:42,985 - new_apply_order.py[line:106]: 01634872782 短信发送成功！
INFO - 2021-10-22 11:19:43,036 - new_apply_order.py[line:119]: 01634872782 注册成功！
INFO - 2021-10-22 11:19:43,092 - new_apply_order.py[line:135]: 01634872782 登录短信发送成功！
INFO - 2021-10-22 11:19:43,151 - new_apply_order.py[line:145]: userId=6222777207109459968,mobile=01634872782,token=c21cad20e3e90999029bf06f43893b97 登录成功
INFO - 2021-10-22 11:19:43,234 - new_apply_order.py[line:212]: 个人信息提交成功！
INFO - 2021-10-22 11:19:43,305 - new_apply_order.py[line:223]: 联系人信息提交成功！
INFO - 2021-10-22 11:19:43,586 - new_apply_order.py[line:255]: 创建预审订单成功！
INFO - 2021-10-22 11:19:43,604 - new_apply_order.py[line:263]: 预审状态修改为通过,更新条数 1
INFO - 2021-10-22 11:19:43,620 - new_apply_order.py[line:266]: 更新初始额度！更新条数 1
INFO - 2021-10-22 11:19:43,905 - new_apply_order.py[line:342]: 活体图片上传成功！回写配置文件global_param.mp4_url
INFO - 2021-10-22 11:19:43,947 - new_apply_order.py[line:352]: 视频认证通过！
INFO - 2021-10-22 11:19:44,970 - new_apply_order.py[line:510]: bvn和银行卡绑卡认证通过！
INFO - 2021-10-22 11:19:45,257 - new_apply_order.py[line:561]: user更新1条
INFO - 2021-10-22 11:19:45,544 - new_apply_order.py[line:612]: 进件成功！执行sql将订单改为风控中……
INFO - 2021-10-22 11:19:46,592 - new_apply_order.py[line:618]: 订单表更新1条，信审更新1条
INFO - 2021-10-22 11:19:46,962 - new_apply_order.py[line:632]: 查询loan_order_id成功！
INFO - 2021-10-22 11:19:47,004 - new_apply_order.py[line:647]: 订单回调复审通过成功！
INFO - 2021-10-22 11:19:47,765 - new_apply_order.py[line:669]: 获取token成功！token=bearer dad7a53e-564f-442a-af19-c3c24df4962c！
INFO - 2021-10-22 11:19:48,120 - new_apply_order.py[line:632]: 查询loan_order_id成功！
INFO - 2021-10-22 11:19:48,441 - new_apply_order.py[line:687]: 后台已触发放款成功！
INFO - 2021-10-22 11:19:48,455 - new_apply_order.py[line:701]: xxl_job web 登录成功！
INFO - 2021-10-22 11:19:48,468 - new_apply_order.py[line:717]: xxl_job 放款准备作业执行成功！
INFO - 2021-10-22 11:19:49,836 - new_apply_order.py[line:632]: 查询loan_order_id成功！
INFO - 2021-10-22 11:19:49,853 - new_apply_order.py[line:725]: 修改放款准备完成时间成功！
INFO - 2021-10-22 11:19:49,862 - new_apply_order.py[line:733]: xxl_job 放款完成作业执行成功！
INFO - 2021-10-22 11:19:50,169 - new_apply_order.py[line:905]: 校验重试查询第1次
ERROR - 2021-10-22 11:19:51,185 - new_apply_order.py[line:801]: 放款完成或准备失败,目前的订单状态是35
INFO - 2021-10-22 11:19:51,185 - new_apply_order.py[line:802]: {'app': 'faircash', 'loan_order_id': '1451387764888047616', 'mobile': '01634872782', 'order_status': 35}
INFO - 2021-10-22 11:19:51,695 - new_apply_order.py[line:905]: 校验重试查询第2次
INFO - 2021-10-22 11:19:52,713 - new_apply_order.py[line:799]: 放款完成或准备成功,目前的订单状态是40
INFO - 2021-10-22 11:19:52,713 - new_apply_order.py[line:802]: {'app': 'faircash', 'loan_order_id': '1451387764888047616', 'mobile': '01634872782', 'order_status': 40}
INFO - 2021-10-22 11:19:52,714 - new_apply_order.py[line:922]: ===========完成第【1】次进件===========
INFO - 2021-10-22 11:19:52,714 - new_apply_order.py[line:925]: ======完成第【1】次进件,耗时10.15s=====
INFO - 2021-10-22 11:19:52,718 - new_apply_order.py[line:882]: 开始第 pickcredit【1】次进件……
INFO - 2021-10-22 11:19:52,719 - new_apply_order.py[line:84]: ======【nga测试环境】生成手机号：01634872792 ======
INFO - 2021-10-22 11:19:53,076 - new_apply_order.py[line:97]: 01634872792 检测用户存在成功！
INFO - 2021-10-22 11:19:53,128 - new_apply_order.py[line:106]: 01634872792 短信发送成功！
INFO - 2021-10-22 11:19:53,191 - new_apply_order.py[line:119]: 01634872792 注册成功！
INFO - 2021-10-22 11:19:53,249 - new_apply_order.py[line:135]: 01634872792 登录短信发送成功！
INFO - 2021-10-22 11:19:53,306 - new_apply_order.py[line:145]: userId=6222777249702617088,mobile=01634872792,token=7797e11d29e7fa9bad6c0a1e0b3dca43 登录成功
INFO - 2021-10-22 11:19:53,425 - new_apply_order.py[line:212]: 个人信息提交成功！
INFO - 2021-10-22 11:19:53,492 - new_apply_order.py[line:223]: 联系人信息提交成功！
INFO - 2021-10-22 11:19:53,730 - new_apply_order.py[line:255]: 创建预审订单成功！
INFO - 2021-10-22 11:19:53,749 - new_apply_order.py[line:263]: 预审状态修改为通过,更新条数 1
INFO - 2021-10-22 11:19:53,766 - new_apply_order.py[line:266]: 更新初始额度！更新条数 1
INFO - 2021-10-22 11:19:54,059 - new_apply_order.py[line:342]: 活体图片上传成功！回写配置文件global_param.mp4_url
INFO - 2021-10-22 11:19:54,103 - new_apply_order.py[line:352]: 视频认证通过！
INFO - 2021-10-22 11:19:55,077 - new_apply_order.py[line:510]: bvn和银行卡绑卡认证通过！
INFO - 2021-10-22 11:19:55,374 - new_apply_order.py[line:561]: user更新1条
INFO - 2021-10-22 11:19:55,611 - new_apply_order.py[line:612]: 进件成功！执行sql将订单改为风控中……
INFO - 2021-10-22 11:19:56,653 - new_apply_order.py[line:618]: 订单表更新1条，信审更新1条
INFO - 2021-10-22 11:19:57,019 - new_apply_order.py[line:632]: 查询loan_order_id成功！
INFO - 2021-10-22 11:19:57,064 - new_apply_order.py[line:647]: 订单回调复审通过成功！
INFO - 2021-10-22 11:19:57,859 - new_apply_order.py[line:669]: 获取token成功！token=bearer dad7a53e-564f-442a-af19-c3c24df4962c！
INFO - 2021-10-22 11:19:58,221 - new_apply_order.py[line:632]: 查询loan_order_id成功！
INFO - 2021-10-22 11:19:58,563 - new_apply_order.py[line:687]: 后台已触发放款成功！
INFO - 2021-10-22 11:19:58,576 - new_apply_order.py[line:701]: xxl_job web 登录成功！
INFO - 2021-10-22 11:19:58,588 - new_apply_order.py[line:717]: xxl_job 放款准备作业执行成功！
INFO - 2021-10-22 11:19:59,947 - new_apply_order.py[line:632]: 查询loan_order_id成功！
INFO - 2021-10-22 11:19:59,963 - new_apply_order.py[line:725]: 修改放款准备完成时间成功！
INFO - 2021-10-22 11:19:59,970 - new_apply_order.py[line:733]: xxl_job 放款完成作业执行成功！
INFO - 2021-10-22 11:20:00,275 - new_apply_order.py[line:905]: 校验重试查询第1次
ERROR - 2021-10-22 11:20:01,291 - new_apply_order.py[line:801]: 放款完成或准备失败,目前的订单状态是35
INFO - 2021-10-22 11:20:01,291 - new_apply_order.py[line:802]: {'app': 'pickcredit', 'loan_order_id': '1451387807581868032', 'mobile': '01634872792', 'order_status': 35}
INFO - 2021-10-22 11:20:01,805 - new_apply_order.py[line:905]: 校验重试查询第2次
INFO - 2021-10-22 11:20:02,826 - new_apply_order.py[line:799]: 放款完成或准备成功,目前的订单状态是40
INFO - 2021-10-22 11:20:02,827 - new_apply_order.py[line:802]: {'app': 'pickcredit', 'loan_order_id': '1451387807581868032', 'mobile': '01634872792', 'order_status': 40}
INFO - 2021-10-22 11:20:02,828 - new_apply_order.py[line:922]: ===========完成第【1】次进件===========
INFO - 2021-10-22 11:20:02,828 - new_apply_order.py[line:925]: ======完成第【1】次进件,耗时10.11s=====
INFO - 2021-10-22 11:20:02,832 - new_apply_order.py[line:882]: 开始第 pickcash【1】次进件……
INFO - 2021-10-22 11:20:02,834 - new_apply_order.py[line:84]: ======【nga测试环境】生成手机号：01634872802 ======
INFO - 2021-10-22 11:20:03,198 - new_apply_order.py[line:97]: 01634872802 检测用户存在成功！
INFO - 2021-10-22 11:20:03,257 - new_apply_order.py[line:106]: 01634872802 短信发送成功！
INFO - 2021-10-22 11:20:03,309 - new_apply_order.py[line:119]: 01634872802 注册成功！
INFO - 2021-10-22 11:20:03,368 - new_apply_order.py[line:135]: 01634872802 登录短信发送成功！
INFO - 2021-10-22 11:20:03,423 - new_apply_order.py[line:145]: userId=6222777292144779264,mobile=01634872802,token=dec353b42a0ad38efb18db0efe46e004 登录成功
INFO - 2021-10-22 11:20:03,516 - new_apply_order.py[line:212]: 个人信息提交成功！
INFO - 2021-10-22 11:20:03,590 - new_apply_order.py[line:223]: 联系人信息提交成功！
INFO - 2021-10-22 11:20:03,816 - new_apply_order.py[line:255]: 创建预审订单成功！
INFO - 2021-10-22 11:20:03,838 - new_apply_order.py[line:263]: 预审状态修改为通过,更新条数 1
INFO - 2021-10-22 11:20:03,857 - new_apply_order.py[line:266]: 更新初始额度！更新条数 1
INFO - 2021-10-22 11:20:04,106 - new_apply_order.py[line:342]: 活体图片上传成功！回写配置文件global_param.mp4_url
INFO - 2021-10-22 11:20:04,164 - new_apply_order.py[line:352]: 视频认证通过！
INFO - 2021-10-22 11:20:05,268 - new_apply_order.py[line:510]: bvn和银行卡绑卡认证通过！
INFO - 2021-10-22 11:20:05,574 - new_apply_order.py[line:561]: user更新1条
INFO - 2021-10-22 11:20:05,814 - new_apply_order.py[line:612]: 进件成功！执行sql将订单改为风控中……
INFO - 2021-10-22 11:20:06,857 - new_apply_order.py[line:618]: 订单表更新1条，信审更新1条
INFO - 2021-10-22 11:20:07,225 - new_apply_order.py[line:632]: 查询loan_order_id成功！
INFO - 2021-10-22 11:20:07,264 - new_apply_order.py[line:647]: 订单回调复审通过成功！
INFO - 2021-10-22 11:20:08,063 - new_apply_order.py[line:669]: 获取token成功！token=bearer dad7a53e-564f-442a-af19-c3c24df4962c！
INFO - 2021-10-22 11:20:08,431 - new_apply_order.py[line:632]: 查询loan_order_id成功！
INFO - 2021-10-22 11:20:08,756 - new_apply_order.py[line:687]: 后台已触发放款成功！
INFO - 2021-10-22 11:20:08,767 - new_apply_order.py[line:701]: xxl_job web 登录成功！
INFO - 2021-10-22 11:20:08,789 - new_apply_order.py[line:717]: xxl_job 放款准备作业执行成功！
INFO - 2021-10-22 11:20:10,150 - new_apply_order.py[line:632]: 查询loan_order_id成功！
INFO - 2021-10-22 11:20:10,171 - new_apply_order.py[line:725]: 修改放款准备完成时间成功！
INFO - 2021-10-22 11:20:10,182 - new_apply_order.py[line:733]: xxl_job 放款完成作业执行成功！
INFO - 2021-10-22 11:20:10,489 - new_apply_order.py[line:905]: 校验重试查询第1次
ERROR - 2021-10-22 11:20:11,507 - new_apply_order.py[line:801]: 放款完成或准备失败,目前的订单状态是35
INFO - 2021-10-22 11:20:11,508 - new_apply_order.py[line:802]: {'app': 'pickcash', 'loan_order_id': '1451387849952727040', 'mobile': '01634872802', 'order_status': 35}
INFO - 2021-10-22 11:20:12,017 - new_apply_order.py[line:905]: 校验重试查询第2次
INFO - 2021-10-22 11:20:13,030 - new_apply_order.py[line:799]: 放款完成或准备成功,目前的订单状态是40
INFO - 2021-10-22 11:20:13,030 - new_apply_order.py[line:802]: {'app': 'pickcash', 'loan_order_id': '1451387849952727040', 'mobile': '01634872802', 'order_status': 40}
INFO - 2021-10-22 11:20:13,031 - new_apply_order.py[line:922]: ===========完成第【1】次进件===========
INFO - 2021-10-22 11:20:13,031 - new_apply_order.py[line:925]: ======完成第【1】次进件,耗时10.20s=====
INFO - 2021-10-22 11:20:13,034 - new_apply_order.py[line:882]: 开始第 jopay【1】次进件……
INFO - 2021-10-22 11:20:13,036 - new_apply_order.py[line:84]: ======【nga测试环境】生成手机号：01634872813 ======
INFO - 2021-10-22 11:20:13,401 - new_apply_order.py[line:97]: 01634872813 检测用户存在成功！
INFO - 2021-10-22 11:20:13,452 - new_apply_order.py[line:106]: 01634872813 短信发送成功！
INFO - 2021-10-22 11:20:13,514 - new_apply_order.py[line:119]: 01634872813 注册成功！
INFO - 2021-10-22 11:20:13,569 - new_apply_order.py[line:135]: 01634872813 登录短信发送成功！
INFO - 2021-10-22 11:20:13,621 - new_apply_order.py[line:145]: userId=6222777334947651584,mobile=01634872813,token=04d342840bd26f87be181dd095cfe4a7 登录成功
INFO - 2021-10-22 11:20:13,700 - new_apply_order.py[line:212]: 个人信息提交成功！
INFO - 2021-10-22 11:20:13,768 - new_apply_order.py[line:223]: 联系人信息提交成功！
INFO - 2021-10-22 11:20:13,980 - new_apply_order.py[line:255]: 创建预审订单成功！
INFO - 2021-10-22 11:20:14,004 - new_apply_order.py[line:263]: 预审状态修改为通过,更新条数 1
INFO - 2021-10-22 11:20:14,021 - new_apply_order.py[line:266]: 更新初始额度！更新条数 1
INFO - 2021-10-22 11:20:14,325 - new_apply_order.py[line:342]: 活体图片上传成功！回写配置文件global_param.mp4_url
INFO - 2021-10-22 11:20:14,373 - new_apply_order.py[line:352]: 视频认证通过！
INFO - 2021-10-22 11:20:15,425 - new_apply_order.py[line:510]: bvn和银行卡绑卡认证通过！
INFO - 2021-10-22 11:20:15,734 - new_apply_order.py[line:561]: user更新1条
INFO - 2021-10-22 11:20:15,982 - new_apply_order.py[line:612]: 进件成功！执行sql将订单改为风控中……
INFO - 2021-10-22 11:20:17,021 - new_apply_order.py[line:618]: 订单表更新1条，信审更新1条
INFO - 2021-10-22 11:20:17,379 - new_apply_order.py[line:632]: 查询loan_order_id成功！
INFO - 2021-10-22 11:20:17,417 - new_apply_order.py[line:647]: 订单回调复审通过成功！
INFO - 2021-10-22 11:20:18,203 - new_apply_order.py[line:669]: 获取token成功！token=bearer dad7a53e-564f-442a-af19-c3c24df4962c！
INFO - 2021-10-22 11:20:18,559 - new_apply_order.py[line:632]: 查询loan_order_id成功！
INFO - 2021-10-22 11:20:18,905 - new_apply_order.py[line:687]: 后台已触发放款成功！
INFO - 2021-10-22 11:20:18,917 - new_apply_order.py[line:701]: xxl_job web 登录成功！
INFO - 2021-10-22 11:20:18,931 - new_apply_order.py[line:717]: xxl_job 放款准备作业执行成功！
INFO - 2021-10-22 11:20:20,296 - new_apply_order.py[line:632]: 查询loan_order_id成功！
INFO - 2021-10-22 11:20:20,314 - new_apply_order.py[line:725]: 修改放款准备完成时间成功！
INFO - 2021-10-22 11:20:20,321 - new_apply_order.py[line:733]: xxl_job 放款完成作业执行成功！
INFO - 2021-10-22 11:20:20,629 - new_apply_order.py[line:905]: 校验重试查询第1次
ERROR - 2021-10-22 11:20:21,647 - new_apply_order.py[line:801]: 放款完成或准备失败,目前的订单状态是35
INFO - 2021-10-22 11:20:21,647 - new_apply_order.py[line:802]: {'app': 'jopay', 'loan_order_id': '1451387892633964544', 'mobile': '01634872813', 'order_status': 35}
INFO - 2021-10-22 11:20:22,158 - new_apply_order.py[line:905]: 校验重试查询第2次
INFO - 2021-10-22 11:20:23,174 - new_apply_order.py[line:799]: 放款完成或准备成功,目前的订单状态是40
INFO - 2021-10-22 11:20:23,174 - new_apply_order.py[line:802]: {'app': 'jopay', 'loan_order_id': '1451387892633964544', 'mobile': '01634872813', 'order_status': 40}
INFO - 2021-10-22 11:20:23,175 - new_apply_order.py[line:922]: ===========完成第【1】次进件===========
INFO - 2021-10-22 11:20:23,175 - new_apply_order.py[line:925]: ======完成第【1】次进件,耗时10.14s=====
INFO - 2021-10-22 11:20:23,180 - new_apply_order.py[line:882]: 开始第 starmoni【1】次进件……
INFO - 2021-10-22 11:20:23,181 - new_apply_order.py[line:84]: ======【nga测试环境】生成手机号：01634872823 ======
INFO - 2021-10-22 11:20:23,534 - new_apply_order.py[line:97]: 01634872823 检测用户存在成功！
INFO - 2021-10-22 11:20:23,581 - new_apply_order.py[line:106]: 01634872823 短信发送成功！
INFO - 2021-10-22 11:20:23,630 - new_apply_order.py[line:119]: 01634872823 注册成功！
INFO - 2021-10-22 11:20:23,692 - new_apply_order.py[line:135]: 01634872823 登录短信发送成功！
INFO - 2021-10-22 11:20:23,748 - new_apply_order.py[line:145]: userId=6222777377368842240,mobile=01634872823,token=3388d7cd56f502159a10edc0c57b0c7a 登录成功
INFO - 2021-10-22 11:20:23,886 - new_apply_order.py[line:212]: 个人信息提交成功！
INFO - 2021-10-22 11:20:23,958 - new_apply_order.py[line:223]: 联系人信息提交成功！
INFO - 2021-10-22 11:20:24,336 - new_apply_order.py[line:255]: 创建预审订单成功！
INFO - 2021-10-22 11:20:24,357 - new_apply_order.py[line:263]: 预审状态修改为通过,更新条数 1
INFO - 2021-10-22 11:20:24,375 - new_apply_order.py[line:266]: 更新初始额度！更新条数 1
INFO - 2021-10-22 11:20:25,669 - new_apply_order.py[line:342]: 活体图片上传成功！回写配置文件global_param.mp4_url
INFO - 2021-10-22 11:20:25,721 - new_apply_order.py[line:352]: 视频认证通过！
INFO - 2021-10-22 11:20:26,811 - new_apply_order.py[line:510]: bvn和银行卡绑卡认证通过！
INFO - 2021-10-22 11:20:27,129 - new_apply_order.py[line:561]: user更新1条
INFO - 2021-10-22 11:20:27,371 - new_apply_order.py[line:612]: 进件成功！执行sql将订单改为风控中……
INFO - 2021-10-22 11:20:28,415 - new_apply_order.py[line:618]: 订单表更新1条，信审更新1条
INFO - 2021-10-22 11:20:28,789 - new_apply_order.py[line:632]: 查询loan_order_id成功！
INFO - 2021-10-22 11:20:28,866 - new_apply_order.py[line:647]: 订单回调复审通过成功！
INFO - 2021-10-22 11:20:29,648 - new_apply_order.py[line:669]: 获取token成功！token=bearer dad7a53e-564f-442a-af19-c3c24df4962c！
INFO - 2021-10-22 11:20:30,007 - new_apply_order.py[line:632]: 查询loan_order_id成功！
INFO - 2021-10-22 11:20:30,365 - new_apply_order.py[line:687]: 后台已触发放款成功！
INFO - 2021-10-22 11:20:30,377 - new_apply_order.py[line:701]: xxl_job web 登录成功！
INFO - 2021-10-22 11:20:30,390 - new_apply_order.py[line:717]: xxl_job 放款准备作业执行成功！
INFO - 2021-10-22 11:20:31,755 - new_apply_order.py[line:632]: 查询loan_order_id成功！
INFO - 2021-10-22 11:20:31,770 - new_apply_order.py[line:725]: 修改放款准备完成时间成功！
INFO - 2021-10-22 11:20:31,777 - new_apply_order.py[line:733]: xxl_job 放款完成作业执行成功！
INFO - 2021-10-22 11:20:32,085 - new_apply_order.py[line:905]: 校验重试查询第1次
ERROR - 2021-10-22 11:20:33,100 - new_apply_order.py[line:801]: 放款完成或准备失败,目前的订单状态是35
INFO - 2021-10-22 11:20:33,100 - new_apply_order.py[line:802]: {'app': 'starmoni', 'loan_order_id': '1451387935512334336', 'mobile': '01634872823', 'order_status': 35}
INFO - 2021-10-22 11:20:33,610 - new_apply_order.py[line:905]: 校验重试查询第2次
INFO - 2021-10-22 11:20:34,627 - new_apply_order.py[line:799]: 放款完成或准备成功,目前的订单状态是40
INFO - 2021-10-22 11:20:34,628 - new_apply_order.py[line:802]: {'app': 'starmoni', 'loan_order_id': '1451387935512334336', 'mobile': '01634872823', 'order_status': 40}
INFO - 2021-10-22 11:20:34,628 - new_apply_order.py[line:922]: ===========完成第【1】次进件===========
INFO - 2021-10-22 11:20:34,629 - new_apply_order.py[line:925]: ======完成第【1】次进件,耗时11.45s=====
INFO - 2021-10-22 11:20:34,634 - new_apply_order.py[line:882]: 开始第 ikash【1】次进件……
INFO - 2021-10-22 11:20:34,634 - new_apply_order.py[line:84]: ======【ke测试环境】生成手机号：734872834 ======
INFO - 2021-10-22 11:20:37,027 - new_apply_order.py[line:97]: 734872834 检测用户存在成功！
INFO - 2021-10-22 11:20:37,368 - new_apply_order.py[line:106]: 734872834 短信发送成功！
INFO - 2021-10-22 11:20:38,057 - new_apply_order.py[line:119]: 734872834 注册成功！
INFO - 2021-10-22 11:20:38,164 - new_apply_order.py[line:135]: 734872834 登录短信发送成功！
INFO - 2021-10-22 11:20:38,882 - new_apply_order.py[line:145]: userId=6222777435733762048,mobile=734872834,token=ee2b6bbaffa0ec18584e15e24945402f 登录成功
INFO - 2021-10-22 11:20:39,861 - new_apply_order.py[line:212]: 个人信息提交成功！
INFO - 2021-10-22 11:20:40,292 - new_apply_order.py[line:232]: 联系人信息提交成功！
INFO - 2021-10-22 11:20:41,145 - new_apply_order.py[line:255]: 创建预审订单成功！
INFO - 2021-10-22 11:20:41,162 - new_apply_order.py[line:263]: 预审状态修改为通过,更新条数 1
INFO - 2021-10-22 11:20:41,176 - new_apply_order.py[line:266]: 更新初始额度！更新条数 1
INFO - 2021-10-22 11:20:41,738 - new_apply_order.py[line:342]: 活体图片上传成功！回写配置文件global_param.mp4_url
INFO - 2021-10-22 11:20:41,884 - new_apply_order.py[line:352]: 视频认证通过！
INFO - 2021-10-22 11:20:42,642 - new_apply_order.py[line:577]: 绑卡成功！
INFO - 2021-10-22 11:20:43,192 - new_apply_order.py[line:612]: 进件成功！执行sql将订单改为风控中……
INFO - 2021-10-22 11:20:44,225 - new_apply_order.py[line:618]: 订单表更新1条，信审更新1条
INFO - 2021-10-22 11:20:44,765 - new_apply_order.py[line:632]: 查询loan_order_id成功！
INFO - 2021-10-22 11:20:44,813 - new_apply_order.py[line:647]: 订单回调复审通过成功！
INFO - 2021-10-22 11:20:45,641 - new_apply_order.py[line:669]: 获取token成功！token=bearer 87bda5c6-0b3d-4234-9d26-103aa6c54155！
INFO - 2021-10-22 11:20:46,050 - new_apply_order.py[line:632]: 查询loan_order_id成功！
INFO - 2021-10-22 11:20:46,713 - new_apply_order.py[line:687]: 后台已触发放款成功！
INFO - 2021-10-22 11:20:46,725 - new_apply_order.py[line:701]: xxl_job web 登录成功！
INFO - 2021-10-22 11:20:46,735 - new_apply_order.py[line:717]: xxl_job 放款准备作业执行成功！
INFO - 2021-10-22 11:20:48,115 - new_apply_order.py[line:632]: 查询loan_order_id成功！
INFO - 2021-10-22 11:20:48,130 - new_apply_order.py[line:725]: 修改放款准备完成时间成功！
INFO - 2021-10-22 11:20:48,136 - new_apply_order.py[line:733]: xxl_job 放款完成作业执行成功！
INFO - 2021-10-22 11:20:48,575 - new_apply_order.py[line:632]: 查询loan_order_id成功！
INFO - 2021-10-22 11:20:48,701 - new_apply_order.py[line:772]: 放款回调失败！
INFO - 2021-10-22 11:20:49,005 - new_apply_order.py[line:905]: 校验重试查询第1次
ERROR - 2021-10-22 11:20:50,019 - new_apply_order.py[line:801]: 放款完成或准备失败,目前的订单状态是35
INFO - 2021-10-22 11:20:50,019 - new_apply_order.py[line:802]: {'app': 'ikash', 'loan_order_id': '1451388004318056448', 'mobile': '734872834', 'order_status': 35}
INFO - 2021-10-22 11:20:50,907 - new_apply_order.py[line:632]: 查询loan_order_id成功！
INFO - 2021-10-22 11:20:51,131 - new_apply_order.py[line:770]: 放款回调成功！
INFO - 2021-10-22 11:20:51,131 - new_apply_order.py[line:905]: 校验重试查询第2次
INFO - 2021-10-22 11:20:52,148 - new_apply_order.py[line:799]: 放款完成或准备成功,目前的订单状态是40
INFO - 2021-10-22 11:20:52,149 - new_apply_order.py[line:802]: {'app': 'ikash', 'loan_order_id': '1451388004318056448', 'mobile': '734872834', 'order_status': 40}
INFO - 2021-10-22 11:20:52,150 - new_apply_order.py[line:922]: ===========完成第【1】次进件===========
INFO - 2021-10-22 11:20:52,150 - new_apply_order.py[line:925]: ======完成第【1】次进件,耗时17.52s=====
INFO - 2021-10-22 11:20:52,154 - new_apply_order.py[line:882]: 开始第 kencash【1】次进件……
INFO - 2021-10-22 11:20:52,155 - new_apply_order.py[line:84]: ======【ke测试环境】生成手机号：734872852 ======
INFO - 2021-10-22 11:20:52,586 - new_apply_order.py[line:97]: 734872852 检测用户存在成功！
INFO - 2021-10-22 11:20:52,660 - new_apply_order.py[line:106]: 734872852 短信发送成功！
INFO - 2021-10-22 11:20:52,797 - new_apply_order.py[line:119]: 734872852 注册成功！
INFO - 2021-10-22 11:20:52,862 - new_apply_order.py[line:135]: 734872852 登录短信发送成功！
INFO - 2021-10-22 11:20:52,949 - new_apply_order.py[line:145]: userId=6222777499566874624,mobile=734872852,token=e3afe3bb3b0f64ccaf55d590f1fefad5 登录成功
INFO - 2021-10-22 11:20:53,195 - new_apply_order.py[line:212]: 个人信息提交成功！
INFO - 2021-10-22 11:20:53,330 - new_apply_order.py[line:232]: 联系人信息提交成功！
INFO - 2021-10-22 11:20:53,938 - new_apply_order.py[line:255]: 创建预审订单成功！
INFO - 2021-10-22 11:20:53,952 - new_apply_order.py[line:263]: 预审状态修改为通过,更新条数 1
INFO - 2021-10-22 11:20:53,965 - new_apply_order.py[line:266]: 更新初始额度！更新条数 1
INFO - 2021-10-22 11:20:54,226 - new_apply_order.py[line:342]: 活体图片上传成功！回写配置文件global_param.mp4_url
INFO - 2021-10-22 11:20:54,294 - new_apply_order.py[line:352]: 视频认证通过！
INFO - 2021-10-22 11:20:54,708 - new_apply_order.py[line:577]: 绑卡成功！
INFO - 2021-10-22 11:20:55,070 - new_apply_order.py[line:612]: 进件成功！执行sql将订单改为风控中……
INFO - 2021-10-22 11:20:56,096 - new_apply_order.py[line:618]: 订单表更新1条，信审更新1条
INFO - 2021-10-22 11:20:56,472 - new_apply_order.py[line:632]: 查询loan_order_id成功！
INFO - 2021-10-22 11:20:56,514 - new_apply_order.py[line:647]: 订单回调复审通过成功！
INFO - 2021-10-22 11:20:57,352 - new_apply_order.py[line:669]: 获取token成功！token=bearer 87bda5c6-0b3d-4234-9d26-103aa6c54155！
INFO - 2021-10-22 11:20:57,726 - new_apply_order.py[line:632]: 查询loan_order_id成功！
INFO - 2021-10-22 11:20:58,043 - new_apply_order.py[line:687]: 后台已触发放款成功！
INFO - 2021-10-22 11:20:58,053 - new_apply_order.py[line:701]: xxl_job web 登录成功！
INFO - 2021-10-22 11:20:58,061 - new_apply_order.py[line:717]: xxl_job 放款准备作业执行成功！
INFO - 2021-10-22 11:20:59,489 - new_apply_order.py[line:632]: 查询loan_order_id成功！
INFO - 2021-10-22 11:20:59,503 - new_apply_order.py[line:725]: 修改放款准备完成时间成功！
INFO - 2021-10-22 11:20:59,510 - new_apply_order.py[line:733]: xxl_job 放款完成作业执行成功！
INFO - 2021-10-22 11:20:59,891 - new_apply_order.py[line:632]: 查询loan_order_id成功！
INFO - 2021-10-22 11:21:00,205 - new_apply_order.py[line:905]: 校验重试查询第1次
ERROR - 2021-10-22 11:21:01,218 - new_apply_order.py[line:801]: 放款完成或准备失败,目前的订单状态是35
INFO - 2021-10-22 11:21:01,218 - new_apply_order.py[line:802]: {'app': 'kencash', 'loan_order_id': '1451388058864979968', 'mobile': '734872852', 'order_status': 35}
INFO - 2021-10-22 11:21:02,102 - new_apply_order.py[line:632]: 查询loan_order_id成功！
INFO - 2021-10-22 11:21:02,297 - new_apply_order.py[line:770]: 放款回调成功！
INFO - 2021-10-22 11:21:02,297 - new_apply_order.py[line:905]: 校验重试查询第2次
INFO - 2021-10-22 11:21:03,310 - new_apply_order.py[line:799]: 放款完成或准备成功,目前的订单状态是40
INFO - 2021-10-22 11:21:03,311 - new_apply_order.py[line:802]: {'app': 'kencash', 'loan_order_id': '1451388058864979968', 'mobile': '734872852', 'order_status': 40}
INFO - 2021-10-22 11:21:03,311 - new_apply_order.py[line:922]: ===========完成第【1】次进件===========
INFO - 2021-10-22 11:21:03,311 - new_apply_order.py[line:925]: ======完成第【1】次进件,耗时11.16s=====
INFO - 2021-10-22 11:21:03,314 - new_apply_order.py[line:882]: 开始第 oranch【1】次进件……
INFO - 2021-10-22 11:21:03,314 - new_apply_order.py[line:84]: ======【ke测试环境】生成手机号：734872863 ======
INFO - 2021-10-22 11:21:03,702 - new_apply_order.py[line:97]: 734872863 检测用户存在成功！
INFO - 2021-10-22 11:21:03,777 - new_apply_order.py[line:106]: 734872863 短信发送成功！
INFO - 2021-10-22 11:21:03,899 - new_apply_order.py[line:119]: 734872863 注册成功！
INFO - 2021-10-22 11:21:03,962 - new_apply_order.py[line:135]: 734872863 登录短信发送成功！
INFO - 2021-10-22 11:21:04,042 - new_apply_order.py[line:145]: userId=6222777546111066112,mobile=734872863,token=27840b18fe776571afcd615201c758f0 登录成功
INFO - 2021-10-22 11:21:04,291 - new_apply_order.py[line:212]: 个人信息提交成功！
INFO - 2021-10-22 11:21:04,418 - new_apply_order.py[line:232]: 联系人信息提交成功！
INFO - 2021-10-22 11:21:04,767 - new_apply_order.py[line:255]: 创建预审订单成功！
INFO - 2021-10-22 11:21:04,782 - new_apply_order.py[line:263]: 预审状态修改为通过,更新条数 1
INFO - 2021-10-22 11:21:04,795 - new_apply_order.py[line:266]: 更新初始额度！更新条数 1
INFO - 2021-10-22 11:21:05,095 - new_apply_order.py[line:342]: 活体图片上传成功！回写配置文件global_param.mp4_url
INFO - 2021-10-22 11:21:05,167 - new_apply_order.py[line:352]: 视频认证通过！
INFO - 2021-10-22 11:21:05,528 - new_apply_order.py[line:577]: 绑卡成功！
INFO - 2021-10-22 11:21:05,796 - new_apply_order.py[line:612]: 进件成功！执行sql将订单改为风控中……
INFO - 2021-10-22 11:21:06,831 - new_apply_order.py[line:618]: 订单表更新1条，信审更新1条
INFO - 2021-10-22 11:21:07,199 - new_apply_order.py[line:632]: 查询loan_order_id成功！
INFO - 2021-10-22 11:21:07,243 - new_apply_order.py[line:647]: 订单回调复审通过成功！
INFO - 2021-10-22 11:21:08,012 - new_apply_order.py[line:669]: 获取token成功！token=bearer 87bda5c6-0b3d-4234-9d26-103aa6c54155！
INFO - 2021-10-22 11:21:08,383 - new_apply_order.py[line:632]: 查询loan_order_id成功！
INFO - 2021-10-22 11:21:08,758 - new_apply_order.py[line:687]: 后台已触发放款成功！
INFO - 2021-10-22 11:21:08,768 - new_apply_order.py[line:701]: xxl_job web 登录成功！
INFO - 2021-10-22 11:21:08,776 - new_apply_order.py[line:717]: xxl_job 放款准备作业执行成功！
INFO - 2021-10-22 11:21:10,193 - new_apply_order.py[line:632]: 查询loan_order_id成功！
INFO - 2021-10-22 11:21:10,208 - new_apply_order.py[line:725]: 修改放款准备完成时间成功！
INFO - 2021-10-22 11:21:10,214 - new_apply_order.py[line:733]: xxl_job 放款完成作业执行成功！
INFO - 2021-10-22 11:21:10,594 - new_apply_order.py[line:632]: 查询loan_order_id成功！
INFO - 2021-10-22 11:21:10,908 - new_apply_order.py[line:905]: 校验重试查询第1次
ERROR - 2021-10-22 11:21:11,923 - new_apply_order.py[line:801]: 放款完成或准备失败,目前的订单状态是35
INFO - 2021-10-22 11:21:11,923 - new_apply_order.py[line:802]: {'app': 'oranch', 'loan_order_id': '1451388105161707520', 'mobile': '734872863', 'order_status': 35}
INFO - 2021-10-22 11:21:12,798 - new_apply_order.py[line:632]: 查询loan_order_id成功！
INFO - 2021-10-22 11:21:12,986 - new_apply_order.py[line:770]: 放款回调成功！
INFO - 2021-10-22 11:21:12,986 - new_apply_order.py[line:905]: 校验重试查询第2次
INFO - 2021-10-22 11:21:14,001 - new_apply_order.py[line:799]: 放款完成或准备成功,目前的订单状态是40
INFO - 2021-10-22 11:21:14,001 - new_apply_order.py[line:802]: {'app': 'oranch', 'loan_order_id': '1451388105161707520', 'mobile': '734872863', 'order_status': 40}
INFO - 2021-10-22 11:21:14,002 - new_apply_order.py[line:922]: ===========完成第【1】次进件===========
INFO - 2021-10-22 11:21:14,002 - new_apply_order.py[line:925]: ======完成第【1】次进件,耗时10.69s=====
INFO - 2021-10-22 11:21:14,006 - new_apply_order.py[line:882]: 开始第 faikash【1】次进件……
INFO - 2021-10-22 11:21:14,007 - new_apply_order.py[line:84]: ======【ke测试环境】生成手机号：734872874 ======
INFO - 2021-10-22 11:21:14,397 - new_apply_order.py[line:97]: 734872874 检测用户存在成功！
INFO - 2021-10-22 11:21:14,475 - new_apply_order.py[line:106]: 734872874 短信发送成功！
INFO - 2021-10-22 11:21:14,549 - new_apply_order.py[line:119]: 734872874 注册成功！
INFO - 2021-10-22 11:21:14,608 - new_apply_order.py[line:135]: 734872874 登录短信发送成功！
INFO - 2021-10-22 11:21:14,693 - new_apply_order.py[line:145]: userId=6222777590889455616,mobile=734872874,token=ee63313cd39956f300f4791d44d8cead 登录成功
INFO - 2021-10-22 11:21:14,847 - new_apply_order.py[line:212]: 个人信息提交成功！
INFO - 2021-10-22 11:21:14,939 - new_apply_order.py[line:232]: 联系人信息提交成功！
INFO - 2021-10-22 11:21:15,308 - new_apply_order.py[line:255]: 创建预审订单成功！
INFO - 2021-10-22 11:21:15,325 - new_apply_order.py[line:263]: 预审状态修改为通过,更新条数 1
INFO - 2021-10-22 11:21:15,337 - new_apply_order.py[line:266]: 更新初始额度！更新条数 1
INFO - 2021-10-22 11:21:15,550 - new_apply_order.py[line:342]: 活体图片上传成功！回写配置文件global_param.mp4_url
INFO - 2021-10-22 11:21:15,612 - new_apply_order.py[line:352]: 视频认证通过！
INFO - 2021-10-22 11:21:15,974 - new_apply_order.py[line:577]: 绑卡成功！
INFO - 2021-10-22 11:21:16,271 - new_apply_order.py[line:612]: 进件成功！执行sql将订单改为风控中……
INFO - 2021-10-22 11:21:17,304 - new_apply_order.py[line:618]: 订单表更新1条，信审更新1条
INFO - 2021-10-22 11:21:17,731 - new_apply_order.py[line:632]: 查询loan_order_id成功！
INFO - 2021-10-22 11:21:17,775 - new_apply_order.py[line:647]: 订单回调复审通过成功！
INFO - 2021-10-22 11:21:18,606 - new_apply_order.py[line:669]: 获取token成功！token=bearer 87bda5c6-0b3d-4234-9d26-103aa6c54155！
INFO - 2021-10-22 11:21:18,970 - new_apply_order.py[line:632]: 查询loan_order_id成功！
INFO - 2021-10-22 11:21:19,289 - new_apply_order.py[line:687]: 后台已触发放款成功！
INFO - 2021-10-22 11:21:19,299 - new_apply_order.py[line:701]: xxl_job web 登录成功！
INFO - 2021-10-22 11:21:19,308 - new_apply_order.py[line:717]: xxl_job 放款准备作业执行成功！
INFO - 2021-10-22 11:21:20,680 - new_apply_order.py[line:632]: 查询loan_order_id成功！
INFO - 2021-10-22 11:21:20,697 - new_apply_order.py[line:725]: 修改放款准备完成时间成功！
INFO - 2021-10-22 11:21:20,704 - new_apply_order.py[line:733]: xxl_job 放款完成作业执行成功！
INFO - 2021-10-22 11:21:21,094 - new_apply_order.py[line:632]: 查询loan_order_id成功！
INFO - 2021-10-22 11:21:21,408 - new_apply_order.py[line:905]: 校验重试查询第1次
ERROR - 2021-10-22 11:21:22,418 - new_apply_order.py[line:801]: 放款完成或准备失败,目前的订单状态是35
INFO - 2021-10-22 11:21:22,418 - new_apply_order.py[line:802]: {'app': 'faikash', 'loan_order_id': '1451388149302562816', 'mobile': '734872874', 'order_status': 35}
INFO - 2021-10-22 11:21:23,282 - new_apply_order.py[line:632]: 查询loan_order_id成功！
INFO - 2021-10-22 11:21:23,483 - new_apply_order.py[line:770]: 放款回调成功！
INFO - 2021-10-22 11:21:23,484 - new_apply_order.py[line:905]: 校验重试查询第2次
INFO - 2021-10-22 11:21:24,498 - new_apply_order.py[line:799]: 放款完成或准备成功,目前的订单状态是40
INFO - 2021-10-22 11:21:24,498 - new_apply_order.py[line:802]: {'app': 'faikash', 'loan_order_id': '1451388149302562816', 'mobile': '734872874', 'order_status': 40}
INFO - 2021-10-22 11:21:24,499 - new_apply_order.py[line:922]: ===========完成第【1】次进件===========
INFO - 2021-10-22 11:21:24,499 - new_apply_order.py[line:925]: ======完成第【1】次进件,耗时10.49s=====
