INFO - 2021-12-29 15:47:18,052 - new_apply_order.py[line:892]: 开始第 moneyaccess【1】次进件……
INFO - 2021-12-29 15:47:18,053 - new_apply_order.py[line:83]: ======【nga测试环境】生成手机号：01640764038 ======
INFO - 2021-12-29 15:47:18,446 - new_apply_order.py[line:96]: 01640764038 检测用户存在成功！
INFO - 2021-12-29 15:47:18,503 - new_apply_order.py[line:105]: 01640764038 短信发送成功！
INFO - 2021-12-29 15:47:18,549 - new_apply_order.py[line:118]: 01640764038 注册成功！
INFO - 2021-12-29 15:47:18,599 - new_apply_order.py[line:134]: 01640764038 登录短信发送成功！
INFO - 2021-12-29 15:47:18,651 - new_apply_order.py[line:144]: userId=6247486924093661184,mobile=01640764038,token=44fa50468cb7c5f754c76f8a1706d18e 登录成功
INFO - 2021-12-29 15:47:18,756 - new_apply_order.py[line:211]: 个人信息提交成功！
INFO - 2021-12-29 15:47:18,833 - new_apply_order.py[line:222]: 联系人信息提交成功！
INFO - 2021-12-29 15:47:19,162 - new_apply_order.py[line:254]: 创建预审订单成功！
INFO - 2021-12-29 15:47:19,186 - new_apply_order.py[line:262]: 预审状态修改为通过,更新条数 1
INFO - 2021-12-29 15:47:19,206 - new_apply_order.py[line:265]: 更新初始额度！更新条数 1
INFO - 2021-12-29 15:47:19,493 - new_apply_order.py[line:341]: 活体图片上传成功！回写配置文件global_param.mp4_url
INFO - 2021-12-29 15:47:19,531 - new_apply_order.py[line:351]: 视频认证通过！
INFO - 2021-12-29 15:47:20,611 - new_apply_order.py[line:510]: bvn和银行卡绑卡认证通过！
INFO - 2021-12-29 15:47:20,947 - new_apply_order.py[line:561]: user更新1条
INFO - 2021-12-29 15:47:21,176 - new_apply_order.py[line:622]: 进件成功！执行sql将订单改为风控中……
INFO - 2021-12-29 15:47:22,220 - new_apply_order.py[line:628]: 订单表更新1条，信审更新1条
INFO - 2021-12-29 15:47:22,593 - new_apply_order.py[line:642]: 查询loan_order_id成功！
INFO - 2021-12-29 15:47:22,632 - new_apply_order.py[line:657]: 订单回调复审通过成功！
INFO - 2021-12-29 15:47:23,359 - new_apply_order.py[line:679]: 获取token成功！token=bearer 680fc62d-0359-49b7-8a37-469bf1026a4b！
INFO - 2021-12-29 15:47:23,728 - new_apply_order.py[line:642]: 查询loan_order_id成功！
INFO - 2021-12-29 15:47:24,321 - new_apply_order.py[line:697]: 后台已触发放款成功！
INFO - 2021-12-29 15:47:24,340 - new_apply_order.py[line:711]: xxl_job web 登录成功！
INFO - 2021-12-29 15:47:24,358 - new_apply_order.py[line:727]: xxl_job 放款准备作业执行成功！
INFO - 2021-12-29 15:47:25,728 - new_apply_order.py[line:642]: 查询loan_order_id成功！
INFO - 2021-12-29 15:47:25,750 - new_apply_order.py[line:735]: 修改放款准备完成时间成功！
INFO - 2021-12-29 15:47:25,759 - new_apply_order.py[line:743]: xxl_job 放款完成作业执行成功！
INFO - 2021-12-29 15:47:26,067 - new_apply_order.py[line:915]: 校验重试查询第1次
ERROR - 2021-12-29 15:47:27,084 - new_apply_order.py[line:811]: 放款完成或准备失败,目前的订单状态是35
INFO - 2021-12-29 15:47:27,084 - new_apply_order.py[line:812]: {'app': 'moneyaccess', 'loan_order_id': '1476097482187214848', 'mobile': '01640764038', 'order_status': 35}
INFO - 2021-12-29 15:47:27,597 - new_apply_order.py[line:915]: 校验重试查询第2次
INFO - 2021-12-29 15:47:28,614 - new_apply_order.py[line:809]: 放款完成或准备成功,目前的订单状态是40
INFO - 2021-12-29 15:47:28,614 - new_apply_order.py[line:812]: {'app': 'moneyaccess', 'loan_order_id': '1476097482187214848', 'mobile': '01640764038', 'order_status': 40}
INFO - 2021-12-29 15:47:28,615 - new_apply_order.py[line:932]: ===========完成第【1】次进件===========
INFO - 2021-12-29 15:47:28,615 - new_apply_order.py[line:892]: 开始第 moneyaccess【2】次进件……
INFO - 2021-12-29 15:47:28,616 - new_apply_order.py[line:83]: ======【nga测试环境】生成手机号：01640764048 ======
INFO - 2021-12-29 15:47:28,971 - new_apply_order.py[line:96]: 01640764048 检测用户存在成功！
INFO - 2021-12-29 15:47:29,036 - new_apply_order.py[line:105]: 01640764048 短信发送成功！
INFO - 2021-12-29 15:47:29,106 - new_apply_order.py[line:118]: 01640764048 注册成功！
INFO - 2021-12-29 15:47:29,156 - new_apply_order.py[line:134]: 01640764048 登录短信发送成功！
INFO - 2021-12-29 15:47:29,223 - new_apply_order.py[line:144]: userId=6247486968339374080,mobile=01640764048,token=ea9cfe16ca63441d3375d7a27e95b137 登录成功
INFO - 2021-12-29 15:47:29,347 - new_apply_order.py[line:211]: 个人信息提交成功！
INFO - 2021-12-29 15:47:29,410 - new_apply_order.py[line:222]: 联系人信息提交成功！
INFO - 2021-12-29 15:47:29,748 - new_apply_order.py[line:254]: 创建预审订单成功！
INFO - 2021-12-29 15:47:29,769 - new_apply_order.py[line:262]: 预审状态修改为通过,更新条数 1
INFO - 2021-12-29 15:47:29,786 - new_apply_order.py[line:265]: 更新初始额度！更新条数 1
INFO - 2021-12-29 15:47:30,036 - new_apply_order.py[line:341]: 活体图片上传成功！回写配置文件global_param.mp4_url
INFO - 2021-12-29 15:47:30,065 - new_apply_order.py[line:351]: 视频认证通过！
INFO - 2021-12-29 15:47:31,081 - new_apply_order.py[line:510]: bvn和银行卡绑卡认证通过！
INFO - 2021-12-29 15:47:31,428 - new_apply_order.py[line:561]: user更新1条
INFO - 2021-12-29 15:47:31,625 - new_apply_order.py[line:622]: 进件成功！执行sql将订单改为风控中……
INFO - 2021-12-29 15:47:32,668 - new_apply_order.py[line:628]: 订单表更新1条，信审更新1条
INFO - 2021-12-29 15:47:33,054 - new_apply_order.py[line:642]: 查询loan_order_id成功！
INFO - 2021-12-29 15:47:33,093 - new_apply_order.py[line:657]: 订单回调复审通过成功！
INFO - 2021-12-29 15:47:33,825 - new_apply_order.py[line:679]: 获取token成功！token=bearer 680fc62d-0359-49b7-8a37-469bf1026a4b！
INFO - 2021-12-29 15:47:34,192 - new_apply_order.py[line:642]: 查询loan_order_id成功！
INFO - 2021-12-29 15:47:34,553 - new_apply_order.py[line:697]: 后台已触发放款成功！
INFO - 2021-12-29 15:47:34,572 - new_apply_order.py[line:711]: xxl_job web 登录成功！
INFO - 2021-12-29 15:47:34,585 - new_apply_order.py[line:727]: xxl_job 放款准备作业执行成功！
INFO - 2021-12-29 15:47:35,954 - new_apply_order.py[line:642]: 查询loan_order_id成功！
INFO - 2021-12-29 15:47:35,972 - new_apply_order.py[line:735]: 修改放款准备完成时间成功！
INFO - 2021-12-29 15:47:35,981 - new_apply_order.py[line:743]: xxl_job 放款完成作业执行成功！
INFO - 2021-12-29 15:47:36,291 - new_apply_order.py[line:915]: 校验重试查询第1次
ERROR - 2021-12-29 15:47:37,309 - new_apply_order.py[line:811]: 放款完成或准备失败,目前的订单状态是35
INFO - 2021-12-29 15:47:37,309 - new_apply_order.py[line:812]: {'app': 'moneyaccess', 'loan_order_id': '1476097526474870784', 'mobile': '01640764048', 'order_status': 35}
INFO - 2021-12-29 15:47:37,821 - new_apply_order.py[line:915]: 校验重试查询第2次
INFO - 2021-12-29 15:47:38,841 - new_apply_order.py[line:809]: 放款完成或准备成功,目前的订单状态是40
INFO - 2021-12-29 15:47:38,841 - new_apply_order.py[line:812]: {'app': 'moneyaccess', 'loan_order_id': '1476097526474870784', 'mobile': '01640764048', 'order_status': 40}
INFO - 2021-12-29 15:47:38,842 - new_apply_order.py[line:932]: ===========完成第【2】次进件===========
INFO - 2021-12-29 15:47:38,842 - new_apply_order.py[line:892]: 开始第 moneyaccess【3】次进件……
INFO - 2021-12-29 15:47:38,844 - new_apply_order.py[line:83]: ======【nga测试环境】生成手机号：01640764058 ======
INFO - 2021-12-29 15:47:39,193 - new_apply_order.py[line:96]: 01640764058 检测用户存在成功！
INFO - 2021-12-29 15:47:39,237 - new_apply_order.py[line:105]: 01640764058 短信发送成功！
INFO - 2021-12-29 15:47:39,280 - new_apply_order.py[line:118]: 01640764058 注册成功！
INFO - 2021-12-29 15:47:39,334 - new_apply_order.py[line:134]: 01640764058 登录短信发送成功！
INFO - 2021-12-29 15:47:39,386 - new_apply_order.py[line:144]: userId=6247487011062554624,mobile=01640764058,token=5baada72a4e12f392cb4a60ae0ae2992 登录成功
INFO - 2021-12-29 15:47:39,498 - new_apply_order.py[line:211]: 个人信息提交成功！
INFO - 2021-12-29 15:47:39,553 - new_apply_order.py[line:222]: 联系人信息提交成功！
INFO - 2021-12-29 15:47:39,760 - new_apply_order.py[line:254]: 创建预审订单成功！
INFO - 2021-12-29 15:47:39,777 - new_apply_order.py[line:262]: 预审状态修改为通过,更新条数 1
INFO - 2021-12-29 15:47:39,790 - new_apply_order.py[line:265]: 更新初始额度！更新条数 1
INFO - 2021-12-29 15:47:40,019 - new_apply_order.py[line:341]: 活体图片上传成功！回写配置文件global_param.mp4_url
INFO - 2021-12-29 15:47:40,053 - new_apply_order.py[line:351]: 视频认证通过！
INFO - 2021-12-29 15:47:41,025 - new_apply_order.py[line:510]: bvn和银行卡绑卡认证通过！
INFO - 2021-12-29 15:47:41,364 - new_apply_order.py[line:561]: user更新1条
INFO - 2021-12-29 15:47:41,577 - new_apply_order.py[line:622]: 进件成功！执行sql将订单改为风控中……
INFO - 2021-12-29 15:47:42,611 - new_apply_order.py[line:628]: 订单表更新1条，信审更新1条
INFO - 2021-12-29 15:47:42,977 - new_apply_order.py[line:642]: 查询loan_order_id成功！
INFO - 2021-12-29 15:47:43,016 - new_apply_order.py[line:657]: 订单回调复审通过成功！
INFO - 2021-12-29 15:47:43,778 - new_apply_order.py[line:679]: 获取token成功！token=bearer 680fc62d-0359-49b7-8a37-469bf1026a4b！
INFO - 2021-12-29 15:47:44,140 - new_apply_order.py[line:642]: 查询loan_order_id成功！
INFO - 2021-12-29 15:47:44,481 - new_apply_order.py[line:697]: 后台已触发放款成功！
INFO - 2021-12-29 15:47:44,498 - new_apply_order.py[line:711]: xxl_job web 登录成功！
INFO - 2021-12-29 15:47:44,512 - new_apply_order.py[line:727]: xxl_job 放款准备作业执行成功！
INFO - 2021-12-29 15:47:45,878 - new_apply_order.py[line:642]: 查询loan_order_id成功！
INFO - 2021-12-29 15:47:45,899 - new_apply_order.py[line:735]: 修改放款准备完成时间成功！
INFO - 2021-12-29 15:47:45,909 - new_apply_order.py[line:743]: xxl_job 放款完成作业执行成功！
INFO - 2021-12-29 15:47:46,218 - new_apply_order.py[line:915]: 校验重试查询第1次
ERROR - 2021-12-29 15:47:47,234 - new_apply_order.py[line:811]: 放款完成或准备失败,目前的订单状态是35
INFO - 2021-12-29 15:47:47,235 - new_apply_order.py[line:812]: {'app': 'moneyaccess', 'loan_order_id': '1476097568833146880', 'mobile': '01640764058', 'order_status': 35}
INFO - 2021-12-29 15:47:47,744 - new_apply_order.py[line:915]: 校验重试查询第2次
INFO - 2021-12-29 15:47:48,757 - new_apply_order.py[line:809]: 放款完成或准备成功,目前的订单状态是40
INFO - 2021-12-29 15:47:48,757 - new_apply_order.py[line:812]: {'app': 'moneyaccess', 'loan_order_id': '1476097568833146880', 'mobile': '01640764058', 'order_status': 40}
INFO - 2021-12-29 15:47:48,757 - new_apply_order.py[line:932]: ===========完成第【3】次进件===========
INFO - 2021-12-29 15:47:48,758 - new_apply_order.py[line:892]: 开始第 moneyaccess【4】次进件……
INFO - 2021-12-29 15:47:48,759 - new_apply_order.py[line:83]: ======【nga测试环境】生成手机号：01640764068 ======
INFO - 2021-12-29 15:47:49,105 - new_apply_order.py[line:96]: 01640764068 检测用户存在成功！
INFO - 2021-12-29 15:47:49,150 - new_apply_order.py[line:105]: 01640764068 短信发送成功！
INFO - 2021-12-29 15:47:49,194 - new_apply_order.py[line:118]: 01640764068 注册成功！
INFO - 2021-12-29 15:47:49,244 - new_apply_order.py[line:134]: 01640764068 登录短信发送成功！
INFO - 2021-12-29 15:47:49,294 - new_apply_order.py[line:144]: userId=6247487052636495872,mobile=01640764068,token=1256c72cbaf9d10255881d445bf28272 登录成功
INFO - 2021-12-29 15:47:49,426 - new_apply_order.py[line:211]: 个人信息提交成功！
INFO - 2021-12-29 15:47:49,485 - new_apply_order.py[line:222]: 联系人信息提交成功！
INFO - 2021-12-29 15:47:49,691 - new_apply_order.py[line:254]: 创建预审订单成功！
INFO - 2021-12-29 15:47:49,710 - new_apply_order.py[line:262]: 预审状态修改为通过,更新条数 1
INFO - 2021-12-29 15:47:49,724 - new_apply_order.py[line:265]: 更新初始额度！更新条数 1
INFO - 2021-12-29 15:47:49,985 - new_apply_order.py[line:341]: 活体图片上传成功！回写配置文件global_param.mp4_url
INFO - 2021-12-29 15:47:50,015 - new_apply_order.py[line:351]: 视频认证通过！
INFO - 2021-12-29 15:47:51,050 - new_apply_order.py[line:510]: bvn和银行卡绑卡认证通过！
INFO - 2021-12-29 15:47:51,382 - new_apply_order.py[line:561]: user更新1条
INFO - 2021-12-29 15:47:51,571 - new_apply_order.py[line:622]: 进件成功！执行sql将订单改为风控中……
INFO - 2021-12-29 15:47:52,618 - new_apply_order.py[line:628]: 订单表更新1条，信审更新1条
INFO - 2021-12-29 15:47:52,988 - new_apply_order.py[line:642]: 查询loan_order_id成功！
INFO - 2021-12-29 15:47:53,025 - new_apply_order.py[line:657]: 订单回调复审通过成功！
INFO - 2021-12-29 15:47:53,785 - new_apply_order.py[line:679]: 获取token成功！token=bearer 680fc62d-0359-49b7-8a37-469bf1026a4b！
INFO - 2021-12-29 15:47:54,159 - new_apply_order.py[line:642]: 查询loan_order_id成功！
INFO - 2021-12-29 15:47:54,457 - new_apply_order.py[line:697]: 后台已触发放款成功！
INFO - 2021-12-29 15:47:54,473 - new_apply_order.py[line:711]: xxl_job web 登录成功！
INFO - 2021-12-29 15:47:54,486 - new_apply_order.py[line:727]: xxl_job 放款准备作业执行成功！
INFO - 2021-12-29 15:47:55,850 - new_apply_order.py[line:642]: 查询loan_order_id成功！
INFO - 2021-12-29 15:47:55,865 - new_apply_order.py[line:735]: 修改放款准备完成时间成功！
INFO - 2021-12-29 15:47:55,872 - new_apply_order.py[line:743]: xxl_job 放款完成作业执行成功！
INFO - 2021-12-29 15:47:56,179 - new_apply_order.py[line:915]: 校验重试查询第1次
ERROR - 2021-12-29 15:47:57,197 - new_apply_order.py[line:811]: 放款完成或准备失败,目前的订单状态是35
INFO - 2021-12-29 15:47:57,197 - new_apply_order.py[line:812]: {'app': 'moneyaccess', 'loan_order_id': '1476097610532917248', 'mobile': '01640764068', 'order_status': 35}
INFO - 2021-12-29 15:47:57,706 - new_apply_order.py[line:915]: 校验重试查询第2次
INFO - 2021-12-29 15:47:58,726 - new_apply_order.py[line:809]: 放款完成或准备成功,目前的订单状态是40
INFO - 2021-12-29 15:47:58,726 - new_apply_order.py[line:812]: {'app': 'moneyaccess', 'loan_order_id': '1476097610532917248', 'mobile': '01640764068', 'order_status': 40}
INFO - 2021-12-29 15:47:58,727 - new_apply_order.py[line:932]: ===========完成第【4】次进件===========
INFO - 2021-12-29 15:47:58,727 - new_apply_order.py[line:892]: 开始第 moneyaccess【5】次进件……
INFO - 2021-12-29 15:47:58,729 - new_apply_order.py[line:83]: ======【nga测试环境】生成手机号：01640764078 ======
INFO - 2021-12-29 15:47:59,086 - new_apply_order.py[line:96]: 01640764078 检测用户存在成功！
INFO - 2021-12-29 15:47:59,132 - new_apply_order.py[line:105]: 01640764078 短信发送成功！
INFO - 2021-12-29 15:47:59,187 - new_apply_order.py[line:118]: 01640764078 注册成功！
INFO - 2021-12-29 15:47:59,281 - new_apply_order.py[line:134]: 01640764078 登录短信发送成功！
INFO - 2021-12-29 15:47:59,380 - new_apply_order.py[line:144]: userId=6247487094541787136,mobile=01640764078,token=703bebf2040f25e0823ee10084f06e65 登录成功
INFO - 2021-12-29 15:47:59,552 - new_apply_order.py[line:211]: 个人信息提交成功！
INFO - 2021-12-29 15:47:59,612 - new_apply_order.py[line:222]: 联系人信息提交成功！
INFO - 2021-12-29 15:47:59,969 - new_apply_order.py[line:254]: 创建预审订单成功！
INFO - 2021-12-29 15:47:59,982 - new_apply_order.py[line:262]: 预审状态修改为通过,更新条数 1
INFO - 2021-12-29 15:47:59,992 - new_apply_order.py[line:265]: 更新初始额度！更新条数 1
INFO - 2021-12-29 15:48:00,311 - new_apply_order.py[line:341]: 活体图片上传成功！回写配置文件global_param.mp4_url
INFO - 2021-12-29 15:48:00,349 - new_apply_order.py[line:351]: 视频认证通过！
INFO - 2021-12-29 15:48:01,419 - new_apply_order.py[line:510]: bvn和银行卡绑卡认证通过！
INFO - 2021-12-29 15:48:01,752 - new_apply_order.py[line:561]: user更新1条
INFO - 2021-12-29 15:48:01,988 - new_apply_order.py[line:622]: 进件成功！执行sql将订单改为风控中……
INFO - 2021-12-29 15:48:03,022 - new_apply_order.py[line:628]: 订单表更新1条，信审更新1条
INFO - 2021-12-29 15:48:03,385 - new_apply_order.py[line:642]: 查询loan_order_id成功！
INFO - 2021-12-29 15:48:03,419 - new_apply_order.py[line:657]: 订单回调复审通过成功！
INFO - 2021-12-29 15:48:04,216 - new_apply_order.py[line:679]: 获取token成功！token=bearer 680fc62d-0359-49b7-8a37-469bf1026a4b！
INFO - 2021-12-29 15:48:04,586 - new_apply_order.py[line:642]: 查询loan_order_id成功！
INFO - 2021-12-29 15:48:04,916 - new_apply_order.py[line:697]: 后台已触发放款成功！
INFO - 2021-12-29 15:48:04,925 - new_apply_order.py[line:711]: xxl_job web 登录成功！
INFO - 2021-12-29 15:48:04,933 - new_apply_order.py[line:727]: xxl_job 放款准备作业执行成功！
INFO - 2021-12-29 15:48:06,300 - new_apply_order.py[line:642]: 查询loan_order_id成功！
INFO - 2021-12-29 15:48:06,318 - new_apply_order.py[line:735]: 修改放款准备完成时间成功！
INFO - 2021-12-29 15:48:06,327 - new_apply_order.py[line:743]: xxl_job 放款完成作业执行成功！
INFO - 2021-12-29 15:48:06,638 - new_apply_order.py[line:915]: 校验重试查询第1次
INFO - 2021-12-29 15:48:07,655 - new_apply_order.py[line:809]: 放款完成或准备成功,目前的订单状态是40
INFO - 2021-12-29 15:48:07,655 - new_apply_order.py[line:812]: {'app': 'moneyaccess', 'loan_order_id': '1476097653117685760', 'mobile': '01640764078', 'order_status': 40}
INFO - 2021-12-29 15:48:07,656 - new_apply_order.py[line:932]: ===========完成第【5】次进件===========
INFO - 2021-12-29 15:48:07,656 - new_apply_order.py[line:892]: 开始第 moneyaccess【6】次进件……
INFO - 2021-12-29 15:48:07,658 - new_apply_order.py[line:83]: ======【nga测试环境】生成手机号：01640764087 ======
INFO - 2021-12-29 15:48:08,006 - new_apply_order.py[line:96]: 01640764087 检测用户存在成功！
INFO - 2021-12-29 15:48:08,043 - new_apply_order.py[line:105]: 01640764087 短信发送成功！
INFO - 2021-12-29 15:48:08,086 - new_apply_order.py[line:118]: 01640764087 注册成功！
INFO - 2021-12-29 15:48:08,132 - new_apply_order.py[line:134]: 01640764087 登录短信发送成功！
INFO - 2021-12-29 15:48:08,181 - new_apply_order.py[line:144]: userId=6247487131879481344,mobile=01640764087,token=453d073d78aa2795666711d5766eee3b 登录成功
INFO - 2021-12-29 15:48:08,280 - new_apply_order.py[line:211]: 个人信息提交成功！
INFO - 2021-12-29 15:48:08,340 - new_apply_order.py[line:222]: 联系人信息提交成功！
INFO - 2021-12-29 15:48:08,585 - new_apply_order.py[line:254]: 创建预审订单成功！
INFO - 2021-12-29 15:48:08,602 - new_apply_order.py[line:262]: 预审状态修改为通过,更新条数 1
INFO - 2021-12-29 15:48:08,615 - new_apply_order.py[line:265]: 更新初始额度！更新条数 1
INFO - 2021-12-29 15:48:08,867 - new_apply_order.py[line:341]: 活体图片上传成功！回写配置文件global_param.mp4_url
INFO - 2021-12-29 15:48:08,901 - new_apply_order.py[line:351]: 视频认证通过！
INFO - 2021-12-29 15:48:09,924 - new_apply_order.py[line:510]: bvn和银行卡绑卡认证通过！
INFO - 2021-12-29 15:48:10,231 - new_apply_order.py[line:561]: user更新1条
INFO - 2021-12-29 15:48:10,399 - new_apply_order.py[line:622]: 进件成功！执行sql将订单改为风控中……
INFO - 2021-12-29 15:48:11,446 - new_apply_order.py[line:628]: 订单表更新1条，信审更新1条
INFO - 2021-12-29 15:48:11,833 - new_apply_order.py[line:642]: 查询loan_order_id成功！
INFO - 2021-12-29 15:48:11,872 - new_apply_order.py[line:657]: 订单回调复审通过成功！
INFO - 2021-12-29 15:48:12,641 - new_apply_order.py[line:679]: 获取token成功！token=bearer 680fc62d-0359-49b7-8a37-469bf1026a4b！
INFO - 2021-12-29 15:48:13,004 - new_apply_order.py[line:642]: 查询loan_order_id成功！
INFO - 2021-12-29 15:48:13,314 - new_apply_order.py[line:697]: 后台已触发放款成功！
INFO - 2021-12-29 15:48:13,330 - new_apply_order.py[line:711]: xxl_job web 登录成功！
INFO - 2021-12-29 15:48:13,344 - new_apply_order.py[line:727]: xxl_job 放款准备作业执行成功！
INFO - 2021-12-29 15:48:14,708 - new_apply_order.py[line:642]: 查询loan_order_id成功！
INFO - 2021-12-29 15:48:14,731 - new_apply_order.py[line:735]: 修改放款准备完成时间成功！
INFO - 2021-12-29 15:48:14,742 - new_apply_order.py[line:743]: xxl_job 放款完成作业执行成功！
INFO - 2021-12-29 15:48:15,053 - new_apply_order.py[line:915]: 校验重试查询第1次
INFO - 2021-12-29 15:48:16,067 - new_apply_order.py[line:809]: 放款完成或准备成功,目前的订单状态是40
INFO - 2021-12-29 15:48:16,067 - new_apply_order.py[line:812]: {'app': 'moneyaccess', 'loan_order_id': '1476097689687822336', 'mobile': '01640764087', 'order_status': 40}
INFO - 2021-12-29 15:48:16,068 - new_apply_order.py[line:932]: ===========完成第【6】次进件===========
INFO - 2021-12-29 15:48:16,068 - new_apply_order.py[line:892]: 开始第 moneyaccess【7】次进件……
INFO - 2021-12-29 15:48:16,070 - new_apply_order.py[line:83]: ======【nga测试环境】生成手机号：01640764096 ======
INFO - 2021-12-29 15:48:16,420 - new_apply_order.py[line:96]: 01640764096 检测用户存在成功！
INFO - 2021-12-29 15:48:16,458 - new_apply_order.py[line:105]: 01640764096 短信发送成功！
INFO - 2021-12-29 15:48:16,501 - new_apply_order.py[line:118]: 01640764096 注册成功！
INFO - 2021-12-29 15:48:16,553 - new_apply_order.py[line:134]: 01640764096 登录短信发送成功！
INFO - 2021-12-29 15:48:16,600 - new_apply_order.py[line:144]: userId=6247487167174549504,mobile=01640764096,token=2c98ece615dbe81717cf93e10a770088 登录成功
INFO - 2021-12-29 15:48:16,693 - new_apply_order.py[line:211]: 个人信息提交成功！
INFO - 2021-12-29 15:48:16,746 - new_apply_order.py[line:222]: 联系人信息提交成功！
INFO - 2021-12-29 15:48:16,938 - new_apply_order.py[line:254]: 创建预审订单成功！
INFO - 2021-12-29 15:48:16,958 - new_apply_order.py[line:262]: 预审状态修改为通过,更新条数 1
INFO - 2021-12-29 15:48:16,979 - new_apply_order.py[line:265]: 更新初始额度！更新条数 1
INFO - 2021-12-29 15:48:17,243 - new_apply_order.py[line:341]: 活体图片上传成功！回写配置文件global_param.mp4_url
INFO - 2021-12-29 15:48:17,281 - new_apply_order.py[line:351]: 视频认证通过！
INFO - 2021-12-29 15:48:18,303 - new_apply_order.py[line:510]: bvn和银行卡绑卡认证通过！
INFO - 2021-12-29 15:48:18,652 - new_apply_order.py[line:561]: user更新1条
INFO - 2021-12-29 15:48:18,828 - new_apply_order.py[line:622]: 进件成功！执行sql将订单改为风控中……
INFO - 2021-12-29 15:48:19,864 - new_apply_order.py[line:628]: 订单表更新1条，信审更新1条
INFO - 2021-12-29 15:48:20,221 - new_apply_order.py[line:642]: 查询loan_order_id成功！
INFO - 2021-12-29 15:48:20,258 - new_apply_order.py[line:657]: 订单回调复审通过成功！
INFO - 2021-12-29 15:48:21,024 - new_apply_order.py[line:679]: 获取token成功！token=bearer 680fc62d-0359-49b7-8a37-469bf1026a4b！
INFO - 2021-12-29 15:48:21,381 - new_apply_order.py[line:642]: 查询loan_order_id成功！
INFO - 2021-12-29 15:48:21,705 - new_apply_order.py[line:697]: 后台已触发放款成功！
INFO - 2021-12-29 15:48:21,719 - new_apply_order.py[line:711]: xxl_job web 登录成功！
INFO - 2021-12-29 15:48:21,733 - new_apply_order.py[line:727]: xxl_job 放款准备作业执行成功！
INFO - 2021-12-29 15:48:23,103 - new_apply_order.py[line:642]: 查询loan_order_id成功！
INFO - 2021-12-29 15:48:23,121 - new_apply_order.py[line:735]: 修改放款准备完成时间成功！
INFO - 2021-12-29 15:48:23,130 - new_apply_order.py[line:743]: xxl_job 放款完成作业执行成功！
INFO - 2021-12-29 15:48:23,441 - new_apply_order.py[line:915]: 校验重试查询第1次
ERROR - 2021-12-29 15:48:24,458 - new_apply_order.py[line:811]: 放款完成或准备失败,目前的订单状态是35
INFO - 2021-12-29 15:48:24,458 - new_apply_order.py[line:812]: {'app': 'moneyaccess', 'loan_order_id': '1476097724823506944', 'mobile': '01640764096', 'order_status': 35}
INFO - 2021-12-29 15:48:24,964 - new_apply_order.py[line:915]: 校验重试查询第2次
INFO - 2021-12-29 15:48:25,982 - new_apply_order.py[line:809]: 放款完成或准备成功,目前的订单状态是40
INFO - 2021-12-29 15:48:25,982 - new_apply_order.py[line:812]: {'app': 'moneyaccess', 'loan_order_id': '1476097724823506944', 'mobile': '01640764096', 'order_status': 40}
INFO - 2021-12-29 15:48:25,983 - new_apply_order.py[line:932]: ===========完成第【7】次进件===========
INFO - 2021-12-29 15:48:25,983 - new_apply_order.py[line:892]: 开始第 moneyaccess【8】次进件……
INFO - 2021-12-29 15:48:25,984 - new_apply_order.py[line:83]: ======【nga测试环境】生成手机号：01640764105 ======
INFO - 2021-12-29 15:48:26,336 - new_apply_order.py[line:96]: 01640764105 检测用户存在成功！
INFO - 2021-12-29 15:48:26,376 - new_apply_order.py[line:105]: 01640764105 短信发送成功！
INFO - 2021-12-29 15:48:26,421 - new_apply_order.py[line:118]: 01640764105 注册成功！
INFO - 2021-12-29 15:48:26,471 - new_apply_order.py[line:134]: 01640764105 登录短信发送成功！
INFO - 2021-12-29 15:48:26,518 - new_apply_order.py[line:144]: userId=6247487208769462272,mobile=01640764105,token=ada26c4700cae0df4adc51d47fc09a78 登录成功
INFO - 2021-12-29 15:48:26,627 - new_apply_order.py[line:211]: 个人信息提交成功！
INFO - 2021-12-29 15:48:26,681 - new_apply_order.py[line:222]: 联系人信息提交成功！
INFO - 2021-12-29 15:48:26,933 - new_apply_order.py[line:254]: 创建预审订单成功！
INFO - 2021-12-29 15:48:26,955 - new_apply_order.py[line:262]: 预审状态修改为通过,更新条数 1
INFO - 2021-12-29 15:48:26,976 - new_apply_order.py[line:265]: 更新初始额度！更新条数 1
INFO - 2021-12-29 15:48:27,247 - new_apply_order.py[line:341]: 活体图片上传成功！回写配置文件global_param.mp4_url
INFO - 2021-12-29 15:48:27,287 - new_apply_order.py[line:351]: 视频认证通过！
INFO - 2021-12-29 15:48:28,214 - new_apply_order.py[line:510]: bvn和银行卡绑卡认证通过！
INFO - 2021-12-29 15:48:28,549 - new_apply_order.py[line:561]: user更新1条
INFO - 2021-12-29 15:48:28,807 - new_apply_order.py[line:622]: 进件成功！执行sql将订单改为风控中……
INFO - 2021-12-29 15:48:29,852 - new_apply_order.py[line:628]: 订单表更新1条，信审更新1条
INFO - 2021-12-29 15:48:30,234 - new_apply_order.py[line:642]: 查询loan_order_id成功！
INFO - 2021-12-29 15:48:30,276 - new_apply_order.py[line:657]: 订单回调复审通过成功！
INFO - 2021-12-29 15:48:31,029 - new_apply_order.py[line:679]: 获取token成功！token=bearer 680fc62d-0359-49b7-8a37-469bf1026a4b！
INFO - 2021-12-29 15:48:31,394 - new_apply_order.py[line:642]: 查询loan_order_id成功！
INFO - 2021-12-29 15:48:31,689 - new_apply_order.py[line:697]: 后台已触发放款成功！
INFO - 2021-12-29 15:48:31,705 - new_apply_order.py[line:711]: xxl_job web 登录成功！
INFO - 2021-12-29 15:48:31,719 - new_apply_order.py[line:727]: xxl_job 放款准备作业执行成功！
INFO - 2021-12-29 15:48:33,083 - new_apply_order.py[line:642]: 查询loan_order_id成功！
INFO - 2021-12-29 15:48:33,098 - new_apply_order.py[line:735]: 修改放款准备完成时间成功！
INFO - 2021-12-29 15:48:33,105 - new_apply_order.py[line:743]: xxl_job 放款完成作业执行成功！
INFO - 2021-12-29 15:48:33,412 - new_apply_order.py[line:915]: 校验重试查询第1次
ERROR - 2021-12-29 15:48:34,430 - new_apply_order.py[line:811]: 放款完成或准备失败,目前的订单状态是35
INFO - 2021-12-29 15:48:34,430 - new_apply_order.py[line:812]: {'app': 'moneyaccess', 'loan_order_id': '1476097766619746304', 'mobile': '01640764105', 'order_status': 35}
INFO - 2021-12-29 15:48:34,934 - new_apply_order.py[line:915]: 校验重试查询第2次
INFO - 2021-12-29 15:48:35,956 - new_apply_order.py[line:809]: 放款完成或准备成功,目前的订单状态是40
INFO - 2021-12-29 15:48:35,956 - new_apply_order.py[line:812]: {'app': 'moneyaccess', 'loan_order_id': '1476097766619746304', 'mobile': '01640764105', 'order_status': 40}
INFO - 2021-12-29 15:48:35,957 - new_apply_order.py[line:932]: ===========完成第【8】次进件===========
INFO - 2021-12-29 15:48:35,957 - new_apply_order.py[line:892]: 开始第 moneyaccess【9】次进件……
INFO - 2021-12-29 15:48:35,959 - new_apply_order.py[line:83]: ======【nga测试环境】生成手机号：01640764115 ======
INFO - 2021-12-29 15:48:36,302 - new_apply_order.py[line:96]: 01640764115 检测用户存在成功！
INFO - 2021-12-29 15:48:36,335 - new_apply_order.py[line:105]: 01640764115 短信发送成功！
INFO - 2021-12-29 15:48:36,371 - new_apply_order.py[line:118]: 01640764115 注册成功！
INFO - 2021-12-29 15:48:36,411 - new_apply_order.py[line:134]: 01640764115 登录短信发送成功！
INFO - 2021-12-29 15:48:36,462 - new_apply_order.py[line:144]: userId=6247487250523758592,mobile=01640764115,token=3f45a99810a2409f60e465b377706eda 登录成功
INFO - 2021-12-29 15:48:36,564 - new_apply_order.py[line:211]: 个人信息提交成功！
INFO - 2021-12-29 15:48:36,620 - new_apply_order.py[line:222]: 联系人信息提交成功！
INFO - 2021-12-29 15:48:36,867 - new_apply_order.py[line:254]: 创建预审订单成功！
INFO - 2021-12-29 15:48:36,890 - new_apply_order.py[line:262]: 预审状态修改为通过,更新条数 1
INFO - 2021-12-29 15:48:36,913 - new_apply_order.py[line:265]: 更新初始额度！更新条数 1
INFO - 2021-12-29 15:48:37,217 - new_apply_order.py[line:341]: 活体图片上传成功！回写配置文件global_param.mp4_url
INFO - 2021-12-29 15:48:37,263 - new_apply_order.py[line:351]: 视频认证通过！
INFO - 2021-12-29 15:48:38,303 - new_apply_order.py[line:510]: bvn和银行卡绑卡认证通过！
INFO - 2021-12-29 15:48:38,661 - new_apply_order.py[line:561]: user更新1条
INFO - 2021-12-29 15:48:38,873 - new_apply_order.py[line:622]: 进件成功！执行sql将订单改为风控中……
INFO - 2021-12-29 15:48:39,898 - new_apply_order.py[line:628]: 订单表更新1条，信审更新1条
INFO - 2021-12-29 15:48:40,260 - new_apply_order.py[line:642]: 查询loan_order_id成功！
INFO - 2021-12-29 15:48:40,297 - new_apply_order.py[line:657]: 订单回调复审通过成功！
INFO - 2021-12-29 15:48:41,095 - new_apply_order.py[line:679]: 获取token成功！token=bearer 680fc62d-0359-49b7-8a37-469bf1026a4b！
INFO - 2021-12-29 15:48:41,472 - new_apply_order.py[line:642]: 查询loan_order_id成功！
INFO - 2021-12-29 15:48:41,795 - new_apply_order.py[line:697]: 后台已触发放款成功！
INFO - 2021-12-29 15:48:41,811 - new_apply_order.py[line:711]: xxl_job web 登录成功！
INFO - 2021-12-29 15:48:41,825 - new_apply_order.py[line:727]: xxl_job 放款准备作业执行成功！
INFO - 2021-12-29 15:48:43,185 - new_apply_order.py[line:642]: 查询loan_order_id成功！
INFO - 2021-12-29 15:48:43,204 - new_apply_order.py[line:735]: 修改放款准备完成时间成功！
INFO - 2021-12-29 15:48:43,213 - new_apply_order.py[line:743]: xxl_job 放款完成作业执行成功！
INFO - 2021-12-29 15:48:43,520 - new_apply_order.py[line:915]: 校验重试查询第1次
INFO - 2021-12-29 15:48:44,537 - new_apply_order.py[line:809]: 放款完成或准备成功,目前的订单状态是40
INFO - 2021-12-29 15:48:44,537 - new_apply_order.py[line:812]: {'app': 'moneyaccess', 'loan_order_id': '1476097808214659072', 'mobile': '01640764115', 'order_status': 40}
INFO - 2021-12-29 15:48:44,538 - new_apply_order.py[line:932]: ===========完成第【9】次进件===========
INFO - 2021-12-29 15:48:44,538 - new_apply_order.py[line:892]: 开始第 moneyaccess【10】次进件……
INFO - 2021-12-29 15:48:44,540 - new_apply_order.py[line:83]: ======【nga测试环境】生成手机号：01640764124 ======
INFO - 2021-12-29 15:48:44,888 - new_apply_order.py[line:96]: 01640764124 检测用户存在成功！
INFO - 2021-12-29 15:48:44,921 - new_apply_order.py[line:105]: 01640764124 短信发送成功！
INFO - 2021-12-29 15:48:44,963 - new_apply_order.py[line:118]: 01640764124 注册成功！
INFO - 2021-12-29 15:48:45,005 - new_apply_order.py[line:134]: 01640764124 登录短信发送成功！
INFO - 2021-12-29 15:48:45,048 - new_apply_order.py[line:144]: userId=6247487286548635648,mobile=01640764124,token=3b9e7c8574a0087950b5ccc4b6e9a441 登录成功
INFO - 2021-12-29 15:48:45,137 - new_apply_order.py[line:211]: 个人信息提交成功！
INFO - 2021-12-29 15:48:45,187 - new_apply_order.py[line:222]: 联系人信息提交成功！
INFO - 2021-12-29 15:48:45,387 - new_apply_order.py[line:254]: 创建预审订单成功！
INFO - 2021-12-29 15:48:45,403 - new_apply_order.py[line:262]: 预审状态修改为通过,更新条数 1
INFO - 2021-12-29 15:48:45,416 - new_apply_order.py[line:265]: 更新初始额度！更新条数 1
INFO - 2021-12-29 15:48:45,652 - new_apply_order.py[line:341]: 活体图片上传成功！回写配置文件global_param.mp4_url
INFO - 2021-12-29 15:48:45,688 - new_apply_order.py[line:351]: 视频认证通过！
INFO - 2021-12-29 15:48:46,673 - new_apply_order.py[line:510]: bvn和银行卡绑卡认证通过！
INFO - 2021-12-29 15:48:47,019 - new_apply_order.py[line:561]: user更新1条
INFO - 2021-12-29 15:48:47,198 - new_apply_order.py[line:622]: 进件成功！执行sql将订单改为风控中……
INFO - 2021-12-29 15:48:48,236 - new_apply_order.py[line:628]: 订单表更新1条，信审更新1条
INFO - 2021-12-29 15:48:48,606 - new_apply_order.py[line:642]: 查询loan_order_id成功！
INFO - 2021-12-29 15:48:48,643 - new_apply_order.py[line:657]: 订单回调复审通过成功！
INFO - 2021-12-29 15:48:49,422 - new_apply_order.py[line:679]: 获取token成功！token=bearer 680fc62d-0359-49b7-8a37-469bf1026a4b！
INFO - 2021-12-29 15:48:49,787 - new_apply_order.py[line:642]: 查询loan_order_id成功！
INFO - 2021-12-29 15:48:50,073 - new_apply_order.py[line:697]: 后台已触发放款成功！
INFO - 2021-12-29 15:48:50,082 - new_apply_order.py[line:711]: xxl_job web 登录成功！
INFO - 2021-12-29 15:48:50,093 - new_apply_order.py[line:727]: xxl_job 放款准备作业执行成功！
INFO - 2021-12-29 15:48:51,457 - new_apply_order.py[line:642]: 查询loan_order_id成功！
INFO - 2021-12-29 15:48:51,476 - new_apply_order.py[line:735]: 修改放款准备完成时间成功！
INFO - 2021-12-29 15:48:51,485 - new_apply_order.py[line:743]: xxl_job 放款完成作业执行成功！
INFO - 2021-12-29 15:48:51,797 - new_apply_order.py[line:915]: 校验重试查询第1次
INFO - 2021-12-29 15:48:52,811 - new_apply_order.py[line:809]: 放款完成或准备成功,目前的订单状态是40
INFO - 2021-12-29 15:48:52,811 - new_apply_order.py[line:812]: {'app': 'moneyaccess', 'loan_order_id': '1476097844101124096', 'mobile': '01640764124', 'order_status': 40}
INFO - 2021-12-29 15:48:52,812 - new_apply_order.py[line:932]: ===========完成第【10】次进件===========
INFO - 2021-12-29 15:48:52,812 - new_apply_order.py[line:935]: ======完成第【10】次进件,耗时94.76s=====
