INFO - 2021-11-04 18:01:37,625 - new_apply_order.py[line:882]: 开始第 ncredit【1】次进件……
INFO - 2021-11-04 18:01:37,625 - new_apply_order.py[line:84]: ======【nga测试环境】生成手机号：01636020097 ======
INFO - 2021-11-04 18:01:38,024 - new_apply_order.py[line:97]: 01636020097 检测用户存在成功！
INFO - 2021-11-04 18:01:38,121 - new_apply_order.py[line:106]: 01636020097 短信发送成功！
INFO - 2021-11-04 18:01:38,503 - new_apply_order.py[line:119]: 01636020097 注册成功！
INFO - 2021-11-04 18:01:38,597 - new_apply_order.py[line:135]: 01636020097 登录短信发送成功！
INFO - 2021-11-04 18:01:38,688 - new_apply_order.py[line:145]: userId=6227589396389961728,mobile=01636020097,token=e40a5d54cd82280dfa79b9585da9e42a 登录成功
INFO - 2021-11-04 18:01:38,907 - new_apply_order.py[line:212]: 个人信息提交成功！
INFO - 2021-11-04 18:01:39,100 - new_apply_order.py[line:223]: 联系人信息提交成功！
INFO - 2021-11-04 18:01:39,684 - new_apply_order.py[line:255]: 创建预审订单成功！
INFO - 2021-11-04 18:01:39,706 - new_apply_order.py[line:263]: 预审状态修改为通过,更新条数 1
INFO - 2021-11-04 18:01:39,727 - new_apply_order.py[line:266]: 更新初始额度！更新条数 1
INFO - 2021-11-04 18:01:40,259 - new_apply_order.py[line:342]: 活体图片上传成功！回写配置文件global_param.mp4_url
INFO - 2021-11-04 18:01:40,390 - new_apply_order.py[line:352]: 视频认证通过！
INFO - 2021-11-04 18:01:41,832 - new_apply_order.py[line:510]: bvn和银行卡绑卡认证通过！
INFO - 2021-11-04 18:01:42,139 - new_apply_order.py[line:561]: user更新1条
INFO - 2021-11-04 18:01:42,526 - new_apply_order.py[line:612]: 进件成功！执行sql将订单改为风控中……
INFO - 2021-11-04 18:01:43,572 - new_apply_order.py[line:618]: 订单表更新1条，信审更新1条
INFO - 2021-11-04 18:01:43,940 - new_apply_order.py[line:632]: 查询loan_order_id成功！
INFO - 2021-11-04 18:01:43,983 - new_apply_order.py[line:647]: 订单回调复审通过成功！
INFO - 2021-11-04 18:01:44,795 - new_apply_order.py[line:669]: 获取token成功！token=bearer 8ab3063c-3a44-4c45-8398-51224bef84d3！
INFO - 2021-11-04 18:01:45,166 - new_apply_order.py[line:632]: 查询loan_order_id成功！
INFO - 2021-11-04 18:01:45,758 - new_apply_order.py[line:687]: 后台已触发放款成功！
INFO - 2021-11-04 18:01:45,776 - new_apply_order.py[line:701]: xxl_job web 登录成功！
INFO - 2021-11-04 18:01:45,788 - new_apply_order.py[line:717]: xxl_job 放款准备作业执行成功！
INFO - 2021-11-04 18:01:47,152 - new_apply_order.py[line:632]: 查询loan_order_id成功！
INFO - 2021-11-04 18:01:47,166 - new_apply_order.py[line:725]: 修改放款准备完成时间成功！
INFO - 2021-11-04 18:01:47,175 - new_apply_order.py[line:733]: xxl_job 放款完成作业执行成功！
INFO - 2021-11-04 18:01:47,482 - new_apply_order.py[line:905]: 校验重试查询第1次
ERROR - 2021-11-04 18:01:48,501 - new_apply_order.py[line:801]: 放款完成或准备失败,目前的订单状态是32
INFO - 2021-11-04 18:01:48,501 - new_apply_order.py[line:802]: {'app': 'ncredit', 'loan_order_id': '1456199957296844800', 'mobile': '01636020097', 'order_status': 32}
INFO - 2021-11-04 18:01:48,517 - new_apply_order.py[line:701]: xxl_job web 登录成功！
INFO - 2021-11-04 18:01:48,529 - new_apply_order.py[line:717]: xxl_job 放款准备作业执行成功！
INFO - 2021-11-04 18:01:49,888 - new_apply_order.py[line:632]: 查询loan_order_id成功！
INFO - 2021-11-04 18:01:49,906 - new_apply_order.py[line:725]: 修改放款准备完成时间成功！
INFO - 2021-11-04 18:01:49,916 - new_apply_order.py[line:733]: xxl_job 放款完成作业执行成功！
INFO - 2021-11-04 18:01:50,421 - new_apply_order.py[line:905]: 校验重试查询第2次
ERROR - 2021-11-04 18:01:51,441 - new_apply_order.py[line:801]: 放款完成或准备失败,目前的订单状态是35
INFO - 2021-11-04 18:01:51,441 - new_apply_order.py[line:802]: {'app': 'ncredit', 'loan_order_id': '1456199957296844800', 'mobile': '01636020097', 'order_status': 35}
INFO - 2021-11-04 18:01:51,952 - new_apply_order.py[line:905]: 校验重试查询第3次
ERROR - 2021-11-04 18:01:52,971 - new_apply_order.py[line:801]: 放款完成或准备失败,目前的订单状态是35
INFO - 2021-11-04 18:01:52,972 - new_apply_order.py[line:802]: {'app': 'ncredit', 'loan_order_id': '1456199957296844800', 'mobile': '01636020097', 'order_status': 35}
INFO - 2021-11-04 18:01:53,479 - new_apply_order.py[line:905]: 校验重试查询第4次
INFO - 2021-11-04 18:01:54,499 - new_apply_order.py[line:799]: 放款完成或准备成功,目前的订单状态是40
INFO - 2021-11-04 18:01:54,499 - new_apply_order.py[line:802]: {'app': 'ncredit', 'loan_order_id': '1456199957296844800', 'mobile': '01636020097', 'order_status': 40}
INFO - 2021-11-04 18:01:54,501 - new_apply_order.py[line:922]: ===========完成第【1】次进件===========
INFO - 2021-11-04 18:01:54,501 - new_apply_order.py[line:882]: 开始第 ncredit【2】次进件……
INFO - 2021-11-04 18:01:54,503 - new_apply_order.py[line:84]: ======【nga测试环境】生成手机号：01636020114 ======
INFO - 2021-11-04 18:01:54,866 - new_apply_order.py[line:97]: 01636020114 检测用户存在成功！
INFO - 2021-11-04 18:01:54,913 - new_apply_order.py[line:106]: 01636020114 短信发送成功！
INFO - 2021-11-04 18:01:54,970 - new_apply_order.py[line:119]: 01636020114 注册成功！
INFO - 2021-11-04 18:01:55,025 - new_apply_order.py[line:135]: 01636020114 登录短信发送成功！
INFO - 2021-11-04 18:01:55,078 - new_apply_order.py[line:145]: userId=6227589466606804992,mobile=01636020114,token=ac79e093b21998eafc1ad8305aee8251 登录成功
INFO - 2021-11-04 18:01:55,187 - new_apply_order.py[line:212]: 个人信息提交成功！
INFO - 2021-11-04 18:01:55,254 - new_apply_order.py[line:223]: 联系人信息提交成功！
INFO - 2021-11-04 18:01:55,533 - new_apply_order.py[line:255]: 创建预审订单成功！
INFO - 2021-11-04 18:01:55,549 - new_apply_order.py[line:263]: 预审状态修改为通过,更新条数 1
INFO - 2021-11-04 18:01:55,562 - new_apply_order.py[line:266]: 更新初始额度！更新条数 1
INFO - 2021-11-04 18:01:55,826 - new_apply_order.py[line:342]: 活体图片上传成功！回写配置文件global_param.mp4_url
INFO - 2021-11-04 18:01:55,872 - new_apply_order.py[line:352]: 视频认证通过！
INFO - 2021-11-04 18:01:56,979 - new_apply_order.py[line:510]: bvn和银行卡绑卡认证通过！
INFO - 2021-11-04 18:01:57,292 - new_apply_order.py[line:561]: user更新1条
INFO - 2021-11-04 18:01:57,550 - new_apply_order.py[line:612]: 进件成功！执行sql将订单改为风控中……
INFO - 2021-11-04 18:01:58,593 - new_apply_order.py[line:618]: 订单表更新1条，信审更新1条
INFO - 2021-11-04 18:01:58,956 - new_apply_order.py[line:632]: 查询loan_order_id成功！
INFO - 2021-11-04 18:01:58,998 - new_apply_order.py[line:647]: 订单回调复审通过成功！
INFO - 2021-11-04 18:01:59,804 - new_apply_order.py[line:669]: 获取token成功！token=bearer 8ab3063c-3a44-4c45-8398-51224bef84d3！
INFO - 2021-11-04 18:02:00,185 - new_apply_order.py[line:632]: 查询loan_order_id成功！
INFO - 2021-11-04 18:02:00,526 - new_apply_order.py[line:687]: 后台已触发放款成功！
INFO - 2021-11-04 18:02:00,541 - new_apply_order.py[line:701]: xxl_job web 登录成功！
INFO - 2021-11-04 18:02:00,554 - new_apply_order.py[line:717]: xxl_job 放款准备作业执行成功！
INFO - 2021-11-04 18:02:01,919 - new_apply_order.py[line:632]: 查询loan_order_id成功！
INFO - 2021-11-04 18:02:01,933 - new_apply_order.py[line:725]: 修改放款准备完成时间成功！
INFO - 2021-11-04 18:02:01,942 - new_apply_order.py[line:733]: xxl_job 放款完成作业执行成功！
INFO - 2021-11-04 18:02:02,247 - new_apply_order.py[line:905]: 校验重试查询第1次
ERROR - 2021-11-04 18:02:03,266 - new_apply_order.py[line:801]: 放款完成或准备失败,目前的订单状态是32
INFO - 2021-11-04 18:02:03,266 - new_apply_order.py[line:802]: {'app': 'ncredit', 'loan_order_id': '1456200024527343616', 'mobile': '01636020114', 'order_status': 32}
INFO - 2021-11-04 18:02:03,283 - new_apply_order.py[line:701]: xxl_job web 登录成功！
INFO - 2021-11-04 18:02:03,297 - new_apply_order.py[line:717]: xxl_job 放款准备作业执行成功！
INFO - 2021-11-04 18:02:04,675 - new_apply_order.py[line:632]: 查询loan_order_id成功！
INFO - 2021-11-04 18:02:04,694 - new_apply_order.py[line:725]: 修改放款准备完成时间成功！
INFO - 2021-11-04 18:02:04,706 - new_apply_order.py[line:733]: xxl_job 放款完成作业执行成功！
INFO - 2021-11-04 18:02:05,209 - new_apply_order.py[line:905]: 校验重试查询第2次
ERROR - 2021-11-04 18:02:06,229 - new_apply_order.py[line:801]: 放款完成或准备失败,目前的订单状态是35
INFO - 2021-11-04 18:02:06,229 - new_apply_order.py[line:802]: {'app': 'ncredit', 'loan_order_id': '1456200024527343616', 'mobile': '01636020114', 'order_status': 35}
INFO - 2021-11-04 18:02:06,741 - new_apply_order.py[line:905]: 校验重试查询第3次
INFO - 2021-11-04 18:02:07,764 - new_apply_order.py[line:799]: 放款完成或准备成功,目前的订单状态是40
INFO - 2021-11-04 18:02:07,764 - new_apply_order.py[line:802]: {'app': 'ncredit', 'loan_order_id': '1456200024527343616', 'mobile': '01636020114', 'order_status': 40}
INFO - 2021-11-04 18:02:07,765 - new_apply_order.py[line:922]: ===========完成第【2】次进件===========
INFO - 2021-11-04 18:02:07,765 - new_apply_order.py[line:882]: 开始第 ncredit【3】次进件……
INFO - 2021-11-04 18:02:07,767 - new_apply_order.py[line:84]: ======【nga测试环境】生成手机号：01636020127 ======
INFO - 2021-11-04 18:02:08,139 - new_apply_order.py[line:97]: 01636020127 检测用户存在成功！
INFO - 2021-11-04 18:02:08,192 - new_apply_order.py[line:106]: 01636020127 短信发送成功！
INFO - 2021-11-04 18:02:08,247 - new_apply_order.py[line:119]: 01636020127 注册成功！
INFO - 2021-11-04 18:02:08,321 - new_apply_order.py[line:135]: 01636020127 登录短信发送成功！
INFO - 2021-11-04 18:02:08,373 - new_apply_order.py[line:145]: userId=6227589522294579200,mobile=01636020127,token=b625805ccd92398cbb69905f8844ac11 登录成功
INFO - 2021-11-04 18:02:08,496 - new_apply_order.py[line:212]: 个人信息提交成功！
INFO - 2021-11-04 18:02:08,571 - new_apply_order.py[line:223]: 联系人信息提交成功！
INFO - 2021-11-04 18:02:08,831 - new_apply_order.py[line:255]: 创建预审订单成功！
INFO - 2021-11-04 18:02:08,856 - new_apply_order.py[line:263]: 预审状态修改为通过,更新条数 1
INFO - 2021-11-04 18:02:08,876 - new_apply_order.py[line:266]: 更新初始额度！更新条数 1
INFO - 2021-11-04 18:02:09,172 - new_apply_order.py[line:342]: 活体图片上传成功！回写配置文件global_param.mp4_url
INFO - 2021-11-04 18:02:09,217 - new_apply_order.py[line:352]: 视频认证通过！
INFO - 2021-11-04 18:02:10,282 - new_apply_order.py[line:510]: bvn和银行卡绑卡认证通过！
INFO - 2021-11-04 18:02:10,599 - new_apply_order.py[line:561]: user更新1条
INFO - 2021-11-04 18:02:10,848 - new_apply_order.py[line:612]: 进件成功！执行sql将订单改为风控中……
INFO - 2021-11-04 18:02:11,888 - new_apply_order.py[line:618]: 订单表更新1条，信审更新1条
INFO - 2021-11-04 18:02:12,248 - new_apply_order.py[line:632]: 查询loan_order_id成功！
INFO - 2021-11-04 18:02:12,289 - new_apply_order.py[line:647]: 订单回调复审通过成功！
INFO - 2021-11-04 18:02:13,084 - new_apply_order.py[line:669]: 获取token成功！token=bearer 8ab3063c-3a44-4c45-8398-51224bef84d3！
INFO - 2021-11-04 18:02:13,438 - new_apply_order.py[line:632]: 查询loan_order_id成功！
INFO - 2021-11-04 18:02:13,760 - new_apply_order.py[line:687]: 后台已触发放款成功！
INFO - 2021-11-04 18:02:13,775 - new_apply_order.py[line:701]: xxl_job web 登录成功！
INFO - 2021-11-04 18:02:13,787 - new_apply_order.py[line:717]: xxl_job 放款准备作业执行成功！
INFO - 2021-11-04 18:02:15,165 - new_apply_order.py[line:632]: 查询loan_order_id成功！
INFO - 2021-11-04 18:02:15,178 - new_apply_order.py[line:725]: 修改放款准备完成时间成功！
INFO - 2021-11-04 18:02:15,187 - new_apply_order.py[line:733]: xxl_job 放款完成作业执行成功！
INFO - 2021-11-04 18:02:15,495 - new_apply_order.py[line:905]: 校验重试查询第1次
ERROR - 2021-11-04 18:02:16,510 - new_apply_order.py[line:801]: 放款完成或准备失败,目前的订单状态是32
INFO - 2021-11-04 18:02:16,511 - new_apply_order.py[line:802]: {'app': 'ncredit', 'loan_order_id': '1456200080324169728', 'mobile': '01636020127', 'order_status': 32}
INFO - 2021-11-04 18:02:16,526 - new_apply_order.py[line:701]: xxl_job web 登录成功！
INFO - 2021-11-04 18:02:16,537 - new_apply_order.py[line:717]: xxl_job 放款准备作业执行成功！
INFO - 2021-11-04 18:02:17,897 - new_apply_order.py[line:632]: 查询loan_order_id成功！
INFO - 2021-11-04 18:02:17,914 - new_apply_order.py[line:725]: 修改放款准备完成时间成功！
INFO - 2021-11-04 18:02:17,922 - new_apply_order.py[line:733]: xxl_job 放款完成作业执行成功！
INFO - 2021-11-04 18:02:18,426 - new_apply_order.py[line:905]: 校验重试查询第2次
ERROR - 2021-11-04 18:02:19,446 - new_apply_order.py[line:801]: 放款完成或准备失败,目前的订单状态是35
INFO - 2021-11-04 18:02:19,446 - new_apply_order.py[line:802]: {'app': 'ncredit', 'loan_order_id': '1456200080324169728', 'mobile': '01636020127', 'order_status': 35}
INFO - 2021-11-04 18:02:19,956 - new_apply_order.py[line:905]: 校验重试查询第3次
INFO - 2021-11-04 18:02:20,971 - new_apply_order.py[line:799]: 放款完成或准备成功,目前的订单状态是40
INFO - 2021-11-04 18:02:20,971 - new_apply_order.py[line:802]: {'app': 'ncredit', 'loan_order_id': '1456200080324169728', 'mobile': '01636020127', 'order_status': 40}
INFO - 2021-11-04 18:02:20,972 - new_apply_order.py[line:922]: ===========完成第【3】次进件===========
INFO - 2021-11-04 18:02:20,972 - new_apply_order.py[line:882]: 开始第 ncredit【4】次进件……
INFO - 2021-11-04 18:02:20,973 - new_apply_order.py[line:84]: ======【nga测试环境】生成手机号：01636020140 ======
INFO - 2021-11-04 18:02:21,328 - new_apply_order.py[line:97]: 01636020140 检测用户存在成功！
INFO - 2021-11-04 18:02:21,373 - new_apply_order.py[line:106]: 01636020140 短信发送成功！
INFO - 2021-11-04 18:02:21,435 - new_apply_order.py[line:119]: 01636020140 注册成功！
INFO - 2021-11-04 18:02:21,504 - new_apply_order.py[line:135]: 01636020140 登录短信发送成功！
INFO - 2021-11-04 18:02:21,572 - new_apply_order.py[line:145]: userId=6227589577588088832,mobile=01636020140,token=aed89e827fa0ef86bc8cbb239fc48c43 登录成功
INFO - 2021-11-04 18:02:21,698 - new_apply_order.py[line:212]: 个人信息提交成功！
INFO - 2021-11-04 18:02:21,764 - new_apply_order.py[line:223]: 联系人信息提交成功！
INFO - 2021-11-04 18:02:22,030 - new_apply_order.py[line:255]: 创建预审订单成功！
INFO - 2021-11-04 18:02:22,052 - new_apply_order.py[line:263]: 预审状态修改为通过,更新条数 1
INFO - 2021-11-04 18:02:22,068 - new_apply_order.py[line:266]: 更新初始额度！更新条数 1
INFO - 2021-11-04 18:02:22,325 - new_apply_order.py[line:342]: 活体图片上传成功！回写配置文件global_param.mp4_url
INFO - 2021-11-04 18:02:22,368 - new_apply_order.py[line:352]: 视频认证通过！
INFO - 2021-11-04 18:02:23,370 - new_apply_order.py[line:510]: bvn和银行卡绑卡认证通过！
INFO - 2021-11-04 18:02:23,681 - new_apply_order.py[line:561]: user更新1条
INFO - 2021-11-04 18:02:23,975 - new_apply_order.py[line:612]: 进件成功！执行sql将订单改为风控中……
INFO - 2021-11-04 18:02:25,014 - new_apply_order.py[line:618]: 订单表更新1条，信审更新1条
INFO - 2021-11-04 18:02:25,378 - new_apply_order.py[line:632]: 查询loan_order_id成功！
INFO - 2021-11-04 18:02:25,417 - new_apply_order.py[line:647]: 订单回调复审通过成功！
INFO - 2021-11-04 18:02:26,206 - new_apply_order.py[line:669]: 获取token成功！token=bearer 8ab3063c-3a44-4c45-8398-51224bef84d3！
INFO - 2021-11-04 18:02:26,555 - new_apply_order.py[line:632]: 查询loan_order_id成功！
INFO - 2021-11-04 18:02:26,874 - new_apply_order.py[line:687]: 后台已触发放款成功！
INFO - 2021-11-04 18:02:26,889 - new_apply_order.py[line:701]: xxl_job web 登录成功！
INFO - 2021-11-04 18:02:26,901 - new_apply_order.py[line:717]: xxl_job 放款准备作业执行成功！
INFO - 2021-11-04 18:02:28,262 - new_apply_order.py[line:632]: 查询loan_order_id成功！
INFO - 2021-11-04 18:02:28,277 - new_apply_order.py[line:725]: 修改放款准备完成时间成功！
INFO - 2021-11-04 18:02:28,287 - new_apply_order.py[line:733]: xxl_job 放款完成作业执行成功！
INFO - 2021-11-04 18:02:28,597 - new_apply_order.py[line:905]: 校验重试查询第1次
ERROR - 2021-11-04 18:02:29,617 - new_apply_order.py[line:801]: 放款完成或准备失败,目前的订单状态是32
INFO - 2021-11-04 18:02:29,617 - new_apply_order.py[line:802]: {'app': 'ncredit', 'loan_order_id': '1456200135634456576', 'mobile': '01636020140', 'order_status': 32}
INFO - 2021-11-04 18:02:29,633 - new_apply_order.py[line:701]: xxl_job web 登录成功！
INFO - 2021-11-04 18:02:29,647 - new_apply_order.py[line:717]: xxl_job 放款准备作业执行成功！
INFO - 2021-11-04 18:02:31,008 - new_apply_order.py[line:632]: 查询loan_order_id成功！
INFO - 2021-11-04 18:02:31,026 - new_apply_order.py[line:725]: 修改放款准备完成时间成功！
INFO - 2021-11-04 18:02:31,036 - new_apply_order.py[line:733]: xxl_job 放款完成作业执行成功！
INFO - 2021-11-04 18:02:31,541 - new_apply_order.py[line:905]: 校验重试查询第2次
ERROR - 2021-11-04 18:02:32,559 - new_apply_order.py[line:801]: 放款完成或准备失败,目前的订单状态是35
INFO - 2021-11-04 18:02:32,559 - new_apply_order.py[line:802]: {'app': 'ncredit', 'loan_order_id': '1456200135634456576', 'mobile': '01636020140', 'order_status': 35}
INFO - 2021-11-04 18:02:33,065 - new_apply_order.py[line:905]: 校验重试查询第3次
INFO - 2021-11-04 18:02:34,082 - new_apply_order.py[line:799]: 放款完成或准备成功,目前的订单状态是40
INFO - 2021-11-04 18:02:34,083 - new_apply_order.py[line:802]: {'app': 'ncredit', 'loan_order_id': '1456200135634456576', 'mobile': '01636020140', 'order_status': 40}
INFO - 2021-11-04 18:02:34,083 - new_apply_order.py[line:922]: ===========完成第【4】次进件===========
INFO - 2021-11-04 18:02:34,084 - new_apply_order.py[line:882]: 开始第 ncredit【5】次进件……
INFO - 2021-11-04 18:02:34,085 - new_apply_order.py[line:84]: ======【nga测试环境】生成手机号：01636020154 ======
INFO - 2021-11-04 18:02:34,464 - new_apply_order.py[line:97]: 01636020154 检测用户存在成功！
INFO - 2021-11-04 18:02:34,541 - new_apply_order.py[line:106]: 01636020154 短信发送成功！
INFO - 2021-11-04 18:02:34,593 - new_apply_order.py[line:119]: 01636020154 注册成功！
INFO - 2021-11-04 18:02:34,658 - new_apply_order.py[line:135]: 01636020154 登录短信发送成功！
INFO - 2021-11-04 18:02:34,739 - new_apply_order.py[line:145]: userId=6227589632814489600,mobile=01636020154,token=f80c244dd69aef57036c04c68c3996c0 登录成功
INFO - 2021-11-04 18:02:34,857 - new_apply_order.py[line:212]: 个人信息提交成功！
INFO - 2021-11-04 18:02:34,920 - new_apply_order.py[line:223]: 联系人信息提交成功！
INFO - 2021-11-04 18:02:35,191 - new_apply_order.py[line:255]: 创建预审订单成功！
INFO - 2021-11-04 18:02:35,220 - new_apply_order.py[line:263]: 预审状态修改为通过,更新条数 1
INFO - 2021-11-04 18:02:35,234 - new_apply_order.py[line:266]: 更新初始额度！更新条数 1
INFO - 2021-11-04 18:02:35,532 - new_apply_order.py[line:342]: 活体图片上传成功！回写配置文件global_param.mp4_url
INFO - 2021-11-04 18:02:35,580 - new_apply_order.py[line:352]: 视频认证通过！
INFO - 2021-11-04 18:02:36,632 - new_apply_order.py[line:510]: bvn和银行卡绑卡认证通过！
INFO - 2021-11-04 18:02:36,954 - new_apply_order.py[line:561]: user更新1条
INFO - 2021-11-04 18:02:37,205 - new_apply_order.py[line:612]: 进件成功！执行sql将订单改为风控中……
INFO - 2021-11-04 18:02:38,247 - new_apply_order.py[line:618]: 订单表更新1条，信审更新1条
INFO - 2021-11-04 18:02:38,625 - new_apply_order.py[line:632]: 查询loan_order_id成功！
INFO - 2021-11-04 18:02:38,670 - new_apply_order.py[line:647]: 订单回调复审通过成功！
INFO - 2021-11-04 18:02:39,458 - new_apply_order.py[line:669]: 获取token成功！token=bearer 8ab3063c-3a44-4c45-8398-51224bef84d3！
INFO - 2021-11-04 18:02:39,821 - new_apply_order.py[line:632]: 查询loan_order_id成功！
INFO - 2021-11-04 18:02:40,139 - new_apply_order.py[line:687]: 后台已触发放款成功！
INFO - 2021-11-04 18:02:40,155 - new_apply_order.py[line:701]: xxl_job web 登录成功！
INFO - 2021-11-04 18:02:40,168 - new_apply_order.py[line:717]: xxl_job 放款准备作业执行成功！
INFO - 2021-11-04 18:02:41,554 - new_apply_order.py[line:632]: 查询loan_order_id成功！
INFO - 2021-11-04 18:02:41,569 - new_apply_order.py[line:725]: 修改放款准备完成时间成功！
INFO - 2021-11-04 18:02:41,578 - new_apply_order.py[line:733]: xxl_job 放款完成作业执行成功！
INFO - 2021-11-04 18:02:41,884 - new_apply_order.py[line:905]: 校验重试查询第1次
ERROR - 2021-11-04 18:02:42,904 - new_apply_order.py[line:801]: 放款完成或准备失败,目前的订单状态是32
INFO - 2021-11-04 18:02:42,904 - new_apply_order.py[line:802]: {'app': 'ncredit', 'loan_order_id': '1456200190831497216', 'mobile': '01636020154', 'order_status': 32}
INFO - 2021-11-04 18:02:42,920 - new_apply_order.py[line:701]: xxl_job web 登录成功！
INFO - 2021-11-04 18:02:42,933 - new_apply_order.py[line:717]: xxl_job 放款准备作业执行成功！
INFO - 2021-11-04 18:02:44,295 - new_apply_order.py[line:632]: 查询loan_order_id成功！
INFO - 2021-11-04 18:02:44,312 - new_apply_order.py[line:725]: 修改放款准备完成时间成功！
INFO - 2021-11-04 18:02:44,321 - new_apply_order.py[line:733]: xxl_job 放款完成作业执行成功！
INFO - 2021-11-04 18:02:44,826 - new_apply_order.py[line:905]: 校验重试查询第2次
INFO - 2021-11-04 18:02:45,841 - new_apply_order.py[line:799]: 放款完成或准备成功,目前的订单状态是40
INFO - 2021-11-04 18:02:45,842 - new_apply_order.py[line:802]: {'app': 'ncredit', 'loan_order_id': '1456200190831497216', 'mobile': '01636020154', 'order_status': 40}
INFO - 2021-11-04 18:02:45,842 - new_apply_order.py[line:922]: ===========完成第【5】次进件===========
INFO - 2021-11-04 18:02:45,842 - new_apply_order.py[line:882]: 开始第 ncredit【6】次进件……
INFO - 2021-11-04 18:02:45,844 - new_apply_order.py[line:84]: ======【nga测试环境】生成手机号：01636020165 ======
INFO - 2021-11-04 18:02:46,195 - new_apply_order.py[line:97]: 01636020165 检测用户存在成功！
INFO - 2021-11-04 18:02:46,238 - new_apply_order.py[line:106]: 01636020165 短信发送成功！
INFO - 2021-11-04 18:02:46,289 - new_apply_order.py[line:119]: 01636020165 注册成功！
INFO - 2021-11-04 18:02:46,345 - new_apply_order.py[line:135]: 01636020165 登录短信发送成功！
INFO - 2021-11-04 18:02:46,405 - new_apply_order.py[line:145]: userId=6227589681858486272,mobile=01636020165,token=090bb15079145a36afef1dfc8e4b83f7 登录成功
INFO - 2021-11-04 18:02:46,546 - new_apply_order.py[line:212]: 个人信息提交成功！
INFO - 2021-11-04 18:02:46,624 - new_apply_order.py[line:223]: 联系人信息提交成功！
INFO - 2021-11-04 18:02:46,863 - new_apply_order.py[line:255]: 创建预审订单成功！
INFO - 2021-11-04 18:02:46,884 - new_apply_order.py[line:263]: 预审状态修改为通过,更新条数 1
INFO - 2021-11-04 18:02:46,899 - new_apply_order.py[line:266]: 更新初始额度！更新条数 1
INFO - 2021-11-04 18:02:47,177 - new_apply_order.py[line:342]: 活体图片上传成功！回写配置文件global_param.mp4_url
INFO - 2021-11-04 18:02:47,219 - new_apply_order.py[line:352]: 视频认证通过！
INFO - 2021-11-04 18:02:48,176 - new_apply_order.py[line:510]: bvn和银行卡绑卡认证通过！
INFO - 2021-11-04 18:02:48,498 - new_apply_order.py[line:561]: user更新1条
INFO - 2021-11-04 18:02:48,753 - new_apply_order.py[line:612]: 进件成功！执行sql将订单改为风控中……
INFO - 2021-11-04 18:02:49,800 - new_apply_order.py[line:618]: 订单表更新1条，信审更新1条
INFO - 2021-11-04 18:02:50,173 - new_apply_order.py[line:632]: 查询loan_order_id成功！
INFO - 2021-11-04 18:02:50,227 - new_apply_order.py[line:647]: 订单回调复审通过成功！
INFO - 2021-11-04 18:02:50,980 - new_apply_order.py[line:669]: 获取token成功！token=bearer 8ab3063c-3a44-4c45-8398-51224bef84d3！
INFO - 2021-11-04 18:02:51,337 - new_apply_order.py[line:632]: 查询loan_order_id成功！
INFO - 2021-11-04 18:02:51,637 - new_apply_order.py[line:687]: 后台已触发放款成功！
INFO - 2021-11-04 18:02:51,654 - new_apply_order.py[line:701]: xxl_job web 登录成功！
INFO - 2021-11-04 18:02:51,667 - new_apply_order.py[line:717]: xxl_job 放款准备作业执行成功！
INFO - 2021-11-04 18:02:53,031 - new_apply_order.py[line:632]: 查询loan_order_id成功！
INFO - 2021-11-04 18:02:53,042 - new_apply_order.py[line:725]: 修改放款准备完成时间成功！
INFO - 2021-11-04 18:02:53,049 - new_apply_order.py[line:733]: xxl_job 放款完成作业执行成功！
INFO - 2021-11-04 18:02:53,357 - new_apply_order.py[line:905]: 校验重试查询第1次
ERROR - 2021-11-04 18:02:54,374 - new_apply_order.py[line:801]: 放款完成或准备失败,目前的订单状态是32
INFO - 2021-11-04 18:02:54,374 - new_apply_order.py[line:802]: {'app': 'ncredit', 'loan_order_id': '1456200239917436928', 'mobile': '01636020165', 'order_status': 32}
INFO - 2021-11-04 18:02:54,389 - new_apply_order.py[line:701]: xxl_job web 登录成功！
INFO - 2021-11-04 18:02:54,401 - new_apply_order.py[line:717]: xxl_job 放款准备作业执行成功！
INFO - 2021-11-04 18:02:55,759 - new_apply_order.py[line:632]: 查询loan_order_id成功！
INFO - 2021-11-04 18:02:55,780 - new_apply_order.py[line:725]: 修改放款准备完成时间成功！
INFO - 2021-11-04 18:02:55,791 - new_apply_order.py[line:733]: xxl_job 放款完成作业执行成功！
INFO - 2021-11-04 18:02:56,294 - new_apply_order.py[line:905]: 校验重试查询第2次
ERROR - 2021-11-04 18:02:57,312 - new_apply_order.py[line:801]: 放款完成或准备失败,目前的订单状态是35
INFO - 2021-11-04 18:02:57,313 - new_apply_order.py[line:802]: {'app': 'ncredit', 'loan_order_id': '1456200239917436928', 'mobile': '01636020165', 'order_status': 35}
INFO - 2021-11-04 18:02:57,822 - new_apply_order.py[line:905]: 校验重试查询第3次
INFO - 2021-11-04 18:02:58,841 - new_apply_order.py[line:799]: 放款完成或准备成功,目前的订单状态是40
INFO - 2021-11-04 18:02:58,841 - new_apply_order.py[line:802]: {'app': 'ncredit', 'loan_order_id': '1456200239917436928', 'mobile': '01636020165', 'order_status': 40}
INFO - 2021-11-04 18:02:58,842 - new_apply_order.py[line:922]: ===========完成第【6】次进件===========
INFO - 2021-11-04 18:02:58,842 - new_apply_order.py[line:882]: 开始第 ncredit【7】次进件……
INFO - 2021-11-04 18:02:58,844 - new_apply_order.py[line:84]: ======【nga测试环境】生成手机号：01636020178 ======
INFO - 2021-11-04 18:02:59,197 - new_apply_order.py[line:97]: 01636020178 检测用户存在成功！
INFO - 2021-11-04 18:02:59,242 - new_apply_order.py[line:106]: 01636020178 短信发送成功！
INFO - 2021-11-04 18:02:59,294 - new_apply_order.py[line:119]: 01636020178 注册成功！
INFO - 2021-11-04 18:02:59,349 - new_apply_order.py[line:135]: 01636020178 登录短信发送成功！
INFO - 2021-11-04 18:02:59,402 - new_apply_order.py[line:145]: userId=6227589736409604096,mobile=01636020178,token=8d71c23045a3dc28d03449d398e45a92 登录成功
INFO - 2021-11-04 18:02:59,525 - new_apply_order.py[line:212]: 个人信息提交成功！
INFO - 2021-11-04 18:02:59,592 - new_apply_order.py[line:223]: 联系人信息提交成功！
INFO - 2021-11-04 18:02:59,823 - new_apply_order.py[line:255]: 创建预审订单成功！
INFO - 2021-11-04 18:02:59,842 - new_apply_order.py[line:263]: 预审状态修改为通过,更新条数 1
INFO - 2021-11-04 18:02:59,855 - new_apply_order.py[line:266]: 更新初始额度！更新条数 1
INFO - 2021-11-04 18:03:00,161 - new_apply_order.py[line:342]: 活体图片上传成功！回写配置文件global_param.mp4_url
INFO - 2021-11-04 18:03:00,210 - new_apply_order.py[line:352]: 视频认证通过！
INFO - 2021-11-04 18:03:01,241 - new_apply_order.py[line:510]: bvn和银行卡绑卡认证通过！
INFO - 2021-11-04 18:03:01,562 - new_apply_order.py[line:561]: user更新1条
INFO - 2021-11-04 18:03:01,806 - new_apply_order.py[line:612]: 进件成功！执行sql将订单改为风控中……
INFO - 2021-11-04 18:03:02,851 - new_apply_order.py[line:618]: 订单表更新1条，信审更新1条
INFO - 2021-11-04 18:03:03,215 - new_apply_order.py[line:632]: 查询loan_order_id成功！
INFO - 2021-11-04 18:03:03,256 - new_apply_order.py[line:647]: 订单回调复审通过成功！
INFO - 2021-11-04 18:03:04,064 - new_apply_order.py[line:669]: 获取token成功！token=bearer 8ab3063c-3a44-4c45-8398-51224bef84d3！
INFO - 2021-11-04 18:03:04,423 - new_apply_order.py[line:632]: 查询loan_order_id成功！
INFO - 2021-11-04 18:03:04,751 - new_apply_order.py[line:687]: 后台已触发放款成功！
INFO - 2021-11-04 18:03:04,768 - new_apply_order.py[line:701]: xxl_job web 登录成功！
INFO - 2021-11-04 18:03:04,780 - new_apply_order.py[line:717]: xxl_job 放款准备作业执行成功！
INFO - 2021-11-04 18:03:06,159 - new_apply_order.py[line:632]: 查询loan_order_id成功！
INFO - 2021-11-04 18:03:06,173 - new_apply_order.py[line:725]: 修改放款准备完成时间成功！
INFO - 2021-11-04 18:03:06,182 - new_apply_order.py[line:733]: xxl_job 放款完成作业执行成功！
INFO - 2021-11-04 18:03:06,488 - new_apply_order.py[line:905]: 校验重试查询第1次
ERROR - 2021-11-04 18:03:07,505 - new_apply_order.py[line:801]: 放款完成或准备失败,目前的订单状态是32
INFO - 2021-11-04 18:03:07,505 - new_apply_order.py[line:802]: {'app': 'ncredit', 'loan_order_id': '1456200294309171200', 'mobile': '01636020178', 'order_status': 32}
INFO - 2021-11-04 18:03:07,521 - new_apply_order.py[line:701]: xxl_job web 登录成功！
INFO - 2021-11-04 18:03:07,534 - new_apply_order.py[line:717]: xxl_job 放款准备作业执行成功！
INFO - 2021-11-04 18:03:08,914 - new_apply_order.py[line:632]: 查询loan_order_id成功！
INFO - 2021-11-04 18:03:08,931 - new_apply_order.py[line:725]: 修改放款准备完成时间成功！
INFO - 2021-11-04 18:03:08,939 - new_apply_order.py[line:733]: xxl_job 放款完成作业执行成功！
INFO - 2021-11-04 18:03:09,440 - new_apply_order.py[line:905]: 校验重试查询第2次
ERROR - 2021-11-04 18:03:10,456 - new_apply_order.py[line:801]: 放款完成或准备失败,目前的订单状态是35
INFO - 2021-11-04 18:03:10,456 - new_apply_order.py[line:802]: {'app': 'ncredit', 'loan_order_id': '1456200294309171200', 'mobile': '01636020178', 'order_status': 35}
INFO - 2021-11-04 18:03:10,962 - new_apply_order.py[line:905]: 校验重试查询第3次
INFO - 2021-11-04 18:03:11,978 - new_apply_order.py[line:799]: 放款完成或准备成功,目前的订单状态是40
INFO - 2021-11-04 18:03:11,979 - new_apply_order.py[line:802]: {'app': 'ncredit', 'loan_order_id': '1456200294309171200', 'mobile': '01636020178', 'order_status': 40}
INFO - 2021-11-04 18:03:11,979 - new_apply_order.py[line:922]: ===========完成第【7】次进件===========
INFO - 2021-11-04 18:03:11,979 - new_apply_order.py[line:882]: 开始第 ncredit【8】次进件……
INFO - 2021-11-04 18:03:11,981 - new_apply_order.py[line:84]: ======【nga测试环境】生成手机号：01636020191 ======
INFO - 2021-11-04 18:03:12,331 - new_apply_order.py[line:97]: 01636020191 检测用户存在成功！
INFO - 2021-11-04 18:03:12,374 - new_apply_order.py[line:106]: 01636020191 短信发送成功！
INFO - 2021-11-04 18:03:12,428 - new_apply_order.py[line:119]: 01636020191 注册成功！
INFO - 2021-11-04 18:03:12,491 - new_apply_order.py[line:135]: 01636020191 登录短信发送成功！
INFO - 2021-11-04 18:03:12,544 - new_apply_order.py[line:145]: userId=6227589791489204224,mobile=01636020191,token=9e0bb3e9b97f532557aa84d674a0f837 登录成功
INFO - 2021-11-04 18:03:12,641 - new_apply_order.py[line:212]: 个人信息提交成功！
INFO - 2021-11-04 18:03:12,703 - new_apply_order.py[line:223]: 联系人信息提交成功！
INFO - 2021-11-04 18:03:12,988 - new_apply_order.py[line:255]: 创建预审订单成功！
INFO - 2021-11-04 18:03:13,008 - new_apply_order.py[line:263]: 预审状态修改为通过,更新条数 1
INFO - 2021-11-04 18:03:13,024 - new_apply_order.py[line:266]: 更新初始额度！更新条数 1
INFO - 2021-11-04 18:03:13,307 - new_apply_order.py[line:342]: 活体图片上传成功！回写配置文件global_param.mp4_url
INFO - 2021-11-04 18:03:13,355 - new_apply_order.py[line:352]: 视频认证通过！
INFO - 2021-11-04 18:03:14,474 - new_apply_order.py[line:510]: bvn和银行卡绑卡认证通过！
INFO - 2021-11-04 18:03:14,809 - new_apply_order.py[line:561]: user更新1条
INFO - 2021-11-04 18:03:15,057 - new_apply_order.py[line:612]: 进件成功！执行sql将订单改为风控中……
INFO - 2021-11-04 18:03:16,100 - new_apply_order.py[line:618]: 订单表更新1条，信审更新1条
INFO - 2021-11-04 18:03:16,466 - new_apply_order.py[line:632]: 查询loan_order_id成功！
INFO - 2021-11-04 18:03:16,511 - new_apply_order.py[line:647]: 订单回调复审通过成功！
INFO - 2021-11-04 18:03:17,319 - new_apply_order.py[line:669]: 获取token成功！token=bearer 8ab3063c-3a44-4c45-8398-51224bef84d3！
INFO - 2021-11-04 18:03:17,675 - new_apply_order.py[line:632]: 查询loan_order_id成功！
INFO - 2021-11-04 18:03:17,998 - new_apply_order.py[line:687]: 后台已触发放款成功！
INFO - 2021-11-04 18:03:18,016 - new_apply_order.py[line:701]: xxl_job web 登录成功！
INFO - 2021-11-04 18:03:18,030 - new_apply_order.py[line:717]: xxl_job 放款准备作业执行成功！
INFO - 2021-11-04 18:03:19,385 - new_apply_order.py[line:632]: 查询loan_order_id成功！
INFO - 2021-11-04 18:03:19,398 - new_apply_order.py[line:725]: 修改放款准备完成时间成功！
INFO - 2021-11-04 18:03:19,405 - new_apply_order.py[line:733]: xxl_job 放款完成作业执行成功！
INFO - 2021-11-04 18:03:19,715 - new_apply_order.py[line:905]: 校验重试查询第1次
ERROR - 2021-11-04 18:03:20,735 - new_apply_order.py[line:801]: 放款完成或准备失败,目前的订单状态是32
INFO - 2021-11-04 18:03:20,735 - new_apply_order.py[line:802]: {'app': 'ncredit', 'loan_order_id': '1456200349409742848', 'mobile': '01636020191', 'order_status': 32}
INFO - 2021-11-04 18:03:20,752 - new_apply_order.py[line:701]: xxl_job web 登录成功！
INFO - 2021-11-04 18:03:20,765 - new_apply_order.py[line:717]: xxl_job 放款准备作业执行成功！
INFO - 2021-11-04 18:03:22,125 - new_apply_order.py[line:632]: 查询loan_order_id成功！
INFO - 2021-11-04 18:03:22,144 - new_apply_order.py[line:725]: 修改放款准备完成时间成功！
INFO - 2021-11-04 18:03:22,155 - new_apply_order.py[line:733]: xxl_job 放款完成作业执行成功！
INFO - 2021-11-04 18:03:22,660 - new_apply_order.py[line:905]: 校验重试查询第2次
ERROR - 2021-11-04 18:03:23,680 - new_apply_order.py[line:801]: 放款完成或准备失败,目前的订单状态是35
INFO - 2021-11-04 18:03:23,681 - new_apply_order.py[line:802]: {'app': 'ncredit', 'loan_order_id': '1456200349409742848', 'mobile': '01636020191', 'order_status': 35}
INFO - 2021-11-04 18:03:24,187 - new_apply_order.py[line:905]: 校验重试查询第3次
INFO - 2021-11-04 18:03:25,204 - new_apply_order.py[line:799]: 放款完成或准备成功,目前的订单状态是40
INFO - 2021-11-04 18:03:25,205 - new_apply_order.py[line:802]: {'app': 'ncredit', 'loan_order_id': '1456200349409742848', 'mobile': '01636020191', 'order_status': 40}
INFO - 2021-11-04 18:03:25,205 - new_apply_order.py[line:922]: ===========完成第【8】次进件===========
INFO - 2021-11-04 18:03:25,206 - new_apply_order.py[line:882]: 开始第 ncredit【9】次进件……
INFO - 2021-11-04 18:03:25,207 - new_apply_order.py[line:84]: ======【nga测试环境】生成手机号：01636020205 ======
INFO - 2021-11-04 18:03:25,564 - new_apply_order.py[line:97]: 01636020205 检测用户存在成功！
INFO - 2021-11-04 18:03:25,613 - new_apply_order.py[line:106]: 01636020205 短信发送成功！
INFO - 2021-11-04 18:03:25,664 - new_apply_order.py[line:119]: 01636020205 注册成功！
INFO - 2021-11-04 18:03:25,733 - new_apply_order.py[line:135]: 01636020205 登录短信发送成功！
INFO - 2021-11-04 18:03:25,793 - new_apply_order.py[line:145]: userId=6227589847013400576,mobile=01636020205,token=02823d866b5672746ba0314cfa8b25b9 登录成功
INFO - 2021-11-04 18:03:25,896 - new_apply_order.py[line:212]: 个人信息提交成功！
INFO - 2021-11-04 18:03:25,993 - new_apply_order.py[line:223]: 联系人信息提交成功！
INFO - 2021-11-04 18:03:26,261 - new_apply_order.py[line:255]: 创建预审订单成功！
INFO - 2021-11-04 18:03:26,274 - new_apply_order.py[line:263]: 预审状态修改为通过,更新条数 1
INFO - 2021-11-04 18:03:26,288 - new_apply_order.py[line:266]: 更新初始额度！更新条数 1
INFO - 2021-11-04 18:03:26,561 - new_apply_order.py[line:342]: 活体图片上传成功！回写配置文件global_param.mp4_url
INFO - 2021-11-04 18:03:26,606 - new_apply_order.py[line:352]: 视频认证通过！
INFO - 2021-11-04 18:03:27,614 - new_apply_order.py[line:510]: bvn和银行卡绑卡认证通过！
INFO - 2021-11-04 18:03:27,915 - new_apply_order.py[line:561]: user更新1条
INFO - 2021-11-04 18:03:28,132 - new_apply_order.py[line:612]: 进件成功！执行sql将订单改为风控中……
INFO - 2021-11-04 18:03:29,176 - new_apply_order.py[line:618]: 订单表更新1条，信审更新1条
INFO - 2021-11-04 18:03:29,553 - new_apply_order.py[line:632]: 查询loan_order_id成功！
INFO - 2021-11-04 18:03:29,590 - new_apply_order.py[line:647]: 订单回调复审通过成功！
INFO - 2021-11-04 18:03:30,347 - new_apply_order.py[line:669]: 获取token成功！token=bearer 8ab3063c-3a44-4c45-8398-51224bef84d3！
INFO - 2021-11-04 18:03:30,702 - new_apply_order.py[line:632]: 查询loan_order_id成功！
INFO - 2021-11-04 18:03:31,008 - new_apply_order.py[line:687]: 后台已触发放款成功！
INFO - 2021-11-04 18:03:31,022 - new_apply_order.py[line:701]: xxl_job web 登录成功！
INFO - 2021-11-04 18:03:31,032 - new_apply_order.py[line:717]: xxl_job 放款准备作业执行成功！
INFO - 2021-11-04 18:03:32,397 - new_apply_order.py[line:632]: 查询loan_order_id成功！
INFO - 2021-11-04 18:03:32,411 - new_apply_order.py[line:725]: 修改放款准备完成时间成功！
INFO - 2021-11-04 18:03:32,422 - new_apply_order.py[line:733]: xxl_job 放款完成作业执行成功！
INFO - 2021-11-04 18:03:32,728 - new_apply_order.py[line:905]: 校验重试查询第1次
ERROR - 2021-11-04 18:03:33,747 - new_apply_order.py[line:801]: 放款完成或准备失败,目前的订单状态是32
INFO - 2021-11-04 18:03:33,747 - new_apply_order.py[line:802]: {'app': 'ncredit', 'loan_order_id': '1456200405072351232', 'mobile': '01636020205', 'order_status': 32}
INFO - 2021-11-04 18:03:33,762 - new_apply_order.py[line:701]: xxl_job web 登录成功！
INFO - 2021-11-04 18:03:33,773 - new_apply_order.py[line:717]: xxl_job 放款准备作业执行成功！
INFO - 2021-11-04 18:03:35,136 - new_apply_order.py[line:632]: 查询loan_order_id成功！
INFO - 2021-11-04 18:03:35,154 - new_apply_order.py[line:725]: 修改放款准备完成时间成功！
INFO - 2021-11-04 18:03:35,164 - new_apply_order.py[line:733]: xxl_job 放款完成作业执行成功！
INFO - 2021-11-04 18:03:35,668 - new_apply_order.py[line:905]: 校验重试查询第2次
ERROR - 2021-11-04 18:03:36,685 - new_apply_order.py[line:801]: 放款完成或准备失败,目前的订单状态是35
INFO - 2021-11-04 18:03:36,685 - new_apply_order.py[line:802]: {'app': 'ncredit', 'loan_order_id': '1456200405072351232', 'mobile': '01636020205', 'order_status': 35}
INFO - 2021-11-04 18:03:37,193 - new_apply_order.py[line:905]: 校验重试查询第3次
INFO - 2021-11-04 18:03:38,212 - new_apply_order.py[line:799]: 放款完成或准备成功,目前的订单状态是40
INFO - 2021-11-04 18:03:38,212 - new_apply_order.py[line:802]: {'app': 'ncredit', 'loan_order_id': '1456200405072351232', 'mobile': '01636020205', 'order_status': 40}
INFO - 2021-11-04 18:03:38,213 - new_apply_order.py[line:922]: ===========完成第【9】次进件===========
INFO - 2021-11-04 18:03:38,213 - new_apply_order.py[line:882]: 开始第 ncredit【10】次进件……
INFO - 2021-11-04 18:03:38,214 - new_apply_order.py[line:84]: ======【nga测试环境】生成手机号：01636020218 ======
INFO - 2021-11-04 18:03:38,587 - new_apply_order.py[line:97]: 01636020218 检测用户存在成功！
INFO - 2021-11-04 18:03:38,638 - new_apply_order.py[line:106]: 01636020218 短信发送成功！
INFO - 2021-11-04 18:03:38,688 - new_apply_order.py[line:119]: 01636020218 注册成功！
INFO - 2021-11-04 18:03:38,764 - new_apply_order.py[line:135]: 01636020218 登录短信发送成功！
INFO - 2021-11-04 18:03:38,820 - new_apply_order.py[line:145]: userId=6227589901644210176,mobile=01636020218,token=17d52b748a9dac06a05a1e278bcedbf4 登录成功
INFO - 2021-11-04 18:03:38,918 - new_apply_order.py[line:212]: 个人信息提交成功！
INFO - 2021-11-04 18:03:38,980 - new_apply_order.py[line:223]: 联系人信息提交成功！
INFO - 2021-11-04 18:03:39,206 - new_apply_order.py[line:255]: 创建预审订单成功！
INFO - 2021-11-04 18:03:39,226 - new_apply_order.py[line:263]: 预审状态修改为通过,更新条数 1
INFO - 2021-11-04 18:03:39,244 - new_apply_order.py[line:266]: 更新初始额度！更新条数 1
INFO - 2021-11-04 18:03:39,545 - new_apply_order.py[line:342]: 活体图片上传成功！回写配置文件global_param.mp4_url
INFO - 2021-11-04 18:03:39,588 - new_apply_order.py[line:352]: 视频认证通过！
INFO - 2021-11-04 18:03:40,641 - new_apply_order.py[line:510]: bvn和银行卡绑卡认证通过！
INFO - 2021-11-04 18:03:40,997 - new_apply_order.py[line:561]: user更新1条
INFO - 2021-11-04 18:03:41,236 - new_apply_order.py[line:612]: 进件成功！执行sql将订单改为风控中……
INFO - 2021-11-04 18:03:42,280 - new_apply_order.py[line:618]: 订单表更新1条，信审更新1条
INFO - 2021-11-04 18:03:42,641 - new_apply_order.py[line:632]: 查询loan_order_id成功！
INFO - 2021-11-04 18:03:42,683 - new_apply_order.py[line:647]: 订单回调复审通过成功！
INFO - 2021-11-04 18:03:43,468 - new_apply_order.py[line:669]: 获取token成功！token=bearer 8ab3063c-3a44-4c45-8398-51224bef84d3！
INFO - 2021-11-04 18:03:43,824 - new_apply_order.py[line:632]: 查询loan_order_id成功！
INFO - 2021-11-04 18:03:44,135 - new_apply_order.py[line:687]: 后台已触发放款成功！
INFO - 2021-11-04 18:03:44,154 - new_apply_order.py[line:701]: xxl_job web 登录成功！
INFO - 2021-11-04 18:03:44,166 - new_apply_order.py[line:717]: xxl_job 放款准备作业执行成功！
INFO - 2021-11-04 18:03:45,522 - new_apply_order.py[line:632]: 查询loan_order_id成功！
INFO - 2021-11-04 18:03:45,538 - new_apply_order.py[line:725]: 修改放款准备完成时间成功！
INFO - 2021-11-04 18:03:45,548 - new_apply_order.py[line:733]: xxl_job 放款完成作业执行成功！
INFO - 2021-11-04 18:03:45,858 - new_apply_order.py[line:905]: 校验重试查询第1次
ERROR - 2021-11-04 18:03:46,877 - new_apply_order.py[line:801]: 放款完成或准备失败,目前的订单状态是32
INFO - 2021-11-04 18:03:46,877 - new_apply_order.py[line:802]: {'app': 'ncredit', 'loan_order_id': '1456200459522805760', 'mobile': '01636020218', 'order_status': 32}
INFO - 2021-11-04 18:03:46,892 - new_apply_order.py[line:701]: xxl_job web 登录成功！
INFO - 2021-11-04 18:03:46,904 - new_apply_order.py[line:717]: xxl_job 放款准备作业执行成功！
INFO - 2021-11-04 18:03:48,260 - new_apply_order.py[line:632]: 查询loan_order_id成功！
INFO - 2021-11-04 18:03:48,280 - new_apply_order.py[line:725]: 修改放款准备完成时间成功！
INFO - 2021-11-04 18:03:48,291 - new_apply_order.py[line:733]: xxl_job 放款完成作业执行成功！
INFO - 2021-11-04 18:03:48,795 - new_apply_order.py[line:905]: 校验重试查询第2次
ERROR - 2021-11-04 18:03:49,812 - new_apply_order.py[line:801]: 放款完成或准备失败,目前的订单状态是35
INFO - 2021-11-04 18:03:49,813 - new_apply_order.py[line:802]: {'app': 'ncredit', 'loan_order_id': '1456200459522805760', 'mobile': '01636020218', 'order_status': 35}
INFO - 2021-11-04 18:03:50,319 - new_apply_order.py[line:905]: 校验重试查询第3次
INFO - 2021-11-04 18:03:51,338 - new_apply_order.py[line:799]: 放款完成或准备成功,目前的订单状态是40
INFO - 2021-11-04 18:03:51,338 - new_apply_order.py[line:802]: {'app': 'ncredit', 'loan_order_id': '1456200459522805760', 'mobile': '01636020218', 'order_status': 40}
INFO - 2021-11-04 18:03:51,338 - new_apply_order.py[line:922]: ===========完成第【10】次进件===========
INFO - 2021-11-04 18:03:51,339 - new_apply_order.py[line:925]: ======完成第【10】次进件,耗时133.71s=====
