INFO - 2021-10-15 16:07:09,786 - new_apply_order.py[line:798]: 开始第 muchodinero【1】次进件……
INFO - 2021-10-15 16:07:09,959 - new_apply_order.py[line:75]: 更新脏数据1条
INFO - 2021-10-15 16:07:09,959 - new_apply_order.py[line:82]: ======【mx测试环境】生成手机号：1634285229 ======
INFO - 2021-10-15 16:07:10,338 - new_apply_order.py[line:95]: 1634285229 检测用户存在成功！
INFO - 2021-10-15 16:07:10,425 - new_apply_order.py[line:104]: 1634285229 短信发送成功！
INFO - 2021-10-15 16:07:10,469 - new_apply_order.py[line:117]: 1634285229 注册成功！
INFO - 2021-10-15 16:07:10,531 - new_apply_order.py[line:133]: 1634285229 登录短信发送成功！
INFO - 2021-10-15 16:07:10,578 - new_apply_order.py[line:143]: userId=4962021633229725696,mobile=1634285229,token=b1a423d9cef7eb53a2ffa41c8a0516fe 登录成功
INFO - 2021-10-15 16:07:10,651 - new_apply_order.py[line:208]: 个人信息提交成功！
INFO - 2021-10-15 16:07:11,107 - new_apply_order.py[line:241]: 创建预审订单成功！
INFO - 2021-10-15 16:07:11,122 - new_apply_order.py[line:249]: 预审状态修改为通过,更新条数 1
INFO - 2021-10-15 16:07:11,134 - new_apply_order.py[line:252]: 更新初始额度！更新条数 1
INFO - 2021-10-15 16:07:13,547 - new_apply_order.py[line:288]: curp上传成功!
INFO - 2021-10-15 16:07:13,699 - new_apply_order.py[line:297]: curp_rfc校验通过！
INFO - 2021-10-15 16:07:14,502 - new_apply_order.py[line:308]: 人脸识别成功!
INFO - 2021-10-15 16:07:15,079 - new_apply_order.py[line:494]: 绑卡成功！
INFO - 2021-10-15 16:07:15,284 - new_apply_order.py[line:528]: 进件成功！执行sql将订单改为风控中……
INFO - 2021-10-15 16:07:16,317 - new_apply_order.py[line:534]: 订单表更新1条，信审更新1条
INFO - 2021-10-15 16:07:16,663 - new_apply_order.py[line:548]: 查询loan_order_id成功！
INFO - 2021-10-15 16:07:16,743 - new_apply_order.py[line:563]: 订单回调复审通过成功！
INFO - 2021-10-15 16:07:17,562 - new_apply_order.py[line:585]: 获取token成功！token=bearer deddb153-1e9f-421b-824c-93f5417e59ca！
INFO - 2021-10-15 16:07:17,907 - new_apply_order.py[line:548]: 查询loan_order_id成功！
INFO - 2021-10-15 16:07:18,441 - new_apply_order.py[line:603]: 后台已触发放款成功！
INFO - 2021-10-15 16:07:18,467 - new_apply_order.py[line:617]: xxl_job web 登录成功！
INFO - 2021-10-15 16:07:18,481 - new_apply_order.py[line:633]: xxl_job 放款准备作业执行成功！
INFO - 2021-10-15 16:07:19,826 - new_apply_order.py[line:548]: 查询loan_order_id成功！
INFO - 2021-10-15 16:07:19,840 - new_apply_order.py[line:641]: 修改放款准备完成时间成功！
INFO - 2021-10-15 16:07:19,845 - new_apply_order.py[line:649]: xxl_job 放款完成作业执行成功！
INFO - 2021-10-15 16:07:20,197 - new_apply_order.py[line:548]: 查询loan_order_id成功！
INFO - 2021-10-15 16:07:20,511 - new_apply_order.py[line:821]: 校验重试查询第1次
ERROR - 2021-10-15 16:07:21,526 - new_apply_order.py[line:717]: 放款完成或准备失败,目前的订单状态是35
INFO - 2021-10-15 16:07:21,526 - new_apply_order.py[line:718]: {'app': 'muchodinero', 'loan_order_id': '1448923390605529088', 'mobile': '1634285229', 'order_status': 35}
INFO - 2021-10-15 16:07:22,383 - new_apply_order.py[line:548]: 查询loan_order_id成功！
INFO - 2021-10-15 16:07:22,392 - new_apply_order.py[line:821]: 校验重试查询第2次
ERROR - 2021-10-15 16:07:23,409 - new_apply_order.py[line:717]: 放款完成或准备失败,目前的订单状态是35
INFO - 2021-10-15 16:07:23,409 - new_apply_order.py[line:718]: {'app': 'muchodinero', 'loan_order_id': '1448923390605529088', 'mobile': '1634285229', 'order_status': 35}
INFO - 2021-10-15 16:07:24,346 - new_apply_order.py[line:548]: 查询loan_order_id成功！
INFO - 2021-10-15 16:07:24,500 - new_apply_order.py[line:670]: 放款回调成功！
INFO - 2021-10-15 16:07:24,500 - new_apply_order.py[line:821]: 校验重试查询第3次
INFO - 2021-10-15 16:07:25,507 - new_apply_order.py[line:715]: 放款完成或准备成功,目前的订单状态是40
INFO - 2021-10-15 16:07:25,507 - new_apply_order.py[line:718]: {'app': 'muchodinero', 'loan_order_id': '1448923390605529088', 'mobile': '1634285229', 'order_status': 40}
INFO - 2021-10-15 16:07:25,508 - new_apply_order.py[line:838]: ===========完成第【1】次进件===========
INFO - 2021-10-15 16:07:25,508 - new_apply_order.py[line:841]: ======完成第【1】次进件,耗时15.72s=====
