INFO - 2021-11-02 11:05:41,983 - new_apply_order.py[line:882]: 开始第 starmoni【1】次进件……
INFO - 2021-11-02 11:05:41,983 - new_apply_order.py[line:84]: ======【nga测试环境】生成手机号：01635822341 ======
INFO - 2021-11-02 11:05:42,355 - new_apply_order.py[line:97]: 01635822341 检测用户存在成功！
INFO - 2021-11-02 11:05:42,418 - new_apply_order.py[line:106]: 01635822341 短信发送成功！
INFO - 2021-11-02 11:05:42,465 - new_apply_order.py[line:119]: 01635822341 注册成功！
INFO - 2021-11-02 11:05:42,508 - new_apply_order.py[line:135]: 01635822341 登录短信发送成功！
INFO - 2021-11-02 11:05:42,551 - new_apply_order.py[line:145]: userId=6226759948289712128,mobile=01635822341,token=fcdbfb1fd562cbee892fbef2281d0180 登录成功
INFO - 2021-11-02 11:05:42,630 - new_apply_order.py[line:212]: 个人信息提交成功！
INFO - 2021-11-02 11:05:42,677 - new_apply_order.py[line:223]: 联系人信息提交成功！
INFO - 2021-11-02 11:05:42,863 - new_apply_order.py[line:255]: 创建预审订单成功！
INFO - 2021-11-02 11:05:42,879 - new_apply_order.py[line:263]: 预审状态修改为通过,更新条数 1
INFO - 2021-11-02 11:05:42,891 - new_apply_order.py[line:266]: 更新初始额度！更新条数 1
INFO - 2021-11-02 11:05:43,173 - new_apply_order.py[line:342]: 活体图片上传成功！回写配置文件global_param.mp4_url
INFO - 2021-11-02 11:05:43,211 - new_apply_order.py[line:352]: 视频认证通过！
INFO - 2021-11-02 11:05:44,231 - new_apply_order.py[line:510]: bvn和银行卡绑卡认证通过！
INFO - 2021-11-02 11:05:44,532 - new_apply_order.py[line:561]: user更新1条
INFO - 2021-11-02 11:05:44,757 - new_apply_order.py[line:612]: 进件成功！执行sql将订单改为风控中……
INFO - 2021-11-02 11:05:45,786 - new_apply_order.py[line:618]: 订单表更新1条，信审更新1条
INFO - 2021-11-02 11:05:46,133 - new_apply_order.py[line:632]: 查询loan_order_id成功！
INFO - 2021-11-02 11:05:46,173 - new_apply_order.py[line:647]: 订单回调复审通过成功！
INFO - 2021-11-02 11:05:46,958 - new_apply_order.py[line:669]: 获取token成功！token=bearer be80aa3b-ee11-4151-b49d-576648d268e6！
INFO - 2021-11-02 11:05:47,304 - new_apply_order.py[line:632]: 查询loan_order_id成功！
INFO - 2021-11-02 11:05:47,597 - new_apply_order.py[line:687]: 后台已触发放款成功！
INFO - 2021-11-02 11:05:47,604 - new_apply_order.py[line:701]: xxl_job web 登录成功！
INFO - 2021-11-02 11:05:47,614 - new_apply_order.py[line:717]: xxl_job 放款准备作业执行成功！
INFO - 2021-11-02 11:05:48,960 - new_apply_order.py[line:632]: 查询loan_order_id成功！
INFO - 2021-11-02 11:05:48,968 - new_apply_order.py[line:725]: 修改放款准备完成时间成功！
INFO - 2021-11-02 11:05:48,971 - new_apply_order.py[line:733]: xxl_job 放款完成作业执行成功！
INFO - 2021-11-02 11:05:49,276 - new_apply_order.py[line:905]: 校验重试查询第1次
ERROR - 2021-11-02 11:05:50,293 - new_apply_order.py[line:801]: 放款完成或准备失败,目前的订单状态是32
INFO - 2021-11-02 11:05:50,294 - new_apply_order.py[line:802]: {'app': 'starmoni', 'loan_order_id': '1455370505780465664', 'mobile': '01635822341', 'order_status': 32}
INFO - 2021-11-02 11:06:03,418 - new_apply_order.py[line:701]: xxl_job web 登录成功！
INFO - 2021-11-02 11:06:03,433 - new_apply_order.py[line:717]: xxl_job 放款准备作业执行成功！
INFO - 2021-11-02 11:06:04,778 - new_apply_order.py[line:632]: 查询loan_order_id成功！
INFO - 2021-11-02 11:06:04,792 - new_apply_order.py[line:725]: 修改放款准备完成时间成功！
INFO - 2021-11-02 11:06:04,797 - new_apply_order.py[line:733]: xxl_job 放款完成作业执行成功！
INFO - 2021-11-02 11:06:05,301 - new_apply_order.py[line:905]: 校验重试查询第2次
ERROR - 2021-11-02 11:06:06,315 - new_apply_order.py[line:801]: 放款完成或准备失败,目前的订单状态是35
INFO - 2021-11-02 11:06:06,316 - new_apply_order.py[line:802]: {'app': 'starmoni', 'loan_order_id': '1455370505780465664', 'mobile': '01635822341', 'order_status': 35}
INFO - 2021-11-02 11:06:06,821 - new_apply_order.py[line:905]: 校验重试查询第3次
INFO - 2021-11-02 11:06:07,837 - new_apply_order.py[line:799]: 放款完成或准备成功,目前的订单状态是40
INFO - 2021-11-02 11:06:07,838 - new_apply_order.py[line:802]: {'app': 'starmoni', 'loan_order_id': '1455370505780465664', 'mobile': '01635822341', 'order_status': 40}
INFO - 2021-11-02 11:06:07,838 - new_apply_order.py[line:922]: ===========完成第【1】次进件===========
INFO - 2021-11-02 11:06:07,839 - new_apply_order.py[line:925]: ======完成第【1】次进件,耗时25.86s=====
