INFO - 2021-11-18 11:33:33,431 - new_apply_order.py[line:882]: 开始第 kshwai【1】次进件……
INFO - 2021-11-18 11:33:33,432 - new_apply_order.py[line:84]: ======【ke测试环境】生成手机号：737206413 ======
INFO - 2021-11-18 11:33:33,835 - new_apply_order.py[line:97]: 737206413 检测用户存在成功！
INFO - 2021-11-18 11:33:33,899 - new_apply_order.py[line:106]: 737206413 短信发送成功！
INFO - 2021-11-18 11:33:33,964 - new_apply_order.py[line:119]: 737206413 注册成功！
INFO - 2021-11-18 11:33:34,030 - new_apply_order.py[line:135]: 737206413 登录短信发送成功！
INFO - 2021-11-18 11:33:34,130 - new_apply_order.py[line:145]: userId=6232565165172072448,mobile=737206413,token=52c72dab7bc00cfb8757dde1fb48520f 登录成功
INFO - 2021-11-18 11:33:34,311 - new_apply_order.py[line:212]: 个人信息提交成功！
INFO - 2021-11-18 11:33:34,394 - new_apply_order.py[line:232]: 联系人信息提交成功！
ERROR - 2021-11-18 11:33:36,538 - new_apply_order.py[line:257]: 创建预审失败{"code":"9999","msg":"The Server is busy, Please try again later","data":null}
INFO - 2021-11-18 11:33:36,569 - new_apply_order.py[line:263]: 预审状态修改为通过,更新条数 1
INFO - 2021-11-18 11:33:36,588 - new_apply_order.py[line:266]: 更新初始额度！更新条数 1
INFO - 2021-11-18 11:33:36,878 - new_apply_order.py[line:342]: 活体图片上传成功！回写配置文件global_param.mp4_url
INFO - 2021-11-18 11:33:36,930 - new_apply_order.py[line:352]: 视频认证通过！
INFO - 2021-11-18 11:33:37,284 - new_apply_order.py[line:577]: 绑卡成功！
INFO - 2021-11-18 11:33:37,685 - new_apply_order.py[line:612]: 进件成功！执行sql将订单改为风控中……
INFO - 2021-11-18 11:33:38,724 - new_apply_order.py[line:618]: 订单表更新1条，信审更新1条
INFO - 2021-11-18 11:33:39,108 - new_apply_order.py[line:632]: 查询loan_order_id成功！
INFO - 2021-11-18 11:33:39,159 - new_apply_order.py[line:647]: 订单回调复审通过成功！
INFO - 2021-11-18 11:33:39,948 - new_apply_order.py[line:669]: 获取token成功！token=bearer d3e2b487-1788-4b4c-8c89-e922adfbe5af！
INFO - 2021-11-18 11:33:40,309 - new_apply_order.py[line:632]: 查询loan_order_id成功！
INFO - 2021-11-18 11:33:41,108 - new_apply_order.py[line:687]: 后台已触发放款成功！
INFO - 2021-11-18 11:33:41,123 - new_apply_order.py[line:701]: xxl_job web 登录成功！
INFO - 2021-11-18 11:33:41,132 - new_apply_order.py[line:717]: xxl_job 放款准备作业执行成功！
INFO - 2021-11-18 11:33:42,526 - new_apply_order.py[line:632]: 查询loan_order_id成功！
INFO - 2021-11-18 11:33:42,544 - new_apply_order.py[line:725]: 修改放款准备完成时间成功！
INFO - 2021-11-18 11:33:42,552 - new_apply_order.py[line:733]: xxl_job 放款完成作业执行成功！
INFO - 2021-11-18 11:33:42,916 - new_apply_order.py[line:632]: 查询loan_order_id成功！
INFO - 2021-11-18 11:33:43,229 - new_apply_order.py[line:905]: 校验重试查询第1次
ERROR - 2021-11-18 11:33:44,240 - new_apply_order.py[line:801]: 放款完成或准备失败,目前的订单状态是35
INFO - 2021-11-18 11:33:44,240 - new_apply_order.py[line:802]: {'app': 'kshwai', 'loan_order_id': '1461175723886907392', 'mobile': '737206413', 'order_status': 35}
INFO - 2021-11-18 11:33:45,115 - new_apply_order.py[line:632]: 查询loan_order_id成功！
INFO - 2021-11-18 11:33:45,394 - new_apply_order.py[line:770]: 放款回调成功！
INFO - 2021-11-18 11:33:45,395 - new_apply_order.py[line:905]: 校验重试查询第2次
INFO - 2021-11-18 11:33:46,408 - new_apply_order.py[line:799]: 放款完成或准备成功,目前的订单状态是40
INFO - 2021-11-18 11:33:46,408 - new_apply_order.py[line:802]: {'app': 'kshwai', 'loan_order_id': '1461175723886907392', 'mobile': '737206413', 'order_status': 40}
INFO - 2021-11-18 11:33:46,408 - new_apply_order.py[line:922]: ===========完成第【1】次进件===========
INFO - 2021-11-18 11:33:46,409 - new_apply_order.py[line:925]: ======完成第【1】次进件,耗时12.98s=====
