INFO - 2021-12-15 16:17:28,357 - new_apply_order.py[line:893]: 开始第 borrowme【1】次进件……
INFO - 2021-12-15 16:17:28,357 - new_apply_order.py[line:84]: ======【nga测试环境】生成手机号：01639556248 ======
INFO - 2021-12-15 16:17:28,743 - new_apply_order.py[line:97]: 01639556248 检测用户存在成功！
INFO - 2021-12-15 16:17:28,817 - new_apply_order.py[line:106]: 01639556248 短信发送成功！
INFO - 2021-12-15 16:17:28,868 - new_apply_order.py[line:119]: 01639556248 注册成功！
INFO - 2021-12-15 16:17:28,932 - new_apply_order.py[line:135]: 01639556248 登录短信发送成功！
INFO - 2021-12-15 16:17:28,975 - new_apply_order.py[line:145]: userId=6242421086888665088,mobile=01639556248,token=e22ae86dc380cc87ce1ab13c89f84485 登录成功
INFO - 2021-12-15 16:17:29,071 - new_apply_order.py[line:212]: 个人信息提交成功！
INFO - 2021-12-15 16:17:29,197 - new_apply_order.py[line:223]: 联系人信息提交成功！
INFO - 2021-12-15 16:17:30,187 - new_apply_order.py[line:255]: 创建预审订单成功！
INFO - 2021-12-15 16:17:30,207 - new_apply_order.py[line:263]: 预审状态修改为通过,更新条数 1
INFO - 2021-12-15 16:17:30,224 - new_apply_order.py[line:266]: 更新初始额度！更新条数 1
INFO - 2021-12-15 16:17:30,524 - new_apply_order.py[line:342]: 活体图片上传成功！回写配置文件global_param.mp4_url
INFO - 2021-12-15 16:17:30,590 - new_apply_order.py[line:352]: 视频认证通过！
INFO - 2021-12-15 16:17:31,745 - new_apply_order.py[line:511]: bvn和银行卡绑卡认证通过！
INFO - 2021-12-15 16:17:32,085 - new_apply_order.py[line:562]: user更新1条
INFO - 2021-12-15 16:17:32,359 - new_apply_order.py[line:623]: 进件成功！执行sql将订单改为风控中……
INFO - 2021-12-15 16:17:33,402 - new_apply_order.py[line:629]: 订单表更新1条，信审更新1条
INFO - 2021-12-15 16:17:33,765 - new_apply_order.py[line:643]: 查询loan_order_id成功！
INFO - 2021-12-15 16:17:33,812 - new_apply_order.py[line:658]: 订单回调复审通过成功！
INFO - 2021-12-15 16:17:34,596 - new_apply_order.py[line:680]: 获取token成功！token=bearer f34bc738-af6a-4245-bd1d-657c3d258fe7！
INFO - 2021-12-15 16:17:34,941 - new_apply_order.py[line:643]: 查询loan_order_id成功！
INFO - 2021-12-15 16:17:35,528 - new_apply_order.py[line:698]: 后台已触发放款成功！
INFO - 2021-12-15 16:17:35,544 - new_apply_order.py[line:712]: xxl_job web 登录成功！
INFO - 2021-12-15 16:17:35,554 - new_apply_order.py[line:728]: xxl_job 放款准备作业执行成功！
INFO - 2021-12-15 16:17:36,911 - new_apply_order.py[line:643]: 查询loan_order_id成功！
INFO - 2021-12-15 16:17:36,931 - new_apply_order.py[line:736]: 修改放款准备完成时间成功！
INFO - 2021-12-15 16:17:36,942 - new_apply_order.py[line:744]: xxl_job 放款完成作业执行成功！
INFO - 2021-12-15 16:17:37,252 - new_apply_order.py[line:916]: 校验重试查询第1次
ERROR - 2021-12-15 16:17:38,270 - new_apply_order.py[line:812]: 放款完成或准备失败,目前的订单状态是35
INFO - 2021-12-15 16:17:38,271 - new_apply_order.py[line:813]: {'app': 'borrowme', 'loan_order_id': '1471031645264809984', 'mobile': '01639556248', 'order_status': 35}
INFO - 2021-12-15 16:17:38,780 - new_apply_order.py[line:916]: 校验重试查询第2次
INFO - 2021-12-15 16:17:39,799 - new_apply_order.py[line:810]: 放款完成或准备成功,目前的订单状态是40
INFO - 2021-12-15 16:17:39,799 - new_apply_order.py[line:813]: {'app': 'borrowme', 'loan_order_id': '1471031645264809984', 'mobile': '01639556248', 'order_status': 40}
INFO - 2021-12-15 16:17:39,802 - new_apply_order.py[line:933]: ===========完成第【1】次进件===========
INFO - 2021-12-15 16:17:39,802 - new_apply_order.py[line:936]: ======完成第【1】次进件,耗时11.45s=====
INFO - 2021-12-15 16:17:39,808 - new_apply_order.py[line:893]: 开始第 quickcash【1】次进件……
INFO - 2021-12-15 16:17:39,810 - new_apply_order.py[line:84]: ======【nga测试环境】生成手机号：01639556259 ======
INFO - 2021-12-15 16:17:40,158 - new_apply_order.py[line:97]: 01639556259 检测用户存在成功！
INFO - 2021-12-15 16:17:40,200 - new_apply_order.py[line:106]: 01639556259 短信发送成功！
INFO - 2021-12-15 16:17:40,269 - new_apply_order.py[line:119]: 01639556259 注册成功！
INFO - 2021-12-15 16:17:40,322 - new_apply_order.py[line:135]: 01639556259 登录短信发送成功！
INFO - 2021-12-15 16:17:40,384 - new_apply_order.py[line:145]: userId=6242421134607261696,mobile=01639556259,token=ce30df4138a955cb5ec992dd1ca63016 登录成功
INFO - 2021-12-15 16:17:40,488 - new_apply_order.py[line:212]: 个人信息提交成功！
INFO - 2021-12-15 16:17:40,617 - new_apply_order.py[line:223]: 联系人信息提交成功！
INFO - 2021-12-15 16:17:40,854 - new_apply_order.py[line:255]: 创建预审订单成功！
INFO - 2021-12-15 16:17:40,874 - new_apply_order.py[line:263]: 预审状态修改为通过,更新条数 1
INFO - 2021-12-15 16:17:40,891 - new_apply_order.py[line:266]: 更新初始额度！更新条数 1
INFO - 2021-12-15 16:17:41,156 - new_apply_order.py[line:342]: 活体图片上传成功！回写配置文件global_param.mp4_url
INFO - 2021-12-15 16:17:41,198 - new_apply_order.py[line:352]: 视频认证通过！
INFO - 2021-12-15 16:17:42,161 - new_apply_order.py[line:511]: bvn和银行卡绑卡认证通过！
INFO - 2021-12-15 16:17:42,476 - new_apply_order.py[line:562]: user更新1条
INFO - 2021-12-15 16:17:42,680 - new_apply_order.py[line:623]: 进件成功！执行sql将订单改为风控中……
INFO - 2021-12-15 16:17:43,715 - new_apply_order.py[line:629]: 订单表更新1条，信审更新1条
INFO - 2021-12-15 16:17:44,061 - new_apply_order.py[line:643]: 查询loan_order_id成功！
INFO - 2021-12-15 16:17:44,100 - new_apply_order.py[line:658]: 订单回调复审通过成功！
INFO - 2021-12-15 16:17:44,904 - new_apply_order.py[line:680]: 获取token成功！token=bearer f34bc738-af6a-4245-bd1d-657c3d258fe7！
INFO - 2021-12-15 16:17:45,245 - new_apply_order.py[line:643]: 查询loan_order_id成功！
INFO - 2021-12-15 16:17:45,579 - new_apply_order.py[line:698]: 后台已触发放款成功！
INFO - 2021-12-15 16:17:45,594 - new_apply_order.py[line:712]: xxl_job web 登录成功！
INFO - 2021-12-15 16:17:45,606 - new_apply_order.py[line:728]: xxl_job 放款准备作业执行成功！
INFO - 2021-12-15 16:17:46,957 - new_apply_order.py[line:643]: 查询loan_order_id成功！
INFO - 2021-12-15 16:17:46,978 - new_apply_order.py[line:736]: 修改放款准备完成时间成功！
INFO - 2021-12-15 16:17:46,985 - new_apply_order.py[line:744]: xxl_job 放款完成作业执行成功！
INFO - 2021-12-15 16:17:47,294 - new_apply_order.py[line:916]: 校验重试查询第1次
ERROR - 2021-12-15 16:17:48,307 - new_apply_order.py[line:812]: 放款完成或准备失败,目前的订单状态是35
INFO - 2021-12-15 16:17:48,308 - new_apply_order.py[line:813]: {'app': 'quickcash', 'loan_order_id': '1471031692840800256', 'mobile': '01639556259', 'order_status': 35}
INFO - 2021-12-15 16:17:48,824 - new_apply_order.py[line:916]: 校验重试查询第2次
INFO - 2021-12-15 16:17:49,836 - new_apply_order.py[line:810]: 放款完成或准备成功,目前的订单状态是40
INFO - 2021-12-15 16:17:49,836 - new_apply_order.py[line:813]: {'app': 'quickcash', 'loan_order_id': '1471031692840800256', 'mobile': '01639556259', 'order_status': 40}
INFO - 2021-12-15 16:17:49,837 - new_apply_order.py[line:933]: ===========完成第【1】次进件===========
INFO - 2021-12-15 16:17:49,837 - new_apply_order.py[line:936]: ======完成第【1】次进件,耗时10.03s=====
INFO - 2021-12-15 16:17:49,840 - new_apply_order.py[line:893]: 开始第 borrowme【1】次进件……
INFO - 2021-12-15 16:17:49,841 - new_apply_order.py[line:84]: ======【nga测试环境】生成手机号：01639556269 ======
INFO - 2021-12-15 16:17:50,183 - new_apply_order.py[line:97]: 01639556269 检测用户存在成功！
INFO - 2021-12-15 16:17:50,220 - new_apply_order.py[line:106]: 01639556269 短信发送成功！
INFO - 2021-12-15 16:17:50,254 - new_apply_order.py[line:119]: 01639556269 注册成功！
INFO - 2021-12-15 16:17:50,299 - new_apply_order.py[line:135]: 01639556269 登录短信发送成功！
INFO - 2021-12-15 16:17:50,363 - new_apply_order.py[line:145]: userId=6242421176621604864,mobile=01639556269,token=abfd3373ea70558e7dd64b89eb4429b8 登录成功
INFO - 2021-12-15 16:17:50,467 - new_apply_order.py[line:212]: 个人信息提交成功！
INFO - 2021-12-15 16:17:50,525 - new_apply_order.py[line:223]: 联系人信息提交成功！
INFO - 2021-12-15 16:17:50,775 - new_apply_order.py[line:255]: 创建预审订单成功！
INFO - 2021-12-15 16:17:50,791 - new_apply_order.py[line:263]: 预审状态修改为通过,更新条数 1
INFO - 2021-12-15 16:17:50,801 - new_apply_order.py[line:266]: 更新初始额度！更新条数 1
INFO - 2021-12-15 16:17:51,087 - new_apply_order.py[line:342]: 活体图片上传成功！回写配置文件global_param.mp4_url
INFO - 2021-12-15 16:17:51,148 - new_apply_order.py[line:352]: 视频认证通过！
INFO - 2021-12-15 16:17:52,248 - new_apply_order.py[line:511]: bvn和银行卡绑卡认证通过！
INFO - 2021-12-15 16:17:52,544 - new_apply_order.py[line:562]: user更新1条
INFO - 2021-12-15 16:17:52,745 - new_apply_order.py[line:623]: 进件成功！执行sql将订单改为风控中……
INFO - 2021-12-15 16:17:53,775 - new_apply_order.py[line:629]: 订单表更新1条，信审更新1条
INFO - 2021-12-15 16:17:54,123 - new_apply_order.py[line:643]: 查询loan_order_id成功！
INFO - 2021-12-15 16:17:54,161 - new_apply_order.py[line:658]: 订单回调复审通过成功！
INFO - 2021-12-15 16:17:54,933 - new_apply_order.py[line:680]: 获取token成功！token=bearer f34bc738-af6a-4245-bd1d-657c3d258fe7！
INFO - 2021-12-15 16:17:55,272 - new_apply_order.py[line:643]: 查询loan_order_id成功！
INFO - 2021-12-15 16:17:55,610 - new_apply_order.py[line:698]: 后台已触发放款成功！
INFO - 2021-12-15 16:17:55,620 - new_apply_order.py[line:712]: xxl_job web 登录成功！
INFO - 2021-12-15 16:17:55,629 - new_apply_order.py[line:728]: xxl_job 放款准备作业执行成功！
INFO - 2021-12-15 16:17:56,976 - new_apply_order.py[line:643]: 查询loan_order_id成功！
INFO - 2021-12-15 16:17:56,992 - new_apply_order.py[line:736]: 修改放款准备完成时间成功！
INFO - 2021-12-15 16:17:56,999 - new_apply_order.py[line:744]: xxl_job 放款完成作业执行成功！
INFO - 2021-12-15 16:17:57,305 - new_apply_order.py[line:916]: 校验重试查询第1次
INFO - 2021-12-15 16:17:58,319 - new_apply_order.py[line:810]: 放款完成或准备成功,目前的订单状态是40
INFO - 2021-12-15 16:17:58,319 - new_apply_order.py[line:813]: {'app': 'borrowme', 'loan_order_id': '1471031734402158592', 'mobile': '01639556269', 'order_status': 40}
INFO - 2021-12-15 16:17:58,319 - new_apply_order.py[line:933]: ===========完成第【1】次进件===========
INFO - 2021-12-15 16:17:58,320 - new_apply_order.py[line:936]: ======完成第【1】次进件,耗时8.48s=====
INFO - 2021-12-15 16:17:58,328 - new_apply_order.py[line:893]: 开始第 moremoney【1】次进件……
INFO - 2021-12-15 16:17:58,330 - new_apply_order.py[line:84]: ======【nga测试环境】生成手机号：01639556278 ======
INFO - 2021-12-15 16:17:58,681 - new_apply_order.py[line:97]: 01639556278 检测用户存在成功！
INFO - 2021-12-15 16:17:58,725 - new_apply_order.py[line:106]: 01639556278 短信发送成功！
INFO - 2021-12-15 16:17:58,766 - new_apply_order.py[line:119]: 01639556278 注册成功！
INFO - 2021-12-15 16:17:58,811 - new_apply_order.py[line:135]: 01639556278 登录短信发送成功！
INFO - 2021-12-15 16:17:58,852 - new_apply_order.py[line:145]: userId=6242421212323520512,mobile=01639556278,token=a5e46ed73e2d0017c887196f4431419a 登录成功
INFO - 2021-12-15 16:17:58,935 - new_apply_order.py[line:212]: 个人信息提交成功！
INFO - 2021-12-15 16:17:58,988 - new_apply_order.py[line:223]: 联系人信息提交成功！
INFO - 2021-12-15 16:17:59,216 - new_apply_order.py[line:255]: 创建预审订单成功！
INFO - 2021-12-15 16:17:59,232 - new_apply_order.py[line:263]: 预审状态修改为通过,更新条数 1
INFO - 2021-12-15 16:17:59,246 - new_apply_order.py[line:266]: 更新初始额度！更新条数 1
INFO - 2021-12-15 16:17:59,520 - new_apply_order.py[line:342]: 活体图片上传成功！回写配置文件global_param.mp4_url
INFO - 2021-12-15 16:17:59,562 - new_apply_order.py[line:352]: 视频认证通过！
INFO - 2021-12-15 16:18:00,587 - new_apply_order.py[line:511]: bvn和银行卡绑卡认证通过！
INFO - 2021-12-15 16:18:00,895 - new_apply_order.py[line:562]: user更新1条
INFO - 2021-12-15 16:18:01,071 - new_apply_order.py[line:623]: 进件成功！执行sql将订单改为风控中……
INFO - 2021-12-15 16:18:02,095 - new_apply_order.py[line:629]: 订单表更新1条，信审更新1条
INFO - 2021-12-15 16:18:02,442 - new_apply_order.py[line:643]: 查询loan_order_id成功！
INFO - 2021-12-15 16:18:02,482 - new_apply_order.py[line:658]: 订单回调复审通过成功！
INFO - 2021-12-15 16:18:03,276 - new_apply_order.py[line:680]: 获取token成功！token=bearer f34bc738-af6a-4245-bd1d-657c3d258fe7！
INFO - 2021-12-15 16:18:03,630 - new_apply_order.py[line:643]: 查询loan_order_id成功！
INFO - 2021-12-15 16:18:03,942 - new_apply_order.py[line:698]: 后台已触发放款成功！
INFO - 2021-12-15 16:18:03,955 - new_apply_order.py[line:712]: xxl_job web 登录成功！
INFO - 2021-12-15 16:18:03,967 - new_apply_order.py[line:728]: xxl_job 放款准备作业执行成功！
INFO - 2021-12-15 16:18:05,313 - new_apply_order.py[line:643]: 查询loan_order_id成功！
INFO - 2021-12-15 16:18:05,330 - new_apply_order.py[line:736]: 修改放款准备完成时间成功！
INFO - 2021-12-15 16:18:05,345 - new_apply_order.py[line:744]: xxl_job 放款完成作业执行成功！
INFO - 2021-12-15 16:18:05,651 - new_apply_order.py[line:916]: 校验重试查询第1次
ERROR - 2021-12-15 16:18:06,664 - new_apply_order.py[line:812]: 放款完成或准备失败,目前的订单状态是35
INFO - 2021-12-15 16:18:06,664 - new_apply_order.py[line:813]: {'app': 'moremoney', 'loan_order_id': '1471031769906941952', 'mobile': '01639556278', 'order_status': 35}
INFO - 2021-12-15 16:18:07,174 - new_apply_order.py[line:916]: 校验重试查询第2次
INFO - 2021-12-15 16:18:08,187 - new_apply_order.py[line:810]: 放款完成或准备成功,目前的订单状态是40
INFO - 2021-12-15 16:18:08,187 - new_apply_order.py[line:813]: {'app': 'moremoney', 'loan_order_id': '1471031769906941952', 'mobile': '01639556278', 'order_status': 40}
INFO - 2021-12-15 16:18:08,187 - new_apply_order.py[line:933]: ===========完成第【1】次进件===========
INFO - 2021-12-15 16:18:08,188 - new_apply_order.py[line:936]: ======完成第【1】次进件,耗时9.86s=====
INFO - 2021-12-15 16:18:08,192 - new_apply_order.py[line:893]: 开始第 creditnaira【1】次进件……
INFO - 2021-12-15 16:18:08,193 - new_apply_order.py[line:84]: ======【nga测试环境】生成手机号：01639556288 ======
INFO - 2021-12-15 16:18:08,540 - new_apply_order.py[line:97]: 01639556288 检测用户存在成功！
INFO - 2021-12-15 16:18:08,583 - new_apply_order.py[line:106]: 01639556288 短信发送成功！
INFO - 2021-12-15 16:18:08,650 - new_apply_order.py[line:119]: 01639556288 注册成功！
INFO - 2021-12-15 16:18:08,715 - new_apply_order.py[line:135]: 01639556288 登录短信发送成功！
INFO - 2021-12-15 16:18:08,769 - new_apply_order.py[line:145]: userId=6242421253717106688,mobile=01639556288,token=1486260222189edd3618fcf43b9ceaf5 登录成功
INFO - 2021-12-15 16:18:08,883 - new_apply_order.py[line:212]: 个人信息提交成功！
INFO - 2021-12-15 16:18:08,934 - new_apply_order.py[line:223]: 联系人信息提交成功！
INFO - 2021-12-15 16:18:09,175 - new_apply_order.py[line:255]: 创建预审订单成功！
INFO - 2021-12-15 16:18:09,189 - new_apply_order.py[line:263]: 预审状态修改为通过,更新条数 1
INFO - 2021-12-15 16:18:09,200 - new_apply_order.py[line:266]: 更新初始额度！更新条数 1
INFO - 2021-12-15 16:18:09,436 - new_apply_order.py[line:342]: 活体图片上传成功！回写配置文件global_param.mp4_url
INFO - 2021-12-15 16:18:09,478 - new_apply_order.py[line:352]: 视频认证通过！
INFO - 2021-12-15 16:18:10,474 - new_apply_order.py[line:511]: bvn和银行卡绑卡认证通过！
INFO - 2021-12-15 16:18:10,788 - new_apply_order.py[line:562]: user更新1条
INFO - 2021-12-15 16:18:10,971 - new_apply_order.py[line:623]: 进件成功！执行sql将订单改为风控中……
INFO - 2021-12-15 16:18:12,014 - new_apply_order.py[line:629]: 订单表更新1条，信审更新1条
INFO - 2021-12-15 16:18:12,358 - new_apply_order.py[line:643]: 查询loan_order_id成功！
INFO - 2021-12-15 16:18:12,396 - new_apply_order.py[line:658]: 订单回调复审通过成功！
INFO - 2021-12-15 16:18:13,194 - new_apply_order.py[line:680]: 获取token成功！token=bearer f34bc738-af6a-4245-bd1d-657c3d258fe7！
INFO - 2021-12-15 16:18:13,542 - new_apply_order.py[line:643]: 查询loan_order_id成功！
INFO - 2021-12-15 16:18:13,840 - new_apply_order.py[line:698]: 后台已触发放款成功！
INFO - 2021-12-15 16:18:13,856 - new_apply_order.py[line:712]: xxl_job web 登录成功！
INFO - 2021-12-15 16:18:13,869 - new_apply_order.py[line:728]: xxl_job 放款准备作业执行成功！
INFO - 2021-12-15 16:18:15,218 - new_apply_order.py[line:643]: 查询loan_order_id成功！
INFO - 2021-12-15 16:18:15,236 - new_apply_order.py[line:736]: 修改放款准备完成时间成功！
INFO - 2021-12-15 16:18:15,245 - new_apply_order.py[line:744]: xxl_job 放款完成作业执行成功！
INFO - 2021-12-15 16:18:15,554 - new_apply_order.py[line:916]: 校验重试查询第1次
ERROR - 2021-12-15 16:18:16,571 - new_apply_order.py[line:812]: 放款完成或准备失败,目前的订单状态是35
INFO - 2021-12-15 16:18:16,572 - new_apply_order.py[line:813]: {'app': 'creditnaira', 'loan_order_id': '1471031811673821184', 'mobile': '01639556288', 'order_status': 35}
INFO - 2021-12-15 16:18:17,083 - new_apply_order.py[line:916]: 校验重试查询第2次
INFO - 2021-12-15 16:18:18,099 - new_apply_order.py[line:810]: 放款完成或准备成功,目前的订单状态是40
INFO - 2021-12-15 16:18:18,100 - new_apply_order.py[line:813]: {'app': 'creditnaira', 'loan_order_id': '1471031811673821184', 'mobile': '01639556288', 'order_status': 40}
INFO - 2021-12-15 16:18:18,101 - new_apply_order.py[line:933]: ===========完成第【1】次进件===========
INFO - 2021-12-15 16:18:18,101 - new_apply_order.py[line:936]: ======完成第【1】次进件,耗时9.91s=====
INFO - 2021-12-15 16:18:18,108 - new_apply_order.py[line:893]: 开始第 inaira【1】次进件……
INFO - 2021-12-15 16:18:18,109 - new_apply_order.py[line:84]: ======【nga测试环境】生成手机号：01639556298 ======
INFO - 2021-12-15 16:18:18,454 - new_apply_order.py[line:97]: 01639556298 检测用户存在成功！
INFO - 2021-12-15 16:18:18,504 - new_apply_order.py[line:106]: 01639556298 短信发送成功！
INFO - 2021-12-15 16:18:18,545 - new_apply_order.py[line:119]: 01639556298 注册成功！
INFO - 2021-12-15 16:18:18,596 - new_apply_order.py[line:135]: 01639556298 登录短信发送成功！
INFO - 2021-12-15 16:18:18,639 - new_apply_order.py[line:145]: userId=6242421295265882112,mobile=01639556298,token=934416618266a87a58a79339506125de 登录成功
INFO - 2021-12-15 16:18:18,716 - new_apply_order.py[line:212]: 个人信息提交成功！
INFO - 2021-12-15 16:18:18,775 - new_apply_order.py[line:223]: 联系人信息提交成功！
INFO - 2021-12-15 16:18:18,972 - new_apply_order.py[line:255]: 创建预审订单成功！
INFO - 2021-12-15 16:18:18,988 - new_apply_order.py[line:263]: 预审状态修改为通过,更新条数 1
INFO - 2021-12-15 16:18:19,004 - new_apply_order.py[line:266]: 更新初始额度！更新条数 1
INFO - 2021-12-15 16:18:19,283 - new_apply_order.py[line:342]: 活体图片上传成功！回写配置文件global_param.mp4_url
INFO - 2021-12-15 16:18:19,324 - new_apply_order.py[line:352]: 视频认证通过！
INFO - 2021-12-15 16:18:20,352 - new_apply_order.py[line:511]: bvn和银行卡绑卡认证通过！
INFO - 2021-12-15 16:18:20,664 - new_apply_order.py[line:562]: user更新1条
INFO - 2021-12-15 16:18:20,872 - new_apply_order.py[line:623]: 进件成功！执行sql将订单改为风控中……
INFO - 2021-12-15 16:18:21,910 - new_apply_order.py[line:629]: 订单表更新1条，信审更新1条
INFO - 2021-12-15 16:18:22,271 - new_apply_order.py[line:643]: 查询loan_order_id成功！
INFO - 2021-12-15 16:18:22,315 - new_apply_order.py[line:658]: 订单回调复审通过成功！
INFO - 2021-12-15 16:18:23,082 - new_apply_order.py[line:680]: 获取token成功！token=bearer f34bc738-af6a-4245-bd1d-657c3d258fe7！
INFO - 2021-12-15 16:18:23,451 - new_apply_order.py[line:643]: 查询loan_order_id成功！
INFO - 2021-12-15 16:18:23,740 - new_apply_order.py[line:698]: 后台已触发放款成功！
INFO - 2021-12-15 16:18:23,756 - new_apply_order.py[line:712]: xxl_job web 登录成功！
INFO - 2021-12-15 16:18:23,769 - new_apply_order.py[line:728]: xxl_job 放款准备作业执行成功！
INFO - 2021-12-15 16:18:25,115 - new_apply_order.py[line:643]: 查询loan_order_id成功！
INFO - 2021-12-15 16:18:25,133 - new_apply_order.py[line:736]: 修改放款准备完成时间成功！
INFO - 2021-12-15 16:18:25,145 - new_apply_order.py[line:744]: xxl_job 放款完成作业执行成功！
INFO - 2021-12-15 16:18:25,452 - new_apply_order.py[line:916]: 校验重试查询第1次
ERROR - 2021-12-15 16:18:26,467 - new_apply_order.py[line:812]: 放款完成或准备失败,目前的订单状态是35
INFO - 2021-12-15 16:18:26,467 - new_apply_order.py[line:813]: {'app': 'inaira', 'loan_order_id': '1471031852866080768', 'mobile': '01639556298', 'order_status': 35}
INFO - 2021-12-15 16:18:26,974 - new_apply_order.py[line:916]: 校验重试查询第2次
INFO - 2021-12-15 16:18:27,991 - new_apply_order.py[line:810]: 放款完成或准备成功,目前的订单状态是40
INFO - 2021-12-15 16:18:27,991 - new_apply_order.py[line:813]: {'app': 'inaira', 'loan_order_id': '1471031852866080768', 'mobile': '01639556298', 'order_status': 40}
INFO - 2021-12-15 16:18:27,992 - new_apply_order.py[line:933]: ===========完成第【1】次进件===========
INFO - 2021-12-15 16:18:27,992 - new_apply_order.py[line:936]: ======完成第【1】次进件,耗时9.88s=====
INFO - 2021-12-15 16:18:27,999 - new_apply_order.py[line:893]: 开始第 fornaira【1】次进件……
INFO - 2021-12-15 16:18:28,001 - new_apply_order.py[line:84]: ======【nga测试环境】生成手机号：01639556308 ======
INFO - 2021-12-15 16:18:28,352 - new_apply_order.py[line:97]: 01639556308 检测用户存在成功！
INFO - 2021-12-15 16:18:28,398 - new_apply_order.py[line:106]: 01639556308 短信发送成功！
INFO - 2021-12-15 16:18:28,439 - new_apply_order.py[line:119]: 01639556308 注册成功！
INFO - 2021-12-15 16:18:28,491 - new_apply_order.py[line:135]: 01639556308 登录短信发送成功！
INFO - 2021-12-15 16:18:28,533 - new_apply_order.py[line:145]: userId=6242421336768520192,mobile=01639556308,token=e8b5b4462054668bbae69c6caf0a9675 登录成功
INFO - 2021-12-15 16:18:28,657 - new_apply_order.py[line:212]: 个人信息提交成功！
INFO - 2021-12-15 16:18:28,710 - new_apply_order.py[line:223]: 联系人信息提交成功！
INFO - 2021-12-15 16:18:28,972 - new_apply_order.py[line:255]: 创建预审订单成功！
INFO - 2021-12-15 16:18:28,992 - new_apply_order.py[line:263]: 预审状态修改为通过,更新条数 1
INFO - 2021-12-15 16:18:29,008 - new_apply_order.py[line:266]: 更新初始额度！更新条数 1
INFO - 2021-12-15 16:18:29,278 - new_apply_order.py[line:342]: 活体图片上传成功！回写配置文件global_param.mp4_url
INFO - 2021-12-15 16:18:29,316 - new_apply_order.py[line:352]: 视频认证通过！
INFO - 2021-12-15 16:18:30,334 - new_apply_order.py[line:511]: bvn和银行卡绑卡认证通过！
INFO - 2021-12-15 16:18:30,665 - new_apply_order.py[line:562]: user更新1条
INFO - 2021-12-15 16:18:30,859 - new_apply_order.py[line:623]: 进件成功！执行sql将订单改为风控中……
INFO - 2021-12-15 16:18:31,895 - new_apply_order.py[line:629]: 订单表更新1条，信审更新1条
INFO - 2021-12-15 16:18:32,249 - new_apply_order.py[line:643]: 查询loan_order_id成功！
INFO - 2021-12-15 16:18:32,290 - new_apply_order.py[line:658]: 订单回调复审通过成功！
INFO - 2021-12-15 16:18:33,074 - new_apply_order.py[line:680]: 获取token成功！token=bearer f34bc738-af6a-4245-bd1d-657c3d258fe7！
INFO - 2021-12-15 16:18:33,420 - new_apply_order.py[line:643]: 查询loan_order_id成功！
INFO - 2021-12-15 16:18:33,736 - new_apply_order.py[line:698]: 后台已触发放款成功！
INFO - 2021-12-15 16:18:33,751 - new_apply_order.py[line:712]: xxl_job web 登录成功！
INFO - 2021-12-15 16:18:33,764 - new_apply_order.py[line:728]: xxl_job 放款准备作业执行成功！
INFO - 2021-12-15 16:18:35,127 - new_apply_order.py[line:643]: 查询loan_order_id成功！
INFO - 2021-12-15 16:18:35,148 - new_apply_order.py[line:736]: 修改放款准备完成时间成功！
INFO - 2021-12-15 16:18:35,157 - new_apply_order.py[line:744]: xxl_job 放款完成作业执行成功！
INFO - 2021-12-15 16:18:35,465 - new_apply_order.py[line:916]: 校验重试查询第1次
ERROR - 2021-12-15 16:18:36,481 - new_apply_order.py[line:812]: 放款完成或准备失败,目前的订单状态是35
INFO - 2021-12-15 16:18:36,482 - new_apply_order.py[line:813]: {'app': 'fornaira', 'loan_order_id': '1471031894578434048', 'mobile': '01639556308', 'order_status': 35}
INFO - 2021-12-15 16:18:36,991 - new_apply_order.py[line:916]: 校验重试查询第2次
INFO - 2021-12-15 16:18:38,008 - new_apply_order.py[line:810]: 放款完成或准备成功,目前的订单状态是40
INFO - 2021-12-15 16:18:38,008 - new_apply_order.py[line:813]: {'app': 'fornaira', 'loan_order_id': '1471031894578434048', 'mobile': '01639556308', 'order_status': 40}
INFO - 2021-12-15 16:18:38,008 - new_apply_order.py[line:933]: ===========完成第【1】次进件===========
INFO - 2021-12-15 16:18:38,008 - new_apply_order.py[line:936]: ======完成第【1】次进件,耗时10.01s=====
INFO - 2021-12-15 16:18:38,015 - new_apply_order.py[line:893]: 开始第 runcash【1】次进件……
INFO - 2021-12-15 16:18:38,016 - new_apply_order.py[line:84]: ======【nga测试环境】生成手机号：01639556318 ======
INFO - 2021-12-15 16:18:38,359 - new_apply_order.py[line:97]: 01639556318 检测用户存在成功！
INFO - 2021-12-15 16:18:38,405 - new_apply_order.py[line:106]: 01639556318 短信发送成功！
INFO - 2021-12-15 16:18:38,450 - new_apply_order.py[line:119]: 01639556318 注册成功！
INFO - 2021-12-15 16:18:38,500 - new_apply_order.py[line:135]: 01639556318 登录短信发送成功！
INFO - 2021-12-15 16:18:38,544 - new_apply_order.py[line:145]: userId=6242421378740920320,mobile=01639556318,token=3ecd18adc80534bc753543d16d9f1693 登录成功
INFO - 2021-12-15 16:18:38,629 - new_apply_order.py[line:212]: 个人信息提交成功！
INFO - 2021-12-15 16:18:38,686 - new_apply_order.py[line:223]: 联系人信息提交成功！
INFO - 2021-12-15 16:18:38,907 - new_apply_order.py[line:255]: 创建预审订单成功！
INFO - 2021-12-15 16:18:38,929 - new_apply_order.py[line:263]: 预审状态修改为通过,更新条数 1
INFO - 2021-12-15 16:18:38,946 - new_apply_order.py[line:266]: 更新初始额度！更新条数 1
INFO - 2021-12-15 16:18:39,189 - new_apply_order.py[line:342]: 活体图片上传成功！回写配置文件global_param.mp4_url
INFO - 2021-12-15 16:18:39,233 - new_apply_order.py[line:352]: 视频认证通过！
INFO - 2021-12-15 16:18:40,199 - new_apply_order.py[line:511]: bvn和银行卡绑卡认证通过！
INFO - 2021-12-15 16:18:40,515 - new_apply_order.py[line:562]: user更新1条
INFO - 2021-12-15 16:18:40,726 - new_apply_order.py[line:623]: 进件成功！执行sql将订单改为风控中……
INFO - 2021-12-15 16:18:41,768 - new_apply_order.py[line:629]: 订单表更新1条，信审更新1条
INFO - 2021-12-15 16:18:42,120 - new_apply_order.py[line:643]: 查询loan_order_id成功！
INFO - 2021-12-15 16:18:42,158 - new_apply_order.py[line:658]: 订单回调复审通过成功！
INFO - 2021-12-15 16:18:42,956 - new_apply_order.py[line:680]: 获取token成功！token=bearer f34bc738-af6a-4245-bd1d-657c3d258fe7！
INFO - 2021-12-15 16:18:43,300 - new_apply_order.py[line:643]: 查询loan_order_id成功！
INFO - 2021-12-15 16:18:43,598 - new_apply_order.py[line:698]: 后台已触发放款成功！
INFO - 2021-12-15 16:18:43,609 - new_apply_order.py[line:712]: xxl_job web 登录成功！
INFO - 2021-12-15 16:18:43,620 - new_apply_order.py[line:728]: xxl_job 放款准备作业执行成功！
INFO - 2021-12-15 16:18:44,974 - new_apply_order.py[line:643]: 查询loan_order_id成功！
INFO - 2021-12-15 16:18:44,991 - new_apply_order.py[line:736]: 修改放款准备完成时间成功！
INFO - 2021-12-15 16:18:45,001 - new_apply_order.py[line:744]: xxl_job 放款完成作业执行成功！
INFO - 2021-12-15 16:18:45,312 - new_apply_order.py[line:916]: 校验重试查询第1次
ERROR - 2021-12-15 16:18:46,331 - new_apply_order.py[line:812]: 放款完成或准备失败,目前的订单状态是35
INFO - 2021-12-15 16:18:46,331 - new_apply_order.py[line:813]: {'app': 'runcash', 'loan_order_id': '1471031936370479104', 'mobile': '01639556318', 'order_status': 35}
INFO - 2021-12-15 16:18:46,841 - new_apply_order.py[line:916]: 校验重试查询第2次
INFO - 2021-12-15 16:18:47,856 - new_apply_order.py[line:810]: 放款完成或准备成功,目前的订单状态是40
INFO - 2021-12-15 16:18:47,856 - new_apply_order.py[line:813]: {'app': 'runcash', 'loan_order_id': '1471031936370479104', 'mobile': '01639556318', 'order_status': 40}
INFO - 2021-12-15 16:18:47,857 - new_apply_order.py[line:933]: ===========完成第【1】次进件===========
INFO - 2021-12-15 16:18:47,857 - new_apply_order.py[line:936]: ======完成第【1】次进件,耗时9.84s=====
INFO - 2021-12-15 16:18:47,865 - new_apply_order.py[line:893]: 开始第 formoney【1】次进件……
INFO - 2021-12-15 16:18:47,866 - new_apply_order.py[line:84]: ======【nga测试环境】生成手机号：01639556327 ======
INFO - 2021-12-15 16:18:48,214 - new_apply_order.py[line:97]: 01639556327 检测用户存在成功！
INFO - 2021-12-15 16:18:48,258 - new_apply_order.py[line:106]: 01639556327 短信发送成功！
INFO - 2021-12-15 16:18:48,298 - new_apply_order.py[line:119]: 01639556327 注册成功！
INFO - 2021-12-15 16:18:48,349 - new_apply_order.py[line:135]: 01639556327 登录短信发送成功！
INFO - 2021-12-15 16:18:48,395 - new_apply_order.py[line:145]: userId=6242421420063203328,mobile=01639556327,token=f5a3688433d2f5507d01c9722720fef4 登录成功
INFO - 2021-12-15 16:18:48,481 - new_apply_order.py[line:212]: 个人信息提交成功！
INFO - 2021-12-15 16:18:48,535 - new_apply_order.py[line:223]: 联系人信息提交成功！
INFO - 2021-12-15 16:18:48,732 - new_apply_order.py[line:255]: 创建预审订单成功！
INFO - 2021-12-15 16:18:48,748 - new_apply_order.py[line:263]: 预审状态修改为通过,更新条数 1
INFO - 2021-12-15 16:18:48,762 - new_apply_order.py[line:266]: 更新初始额度！更新条数 1
INFO - 2021-12-15 16:18:49,034 - new_apply_order.py[line:342]: 活体图片上传成功！回写配置文件global_param.mp4_url
INFO - 2021-12-15 16:18:49,089 - new_apply_order.py[line:352]: 视频认证通过！
INFO - 2021-12-15 16:18:50,066 - new_apply_order.py[line:511]: bvn和银行卡绑卡认证通过！
INFO - 2021-12-15 16:18:50,373 - new_apply_order.py[line:562]: user更新1条
INFO - 2021-12-15 16:18:50,616 - new_apply_order.py[line:623]: 进件成功！执行sql将订单改为风控中……
INFO - 2021-12-15 16:18:51,653 - new_apply_order.py[line:629]: 订单表更新1条，信审更新1条
INFO - 2021-12-15 16:18:52,008 - new_apply_order.py[line:643]: 查询loan_order_id成功！
INFO - 2021-12-15 16:18:52,049 - new_apply_order.py[line:658]: 订单回调复审通过成功！
INFO - 2021-12-15 16:18:52,825 - new_apply_order.py[line:680]: 获取token成功！token=bearer f34bc738-af6a-4245-bd1d-657c3d258fe7！
INFO - 2021-12-15 16:18:53,191 - new_apply_order.py[line:643]: 查询loan_order_id成功！
INFO - 2021-12-15 16:18:53,488 - new_apply_order.py[line:698]: 后台已触发放款成功！
INFO - 2021-12-15 16:18:53,502 - new_apply_order.py[line:712]: xxl_job web 登录成功！
INFO - 2021-12-15 16:18:53,516 - new_apply_order.py[line:728]: xxl_job 放款准备作业执行成功！
INFO - 2021-12-15 16:18:54,870 - new_apply_order.py[line:643]: 查询loan_order_id成功！
INFO - 2021-12-15 16:18:54,889 - new_apply_order.py[line:736]: 修改放款准备完成时间成功！
INFO - 2021-12-15 16:18:54,897 - new_apply_order.py[line:744]: xxl_job 放款完成作业执行成功！
INFO - 2021-12-15 16:18:55,202 - new_apply_order.py[line:916]: 校验重试查询第1次
ERROR - 2021-12-15 16:18:56,218 - new_apply_order.py[line:812]: 放款完成或准备失败,目前的订单状态是35
INFO - 2021-12-15 16:18:56,218 - new_apply_order.py[line:813]: {'app': 'formoney', 'loan_order_id': '1471031977696956416', 'mobile': '01639556327', 'order_status': 35}
INFO - 2021-12-15 16:18:56,729 - new_apply_order.py[line:916]: 校验重试查询第2次
INFO - 2021-12-15 16:18:57,746 - new_apply_order.py[line:810]: 放款完成或准备成功,目前的订单状态是40
INFO - 2021-12-15 16:18:57,746 - new_apply_order.py[line:813]: {'app': 'formoney', 'loan_order_id': '1471031977696956416', 'mobile': '01639556327', 'order_status': 40}
INFO - 2021-12-15 16:18:57,747 - new_apply_order.py[line:933]: ===========完成第【1】次进件===========
INFO - 2021-12-15 16:18:57,747 - new_apply_order.py[line:936]: ======完成第【1】次进件,耗时9.88s=====
INFO - 2021-12-15 16:18:57,756 - new_apply_order.py[line:893]: 开始第 Gotocash【1】次进件……
INFO - 2021-12-15 16:18:57,757 - new_apply_order.py[line:84]: ======【nga测试环境】生成手机号：01639556337 ======
INFO - 2021-12-15 16:18:58,098 - new_apply_order.py[line:97]: 01639556337 检测用户存在成功！
INFO - 2021-12-15 16:18:58,145 - new_apply_order.py[line:106]: 01639556337 短信发送成功！
INFO - 2021-12-15 16:18:58,185 - new_apply_order.py[line:119]: 01639556337 注册成功！
INFO - 2021-12-15 16:18:58,233 - new_apply_order.py[line:135]: 01639556337 登录短信发送成功！
INFO - 2021-12-15 16:18:58,278 - new_apply_order.py[line:145]: userId=6242421461523898368,mobile=01639556337,token=e7f4578927050785f2c99390a8d5f2ef 登录成功
INFO - 2021-12-15 16:18:58,371 - new_apply_order.py[line:212]: 个人信息提交成功！
INFO - 2021-12-15 16:18:58,423 - new_apply_order.py[line:223]: 联系人信息提交成功！
INFO - 2021-12-15 16:18:58,702 - new_apply_order.py[line:255]: 创建预审订单成功！
INFO - 2021-12-15 16:18:58,721 - new_apply_order.py[line:263]: 预审状态修改为通过,更新条数 1
INFO - 2021-12-15 16:18:58,735 - new_apply_order.py[line:266]: 更新初始额度！更新条数 1
INFO - 2021-12-15 16:18:59,019 - new_apply_order.py[line:342]: 活体图片上传成功！回写配置文件global_param.mp4_url
INFO - 2021-12-15 16:18:59,058 - new_apply_order.py[line:352]: 视频认证通过！
INFO - 2021-12-15 16:19:00,094 - new_apply_order.py[line:511]: bvn和银行卡绑卡认证通过！
INFO - 2021-12-15 16:19:00,402 - new_apply_order.py[line:562]: user更新1条
INFO - 2021-12-15 16:19:00,581 - new_apply_order.py[line:623]: 进件成功！执行sql将订单改为风控中……
INFO - 2021-12-15 16:19:01,627 - new_apply_order.py[line:629]: 订单表更新1条，信审更新1条
INFO - 2021-12-15 16:19:01,983 - new_apply_order.py[line:643]: 查询loan_order_id成功！
INFO - 2021-12-15 16:19:02,021 - new_apply_order.py[line:658]: 订单回调复审通过成功！
INFO - 2021-12-15 16:19:02,808 - new_apply_order.py[line:680]: 获取token成功！token=bearer f34bc738-af6a-4245-bd1d-657c3d258fe7！
INFO - 2021-12-15 16:19:03,158 - new_apply_order.py[line:643]: 查询loan_order_id成功！
INFO - 2021-12-15 16:19:03,469 - new_apply_order.py[line:698]: 后台已触发放款成功！
INFO - 2021-12-15 16:19:03,485 - new_apply_order.py[line:712]: xxl_job web 登录成功！
INFO - 2021-12-15 16:19:03,497 - new_apply_order.py[line:728]: xxl_job 放款准备作业执行成功！
INFO - 2021-12-15 16:19:04,862 - new_apply_order.py[line:643]: 查询loan_order_id成功！
INFO - 2021-12-15 16:19:04,878 - new_apply_order.py[line:736]: 修改放款准备完成时间成功！
INFO - 2021-12-15 16:19:04,887 - new_apply_order.py[line:744]: xxl_job 放款完成作业执行成功！
INFO - 2021-12-15 16:19:05,196 - new_apply_order.py[line:916]: 校验重试查询第1次
ERROR - 2021-12-15 16:19:06,216 - new_apply_order.py[line:812]: 放款完成或准备失败,目前的订单状态是35
INFO - 2021-12-15 16:19:06,216 - new_apply_order.py[line:813]: {'app': 'Gotocash', 'loan_order_id': '1471032019195400192', 'mobile': '01639556337', 'order_status': 35}
INFO - 2021-12-15 16:19:06,728 - new_apply_order.py[line:916]: 校验重试查询第2次
INFO - 2021-12-15 16:19:07,743 - new_apply_order.py[line:810]: 放款完成或准备成功,目前的订单状态是40
INFO - 2021-12-15 16:19:07,744 - new_apply_order.py[line:813]: {'app': 'Gotocash', 'loan_order_id': '1471032019195400192', 'mobile': '01639556337', 'order_status': 40}
INFO - 2021-12-15 16:19:07,745 - new_apply_order.py[line:933]: ===========完成第【1】次进件===========
INFO - 2021-12-15 16:19:07,745 - new_apply_order.py[line:936]: ======完成第【1】次进件,耗时9.99s=====
INFO - 2021-12-15 16:19:07,752 - new_apply_order.py[line:893]: 开始第 Gotcash【1】次进件……
INFO - 2021-12-15 16:19:07,753 - new_apply_order.py[line:84]: ======【nga测试环境】生成手机号：01639556347 ======
INFO - 2021-12-15 16:19:08,095 - new_apply_order.py[line:97]: 01639556347 检测用户存在成功！
INFO - 2021-12-15 16:19:08,134 - new_apply_order.py[line:106]: 01639556347 短信发送成功！
INFO - 2021-12-15 16:19:08,173 - new_apply_order.py[line:119]: 01639556347 注册成功！
INFO - 2021-12-15 16:19:08,219 - new_apply_order.py[line:135]: 01639556347 登录短信发送成功！
INFO - 2021-12-15 16:19:08,265 - new_apply_order.py[line:145]: userId=6242421503412412416,mobile=01639556347,token=f39adc3ed944e88cbfe9ff9c63fcc39c 登录成功
INFO - 2021-12-15 16:19:08,349 - new_apply_order.py[line:212]: 个人信息提交成功！
INFO - 2021-12-15 16:19:08,404 - new_apply_order.py[line:223]: 联系人信息提交成功！
INFO - 2021-12-15 16:19:08,634 - new_apply_order.py[line:255]: 创建预审订单成功！
INFO - 2021-12-15 16:19:08,653 - new_apply_order.py[line:263]: 预审状态修改为通过,更新条数 1
INFO - 2021-12-15 16:19:08,673 - new_apply_order.py[line:266]: 更新初始额度！更新条数 1
INFO - 2021-12-15 16:19:08,900 - new_apply_order.py[line:342]: 活体图片上传成功！回写配置文件global_param.mp4_url
INFO - 2021-12-15 16:19:08,937 - new_apply_order.py[line:352]: 视频认证通过！
INFO - 2021-12-15 16:19:09,833 - new_apply_order.py[line:511]: bvn和银行卡绑卡认证通过！
INFO - 2021-12-15 16:19:10,146 - new_apply_order.py[line:562]: user更新1条
INFO - 2021-12-15 16:19:10,336 - new_apply_order.py[line:623]: 进件成功！执行sql将订单改为风控中……
INFO - 2021-12-15 16:19:11,374 - new_apply_order.py[line:629]: 订单表更新1条，信审更新1条
INFO - 2021-12-15 16:19:11,725 - new_apply_order.py[line:643]: 查询loan_order_id成功！
INFO - 2021-12-15 16:19:11,765 - new_apply_order.py[line:658]: 订单回调复审通过成功！
INFO - 2021-12-15 16:19:12,557 - new_apply_order.py[line:680]: 获取token成功！token=bearer f34bc738-af6a-4245-bd1d-657c3d258fe7！
INFO - 2021-12-15 16:19:12,903 - new_apply_order.py[line:643]: 查询loan_order_id成功！
INFO - 2021-12-15 16:19:13,231 - new_apply_order.py[line:698]: 后台已触发放款成功！
INFO - 2021-12-15 16:19:13,247 - new_apply_order.py[line:712]: xxl_job web 登录成功！
INFO - 2021-12-15 16:19:13,260 - new_apply_order.py[line:728]: xxl_job 放款准备作业执行成功！
INFO - 2021-12-15 16:19:14,606 - new_apply_order.py[line:643]: 查询loan_order_id成功！
INFO - 2021-12-15 16:19:14,622 - new_apply_order.py[line:736]: 修改放款准备完成时间成功！
INFO - 2021-12-15 16:19:14,630 - new_apply_order.py[line:744]: xxl_job 放款完成作业执行成功！
INFO - 2021-12-15 16:19:14,938 - new_apply_order.py[line:916]: 校验重试查询第1次
ERROR - 2021-12-15 16:19:15,956 - new_apply_order.py[line:812]: 放款完成或准备失败,目前的订单状态是35
INFO - 2021-12-15 16:19:15,957 - new_apply_order.py[line:813]: {'app': 'Gotcash', 'loan_order_id': '1471032061012611072', 'mobile': '01639556347', 'order_status': 35}
INFO - 2021-12-15 16:19:16,464 - new_apply_order.py[line:916]: 校验重试查询第2次
INFO - 2021-12-15 16:19:17,482 - new_apply_order.py[line:810]: 放款完成或准备成功,目前的订单状态是40
INFO - 2021-12-15 16:19:17,482 - new_apply_order.py[line:813]: {'app': 'Gotcash', 'loan_order_id': '1471032061012611072', 'mobile': '01639556347', 'order_status': 40}
INFO - 2021-12-15 16:19:17,483 - new_apply_order.py[line:933]: ===========完成第【1】次进件===========
INFO - 2021-12-15 16:19:17,483 - new_apply_order.py[line:936]: ======完成第【1】次进件,耗时9.73s=====
