INFO - 2021-09-15 14:58:00,770 - new_apply_order.py[line:696]: 开始第 pcamion【1】次进件……
INFO - 2021-09-15 14:58:00,770 - new_apply_order.py[line:82]: ======【co测试环境】生成手机号：3631689080 ======
INFO - 2021-09-15 14:58:01,142 - new_apply_order.py[line:95]: 3631689080 检测用户存在成功！
INFO - 2021-09-15 14:58:01,225 - new_apply_order.py[line:104]: 3631689080 短信发送成功！
INFO - 2021-09-15 14:58:01,285 - new_apply_order.py[line:117]: 3631689080 注册成功！
INFO - 2021-09-15 14:58:01,380 - new_apply_order.py[line:133]: 3631689080 登录短信发送成功！
INFO - 2021-09-15 14:58:01,443 - new_apply_order.py[line:143]: userId=4951132594477867008,mobile=3631689080,token=a9c16fd36c1fa9c0fdf91b89cbb58cff 登录成功
INFO - 2021-09-15 14:58:01,558 - new_apply_order.py[line:205]: 个人信息提交成功！
INFO - 2021-09-15 14:58:01,824 - new_apply_order.py[line:238]: 创建预审订单成功！
INFO - 2021-09-15 14:58:01,845 - new_apply_order.py[line:246]: 预审状态修改为通过,更新条数 1
INFO - 2021-09-15 14:58:01,860 - new_apply_order.py[line:249]: 更新初始额度！更新条数 1
INFO - 2021-09-15 14:58:02,131 - new_apply_order.py[line:266]: 活体图片上传成功！回写配置文件global_param.mp4_url
INFO - 2021-09-15 14:58:02,188 - new_apply_order.py[line:276]: 视频认证通过！
INFO - 2021-09-15 14:58:03,321 - new_apply_order.py[line:331]: curp上传成功!
INFO - 2021-09-15 14:58:03,410 - new_apply_order.py[line:340]: curp_rfc校验通过！
INFO - 2021-09-15 14:58:03,987 - new_apply_order.py[line:413]: 不绑卡成功跳过！
INFO - 2021-09-15 14:58:04,239 - new_apply_order.py[line:426]: 进件成功！执行sql将订单改为风控中……
INFO - 2021-09-15 14:58:05,282 - new_apply_order.py[line:432]: 订单表更新1条，信审更新1条
INFO - 2021-09-15 14:58:05,853 - new_apply_order.py[line:446]: 查询loan_order_id成功！
INFO - 2021-09-15 14:58:05,902 - new_apply_order.py[line:461]: 订单回调复审通过成功！
INFO - 2021-09-15 14:58:06,734 - new_apply_order.py[line:483]: 获取token成功！token=bearer 8a896575-c293-423c-873f-d7d6312422e8！
INFO - 2021-09-15 14:58:07,327 - new_apply_order.py[line:446]: 查询loan_order_id成功！
INFO - 2021-09-15 14:58:07,604 - new_apply_order.py[line:501]: 后台已触发放款成功！
INFO - 2021-09-15 14:58:07,616 - new_apply_order.py[line:515]: xxl_job web 登录成功！
INFO - 2021-09-15 14:58:07,629 - new_apply_order.py[line:531]: xxl_job 放款准备作业执行成功！
INFO - 2021-09-15 14:58:09,205 - new_apply_order.py[line:446]: 查询loan_order_id成功！
INFO - 2021-09-15 14:58:09,218 - new_apply_order.py[line:539]: 修改放款准备完成时间成功！
INFO - 2021-09-15 14:58:09,222 - new_apply_order.py[line:547]: xxl_job 放款完成作业执行成功！
INFO - 2021-09-15 14:58:09,835 - new_apply_order.py[line:446]: 查询loan_order_id成功！
INFO - 2021-09-15 14:58:10,141 - new_apply_order.py[line:719]: 校验重试查询第1次
ERROR - 2021-09-15 14:58:11,156 - new_apply_order.py[line:615]: 放款完成或准备失败,目前的订单状态是35
INFO - 2021-09-15 14:58:11,156 - new_apply_order.py[line:616]: {'app': 'pcamion', 'loan_order_id': '1438034352296169472', 'mobile': '3631689080', 'order_status': 35}
INFO - 2021-09-15 14:58:12,653 - new_apply_order.py[line:446]: 查询loan_order_id成功！
INFO - 2021-09-15 14:58:12,812 - new_apply_order.py[line:600]: 放款回调成功！
INFO - 2021-09-15 14:58:12,812 - new_apply_order.py[line:719]: 校验重试查询第2次
INFO - 2021-09-15 14:58:13,827 - new_apply_order.py[line:613]: 放款完成或准备成功,目前的订单状态是40
INFO - 2021-09-15 14:58:13,828 - new_apply_order.py[line:616]: {'app': 'pcamion', 'loan_order_id': '1438034352296169472', 'mobile': '3631689080', 'order_status': 40}
INFO - 2021-09-15 14:58:13,831 - new_apply_order.py[line:736]: ===========完成第【1】次进件===========
INFO - 2021-09-15 14:58:13,831 - new_apply_order.py[line:739]: ======完成第【1】次进件,耗时13.06s=====
INFO - 2021-09-15 14:58:13,836 - new_apply_order.py[line:696]: 开始第 Mipeso【1】次进件……
INFO - 2021-09-15 14:58:14,026 - new_apply_order.py[line:75]: 更新脏数据0条
INFO - 2021-09-15 14:58:14,026 - new_apply_order.py[line:82]: ======【mx测试环境】生成手机号：1631689093 ======
INFO - 2021-09-15 14:58:14,397 - new_apply_order.py[line:95]: 1631689093 检测用户存在成功！
INFO - 2021-09-15 14:58:14,457 - new_apply_order.py[line:104]: 1631689093 短信发送成功！
INFO - 2021-09-15 14:58:14,501 - new_apply_order.py[line:117]: 1631689093 注册成功！
INFO - 2021-09-15 14:58:14,577 - new_apply_order.py[line:133]: 1631689093 登录短信发送成功！
INFO - 2021-09-15 14:58:14,627 - new_apply_order.py[line:143]: userId=4951132649947275264,mobile=1631689093,token=ca1da785b201ee1c0231cb3977b55173 登录成功
INFO - 2021-09-15 14:58:14,712 - new_apply_order.py[line:205]: 个人信息提交成功！
INFO - 2021-09-15 14:58:15,172 - new_apply_order.py[line:238]: 创建预审订单成功！
INFO - 2021-09-15 14:58:15,191 - new_apply_order.py[line:246]: 预审状态修改为通过,更新条数 1
INFO - 2021-09-15 14:58:15,209 - new_apply_order.py[line:249]: 更新初始额度！更新条数 1
INFO - 2021-09-15 14:58:17,677 - new_apply_order.py[line:285]: curp上传成功!
INFO - 2021-09-15 14:58:17,777 - new_apply_order.py[line:294]: curp_rfc校验通过！
INFO - 2021-09-15 14:58:18,524 - new_apply_order.py[line:305]: 人脸识别成功!
INFO - 2021-09-15 14:58:19,101 - new_apply_order.py[line:395]: 绑卡成功！
INFO - 2021-09-15 14:58:19,295 - new_apply_order.py[line:426]: 进件成功！执行sql将订单改为风控中……
INFO - 2021-09-15 14:58:20,330 - new_apply_order.py[line:432]: 订单表更新1条，信审更新1条
INFO - 2021-09-15 14:58:20,685 - new_apply_order.py[line:446]: 查询loan_order_id成功！
INFO - 2021-09-15 14:58:20,723 - new_apply_order.py[line:461]: 订单回调复审通过成功！
INFO - 2021-09-15 14:58:21,539 - new_apply_order.py[line:483]: 获取token成功！token=bearer bb1c5b47-851d-4854-a595-d40a1b849ade！
INFO - 2021-09-15 14:58:21,885 - new_apply_order.py[line:446]: 查询loan_order_id成功！
INFO - 2021-09-15 14:58:22,432 - new_apply_order.py[line:501]: 后台已触发放款成功！
INFO - 2021-09-15 14:58:22,447 - new_apply_order.py[line:515]: xxl_job web 登录成功！
INFO - 2021-09-15 14:58:22,456 - new_apply_order.py[line:531]: xxl_job 放款准备作业执行成功！
INFO - 2021-09-15 14:58:23,806 - new_apply_order.py[line:446]: 查询loan_order_id成功！
INFO - 2021-09-15 14:58:23,824 - new_apply_order.py[line:539]: 修改放款准备完成时间成功！
INFO - 2021-09-15 14:58:23,831 - new_apply_order.py[line:547]: xxl_job 放款完成作业执行成功！
INFO - 2021-09-15 14:58:24,176 - new_apply_order.py[line:446]: 查询loan_order_id成功！
INFO - 2021-09-15 14:58:24,485 - new_apply_order.py[line:719]: 校验重试查询第1次
ERROR - 2021-09-15 14:58:25,500 - new_apply_order.py[line:615]: 放款完成或准备失败,目前的订单状态是35
INFO - 2021-09-15 14:58:25,500 - new_apply_order.py[line:616]: {'app': 'Mipeso', 'loan_order_id': '1438034407451398144', 'mobile': '1631689093', 'order_status': 35}
INFO - 2021-09-15 14:58:26,349 - new_apply_order.py[line:446]: 查询loan_order_id成功！
INFO - 2021-09-15 14:58:26,449 - new_apply_order.py[line:568]: 放款回调成功！
INFO - 2021-09-15 14:58:26,450 - new_apply_order.py[line:719]: 校验重试查询第2次
INFO - 2021-09-15 14:58:27,467 - new_apply_order.py[line:613]: 放款完成或准备成功,目前的订单状态是40
INFO - 2021-09-15 14:58:27,467 - new_apply_order.py[line:616]: {'app': 'Mipeso', 'loan_order_id': '1438034407451398144', 'mobile': '1631689093', 'order_status': 40}
INFO - 2021-09-15 14:58:27,468 - new_apply_order.py[line:736]: ===========完成第【1】次进件===========
INFO - 2021-09-15 14:58:27,468 - new_apply_order.py[line:739]: ======完成第【1】次进件,耗时13.63s=====
INFO - 2021-09-15 14:58:27,472 - new_apply_order.py[line:696]: 开始第 kencash【1】次进件……
INFO - 2021-09-15 14:58:27,472 - new_apply_order.py[line:82]: ======【ke测试环境】生成手机号：731689107 ======
INFO - 2021-09-15 14:58:27,838 - new_apply_order.py[line:95]: 731689107 检测用户存在成功！
INFO - 2021-09-15 14:58:27,897 - new_apply_order.py[line:104]: 731689107 短信发送成功！
INFO - 2021-09-15 14:58:27,947 - new_apply_order.py[line:117]: 731689107 注册成功！
INFO - 2021-09-15 14:58:28,015 - new_apply_order.py[line:133]: 731689107 登录短信发送成功！
INFO - 2021-09-15 14:58:28,066 - new_apply_order.py[line:143]: userId=6209423906337202176,mobile=731689107,token=fdc5b2eadddab24d68dc04d4bc528753 登录成功
INFO - 2021-09-15 14:58:28,773 - new_apply_order.py[line:205]: 个人信息提交成功！
INFO - 2021-09-15 14:58:28,861 - new_apply_order.py[line:225]: 联系人信息提交成功！
INFO - 2021-09-15 14:58:29,275 - new_apply_order.py[line:238]: 创建预审订单成功！
INFO - 2021-09-15 14:58:29,289 - new_apply_order.py[line:246]: 预审状态修改为通过,更新条数 1
INFO - 2021-09-15 14:58:29,302 - new_apply_order.py[line:249]: 更新初始额度！更新条数 1
INFO - 2021-09-15 14:58:29,590 - new_apply_order.py[line:266]: 活体图片上传成功！回写配置文件global_param.mp4_url
INFO - 2021-09-15 14:58:29,627 - new_apply_order.py[line:276]: 视频认证通过！
INFO - 2021-09-15 14:58:29,925 - new_apply_order.py[line:404]: 绑卡成功！
INFO - 2021-09-15 14:58:30,111 - new_apply_order.py[line:426]: 进件成功！执行sql将订单改为风控中……
INFO - 2021-09-15 14:58:31,147 - new_apply_order.py[line:432]: 订单表更新1条，信审更新1条
INFO - 2021-09-15 14:58:31,490 - new_apply_order.py[line:446]: 查询loan_order_id成功！
INFO - 2021-09-15 14:58:31,551 - new_apply_order.py[line:461]: 订单回调复审通过成功！
INFO - 2021-09-15 14:58:32,358 - new_apply_order.py[line:483]: 获取token成功！token=bearer 1c24d42c-049e-4978-8858-54afbd7cef53！
INFO - 2021-09-15 14:58:32,698 - new_apply_order.py[line:446]: 查询loan_order_id成功！
INFO - 2021-09-15 14:58:33,283 - new_apply_order.py[line:501]: 后台已触发放款成功！
INFO - 2021-09-15 14:58:33,296 - new_apply_order.py[line:515]: xxl_job web 登录成功！
INFO - 2021-09-15 14:58:33,307 - new_apply_order.py[line:531]: xxl_job 放款准备作业执行成功！
INFO - 2021-09-15 14:58:34,653 - new_apply_order.py[line:446]: 查询loan_order_id成功！
INFO - 2021-09-15 14:58:34,665 - new_apply_order.py[line:539]: 修改放款准备完成时间成功！
INFO - 2021-09-15 14:58:34,669 - new_apply_order.py[line:547]: xxl_job 放款完成作业执行成功！
INFO - 2021-09-15 14:58:35,006 - new_apply_order.py[line:446]: 查询loan_order_id成功！
INFO - 2021-09-15 14:58:35,106 - new_apply_order.py[line:586]: 放款回调失败！
INFO - 2021-09-15 14:58:35,409 - new_apply_order.py[line:719]: 校验重试查询第1次
ERROR - 2021-09-15 14:58:36,420 - new_apply_order.py[line:615]: 放款完成或准备失败,目前的订单状态是35
INFO - 2021-09-15 14:58:36,420 - new_apply_order.py[line:616]: {'app': 'kencash', 'loan_order_id': '1438034466790838272', 'mobile': '731689107', 'order_status': 35}
INFO - 2021-09-15 14:58:37,268 - new_apply_order.py[line:446]: 查询loan_order_id成功！
INFO - 2021-09-15 14:58:37,442 - new_apply_order.py[line:584]: 放款回调成功！
INFO - 2021-09-15 14:58:37,442 - new_apply_order.py[line:719]: 校验重试查询第2次
INFO - 2021-09-15 14:58:38,458 - new_apply_order.py[line:613]: 放款完成或准备成功,目前的订单状态是40
INFO - 2021-09-15 14:58:38,459 - new_apply_order.py[line:616]: {'app': 'kencash', 'loan_order_id': '1438034466790838272', 'mobile': '731689107', 'order_status': 40}
INFO - 2021-09-15 14:58:38,460 - new_apply_order.py[line:736]: ===========完成第【1】次进件===========
INFO - 2021-09-15 14:58:38,460 - new_apply_order.py[line:739]: ======完成第【1】次进件,耗时10.99s=====
INFO - 2021-09-15 14:58:38,467 - new_apply_order.py[line:696]: 开始第 borrowme【1】次进件……
INFO - 2021-09-15 14:58:38,469 - new_apply_order.py[line:82]: ======【nga测试环境】生成手机号：01631689118 ======
INFO - 2021-09-15 14:58:38,823 - new_apply_order.py[line:95]: 01631689118 检测用户存在成功！
INFO - 2021-09-15 14:58:38,876 - new_apply_order.py[line:104]: 01631689118 短信发送成功！
INFO - 2021-09-15 14:58:38,928 - new_apply_order.py[line:117]: 01631689118 注册成功！
INFO - 2021-09-15 14:58:38,988 - new_apply_order.py[line:133]: 01631689118 登录短信发送成功！
INFO - 2021-09-15 14:58:39,038 - new_apply_order.py[line:143]: userId=6209423952374407168,mobile=01631689118,token=37a19c7b497e24fbbbc01230a131bb0e 登录成功
INFO - 2021-09-15 14:58:39,110 - new_apply_order.py[line:205]: 个人信息提交成功！
INFO - 2021-09-15 14:58:39,154 - new_apply_order.py[line:216]: 联系人信息提交成功！
INFO - 2021-09-15 14:58:39,381 - new_apply_order.py[line:238]: 创建预审订单成功！
INFO - 2021-09-15 14:58:39,392 - new_apply_order.py[line:246]: 预审状态修改为通过,更新条数 1
INFO - 2021-09-15 14:58:39,403 - new_apply_order.py[line:249]: 更新初始额度！更新条数 1
INFO - 2021-09-15 14:58:39,659 - new_apply_order.py[line:266]: 活体图片上传成功！回写配置文件global_param.mp4_url
INFO - 2021-09-15 14:58:39,689 - new_apply_order.py[line:276]: 视频认证通过！
INFO - 2021-09-15 14:58:40,694 - new_apply_order.py[line:367]: bvn和银行卡绑卡认证通过！
INFO - 2021-09-15 14:58:40,982 - new_apply_order.py[line:388]: user更新1条
INFO - 2021-09-15 14:58:41,165 - new_apply_order.py[line:426]: 进件成功！执行sql将订单改为风控中……
INFO - 2021-09-15 14:58:42,208 - new_apply_order.py[line:432]: 订单表更新1条，信审更新1条
INFO - 2021-09-15 14:58:42,560 - new_apply_order.py[line:446]: 查询loan_order_id成功！
INFO - 2021-09-15 14:58:42,599 - new_apply_order.py[line:461]: 订单回调复审通过成功！
INFO - 2021-09-15 14:58:43,396 - new_apply_order.py[line:483]: 获取token成功！token=bearer 33c2c6a1-77ce-46b8-9a30-4e59c6815648！
INFO - 2021-09-15 14:58:43,747 - new_apply_order.py[line:446]: 查询loan_order_id成功！
INFO - 2021-09-15 14:58:44,336 - new_apply_order.py[line:501]: 后台已触发放款成功！
INFO - 2021-09-15 14:58:44,349 - new_apply_order.py[line:515]: xxl_job web 登录成功！
INFO - 2021-09-15 14:58:44,360 - new_apply_order.py[line:531]: xxl_job 放款准备作业执行成功！
INFO - 2021-09-15 14:58:45,713 - new_apply_order.py[line:446]: 查询loan_order_id成功！
INFO - 2021-09-15 14:58:45,734 - new_apply_order.py[line:539]: 修改放款准备完成时间成功！
INFO - 2021-09-15 14:58:45,743 - new_apply_order.py[line:547]: xxl_job 放款完成作业执行成功！
INFO - 2021-09-15 14:58:46,050 - new_apply_order.py[line:719]: 校验重试查询第1次
ERROR - 2021-09-15 14:58:47,065 - new_apply_order.py[line:615]: 放款完成或准备失败,目前的订单状态是35
INFO - 2021-09-15 14:58:47,065 - new_apply_order.py[line:616]: {'app': 'borrowme', 'loan_order_id': '1438034510039224320', 'mobile': '01631689118', 'order_status': 35}
INFO - 2021-09-15 14:58:47,571 - new_apply_order.py[line:719]: 校验重试查询第2次
INFO - 2021-09-15 14:58:48,585 - new_apply_order.py[line:613]: 放款完成或准备成功,目前的订单状态是40
INFO - 2021-09-15 14:58:48,585 - new_apply_order.py[line:616]: {'app': 'borrowme', 'loan_order_id': '1438034510039224320', 'mobile': '01631689118', 'order_status': 40}
INFO - 2021-09-15 14:58:48,586 - new_apply_order.py[line:736]: ===========完成第【1】次进件===========
INFO - 2021-09-15 14:58:48,586 - new_apply_order.py[line:739]: ======完成第【1】次进件,耗时10.12s=====
