INFO - 2022-01-05 13:51:56,059 - new_apply_order.py[line:928]: 开始第 aceloan【1】次进件……
INFO - 2022-01-05 13:51:56,448 - new_apply_order.py[line:95]: 01634872796 检测用户存在成功！
INFO - 2022-01-05 13:51:56,510 - new_apply_order.py[line:104]: 01634872796 短信发送成功！
INFO - 2022-01-05 13:51:56,558 - new_apply_order.py[line:117]: 01634872796 注册成功！
INFO - 2022-01-05 13:51:56,619 - new_apply_order.py[line:133]: 01634872796 登录短信发送成功！
INFO - 2022-01-05 13:51:56,667 - new_apply_order.py[line:143]: userId=6249994606360928256,mobile=01634872796,token=dfce62b2e5e2677f9911118e285263a3 登录成功
INFO - 2022-01-05 13:51:56,772 - new_apply_order.py[line:210]: 个人信息提交成功！
INFO - 2022-01-05 13:51:56,826 - new_apply_order.py[line:221]: 联系人信息提交成功！
INFO - 2022-01-05 13:51:57,121 - new_apply_order.py[line:253]: 创建预审订单成功！
INFO - 2022-01-05 13:51:57,160 - new_apply_order.py[line:261]: 预审状态修改为通过,更新条数 1
INFO - 2022-01-05 13:51:57,193 - new_apply_order.py[line:264]: 更新初始额度！更新条数 1
INFO - 2022-01-05 13:51:57,568 - new_apply_order.py[line:340]: 活体图片上传成功！回写配置文件global_param.mp4_url
INFO - 2022-01-05 13:51:57,606 - new_apply_order.py[line:350]: 视频认证通过！
INFO - 2022-01-05 13:51:58,655 - new_apply_order.py[line:509]: bvn和银行卡绑卡认证通过！
INFO - 2022-01-05 13:51:59,036 - new_apply_order.py[line:560]: user更新1条
INFO - 2022-01-05 13:51:59,235 - new_apply_order.py[line:621]: 进件成功！执行sql将订单改为风控中……
INFO - 2022-01-05 13:52:00,313 - new_apply_order.py[line:627]: 订单表更新1条，信审更新1条
INFO - 2022-01-05 13:52:00,694 - new_apply_order.py[line:641]: 查询loan_order_id成功！
INFO - 2022-01-05 13:52:00,752 - new_apply_order.py[line:656]: 订单回调复审通过成功！
INFO - 2022-01-05 13:52:01,557 - new_apply_order.py[line:678]: 获取token成功！token=bearer ad65f441-35a1-4264-86d9-012a4ccbb2df！
INFO - 2022-01-05 13:52:01,919 - new_apply_order.py[line:641]: 查询loan_order_id成功！
INFO - 2022-01-05 13:52:02,274 - new_apply_order.py[line:696]: 后台已触发放款成功！
INFO - 2022-01-05 13:52:02,295 - new_apply_order.py[line:710]: xxl_job web 登录成功！
INFO - 2022-01-05 13:52:02,312 - new_apply_order.py[line:726]: xxl_job 放款准备作业执行成功！
INFO - 2022-01-05 13:52:03,675 - new_apply_order.py[line:641]: 查询loan_order_id成功！
INFO - 2022-01-05 13:52:03,704 - new_apply_order.py[line:734]: 修改放款准备完成时间成功！
INFO - 2022-01-05 13:52:03,715 - new_apply_order.py[line:742]: xxl_job 放款完成作业执行成功！
INFO - 2022-01-05 13:52:04,024 - new_apply_order.py[line:951]: 校验重试查询第1次
ERROR - 2022-01-05 13:52:05,048 - new_apply_order.py[line:810]: 放款完成或准备失败,目前的订单状态是35
INFO - 2022-01-05 13:52:05,048 - new_apply_order.py[line:811]: {'app': 'aceloan', 'loan_order_id': '1478605164308205568', 'mobile': '01634872796', 'order_status': 35}
INFO - 2022-01-05 13:52:05,558 - new_apply_order.py[line:951]: 校验重试查询第2次
INFO - 2022-01-05 13:52:06,589 - new_apply_order.py[line:808]: 放款完成或准备成功,目前的订单状态是40
INFO - 2022-01-05 13:52:06,589 - new_apply_order.py[line:811]: {'app': 'aceloan', 'loan_order_id': '1478605164308205568', 'mobile': '01634872796', 'order_status': 40}
INFO - 2022-01-05 13:52:06,590 - new_apply_order.py[line:968]: ===========完成第【1】次进件===========
INFO - 2022-01-05 13:52:06,591 - new_apply_order.py[line:971]: ======完成第【1】次进件,耗时10.53s=====
INFO - 2022-01-05 13:52:07,102 - new_apply_order.py[line:678]: 获取token成功！token=bearer ad65f441-35a1-4264-86d9-012a4ccbb2df！
INFO - 2022-01-05 13:52:07,721 - new_apply_order.py[line:678]: 获取token成功！token=bearer ad65f441-35a1-4264-86d9-012a4ccbb2df！
INFO - 2022-01-05 13:52:08,275 - new_apply_order.py[line:641]: 查询loan_order_id成功！
INFO - 2022-01-05 13:52:09,120 - new_apply_order.py[line:641]: 查询loan_order_id成功！
ERROR - 2022-01-05 13:52:09,120 - new_apply_order.py[line:899]: 订单号：1478605164308205568
ERROR - 2022-01-05 13:52:09,642 - new_apply_order.py[line:917]: 后台已触发还款失败{"code":"10099001","msg":"Service Currently Unavailable","notSuccess":true,"success":false}!
