INFO - 2021-10-11 11:07:43,655 - new_apply_order.py[line:792]: 开始第 ikash【1】次进件……
INFO - 2021-10-11 11:07:43,655 - new_apply_order.py[line:82]: ======【ke测试环境】生成手机号：733921663 ======
INFO - 2021-10-11 11:07:44,034 - new_apply_order.py[line:95]: 733921663 检测用户存在成功！
INFO - 2021-10-11 11:07:44,099 - new_apply_order.py[line:104]: 733921663 短信发送成功！
INFO - 2021-10-11 11:07:44,153 - new_apply_order.py[line:117]: 733921663 注册成功！
INFO - 2021-10-11 11:07:44,218 - new_apply_order.py[line:133]: 733921663 登录短信发送成功！
INFO - 2021-10-11 11:07:44,274 - new_apply_order.py[line:143]: userId=6218787925851643904,mobile=733921663,token=053f0a6f804b665d267f2ef2edb301f0 登录成功
INFO - 2021-10-11 11:07:44,929 - new_apply_order.py[line:205]: 个人信息提交成功！
INFO - 2021-10-11 11:07:44,991 - new_apply_order.py[line:225]: 联系人信息提交成功！
INFO - 2021-10-11 11:07:45,475 - new_apply_order.py[line:238]: 创建预审订单成功！
INFO - 2021-10-11 11:07:45,492 - new_apply_order.py[line:246]: 预审状态修改为通过,更新条数 1
INFO - 2021-10-11 11:07:45,507 - new_apply_order.py[line:249]: 更新初始额度！更新条数 1
INFO - 2021-10-11 11:07:45,794 - new_apply_order.py[line:266]: 活体图片上传成功！回写配置文件global_param.mp4_url
INFO - 2021-10-11 11:07:45,832 - new_apply_order.py[line:276]: 视频认证通过！
INFO - 2021-10-11 11:07:46,139 - new_apply_order.py[line:500]: 绑卡成功！
INFO - 2021-10-11 11:07:46,384 - new_apply_order.py[line:522]: 进件成功！执行sql将订单改为风控中……
INFO - 2021-10-11 11:07:47,415 - new_apply_order.py[line:528]: 订单表更新1条，信审更新1条
INFO - 2021-10-11 11:07:47,775 - new_apply_order.py[line:542]: 查询loan_order_id成功！
INFO - 2021-10-11 11:07:47,825 - new_apply_order.py[line:557]: 订单回调复审通过成功！
INFO - 2021-10-11 11:07:48,624 - new_apply_order.py[line:579]: 获取token成功！token=bearer 043edafc-ba40-4d52-951d-a1560428bb06！
INFO - 2021-10-11 11:07:48,989 - new_apply_order.py[line:542]: 查询loan_order_id成功！
INFO - 2021-10-11 11:07:49,353 - new_apply_order.py[line:597]: 后台已触发放款成功！
INFO - 2021-10-11 11:07:49,361 - new_apply_order.py[line:611]: xxl_job web 登录成功！
INFO - 2021-10-11 11:07:49,371 - new_apply_order.py[line:627]: xxl_job 放款准备作业执行成功！
INFO - 2021-10-11 11:07:50,730 - new_apply_order.py[line:542]: 查询loan_order_id成功！
INFO - 2021-10-11 11:07:50,744 - new_apply_order.py[line:635]: 修改放款准备完成时间成功！
INFO - 2021-10-11 11:07:50,750 - new_apply_order.py[line:643]: xxl_job 放款完成作业执行成功！
INFO - 2021-10-11 11:07:51,149 - new_apply_order.py[line:542]: 查询loan_order_id成功！
INFO - 2021-10-11 11:07:51,278 - new_apply_order.py[line:682]: 放款回调失败！
INFO - 2021-10-11 11:07:51,582 - new_apply_order.py[line:815]: 校验重试查询第1次
ERROR - 2021-10-11 11:07:52,596 - new_apply_order.py[line:711]: 放款完成或准备失败,目前的订单状态是35
INFO - 2021-10-11 11:07:52,597 - new_apply_order.py[line:712]: {'app': 'ikash', 'loan_order_id': '1447398486021640192', 'mobile': '733921663', 'order_status': 35}
INFO - 2021-10-11 11:07:53,460 - new_apply_order.py[line:542]: 查询loan_order_id成功！
INFO - 2021-10-11 11:07:53,641 - new_apply_order.py[line:680]: 放款回调成功！
INFO - 2021-10-11 11:07:53,641 - new_apply_order.py[line:815]: 校验重试查询第2次
INFO - 2021-10-11 11:07:54,653 - new_apply_order.py[line:709]: 放款完成或准备成功,目前的订单状态是40
INFO - 2021-10-11 11:07:54,653 - new_apply_order.py[line:712]: {'app': 'ikash', 'loan_order_id': '1447398486021640192', 'mobile': '733921663', 'order_status': 40}
INFO - 2021-10-11 11:07:54,657 - new_apply_order.py[line:832]: ===========完成第【1】次进件===========
INFO - 2021-10-11 11:07:54,657 - new_apply_order.py[line:792]: 开始第 ikash【2】次进件……
INFO - 2021-10-11 11:07:54,658 - new_apply_order.py[line:82]: ======【ke测试环境】生成手机号：733921674 ======
INFO - 2021-10-11 11:07:55,008 - new_apply_order.py[line:95]: 733921674 检测用户存在成功！
INFO - 2021-10-11 11:07:55,059 - new_apply_order.py[line:104]: 733921674 短信发送成功！
INFO - 2021-10-11 11:07:55,105 - new_apply_order.py[line:117]: 733921674 注册成功！
INFO - 2021-10-11 11:07:55,158 - new_apply_order.py[line:133]: 733921674 登录短信发送成功！
INFO - 2021-10-11 11:07:55,213 - new_apply_order.py[line:143]: userId=6218787971796049920,mobile=733921674,token=916056ec3064ee4f8d2887ff3a456c8a 登录成功
INFO - 2021-10-11 11:07:55,958 - new_apply_order.py[line:205]: 个人信息提交成功！
INFO - 2021-10-11 11:07:56,014 - new_apply_order.py[line:225]: 联系人信息提交成功！
INFO - 2021-10-11 11:07:56,264 - new_apply_order.py[line:238]: 创建预审订单成功！
INFO - 2021-10-11 11:07:56,280 - new_apply_order.py[line:246]: 预审状态修改为通过,更新条数 1
INFO - 2021-10-11 11:07:56,292 - new_apply_order.py[line:249]: 更新初始额度！更新条数 1
INFO - 2021-10-11 11:07:56,561 - new_apply_order.py[line:266]: 活体图片上传成功！回写配置文件global_param.mp4_url
INFO - 2021-10-11 11:07:56,604 - new_apply_order.py[line:276]: 视频认证通过！
INFO - 2021-10-11 11:07:56,916 - new_apply_order.py[line:500]: 绑卡成功！
INFO - 2021-10-11 11:07:57,143 - new_apply_order.py[line:522]: 进件成功！执行sql将订单改为风控中……
INFO - 2021-10-11 11:07:58,171 - new_apply_order.py[line:528]: 订单表更新1条，信审更新1条
INFO - 2021-10-11 11:07:58,532 - new_apply_order.py[line:542]: 查询loan_order_id成功！
INFO - 2021-10-11 11:07:58,578 - new_apply_order.py[line:557]: 订单回调复审通过成功！
INFO - 2021-10-11 11:07:59,365 - new_apply_order.py[line:579]: 获取token成功！token=bearer 043edafc-ba40-4d52-951d-a1560428bb06！
INFO - 2021-10-11 11:07:59,720 - new_apply_order.py[line:542]: 查询loan_order_id成功！
INFO - 2021-10-11 11:08:00,035 - new_apply_order.py[line:597]: 后台已触发放款成功！
INFO - 2021-10-11 11:08:00,042 - new_apply_order.py[line:611]: xxl_job web 登录成功！
INFO - 2021-10-11 11:08:00,052 - new_apply_order.py[line:627]: xxl_job 放款准备作业执行成功！
INFO - 2021-10-11 11:08:01,418 - new_apply_order.py[line:542]: 查询loan_order_id成功！
INFO - 2021-10-11 11:08:01,434 - new_apply_order.py[line:635]: 修改放款准备完成时间成功！
INFO - 2021-10-11 11:08:01,440 - new_apply_order.py[line:643]: xxl_job 放款完成作业执行成功！
INFO - 2021-10-11 11:08:01,802 - new_apply_order.py[line:542]: 查询loan_order_id成功！
INFO - 2021-10-11 11:08:01,894 - new_apply_order.py[line:682]: 放款回调失败！
INFO - 2021-10-11 11:08:02,197 - new_apply_order.py[line:815]: 校验重试查询第1次
ERROR - 2021-10-11 11:08:03,210 - new_apply_order.py[line:711]: 放款完成或准备失败,目前的订单状态是35
INFO - 2021-10-11 11:08:03,210 - new_apply_order.py[line:712]: {'app': 'ikash', 'loan_order_id': '1447398532234481664', 'mobile': '733921674', 'order_status': 35}
INFO - 2021-10-11 11:08:04,074 - new_apply_order.py[line:542]: 查询loan_order_id成功！
INFO - 2021-10-11 11:08:04,362 - new_apply_order.py[line:680]: 放款回调成功！
INFO - 2021-10-11 11:08:04,363 - new_apply_order.py[line:815]: 校验重试查询第2次
INFO - 2021-10-11 11:08:05,376 - new_apply_order.py[line:709]: 放款完成或准备成功,目前的订单状态是40
INFO - 2021-10-11 11:08:05,376 - new_apply_order.py[line:712]: {'app': 'ikash', 'loan_order_id': '1447398532234481664', 'mobile': '733921674', 'order_status': 40}
INFO - 2021-10-11 11:08:05,377 - new_apply_order.py[line:832]: ===========完成第【2】次进件===========
INFO - 2021-10-11 11:08:05,378 - new_apply_order.py[line:792]: 开始第 ikash【3】次进件……
INFO - 2021-10-11 11:08:05,378 - new_apply_order.py[line:82]: ======【ke测试环境】生成手机号：733921685 ======
INFO - 2021-10-11 11:08:05,725 - new_apply_order.py[line:95]: 733921685 检测用户存在成功！
INFO - 2021-10-11 11:08:05,781 - new_apply_order.py[line:104]: 733921685 短信发送成功！
INFO - 2021-10-11 11:08:05,827 - new_apply_order.py[line:117]: 733921685 注册成功！
INFO - 2021-10-11 11:08:05,889 - new_apply_order.py[line:133]: 733921685 登录短信发送成功！
INFO - 2021-10-11 11:08:05,946 - new_apply_order.py[line:143]: userId=6218788016767377408,mobile=733921685,token=744e6ee1291432605335d73f2887ec1e 登录成功
INFO - 2021-10-11 11:08:06,702 - new_apply_order.py[line:205]: 个人信息提交成功！
INFO - 2021-10-11 11:08:06,766 - new_apply_order.py[line:225]: 联系人信息提交成功！
INFO - 2021-10-11 11:08:06,998 - new_apply_order.py[line:238]: 创建预审订单成功！
INFO - 2021-10-11 11:08:07,014 - new_apply_order.py[line:246]: 预审状态修改为通过,更新条数 1
INFO - 2021-10-11 11:08:07,024 - new_apply_order.py[line:249]: 更新初始额度！更新条数 1
INFO - 2021-10-11 11:08:07,299 - new_apply_order.py[line:266]: 活体图片上传成功！回写配置文件global_param.mp4_url
INFO - 2021-10-11 11:08:07,344 - new_apply_order.py[line:276]: 视频认证通过！
INFO - 2021-10-11 11:08:07,655 - new_apply_order.py[line:500]: 绑卡成功！
INFO - 2021-10-11 11:08:07,891 - new_apply_order.py[line:522]: 进件成功！执行sql将订单改为风控中……
INFO - 2021-10-11 11:08:08,925 - new_apply_order.py[line:528]: 订单表更新1条，信审更新1条
INFO - 2021-10-11 11:08:09,286 - new_apply_order.py[line:542]: 查询loan_order_id成功！
INFO - 2021-10-11 11:08:09,336 - new_apply_order.py[line:557]: 订单回调复审通过成功！
INFO - 2021-10-11 11:08:10,115 - new_apply_order.py[line:579]: 获取token成功！token=bearer 043edafc-ba40-4d52-951d-a1560428bb06！
INFO - 2021-10-11 11:08:10,495 - new_apply_order.py[line:542]: 查询loan_order_id成功！
INFO - 2021-10-11 11:08:10,858 - new_apply_order.py[line:597]: 后台已触发放款成功！
INFO - 2021-10-11 11:08:10,870 - new_apply_order.py[line:611]: xxl_job web 登录成功！
INFO - 2021-10-11 11:08:10,879 - new_apply_order.py[line:627]: xxl_job 放款准备作业执行成功！
INFO - 2021-10-11 11:08:12,239 - new_apply_order.py[line:542]: 查询loan_order_id成功！
INFO - 2021-10-11 11:08:12,254 - new_apply_order.py[line:635]: 修改放款准备完成时间成功！
INFO - 2021-10-11 11:08:12,261 - new_apply_order.py[line:643]: xxl_job 放款完成作业执行成功！
INFO - 2021-10-11 11:08:12,625 - new_apply_order.py[line:542]: 查询loan_order_id成功！
INFO - 2021-10-11 11:08:12,833 - new_apply_order.py[line:680]: 放款回调成功！
INFO - 2021-10-11 11:08:13,138 - new_apply_order.py[line:815]: 校验重试查询第1次
INFO - 2021-10-11 11:08:14,151 - new_apply_order.py[line:709]: 放款完成或准备成功,目前的订单状态是40
INFO - 2021-10-11 11:08:14,152 - new_apply_order.py[line:712]: {'app': 'ikash', 'loan_order_id': '1447398577331638272', 'mobile': '733921685', 'order_status': 40}
INFO - 2021-10-11 11:08:14,152 - new_apply_order.py[line:832]: ===========完成第【3】次进件===========
INFO - 2021-10-11 11:08:14,152 - new_apply_order.py[line:792]: 开始第 ikash【4】次进件……
INFO - 2021-10-11 11:08:14,153 - new_apply_order.py[line:82]: ======【ke测试环境】生成手机号：733921694 ======
INFO - 2021-10-11 11:08:14,504 - new_apply_order.py[line:95]: 733921694 检测用户存在成功！
INFO - 2021-10-11 11:08:14,568 - new_apply_order.py[line:104]: 733921694 短信发送成功！
INFO - 2021-10-11 11:08:14,614 - new_apply_order.py[line:117]: 733921694 注册成功！
INFO - 2021-10-11 11:08:14,671 - new_apply_order.py[line:133]: 733921694 登录短信发送成功！
INFO - 2021-10-11 11:08:14,743 - new_apply_order.py[line:143]: userId=6218788053622726656,mobile=733921694,token=0cd4bca9234eac82d577c5f6f1669406 登录成功
INFO - 2021-10-11 11:08:15,455 - new_apply_order.py[line:205]: 个人信息提交成功！
INFO - 2021-10-11 11:08:15,512 - new_apply_order.py[line:225]: 联系人信息提交成功！
INFO - 2021-10-11 11:08:15,964 - new_apply_order.py[line:238]: 创建预审订单成功！
INFO - 2021-10-11 11:08:15,979 - new_apply_order.py[line:246]: 预审状态修改为通过,更新条数 1
INFO - 2021-10-11 11:08:15,991 - new_apply_order.py[line:249]: 更新初始额度！更新条数 1
INFO - 2021-10-11 11:08:16,277 - new_apply_order.py[line:266]: 活体图片上传成功！回写配置文件global_param.mp4_url
INFO - 2021-10-11 11:08:16,319 - new_apply_order.py[line:276]: 视频认证通过！
INFO - 2021-10-11 11:08:16,673 - new_apply_order.py[line:500]: 绑卡成功！
INFO - 2021-10-11 11:08:16,908 - new_apply_order.py[line:522]: 进件成功！执行sql将订单改为风控中……
INFO - 2021-10-11 11:08:17,940 - new_apply_order.py[line:528]: 订单表更新1条，信审更新1条
INFO - 2021-10-11 11:08:18,296 - new_apply_order.py[line:542]: 查询loan_order_id成功！
INFO - 2021-10-11 11:08:18,361 - new_apply_order.py[line:557]: 订单回调复审通过成功！
INFO - 2021-10-11 11:08:19,186 - new_apply_order.py[line:579]: 获取token成功！token=bearer 043edafc-ba40-4d52-951d-a1560428bb06！
INFO - 2021-10-11 11:08:19,553 - new_apply_order.py[line:542]: 查询loan_order_id成功！
INFO - 2021-10-11 11:08:19,873 - new_apply_order.py[line:597]: 后台已触发放款成功！
INFO - 2021-10-11 11:08:19,884 - new_apply_order.py[line:611]: xxl_job web 登录成功！
INFO - 2021-10-11 11:08:19,894 - new_apply_order.py[line:627]: xxl_job 放款准备作业执行成功！
INFO - 2021-10-11 11:08:21,270 - new_apply_order.py[line:542]: 查询loan_order_id成功！
INFO - 2021-10-11 11:08:21,286 - new_apply_order.py[line:635]: 修改放款准备完成时间成功！
INFO - 2021-10-11 11:08:21,294 - new_apply_order.py[line:643]: xxl_job 放款完成作业执行成功！
INFO - 2021-10-11 11:08:21,658 - new_apply_order.py[line:542]: 查询loan_order_id成功！
INFO - 2021-10-11 11:08:21,772 - new_apply_order.py[line:682]: 放款回调失败！
INFO - 2021-10-11 11:08:22,078 - new_apply_order.py[line:815]: 校验重试查询第1次
ERROR - 2021-10-11 11:08:23,094 - new_apply_order.py[line:711]: 放款完成或准备失败,目前的订单状态是35
INFO - 2021-10-11 11:08:23,094 - new_apply_order.py[line:712]: {'app': 'ikash', 'loan_order_id': '1447398614035992576', 'mobile': '733921694', 'order_status': 35}
INFO - 2021-10-11 11:08:23,957 - new_apply_order.py[line:542]: 查询loan_order_id成功！
INFO - 2021-10-11 11:08:24,194 - new_apply_order.py[line:680]: 放款回调成功！
INFO - 2021-10-11 11:08:24,195 - new_apply_order.py[line:815]: 校验重试查询第2次
INFO - 2021-10-11 11:08:25,207 - new_apply_order.py[line:709]: 放款完成或准备成功,目前的订单状态是40
INFO - 2021-10-11 11:08:25,207 - new_apply_order.py[line:712]: {'app': 'ikash', 'loan_order_id': '1447398614035992576', 'mobile': '733921694', 'order_status': 40}
INFO - 2021-10-11 11:08:25,208 - new_apply_order.py[line:832]: ===========完成第【4】次进件===========
INFO - 2021-10-11 11:08:25,208 - new_apply_order.py[line:792]: 开始第 ikash【5】次进件……
INFO - 2021-10-11 11:08:25,209 - new_apply_order.py[line:82]: ======【ke测试环境】生成手机号：733921705 ======
INFO - 2021-10-11 11:08:25,560 - new_apply_order.py[line:95]: 733921705 检测用户存在成功！
INFO - 2021-10-11 11:08:25,642 - new_apply_order.py[line:104]: 733921705 短信发送成功！
INFO - 2021-10-11 11:08:25,688 - new_apply_order.py[line:117]: 733921705 注册成功！
INFO - 2021-10-11 11:08:25,744 - new_apply_order.py[line:133]: 733921705 登录短信发送成功！
INFO - 2021-10-11 11:08:25,798 - new_apply_order.py[line:143]: userId=6218788100057866240,mobile=733921705,token=8398e30c95548f2681e5432af73d9ea9 登录成功
INFO - 2021-10-11 11:08:26,508 - new_apply_order.py[line:205]: 个人信息提交成功！
INFO - 2021-10-11 11:08:26,592 - new_apply_order.py[line:225]: 联系人信息提交成功！
INFO - 2021-10-11 11:08:26,898 - new_apply_order.py[line:238]: 创建预审订单成功！
INFO - 2021-10-11 11:08:26,913 - new_apply_order.py[line:246]: 预审状态修改为通过,更新条数 1
INFO - 2021-10-11 11:08:26,924 - new_apply_order.py[line:249]: 更新初始额度！更新条数 1
INFO - 2021-10-11 11:08:27,210 - new_apply_order.py[line:266]: 活体图片上传成功！回写配置文件global_param.mp4_url
INFO - 2021-10-11 11:08:27,252 - new_apply_order.py[line:276]: 视频认证通过！
INFO - 2021-10-11 11:08:27,567 - new_apply_order.py[line:500]: 绑卡成功！
INFO - 2021-10-11 11:08:27,774 - new_apply_order.py[line:522]: 进件成功！执行sql将订单改为风控中……
INFO - 2021-10-11 11:08:28,802 - new_apply_order.py[line:528]: 订单表更新1条，信审更新1条
INFO - 2021-10-11 11:08:29,158 - new_apply_order.py[line:542]: 查询loan_order_id成功！
INFO - 2021-10-11 11:08:29,202 - new_apply_order.py[line:557]: 订单回调复审通过成功！
INFO - 2021-10-11 11:08:29,985 - new_apply_order.py[line:579]: 获取token成功！token=bearer 043edafc-ba40-4d52-951d-a1560428bb06！
INFO - 2021-10-11 11:08:30,332 - new_apply_order.py[line:542]: 查询loan_order_id成功！
INFO - 2021-10-11 11:08:30,669 - new_apply_order.py[line:597]: 后台已触发放款成功！
INFO - 2021-10-11 11:08:30,675 - new_apply_order.py[line:611]: xxl_job web 登录成功！
INFO - 2021-10-11 11:08:30,679 - new_apply_order.py[line:627]: xxl_job 放款准备作业执行成功！
INFO - 2021-10-11 11:08:32,038 - new_apply_order.py[line:542]: 查询loan_order_id成功！
INFO - 2021-10-11 11:08:32,049 - new_apply_order.py[line:635]: 修改放款准备完成时间成功！
INFO - 2021-10-11 11:08:32,054 - new_apply_order.py[line:643]: xxl_job 放款完成作业执行成功！
INFO - 2021-10-11 11:08:32,434 - new_apply_order.py[line:542]: 查询loan_order_id成功！
INFO - 2021-10-11 11:08:32,554 - new_apply_order.py[line:682]: 放款回调失败！
INFO - 2021-10-11 11:08:32,856 - new_apply_order.py[line:815]: 校验重试查询第1次
ERROR - 2021-10-11 11:08:33,864 - new_apply_order.py[line:711]: 放款完成或准备失败,目前的订单状态是35
INFO - 2021-10-11 11:08:33,865 - new_apply_order.py[line:712]: {'app': 'ikash', 'loan_order_id': '1447398660475326464', 'mobile': '733921705', 'order_status': 35}
INFO - 2021-10-11 11:08:34,725 - new_apply_order.py[line:542]: 查询loan_order_id成功！
INFO - 2021-10-11 11:08:34,934 - new_apply_order.py[line:680]: 放款回调成功！
INFO - 2021-10-11 11:08:34,935 - new_apply_order.py[line:815]: 校验重试查询第2次
INFO - 2021-10-11 11:08:35,945 - new_apply_order.py[line:709]: 放款完成或准备成功,目前的订单状态是40
INFO - 2021-10-11 11:08:35,945 - new_apply_order.py[line:712]: {'app': 'ikash', 'loan_order_id': '1447398660475326464', 'mobile': '733921705', 'order_status': 40}
INFO - 2021-10-11 11:08:35,946 - new_apply_order.py[line:832]: ===========完成第【5】次进件===========
INFO - 2021-10-11 11:08:35,946 - new_apply_order.py[line:792]: 开始第 ikash【6】次进件……
INFO - 2021-10-11 11:08:35,947 - new_apply_order.py[line:82]: ======【ke测试环境】生成手机号：733921715 ======
INFO - 2021-10-11 11:08:36,293 - new_apply_order.py[line:95]: 733921715 检测用户存在成功！
INFO - 2021-10-11 11:08:36,343 - new_apply_order.py[line:104]: 733921715 短信发送成功！
INFO - 2021-10-11 11:08:36,404 - new_apply_order.py[line:117]: 733921715 注册成功！
INFO - 2021-10-11 11:08:36,451 - new_apply_order.py[line:133]: 733921715 登录短信发送成功！
INFO - 2021-10-11 11:08:36,500 - new_apply_order.py[line:143]: userId=6218788145008222208,mobile=733921715,token=0e96c0014024e204bfcf80087f27704b 登录成功
INFO - 2021-10-11 11:08:37,216 - new_apply_order.py[line:205]: 个人信息提交成功！
INFO - 2021-10-11 11:08:37,277 - new_apply_order.py[line:225]: 联系人信息提交成功！
INFO - 2021-10-11 11:08:37,535 - new_apply_order.py[line:238]: 创建预审订单成功！
INFO - 2021-10-11 11:08:37,549 - new_apply_order.py[line:246]: 预审状态修改为通过,更新条数 1
INFO - 2021-10-11 11:08:37,560 - new_apply_order.py[line:249]: 更新初始额度！更新条数 1
INFO - 2021-10-11 11:08:37,852 - new_apply_order.py[line:266]: 活体图片上传成功！回写配置文件global_param.mp4_url
INFO - 2021-10-11 11:08:37,895 - new_apply_order.py[line:276]: 视频认证通过！
INFO - 2021-10-11 11:08:38,263 - new_apply_order.py[line:500]: 绑卡成功！
INFO - 2021-10-11 11:08:38,626 - new_apply_order.py[line:522]: 进件成功！执行sql将订单改为风控中……
INFO - 2021-10-11 11:08:39,672 - new_apply_order.py[line:528]: 订单表更新1条，信审更新1条
INFO - 2021-10-11 11:08:40,032 - new_apply_order.py[line:542]: 查询loan_order_id成功！
INFO - 2021-10-11 11:08:40,083 - new_apply_order.py[line:557]: 订单回调复审通过成功！
INFO - 2021-10-11 11:08:40,895 - new_apply_order.py[line:579]: 获取token成功！token=bearer 043edafc-ba40-4d52-951d-a1560428bb06！
INFO - 2021-10-11 11:08:41,250 - new_apply_order.py[line:542]: 查询loan_order_id成功！
INFO - 2021-10-11 11:08:41,598 - new_apply_order.py[line:597]: 后台已触发放款成功！
INFO - 2021-10-11 11:08:41,607 - new_apply_order.py[line:611]: xxl_job web 登录成功！
INFO - 2021-10-11 11:08:41,614 - new_apply_order.py[line:627]: xxl_job 放款准备作业执行成功！
INFO - 2021-10-11 11:08:42,977 - new_apply_order.py[line:542]: 查询loan_order_id成功！
INFO - 2021-10-11 11:08:42,986 - new_apply_order.py[line:635]: 修改放款准备完成时间成功！
INFO - 2021-10-11 11:08:42,991 - new_apply_order.py[line:643]: xxl_job 放款完成作业执行成功！
INFO - 2021-10-11 11:08:43,349 - new_apply_order.py[line:542]: 查询loan_order_id成功！
INFO - 2021-10-11 11:08:43,661 - new_apply_order.py[line:815]: 校验重试查询第1次
ERROR - 2021-10-11 11:08:44,675 - new_apply_order.py[line:711]: 放款完成或准备失败,目前的订单状态是35
INFO - 2021-10-11 11:08:44,675 - new_apply_order.py[line:712]: {'app': 'ikash', 'loan_order_id': '1447398705413099520', 'mobile': '733921715', 'order_status': 35}
INFO - 2021-10-11 11:08:45,543 - new_apply_order.py[line:542]: 查询loan_order_id成功！
INFO - 2021-10-11 11:08:45,752 - new_apply_order.py[line:680]: 放款回调成功！
INFO - 2021-10-11 11:08:45,753 - new_apply_order.py[line:815]: 校验重试查询第2次
INFO - 2021-10-11 11:08:46,762 - new_apply_order.py[line:709]: 放款完成或准备成功,目前的订单状态是40
INFO - 2021-10-11 11:08:46,762 - new_apply_order.py[line:712]: {'app': 'ikash', 'loan_order_id': '1447398705413099520', 'mobile': '733921715', 'order_status': 40}
INFO - 2021-10-11 11:08:46,764 - new_apply_order.py[line:832]: ===========完成第【6】次进件===========
INFO - 2021-10-11 11:08:46,764 - new_apply_order.py[line:792]: 开始第 ikash【7】次进件……
INFO - 2021-10-11 11:08:46,765 - new_apply_order.py[line:82]: ======【ke测试环境】生成手机号：733921726 ======
INFO - 2021-10-11 11:08:47,114 - new_apply_order.py[line:95]: 733921726 检测用户存在成功！
INFO - 2021-10-11 11:08:47,168 - new_apply_order.py[line:104]: 733921726 短信发送成功！
INFO - 2021-10-11 11:08:47,214 - new_apply_order.py[line:117]: 733921726 注册成功！
INFO - 2021-10-11 11:08:47,271 - new_apply_order.py[line:133]: 733921726 登录短信发送成功！
INFO - 2021-10-11 11:08:47,326 - new_apply_order.py[line:143]: userId=6218788190348648448,mobile=733921726,token=83d4532c4e0ec7d20ac03f326c035021 登录成功
INFO - 2021-10-11 11:08:47,965 - new_apply_order.py[line:205]: 个人信息提交成功！
INFO - 2021-10-11 11:08:48,027 - new_apply_order.py[line:225]: 联系人信息提交成功！
INFO - 2021-10-11 11:08:48,471 - new_apply_order.py[line:238]: 创建预审订单成功！
INFO - 2021-10-11 11:08:48,483 - new_apply_order.py[line:246]: 预审状态修改为通过,更新条数 1
INFO - 2021-10-11 11:08:48,494 - new_apply_order.py[line:249]: 更新初始额度！更新条数 1
INFO - 2021-10-11 11:08:48,784 - new_apply_order.py[line:266]: 活体图片上传成功！回写配置文件global_param.mp4_url
INFO - 2021-10-11 11:08:48,821 - new_apply_order.py[line:276]: 视频认证通过！
INFO - 2021-10-11 11:08:49,133 - new_apply_order.py[line:500]: 绑卡成功！
INFO - 2021-10-11 11:08:49,369 - new_apply_order.py[line:522]: 进件成功！执行sql将订单改为风控中……
INFO - 2021-10-11 11:08:50,396 - new_apply_order.py[line:528]: 订单表更新1条，信审更新1条
INFO - 2021-10-11 11:08:50,758 - new_apply_order.py[line:542]: 查询loan_order_id成功！
INFO - 2021-10-11 11:08:50,812 - new_apply_order.py[line:557]: 订单回调复审通过成功！
INFO - 2021-10-11 11:08:51,609 - new_apply_order.py[line:579]: 获取token成功！token=bearer 043edafc-ba40-4d52-951d-a1560428bb06！
INFO - 2021-10-11 11:08:51,981 - new_apply_order.py[line:542]: 查询loan_order_id成功！
INFO - 2021-10-11 11:08:52,338 - new_apply_order.py[line:597]: 后台已触发放款成功！
INFO - 2021-10-11 11:08:52,348 - new_apply_order.py[line:611]: xxl_job web 登录成功！
INFO - 2021-10-11 11:08:52,359 - new_apply_order.py[line:627]: xxl_job 放款准备作业执行成功！
INFO - 2021-10-11 11:08:53,717 - new_apply_order.py[line:542]: 查询loan_order_id成功！
INFO - 2021-10-11 11:08:53,744 - new_apply_order.py[line:635]: 修改放款准备完成时间成功！
INFO - 2021-10-11 11:08:53,749 - new_apply_order.py[line:643]: xxl_job 放款完成作业执行成功！
INFO - 2021-10-11 11:08:54,104 - new_apply_order.py[line:542]: 查询loan_order_id成功！
INFO - 2021-10-11 11:08:54,322 - new_apply_order.py[line:680]: 放款回调成功！
INFO - 2021-10-11 11:08:54,623 - new_apply_order.py[line:815]: 校验重试查询第1次
INFO - 2021-10-11 11:08:55,633 - new_apply_order.py[line:709]: 放款完成或准备成功,目前的订单状态是40
INFO - 2021-10-11 11:08:55,633 - new_apply_order.py[line:712]: {'app': 'ikash', 'loan_order_id': '1447398750384427008', 'mobile': '733921726', 'order_status': 40}
INFO - 2021-10-11 11:08:55,634 - new_apply_order.py[line:832]: ===========完成第【7】次进件===========
INFO - 2021-10-11 11:08:55,634 - new_apply_order.py[line:792]: 开始第 ikash【8】次进件……
INFO - 2021-10-11 11:08:55,635 - new_apply_order.py[line:82]: ======【ke测试环境】生成手机号：733921735 ======
INFO - 2021-10-11 11:08:55,983 - new_apply_order.py[line:95]: 733921735 检测用户存在成功！
INFO - 2021-10-11 11:08:56,039 - new_apply_order.py[line:104]: 733921735 短信发送成功！
INFO - 2021-10-11 11:08:56,081 - new_apply_order.py[line:117]: 733921735 注册成功！
INFO - 2021-10-11 11:08:56,131 - new_apply_order.py[line:133]: 733921735 登录短信发送成功！
INFO - 2021-10-11 11:08:56,202 - new_apply_order.py[line:143]: userId=6218788227547930624,mobile=733921735,token=4279b5e4b5b593a698d6818578888cf9 登录成功
INFO - 2021-10-11 11:08:56,936 - new_apply_order.py[line:205]: 个人信息提交成功！
INFO - 2021-10-11 11:08:56,990 - new_apply_order.py[line:225]: 联系人信息提交成功！
INFO - 2021-10-11 11:08:57,218 - new_apply_order.py[line:238]: 创建预审订单成功！
INFO - 2021-10-11 11:08:57,233 - new_apply_order.py[line:246]: 预审状态修改为通过,更新条数 1
INFO - 2021-10-11 11:08:57,246 - new_apply_order.py[line:249]: 更新初始额度！更新条数 1
INFO - 2021-10-11 11:08:57,536 - new_apply_order.py[line:266]: 活体图片上传成功！回写配置文件global_param.mp4_url
INFO - 2021-10-11 11:08:57,578 - new_apply_order.py[line:276]: 视频认证通过！
INFO - 2021-10-11 11:08:57,895 - new_apply_order.py[line:500]: 绑卡成功！
INFO - 2021-10-11 11:08:58,121 - new_apply_order.py[line:522]: 进件成功！执行sql将订单改为风控中……
INFO - 2021-10-11 11:08:59,146 - new_apply_order.py[line:528]: 订单表更新1条，信审更新1条
INFO - 2021-10-11 11:08:59,507 - new_apply_order.py[line:542]: 查询loan_order_id成功！
INFO - 2021-10-11 11:08:59,559 - new_apply_order.py[line:557]: 订单回调复审通过成功！
INFO - 2021-10-11 11:09:00,356 - new_apply_order.py[line:579]: 获取token成功！token=bearer 043edafc-ba40-4d52-951d-a1560428bb06！
INFO - 2021-10-11 11:09:00,707 - new_apply_order.py[line:542]: 查询loan_order_id成功！
INFO - 2021-10-11 11:09:01,023 - new_apply_order.py[line:597]: 后台已触发放款成功！
INFO - 2021-10-11 11:09:01,031 - new_apply_order.py[line:611]: xxl_job web 登录成功！
INFO - 2021-10-11 11:09:01,039 - new_apply_order.py[line:627]: xxl_job 放款准备作业执行成功！
INFO - 2021-10-11 11:09:02,400 - new_apply_order.py[line:542]: 查询loan_order_id成功！
INFO - 2021-10-11 11:09:02,413 - new_apply_order.py[line:635]: 修改放款准备完成时间成功！
INFO - 2021-10-11 11:09:02,419 - new_apply_order.py[line:643]: xxl_job 放款完成作业执行成功！
INFO - 2021-10-11 11:09:02,785 - new_apply_order.py[line:542]: 查询loan_order_id成功！
INFO - 2021-10-11 11:09:02,911 - new_apply_order.py[line:682]: 放款回调失败！
INFO - 2021-10-11 11:09:03,216 - new_apply_order.py[line:815]: 校验重试查询第1次
ERROR - 2021-10-11 11:09:04,230 - new_apply_order.py[line:711]: 放款完成或准备失败,目前的订单状态是35
INFO - 2021-10-11 11:09:04,230 - new_apply_order.py[line:712]: {'app': 'ikash', 'loan_order_id': '1447398787969585152', 'mobile': '733921735', 'order_status': 35}
INFO - 2021-10-11 11:09:05,109 - new_apply_order.py[line:542]: 查询loan_order_id成功！
INFO - 2021-10-11 11:09:05,316 - new_apply_order.py[line:680]: 放款回调成功！
INFO - 2021-10-11 11:09:05,317 - new_apply_order.py[line:815]: 校验重试查询第2次
INFO - 2021-10-11 11:09:06,328 - new_apply_order.py[line:709]: 放款完成或准备成功,目前的订单状态是40
INFO - 2021-10-11 11:09:06,328 - new_apply_order.py[line:712]: {'app': 'ikash', 'loan_order_id': '1447398787969585152', 'mobile': '733921735', 'order_status': 40}
INFO - 2021-10-11 11:09:06,329 - new_apply_order.py[line:832]: ===========完成第【8】次进件===========
INFO - 2021-10-11 11:09:06,329 - new_apply_order.py[line:792]: 开始第 ikash【9】次进件……
INFO - 2021-10-11 11:09:06,330 - new_apply_order.py[line:82]: ======【ke测试环境】生成手机号：733921746 ======
INFO - 2021-10-11 11:09:06,675 - new_apply_order.py[line:95]: 733921746 检测用户存在成功！
INFO - 2021-10-11 11:09:06,731 - new_apply_order.py[line:104]: 733921746 短信发送成功！
INFO - 2021-10-11 11:09:06,776 - new_apply_order.py[line:117]: 733921746 注册成功！
INFO - 2021-10-11 11:09:06,842 - new_apply_order.py[line:133]: 733921746 登录短信发送成功！
INFO - 2021-10-11 11:09:06,894 - new_apply_order.py[line:143]: userId=6218788272401817600,mobile=733921746,token=6d6006ed57734bacd681c003c849664f 登录成功
INFO - 2021-10-11 11:09:07,598 - new_apply_order.py[line:205]: 个人信息提交成功！
INFO - 2021-10-11 11:09:07,661 - new_apply_order.py[line:225]: 联系人信息提交成功！
INFO - 2021-10-11 11:09:07,889 - new_apply_order.py[line:238]: 创建预审订单成功！
INFO - 2021-10-11 11:09:07,903 - new_apply_order.py[line:246]: 预审状态修改为通过,更新条数 1
INFO - 2021-10-11 11:09:07,916 - new_apply_order.py[line:249]: 更新初始额度！更新条数 1
INFO - 2021-10-11 11:09:09,184 - new_apply_order.py[line:266]: 活体图片上传成功！回写配置文件global_param.mp4_url
INFO - 2021-10-11 11:09:09,228 - new_apply_order.py[line:276]: 视频认证通过！
INFO - 2021-10-11 11:09:09,550 - new_apply_order.py[line:500]: 绑卡成功！
INFO - 2021-10-11 11:09:09,801 - new_apply_order.py[line:522]: 进件成功！执行sql将订单改为风控中……
INFO - 2021-10-11 11:09:10,826 - new_apply_order.py[line:528]: 订单表更新1条，信审更新1条
INFO - 2021-10-11 11:09:11,186 - new_apply_order.py[line:542]: 查询loan_order_id成功！
INFO - 2021-10-11 11:09:11,232 - new_apply_order.py[line:557]: 订单回调复审通过成功！
INFO - 2021-10-11 11:09:12,007 - new_apply_order.py[line:579]: 获取token成功！token=bearer 043edafc-ba40-4d52-951d-a1560428bb06！
INFO - 2021-10-11 11:09:12,356 - new_apply_order.py[line:542]: 查询loan_order_id成功！
INFO - 2021-10-11 11:09:12,670 - new_apply_order.py[line:597]: 后台已触发放款成功！
INFO - 2021-10-11 11:09:12,679 - new_apply_order.py[line:611]: xxl_job web 登录成功！
INFO - 2021-10-11 11:09:12,686 - new_apply_order.py[line:627]: xxl_job 放款准备作业执行成功！
INFO - 2021-10-11 11:09:14,043 - new_apply_order.py[line:542]: 查询loan_order_id成功！
INFO - 2021-10-11 11:09:14,057 - new_apply_order.py[line:635]: 修改放款准备完成时间成功！
INFO - 2021-10-11 11:09:14,063 - new_apply_order.py[line:643]: xxl_job 放款完成作业执行成功！
INFO - 2021-10-11 11:09:14,420 - new_apply_order.py[line:542]: 查询loan_order_id成功！
INFO - 2021-10-11 11:09:14,531 - new_apply_order.py[line:682]: 放款回调失败！
INFO - 2021-10-11 11:09:14,836 - new_apply_order.py[line:815]: 校验重试查询第1次
ERROR - 2021-10-11 11:09:15,849 - new_apply_order.py[line:711]: 放款完成或准备失败,目前的订单状态是35
INFO - 2021-10-11 11:09:15,850 - new_apply_order.py[line:712]: {'app': 'ikash', 'loan_order_id': '1447398832727003136', 'mobile': '733921746', 'order_status': 35}
INFO - 2021-10-11 11:09:16,711 - new_apply_order.py[line:542]: 查询loan_order_id成功！
INFO - 2021-10-11 11:09:16,928 - new_apply_order.py[line:680]: 放款回调成功！
INFO - 2021-10-11 11:09:16,928 - new_apply_order.py[line:815]: 校验重试查询第2次
INFO - 2021-10-11 11:09:17,938 - new_apply_order.py[line:709]: 放款完成或准备成功,目前的订单状态是40
INFO - 2021-10-11 11:09:17,938 - new_apply_order.py[line:712]: {'app': 'ikash', 'loan_order_id': '1447398832727003136', 'mobile': '733921746', 'order_status': 40}
INFO - 2021-10-11 11:09:17,939 - new_apply_order.py[line:832]: ===========完成第【9】次进件===========
INFO - 2021-10-11 11:09:17,939 - new_apply_order.py[line:792]: 开始第 ikash【10】次进件……
INFO - 2021-10-11 11:09:17,940 - new_apply_order.py[line:82]: ======【ke测试环境】生成手机号：733921757 ======
INFO - 2021-10-11 11:09:18,289 - new_apply_order.py[line:95]: 733921757 检测用户存在成功！
INFO - 2021-10-11 11:09:18,345 - new_apply_order.py[line:104]: 733921757 短信发送成功！
INFO - 2021-10-11 11:09:18,391 - new_apply_order.py[line:117]: 733921757 注册成功！
INFO - 2021-10-11 11:09:18,444 - new_apply_order.py[line:133]: 733921757 登录短信发送成功！
INFO - 2021-10-11 11:09:18,495 - new_apply_order.py[line:143]: userId=6218788321110269952,mobile=733921757,token=4fd46736b81e1b911bd5ce7107d91e79 登录成功
INFO - 2021-10-11 11:09:19,162 - new_apply_order.py[line:205]: 个人信息提交成功！
INFO - 2021-10-11 11:09:19,222 - new_apply_order.py[line:225]: 联系人信息提交成功！
INFO - 2021-10-11 11:09:19,683 - new_apply_order.py[line:238]: 创建预审订单成功！
INFO - 2021-10-11 11:09:19,700 - new_apply_order.py[line:246]: 预审状态修改为通过,更新条数 1
INFO - 2021-10-11 11:09:19,713 - new_apply_order.py[line:249]: 更新初始额度！更新条数 1
INFO - 2021-10-11 11:09:19,962 - new_apply_order.py[line:266]: 活体图片上传成功！回写配置文件global_param.mp4_url
INFO - 2021-10-11 11:09:20,002 - new_apply_order.py[line:276]: 视频认证通过！
INFO - 2021-10-11 11:09:20,316 - new_apply_order.py[line:500]: 绑卡成功！
INFO - 2021-10-11 11:09:20,540 - new_apply_order.py[line:522]: 进件成功！执行sql将订单改为风控中……
INFO - 2021-10-11 11:09:21,570 - new_apply_order.py[line:528]: 订单表更新1条，信审更新1条
INFO - 2021-10-11 11:09:21,942 - new_apply_order.py[line:542]: 查询loan_order_id成功！
INFO - 2021-10-11 11:09:21,993 - new_apply_order.py[line:557]: 订单回调复审通过成功！
INFO - 2021-10-11 11:09:22,821 - new_apply_order.py[line:579]: 获取token成功！token=bearer 043edafc-ba40-4d52-951d-a1560428bb06！
INFO - 2021-10-11 11:09:23,171 - new_apply_order.py[line:542]: 查询loan_order_id成功！
INFO - 2021-10-11 11:09:23,499 - new_apply_order.py[line:597]: 后台已触发放款成功！
INFO - 2021-10-11 11:09:23,510 - new_apply_order.py[line:611]: xxl_job web 登录成功！
INFO - 2021-10-11 11:09:23,517 - new_apply_order.py[line:627]: xxl_job 放款准备作业执行成功！
INFO - 2021-10-11 11:09:24,873 - new_apply_order.py[line:542]: 查询loan_order_id成功！
INFO - 2021-10-11 11:09:24,889 - new_apply_order.py[line:635]: 修改放款准备完成时间成功！
INFO - 2021-10-11 11:09:24,894 - new_apply_order.py[line:643]: xxl_job 放款完成作业执行成功！
INFO - 2021-10-11 11:09:25,263 - new_apply_order.py[line:542]: 查询loan_order_id成功！
INFO - 2021-10-11 11:09:25,392 - new_apply_order.py[line:682]: 放款回调失败！
INFO - 2021-10-11 11:09:25,697 - new_apply_order.py[line:815]: 校验重试查询第1次
ERROR - 2021-10-11 11:09:26,712 - new_apply_order.py[line:711]: 放款完成或准备失败,目前的订单状态是35
INFO - 2021-10-11 11:09:26,712 - new_apply_order.py[line:712]: {'app': 'ikash', 'loan_order_id': '1447398881225740288', 'mobile': '733921757', 'order_status': 35}
INFO - 2021-10-11 11:09:27,566 - new_apply_order.py[line:542]: 查询loan_order_id成功！
INFO - 2021-10-11 11:09:27,756 - new_apply_order.py[line:680]: 放款回调成功！
INFO - 2021-10-11 11:09:27,757 - new_apply_order.py[line:815]: 校验重试查询第2次
INFO - 2021-10-11 11:09:28,767 - new_apply_order.py[line:709]: 放款完成或准备成功,目前的订单状态是40
INFO - 2021-10-11 11:09:28,768 - new_apply_order.py[line:712]: {'app': 'ikash', 'loan_order_id': '1447398881225740288', 'mobile': '733921757', 'order_status': 40}
INFO - 2021-10-11 11:09:28,768 - new_apply_order.py[line:832]: ===========完成第【10】次进件===========
INFO - 2021-10-11 11:09:28,768 - new_apply_order.py[line:835]: ======完成第【10】次进件,耗时105.11s=====
