INFO - 2021-11-25 16:26:46,379 - new_apply_order.py[line:882]: 开始第 nucredito【1】次进件……
INFO - 2021-11-25 16:26:46,451 - new_apply_order.py[line:60]: 删除redis key: "mx:cfs:user:userid:4976881164694462464"
INFO - 2021-11-25 16:26:46,469 - new_apply_order.py[line:60]: 删除redis key: "mx:cfs:user:userid:4976881243538989056"
INFO - 2021-11-25 16:26:46,470 - new_apply_order.py[line:60]: 删除redis key: "mx:cfs:user:userid:4976881085363396608"
INFO - 2021-11-25 16:26:46,490 - new_apply_order.py[line:60]: 删除redis key: "mx:cfs:user:userid:4976883605573869568"
INFO - 2021-11-25 16:26:46,492 - new_apply_order.py[line:60]: 删除redis key: "mx:cfs:user:userid:4976881595969576960"
INFO - 2021-11-25 16:26:46,496 - new_apply_order.py[line:60]: 删除redis key: "mx:cfs:user:userid:4971469059878821888"
INFO - 2021-11-25 16:26:46,503 - new_apply_order.py[line:60]: 删除redis key: "mx:cfs:user:userid:4976882421198888960"
INFO - 2021-11-25 16:26:46,504 - new_apply_order.py[line:60]: 删除redis key: "mx:cfs:user:userid:4976881282076254208"
INFO - 2021-11-25 16:26:46,537 - new_apply_order.py[line:60]: 删除redis key: "mx:cfs:user:userid:4976883882792198144"
INFO - 2021-11-25 16:26:46,539 - new_apply_order.py[line:60]: 删除redis key: "mx:cfs:user:userid:4976882672513196032"
INFO - 2021-11-25 16:26:46,560 - new_apply_order.py[line:75]: 更新脏数据0条
INFO - 2021-11-25 16:26:46,560 - new_apply_order.py[line:84]: ======【mx测试环境】生成手机号：1637828806 ======
INFO - 2021-11-25 16:26:46,936 - new_apply_order.py[line:97]: 1637828806 检测用户存在成功！
INFO - 2021-11-25 16:26:46,998 - new_apply_order.py[line:106]: 1637828806 短信发送成功！
INFO - 2021-11-25 16:26:47,047 - new_apply_order.py[line:119]: 1637828806 注册成功！
INFO - 2021-11-25 16:26:47,110 - new_apply_order.py[line:135]: 1637828806 登录短信发送成功！
INFO - 2021-11-25 16:26:47,164 - new_apply_order.py[line:145]: userId=4976884470724567040,mobile=1637828806,token=1ea69c6ba681d14984a19a5dda278ae1 登录成功
INFO - 2021-11-25 16:26:47,264 - new_apply_order.py[line:212]: 个人信息提交成功！
INFO - 2021-11-25 16:26:47,783 - new_apply_order.py[line:255]: 创建预审订单成功！
INFO - 2021-11-25 16:26:47,792 - new_apply_order.py[line:263]: 预审状态修改为通过,更新条数 1
INFO - 2021-11-25 16:26:47,808 - new_apply_order.py[line:266]: 更新初始额度！更新条数 1
INFO - 2021-11-25 16:26:50,127 - new_apply_order.py[line:361]: curp上传成功!
INFO - 2021-11-25 16:26:50,300 - new_apply_order.py[line:370]: curp_rfc校验通过！
INFO - 2021-11-25 16:26:51,174 - new_apply_order.py[line:381]: 人脸识别成功!
INFO - 2021-11-25 16:26:51,730 - new_apply_order.py[line:568]: 绑卡成功！
INFO - 2021-11-25 16:26:51,993 - new_apply_order.py[line:612]: 进件成功！执行sql将订单改为风控中……
INFO - 2021-11-25 16:26:53,023 - new_apply_order.py[line:618]: 订单表更新1条，信审更新1条
INFO - 2021-11-25 16:26:53,385 - new_apply_order.py[line:632]: 查询loan_order_id成功！
INFO - 2021-11-25 16:26:53,441 - new_apply_order.py[line:647]: 订单回调复审通过成功！
INFO - 2021-11-25 16:26:54,291 - new_apply_order.py[line:669]: 获取token成功！token=bearer feb0ceed-beb0-4bda-8a88-c315c6ee0134！
INFO - 2021-11-25 16:26:54,647 - new_apply_order.py[line:632]: 查询loan_order_id成功！
INFO - 2021-11-25 16:26:55,139 - new_apply_order.py[line:687]: 后台已触发放款成功！
INFO - 2021-11-25 16:26:55,156 - new_apply_order.py[line:701]: xxl_job web 登录成功！
INFO - 2021-11-25 16:26:55,167 - new_apply_order.py[line:717]: xxl_job 放款准备作业执行成功！
INFO - 2021-11-25 16:26:56,519 - new_apply_order.py[line:632]: 查询loan_order_id成功！
INFO - 2021-11-25 16:26:56,536 - new_apply_order.py[line:725]: 修改放款准备完成时间成功！
INFO - 2021-11-25 16:26:56,546 - new_apply_order.py[line:733]: xxl_job 放款完成作业执行成功！
INFO - 2021-11-25 16:26:56,897 - new_apply_order.py[line:632]: 查询loan_order_id成功！
INFO - 2021-11-25 16:26:57,209 - new_apply_order.py[line:905]: 校验重试查询第1次
ERROR - 2021-11-25 16:26:58,227 - new_apply_order.py[line:801]: 放款完成或准备失败,目前的订单状态是32
INFO - 2021-11-25 16:26:58,228 - new_apply_order.py[line:802]: {'app': 'nucredito', 'loan_order_id': '1463786228434997248', 'mobile': '1637828806', 'order_status': 32}
INFO - 2021-11-25 16:26:58,242 - new_apply_order.py[line:701]: xxl_job web 登录成功！
INFO - 2021-11-25 16:26:58,255 - new_apply_order.py[line:717]: xxl_job 放款准备作业执行成功！
INFO - 2021-11-25 16:26:59,607 - new_apply_order.py[line:632]: 查询loan_order_id成功！
INFO - 2021-11-25 16:26:59,625 - new_apply_order.py[line:725]: 修改放款准备完成时间成功！
INFO - 2021-11-25 16:26:59,635 - new_apply_order.py[line:733]: xxl_job 放款完成作业执行成功！
INFO - 2021-11-25 16:27:00,139 - new_apply_order.py[line:905]: 校验重试查询第2次
ERROR - 2021-11-25 16:27:01,158 - new_apply_order.py[line:801]: 放款完成或准备失败,目前的订单状态是32
INFO - 2021-11-25 16:27:01,159 - new_apply_order.py[line:802]: {'app': 'nucredito', 'loan_order_id': '1463786228434997248', 'mobile': '1637828806', 'order_status': 32}
INFO - 2021-11-25 16:27:01,173 - new_apply_order.py[line:701]: xxl_job web 登录成功！
INFO - 2021-11-25 16:27:01,186 - new_apply_order.py[line:717]: xxl_job 放款准备作业执行成功！
INFO - 2021-11-25 16:27:02,540 - new_apply_order.py[line:632]: 查询loan_order_id成功！
INFO - 2021-11-25 16:27:02,557 - new_apply_order.py[line:725]: 修改放款准备完成时间成功！
INFO - 2021-11-25 16:27:02,567 - new_apply_order.py[line:733]: xxl_job 放款完成作业执行成功！
INFO - 2021-11-25 16:27:03,068 - new_apply_order.py[line:905]: 校验重试查询第3次
ERROR - 2021-11-25 16:27:04,083 - new_apply_order.py[line:801]: 放款完成或准备失败,目前的订单状态是32
INFO - 2021-11-25 16:27:04,084 - new_apply_order.py[line:802]: {'app': 'nucredito', 'loan_order_id': '1463786228434997248', 'mobile': '1637828806', 'order_status': 32}
INFO - 2021-11-25 16:27:04,097 - new_apply_order.py[line:701]: xxl_job web 登录成功！
INFO - 2021-11-25 16:27:04,109 - new_apply_order.py[line:717]: xxl_job 放款准备作业执行成功！
INFO - 2021-11-25 16:27:05,462 - new_apply_order.py[line:632]: 查询loan_order_id成功！
INFO - 2021-11-25 16:27:05,478 - new_apply_order.py[line:725]: 修改放款准备完成时间成功！
INFO - 2021-11-25 16:27:05,488 - new_apply_order.py[line:733]: xxl_job 放款完成作业执行成功！
INFO - 2021-11-25 16:27:05,989 - new_apply_order.py[line:905]: 校验重试查询第4次
ERROR - 2021-11-25 16:27:07,006 - new_apply_order.py[line:801]: 放款完成或准备失败,目前的订单状态是32
INFO - 2021-11-25 16:27:07,007 - new_apply_order.py[line:802]: {'app': 'nucredito', 'loan_order_id': '1463786228434997248', 'mobile': '1637828806', 'order_status': 32}
INFO - 2021-11-25 16:27:07,020 - new_apply_order.py[line:701]: xxl_job web 登录成功！
INFO - 2021-11-25 16:27:07,032 - new_apply_order.py[line:717]: xxl_job 放款准备作业执行成功！
INFO - 2021-11-25 16:27:08,388 - new_apply_order.py[line:632]: 查询loan_order_id成功！
INFO - 2021-11-25 16:27:08,401 - new_apply_order.py[line:725]: 修改放款准备完成时间成功！
INFO - 2021-11-25 16:27:08,411 - new_apply_order.py[line:733]: xxl_job 放款完成作业执行成功！
INFO - 2021-11-25 16:27:08,916 - new_apply_order.py[line:905]: 校验重试查询第5次
ERROR - 2021-11-25 16:27:09,927 - new_apply_order.py[line:801]: 放款完成或准备失败,目前的订单状态是32
INFO - 2021-11-25 16:27:09,928 - new_apply_order.py[line:802]: {'app': 'nucredito', 'loan_order_id': '1463786228434997248', 'mobile': '1637828806', 'order_status': 32}
INFO - 2021-11-25 16:27:09,941 - new_apply_order.py[line:701]: xxl_job web 登录成功！
INFO - 2021-11-25 16:27:09,953 - new_apply_order.py[line:717]: xxl_job 放款准备作业执行成功！
INFO - 2021-11-25 16:27:11,336 - new_apply_order.py[line:632]: 查询loan_order_id成功！
INFO - 2021-11-25 16:27:11,351 - new_apply_order.py[line:725]: 修改放款准备完成时间成功！
INFO - 2021-11-25 16:27:11,360 - new_apply_order.py[line:733]: xxl_job 放款完成作业执行成功！
INFO - 2021-11-25 16:27:11,864 - new_apply_order.py[line:905]: 校验重试查询第6次
ERROR - 2021-11-25 16:27:12,879 - new_apply_order.py[line:801]: 放款完成或准备失败,目前的订单状态是32
INFO - 2021-11-25 16:27:12,880 - new_apply_order.py[line:802]: {'app': 'nucredito', 'loan_order_id': '1463786228434997248', 'mobile': '1637828806', 'order_status': 32}
INFO - 2021-11-25 16:27:12,893 - new_apply_order.py[line:701]: xxl_job web 登录成功！
INFO - 2021-11-25 16:27:12,906 - new_apply_order.py[line:717]: xxl_job 放款准备作业执行成功！
INFO - 2021-11-25 16:27:14,263 - new_apply_order.py[line:632]: 查询loan_order_id成功！
INFO - 2021-11-25 16:27:14,282 - new_apply_order.py[line:725]: 修改放款准备完成时间成功！
INFO - 2021-11-25 16:27:14,292 - new_apply_order.py[line:733]: xxl_job 放款完成作业执行成功！
INFO - 2021-11-25 16:27:14,793 - new_apply_order.py[line:905]: 校验重试查询第7次
ERROR - 2021-11-25 16:27:15,803 - new_apply_order.py[line:801]: 放款完成或准备失败,目前的订单状态是32
INFO - 2021-11-25 16:27:15,803 - new_apply_order.py[line:802]: {'app': 'nucredito', 'loan_order_id': '1463786228434997248', 'mobile': '1637828806', 'order_status': 32}
INFO - 2021-11-25 16:27:15,814 - new_apply_order.py[line:701]: xxl_job web 登录成功！
INFO - 2021-11-25 16:27:15,823 - new_apply_order.py[line:717]: xxl_job 放款准备作业执行成功！
INFO - 2021-11-25 16:27:17,204 - new_apply_order.py[line:632]: 查询loan_order_id成功！
INFO - 2021-11-25 16:27:17,226 - new_apply_order.py[line:725]: 修改放款准备完成时间成功！
INFO - 2021-11-25 16:27:17,234 - new_apply_order.py[line:733]: xxl_job 放款完成作业执行成功！
INFO - 2021-11-25 16:27:17,735 - new_apply_order.py[line:905]: 校验重试查询第8次
ERROR - 2021-11-25 16:27:18,750 - new_apply_order.py[line:801]: 放款完成或准备失败,目前的订单状态是32
INFO - 2021-11-25 16:27:18,750 - new_apply_order.py[line:802]: {'app': 'nucredito', 'loan_order_id': '1463786228434997248', 'mobile': '1637828806', 'order_status': 32}
INFO - 2021-11-25 16:27:18,763 - new_apply_order.py[line:701]: xxl_job web 登录成功！
INFO - 2021-11-25 16:27:18,773 - new_apply_order.py[line:717]: xxl_job 放款准备作业执行成功！
INFO - 2021-11-25 16:27:20,136 - new_apply_order.py[line:632]: 查询loan_order_id成功！
INFO - 2021-11-25 16:27:20,152 - new_apply_order.py[line:725]: 修改放款准备完成时间成功！
INFO - 2021-11-25 16:27:20,162 - new_apply_order.py[line:733]: xxl_job 放款完成作业执行成功！
INFO - 2021-11-25 16:27:20,666 - new_apply_order.py[line:905]: 校验重试查询第9次
ERROR - 2021-11-25 16:27:21,684 - new_apply_order.py[line:801]: 放款完成或准备失败,目前的订单状态是32
INFO - 2021-11-25 16:27:21,685 - new_apply_order.py[line:802]: {'app': 'nucredito', 'loan_order_id': '1463786228434997248', 'mobile': '1637828806', 'order_status': 32}
INFO - 2021-11-25 16:27:21,702 - new_apply_order.py[line:701]: xxl_job web 登录成功！
INFO - 2021-11-25 16:27:21,713 - new_apply_order.py[line:717]: xxl_job 放款准备作业执行成功！
INFO - 2021-11-25 16:27:23,073 - new_apply_order.py[line:632]: 查询loan_order_id成功！
INFO - 2021-11-25 16:27:23,088 - new_apply_order.py[line:725]: 修改放款准备完成时间成功！
INFO - 2021-11-25 16:27:23,098 - new_apply_order.py[line:733]: xxl_job 放款完成作业执行成功！
INFO - 2021-11-25 16:27:23,600 - new_apply_order.py[line:905]: 校验重试查询第10次
ERROR - 2021-11-25 16:27:24,615 - new_apply_order.py[line:801]: 放款完成或准备失败,目前的订单状态是32
INFO - 2021-11-25 16:27:24,615 - new_apply_order.py[line:802]: {'app': 'nucredito', 'loan_order_id': '1463786228434997248', 'mobile': '1637828806', 'order_status': 32}
INFO - 2021-11-25 16:27:24,630 - new_apply_order.py[line:701]: xxl_job web 登录成功！
INFO - 2021-11-25 16:27:24,640 - new_apply_order.py[line:717]: xxl_job 放款准备作业执行成功！
INFO - 2021-11-25 16:27:25,998 - new_apply_order.py[line:632]: 查询loan_order_id成功！
INFO - 2021-11-25 16:27:26,011 - new_apply_order.py[line:725]: 修改放款准备完成时间成功！
INFO - 2021-11-25 16:27:26,019 - new_apply_order.py[line:733]: xxl_job 放款完成作业执行成功！
INFO - 2021-11-25 16:27:26,524 - new_apply_order.py[line:922]: ===========完成第【1】次进件===========
INFO - 2021-11-25 16:27:26,525 - new_apply_order.py[line:925]: ======完成第【1】次进件,耗时40.15s=====
