INFO - 2021-08-31 19:33:01,760 - new_apply_order.py[line:517]: 开始第 quickcash【1】次进件……
INFO - 2021-08-31 19:33:01,761 - new_apply_order.py[line:79]: ======【nga测试环境】生成手机号：01630409581 ======
INFO - 2021-08-31 19:33:02,146 - new_apply_order.py[line:86]: 01630409581 检测用户存在成功！
INFO - 2021-08-31 19:33:02,195 - new_apply_order.py[line:93]: 01630409581 短信发送成功！
INFO - 2021-08-31 19:33:02,229 - new_apply_order.py[line:103]: 01630409581 注册成功！
INFO - 2021-08-31 19:33:02,266 - new_apply_order.py[line:113]: 01630409581 登录短信发送成功！
INFO - 2021-08-31 19:33:02,305 - new_apply_order.py[line:121]: userId=6204057186361679872,mobile=01630409581,token=0c8458dc3a58f7ba901c1aeaef7e935e 登录成功
INFO - 2021-08-31 19:33:02,373 - new_apply_order.py[line:172]: 个人信息提交成功！
INFO - 2021-08-31 19:33:02,421 - new_apply_order.py[line:181]: 联系人信息提交成功！
INFO - 2021-08-31 19:33:02,922 - new_apply_order.py[line:198]: 创建预审订单成功！
INFO - 2021-08-31 19:33:02,942 - new_apply_order.py[line:206]: 预审状态修改为通过,更新条数 1
INFO - 2021-08-31 19:33:02,957 - new_apply_order.py[line:209]: 更新初始额度！更新条数 1
INFO - 2021-08-31 19:33:03,212 - new_apply_order.py[line:221]: 活体图片上传成功！回写配置文件global_param.mp4_url
INFO - 2021-08-31 19:33:03,251 - new_apply_order.py[line:230]: 视频认证通过！
INFO - 2021-08-31 19:33:04,250 - new_apply_order.py[line:276]: bvn和银行卡绑卡认证通过！
INFO - 2021-08-31 19:33:04,555 - new_apply_order.py[line:297]: user更新1条
INFO - 2021-08-31 19:33:04,740 - new_apply_order.py[line:317]: 进件成功！执行sql将订单改为风控中……
INFO - 2021-08-31 19:33:05,773 - new_apply_order.py[line:323]: 订单表更新1条，信审更新1条
INFO - 2021-08-31 19:33:06,120 - new_apply_order.py[line:332]: 查询loan_order_id成功！
INFO - 2021-08-31 19:33:06,157 - new_apply_order.py[line:342]: 订单回调复审通过成功！
INFO - 2021-08-31 19:33:06,960 - new_apply_order.py[line:358]: 获取token成功！token=bearer bf51653c-283e-47c5-b902-66a96a35688d！
INFO - 2021-08-31 19:33:07,304 - new_apply_order.py[line:332]: 查询loan_order_id成功！
INFO - 2021-08-31 19:33:07,644 - new_apply_order.py[line:370]: 后台已触发放款成功！
INFO - 2021-08-31 19:33:07,654 - new_apply_order.py[line:378]: xxl_job web 登录成功！
INFO - 2021-08-31 19:33:07,663 - new_apply_order.py[line:385]: xxl_job 放款准备作业执行成功！
INFO - 2021-08-31 19:33:09,006 - new_apply_order.py[line:332]: 查询loan_order_id成功！
INFO - 2021-08-31 19:33:09,019 - new_apply_order.py[line:390]: 修改放款准备完成时间成功！
INFO - 2021-08-31 19:33:09,024 - new_apply_order.py[line:393]: xxl_job 放款完成作业执行成功！
INFO - 2021-08-31 19:33:09,329 - new_apply_order.py[line:540]: 校验重试查询第1次
ERROR - 2021-08-31 19:33:10,345 - new_apply_order.py[line:436]: 放款完成或准备失败,目前的订单状态是35
INFO - 2021-08-31 19:33:10,346 - new_apply_order.py[line:437]: {'app': 'quickcash', 'loan_order_id': '1432667743985733632', 'mobile': '01630409581', 'order_status': 35}
INFO - 2021-08-31 19:33:10,849 - new_apply_order.py[line:540]: 校验重试查询第2次
INFO - 2021-08-31 19:33:11,866 - new_apply_order.py[line:434]: 放款完成或准备成功,目前的订单状态是40
INFO - 2021-08-31 19:33:11,866 - new_apply_order.py[line:437]: {'app': 'quickcash', 'loan_order_id': '1432667743985733632', 'mobile': '01630409581', 'order_status': 40}
INFO - 2021-08-31 19:33:11,868 - new_apply_order.py[line:557]: ===========完成第【1】次进件===========
INFO - 2021-08-31 19:33:11,868 - new_apply_order.py[line:517]: 开始第 quickcash【2】次进件……
INFO - 2021-08-31 19:33:11,869 - new_apply_order.py[line:79]: ======【nga测试环境】生成手机号：01630409591 ======
INFO - 2021-08-31 19:33:12,216 - new_apply_order.py[line:86]: 01630409591 检测用户存在成功！
INFO - 2021-08-31 19:33:12,251 - new_apply_order.py[line:93]: 01630409591 短信发送成功！
INFO - 2021-08-31 19:33:12,290 - new_apply_order.py[line:103]: 01630409591 注册成功！
INFO - 2021-08-31 19:33:12,333 - new_apply_order.py[line:113]: 01630409591 登录短信发送成功！
INFO - 2021-08-31 19:33:12,387 - new_apply_order.py[line:121]: userId=6204057228547989504,mobile=01630409591,token=4be3c5e45ebe702045c82466aef1130f 登录成功
INFO - 2021-08-31 19:33:12,461 - new_apply_order.py[line:172]: 个人信息提交成功！
INFO - 2021-08-31 19:33:12,508 - new_apply_order.py[line:181]: 联系人信息提交成功！
INFO - 2021-08-31 19:33:12,919 - new_apply_order.py[line:198]: 创建预审订单成功！
INFO - 2021-08-31 19:33:12,937 - new_apply_order.py[line:206]: 预审状态修改为通过,更新条数 1
INFO - 2021-08-31 19:33:12,953 - new_apply_order.py[line:209]: 更新初始额度！更新条数 1
INFO - 2021-08-31 19:33:13,203 - new_apply_order.py[line:221]: 活体图片上传成功！回写配置文件global_param.mp4_url
INFO - 2021-08-31 19:33:13,240 - new_apply_order.py[line:230]: 视频认证通过！
INFO - 2021-08-31 19:33:14,240 - new_apply_order.py[line:276]: bvn和银行卡绑卡认证通过！
INFO - 2021-08-31 19:33:14,537 - new_apply_order.py[line:297]: user更新1条
INFO - 2021-08-31 19:33:14,726 - new_apply_order.py[line:317]: 进件成功！执行sql将订单改为风控中……
INFO - 2021-08-31 19:33:15,757 - new_apply_order.py[line:323]: 订单表更新1条，信审更新1条
INFO - 2021-08-31 19:33:16,094 - new_apply_order.py[line:332]: 查询loan_order_id成功！
INFO - 2021-08-31 19:33:16,133 - new_apply_order.py[line:342]: 订单回调复审通过成功！
INFO - 2021-08-31 19:33:16,859 - new_apply_order.py[line:358]: 获取token成功！token=bearer bf51653c-283e-47c5-b902-66a96a35688d！
INFO - 2021-08-31 19:33:17,194 - new_apply_order.py[line:332]: 查询loan_order_id成功！
INFO - 2021-08-31 19:33:17,490 - new_apply_order.py[line:370]: 后台已触发放款成功！
INFO - 2021-08-31 19:33:17,499 - new_apply_order.py[line:378]: xxl_job web 登录成功！
INFO - 2021-08-31 19:33:17,508 - new_apply_order.py[line:385]: xxl_job 放款准备作业执行成功！
INFO - 2021-08-31 19:33:18,854 - new_apply_order.py[line:332]: 查询loan_order_id成功！
INFO - 2021-08-31 19:33:18,873 - new_apply_order.py[line:390]: 修改放款准备完成时间成功！
INFO - 2021-08-31 19:33:18,881 - new_apply_order.py[line:393]: xxl_job 放款完成作业执行成功！
INFO - 2021-08-31 19:33:19,184 - new_apply_order.py[line:540]: 校验重试查询第1次
ERROR - 2021-08-31 19:33:20,202 - new_apply_order.py[line:436]: 放款完成或准备失败,目前的订单状态是35
INFO - 2021-08-31 19:33:20,202 - new_apply_order.py[line:437]: {'app': 'quickcash', 'loan_order_id': '1432667786155266048', 'mobile': '01630409591', 'order_status': 35}
INFO - 2021-08-31 19:33:20,705 - new_apply_order.py[line:540]: 校验重试查询第2次
INFO - 2021-08-31 19:33:21,720 - new_apply_order.py[line:434]: 放款完成或准备成功,目前的订单状态是40
INFO - 2021-08-31 19:33:21,720 - new_apply_order.py[line:437]: {'app': 'quickcash', 'loan_order_id': '1432667786155266048', 'mobile': '01630409591', 'order_status': 40}
INFO - 2021-08-31 19:33:21,721 - new_apply_order.py[line:557]: ===========完成第【2】次进件===========
INFO - 2021-08-31 19:33:21,721 - new_apply_order.py[line:560]: ======完成第【2】次进件,耗时19.96s=====
