INFO - 2021-08-31 11:04:36,476 - new_apply_order.py[line:511]: 开始第 borrowme【1】次进件……
INFO - 2021-08-31 11:04:36,476 - new_apply_order.py[line:79]: ======【nga测试环境】生成手机号：01630379076 ======
INFO - 2021-08-31 11:04:36,842 - new_apply_order.py[line:86]: 01630379076 检测用户存在成功！
INFO - 2021-08-31 11:04:36,888 - new_apply_order.py[line:93]: 01630379076 短信发送成功！
INFO - 2021-08-31 11:04:36,922 - new_apply_order.py[line:103]: 01630379076 注册成功！
ERROR - 2021-08-31 11:04:36,950 - new_apply_order.py[line:122]: 登录失败!
INFO - 2021-08-31 11:04:37,013 - new_apply_order.py[line:166]: 个人信息提交成功！
INFO - 2021-08-31 11:04:37,060 - new_apply_order.py[line:175]: 联系人信息提交成功！
ERROR - 2021-08-31 11:04:37,214 - new_apply_order.py[line:194]: 创建预审失败{"code":"9999","msg":"The Server is busy, Please try again later","data":null}
INFO - 2021-08-31 11:04:37,226 - new_apply_order.py[line:200]: 预审状态修改为通过,更新条数 0
INFO - 2021-08-31 11:04:37,233 - new_apply_order.py[line:203]: 更新初始额度！更新条数 0
INFO - 2021-08-31 11:04:37,513 - new_apply_order.py[line:215]: 活体图片上传成功！回写配置文件global_param.mp4_url
INFO - 2021-08-31 11:04:37,557 - new_apply_order.py[line:224]: 视频认证通过！
INFO - 2021-08-31 11:04:38,474 - new_apply_order.py[line:270]: bvn和银行卡绑卡认证通过！
INFO - 2021-08-31 11:04:38,765 - new_apply_order.py[line:291]: user更新1条
ERROR - 2021-08-31 11:04:38,905 - new_apply_order.py[line:319]: {"code":"50001004","msg":"Not eligible for borrowing","data":null}
INFO - 2021-08-31 11:04:39,344 - new_apply_order.py[line:326]: 查询loan_order_id成功！
INFO - 2021-08-31 11:04:39,368 - new_apply_order.py[line:336]: 订单回调复审通过成功！
INFO - 2021-08-31 11:04:40,143 - new_apply_order.py[line:352]: 获取token成功！token=bearer bf51653c-283e-47c5-b902-66a96a35688d！
INFO - 2021-08-31 11:04:40,569 - new_apply_order.py[line:326]: 查询loan_order_id成功！
