INFO - 2021-10-19 13:43:14,103 - new_apply_order.py[line:954]: 开始第 quickmoney【1】次进件……
INFO - 2021-10-19 13:43:14,104 - new_apply_order.py[line:84]: ======【pk测试环境】生成手机号：1634622194 ======
INFO - 2021-10-19 13:43:14,481 - new_apply_order.py[line:97]: 1634622194 检测用户存在成功！
INFO - 2021-10-19 13:43:14,527 - new_apply_order.py[line:106]: 1634622194 短信发送成功！
INFO - 2021-10-19 13:43:14,574 - new_apply_order.py[line:119]: 1634622194 注册成功！
INFO - 2021-10-19 13:43:14,635 - new_apply_order.py[line:135]: 1634622194 登录短信发送成功！
INFO - 2021-10-19 13:43:14,686 - new_apply_order.py[line:145]: userId=6221726163185311744,mobile=1634622194,token=96d027ac415f399cbd1ca729ba08899e 登录成功
INFO - 2021-10-19 13:43:14,770 - new_apply_order.py[line:212]: 个人信息提交成功！
INFO - 2021-10-19 13:43:14,835 - new_apply_order.py[line:241]: 联系人信息提交成功！
INFO - 2021-10-19 13:43:15,306 - new_apply_order.py[line:255]: 创建预审订单成功！
INFO - 2021-10-19 13:43:15,324 - new_apply_order.py[line:263]: 预审状态修改为通过,更新条数 1
INFO - 2021-10-19 13:43:15,344 - new_apply_order.py[line:266]: 更新初始额度！更新条数 1
INFO - 2021-10-19 13:43:21,743 - new_apply_order.py[line:280]: curp上传成功!
INFO - 2021-10-19 13:43:21,783 - new_apply_order.py[line:289]: curp_rfc校验通过！
INFO - 2021-10-19 13:43:23,016 - new_apply_order.py[line:347]: 活体图片上传成功！回写配置文件global_param.mp4_url
INFO - 2021-10-19 13:43:23,062 - new_apply_order.py[line:357]: 视频认证通过！
INFO - 2021-10-19 13:43:23,373 - new_apply_order.py[line:668]: 绑卡成功！
INFO - 2021-10-19 13:43:23,604 - new_apply_order.py[line:684]: 进件成功！执行sql将订单改为风控中……
INFO - 2021-10-19 13:43:24,638 - new_apply_order.py[line:690]: 订单表更新1条，信审更新1条
INFO - 2021-10-19 13:43:24,988 - new_apply_order.py[line:704]: 查询loan_order_id成功！
INFO - 2021-10-19 13:43:25,039 - new_apply_order.py[line:719]: 订单回调复审通过成功！
INFO - 2021-10-19 13:43:25,838 - new_apply_order.py[line:741]: 获取token成功！token=bearer 0d6fffd1-b226-4a98-950a-bb1489d06b2c！
INFO - 2021-10-19 13:43:26,188 - new_apply_order.py[line:704]: 查询loan_order_id成功！
ERROR - 2021-10-19 13:43:26,633 - new_apply_order.py[line:761]: 后台已触发放款失败{"code":"9999","msg":"System unknown error","notSuccess":true,"success":false}!
INFO - 2021-10-19 13:43:26,645 - new_apply_order.py[line:773]: xxl_job web 登录成功！
INFO - 2021-10-19 13:43:26,656 - new_apply_order.py[line:789]: xxl_job 放款准备作业执行成功！
INFO - 2021-10-19 13:43:28,007 - new_apply_order.py[line:704]: 查询loan_order_id成功！
INFO - 2021-10-19 13:43:28,016 - new_apply_order.py[line:797]: 修改放款准备完成时间成功！
INFO - 2021-10-19 13:43:28,023 - new_apply_order.py[line:805]: xxl_job 放款完成作业执行成功！
INFO - 2021-10-19 13:43:28,329 - new_apply_order.py[line:977]: 校验重试查询第1次
ERROR - 2021-10-19 13:43:29,342 - new_apply_order.py[line:873]: 放款完成或准备失败,目前的订单状态是30
INFO - 2021-10-19 13:43:29,343 - new_apply_order.py[line:874]: {'app': 'quickmoney', 'loan_order_id': '1450336721011740672', 'mobile': '1634622194', 'order_status': 30}
INFO - 2021-10-19 13:43:29,343 - new_apply_order.py[line:977]: 校验重试查询第2次
ERROR - 2021-10-19 13:43:30,356 - new_apply_order.py[line:873]: 放款完成或准备失败,目前的订单状态是30
INFO - 2021-10-19 13:43:30,356 - new_apply_order.py[line:874]: {'app': 'quickmoney', 'loan_order_id': '1450336721011740672', 'mobile': '1634622194', 'order_status': 30}
INFO - 2021-10-19 13:43:30,356 - new_apply_order.py[line:977]: 校验重试查询第3次
ERROR - 2021-10-19 13:43:31,373 - new_apply_order.py[line:873]: 放款完成或准备失败,目前的订单状态是30
INFO - 2021-10-19 13:43:31,373 - new_apply_order.py[line:874]: {'app': 'quickmoney', 'loan_order_id': '1450336721011740672', 'mobile': '1634622194', 'order_status': 30}
INFO - 2021-10-19 13:43:31,373 - new_apply_order.py[line:977]: 校验重试查询第4次
ERROR - 2021-10-19 13:43:32,391 - new_apply_order.py[line:873]: 放款完成或准备失败,目前的订单状态是30
INFO - 2021-10-19 13:43:32,391 - new_apply_order.py[line:874]: {'app': 'quickmoney', 'loan_order_id': '1450336721011740672', 'mobile': '1634622194', 'order_status': 30}
INFO - 2021-10-19 13:43:32,392 - new_apply_order.py[line:977]: 校验重试查询第5次
ERROR - 2021-10-19 13:43:33,407 - new_apply_order.py[line:873]: 放款完成或准备失败,目前的订单状态是30
INFO - 2021-10-19 13:43:33,407 - new_apply_order.py[line:874]: {'app': 'quickmoney', 'loan_order_id': '1450336721011740672', 'mobile': '1634622194', 'order_status': 30}
INFO - 2021-10-19 13:43:33,408 - new_apply_order.py[line:977]: 校验重试查询第6次
ERROR - 2021-10-19 13:43:34,423 - new_apply_order.py[line:873]: 放款完成或准备失败,目前的订单状态是30
INFO - 2021-10-19 13:43:34,423 - new_apply_order.py[line:874]: {'app': 'quickmoney', 'loan_order_id': '1450336721011740672', 'mobile': '1634622194', 'order_status': 30}
INFO - 2021-10-19 13:43:34,424 - new_apply_order.py[line:977]: 校验重试查询第7次
ERROR - 2021-10-19 13:43:35,435 - new_apply_order.py[line:873]: 放款完成或准备失败,目前的订单状态是30
INFO - 2021-10-19 13:43:35,436 - new_apply_order.py[line:874]: {'app': 'quickmoney', 'loan_order_id': '1450336721011740672', 'mobile': '1634622194', 'order_status': 30}
INFO - 2021-10-19 13:43:35,436 - new_apply_order.py[line:977]: 校验重试查询第8次
ERROR - 2021-10-19 13:43:36,448 - new_apply_order.py[line:873]: 放款完成或准备失败,目前的订单状态是30
INFO - 2021-10-19 13:43:36,448 - new_apply_order.py[line:874]: {'app': 'quickmoney', 'loan_order_id': '1450336721011740672', 'mobile': '1634622194', 'order_status': 30}
INFO - 2021-10-19 13:43:36,449 - new_apply_order.py[line:977]: 校验重试查询第9次
ERROR - 2021-10-19 13:43:37,464 - new_apply_order.py[line:873]: 放款完成或准备失败,目前的订单状态是30
INFO - 2021-10-19 13:43:37,464 - new_apply_order.py[line:874]: {'app': 'quickmoney', 'loan_order_id': '1450336721011740672', 'mobile': '1634622194', 'order_status': 30}
INFO - 2021-10-19 13:43:37,464 - new_apply_order.py[line:977]: 校验重试查询第10次
ERROR - 2021-10-19 13:43:38,474 - new_apply_order.py[line:873]: 放款完成或准备失败,目前的订单状态是30
INFO - 2021-10-19 13:43:38,474 - new_apply_order.py[line:874]: {'app': 'quickmoney', 'loan_order_id': '1450336721011740672', 'mobile': '1634622194', 'order_status': 30}
INFO - 2021-10-19 13:43:38,474 - new_apply_order.py[line:994]: ===========完成第【1】次进件===========
INFO - 2021-10-19 13:43:38,475 - new_apply_order.py[line:997]: ======完成第【1】次进件,耗时24.37s=====
