INFO - 2021-08-31 08:51:20,710 - new_apply_order.py[line:450]: 开始第 borrowme【1】次进件……
INFO - 2021-08-31 08:51:20,711 - new_apply_order.py[line:79]: ======【nga测试环境】生成手机号：01630371080 ======
INFO - 2021-08-31 08:51:21,129 - new_apply_order.py[line:86]: 01630371080 检测用户存在成功！
INFO - 2021-08-31 08:51:21,213 - new_apply_order.py[line:93]: 01630371080 短信发送成功！
INFO - 2021-08-31 08:51:21,269 - new_apply_order.py[line:103]: 01630371080 注册成功！
INFO - 2021-08-31 08:51:21,339 - new_apply_order.py[line:115]: userId=6203895701744394240,mobile=01630371080,token=7acc196c19e1924bd05b61505f22671d 登录成功
INFO - 2021-08-31 08:51:21,432 - new_apply_order.py[line:166]: 个人信息提交成功！
INFO - 2021-08-31 08:51:21,492 - new_apply_order.py[line:175]: 联系人信息提交成功！
INFO - 2021-08-31 08:51:22,139 - new_apply_order.py[line:192]: 创建预审订单成功！
INFO - 2021-08-31 08:51:22,156 - new_apply_order.py[line:200]: 预审状态修改为通过,更新条数 1
INFO - 2021-08-31 08:51:22,171 - new_apply_order.py[line:203]: 更新初始额度！更新条数 1
INFO - 2021-08-31 08:51:22,496 - new_apply_order.py[line:215]: 活体图片上传成功！回写配置文件global_param.mp4_url
INFO - 2021-08-31 08:51:22,540 - new_apply_order.py[line:224]: 视频认证通过！
INFO - 2021-08-31 08:51:23,619 - new_apply_order.py[line:270]: bvn和银行卡绑卡认证通过！
INFO - 2021-08-31 08:51:23,913 - new_apply_order.py[line:291]: user更新1条
INFO - 2021-08-31 08:51:24,186 - new_apply_order.py[line:311]: 进件成功！执行sql将订单改为风控中……
INFO - 2021-08-31 08:51:25,212 - new_apply_order.py[line:317]: 订单表更新1条，信审更新1条
INFO - 2021-08-31 08:51:25,568 - new_apply_order.py[line:326]: 查询loan_order_id成功！
INFO - 2021-08-31 08:51:25,624 - new_apply_order.py[line:336]: 订单回调复审通过成功！
ERROR - 2021-08-31 08:51:26,431 - new_apply_order.py[line:496]: 'NoneType' object is not subscriptable
ERROR - 2021-08-31 08:51:26,432 - new_apply_order.py[line:497]: None
