INFO - 2021-12-15 15:43:52,505 - new_apply_order.py[line:893]: 开始第 G_Prestamo【1】次进件……
INFO - 2021-12-15 15:43:52,559 - new_apply_order.py[line:60]: 删除redis key: "mx:cfs:user:userid:4984121311107227648"
INFO - 2021-12-15 15:43:52,678 - new_apply_order.py[line:75]: 更新脏数据0条
INFO - 2021-12-15 15:43:52,679 - new_apply_order.py[line:84]: ======【mx测试环境】生成手机号：1639554232 ======
INFO - 2021-12-15 15:43:53,051 - new_apply_order.py[line:97]: 1639554232 检测用户存在成功！
INFO - 2021-12-15 15:43:53,133 - new_apply_order.py[line:106]: 1639554232 短信发送成功！
INFO - 2021-12-15 15:43:53,201 - new_apply_order.py[line:119]: 1639554232 注册成功！
INFO - 2021-12-15 15:43:53,293 - new_apply_order.py[line:135]: 1639554232 登录短信发送成功！
INFO - 2021-12-15 15:43:53,371 - new_apply_order.py[line:145]: userId=4984121432461025280,mobile=1639554232,token=7607b03b67d8761b59e93d94feeb2667 登录成功
INFO - 2021-12-15 15:43:53,522 - new_apply_order.py[line:212]: 个人信息提交成功！
INFO - 2021-12-15 15:43:54,076 - new_apply_order.py[line:255]: 创建预审订单成功！
INFO - 2021-12-15 15:43:54,095 - new_apply_order.py[line:263]: 预审状态修改为通过,更新条数 1
INFO - 2021-12-15 15:43:54,112 - new_apply_order.py[line:266]: 更新初始额度！更新条数 1
INFO - 2021-12-15 15:43:56,644 - new_apply_order.py[line:361]: curp上传成功!
INFO - 2021-12-15 15:43:56,850 - new_apply_order.py[line:370]: curp_rfc校验通过！
INFO - 2021-12-15 15:43:57,807 - new_apply_order.py[line:381]: 人脸识别成功!
ERROR - 2021-12-15 15:43:58,393 - new_apply_order.py[line:571]: 绑卡失败！{"code":"60006007","msg":"Please enter correct bank account.","data":null}
INFO - 2021-12-15 15:43:58,733 - new_apply_order.py[line:623]: 进件成功！执行sql将订单改为风控中……
INFO - 2021-12-15 15:43:59,767 - new_apply_order.py[line:629]: 订单表更新1条，信审更新1条
INFO - 2021-12-15 15:44:00,154 - new_apply_order.py[line:643]: 查询loan_order_id成功！
INFO - 2021-12-15 15:44:00,214 - new_apply_order.py[line:658]: 订单回调复审通过成功！
