INFO - 2021-09-03 22:39:10,324 - new_apply_order.py[line:517]: 开始第 quickcash【1】次进件……
INFO - 2021-09-03 22:39:10,325 - new_apply_order.py[line:79]: ======【nga测试环境】生成手机号：01630679950 ======
INFO - 2021-09-03 22:39:10,866 - new_apply_order.py[line:86]: 01630679950 检测用户存在成功！
INFO - 2021-09-03 22:39:11,208 - new_apply_order.py[line:93]: 01630679950 短信发送成功！
INFO - 2021-09-03 22:39:11,399 - new_apply_order.py[line:103]: 01630679950 注册成功！
INFO - 2021-09-03 22:39:11,674 - new_apply_order.py[line:113]: 01630679950 登录短信发送成功！
INFO - 2021-09-03 22:39:11,893 - new_apply_order.py[line:121]: userId=6205191198241726464,mobile=01630679950,token=583f2cb8728f72284d5f46cb3b8efb73 登录成功
INFO - 2021-09-03 22:39:12,151 - new_apply_order.py[line:172]: 个人信息提交成功！
INFO - 2021-09-03 22:39:12,363 - new_apply_order.py[line:181]: 联系人信息提交成功！
INFO - 2021-09-03 22:39:13,176 - new_apply_order.py[line:198]: 创建预审订单成功！
INFO - 2021-09-03 22:39:13,731 - new_apply_order.py[line:206]: 预审状态修改为通过,更新条数 1
INFO - 2021-09-03 22:39:14,291 - new_apply_order.py[line:209]: 更新初始额度！更新条数 1
INFO - 2021-09-03 22:39:15,533 - new_apply_order.py[line:221]: 活体图片上传成功！回写配置文件global_param.mp4_url
INFO - 2021-09-03 22:39:15,771 - new_apply_order.py[line:230]: 视频认证通过！
INFO - 2021-09-03 22:39:16,938 - new_apply_order.py[line:276]: bvn和银行卡绑卡认证通过！
INFO - 2021-09-03 22:39:19,543 - new_apply_order.py[line:297]: user更新1条
INFO - 2021-09-03 22:39:20,041 - new_apply_order.py[line:317]: 进件成功！执行sql将订单改为风控中……
INFO - 2021-09-03 22:39:22,072 - new_apply_order.py[line:323]: 订单表更新1条，信审更新1条
INFO - 2021-09-03 22:39:22,582 - new_apply_order.py[line:332]: 查询loan_order_id成功！
INFO - 2021-09-03 22:39:22,874 - new_apply_order.py[line:342]: 订单回调复审通过成功！
INFO - 2021-09-03 22:39:23,946 - new_apply_order.py[line:358]: 获取token成功！token=bearer 9804716a-db19-4d63-aa1c-2f5d1519dff7！
INFO - 2021-09-03 22:39:24,414 - new_apply_order.py[line:332]: 查询loan_order_id成功！
INFO - 2021-09-03 22:39:25,466 - new_apply_order.py[line:370]: 后台已触发放款成功！
INFO - 2021-09-03 22:39:25,696 - new_apply_order.py[line:378]: xxl_job web 登录成功！
INFO - 2021-09-03 22:39:25,803 - new_apply_order.py[line:385]: xxl_job 放款准备作业执行成功！
INFO - 2021-09-03 22:39:27,317 - new_apply_order.py[line:332]: 查询loan_order_id成功！
INFO - 2021-09-03 22:39:27,922 - new_apply_order.py[line:390]: 修改放款准备完成时间成功！
INFO - 2021-09-03 22:39:27,999 - new_apply_order.py[line:393]: xxl_job 放款完成作业执行成功！
INFO - 2021-09-03 22:39:28,304 - new_apply_order.py[line:540]: 校验重试查询第1次
ERROR - 2021-09-03 22:39:29,707 - new_apply_order.py[line:436]: 放款完成或准备失败,目前的订单状态是35
INFO - 2021-09-03 22:39:29,708 - new_apply_order.py[line:437]: {'app': 'quickcash', 'loan_order_id': '1433801759536189440', 'mobile': '01630679950', 'order_status': 35}
INFO - 2021-09-03 22:39:30,212 - new_apply_order.py[line:540]: 校验重试查询第2次
ERROR - 2021-09-03 22:39:31,686 - new_apply_order.py[line:436]: 放款完成或准备失败,目前的订单状态是35
INFO - 2021-09-03 22:39:31,687 - new_apply_order.py[line:437]: {'app': 'quickcash', 'loan_order_id': '1433801759536189440', 'mobile': '01630679950', 'order_status': 35}
INFO - 2021-09-03 22:39:32,190 - new_apply_order.py[line:540]: 校验重试查询第3次
ERROR - 2021-09-03 22:39:33,600 - new_apply_order.py[line:436]: 放款完成或准备失败,目前的订单状态是35
INFO - 2021-09-03 22:39:33,601 - new_apply_order.py[line:437]: {'app': 'quickcash', 'loan_order_id': '1433801759536189440', 'mobile': '01630679950', 'order_status': 35}
INFO - 2021-09-03 22:39:34,106 - new_apply_order.py[line:540]: 校验重试查询第4次
ERROR - 2021-09-03 22:39:35,540 - new_apply_order.py[line:436]: 放款完成或准备失败,目前的订单状态是35
INFO - 2021-09-03 22:39:35,540 - new_apply_order.py[line:437]: {'app': 'quickcash', 'loan_order_id': '1433801759536189440', 'mobile': '01630679950', 'order_status': 35}
INFO - 2021-09-03 22:39:36,044 - new_apply_order.py[line:540]: 校验重试查询第5次
ERROR - 2021-09-03 22:39:37,450 - new_apply_order.py[line:436]: 放款完成或准备失败,目前的订单状态是35
INFO - 2021-09-03 22:39:37,450 - new_apply_order.py[line:437]: {'app': 'quickcash', 'loan_order_id': '1433801759536189440', 'mobile': '01630679950', 'order_status': 35}
INFO - 2021-09-03 22:39:37,953 - new_apply_order.py[line:540]: 校验重试查询第6次
INFO - 2021-09-03 22:39:39,503 - new_apply_order.py[line:434]: 放款完成或准备成功,目前的订单状态是40
INFO - 2021-09-03 22:39:39,503 - new_apply_order.py[line:437]: {'app': 'quickcash', 'loan_order_id': '1433801759536189440', 'mobile': '01630679950', 'order_status': 40}
INFO - 2021-09-03 22:39:39,507 - new_apply_order.py[line:557]: ===========完成第【1】次进件===========
INFO - 2021-09-03 22:39:39,507 - new_apply_order.py[line:560]: ======完成第【1】次进件,耗时29.18s=====
