INFO - 2021-11-05 10:13:22,936 - new_apply_order.py[line:882]: 开始第 starmoni【1】次进件……
INFO - 2021-11-05 10:13:22,937 - new_apply_order.py[line:84]: ======【nga测试环境】生成手机号：01636078402 ======
INFO - 2021-11-05 10:13:23,319 - new_apply_order.py[line:97]: 01636078402 检测用户存在成功！
INFO - 2021-11-05 10:13:23,383 - new_apply_order.py[line:106]: 01636078402 短信发送成功！
INFO - 2021-11-05 10:13:23,427 - new_apply_order.py[line:119]: 01636078402 注册成功！
INFO - 2021-11-05 10:13:23,484 - new_apply_order.py[line:135]: 01636078402 登录短信发送成功！
INFO - 2021-11-05 10:13:23,534 - new_apply_order.py[line:145]: userId=6227833945730064384,mobile=01636078402,token=4e920dcfbfbed35cbebb1931cdb4b77e 登录成功
INFO - 2021-11-05 10:13:23,625 - new_apply_order.py[line:212]: 个人信息提交成功！
INFO - 2021-11-05 10:13:23,683 - new_apply_order.py[line:223]: 联系人信息提交成功！
INFO - 2021-11-05 10:13:23,908 - new_apply_order.py[line:255]: 创建预审订单成功！
INFO - 2021-11-05 10:13:23,930 - new_apply_order.py[line:263]: 预审状态修改为通过,更新条数 1
INFO - 2021-11-05 10:13:23,953 - new_apply_order.py[line:266]: 更新初始额度！更新条数 1
INFO - 2021-11-05 10:13:24,260 - new_apply_order.py[line:342]: 活体图片上传成功！回写配置文件global_param.mp4_url
INFO - 2021-11-05 10:13:24,301 - new_apply_order.py[line:352]: 视频认证通过！
INFO - 2021-11-05 10:13:25,347 - new_apply_order.py[line:510]: bvn和银行卡绑卡认证通过！
INFO - 2021-11-05 10:13:25,661 - new_apply_order.py[line:561]: user更新1条
INFO - 2021-11-05 10:13:25,899 - new_apply_order.py[line:612]: 进件成功！执行sql将订单改为风控中……
INFO - 2021-11-05 10:13:26,932 - new_apply_order.py[line:618]: 订单表更新1条，信审更新1条
INFO - 2021-11-05 10:13:27,291 - new_apply_order.py[line:632]: 查询loan_order_id成功！
INFO - 2021-11-05 10:13:27,335 - new_apply_order.py[line:647]: 订单回调复审通过成功！
INFO - 2021-11-05 10:13:28,146 - new_apply_order.py[line:669]: 获取token成功！token=bearer d5992460-d0b8-41c1-a203-8106a462060d！
INFO - 2021-11-05 10:13:28,502 - new_apply_order.py[line:632]: 查询loan_order_id成功！
INFO - 2021-11-05 10:13:28,992 - new_apply_order.py[line:687]: 后台已触发放款成功！
INFO - 2021-11-05 10:13:29,007 - new_apply_order.py[line:701]: xxl_job web 登录成功！
INFO - 2021-11-05 10:13:29,019 - new_apply_order.py[line:717]: xxl_job 放款准备作业执行成功！
INFO - 2021-11-05 10:13:30,377 - new_apply_order.py[line:632]: 查询loan_order_id成功！
INFO - 2021-11-05 10:13:30,386 - new_apply_order.py[line:725]: 修改放款准备完成时间成功！
INFO - 2021-11-05 10:13:30,391 - new_apply_order.py[line:733]: xxl_job 放款完成作业执行成功！
INFO - 2021-11-05 10:13:30,696 - new_apply_order.py[line:905]: 校验重试查询第1次
ERROR - 2021-11-05 10:13:31,714 - new_apply_order.py[line:801]: 放款完成或准备失败,目前的订单状态是32
INFO - 2021-11-05 10:13:31,715 - new_apply_order.py[line:802]: {'app': 'starmoni', 'loan_order_id': '1456444503425552384', 'mobile': '01636078402', 'order_status': 32}
INFO - 2021-11-05 10:13:31,731 - new_apply_order.py[line:701]: xxl_job web 登录成功！
INFO - 2021-11-05 10:13:31,741 - new_apply_order.py[line:717]: xxl_job 放款准备作业执行成功！
INFO - 2021-11-05 10:13:33,104 - new_apply_order.py[line:632]: 查询loan_order_id成功！
INFO - 2021-11-05 10:13:33,125 - new_apply_order.py[line:725]: 修改放款准备完成时间成功！
INFO - 2021-11-05 10:13:33,136 - new_apply_order.py[line:733]: xxl_job 放款完成作业执行成功！
INFO - 2021-11-05 10:13:33,638 - new_apply_order.py[line:905]: 校验重试查询第2次
ERROR - 2021-11-05 10:13:34,654 - new_apply_order.py[line:801]: 放款完成或准备失败,目前的订单状态是36
INFO - 2021-11-05 10:13:34,654 - new_apply_order.py[line:802]: {'app': 'starmoni', 'loan_order_id': '1456444503425552384', 'mobile': '01636078402', 'order_status': 36}
INFO - 2021-11-05 10:13:34,656 - new_apply_order.py[line:922]: ===========完成第【1】次进件===========
INFO - 2021-11-05 10:13:34,656 - new_apply_order.py[line:925]: ======完成第【1】次进件,耗时11.72s=====
