INFO - 2021-12-27 20:22:13,428 - new_apply_order.py[line:892]: 开始第 nairaease【1】次进件……
INFO - 2021-12-27 20:22:13,430 - new_apply_order.py[line:83]: ======【nga测试环境】生成手机号：01640607733 ======
INFO - 2021-12-27 20:22:13,821 - new_apply_order.py[line:96]: 01640607733 检测用户存在成功！
INFO - 2021-12-27 20:22:13,863 - new_apply_order.py[line:105]: 01640607733 短信发送成功！
INFO - 2021-12-27 20:22:13,910 - new_apply_order.py[line:118]: 01640607733 注册成功！
INFO - 2021-12-27 20:22:13,962 - new_apply_order.py[line:134]: 01640607733 登录短信发送成功！
INFO - 2021-12-27 20:22:14,009 - new_apply_order.py[line:144]: userId=6246831335004708864,mobile=01640607733,token=318a0e448e96ae82479df5c61c8a72b3 登录成功
INFO - 2021-12-27 20:22:14,100 - new_apply_order.py[line:211]: 个人信息提交成功！
INFO - 2021-12-27 20:22:14,147 - new_apply_order.py[line:222]: 联系人信息提交成功！
INFO - 2021-12-27 20:22:14,404 - new_apply_order.py[line:254]: 创建预审订单成功！
INFO - 2021-12-27 20:22:14,424 - new_apply_order.py[line:262]: 预审状态修改为通过,更新条数 1
INFO - 2021-12-27 20:22:14,443 - new_apply_order.py[line:265]: 更新初始额度！更新条数 1
INFO - 2021-12-27 20:22:14,696 - new_apply_order.py[line:341]: 活体图片上传成功！回写配置文件global_param.mp4_url
INFO - 2021-12-27 20:22:14,731 - new_apply_order.py[line:351]: 视频认证通过！
INFO - 2021-12-27 20:22:30,261 - new_apply_order.py[line:510]: bvn和银行卡绑卡认证通过！
INFO - 2021-12-27 20:22:30,584 - new_apply_order.py[line:561]: user更新1条
INFO - 2021-12-27 20:22:30,831 - new_apply_order.py[line:622]: 进件成功！执行sql将订单改为风控中……
INFO - 2021-12-27 20:22:31,877 - new_apply_order.py[line:628]: 订单表更新1条，信审更新1条
INFO - 2021-12-27 20:22:32,246 - new_apply_order.py[line:642]: 查询loan_order_id成功！
INFO - 2021-12-27 20:22:32,283 - new_apply_order.py[line:657]: 订单回调复审通过成功！
INFO - 2021-12-27 20:22:33,073 - new_apply_order.py[line:679]: 获取token成功！token=bearer 81ccf804-f170-41a0-958c-7937cb0ad723！
INFO - 2021-12-27 20:22:33,434 - new_apply_order.py[line:642]: 查询loan_order_id成功！
INFO - 2021-12-27 20:22:33,780 - new_apply_order.py[line:697]: 后台已触发放款成功！
INFO - 2021-12-27 20:22:33,790 - new_apply_order.py[line:711]: xxl_job web 登录成功！
INFO - 2021-12-27 20:22:33,801 - new_apply_order.py[line:727]: xxl_job 放款准备作业执行成功！
INFO - 2021-12-27 20:22:35,168 - new_apply_order.py[line:642]: 查询loan_order_id成功！
INFO - 2021-12-27 20:22:35,190 - new_apply_order.py[line:735]: 修改放款准备完成时间成功！
INFO - 2021-12-27 20:22:35,199 - new_apply_order.py[line:743]: xxl_job 放款完成作业执行成功！
INFO - 2021-12-27 20:22:35,508 - new_apply_order.py[line:915]: 校验重试查询第1次
ERROR - 2021-12-27 20:22:36,522 - new_apply_order.py[line:811]: 放款完成或准备失败,目前的订单状态是35
INFO - 2021-12-27 20:22:36,522 - new_apply_order.py[line:812]: {'app': 'nairaease', 'loan_order_id': '1475441892753805312', 'mobile': '01640607733', 'order_status': 35}
INFO - 2021-12-27 20:22:37,032 - new_apply_order.py[line:915]: 校验重试查询第2次
INFO - 2021-12-27 20:22:38,050 - new_apply_order.py[line:809]: 放款完成或准备成功,目前的订单状态是40
INFO - 2021-12-27 20:22:38,051 - new_apply_order.py[line:812]: {'app': 'nairaease', 'loan_order_id': '1475441892753805312', 'mobile': '01640607733', 'order_status': 40}
INFO - 2021-12-27 20:22:38,051 - new_apply_order.py[line:932]: ===========完成第【1】次进件===========
INFO - 2021-12-27 20:22:38,051 - new_apply_order.py[line:892]: 开始第 nairaease【2】次进件……
INFO - 2021-12-27 20:22:38,053 - new_apply_order.py[line:83]: ======【nga测试环境】生成手机号：01640607758 ======
INFO - 2021-12-27 20:22:38,404 - new_apply_order.py[line:96]: 01640607758 检测用户存在成功！
INFO - 2021-12-27 20:22:38,467 - new_apply_order.py[line:105]: 01640607758 短信发送成功！
INFO - 2021-12-27 20:22:38,511 - new_apply_order.py[line:118]: 01640607758 注册成功！
INFO - 2021-12-27 20:22:38,585 - new_apply_order.py[line:134]: 01640607758 登录短信发送成功！
INFO - 2021-12-27 20:22:38,640 - new_apply_order.py[line:144]: userId=6246831438201364480,mobile=01640607758,token=be8c8eefc4bbaec0e1ea363b7bac2d4d 登录成功
INFO - 2021-12-27 20:22:38,742 - new_apply_order.py[line:211]: 个人信息提交成功！
INFO - 2021-12-27 20:22:38,799 - new_apply_order.py[line:222]: 联系人信息提交成功！
INFO - 2021-12-27 20:22:39,048 - new_apply_order.py[line:254]: 创建预审订单成功！
INFO - 2021-12-27 20:22:39,066 - new_apply_order.py[line:262]: 预审状态修改为通过,更新条数 1
INFO - 2021-12-27 20:22:39,087 - new_apply_order.py[line:265]: 更新初始额度！更新条数 1
INFO - 2021-12-27 20:22:39,341 - new_apply_order.py[line:341]: 活体图片上传成功！回写配置文件global_param.mp4_url
INFO - 2021-12-27 20:22:39,372 - new_apply_order.py[line:351]: 视频认证通过！
INFO - 2021-12-27 20:22:40,356 - new_apply_order.py[line:510]: bvn和银行卡绑卡认证通过！
INFO - 2021-12-27 20:22:40,691 - new_apply_order.py[line:561]: user更新1条
INFO - 2021-12-27 20:22:40,928 - new_apply_order.py[line:622]: 进件成功！执行sql将订单改为风控中……
INFO - 2021-12-27 20:22:41,971 - new_apply_order.py[line:628]: 订单表更新1条，信审更新1条
INFO - 2021-12-27 20:22:42,341 - new_apply_order.py[line:642]: 查询loan_order_id成功！
INFO - 2021-12-27 20:22:42,374 - new_apply_order.py[line:657]: 订单回调复审通过成功！
INFO - 2021-12-27 20:22:43,163 - new_apply_order.py[line:679]: 获取token成功！token=bearer 81ccf804-f170-41a0-958c-7937cb0ad723！
INFO - 2021-12-27 20:22:43,525 - new_apply_order.py[line:642]: 查询loan_order_id成功！
INFO - 2021-12-27 20:22:43,875 - new_apply_order.py[line:697]: 后台已触发放款成功！
INFO - 2021-12-27 20:22:43,893 - new_apply_order.py[line:711]: xxl_job web 登录成功！
INFO - 2021-12-27 20:22:43,906 - new_apply_order.py[line:727]: xxl_job 放款准备作业执行成功！
INFO - 2021-12-27 20:22:45,270 - new_apply_order.py[line:642]: 查询loan_order_id成功！
INFO - 2021-12-27 20:22:45,288 - new_apply_order.py[line:735]: 修改放款准备完成时间成功！
INFO - 2021-12-27 20:22:45,295 - new_apply_order.py[line:743]: xxl_job 放款完成作业执行成功！
INFO - 2021-12-27 20:22:45,603 - new_apply_order.py[line:915]: 校验重试查询第1次
ERROR - 2021-12-27 20:22:46,622 - new_apply_order.py[line:811]: 放款完成或准备失败,目前的订单状态是32
INFO - 2021-12-27 20:22:46,623 - new_apply_order.py[line:812]: {'app': 'nairaease', 'loan_order_id': '1475441996155981824', 'mobile': '01640607758', 'order_status': 32}
INFO - 2021-12-27 20:22:46,637 - new_apply_order.py[line:711]: xxl_job web 登录成功！
INFO - 2021-12-27 20:22:46,650 - new_apply_order.py[line:727]: xxl_job 放款准备作业执行成功！
INFO - 2021-12-27 20:22:48,015 - new_apply_order.py[line:642]: 查询loan_order_id成功！
INFO - 2021-12-27 20:22:48,035 - new_apply_order.py[line:735]: 修改放款准备完成时间成功！
INFO - 2021-12-27 20:22:48,045 - new_apply_order.py[line:743]: xxl_job 放款完成作业执行成功！
INFO - 2021-12-27 20:22:48,548 - new_apply_order.py[line:915]: 校验重试查询第2次
INFO - 2021-12-27 20:22:49,564 - new_apply_order.py[line:809]: 放款完成或准备成功,目前的订单状态是40
INFO - 2021-12-27 20:22:49,565 - new_apply_order.py[line:812]: {'app': 'nairaease', 'loan_order_id': '1475441996155981824', 'mobile': '01640607758', 'order_status': 40}
INFO - 2021-12-27 20:22:49,565 - new_apply_order.py[line:932]: ===========完成第【2】次进件===========
INFO - 2021-12-27 20:22:49,565 - new_apply_order.py[line:892]: 开始第 nairaease【3】次进件……
INFO - 2021-12-27 20:22:49,567 - new_apply_order.py[line:83]: ======【nga测试环境】生成手机号：01640607769 ======
INFO - 2021-12-27 20:22:49,931 - new_apply_order.py[line:96]: 01640607769 检测用户存在成功！
INFO - 2021-12-27 20:22:49,974 - new_apply_order.py[line:105]: 01640607769 短信发送成功！
INFO - 2021-12-27 20:22:50,013 - new_apply_order.py[line:118]: 01640607769 注册成功！
INFO - 2021-12-27 20:22:50,061 - new_apply_order.py[line:134]: 01640607769 登录短信发送成功！
INFO - 2021-12-27 20:22:50,106 - new_apply_order.py[line:144]: userId=6246831486461026304,mobile=01640607769,token=6969054bbe9a07c3c96e3b4cd674972e 登录成功
INFO - 2021-12-27 20:22:50,195 - new_apply_order.py[line:211]: 个人信息提交成功！
INFO - 2021-12-27 20:22:50,244 - new_apply_order.py[line:222]: 联系人信息提交成功！
INFO - 2021-12-27 20:22:50,439 - new_apply_order.py[line:254]: 创建预审订单成功！
INFO - 2021-12-27 20:22:50,461 - new_apply_order.py[line:262]: 预审状态修改为通过,更新条数 1
INFO - 2021-12-27 20:22:50,483 - new_apply_order.py[line:265]: 更新初始额度！更新条数 1
INFO - 2021-12-27 20:22:50,719 - new_apply_order.py[line:341]: 活体图片上传成功！回写配置文件global_param.mp4_url
INFO - 2021-12-27 20:22:50,754 - new_apply_order.py[line:351]: 视频认证通过！
INFO - 2021-12-27 20:22:51,733 - new_apply_order.py[line:510]: bvn和银行卡绑卡认证通过！
INFO - 2021-12-27 20:22:52,071 - new_apply_order.py[line:561]: user更新1条
INFO - 2021-12-27 20:22:52,242 - new_apply_order.py[line:622]: 进件成功！执行sql将订单改为风控中……
INFO - 2021-12-27 20:22:53,281 - new_apply_order.py[line:628]: 订单表更新1条，信审更新1条
INFO - 2021-12-27 20:22:53,646 - new_apply_order.py[line:642]: 查询loan_order_id成功！
INFO - 2021-12-27 20:22:53,685 - new_apply_order.py[line:657]: 订单回调复审通过成功！
INFO - 2021-12-27 20:22:54,464 - new_apply_order.py[line:679]: 获取token成功！token=bearer 81ccf804-f170-41a0-958c-7937cb0ad723！
INFO - 2021-12-27 20:22:54,830 - new_apply_order.py[line:642]: 查询loan_order_id成功！
INFO - 2021-12-27 20:22:55,163 - new_apply_order.py[line:697]: 后台已触发放款成功！
INFO - 2021-12-27 20:22:55,174 - new_apply_order.py[line:711]: xxl_job web 登录成功！
INFO - 2021-12-27 20:22:55,185 - new_apply_order.py[line:727]: xxl_job 放款准备作业执行成功！
INFO - 2021-12-27 20:22:56,544 - new_apply_order.py[line:642]: 查询loan_order_id成功！
INFO - 2021-12-27 20:22:56,558 - new_apply_order.py[line:735]: 修改放款准备完成时间成功！
INFO - 2021-12-27 20:22:56,564 - new_apply_order.py[line:743]: xxl_job 放款完成作业执行成功！
INFO - 2021-12-27 20:22:56,870 - new_apply_order.py[line:915]: 校验重试查询第1次
INFO - 2021-12-27 20:22:57,886 - new_apply_order.py[line:809]: 放款完成或准备成功,目前的订单状态是40
INFO - 2021-12-27 20:22:57,886 - new_apply_order.py[line:812]: {'app': 'nairaease', 'loan_order_id': '1475442044038156288', 'mobile': '01640607769', 'order_status': 40}
INFO - 2021-12-27 20:22:57,887 - new_apply_order.py[line:932]: ===========完成第【3】次进件===========
INFO - 2021-12-27 20:22:57,887 - new_apply_order.py[line:892]: 开始第 nairaease【4】次进件……
INFO - 2021-12-27 20:22:57,889 - new_apply_order.py[line:83]: ======【nga测试环境】生成手机号：01640607777 ======
INFO - 2021-12-27 20:22:58,226 - new_apply_order.py[line:96]: 01640607777 检测用户存在成功！
INFO - 2021-12-27 20:22:58,262 - new_apply_order.py[line:105]: 01640607777 短信发送成功！
INFO - 2021-12-27 20:22:58,298 - new_apply_order.py[line:118]: 01640607777 注册成功！
INFO - 2021-12-27 20:22:58,342 - new_apply_order.py[line:134]: 01640607777 登录短信发送成功！
INFO - 2021-12-27 20:22:58,387 - new_apply_order.py[line:144]: userId=6246831521210834944,mobile=01640607777,token=87963cc982ca83d70ddbad46e55e70c4 登录成功
INFO - 2021-12-27 20:22:58,475 - new_apply_order.py[line:211]: 个人信息提交成功！
INFO - 2021-12-27 20:22:58,527 - new_apply_order.py[line:222]: 联系人信息提交成功！
INFO - 2021-12-27 20:22:58,740 - new_apply_order.py[line:254]: 创建预审订单成功！
INFO - 2021-12-27 20:22:58,759 - new_apply_order.py[line:262]: 预审状态修改为通过,更新条数 1
INFO - 2021-12-27 20:22:58,773 - new_apply_order.py[line:265]: 更新初始额度！更新条数 1
INFO - 2021-12-27 20:22:59,052 - new_apply_order.py[line:341]: 活体图片上传成功！回写配置文件global_param.mp4_url
INFO - 2021-12-27 20:22:59,086 - new_apply_order.py[line:351]: 视频认证通过！
INFO - 2021-12-27 20:23:00,099 - new_apply_order.py[line:510]: bvn和银行卡绑卡认证通过！
INFO - 2021-12-27 20:23:00,389 - new_apply_order.py[line:561]: user更新1条
INFO - 2021-12-27 20:23:00,717 - new_apply_order.py[line:622]: 进件成功！执行sql将订单改为风控中……
INFO - 2021-12-27 20:23:01,752 - new_apply_order.py[line:628]: 订单表更新1条，信审更新1条
INFO - 2021-12-27 20:23:02,121 - new_apply_order.py[line:642]: 查询loan_order_id成功！
INFO - 2021-12-27 20:23:02,161 - new_apply_order.py[line:657]: 订单回调复审通过成功！
INFO - 2021-12-27 20:23:02,962 - new_apply_order.py[line:679]: 获取token成功！token=bearer 81ccf804-f170-41a0-958c-7937cb0ad723！
INFO - 2021-12-27 20:23:03,342 - new_apply_order.py[line:642]: 查询loan_order_id成功！
INFO - 2021-12-27 20:23:03,695 - new_apply_order.py[line:697]: 后台已触发放款成功！
INFO - 2021-12-27 20:24:10,718 - new_apply_order.py[line:711]: xxl_job web 登录成功！
INFO - 2021-12-27 20:24:10,734 - new_apply_order.py[line:727]: xxl_job 放款准备作业执行成功！
INFO - 2021-12-27 20:24:12,092 - new_apply_order.py[line:642]: 查询loan_order_id成功！
INFO - 2021-12-27 20:24:12,109 - new_apply_order.py[line:735]: 修改放款准备完成时间成功！
INFO - 2021-12-27 20:24:12,118 - new_apply_order.py[line:743]: xxl_job 放款完成作业执行成功！
INFO - 2021-12-27 20:24:12,429 - new_apply_order.py[line:915]: 校验重试查询第1次
ERROR - 2021-12-27 20:24:13,450 - new_apply_order.py[line:811]: 放款完成或准备失败,目前的订单状态是35
INFO - 2021-12-27 20:24:13,450 - new_apply_order.py[line:812]: {'app': 'nairaease', 'loan_order_id': '1475442078754410496', 'mobile': '01640607777', 'order_status': 35}
INFO - 2021-12-27 20:24:13,959 - new_apply_order.py[line:915]: 校验重试查询第2次
INFO - 2021-12-27 20:24:14,967 - new_apply_order.py[line:809]: 放款完成或准备成功,目前的订单状态是40
INFO - 2021-12-27 20:24:14,967 - new_apply_order.py[line:812]: {'app': 'nairaease', 'loan_order_id': '1475442078754410496', 'mobile': '01640607777', 'order_status': 40}
INFO - 2021-12-27 20:24:14,967 - new_apply_order.py[line:932]: ===========完成第【4】次进件===========
INFO - 2021-12-27 20:24:14,968 - new_apply_order.py[line:892]: 开始第 nairaease【5】次进件……
INFO - 2021-12-27 20:24:14,968 - new_apply_order.py[line:83]: ======【nga测试环境】生成手机号：01640607854 ======
INFO - 2021-12-27 20:24:15,320 - new_apply_order.py[line:96]: 01640607854 检测用户存在成功！
INFO - 2021-12-27 20:24:15,362 - new_apply_order.py[line:105]: 01640607854 短信发送成功！
INFO - 2021-12-27 20:24:15,407 - new_apply_order.py[line:118]: 01640607854 注册成功！
INFO - 2021-12-27 20:24:15,456 - new_apply_order.py[line:134]: 01640607854 登录短信发送成功！
INFO - 2021-12-27 20:24:15,501 - new_apply_order.py[line:144]: userId=6246831844595867648,mobile=01640607854,token=d8efecca12f4eddc4cfbc1e644c1e8d5 登录成功
INFO - 2021-12-27 20:24:15,591 - new_apply_order.py[line:211]: 个人信息提交成功！
INFO - 2021-12-27 20:24:15,639 - new_apply_order.py[line:222]: 联系人信息提交成功！
INFO - 2021-12-27 20:24:15,918 - new_apply_order.py[line:254]: 创建预审订单成功！
INFO - 2021-12-27 20:24:15,940 - new_apply_order.py[line:262]: 预审状态修改为通过,更新条数 1
INFO - 2021-12-27 20:24:15,960 - new_apply_order.py[line:265]: 更新初始额度！更新条数 1
INFO - 2021-12-27 20:24:16,240 - new_apply_order.py[line:341]: 活体图片上传成功！回写配置文件global_param.mp4_url
INFO - 2021-12-27 20:24:16,276 - new_apply_order.py[line:351]: 视频认证通过！
INFO - 2021-12-27 20:24:17,289 - new_apply_order.py[line:510]: bvn和银行卡绑卡认证通过！
INFO - 2021-12-27 20:24:17,615 - new_apply_order.py[line:561]: user更新1条
INFO - 2021-12-27 20:24:17,796 - new_apply_order.py[line:622]: 进件成功！执行sql将订单改为风控中……
INFO - 2021-12-27 20:24:18,833 - new_apply_order.py[line:628]: 订单表更新1条，信审更新1条
INFO - 2021-12-27 20:24:19,197 - new_apply_order.py[line:642]: 查询loan_order_id成功！
INFO - 2021-12-27 20:24:19,234 - new_apply_order.py[line:657]: 订单回调复审通过成功！
INFO - 2021-12-27 20:24:19,991 - new_apply_order.py[line:679]: 获取token成功！token=bearer 81ccf804-f170-41a0-958c-7937cb0ad723！
INFO - 2021-12-27 20:24:20,352 - new_apply_order.py[line:642]: 查询loan_order_id成功！
INFO - 2021-12-27 20:24:20,663 - new_apply_order.py[line:697]: 后台已触发放款成功！
INFO - 2021-12-27 20:24:20,675 - new_apply_order.py[line:711]: xxl_job web 登录成功！
INFO - 2021-12-27 20:24:20,688 - new_apply_order.py[line:727]: xxl_job 放款准备作业执行成功！
INFO - 2021-12-27 20:24:22,049 - new_apply_order.py[line:642]: 查询loan_order_id成功！
INFO - 2021-12-27 20:24:22,066 - new_apply_order.py[line:735]: 修改放款准备完成时间成功！
INFO - 2021-12-27 20:24:22,073 - new_apply_order.py[line:743]: xxl_job 放款完成作业执行成功！
INFO - 2021-12-27 20:24:22,382 - new_apply_order.py[line:915]: 校验重试查询第1次
ERROR - 2021-12-27 20:24:23,392 - new_apply_order.py[line:811]: 放款完成或准备失败,目前的订单状态是35
INFO - 2021-12-27 20:24:23,392 - new_apply_order.py[line:812]: {'app': 'nairaease', 'loan_order_id': '1475442402282049536', 'mobile': '01640607854', 'order_status': 35}
INFO - 2021-12-27 20:24:23,904 - new_apply_order.py[line:915]: 校验重试查询第2次
INFO - 2021-12-27 20:24:24,921 - new_apply_order.py[line:809]: 放款完成或准备成功,目前的订单状态是40
INFO - 2021-12-27 20:24:24,921 - new_apply_order.py[line:812]: {'app': 'nairaease', 'loan_order_id': '1475442402282049536', 'mobile': '01640607854', 'order_status': 40}
INFO - 2021-12-27 20:24:24,922 - new_apply_order.py[line:932]: ===========完成第【5】次进件===========
INFO - 2021-12-27 20:24:24,922 - new_apply_order.py[line:892]: 开始第 nairaease【6】次进件……
INFO - 2021-12-27 20:24:24,924 - new_apply_order.py[line:83]: ======【nga测试环境】生成手机号：01640607864 ======
INFO - 2021-12-27 20:24:25,278 - new_apply_order.py[line:96]: 01640607864 检测用户存在成功！
INFO - 2021-12-27 20:24:25,319 - new_apply_order.py[line:105]: 01640607864 短信发送成功！
INFO - 2021-12-27 20:24:25,365 - new_apply_order.py[line:118]: 01640607864 注册成功！
INFO - 2021-12-27 20:24:25,423 - new_apply_order.py[line:134]: 01640607864 登录短信发送成功！
INFO - 2021-12-27 20:24:25,490 - new_apply_order.py[line:144]: userId=6246831886362746880,mobile=01640607864,token=2ae14b9ce00e762b4918604550761461 登录成功
INFO - 2021-12-27 20:24:25,592 - new_apply_order.py[line:211]: 个人信息提交成功！
INFO - 2021-12-27 20:24:25,641 - new_apply_order.py[line:222]: 联系人信息提交成功！
INFO - 2021-12-27 20:24:25,882 - new_apply_order.py[line:254]: 创建预审订单成功！
INFO - 2021-12-27 20:24:25,906 - new_apply_order.py[line:262]: 预审状态修改为通过,更新条数 1
INFO - 2021-12-27 20:24:25,926 - new_apply_order.py[line:265]: 更新初始额度！更新条数 1
INFO - 2021-12-27 20:24:26,116 - new_apply_order.py[line:341]: 活体图片上传成功！回写配置文件global_param.mp4_url
INFO - 2021-12-27 20:24:26,154 - new_apply_order.py[line:351]: 视频认证通过！
INFO - 2021-12-27 20:24:27,115 - new_apply_order.py[line:510]: bvn和银行卡绑卡认证通过！
INFO - 2021-12-27 20:24:27,441 - new_apply_order.py[line:561]: user更新1条
INFO - 2021-12-27 20:24:27,669 - new_apply_order.py[line:622]: 进件成功！执行sql将订单改为风控中……
INFO - 2021-12-27 20:24:28,708 - new_apply_order.py[line:628]: 订单表更新1条，信审更新1条
INFO - 2021-12-27 20:24:29,068 - new_apply_order.py[line:642]: 查询loan_order_id成功！
INFO - 2021-12-27 20:24:29,100 - new_apply_order.py[line:657]: 订单回调复审通过成功！
INFO - 2021-12-27 20:24:29,861 - new_apply_order.py[line:679]: 获取token成功！token=bearer 81ccf804-f170-41a0-958c-7937cb0ad723！
INFO - 2021-12-27 20:24:30,221 - new_apply_order.py[line:642]: 查询loan_order_id成功！
INFO - 2021-12-27 20:24:30,523 - new_apply_order.py[line:697]: 后台已触发放款成功！
INFO - 2021-12-27 20:24:30,540 - new_apply_order.py[line:711]: xxl_job web 登录成功！
INFO - 2021-12-27 20:24:30,552 - new_apply_order.py[line:727]: xxl_job 放款准备作业执行成功！
INFO - 2021-12-27 20:24:31,907 - new_apply_order.py[line:642]: 查询loan_order_id成功！
INFO - 2021-12-27 20:24:31,924 - new_apply_order.py[line:735]: 修改放款准备完成时间成功！
INFO - 2021-12-27 20:24:31,932 - new_apply_order.py[line:743]: xxl_job 放款完成作业执行成功！
INFO - 2021-12-27 20:24:32,238 - new_apply_order.py[line:915]: 校验重试查询第1次
ERROR - 2021-12-27 20:24:33,254 - new_apply_order.py[line:811]: 放款完成或准备失败,目前的订单状态是35
INFO - 2021-12-27 20:24:33,255 - new_apply_order.py[line:812]: {'app': 'nairaease', 'loan_order_id': '1475442444271226880', 'mobile': '01640607864', 'order_status': 35}
INFO - 2021-12-27 20:24:33,764 - new_apply_order.py[line:915]: 校验重试查询第2次
INFO - 2021-12-27 20:24:34,783 - new_apply_order.py[line:809]: 放款完成或准备成功,目前的订单状态是40
INFO - 2021-12-27 20:24:34,784 - new_apply_order.py[line:812]: {'app': 'nairaease', 'loan_order_id': '1475442444271226880', 'mobile': '01640607864', 'order_status': 40}
INFO - 2021-12-27 20:24:34,785 - new_apply_order.py[line:932]: ===========完成第【6】次进件===========
INFO - 2021-12-27 20:24:34,785 - new_apply_order.py[line:892]: 开始第 nairaease【7】次进件……
INFO - 2021-12-27 20:24:34,786 - new_apply_order.py[line:83]: ======【nga测试环境】生成手机号：01640607874 ======
INFO - 2021-12-27 20:24:35,134 - new_apply_order.py[line:96]: 01640607874 检测用户存在成功！
INFO - 2021-12-27 20:24:35,176 - new_apply_order.py[line:105]: 01640607874 短信发送成功！
INFO - 2021-12-27 20:24:35,216 - new_apply_order.py[line:118]: 01640607874 注册成功！
INFO - 2021-12-27 20:24:35,263 - new_apply_order.py[line:134]: 01640607874 登录短信发送成功！
INFO - 2021-12-27 20:24:35,306 - new_apply_order.py[line:144]: userId=6246831927701807104,mobile=01640607874,token=8c3e9da62c33241d09fe1fd888d6f279 登录成功
INFO - 2021-12-27 20:24:35,384 - new_apply_order.py[line:211]: 个人信息提交成功！
INFO - 2021-12-27 20:24:35,429 - new_apply_order.py[line:222]: 联系人信息提交成功！
INFO - 2021-12-27 20:24:35,642 - new_apply_order.py[line:254]: 创建预审订单成功！
INFO - 2021-12-27 20:24:35,660 - new_apply_order.py[line:262]: 预审状态修改为通过,更新条数 1
INFO - 2021-12-27 20:24:35,676 - new_apply_order.py[line:265]: 更新初始额度！更新条数 1
INFO - 2021-12-27 20:24:35,998 - new_apply_order.py[line:341]: 活体图片上传成功！回写配置文件global_param.mp4_url
INFO - 2021-12-27 20:24:36,036 - new_apply_order.py[line:351]: 视频认证通过！
INFO - 2021-12-27 20:24:37,062 - new_apply_order.py[line:510]: bvn和银行卡绑卡认证通过！
INFO - 2021-12-27 20:24:37,380 - new_apply_order.py[line:561]: user更新1条
INFO - 2021-12-27 20:24:37,586 - new_apply_order.py[line:622]: 进件成功！执行sql将订单改为风控中……
INFO - 2021-12-27 20:24:38,629 - new_apply_order.py[line:628]: 订单表更新1条，信审更新1条
INFO - 2021-12-27 20:24:38,998 - new_apply_order.py[line:642]: 查询loan_order_id成功！
INFO - 2021-12-27 20:24:39,035 - new_apply_order.py[line:657]: 订单回调复审通过成功！
INFO - 2021-12-27 20:24:39,827 - new_apply_order.py[line:679]: 获取token成功！token=bearer 81ccf804-f170-41a0-958c-7937cb0ad723！
INFO - 2021-12-27 20:24:40,193 - new_apply_order.py[line:642]: 查询loan_order_id成功！
INFO - 2021-12-27 20:24:40,536 - new_apply_order.py[line:697]: 后台已触发放款成功！
INFO - 2021-12-27 20:24:40,550 - new_apply_order.py[line:711]: xxl_job web 登录成功！
INFO - 2021-12-27 20:24:40,561 - new_apply_order.py[line:727]: xxl_job 放款准备作业执行成功！
INFO - 2021-12-27 20:24:41,936 - new_apply_order.py[line:642]: 查询loan_order_id成功！
INFO - 2021-12-27 20:24:41,956 - new_apply_order.py[line:735]: 修改放款准备完成时间成功！
INFO - 2021-12-27 20:24:41,964 - new_apply_order.py[line:743]: xxl_job 放款完成作业执行成功！
INFO - 2021-12-27 20:24:42,273 - new_apply_order.py[line:915]: 校验重试查询第1次
ERROR - 2021-12-27 20:24:43,284 - new_apply_order.py[line:811]: 放款完成或准备失败,目前的订单状态是35
INFO - 2021-12-27 20:24:43,284 - new_apply_order.py[line:812]: {'app': 'nairaease', 'loan_order_id': '1475442485245382656', 'mobile': '01640607874', 'order_status': 35}
INFO - 2021-12-27 20:24:43,789 - new_apply_order.py[line:915]: 校验重试查询第2次
INFO - 2021-12-27 20:24:44,805 - new_apply_order.py[line:809]: 放款完成或准备成功,目前的订单状态是40
INFO - 2021-12-27 20:24:44,806 - new_apply_order.py[line:812]: {'app': 'nairaease', 'loan_order_id': '1475442485245382656', 'mobile': '01640607874', 'order_status': 40}
INFO - 2021-12-27 20:24:44,806 - new_apply_order.py[line:932]: ===========完成第【7】次进件===========
INFO - 2021-12-27 20:24:44,806 - new_apply_order.py[line:892]: 开始第 nairaease【8】次进件……
INFO - 2021-12-27 20:24:44,808 - new_apply_order.py[line:83]: ======【nga测试环境】生成手机号：01640607884 ======
INFO - 2021-12-27 20:24:45,161 - new_apply_order.py[line:96]: 01640607884 检测用户存在成功！
INFO - 2021-12-27 20:24:45,200 - new_apply_order.py[line:105]: 01640607884 短信发送成功！
INFO - 2021-12-27 20:24:45,239 - new_apply_order.py[line:118]: 01640607884 注册成功！
INFO - 2021-12-27 20:24:45,288 - new_apply_order.py[line:134]: 01640607884 登录短信发送成功！
INFO - 2021-12-27 20:24:45,334 - new_apply_order.py[line:144]: userId=6246831969753899008,mobile=01640607884,token=cef4f31d12385785b744a3fe710419b8 登录成功
INFO - 2021-12-27 20:24:45,432 - new_apply_order.py[line:211]: 个人信息提交成功！
INFO - 2021-12-27 20:24:45,481 - new_apply_order.py[line:222]: 联系人信息提交成功！
INFO - 2021-12-27 20:24:45,662 - new_apply_order.py[line:254]: 创建预审订单成功！
INFO - 2021-12-27 20:24:45,676 - new_apply_order.py[line:262]: 预审状态修改为通过,更新条数 1
INFO - 2021-12-27 20:24:45,690 - new_apply_order.py[line:265]: 更新初始额度！更新条数 1
INFO - 2021-12-27 20:24:45,969 - new_apply_order.py[line:341]: 活体图片上传成功！回写配置文件global_param.mp4_url
INFO - 2021-12-27 20:24:46,003 - new_apply_order.py[line:351]: 视频认证通过！
INFO - 2021-12-27 20:24:47,003 - new_apply_order.py[line:510]: bvn和银行卡绑卡认证通过！
INFO - 2021-12-27 20:24:47,315 - new_apply_order.py[line:561]: user更新1条
INFO - 2021-12-27 20:24:47,491 - new_apply_order.py[line:622]: 进件成功！执行sql将订单改为风控中……
INFO - 2021-12-27 20:24:48,525 - new_apply_order.py[line:628]: 订单表更新1条，信审更新1条
INFO - 2021-12-27 20:24:48,886 - new_apply_order.py[line:642]: 查询loan_order_id成功！
INFO - 2021-12-27 20:24:48,922 - new_apply_order.py[line:657]: 订单回调复审通过成功！
INFO - 2021-12-27 20:24:49,721 - new_apply_order.py[line:679]: 获取token成功！token=bearer 81ccf804-f170-41a0-958c-7937cb0ad723！
INFO - 2021-12-27 20:24:50,077 - new_apply_order.py[line:642]: 查询loan_order_id成功！
INFO - 2021-12-27 20:24:50,408 - new_apply_order.py[line:697]: 后台已触发放款成功！
INFO - 2021-12-27 20:24:50,419 - new_apply_order.py[line:711]: xxl_job web 登录成功！
INFO - 2021-12-27 20:24:50,429 - new_apply_order.py[line:727]: xxl_job 放款准备作业执行成功！
INFO - 2021-12-27 20:24:51,789 - new_apply_order.py[line:642]: 查询loan_order_id成功！
INFO - 2021-12-27 20:24:51,804 - new_apply_order.py[line:735]: 修改放款准备完成时间成功！
INFO - 2021-12-27 20:24:51,811 - new_apply_order.py[line:743]: xxl_job 放款完成作业执行成功！
INFO - 2021-12-27 20:24:52,117 - new_apply_order.py[line:915]: 校验重试查询第1次
ERROR - 2021-12-27 20:24:53,135 - new_apply_order.py[line:811]: 放款完成或准备失败,目前的订单状态是35
INFO - 2021-12-27 20:24:53,135 - new_apply_order.py[line:812]: {'app': 'nairaease', 'loan_order_id': '1475442527368777728', 'mobile': '01640607884', 'order_status': 35}
INFO - 2021-12-27 20:24:53,644 - new_apply_order.py[line:915]: 校验重试查询第2次
INFO - 2021-12-27 20:24:54,662 - new_apply_order.py[line:809]: 放款完成或准备成功,目前的订单状态是40
INFO - 2021-12-27 20:24:54,663 - new_apply_order.py[line:812]: {'app': 'nairaease', 'loan_order_id': '1475442527368777728', 'mobile': '01640607884', 'order_status': 40}
INFO - 2021-12-27 20:24:54,663 - new_apply_order.py[line:932]: ===========完成第【8】次进件===========
INFO - 2021-12-27 20:24:54,663 - new_apply_order.py[line:892]: 开始第 nairaease【9】次进件……
INFO - 2021-12-27 20:24:54,665 - new_apply_order.py[line:83]: ======【nga测试环境】生成手机号：01640607894 ======
INFO - 2021-12-27 20:24:55,012 - new_apply_order.py[line:96]: 01640607894 检测用户存在成功！
INFO - 2021-12-27 20:24:55,048 - new_apply_order.py[line:105]: 01640607894 短信发送成功！
INFO - 2021-12-27 20:24:55,095 - new_apply_order.py[line:118]: 01640607894 注册成功！
INFO - 2021-12-27 20:24:55,144 - new_apply_order.py[line:134]: 01640607894 登录短信发送成功！
INFO - 2021-12-27 20:24:55,189 - new_apply_order.py[line:144]: userId=6246832011046821888,mobile=01640607894,token=9b705b43aafa56c098adf775e89c57ac 登录成功
INFO - 2021-12-27 20:24:55,285 - new_apply_order.py[line:211]: 个人信息提交成功！
INFO - 2021-12-27 20:24:55,337 - new_apply_order.py[line:222]: 联系人信息提交成功！
INFO - 2021-12-27 20:24:55,568 - new_apply_order.py[line:254]: 创建预审订单成功！
INFO - 2021-12-27 20:24:55,583 - new_apply_order.py[line:262]: 预审状态修改为通过,更新条数 1
INFO - 2021-12-27 20:24:55,595 - new_apply_order.py[line:265]: 更新初始额度！更新条数 1
INFO - 2021-12-27 20:24:55,878 - new_apply_order.py[line:341]: 活体图片上传成功！回写配置文件global_param.mp4_url
INFO - 2021-12-27 20:24:55,927 - new_apply_order.py[line:351]: 视频认证通过！
INFO - 2021-12-27 20:25:11,974 - new_apply_order.py[line:510]: bvn和银行卡绑卡认证通过！
INFO - 2021-12-27 20:25:12,295 - new_apply_order.py[line:561]: user更新1条
INFO - 2021-12-27 20:25:12,585 - new_apply_order.py[line:622]: 进件成功！执行sql将订单改为风控中……
INFO - 2021-12-27 20:25:13,625 - new_apply_order.py[line:628]: 订单表更新1条，信审更新1条
INFO - 2021-12-27 20:25:13,995 - new_apply_order.py[line:642]: 查询loan_order_id成功！
INFO - 2021-12-27 20:25:14,042 - new_apply_order.py[line:657]: 订单回调复审通过成功！
INFO - 2021-12-27 20:25:14,844 - new_apply_order.py[line:679]: 获取token成功！token=bearer 81ccf804-f170-41a0-958c-7937cb0ad723！
INFO - 2021-12-27 20:25:15,196 - new_apply_order.py[line:642]: 查询loan_order_id成功！
INFO - 2021-12-27 20:25:15,527 - new_apply_order.py[line:697]: 后台已触发放款成功！
INFO - 2021-12-27 20:25:15,537 - new_apply_order.py[line:711]: xxl_job web 登录成功！
INFO - 2021-12-27 20:25:15,546 - new_apply_order.py[line:727]: xxl_job 放款准备作业执行成功！
INFO - 2021-12-27 20:25:16,915 - new_apply_order.py[line:642]: 查询loan_order_id成功！
INFO - 2021-12-27 20:25:16,929 - new_apply_order.py[line:735]: 修改放款准备完成时间成功！
INFO - 2021-12-27 20:25:16,935 - new_apply_order.py[line:743]: xxl_job 放款完成作业执行成功！
INFO - 2021-12-27 20:25:17,241 - new_apply_order.py[line:915]: 校验重试查询第1次
ERROR - 2021-12-27 20:25:18,255 - new_apply_order.py[line:811]: 放款完成或准备失败,目前的订单状态是35
INFO - 2021-12-27 20:25:18,255 - new_apply_order.py[line:812]: {'app': 'nairaease', 'loan_order_id': '1475442568842055680', 'mobile': '01640607894', 'order_status': 35}
INFO - 2021-12-27 20:25:18,763 - new_apply_order.py[line:915]: 校验重试查询第2次
INFO - 2021-12-27 20:25:19,780 - new_apply_order.py[line:809]: 放款完成或准备成功,目前的订单状态是40
INFO - 2021-12-27 20:25:19,781 - new_apply_order.py[line:812]: {'app': 'nairaease', 'loan_order_id': '1475442568842055680', 'mobile': '01640607894', 'order_status': 40}
INFO - 2021-12-27 20:25:19,781 - new_apply_order.py[line:932]: ===========完成第【9】次进件===========
INFO - 2021-12-27 20:25:19,782 - new_apply_order.py[line:892]: 开始第 nairaease【10】次进件……
INFO - 2021-12-27 20:25:19,783 - new_apply_order.py[line:83]: ======【nga测试环境】生成手机号：01640607919 ======
INFO - 2021-12-27 20:25:20,139 - new_apply_order.py[line:96]: 01640607919 检测用户存在成功！
INFO - 2021-12-27 20:25:20,177 - new_apply_order.py[line:105]: 01640607919 短信发送成功！
INFO - 2021-12-27 20:25:20,218 - new_apply_order.py[line:118]: 01640607919 注册成功！
INFO - 2021-12-27 20:25:20,266 - new_apply_order.py[line:134]: 01640607919 登录短信发送成功！
INFO - 2021-12-27 20:25:20,311 - new_apply_order.py[line:144]: userId=6246832116449681408,mobile=01640607919,token=3e9cbd9abe6349b6eb98915987049c84 登录成功
INFO - 2021-12-27 20:25:20,400 - new_apply_order.py[line:211]: 个人信息提交成功！
INFO - 2021-12-27 20:25:20,443 - new_apply_order.py[line:222]: 联系人信息提交成功！
INFO - 2021-12-27 20:25:20,737 - new_apply_order.py[line:254]: 创建预审订单成功！
INFO - 2021-12-27 20:25:20,757 - new_apply_order.py[line:262]: 预审状态修改为通过,更新条数 1
INFO - 2021-12-27 20:25:20,775 - new_apply_order.py[line:265]: 更新初始额度！更新条数 1
INFO - 2021-12-27 20:25:21,069 - new_apply_order.py[line:341]: 活体图片上传成功！回写配置文件global_param.mp4_url
INFO - 2021-12-27 20:25:21,104 - new_apply_order.py[line:351]: 视频认证通过！
INFO - 2021-12-27 20:25:22,109 - new_apply_order.py[line:510]: bvn和银行卡绑卡认证通过！
INFO - 2021-12-27 20:25:22,428 - new_apply_order.py[line:561]: user更新1条
INFO - 2021-12-27 20:25:22,617 - new_apply_order.py[line:622]: 进件成功！执行sql将订单改为风控中……
INFO - 2021-12-27 20:25:23,651 - new_apply_order.py[line:628]: 订单表更新1条，信审更新1条
INFO - 2021-12-27 20:25:24,014 - new_apply_order.py[line:642]: 查询loan_order_id成功！
INFO - 2021-12-27 20:25:24,048 - new_apply_order.py[line:657]: 订单回调复审通过成功！
INFO - 2021-12-27 20:25:24,832 - new_apply_order.py[line:679]: 获取token成功！token=bearer 81ccf804-f170-41a0-958c-7937cb0ad723！
INFO - 2021-12-27 20:25:25,182 - new_apply_order.py[line:642]: 查询loan_order_id成功！
INFO - 2021-12-27 20:25:25,521 - new_apply_order.py[line:697]: 后台已触发放款成功！
INFO - 2021-12-27 20:25:25,536 - new_apply_order.py[line:711]: xxl_job web 登录成功！
INFO - 2021-12-27 20:25:25,549 - new_apply_order.py[line:727]: xxl_job 放款准备作业执行成功！
INFO - 2021-12-27 20:25:26,908 - new_apply_order.py[line:642]: 查询loan_order_id成功！
INFO - 2021-12-27 20:25:26,918 - new_apply_order.py[line:735]: 修改放款准备完成时间成功！
INFO - 2021-12-27 20:25:26,923 - new_apply_order.py[line:743]: xxl_job 放款完成作业执行成功！
INFO - 2021-12-27 20:25:27,231 - new_apply_order.py[line:915]: 校验重试查询第1次
ERROR - 2021-12-27 20:25:28,244 - new_apply_order.py[line:811]: 放款完成或准备失败,目前的订单状态是32
INFO - 2021-12-27 20:25:28,244 - new_apply_order.py[line:812]: {'app': 'nairaease', 'loan_order_id': '1475442674177806336', 'mobile': '01640607919', 'order_status': 32}
INFO - 2021-12-27 20:25:28,256 - new_apply_order.py[line:711]: xxl_job web 登录成功！
INFO - 2021-12-27 20:25:28,265 - new_apply_order.py[line:727]: xxl_job 放款准备作业执行成功！
INFO - 2021-12-27 20:25:29,820 - new_apply_order.py[line:642]: 查询loan_order_id成功！
INFO - 2021-12-27 20:25:29,830 - new_apply_order.py[line:735]: 修改放款准备完成时间成功！
INFO - 2021-12-27 20:25:29,836 - new_apply_order.py[line:743]: xxl_job 放款完成作业执行成功！
INFO - 2021-12-27 20:25:30,336 - new_apply_order.py[line:915]: 校验重试查询第2次
INFO - 2021-12-27 20:25:31,347 - new_apply_order.py[line:809]: 放款完成或准备成功,目前的订单状态是40
INFO - 2021-12-27 20:25:31,347 - new_apply_order.py[line:812]: {'app': 'nairaease', 'loan_order_id': '1475442674177806336', 'mobile': '01640607919', 'order_status': 40}
INFO - 2021-12-27 20:25:31,347 - new_apply_order.py[line:932]: ===========完成第【10】次进件===========
INFO - 2021-12-27 20:25:31,348 - new_apply_order.py[line:892]: 开始第 nairaease【11】次进件……
INFO - 2021-12-27 20:25:31,349 - new_apply_order.py[line:83]: ======【nga测试环境】生成手机号：01640607931 ======
INFO - 2021-12-27 20:25:31,694 - new_apply_order.py[line:96]: 01640607931 检测用户存在成功！
INFO - 2021-12-27 20:25:31,732 - new_apply_order.py[line:105]: 01640607931 短信发送成功！
INFO - 2021-12-27 20:25:31,771 - new_apply_order.py[line:118]: 01640607931 注册成功！
INFO - 2021-12-27 20:25:31,818 - new_apply_order.py[line:134]: 01640607931 登录短信发送成功！
INFO - 2021-12-27 20:25:31,857 - new_apply_order.py[line:144]: userId=6246832164910669824,mobile=01640607931,token=42bb6b53899afbf569b0fef9757ba432 登录成功
INFO - 2021-12-27 20:25:31,935 - new_apply_order.py[line:211]: 个人信息提交成功！
INFO - 2021-12-27 20:25:31,987 - new_apply_order.py[line:222]: 联系人信息提交成功！
INFO - 2021-12-27 20:25:32,239 - new_apply_order.py[line:254]: 创建预审订单成功！
INFO - 2021-12-27 20:25:32,254 - new_apply_order.py[line:262]: 预审状态修改为通过,更新条数 1
INFO - 2021-12-27 20:25:32,265 - new_apply_order.py[line:265]: 更新初始额度！更新条数 1
INFO - 2021-12-27 20:25:32,554 - new_apply_order.py[line:341]: 活体图片上传成功！回写配置文件global_param.mp4_url
INFO - 2021-12-27 20:25:32,586 - new_apply_order.py[line:351]: 视频认证通过！
INFO - 2021-12-27 20:25:33,604 - new_apply_order.py[line:510]: bvn和银行卡绑卡认证通过！
INFO - 2021-12-27 20:25:33,915 - new_apply_order.py[line:561]: user更新1条
INFO - 2021-12-27 20:25:34,101 - new_apply_order.py[line:622]: 进件成功！执行sql将订单改为风控中……
INFO - 2021-12-27 20:25:35,139 - new_apply_order.py[line:628]: 订单表更新1条，信审更新1条
INFO - 2021-12-27 20:25:35,497 - new_apply_order.py[line:642]: 查询loan_order_id成功！
INFO - 2021-12-27 20:25:35,528 - new_apply_order.py[line:657]: 订单回调复审通过成功！
INFO - 2021-12-27 20:25:36,318 - new_apply_order.py[line:679]: 获取token成功！token=bearer 81ccf804-f170-41a0-958c-7937cb0ad723！
INFO - 2021-12-27 20:25:36,672 - new_apply_order.py[line:642]: 查询loan_order_id成功！
INFO - 2021-12-27 20:25:37,029 - new_apply_order.py[line:697]: 后台已触发放款成功！
INFO - 2021-12-27 20:25:37,044 - new_apply_order.py[line:711]: xxl_job web 登录成功！
INFO - 2021-12-27 20:25:37,057 - new_apply_order.py[line:727]: xxl_job 放款准备作业执行成功！
INFO - 2021-12-27 20:25:38,411 - new_apply_order.py[line:642]: 查询loan_order_id成功！
INFO - 2021-12-27 20:25:38,420 - new_apply_order.py[line:735]: 修改放款准备完成时间成功！
INFO - 2021-12-27 20:25:38,427 - new_apply_order.py[line:743]: xxl_job 放款完成作业执行成功！
INFO - 2021-12-27 20:25:38,733 - new_apply_order.py[line:915]: 校验重试查询第1次
ERROR - 2021-12-27 20:25:39,752 - new_apply_order.py[line:811]: 放款完成或准备失败,目前的订单状态是35
INFO - 2021-12-27 20:25:39,752 - new_apply_order.py[line:812]: {'app': 'nairaease', 'loan_order_id': '1475442722420690944', 'mobile': '01640607931', 'order_status': 35}
INFO - 2021-12-27 20:25:40,256 - new_apply_order.py[line:915]: 校验重试查询第2次
INFO - 2021-12-27 20:25:41,270 - new_apply_order.py[line:809]: 放款完成或准备成功,目前的订单状态是40
INFO - 2021-12-27 20:25:41,271 - new_apply_order.py[line:812]: {'app': 'nairaease', 'loan_order_id': '1475442722420690944', 'mobile': '01640607931', 'order_status': 40}
INFO - 2021-12-27 20:25:41,271 - new_apply_order.py[line:932]: ===========完成第【11】次进件===========
INFO - 2021-12-27 20:25:41,272 - new_apply_order.py[line:892]: 开始第 nairaease【12】次进件……
INFO - 2021-12-27 20:25:41,273 - new_apply_order.py[line:83]: ======【nga测试环境】生成手机号：01640607941 ======
INFO - 2021-12-27 20:25:41,638 - new_apply_order.py[line:96]: 01640607941 检测用户存在成功！
INFO - 2021-12-27 20:25:41,697 - new_apply_order.py[line:105]: 01640607941 短信发送成功！
INFO - 2021-12-27 20:25:41,733 - new_apply_order.py[line:118]: 01640607941 注册成功！
INFO - 2021-12-27 20:25:41,778 - new_apply_order.py[line:134]: 01640607941 登录短信发送成功！
INFO - 2021-12-27 20:25:41,827 - new_apply_order.py[line:144]: userId=6246832206656577536,mobile=01640607941,token=dfe3c4e6eb0334cabc47d1c3098c8980 登录成功
INFO - 2021-12-27 20:25:41,943 - new_apply_order.py[line:211]: 个人信息提交成功！
INFO - 2021-12-27 20:25:41,991 - new_apply_order.py[line:222]: 联系人信息提交成功！
INFO - 2021-12-27 20:25:42,221 - new_apply_order.py[line:254]: 创建预审订单成功！
INFO - 2021-12-27 20:25:42,234 - new_apply_order.py[line:262]: 预审状态修改为通过,更新条数 1
INFO - 2021-12-27 20:25:42,246 - new_apply_order.py[line:265]: 更新初始额度！更新条数 1
INFO - 2021-12-27 20:25:42,494 - new_apply_order.py[line:341]: 活体图片上传成功！回写配置文件global_param.mp4_url
INFO - 2021-12-27 20:25:42,534 - new_apply_order.py[line:351]: 视频认证通过！
INFO - 2021-12-27 20:25:43,514 - new_apply_order.py[line:510]: bvn和银行卡绑卡认证通过！
INFO - 2021-12-27 20:25:43,834 - new_apply_order.py[line:561]: user更新1条
INFO - 2021-12-27 20:25:44,051 - new_apply_order.py[line:622]: 进件成功！执行sql将订单改为风控中……
INFO - 2021-12-27 20:25:45,078 - new_apply_order.py[line:628]: 订单表更新1条，信审更新1条
INFO - 2021-12-27 20:25:45,434 - new_apply_order.py[line:642]: 查询loan_order_id成功！
INFO - 2021-12-27 20:25:45,466 - new_apply_order.py[line:657]: 订单回调复审通过成功！
INFO - 2021-12-27 20:25:46,283 - new_apply_order.py[line:679]: 获取token成功！token=bearer 81ccf804-f170-41a0-958c-7937cb0ad723！
INFO - 2021-12-27 20:25:46,637 - new_apply_order.py[line:642]: 查询loan_order_id成功！
INFO - 2021-12-27 20:25:46,941 - new_apply_order.py[line:697]: 后台已触发放款成功！
INFO - 2021-12-27 20:25:46,955 - new_apply_order.py[line:711]: xxl_job web 登录成功！
INFO - 2021-12-27 20:25:46,968 - new_apply_order.py[line:727]: xxl_job 放款准备作业执行成功！
INFO - 2021-12-27 20:25:48,329 - new_apply_order.py[line:642]: 查询loan_order_id成功！
INFO - 2021-12-27 20:25:48,340 - new_apply_order.py[line:735]: 修改放款准备完成时间成功！
INFO - 2021-12-27 20:25:48,347 - new_apply_order.py[line:743]: xxl_job 放款完成作业执行成功！
INFO - 2021-12-27 20:25:48,652 - new_apply_order.py[line:915]: 校验重试查询第1次
ERROR - 2021-12-27 20:25:49,664 - new_apply_order.py[line:811]: 放款完成或准备失败,目前的订单状态是35
INFO - 2021-12-27 20:25:49,664 - new_apply_order.py[line:812]: {'app': 'nairaease', 'loan_order_id': '1475442764330176512', 'mobile': '01640607941', 'order_status': 35}
INFO - 2021-12-27 20:25:50,176 - new_apply_order.py[line:915]: 校验重试查询第2次
INFO - 2021-12-27 20:25:51,189 - new_apply_order.py[line:809]: 放款完成或准备成功,目前的订单状态是40
INFO - 2021-12-27 20:25:51,190 - new_apply_order.py[line:812]: {'app': 'nairaease', 'loan_order_id': '1475442764330176512', 'mobile': '01640607941', 'order_status': 40}
INFO - 2021-12-27 20:25:51,191 - new_apply_order.py[line:932]: ===========完成第【12】次进件===========
INFO - 2021-12-27 20:25:51,191 - new_apply_order.py[line:892]: 开始第 nairaease【13】次进件……
INFO - 2021-12-27 20:25:51,194 - new_apply_order.py[line:83]: ======【nga测试环境】生成手机号：01640607951 ======
INFO - 2021-12-27 20:25:51,538 - new_apply_order.py[line:96]: 01640607951 检测用户存在成功！
INFO - 2021-12-27 20:25:51,580 - new_apply_order.py[line:105]: 01640607951 短信发送成功！
INFO - 2021-12-27 20:25:51,621 - new_apply_order.py[line:118]: 01640607951 注册成功！
INFO - 2021-12-27 20:25:51,671 - new_apply_order.py[line:134]: 01640607951 登录短信发送成功！
INFO - 2021-12-27 20:25:51,719 - new_apply_order.py[line:144]: userId=6246832248066940928,mobile=01640607951,token=4e854858a9b1aef1bea7db4df256e5e4 登录成功
INFO - 2021-12-27 20:25:51,820 - new_apply_order.py[line:211]: 个人信息提交成功！
INFO - 2021-12-27 20:25:51,878 - new_apply_order.py[line:222]: 联系人信息提交成功！
INFO - 2021-12-27 20:25:52,111 - new_apply_order.py[line:254]: 创建预审订单成功！
INFO - 2021-12-27 20:25:52,130 - new_apply_order.py[line:262]: 预审状态修改为通过,更新条数 1
INFO - 2021-12-27 20:25:52,146 - new_apply_order.py[line:265]: 更新初始额度！更新条数 1
INFO - 2021-12-27 20:25:52,449 - new_apply_order.py[line:341]: 活体图片上传成功！回写配置文件global_param.mp4_url
INFO - 2021-12-27 20:25:52,485 - new_apply_order.py[line:351]: 视频认证通过！
INFO - 2021-12-27 20:25:53,511 - new_apply_order.py[line:510]: bvn和银行卡绑卡认证通过！
INFO - 2021-12-27 20:25:53,834 - new_apply_order.py[line:561]: user更新1条
INFO - 2021-12-27 20:25:54,011 - new_apply_order.py[line:622]: 进件成功！执行sql将订单改为风控中……
INFO - 2021-12-27 20:25:55,042 - new_apply_order.py[line:628]: 订单表更新1条，信审更新1条
INFO - 2021-12-27 20:25:55,404 - new_apply_order.py[line:642]: 查询loan_order_id成功！
INFO - 2021-12-27 20:25:55,440 - new_apply_order.py[line:657]: 订单回调复审通过成功！
INFO - 2021-12-27 20:25:56,230 - new_apply_order.py[line:679]: 获取token成功！token=bearer 81ccf804-f170-41a0-958c-7937cb0ad723！
INFO - 2021-12-27 20:25:56,587 - new_apply_order.py[line:642]: 查询loan_order_id成功！
INFO - 2021-12-27 20:25:56,925 - new_apply_order.py[line:697]: 后台已触发放款成功！
INFO - 2021-12-27 20:25:56,934 - new_apply_order.py[line:711]: xxl_job web 登录成功！
INFO - 2021-12-27 20:25:56,945 - new_apply_order.py[line:727]: xxl_job 放款准备作业执行成功！
INFO - 2021-12-27 20:25:58,309 - new_apply_order.py[line:642]: 查询loan_order_id成功！
INFO - 2021-12-27 20:25:58,327 - new_apply_order.py[line:735]: 修改放款准备完成时间成功！
INFO - 2021-12-27 20:25:58,338 - new_apply_order.py[line:743]: xxl_job 放款完成作业执行成功！
INFO - 2021-12-27 20:25:58,649 - new_apply_order.py[line:915]: 校验重试查询第1次
INFO - 2021-12-27 20:25:59,669 - new_apply_order.py[line:809]: 放款完成或准备成功,目前的订单状态是40
INFO - 2021-12-27 20:25:59,669 - new_apply_order.py[line:812]: {'app': 'nairaease', 'loan_order_id': '1475442805837008896', 'mobile': '01640607951', 'order_status': 40}
INFO - 2021-12-27 20:25:59,670 - new_apply_order.py[line:932]: ===========完成第【13】次进件===========
INFO - 2021-12-27 20:25:59,670 - new_apply_order.py[line:892]: 开始第 nairaease【14】次进件……
INFO - 2021-12-27 20:25:59,677 - new_apply_order.py[line:83]: ======【nga测试环境】生成手机号：01640607959 ======
INFO - 2021-12-27 20:26:00,022 - new_apply_order.py[line:96]: 01640607959 检测用户存在成功！
INFO - 2021-12-27 20:26:00,062 - new_apply_order.py[line:105]: 01640607959 短信发送成功！
INFO - 2021-12-27 20:26:00,107 - new_apply_order.py[line:118]: 01640607959 注册成功！
INFO - 2021-12-27 20:26:00,163 - new_apply_order.py[line:134]: 01640607959 登录短信发送成功！
INFO - 2021-12-27 20:26:00,219 - new_apply_order.py[line:144]: userId=6246832283613667328,mobile=01640607959,token=9aa20767ec68e222f2792c5aa0ecfd5c 登录成功
INFO - 2021-12-27 20:26:00,338 - new_apply_order.py[line:211]: 个人信息提交成功！
INFO - 2021-12-27 20:26:00,395 - new_apply_order.py[line:222]: 联系人信息提交成功！
INFO - 2021-12-27 20:26:00,655 - new_apply_order.py[line:254]: 创建预审订单成功！
INFO - 2021-12-27 20:26:00,676 - new_apply_order.py[line:262]: 预审状态修改为通过,更新条数 1
INFO - 2021-12-27 20:26:00,698 - new_apply_order.py[line:265]: 更新初始额度！更新条数 1
INFO - 2021-12-27 20:26:00,956 - new_apply_order.py[line:341]: 活体图片上传成功！回写配置文件global_param.mp4_url
INFO - 2021-12-27 20:26:00,993 - new_apply_order.py[line:351]: 视频认证通过！
INFO - 2021-12-27 20:26:01,945 - new_apply_order.py[line:510]: bvn和银行卡绑卡认证通过！
INFO - 2021-12-27 20:26:02,246 - new_apply_order.py[line:561]: user更新1条
INFO - 2021-12-27 20:26:02,433 - new_apply_order.py[line:622]: 进件成功！执行sql将订单改为风控中……
INFO - 2021-12-27 20:26:03,477 - new_apply_order.py[line:628]: 订单表更新1条，信审更新1条
INFO - 2021-12-27 20:26:03,855 - new_apply_order.py[line:642]: 查询loan_order_id成功！
INFO - 2021-12-27 20:26:03,896 - new_apply_order.py[line:657]: 订单回调复审通过成功！
INFO - 2021-12-27 20:26:04,648 - new_apply_order.py[line:679]: 获取token成功！token=bearer 81ccf804-f170-41a0-958c-7937cb0ad723！
INFO - 2021-12-27 20:26:05,004 - new_apply_order.py[line:642]: 查询loan_order_id成功！
INFO - 2021-12-27 20:26:05,319 - new_apply_order.py[line:697]: 后台已触发放款成功！
INFO - 2021-12-27 20:26:05,336 - new_apply_order.py[line:711]: xxl_job web 登录成功！
INFO - 2021-12-27 20:26:05,349 - new_apply_order.py[line:727]: xxl_job 放款准备作业执行成功！
INFO - 2021-12-27 20:26:06,707 - new_apply_order.py[line:642]: 查询loan_order_id成功！
INFO - 2021-12-27 20:26:06,721 - new_apply_order.py[line:735]: 修改放款准备完成时间成功！
INFO - 2021-12-27 20:26:06,728 - new_apply_order.py[line:743]: xxl_job 放款完成作业执行成功！
INFO - 2021-12-27 20:26:07,036 - new_apply_order.py[line:915]: 校验重试查询第1次
ERROR - 2021-12-27 20:26:08,049 - new_apply_order.py[line:811]: 放款完成或准备失败,目前的订单状态是35
INFO - 2021-12-27 20:26:08,050 - new_apply_order.py[line:812]: {'app': 'nairaease', 'loan_order_id': '1475442841442455552', 'mobile': '01640607959', 'order_status': 35}
INFO - 2021-12-27 20:26:08,557 - new_apply_order.py[line:915]: 校验重试查询第2次
INFO - 2021-12-27 20:26:09,568 - new_apply_order.py[line:809]: 放款完成或准备成功,目前的订单状态是40
INFO - 2021-12-27 20:26:09,568 - new_apply_order.py[line:812]: {'app': 'nairaease', 'loan_order_id': '1475442841442455552', 'mobile': '01640607959', 'order_status': 40}
INFO - 2021-12-27 20:26:09,568 - new_apply_order.py[line:932]: ===========完成第【14】次进件===========
INFO - 2021-12-27 20:26:09,568 - new_apply_order.py[line:892]: 开始第 nairaease【15】次进件……
INFO - 2021-12-27 20:26:09,569 - new_apply_order.py[line:83]: ======【nga测试环境】生成手机号：01640607969 ======
INFO - 2021-12-27 20:26:09,920 - new_apply_order.py[line:96]: 01640607969 检测用户存在成功！
INFO - 2021-12-27 20:26:09,964 - new_apply_order.py[line:105]: 01640607969 短信发送成功！
INFO - 2021-12-27 20:26:10,007 - new_apply_order.py[line:118]: 01640607969 注册成功！
INFO - 2021-12-27 20:26:10,056 - new_apply_order.py[line:134]: 01640607969 登录短信发送成功！
INFO - 2021-12-27 20:26:10,099 - new_apply_order.py[line:144]: userId=6246832325128888320,mobile=01640607969,token=f65e5acc7e1e31e53b188d8639c31cc8 登录成功
INFO - 2021-12-27 20:26:10,203 - new_apply_order.py[line:211]: 个人信息提交成功！
INFO - 2021-12-27 20:26:10,252 - new_apply_order.py[line:222]: 联系人信息提交成功！
INFO - 2021-12-27 20:26:10,488 - new_apply_order.py[line:254]: 创建预审订单成功！
INFO - 2021-12-27 20:26:10,506 - new_apply_order.py[line:262]: 预审状态修改为通过,更新条数 1
INFO - 2021-12-27 20:26:10,520 - new_apply_order.py[line:265]: 更新初始额度！更新条数 1
INFO - 2021-12-27 20:26:10,825 - new_apply_order.py[line:341]: 活体图片上传成功！回写配置文件global_param.mp4_url
INFO - 2021-12-27 20:26:10,866 - new_apply_order.py[line:351]: 视频认证通过！
INFO - 2021-12-27 20:26:11,922 - new_apply_order.py[line:510]: bvn和银行卡绑卡认证通过！
INFO - 2021-12-27 20:26:12,246 - new_apply_order.py[line:561]: user更新1条
INFO - 2021-12-27 20:26:12,432 - new_apply_order.py[line:622]: 进件成功！执行sql将订单改为风控中……
INFO - 2021-12-27 20:26:13,464 - new_apply_order.py[line:628]: 订单表更新1条，信审更新1条
INFO - 2021-12-27 20:26:13,868 - new_apply_order.py[line:642]: 查询loan_order_id成功！
INFO - 2021-12-27 20:26:13,913 - new_apply_order.py[line:657]: 订单回调复审通过成功！
INFO - 2021-12-27 20:26:14,678 - new_apply_order.py[line:679]: 获取token成功！token=bearer 81ccf804-f170-41a0-958c-7937cb0ad723！
INFO - 2021-12-27 20:26:15,046 - new_apply_order.py[line:642]: 查询loan_order_id成功！
INFO - 2021-12-27 20:26:30,776 - new_apply_order.py[line:697]: 后台已触发放款成功！
INFO - 2021-12-27 20:26:30,790 - new_apply_order.py[line:711]: xxl_job web 登录成功！
INFO - 2021-12-27 20:26:30,802 - new_apply_order.py[line:727]: xxl_job 放款准备作业执行成功！
INFO - 2021-12-27 20:26:32,151 - new_apply_order.py[line:642]: 查询loan_order_id成功！
INFO - 2021-12-27 20:26:32,164 - new_apply_order.py[line:735]: 修改放款准备完成时间成功！
INFO - 2021-12-27 20:26:32,170 - new_apply_order.py[line:743]: xxl_job 放款完成作业执行成功！
INFO - 2021-12-27 20:26:32,478 - new_apply_order.py[line:915]: 校验重试查询第1次
ERROR - 2021-12-27 20:26:33,496 - new_apply_order.py[line:811]: 放款完成或准备失败,目前的订单状态是35
INFO - 2021-12-27 20:26:33,496 - new_apply_order.py[line:812]: {'app': 'nairaease', 'loan_order_id': '1475442882785710080', 'mobile': '01640607969', 'order_status': 35}
INFO - 2021-12-27 20:26:34,008 - new_apply_order.py[line:915]: 校验重试查询第2次
INFO - 2021-12-27 20:26:35,025 - new_apply_order.py[line:809]: 放款完成或准备成功,目前的订单状态是40
INFO - 2021-12-27 20:26:35,025 - new_apply_order.py[line:812]: {'app': 'nairaease', 'loan_order_id': '1475442882785710080', 'mobile': '01640607969', 'order_status': 40}
INFO - 2021-12-27 20:26:35,026 - new_apply_order.py[line:932]: ===========完成第【15】次进件===========
INFO - 2021-12-27 20:26:35,026 - new_apply_order.py[line:892]: 开始第 nairaease【16】次进件……
INFO - 2021-12-27 20:26:35,028 - new_apply_order.py[line:83]: ======【nga测试环境】生成手机号：01640607995 ======
INFO - 2021-12-27 20:26:35,384 - new_apply_order.py[line:96]: 01640607995 检测用户存在成功！
INFO - 2021-12-27 20:26:35,423 - new_apply_order.py[line:105]: 01640607995 短信发送成功！
INFO - 2021-12-27 20:26:35,465 - new_apply_order.py[line:118]: 01640607995 注册成功！
INFO - 2021-12-27 20:26:35,513 - new_apply_order.py[line:134]: 01640607995 登录短信发送成功！
INFO - 2021-12-27 20:26:35,557 - new_apply_order.py[line:144]: userId=6246832431886508032,mobile=01640607995,token=f39f8fb5a2cff5e02a48d21e30fbea11 登录成功
INFO - 2021-12-27 20:26:35,650 - new_apply_order.py[line:211]: 个人信息提交成功！
INFO - 2021-12-27 20:26:35,697 - new_apply_order.py[line:222]: 联系人信息提交成功！
INFO - 2021-12-27 20:26:35,959 - new_apply_order.py[line:254]: 创建预审订单成功！
INFO - 2021-12-27 20:26:35,981 - new_apply_order.py[line:262]: 预审状态修改为通过,更新条数 1
INFO - 2021-12-27 20:26:35,998 - new_apply_order.py[line:265]: 更新初始额度！更新条数 1
INFO - 2021-12-27 20:26:36,263 - new_apply_order.py[line:341]: 活体图片上传成功！回写配置文件global_param.mp4_url
INFO - 2021-12-27 20:26:36,297 - new_apply_order.py[line:351]: 视频认证通过！
INFO - 2021-12-27 20:26:37,166 - new_apply_order.py[line:510]: bvn和银行卡绑卡认证通过！
INFO - 2021-12-27 20:26:37,481 - new_apply_order.py[line:561]: user更新1条
INFO - 2021-12-27 20:26:37,709 - new_apply_order.py[line:622]: 进件成功！执行sql将订单改为风控中……
INFO - 2021-12-27 20:26:38,740 - new_apply_order.py[line:628]: 订单表更新1条，信审更新1条
INFO - 2021-12-27 20:26:39,107 - new_apply_order.py[line:642]: 查询loan_order_id成功！
INFO - 2021-12-27 20:26:39,146 - new_apply_order.py[line:657]: 订单回调复审通过成功！
INFO - 2021-12-27 20:26:39,904 - new_apply_order.py[line:679]: 获取token成功！token=bearer 81ccf804-f170-41a0-958c-7937cb0ad723！
INFO - 2021-12-27 20:26:40,271 - new_apply_order.py[line:642]: 查询loan_order_id成功！
INFO - 2021-12-27 20:26:40,576 - new_apply_order.py[line:697]: 后台已触发放款成功！
INFO - 2021-12-27 20:26:40,592 - new_apply_order.py[line:711]: xxl_job web 登录成功！
INFO - 2021-12-27 20:26:40,604 - new_apply_order.py[line:727]: xxl_job 放款准备作业执行成功！
INFO - 2021-12-27 20:26:41,989 - new_apply_order.py[line:642]: 查询loan_order_id成功！
INFO - 2021-12-27 20:26:42,005 - new_apply_order.py[line:735]: 修改放款准备完成时间成功！
INFO - 2021-12-27 20:26:42,013 - new_apply_order.py[line:743]: xxl_job 放款完成作业执行成功！
INFO - 2021-12-27 20:26:42,320 - new_apply_order.py[line:915]: 校验重试查询第1次
ERROR - 2021-12-27 20:26:43,337 - new_apply_order.py[line:811]: 放款完成或准备失败,目前的订单状态是30
INFO - 2021-12-27 20:26:43,337 - new_apply_order.py[line:812]: {'app': 'nairaease', 'loan_order_id': '1475442989589467136', 'mobile': '01640607995', 'order_status': 30}
INFO - 2021-12-27 20:26:43,338 - new_apply_order.py[line:915]: 校验重试查询第2次
ERROR - 2021-12-27 20:26:44,355 - new_apply_order.py[line:811]: 放款完成或准备失败,目前的订单状态是32
INFO - 2021-12-27 20:26:44,355 - new_apply_order.py[line:812]: {'app': 'nairaease', 'loan_order_id': '1475442989589467136', 'mobile': '01640607995', 'order_status': 32}
INFO - 2021-12-27 20:26:44,369 - new_apply_order.py[line:711]: xxl_job web 登录成功！
INFO - 2021-12-27 20:26:44,382 - new_apply_order.py[line:727]: xxl_job 放款准备作业执行成功！
INFO - 2021-12-27 20:26:45,744 - new_apply_order.py[line:642]: 查询loan_order_id成功！
INFO - 2021-12-27 20:26:45,760 - new_apply_order.py[line:735]: 修改放款准备完成时间成功！
INFO - 2021-12-27 20:26:45,769 - new_apply_order.py[line:743]: xxl_job 放款完成作业执行成功！
INFO - 2021-12-27 20:26:46,272 - new_apply_order.py[line:915]: 校验重试查询第3次
ERROR - 2021-12-27 20:26:47,287 - new_apply_order.py[line:811]: 放款完成或准备失败,目前的订单状态是32
INFO - 2021-12-27 20:26:47,288 - new_apply_order.py[line:812]: {'app': 'nairaease', 'loan_order_id': '1475442989589467136', 'mobile': '01640607995', 'order_status': 32}
INFO - 2021-12-27 20:26:47,302 - new_apply_order.py[line:711]: xxl_job web 登录成功！
INFO - 2021-12-27 20:26:47,315 - new_apply_order.py[line:727]: xxl_job 放款准备作业执行成功！
INFO - 2021-12-27 20:26:48,669 - new_apply_order.py[line:642]: 查询loan_order_id成功！
INFO - 2021-12-27 20:26:48,687 - new_apply_order.py[line:735]: 修改放款准备完成时间成功！
INFO - 2021-12-27 20:26:48,693 - new_apply_order.py[line:743]: xxl_job 放款完成作业执行成功！
INFO - 2021-12-27 20:26:49,195 - new_apply_order.py[line:915]: 校验重试查询第4次
ERROR - 2021-12-27 20:26:50,210 - new_apply_order.py[line:811]: 放款完成或准备失败,目前的订单状态是32
INFO - 2021-12-27 20:26:50,211 - new_apply_order.py[line:812]: {'app': 'nairaease', 'loan_order_id': '1475442989589467136', 'mobile': '01640607995', 'order_status': 32}
INFO - 2021-12-27 20:26:50,223 - new_apply_order.py[line:711]: xxl_job web 登录成功！
INFO - 2021-12-27 20:26:50,235 - new_apply_order.py[line:727]: xxl_job 放款准备作业执行成功！
INFO - 2021-12-27 20:26:51,621 - new_apply_order.py[line:642]: 查询loan_order_id成功！
INFO - 2021-12-27 20:26:51,641 - new_apply_order.py[line:735]: 修改放款准备完成时间成功！
INFO - 2021-12-27 20:26:51,651 - new_apply_order.py[line:743]: xxl_job 放款完成作业执行成功！
INFO - 2021-12-27 20:26:52,152 - new_apply_order.py[line:915]: 校验重试查询第5次
ERROR - 2021-12-27 20:26:53,172 - new_apply_order.py[line:811]: 放款完成或准备失败,目前的订单状态是32
INFO - 2021-12-27 20:26:53,172 - new_apply_order.py[line:812]: {'app': 'nairaease', 'loan_order_id': '1475442989589467136', 'mobile': '01640607995', 'order_status': 32}
INFO - 2021-12-27 20:26:53,188 - new_apply_order.py[line:711]: xxl_job web 登录成功！
INFO - 2021-12-27 20:26:53,203 - new_apply_order.py[line:727]: xxl_job 放款准备作业执行成功！
INFO - 2021-12-27 20:26:54,571 - new_apply_order.py[line:642]: 查询loan_order_id成功！
INFO - 2021-12-27 20:26:54,593 - new_apply_order.py[line:735]: 修改放款准备完成时间成功！
INFO - 2021-12-27 20:26:54,601 - new_apply_order.py[line:743]: xxl_job 放款完成作业执行成功！
INFO - 2021-12-27 20:26:55,106 - new_apply_order.py[line:915]: 校验重试查询第6次
ERROR - 2021-12-27 20:26:56,122 - new_apply_order.py[line:811]: 放款完成或准备失败,目前的订单状态是32
INFO - 2021-12-27 20:26:56,122 - new_apply_order.py[line:812]: {'app': 'nairaease', 'loan_order_id': '1475442989589467136', 'mobile': '01640607995', 'order_status': 32}
INFO - 2021-12-27 20:26:56,137 - new_apply_order.py[line:711]: xxl_job web 登录成功！
INFO - 2021-12-27 20:26:56,148 - new_apply_order.py[line:727]: xxl_job 放款准备作业执行成功！
INFO - 2021-12-27 20:26:57,515 - new_apply_order.py[line:642]: 查询loan_order_id成功！
INFO - 2021-12-27 20:26:57,534 - new_apply_order.py[line:735]: 修改放款准备完成时间成功！
INFO - 2021-12-27 20:26:57,542 - new_apply_order.py[line:743]: xxl_job 放款完成作业执行成功！
INFO - 2021-12-27 20:26:58,044 - new_apply_order.py[line:915]: 校验重试查询第7次
ERROR - 2021-12-27 20:26:59,060 - new_apply_order.py[line:811]: 放款完成或准备失败,目前的订单状态是32
INFO - 2021-12-27 20:26:59,060 - new_apply_order.py[line:812]: {'app': 'nairaease', 'loan_order_id': '1475442989589467136', 'mobile': '01640607995', 'order_status': 32}
INFO - 2021-12-27 20:26:59,073 - new_apply_order.py[line:711]: xxl_job web 登录成功！
INFO - 2021-12-27 20:26:59,085 - new_apply_order.py[line:727]: xxl_job 放款准备作业执行成功！
INFO - 2021-12-27 20:27:00,452 - new_apply_order.py[line:642]: 查询loan_order_id成功！
INFO - 2021-12-27 20:27:00,471 - new_apply_order.py[line:735]: 修改放款准备完成时间成功！
INFO - 2021-12-27 20:27:00,481 - new_apply_order.py[line:743]: xxl_job 放款完成作业执行成功！
INFO - 2021-12-27 20:27:00,985 - new_apply_order.py[line:915]: 校验重试查询第8次
ERROR - 2021-12-27 20:27:02,001 - new_apply_order.py[line:811]: 放款完成或准备失败,目前的订单状态是32
INFO - 2021-12-27 20:27:02,001 - new_apply_order.py[line:812]: {'app': 'nairaease', 'loan_order_id': '1475442989589467136', 'mobile': '01640607995', 'order_status': 32}
INFO - 2021-12-27 20:27:02,014 - new_apply_order.py[line:711]: xxl_job web 登录成功！
INFO - 2021-12-27 20:27:02,025 - new_apply_order.py[line:727]: xxl_job 放款准备作业执行成功！
INFO - 2021-12-27 20:27:03,404 - new_apply_order.py[line:642]: 查询loan_order_id成功！
INFO - 2021-12-27 20:27:03,420 - new_apply_order.py[line:735]: 修改放款准备完成时间成功！
INFO - 2021-12-27 20:27:03,428 - new_apply_order.py[line:743]: xxl_job 放款完成作业执行成功！
INFO - 2021-12-27 20:27:03,930 - new_apply_order.py[line:915]: 校验重试查询第9次
ERROR - 2021-12-27 20:27:04,946 - new_apply_order.py[line:811]: 放款完成或准备失败,目前的订单状态是32
INFO - 2021-12-27 20:27:04,946 - new_apply_order.py[line:812]: {'app': 'nairaease', 'loan_order_id': '1475442989589467136', 'mobile': '01640607995', 'order_status': 32}
INFO - 2021-12-27 20:27:04,960 - new_apply_order.py[line:711]: xxl_job web 登录成功！
INFO - 2021-12-27 20:27:04,972 - new_apply_order.py[line:727]: xxl_job 放款准备作业执行成功！
INFO - 2021-12-27 20:27:06,332 - new_apply_order.py[line:642]: 查询loan_order_id成功！
INFO - 2021-12-27 20:27:06,348 - new_apply_order.py[line:735]: 修改放款准备完成时间成功！
INFO - 2021-12-27 20:27:06,355 - new_apply_order.py[line:743]: xxl_job 放款完成作业执行成功！
INFO - 2021-12-27 20:27:06,857 - new_apply_order.py[line:915]: 校验重试查询第10次
ERROR - 2021-12-27 20:27:07,874 - new_apply_order.py[line:811]: 放款完成或准备失败,目前的订单状态是32
INFO - 2021-12-27 20:27:07,874 - new_apply_order.py[line:812]: {'app': 'nairaease', 'loan_order_id': '1475442989589467136', 'mobile': '01640607995', 'order_status': 32}
INFO - 2021-12-27 20:27:07,887 - new_apply_order.py[line:711]: xxl_job web 登录成功！
INFO - 2021-12-27 20:27:07,898 - new_apply_order.py[line:727]: xxl_job 放款准备作业执行成功！
INFO - 2021-12-27 20:27:09,267 - new_apply_order.py[line:642]: 查询loan_order_id成功！
INFO - 2021-12-27 20:27:09,285 - new_apply_order.py[line:735]: 修改放款准备完成时间成功！
INFO - 2021-12-27 20:27:09,293 - new_apply_order.py[line:743]: xxl_job 放款完成作业执行成功！
INFO - 2021-12-27 20:27:09,795 - new_apply_order.py[line:932]: ===========完成第【16】次进件===========
INFO - 2021-12-27 20:27:09,795 - new_apply_order.py[line:892]: 开始第 nairaease【17】次进件……
INFO - 2021-12-27 20:27:09,798 - new_apply_order.py[line:83]: ======【nga测试环境】生成手机号：01640608029 ======
INFO - 2021-12-27 20:27:10,157 - new_apply_order.py[line:96]: 01640608029 检测用户存在成功！
INFO - 2021-12-27 20:27:10,221 - new_apply_order.py[line:105]: 01640608029 短信发送成功！
INFO - 2021-12-27 20:27:10,268 - new_apply_order.py[line:118]: 01640608029 注册成功！
INFO - 2021-12-27 20:27:10,317 - new_apply_order.py[line:134]: 01640608029 登录短信发送成功！
INFO - 2021-12-27 20:27:10,373 - new_apply_order.py[line:144]: userId=6246832577835704320,mobile=01640608029,token=289ad23103828956e64345ebe10ecea8 登录成功
INFO - 2021-12-27 20:27:10,476 - new_apply_order.py[line:211]: 个人信息提交成功！
INFO - 2021-12-27 20:27:10,546 - new_apply_order.py[line:222]: 联系人信息提交成功！
INFO - 2021-12-27 20:27:10,803 - new_apply_order.py[line:254]: 创建预审订单成功！
INFO - 2021-12-27 20:27:10,822 - new_apply_order.py[line:262]: 预审状态修改为通过,更新条数 1
INFO - 2021-12-27 20:27:10,839 - new_apply_order.py[line:265]: 更新初始额度！更新条数 1
INFO - 2021-12-27 20:27:11,118 - new_apply_order.py[line:341]: 活体图片上传成功！回写配置文件global_param.mp4_url
INFO - 2021-12-27 20:27:11,157 - new_apply_order.py[line:351]: 视频认证通过！
INFO - 2021-12-27 20:27:12,212 - new_apply_order.py[line:510]: bvn和银行卡绑卡认证通过！
INFO - 2021-12-27 20:27:12,518 - new_apply_order.py[line:561]: user更新1条
INFO - 2021-12-27 20:27:12,767 - new_apply_order.py[line:622]: 进件成功！执行sql将订单改为风控中……
INFO - 2021-12-27 20:27:13,808 - new_apply_order.py[line:628]: 订单表更新1条，信审更新1条
INFO - 2021-12-27 20:27:14,176 - new_apply_order.py[line:642]: 查询loan_order_id成功！
INFO - 2021-12-27 20:27:14,217 - new_apply_order.py[line:657]: 订单回调复审通过成功！
INFO - 2021-12-27 20:27:15,007 - new_apply_order.py[line:679]: 获取token成功！token=bearer 81ccf804-f170-41a0-958c-7937cb0ad723！
INFO - 2021-12-27 20:27:15,363 - new_apply_order.py[line:642]: 查询loan_order_id成功！
INFO - 2021-12-27 20:27:15,722 - new_apply_order.py[line:697]: 后台已触发放款成功！
INFO - 2021-12-27 20:27:15,734 - new_apply_order.py[line:711]: xxl_job web 登录成功！
INFO - 2021-12-27 20:27:15,745 - new_apply_order.py[line:727]: xxl_job 放款准备作业执行成功！
INFO - 2021-12-27 20:27:17,109 - new_apply_order.py[line:642]: 查询loan_order_id成功！
INFO - 2021-12-27 20:27:17,124 - new_apply_order.py[line:735]: 修改放款准备完成时间成功！
INFO - 2021-12-27 20:27:17,131 - new_apply_order.py[line:743]: xxl_job 放款完成作业执行成功！
INFO - 2021-12-27 20:27:17,438 - new_apply_order.py[line:915]: 校验重试查询第1次
ERROR - 2021-12-27 20:27:18,453 - new_apply_order.py[line:811]: 放款完成或准备失败,目前的订单状态是35
INFO - 2021-12-27 20:27:18,453 - new_apply_order.py[line:812]: {'app': 'nairaease', 'loan_order_id': '1475443135760961536', 'mobile': '01640608029', 'order_status': 35}
INFO - 2021-12-27 20:27:18,964 - new_apply_order.py[line:915]: 校验重试查询第2次
INFO - 2021-12-27 20:27:19,979 - new_apply_order.py[line:809]: 放款完成或准备成功,目前的订单状态是40
INFO - 2021-12-27 20:27:19,979 - new_apply_order.py[line:812]: {'app': 'nairaease', 'loan_order_id': '1475443135760961536', 'mobile': '01640608029', 'order_status': 40}
INFO - 2021-12-27 20:27:19,980 - new_apply_order.py[line:932]: ===========完成第【17】次进件===========
INFO - 2021-12-27 20:27:19,980 - new_apply_order.py[line:892]: 开始第 nairaease【18】次进件……
INFO - 2021-12-27 20:27:19,981 - new_apply_order.py[line:83]: ======【nga测试环境】生成手机号：01640608039 ======
INFO - 2021-12-27 20:27:20,331 - new_apply_order.py[line:96]: 01640608039 检测用户存在成功！
INFO - 2021-12-27 20:27:20,370 - new_apply_order.py[line:105]: 01640608039 短信发送成功！
INFO - 2021-12-27 20:27:20,409 - new_apply_order.py[line:118]: 01640608039 注册成功！
INFO - 2021-12-27 20:27:20,459 - new_apply_order.py[line:134]: 01640608039 登录短信发送成功！
INFO - 2021-12-27 20:27:20,506 - new_apply_order.py[line:144]: userId=6246832620399501312,mobile=01640608039,token=4b95533739f89d1a93de08b2b52cc955 登录成功
INFO - 2021-12-27 20:27:20,593 - new_apply_order.py[line:211]: 个人信息提交成功！
INFO - 2021-12-27 20:27:20,641 - new_apply_order.py[line:222]: 联系人信息提交成功！
INFO - 2021-12-27 20:27:20,847 - new_apply_order.py[line:254]: 创建预审订单成功！
INFO - 2021-12-27 20:27:20,865 - new_apply_order.py[line:262]: 预审状态修改为通过,更新条数 1
INFO - 2021-12-27 20:27:20,880 - new_apply_order.py[line:265]: 更新初始额度！更新条数 1
INFO - 2021-12-27 20:27:21,129 - new_apply_order.py[line:341]: 活体图片上传成功！回写配置文件global_param.mp4_url
INFO - 2021-12-27 20:27:21,161 - new_apply_order.py[line:351]: 视频认证通过！
INFO - 2021-12-27 20:27:22,124 - new_apply_order.py[line:510]: bvn和银行卡绑卡认证通过！
INFO - 2021-12-27 20:27:22,440 - new_apply_order.py[line:561]: user更新1条
INFO - 2021-12-27 20:27:22,608 - new_apply_order.py[line:622]: 进件成功！执行sql将订单改为风控中……
INFO - 2021-12-27 20:27:23,653 - new_apply_order.py[line:628]: 订单表更新1条，信审更新1条
INFO - 2021-12-27 20:27:24,019 - new_apply_order.py[line:642]: 查询loan_order_id成功！
INFO - 2021-12-27 20:27:24,056 - new_apply_order.py[line:657]: 订单回调复审通过成功！
INFO - 2021-12-27 20:27:24,861 - new_apply_order.py[line:679]: 获取token成功！token=bearer 81ccf804-f170-41a0-958c-7937cb0ad723！
INFO - 2021-12-27 20:27:25,214 - new_apply_order.py[line:642]: 查询loan_order_id成功！
INFO - 2021-12-27 20:27:25,564 - new_apply_order.py[line:697]: 后台已触发放款成功！
INFO - 2021-12-27 20:27:25,580 - new_apply_order.py[line:711]: xxl_job web 登录成功！
INFO - 2021-12-27 20:27:25,596 - new_apply_order.py[line:727]: xxl_job 放款准备作业执行成功！
INFO - 2021-12-27 20:27:26,952 - new_apply_order.py[line:642]: 查询loan_order_id成功！
INFO - 2021-12-27 20:27:26,966 - new_apply_order.py[line:735]: 修改放款准备完成时间成功！
INFO - 2021-12-27 20:27:26,974 - new_apply_order.py[line:743]: xxl_job 放款完成作业执行成功！
INFO - 2021-12-27 20:27:27,281 - new_apply_order.py[line:915]: 校验重试查询第1次
ERROR - 2021-12-27 20:27:28,298 - new_apply_order.py[line:811]: 放款完成或准备失败,目前的订单状态是35
INFO - 2021-12-27 20:27:28,299 - new_apply_order.py[line:812]: {'app': 'nairaease', 'loan_order_id': '1475443177976631296', 'mobile': '01640608039', 'order_status': 35}
INFO - 2021-12-27 20:27:28,803 - new_apply_order.py[line:915]: 校验重试查询第2次
INFO - 2021-12-27 20:27:29,821 - new_apply_order.py[line:809]: 放款完成或准备成功,目前的订单状态是40
INFO - 2021-12-27 20:27:29,822 - new_apply_order.py[line:812]: {'app': 'nairaease', 'loan_order_id': '1475443177976631296', 'mobile': '01640608039', 'order_status': 40}
INFO - 2021-12-27 20:27:29,823 - new_apply_order.py[line:932]: ===========完成第【18】次进件===========
INFO - 2021-12-27 20:27:29,823 - new_apply_order.py[line:892]: 开始第 nairaease【19】次进件……
INFO - 2021-12-27 20:27:29,824 - new_apply_order.py[line:83]: ======【nga测试环境】生成手机号：01640608049 ======
INFO - 2021-12-27 20:27:30,174 - new_apply_order.py[line:96]: 01640608049 检测用户存在成功！
INFO - 2021-12-27 20:27:30,215 - new_apply_order.py[line:105]: 01640608049 短信发送成功！
INFO - 2021-12-27 20:27:30,255 - new_apply_order.py[line:118]: 01640608049 注册成功！
INFO - 2021-12-27 20:27:30,304 - new_apply_order.py[line:134]: 01640608049 登录短信发送成功！
INFO - 2021-12-27 20:27:30,349 - new_apply_order.py[line:144]: userId=6246832661688229888,mobile=01640608049,token=cc00af468cc26a25b68f52f36abd8f76 登录成功
INFO - 2021-12-27 20:27:30,430 - new_apply_order.py[line:211]: 个人信息提交成功！
INFO - 2021-12-27 20:27:30,477 - new_apply_order.py[line:222]: 联系人信息提交成功！
INFO - 2021-12-27 20:27:30,661 - new_apply_order.py[line:254]: 创建预审订单成功！
INFO - 2021-12-27 20:27:30,675 - new_apply_order.py[line:262]: 预审状态修改为通过,更新条数 1
INFO - 2021-12-27 20:27:30,689 - new_apply_order.py[line:265]: 更新初始额度！更新条数 1
INFO - 2021-12-27 20:27:30,961 - new_apply_order.py[line:341]: 活体图片上传成功！回写配置文件global_param.mp4_url
INFO - 2021-12-27 20:27:31,001 - new_apply_order.py[line:351]: 视频认证通过！
INFO - 2021-12-27 20:27:32,028 - new_apply_order.py[line:510]: bvn和银行卡绑卡认证通过！
INFO - 2021-12-27 20:27:32,342 - new_apply_order.py[line:561]: user更新1条
INFO - 2021-12-27 20:27:32,556 - new_apply_order.py[line:622]: 进件成功！执行sql将订单改为风控中……
INFO - 2021-12-27 20:27:33,595 - new_apply_order.py[line:628]: 订单表更新1条，信审更新1条
INFO - 2021-12-27 20:27:33,972 - new_apply_order.py[line:642]: 查询loan_order_id成功！
INFO - 2021-12-27 20:27:34,010 - new_apply_order.py[line:657]: 订单回调复审通过成功！
INFO - 2021-12-27 20:27:34,782 - new_apply_order.py[line:679]: 获取token成功！token=bearer 81ccf804-f170-41a0-958c-7937cb0ad723！
INFO - 2021-12-27 20:27:35,145 - new_apply_order.py[line:642]: 查询loan_order_id成功！
INFO - 2021-12-27 20:27:51,551 - new_apply_order.py[line:697]: 后台已触发放款成功！
INFO - 2021-12-27 20:27:51,565 - new_apply_order.py[line:711]: xxl_job web 登录成功！
INFO - 2021-12-27 20:27:51,576 - new_apply_order.py[line:727]: xxl_job 放款准备作业执行成功！
INFO - 2021-12-27 20:27:52,954 - new_apply_order.py[line:642]: 查询loan_order_id成功！
INFO - 2021-12-27 20:27:52,967 - new_apply_order.py[line:735]: 修改放款准备完成时间成功！
INFO - 2021-12-27 20:27:52,974 - new_apply_order.py[line:743]: xxl_job 放款完成作业执行成功！
INFO - 2021-12-27 20:27:53,282 - new_apply_order.py[line:915]: 校验重试查询第1次
ERROR - 2021-12-27 20:27:54,295 - new_apply_order.py[line:811]: 放款完成或准备失败,目前的订单状态是35
INFO - 2021-12-27 20:27:54,295 - new_apply_order.py[line:812]: {'app': 'nairaease', 'loan_order_id': '1475443219219222528', 'mobile': '01640608049', 'order_status': 35}
INFO - 2021-12-27 20:27:54,806 - new_apply_order.py[line:915]: 校验重试查询第2次
INFO - 2021-12-27 20:27:55,819 - new_apply_order.py[line:809]: 放款完成或准备成功,目前的订单状态是40
INFO - 2021-12-27 20:27:55,819 - new_apply_order.py[line:812]: {'app': 'nairaease', 'loan_order_id': '1475443219219222528', 'mobile': '01640608049', 'order_status': 40}
INFO - 2021-12-27 20:27:55,819 - new_apply_order.py[line:932]: ===========完成第【19】次进件===========
INFO - 2021-12-27 20:27:55,820 - new_apply_order.py[line:892]: 开始第 nairaease【20】次进件……
INFO - 2021-12-27 20:27:55,821 - new_apply_order.py[line:83]: ======【nga测试环境】生成手机号：01640608075 ======
INFO - 2021-12-27 20:27:56,169 - new_apply_order.py[line:96]: 01640608075 检测用户存在成功！
INFO - 2021-12-27 20:27:56,203 - new_apply_order.py[line:105]: 01640608075 短信发送成功！
INFO - 2021-12-27 20:27:56,242 - new_apply_order.py[line:118]: 01640608075 注册成功！
INFO - 2021-12-27 20:27:56,290 - new_apply_order.py[line:134]: 01640608075 登录短信发送成功！
INFO - 2021-12-27 20:27:56,331 - new_apply_order.py[line:144]: userId=6246832770685607936,mobile=01640608075,token=01d1e39920dfcc510fadbde0a6f67cf5 登录成功
INFO - 2021-12-27 20:27:56,416 - new_apply_order.py[line:211]: 个人信息提交成功！
INFO - 2021-12-27 20:27:56,462 - new_apply_order.py[line:222]: 联系人信息提交成功！
INFO - 2021-12-27 20:27:56,701 - new_apply_order.py[line:254]: 创建预审订单成功！
INFO - 2021-12-27 20:27:56,715 - new_apply_order.py[line:262]: 预审状态修改为通过,更新条数 1
INFO - 2021-12-27 20:27:56,726 - new_apply_order.py[line:265]: 更新初始额度！更新条数 1
INFO - 2021-12-27 20:27:57,016 - new_apply_order.py[line:341]: 活体图片上传成功！回写配置文件global_param.mp4_url
INFO - 2021-12-27 20:27:57,046 - new_apply_order.py[line:351]: 视频认证通过！
INFO - 2021-12-27 20:27:58,038 - new_apply_order.py[line:510]: bvn和银行卡绑卡认证通过！
INFO - 2021-12-27 20:27:58,355 - new_apply_order.py[line:561]: user更新1条
INFO - 2021-12-27 20:27:58,544 - new_apply_order.py[line:622]: 进件成功！执行sql将订单改为风控中……
INFO - 2021-12-27 20:27:59,589 - new_apply_order.py[line:628]: 订单表更新1条，信审更新1条
INFO - 2021-12-27 20:27:59,950 - new_apply_order.py[line:642]: 查询loan_order_id成功！
INFO - 2021-12-27 20:27:59,982 - new_apply_order.py[line:657]: 订单回调复审通过成功！
INFO - 2021-12-27 20:28:00,757 - new_apply_order.py[line:679]: 获取token成功！token=bearer 81ccf804-f170-41a0-958c-7937cb0ad723！
INFO - 2021-12-27 20:28:01,118 - new_apply_order.py[line:642]: 查询loan_order_id成功！
INFO - 2021-12-27 20:28:01,438 - new_apply_order.py[line:697]: 后台已触发放款成功！
INFO - 2021-12-27 20:28:01,449 - new_apply_order.py[line:711]: xxl_job web 登录成功！
INFO - 2021-12-27 20:28:01,458 - new_apply_order.py[line:727]: xxl_job 放款准备作业执行成功！
INFO - 2021-12-27 20:28:02,820 - new_apply_order.py[line:642]: 查询loan_order_id成功！
INFO - 2021-12-27 20:28:02,829 - new_apply_order.py[line:735]: 修改放款准备完成时间成功！
INFO - 2021-12-27 20:28:02,834 - new_apply_order.py[line:743]: xxl_job 放款完成作业执行成功！
INFO - 2021-12-27 20:28:03,140 - new_apply_order.py[line:915]: 校验重试查询第1次
ERROR - 2021-12-27 20:28:04,157 - new_apply_order.py[line:811]: 放款完成或准备失败,目前的订单状态是30
INFO - 2021-12-27 20:28:04,158 - new_apply_order.py[line:812]: {'app': 'nairaease', 'loan_order_id': '1475443328329846784', 'mobile': '01640608075', 'order_status': 30}
INFO - 2021-12-27 20:28:04,158 - new_apply_order.py[line:915]: 校验重试查询第2次
ERROR - 2021-12-27 20:28:05,172 - new_apply_order.py[line:811]: 放款完成或准备失败,目前的订单状态是32
INFO - 2021-12-27 20:28:05,172 - new_apply_order.py[line:812]: {'app': 'nairaease', 'loan_order_id': '1475443328329846784', 'mobile': '01640608075', 'order_status': 32}
INFO - 2021-12-27 20:28:05,185 - new_apply_order.py[line:711]: xxl_job web 登录成功！
INFO - 2021-12-27 20:28:05,197 - new_apply_order.py[line:727]: xxl_job 放款准备作业执行成功！
INFO - 2021-12-27 20:28:06,557 - new_apply_order.py[line:642]: 查询loan_order_id成功！
INFO - 2021-12-27 20:28:06,574 - new_apply_order.py[line:735]: 修改放款准备完成时间成功！
INFO - 2021-12-27 20:28:06,583 - new_apply_order.py[line:743]: xxl_job 放款完成作业执行成功！
INFO - 2021-12-27 20:28:07,084 - new_apply_order.py[line:915]: 校验重试查询第3次
ERROR - 2021-12-27 20:28:08,099 - new_apply_order.py[line:811]: 放款完成或准备失败,目前的订单状态是32
INFO - 2021-12-27 20:28:08,099 - new_apply_order.py[line:812]: {'app': 'nairaease', 'loan_order_id': '1475443328329846784', 'mobile': '01640608075', 'order_status': 32}
INFO - 2021-12-27 20:28:08,111 - new_apply_order.py[line:711]: xxl_job web 登录成功！
INFO - 2021-12-27 20:28:08,123 - new_apply_order.py[line:727]: xxl_job 放款准备作业执行成功！
INFO - 2021-12-27 20:28:09,487 - new_apply_order.py[line:642]: 查询loan_order_id成功！
INFO - 2021-12-27 20:28:09,507 - new_apply_order.py[line:735]: 修改放款准备完成时间成功！
INFO - 2021-12-27 20:28:09,515 - new_apply_order.py[line:743]: xxl_job 放款完成作业执行成功！
INFO - 2021-12-27 20:28:10,020 - new_apply_order.py[line:915]: 校验重试查询第4次
ERROR - 2021-12-27 20:28:11,034 - new_apply_order.py[line:811]: 放款完成或准备失败,目前的订单状态是32
INFO - 2021-12-27 20:28:11,034 - new_apply_order.py[line:812]: {'app': 'nairaease', 'loan_order_id': '1475443328329846784', 'mobile': '01640608075', 'order_status': 32}
INFO - 2021-12-27 20:28:11,046 - new_apply_order.py[line:711]: xxl_job web 登录成功！
INFO - 2021-12-27 20:28:11,059 - new_apply_order.py[line:727]: xxl_job 放款准备作业执行成功！
INFO - 2021-12-27 20:28:12,436 - new_apply_order.py[line:642]: 查询loan_order_id成功！
INFO - 2021-12-27 20:28:12,453 - new_apply_order.py[line:735]: 修改放款准备完成时间成功！
INFO - 2021-12-27 20:28:12,465 - new_apply_order.py[line:743]: xxl_job 放款完成作业执行成功！
INFO - 2021-12-27 20:28:12,969 - new_apply_order.py[line:915]: 校验重试查询第5次
ERROR - 2021-12-27 20:28:13,990 - new_apply_order.py[line:811]: 放款完成或准备失败,目前的订单状态是32
INFO - 2021-12-27 20:28:13,991 - new_apply_order.py[line:812]: {'app': 'nairaease', 'loan_order_id': '1475443328329846784', 'mobile': '01640608075', 'order_status': 32}
INFO - 2021-12-27 20:28:14,006 - new_apply_order.py[line:711]: xxl_job web 登录成功！
INFO - 2021-12-27 20:28:14,020 - new_apply_order.py[line:727]: xxl_job 放款准备作业执行成功！
INFO - 2021-12-27 20:28:15,373 - new_apply_order.py[line:642]: 查询loan_order_id成功！
INFO - 2021-12-27 20:28:15,385 - new_apply_order.py[line:735]: 修改放款准备完成时间成功！
INFO - 2021-12-27 20:28:15,390 - new_apply_order.py[line:743]: xxl_job 放款完成作业执行成功！
INFO - 2021-12-27 20:28:15,891 - new_apply_order.py[line:915]: 校验重试查询第6次
ERROR - 2021-12-27 20:28:16,910 - new_apply_order.py[line:811]: 放款完成或准备失败,目前的订单状态是32
INFO - 2021-12-27 20:28:16,910 - new_apply_order.py[line:812]: {'app': 'nairaease', 'loan_order_id': '1475443328329846784', 'mobile': '01640608075', 'order_status': 32}
INFO - 2021-12-27 20:28:16,922 - new_apply_order.py[line:711]: xxl_job web 登录成功！
INFO - 2021-12-27 20:28:16,933 - new_apply_order.py[line:727]: xxl_job 放款准备作业执行成功！
INFO - 2021-12-27 20:28:18,302 - new_apply_order.py[line:642]: 查询loan_order_id成功！
INFO - 2021-12-27 20:28:18,316 - new_apply_order.py[line:735]: 修改放款准备完成时间成功！
INFO - 2021-12-27 20:28:18,323 - new_apply_order.py[line:743]: xxl_job 放款完成作业执行成功！
INFO - 2021-12-27 20:28:18,826 - new_apply_order.py[line:915]: 校验重试查询第7次
ERROR - 2021-12-27 20:28:19,841 - new_apply_order.py[line:811]: 放款完成或准备失败,目前的订单状态是32
INFO - 2021-12-27 20:28:19,842 - new_apply_order.py[line:812]: {'app': 'nairaease', 'loan_order_id': '1475443328329846784', 'mobile': '01640608075', 'order_status': 32}
INFO - 2021-12-27 20:28:19,855 - new_apply_order.py[line:711]: xxl_job web 登录成功！
INFO - 2021-12-27 20:28:19,868 - new_apply_order.py[line:727]: xxl_job 放款准备作业执行成功！
INFO - 2021-12-27 20:28:21,257 - new_apply_order.py[line:642]: 查询loan_order_id成功！
INFO - 2021-12-27 20:28:21,276 - new_apply_order.py[line:735]: 修改放款准备完成时间成功！
INFO - 2021-12-27 20:28:21,285 - new_apply_order.py[line:743]: xxl_job 放款完成作业执行成功！
INFO - 2021-12-27 20:28:21,787 - new_apply_order.py[line:915]: 校验重试查询第8次
ERROR - 2021-12-27 20:28:22,803 - new_apply_order.py[line:811]: 放款完成或准备失败,目前的订单状态是32
INFO - 2021-12-27 20:28:22,803 - new_apply_order.py[line:812]: {'app': 'nairaease', 'loan_order_id': '1475443328329846784', 'mobile': '01640608075', 'order_status': 32}
INFO - 2021-12-27 20:28:22,817 - new_apply_order.py[line:711]: xxl_job web 登录成功！
INFO - 2021-12-27 20:28:22,829 - new_apply_order.py[line:727]: xxl_job 放款准备作业执行成功！
INFO - 2021-12-27 20:28:24,203 - new_apply_order.py[line:642]: 查询loan_order_id成功！
INFO - 2021-12-27 20:28:24,218 - new_apply_order.py[line:735]: 修改放款准备完成时间成功！
INFO - 2021-12-27 20:28:24,227 - new_apply_order.py[line:743]: xxl_job 放款完成作业执行成功！
INFO - 2021-12-27 20:28:24,729 - new_apply_order.py[line:915]: 校验重试查询第9次
ERROR - 2021-12-27 20:28:25,746 - new_apply_order.py[line:811]: 放款完成或准备失败,目前的订单状态是32
INFO - 2021-12-27 20:28:25,746 - new_apply_order.py[line:812]: {'app': 'nairaease', 'loan_order_id': '1475443328329846784', 'mobile': '01640608075', 'order_status': 32}
INFO - 2021-12-27 20:28:25,759 - new_apply_order.py[line:711]: xxl_job web 登录成功！
INFO - 2021-12-27 20:28:25,773 - new_apply_order.py[line:727]: xxl_job 放款准备作业执行成功！
INFO - 2021-12-27 20:28:27,135 - new_apply_order.py[line:642]: 查询loan_order_id成功！
INFO - 2021-12-27 20:28:27,155 - new_apply_order.py[line:735]: 修改放款准备完成时间成功！
INFO - 2021-12-27 20:28:27,163 - new_apply_order.py[line:743]: xxl_job 放款完成作业执行成功！
INFO - 2021-12-27 20:28:27,669 - new_apply_order.py[line:915]: 校验重试查询第10次
ERROR - 2021-12-27 20:28:28,684 - new_apply_order.py[line:811]: 放款完成或准备失败,目前的订单状态是32
INFO - 2021-12-27 20:28:28,684 - new_apply_order.py[line:812]: {'app': 'nairaease', 'loan_order_id': '1475443328329846784', 'mobile': '01640608075', 'order_status': 32}
INFO - 2021-12-27 20:28:28,698 - new_apply_order.py[line:711]: xxl_job web 登录成功！
INFO - 2021-12-27 20:28:28,711 - new_apply_order.py[line:727]: xxl_job 放款准备作业执行成功！
INFO - 2021-12-27 20:28:30,068 - new_apply_order.py[line:642]: 查询loan_order_id成功！
INFO - 2021-12-27 20:28:30,084 - new_apply_order.py[line:735]: 修改放款准备完成时间成功！
INFO - 2021-12-27 20:28:30,091 - new_apply_order.py[line:743]: xxl_job 放款完成作业执行成功！
INFO - 2021-12-27 20:28:30,594 - new_apply_order.py[line:932]: ===========完成第【20】次进件===========
INFO - 2021-12-27 20:28:30,594 - new_apply_order.py[line:935]: ======完成第【20】次进件,耗时377.17s=====
