INFO - 2021-09-28 11:11:41,078 - new_apply_order.py[line:792]: 开始第 pcamion【1】次进件……
INFO - 2021-09-28 11:11:41,079 - new_apply_order.py[line:82]: ======【co测试环境】生成手机号：3632798701 ======
INFO - 2021-09-28 11:11:41,481 - new_apply_order.py[line:95]: 3632798701 检测用户存在成功！
INFO - 2021-09-28 11:11:41,573 - new_apply_order.py[line:104]: 3632798701 短信发送成功！
INFO - 2021-09-28 11:11:41,639 - new_apply_order.py[line:117]: 3632798701 注册成功！
INFO - 2021-09-28 11:11:41,724 - new_apply_order.py[line:133]: 3632798701 登录短信发送成功！
INFO - 2021-09-28 11:11:41,795 - new_apply_order.py[line:143]: userId=4955786679416135680,mobile=3632798701,token=b646bac673d45a226e5b0af3530d1009 登录成功
INFO - 2021-09-28 11:11:41,904 - new_apply_order.py[line:205]: 个人信息提交成功！
INFO - 2021-09-28 11:11:42,332 - new_apply_order.py[line:238]: 创建预审订单成功！
INFO - 2021-09-28 11:11:42,352 - new_apply_order.py[line:246]: 预审状态修改为通过,更新条数 1
INFO - 2021-09-28 11:11:42,373 - new_apply_order.py[line:249]: 更新初始额度！更新条数 1
INFO - 2021-09-28 11:11:42,632 - new_apply_order.py[line:266]: 活体图片上传成功！回写配置文件global_param.mp4_url
INFO - 2021-09-28 11:11:42,686 - new_apply_order.py[line:276]: 视频认证通过！
INFO - 2021-09-28 11:11:43,951 - new_apply_order.py[line:364]: curp上传成功!
INFO - 2021-09-28 11:11:44,091 - new_apply_order.py[line:373]: curp_rfc校验通过！
INFO - 2021-09-28 11:11:44,785 - new_apply_order.py[line:509]: 不绑卡成功跳过！
INFO - 2021-09-28 11:11:45,062 - new_apply_order.py[line:522]: 进件成功！执行sql将订单改为风控中……
INFO - 2021-09-28 11:11:46,109 - new_apply_order.py[line:528]: 订单表更新1条，信审更新1条
INFO - 2021-09-28 11:11:46,696 - new_apply_order.py[line:542]: 查询loan_order_id成功！
INFO - 2021-09-28 11:11:46,764 - new_apply_order.py[line:557]: 订单回调复审通过成功！
INFO - 2021-09-28 11:11:47,549 - new_apply_order.py[line:579]: 获取token成功！token=bearer 865c2336-1deb-4ab5-a340-be6a1b6488ee！
INFO - 2021-09-28 11:11:48,107 - new_apply_order.py[line:542]: 查询loan_order_id成功！
INFO - 2021-09-28 11:11:48,470 - new_apply_order.py[line:597]: 后台已触发放款成功！
INFO - 2021-09-28 11:11:48,482 - new_apply_order.py[line:611]: xxl_job web 登录成功！
INFO - 2021-09-28 11:11:48,493 - new_apply_order.py[line:627]: xxl_job 放款准备作业执行成功！
INFO - 2021-09-28 11:11:50,072 - new_apply_order.py[line:542]: 查询loan_order_id成功！
INFO - 2021-09-28 11:11:50,092 - new_apply_order.py[line:635]: 修改放款准备完成时间成功！
INFO - 2021-09-28 11:11:50,100 - new_apply_order.py[line:643]: xxl_job 放款完成作业执行成功！
INFO - 2021-09-28 11:11:50,755 - new_apply_order.py[line:542]: 查询loan_order_id成功！
INFO - 2021-09-28 11:11:51,069 - new_apply_order.py[line:815]: 校验重试查询第1次
ERROR - 2021-09-28 11:11:52,085 - new_apply_order.py[line:711]: 放款完成或准备失败,目前的订单状态是35
INFO - 2021-09-28 11:11:52,086 - new_apply_order.py[line:712]: {'app': 'pcamion', 'loan_order_id': '1442688437325271040', 'mobile': '3632798701', 'order_status': 35}
INFO - 2021-09-28 11:11:53,151 - new_apply_order.py[line:542]: 查询loan_order_id成功！
INFO - 2021-09-28 11:11:53,160 - new_apply_order.py[line:815]: 校验重试查询第2次
ERROR - 2021-09-28 11:11:54,167 - new_apply_order.py[line:711]: 放款完成或准备失败,目前的订单状态是35
INFO - 2021-09-28 11:11:54,167 - new_apply_order.py[line:712]: {'app': 'pcamion', 'loan_order_id': '1442688437325271040', 'mobile': '3632798701', 'order_status': 35}
INFO - 2021-09-28 11:11:55,225 - new_apply_order.py[line:542]: 查询loan_order_id成功！
INFO - 2021-09-28 11:11:55,234 - new_apply_order.py[line:815]: 校验重试查询第3次
ERROR - 2021-09-28 11:11:56,248 - new_apply_order.py[line:711]: 放款完成或准备失败,目前的订单状态是35
INFO - 2021-09-28 11:11:56,249 - new_apply_order.py[line:712]: {'app': 'pcamion', 'loan_order_id': '1442688437325271040', 'mobile': '3632798701', 'order_status': 35}
INFO - 2021-09-28 11:11:57,328 - new_apply_order.py[line:542]: 查询loan_order_id成功！
INFO - 2021-09-28 11:11:57,338 - new_apply_order.py[line:815]: 校验重试查询第4次
ERROR - 2021-09-28 11:11:58,351 - new_apply_order.py[line:711]: 放款完成或准备失败,目前的订单状态是35
INFO - 2021-09-28 11:11:58,351 - new_apply_order.py[line:712]: {'app': 'pcamion', 'loan_order_id': '1442688437325271040', 'mobile': '3632798701', 'order_status': 35}
INFO - 2021-09-28 11:11:59,441 - new_apply_order.py[line:542]: 查询loan_order_id成功！
INFO - 2021-09-28 11:11:59,447 - new_apply_order.py[line:815]: 校验重试查询第5次
ERROR - 2021-09-28 11:12:00,462 - new_apply_order.py[line:711]: 放款完成或准备失败,目前的订单状态是35
INFO - 2021-09-28 11:12:00,462 - new_apply_order.py[line:712]: {'app': 'pcamion', 'loan_order_id': '1442688437325271040', 'mobile': '3632798701', 'order_status': 35}
INFO - 2021-09-28 11:12:01,491 - new_apply_order.py[line:542]: 查询loan_order_id成功！
INFO - 2021-09-28 11:12:01,498 - new_apply_order.py[line:815]: 校验重试查询第6次
ERROR - 2021-09-28 11:12:02,515 - new_apply_order.py[line:711]: 放款完成或准备失败,目前的订单状态是35
INFO - 2021-09-28 11:12:02,515 - new_apply_order.py[line:712]: {'app': 'pcamion', 'loan_order_id': '1442688437325271040', 'mobile': '3632798701', 'order_status': 35}
INFO - 2021-09-28 11:12:03,587 - new_apply_order.py[line:542]: 查询loan_order_id成功！
INFO - 2021-09-28 11:12:03,596 - new_apply_order.py[line:815]: 校验重试查询第7次
ERROR - 2021-09-28 11:12:04,608 - new_apply_order.py[line:711]: 放款完成或准备失败,目前的订单状态是35
INFO - 2021-09-28 11:12:04,608 - new_apply_order.py[line:712]: {'app': 'pcamion', 'loan_order_id': '1442688437325271040', 'mobile': '3632798701', 'order_status': 35}
INFO - 2021-09-28 11:12:05,659 - new_apply_order.py[line:542]: 查询loan_order_id成功！
INFO - 2021-09-28 11:12:05,721 - new_apply_order.py[line:696]: 放款回调成功！
INFO - 2021-09-28 11:12:05,721 - new_apply_order.py[line:815]: 校验重试查询第8次
ERROR - 2021-09-28 11:12:06,733 - new_apply_order.py[line:711]: 放款完成或准备失败,目前的订单状态是36
INFO - 2021-09-28 11:12:06,733 - new_apply_order.py[line:712]: {'app': 'pcamion', 'loan_order_id': '1442688437325271040', 'mobile': '3632798701', 'order_status': 36}
INFO - 2021-09-28 11:12:06,736 - new_apply_order.py[line:832]: ===========完成第【1】次进件===========
INFO - 2021-09-28 11:12:06,736 - new_apply_order.py[line:835]: ======完成第【1】次进件,耗时25.66s=====
