INFO - 2021-12-02 15:00:48,330 - new_apply_order.py[line:882]: 开始第 kencash【1】次进件……
INFO - 2021-12-02 15:00:48,330 - new_apply_order.py[line:84]: ======【ke测试环境】生成手机号：738428448 ======
INFO - 2021-12-02 15:00:48,727 - new_apply_order.py[line:97]: 738428448 检测用户存在成功！
INFO - 2021-12-02 15:00:48,796 - new_apply_order.py[line:106]: 738428448 短信发送成功！
INFO - 2021-12-02 15:00:48,872 - new_apply_order.py[line:119]: 738428448 注册成功！
INFO - 2021-12-02 15:00:48,941 - new_apply_order.py[line:135]: 738428448 登录短信发送成功！
INFO - 2021-12-02 15:00:49,003 - new_apply_order.py[line:145]: userId=6237690750761312256,mobile=738428448,token=846f56f538ea197febe83583c69d7d74 登录成功
INFO - 2021-12-02 15:00:49,191 - new_apply_order.py[line:212]: 个人信息提交成功！
INFO - 2021-12-02 15:00:49,263 - new_apply_order.py[line:232]: 联系人信息提交成功！
INFO - 2021-12-02 15:00:49,625 - new_apply_order.py[line:255]: 创建预审订单成功！
INFO - 2021-12-02 15:00:49,647 - new_apply_order.py[line:263]: 预审状态修改为通过,更新条数 1
INFO - 2021-12-02 15:00:49,664 - new_apply_order.py[line:266]: 更新初始额度！更新条数 1
INFO - 2021-12-02 15:00:49,960 - new_apply_order.py[line:342]: 活体图片上传成功！回写配置文件global_param.mp4_url
INFO - 2021-12-02 15:00:50,007 - new_apply_order.py[line:352]: 视频认证通过！
ERROR - 2021-12-02 15:00:50,241 - new_apply_order.py[line:579]: 绑卡失败！{"code":"60001004","msg":"The OTP has expired.please regenerate OTP to try again","data":null}
INFO - 2021-12-02 15:00:50,549 - new_apply_order.py[line:612]: 进件成功！执行sql将订单改为风控中……
INFO - 2021-12-02 15:00:51,589 - new_apply_order.py[line:618]: 订单表更新1条，信审更新1条
INFO - 2021-12-02 15:00:51,961 - new_apply_order.py[line:632]: 查询loan_order_id成功！
INFO - 2021-12-02 15:00:52,050 - new_apply_order.py[line:647]: 订单回调复审通过成功！
INFO - 2021-12-02 15:00:52,950 - new_apply_order.py[line:669]: 获取token成功！token=bearer 79c1b5ea-9238-47e0-a22f-ee222d185aac！
INFO - 2021-12-02 15:00:53,321 - new_apply_order.py[line:632]: 查询loan_order_id成功！
INFO - 2021-12-02 15:00:53,672 - new_apply_order.py[line:687]: 后台已触发放款成功！
INFO - 2021-12-02 15:00:53,689 - new_apply_order.py[line:701]: xxl_job web 登录成功！
INFO - 2021-12-02 15:00:53,701 - new_apply_order.py[line:717]: xxl_job 放款准备作业执行成功！
INFO - 2021-12-02 15:00:55,065 - new_apply_order.py[line:632]: 查询loan_order_id成功！
INFO - 2021-12-02 15:00:55,076 - new_apply_order.py[line:725]: 修改放款准备完成时间成功！
INFO - 2021-12-02 15:00:55,083 - new_apply_order.py[line:733]: xxl_job 放款完成作业执行成功！
INFO - 2021-12-02 15:00:55,457 - new_apply_order.py[line:632]: 查询loan_order_id成功！
INFO - 2021-12-02 15:00:55,772 - new_apply_order.py[line:905]: 校验重试查询第1次
ERROR - 2021-12-02 15:00:56,788 - new_apply_order.py[line:801]: 放款完成或准备失败,目前的订单状态是30
INFO - 2021-12-02 15:00:56,789 - new_apply_order.py[line:802]: {'app': 'kencash', 'loan_order_id': '1466301309099315200', 'mobile': '738428448', 'order_status': 30}
INFO - 2021-12-02 15:00:56,789 - new_apply_order.py[line:905]: 校验重试查询第2次
ERROR - 2021-12-02 15:00:57,806 - new_apply_order.py[line:801]: 放款完成或准备失败,目前的订单状态是30
INFO - 2021-12-02 15:00:57,807 - new_apply_order.py[line:802]: {'app': 'kencash', 'loan_order_id': '1466301309099315200', 'mobile': '738428448', 'order_status': 30}
INFO - 2021-12-02 15:00:57,807 - new_apply_order.py[line:905]: 校验重试查询第3次
ERROR - 2021-12-02 15:00:58,819 - new_apply_order.py[line:801]: 放款完成或准备失败,目前的订单状态是30
INFO - 2021-12-02 15:00:58,820 - new_apply_order.py[line:802]: {'app': 'kencash', 'loan_order_id': '1466301309099315200', 'mobile': '738428448', 'order_status': 30}
INFO - 2021-12-02 15:00:58,820 - new_apply_order.py[line:905]: 校验重试查询第4次
