INFO - 2021-12-25 16:38:51,495 - new_apply_order.py[line:893]: 开始第 borrowme【1】次进件……
INFO - 2021-12-25 16:38:51,496 - new_apply_order.py[line:84]: ======【nga测试环境】生成手机号：01640421531 ======
INFO - 2021-12-25 16:38:51,858 - new_apply_order.py[line:97]: 01640421531 检测用户存在成功！
INFO - 2021-12-25 16:38:51,904 - new_apply_order.py[line:106]: 01640421531 短信发送成功！
INFO - 2021-12-25 16:38:51,949 - new_apply_order.py[line:119]: 01640421531 注册成功！
INFO - 2021-12-25 16:38:52,018 - new_apply_order.py[line:135]: 01640421531 登录短信发送成功！
INFO - 2021-12-25 16:38:52,072 - new_apply_order.py[line:145]: userId=6246050347421016064,mobile=01640421531,token=43f4d575478b659280bee23ac336d85b 登录成功
INFO - 2021-12-25 16:38:52,167 - new_apply_order.py[line:212]: 个人信息提交成功！
INFO - 2021-12-25 16:38:52,230 - new_apply_order.py[line:223]: 联系人信息提交成功！
INFO - 2021-12-25 16:38:52,496 - new_apply_order.py[line:255]: 创建预审订单成功！
INFO - 2021-12-25 16:38:52,515 - new_apply_order.py[line:263]: 预审状态修改为通过,更新条数 1
INFO - 2021-12-25 16:38:52,529 - new_apply_order.py[line:266]: 更新初始额度！更新条数 1
INFO - 2021-12-25 16:38:52,813 - new_apply_order.py[line:342]: 活体图片上传成功！回写配置文件global_param.mp4_url
INFO - 2021-12-25 16:38:52,851 - new_apply_order.py[line:352]: 视频认证通过！
INFO - 2021-12-25 16:38:53,908 - new_apply_order.py[line:511]: bvn和银行卡绑卡认证通过！
INFO - 2021-12-25 16:38:54,224 - new_apply_order.py[line:562]: user更新1条
INFO - 2021-12-25 16:38:54,489 - new_apply_order.py[line:623]: 进件成功！执行sql将订单改为风控中……
INFO - 2021-12-25 16:38:55,529 - new_apply_order.py[line:629]: 订单表更新1条，信审更新1条
INFO - 2021-12-25 16:38:55,918 - new_apply_order.py[line:643]: 查询loan_order_id成功！
INFO - 2021-12-25 16:38:55,963 - new_apply_order.py[line:658]: 订单回调复审通过成功！
INFO - 2021-12-25 16:38:56,747 - new_apply_order.py[line:680]: 获取token成功！token=bearer 13217b9d-4144-41ef-82ab-a4ef98fb7993！
INFO - 2021-12-25 16:38:57,109 - new_apply_order.py[line:643]: 查询loan_order_id成功！
INFO - 2021-12-25 16:38:57,419 - new_apply_order.py[line:698]: 后台已触发放款成功！
INFO - 2021-12-25 16:38:57,434 - new_apply_order.py[line:712]: xxl_job web 登录成功！
INFO - 2021-12-25 16:38:57,451 - new_apply_order.py[line:728]: xxl_job 放款准备作业执行成功！
INFO - 2021-12-25 16:38:58,821 - new_apply_order.py[line:643]: 查询loan_order_id成功！
INFO - 2021-12-25 16:38:58,839 - new_apply_order.py[line:736]: 修改放款准备完成时间成功！
INFO - 2021-12-25 16:38:58,850 - new_apply_order.py[line:744]: xxl_job 放款完成作业执行成功！
INFO - 2021-12-25 16:38:59,157 - new_apply_order.py[line:916]: 校验重试查询第1次
ERROR - 2021-12-25 16:39:00,171 - new_apply_order.py[line:812]: 放款完成或准备失败,目前的订单状态是35
INFO - 2021-12-25 16:39:00,172 - new_apply_order.py[line:813]: {'app': 'borrowme', 'loan_order_id': '1474660905227259904', 'mobile': '01640421531', 'order_status': 35}
INFO - 2021-12-25 16:39:00,682 - new_apply_order.py[line:916]: 校验重试查询第2次
INFO - 2021-12-25 16:39:01,694 - new_apply_order.py[line:810]: 放款完成或准备成功,目前的订单状态是40
INFO - 2021-12-25 16:39:01,694 - new_apply_order.py[line:813]: {'app': 'borrowme', 'loan_order_id': '1474660905227259904', 'mobile': '01640421531', 'order_status': 40}
INFO - 2021-12-25 16:39:01,696 - new_apply_order.py[line:933]: ===========完成第【1】次进件===========
INFO - 2021-12-25 16:39:01,696 - new_apply_order.py[line:936]: ======完成第【1】次进件,耗时10.20s=====
INFO - 2021-12-25 16:39:01,701 - new_apply_order.py[line:893]: 开始第 quickcash【1】次进件……
INFO - 2021-12-25 16:39:01,703 - new_apply_order.py[line:84]: ======【nga测试环境】生成手机号：01640421541 ======
INFO - 2021-12-25 16:39:02,052 - new_apply_order.py[line:97]: 01640421541 检测用户存在成功！
INFO - 2021-12-25 16:39:02,103 - new_apply_order.py[line:106]: 01640421541 短信发送成功！
INFO - 2021-12-25 16:39:02,151 - new_apply_order.py[line:119]: 01640421541 注册成功！
INFO - 2021-12-25 16:39:02,220 - new_apply_order.py[line:135]: 01640421541 登录短信发送成功！
INFO - 2021-12-25 16:39:02,275 - new_apply_order.py[line:145]: userId=6246050390202916864,mobile=01640421541,token=e651111f5aed5b8be83a7826b54d6db3 登录成功
INFO - 2021-12-25 16:39:02,379 - new_apply_order.py[line:212]: 个人信息提交成功！
INFO - 2021-12-25 16:39:02,442 - new_apply_order.py[line:223]: 联系人信息提交成功！
INFO - 2021-12-25 16:39:02,705 - new_apply_order.py[line:255]: 创建预审订单成功！
INFO - 2021-12-25 16:39:02,724 - new_apply_order.py[line:263]: 预审状态修改为通过,更新条数 1
INFO - 2021-12-25 16:39:02,742 - new_apply_order.py[line:266]: 更新初始额度！更新条数 1
INFO - 2021-12-25 16:39:02,988 - new_apply_order.py[line:342]: 活体图片上传成功！回写配置文件global_param.mp4_url
INFO - 2021-12-25 16:39:03,027 - new_apply_order.py[line:352]: 视频认证通过！
INFO - 2021-12-25 16:39:04,015 - new_apply_order.py[line:511]: bvn和银行卡绑卡认证通过！
INFO - 2021-12-25 16:39:04,338 - new_apply_order.py[line:562]: user更新1条
INFO - 2021-12-25 16:39:04,586 - new_apply_order.py[line:623]: 进件成功！执行sql将订单改为风控中……
INFO - 2021-12-25 16:39:05,625 - new_apply_order.py[line:629]: 订单表更新1条，信审更新1条
INFO - 2021-12-25 16:39:05,987 - new_apply_order.py[line:643]: 查询loan_order_id成功！
INFO - 2021-12-25 16:39:06,026 - new_apply_order.py[line:658]: 订单回调复审通过成功！
INFO - 2021-12-25 16:39:06,836 - new_apply_order.py[line:680]: 获取token成功！token=bearer 13217b9d-4144-41ef-82ab-a4ef98fb7993！
INFO - 2021-12-25 16:39:07,213 - new_apply_order.py[line:643]: 查询loan_order_id成功！
INFO - 2021-12-25 16:39:07,527 - new_apply_order.py[line:698]: 后台已触发放款成功！
INFO - 2021-12-25 16:39:07,544 - new_apply_order.py[line:712]: xxl_job web 登录成功！
INFO - 2021-12-25 16:39:07,557 - new_apply_order.py[line:728]: xxl_job 放款准备作业执行成功！
INFO - 2021-12-25 16:39:08,916 - new_apply_order.py[line:643]: 查询loan_order_id成功！
INFO - 2021-12-25 16:39:08,936 - new_apply_order.py[line:736]: 修改放款准备完成时间成功！
INFO - 2021-12-25 16:39:08,945 - new_apply_order.py[line:744]: xxl_job 放款完成作业执行成功！
INFO - 2021-12-25 16:39:09,254 - new_apply_order.py[line:916]: 校验重试查询第1次
ERROR - 2021-12-25 16:39:10,270 - new_apply_order.py[line:812]: 放款完成或准备失败,目前的订单状态是35
INFO - 2021-12-25 16:39:10,270 - new_apply_order.py[line:813]: {'app': 'quickcash', 'loan_order_id': '1474660948055298048', 'mobile': '01640421541', 'order_status': 35}
INFO - 2021-12-25 16:39:10,777 - new_apply_order.py[line:916]: 校验重试查询第2次
INFO - 2021-12-25 16:39:11,791 - new_apply_order.py[line:810]: 放款完成或准备成功,目前的订单状态是40
INFO - 2021-12-25 16:39:11,791 - new_apply_order.py[line:813]: {'app': 'quickcash', 'loan_order_id': '1474660948055298048', 'mobile': '01640421541', 'order_status': 40}
INFO - 2021-12-25 16:39:11,792 - new_apply_order.py[line:933]: ===========完成第【1】次进件===========
INFO - 2021-12-25 16:39:11,792 - new_apply_order.py[line:936]: ======完成第【1】次进件,耗时10.09s=====
INFO - 2021-12-25 16:39:11,797 - new_apply_order.py[line:893]: 开始第 borrowme【1】次进件……
INFO - 2021-12-25 16:39:11,799 - new_apply_order.py[line:84]: ======【nga测试环境】生成手机号：01640421551 ======
INFO - 2021-12-25 16:39:12,153 - new_apply_order.py[line:97]: 01640421551 检测用户存在成功！
INFO - 2021-12-25 16:39:12,201 - new_apply_order.py[line:106]: 01640421551 短信发送成功！
INFO - 2021-12-25 16:39:12,239 - new_apply_order.py[line:119]: 01640421551 注册成功！
INFO - 2021-12-25 16:39:12,327 - new_apply_order.py[line:135]: 01640421551 登录短信发送成功！
INFO - 2021-12-25 16:39:12,394 - new_apply_order.py[line:145]: userId=6246050432540221440,mobile=01640421551,token=d488eeeb0eb1b5091a40a86de637b175 登录成功
INFO - 2021-12-25 16:39:12,515 - new_apply_order.py[line:212]: 个人信息提交成功！
INFO - 2021-12-25 16:39:12,574 - new_apply_order.py[line:223]: 联系人信息提交成功！
INFO - 2021-12-25 16:39:12,784 - new_apply_order.py[line:255]: 创建预审订单成功！
INFO - 2021-12-25 16:39:12,805 - new_apply_order.py[line:263]: 预审状态修改为通过,更新条数 1
INFO - 2021-12-25 16:39:12,821 - new_apply_order.py[line:266]: 更新初始额度！更新条数 1
INFO - 2021-12-25 16:39:13,087 - new_apply_order.py[line:342]: 活体图片上传成功！回写配置文件global_param.mp4_url
INFO - 2021-12-25 16:39:13,127 - new_apply_order.py[line:352]: 视频认证通过！
INFO - 2021-12-25 16:39:14,118 - new_apply_order.py[line:511]: bvn和银行卡绑卡认证通过！
INFO - 2021-12-25 16:39:14,445 - new_apply_order.py[line:562]: user更新1条
INFO - 2021-12-25 16:39:14,689 - new_apply_order.py[line:623]: 进件成功！执行sql将订单改为风控中……
INFO - 2021-12-25 16:39:15,726 - new_apply_order.py[line:629]: 订单表更新1条，信审更新1条
INFO - 2021-12-25 16:39:16,086 - new_apply_order.py[line:643]: 查询loan_order_id成功！
INFO - 2021-12-25 16:39:16,137 - new_apply_order.py[line:658]: 订单回调复审通过成功！
INFO - 2021-12-25 16:39:16,940 - new_apply_order.py[line:680]: 获取token成功！token=bearer 13217b9d-4144-41ef-82ab-a4ef98fb7993！
INFO - 2021-12-25 16:39:17,299 - new_apply_order.py[line:643]: 查询loan_order_id成功！
INFO - 2021-12-25 16:39:17,667 - new_apply_order.py[line:698]: 后台已触发放款成功！
INFO - 2021-12-25 16:39:17,677 - new_apply_order.py[line:712]: xxl_job web 登录成功！
INFO - 2021-12-25 16:39:17,689 - new_apply_order.py[line:728]: xxl_job 放款准备作业执行成功！
INFO - 2021-12-25 16:39:19,044 - new_apply_order.py[line:643]: 查询loan_order_id成功！
INFO - 2021-12-25 16:39:19,059 - new_apply_order.py[line:736]: 修改放款准备完成时间成功！
INFO - 2021-12-25 16:39:19,067 - new_apply_order.py[line:744]: xxl_job 放款完成作业执行成功！
INFO - 2021-12-25 16:39:19,376 - new_apply_order.py[line:916]: 校验重试查询第1次
ERROR - 2021-12-25 16:39:20,391 - new_apply_order.py[line:812]: 放款完成或准备失败,目前的订单状态是35
INFO - 2021-12-25 16:39:20,391 - new_apply_order.py[line:813]: {'app': 'borrowme', 'loan_order_id': '1474660990568763392', 'mobile': '01640421551', 'order_status': 35}
INFO - 2021-12-25 16:39:20,899 - new_apply_order.py[line:916]: 校验重试查询第2次
INFO - 2021-12-25 16:39:21,915 - new_apply_order.py[line:810]: 放款完成或准备成功,目前的订单状态是40
INFO - 2021-12-25 16:39:21,916 - new_apply_order.py[line:813]: {'app': 'borrowme', 'loan_order_id': '1474660990568763392', 'mobile': '01640421551', 'order_status': 40}
INFO - 2021-12-25 16:39:21,916 - new_apply_order.py[line:933]: ===========完成第【1】次进件===========
INFO - 2021-12-25 16:39:21,917 - new_apply_order.py[line:936]: ======完成第【1】次进件,耗时10.12s=====
INFO - 2021-12-25 16:39:21,922 - new_apply_order.py[line:893]: 开始第 moremoney【1】次进件……
INFO - 2021-12-25 16:39:21,925 - new_apply_order.py[line:84]: ======【nga测试环境】生成手机号：01640421561 ======
INFO - 2021-12-25 16:39:22,275 - new_apply_order.py[line:97]: 01640421561 检测用户存在成功！
INFO - 2021-12-25 16:39:22,324 - new_apply_order.py[line:106]: 01640421561 短信发送成功！
INFO - 2021-12-25 16:39:22,372 - new_apply_order.py[line:119]: 01640421561 注册成功！
INFO - 2021-12-25 16:39:22,437 - new_apply_order.py[line:135]: 01640421561 登录短信发送成功！
INFO - 2021-12-25 16:39:22,489 - new_apply_order.py[line:145]: userId=6246050475015938048,mobile=01640421561,token=670efe185ee8f75b4a68919f97270f20 登录成功
INFO - 2021-12-25 16:39:22,593 - new_apply_order.py[line:212]: 个人信息提交成功！
INFO - 2021-12-25 16:39:22,662 - new_apply_order.py[line:223]: 联系人信息提交成功！
INFO - 2021-12-25 16:39:22,872 - new_apply_order.py[line:255]: 创建预审订单成功！
INFO - 2021-12-25 16:39:22,892 - new_apply_order.py[line:263]: 预审状态修改为通过,更新条数 1
INFO - 2021-12-25 16:39:22,910 - new_apply_order.py[line:266]: 更新初始额度！更新条数 1
INFO - 2021-12-25 16:39:23,209 - new_apply_order.py[line:342]: 活体图片上传成功！回写配置文件global_param.mp4_url
INFO - 2021-12-25 16:39:23,267 - new_apply_order.py[line:352]: 视频认证通过！
INFO - 2021-12-25 16:39:24,284 - new_apply_order.py[line:511]: bvn和银行卡绑卡认证通过！
INFO - 2021-12-25 16:39:24,611 - new_apply_order.py[line:562]: user更新1条
INFO - 2021-12-25 16:39:24,880 - new_apply_order.py[line:623]: 进件成功！执行sql将订单改为风控中……
INFO - 2021-12-25 16:39:25,914 - new_apply_order.py[line:629]: 订单表更新1条，信审更新1条
INFO - 2021-12-25 16:39:26,275 - new_apply_order.py[line:643]: 查询loan_order_id成功！
INFO - 2021-12-25 16:39:26,312 - new_apply_order.py[line:658]: 订单回调复审通过成功！
INFO - 2021-12-25 16:39:27,114 - new_apply_order.py[line:680]: 获取token成功！token=bearer 13217b9d-4144-41ef-82ab-a4ef98fb7993！
INFO - 2021-12-25 16:39:27,473 - new_apply_order.py[line:643]: 查询loan_order_id成功！
INFO - 2021-12-25 16:39:27,773 - new_apply_order.py[line:698]: 后台已触发放款成功！
INFO - 2021-12-25 16:39:27,787 - new_apply_order.py[line:712]: xxl_job web 登录成功！
INFO - 2021-12-25 16:39:27,813 - new_apply_order.py[line:728]: xxl_job 放款准备作业执行成功！
INFO - 2021-12-25 16:39:29,181 - new_apply_order.py[line:643]: 查询loan_order_id成功！
INFO - 2021-12-25 16:39:29,200 - new_apply_order.py[line:736]: 修改放款准备完成时间成功！
INFO - 2021-12-25 16:39:29,212 - new_apply_order.py[line:744]: xxl_job 放款完成作业执行成功！
INFO - 2021-12-25 16:39:29,523 - new_apply_order.py[line:916]: 校验重试查询第1次
ERROR - 2021-12-25 16:39:30,537 - new_apply_order.py[line:812]: 放款完成或准备失败,目前的订单状态是35
INFO - 2021-12-25 16:39:30,537 - new_apply_order.py[line:813]: {'app': 'moremoney', 'loan_order_id': '1474661032901873664', 'mobile': '01640421561', 'order_status': 35}
INFO - 2021-12-25 16:39:31,047 - new_apply_order.py[line:916]: 校验重试查询第2次
INFO - 2021-12-25 16:39:32,067 - new_apply_order.py[line:810]: 放款完成或准备成功,目前的订单状态是40
INFO - 2021-12-25 16:39:32,067 - new_apply_order.py[line:813]: {'app': 'moremoney', 'loan_order_id': '1474661032901873664', 'mobile': '01640421561', 'order_status': 40}
INFO - 2021-12-25 16:39:32,068 - new_apply_order.py[line:933]: ===========完成第【1】次进件===========
INFO - 2021-12-25 16:39:32,068 - new_apply_order.py[line:936]: ======完成第【1】次进件,耗时10.15s=====
INFO - 2021-12-25 16:39:32,074 - new_apply_order.py[line:893]: 开始第 creditnaira【1】次进件……
INFO - 2021-12-25 16:39:32,075 - new_apply_order.py[line:84]: ======【nga测试环境】生成手机号：01640421572 ======
INFO - 2021-12-25 16:39:32,427 - new_apply_order.py[line:97]: 01640421572 检测用户存在成功！
INFO - 2021-12-25 16:39:32,479 - new_apply_order.py[line:106]: 01640421572 短信发送成功！
INFO - 2021-12-25 16:39:32,529 - new_apply_order.py[line:119]: 01640421572 注册成功！
INFO - 2021-12-25 16:39:32,597 - new_apply_order.py[line:135]: 01640421572 登录短信发送成功！
INFO - 2021-12-25 16:39:32,646 - new_apply_order.py[line:145]: userId=6246050517621678080,mobile=01640421572,token=aa9e1954198445e9549e29f09f3280dc 登录成功
INFO - 2021-12-25 16:39:32,737 - new_apply_order.py[line:212]: 个人信息提交成功！
INFO - 2021-12-25 16:39:32,797 - new_apply_order.py[line:223]: 联系人信息提交成功！
INFO - 2021-12-25 16:39:33,004 - new_apply_order.py[line:255]: 创建预审订单成功！
INFO - 2021-12-25 16:39:33,023 - new_apply_order.py[line:263]: 预审状态修改为通过,更新条数 1
INFO - 2021-12-25 16:39:33,037 - new_apply_order.py[line:266]: 更新初始额度！更新条数 1
INFO - 2021-12-25 16:39:33,317 - new_apply_order.py[line:342]: 活体图片上传成功！回写配置文件global_param.mp4_url
INFO - 2021-12-25 16:39:33,356 - new_apply_order.py[line:352]: 视频认证通过！
INFO - 2021-12-25 16:39:34,407 - new_apply_order.py[line:511]: bvn和银行卡绑卡认证通过！
INFO - 2021-12-25 16:39:34,738 - new_apply_order.py[line:562]: user更新1条
INFO - 2021-12-25 16:39:34,971 - new_apply_order.py[line:623]: 进件成功！执行sql将订单改为风控中……
INFO - 2021-12-25 16:39:36,007 - new_apply_order.py[line:629]: 订单表更新1条，信审更新1条
INFO - 2021-12-25 16:39:36,369 - new_apply_order.py[line:643]: 查询loan_order_id成功！
INFO - 2021-12-25 16:39:36,404 - new_apply_order.py[line:658]: 订单回调复审通过成功！
INFO - 2021-12-25 16:39:37,203 - new_apply_order.py[line:680]: 获取token成功！token=bearer 13217b9d-4144-41ef-82ab-a4ef98fb7993！
INFO - 2021-12-25 16:39:37,578 - new_apply_order.py[line:643]: 查询loan_order_id成功！
INFO - 2021-12-25 16:39:37,845 - new_apply_order.py[line:698]: 后台已触发放款成功！
INFO - 2021-12-25 16:39:37,860 - new_apply_order.py[line:712]: xxl_job web 登录成功！
INFO - 2021-12-25 16:39:37,872 - new_apply_order.py[line:728]: xxl_job 放款准备作业执行成功！
INFO - 2021-12-25 16:39:39,231 - new_apply_order.py[line:643]: 查询loan_order_id成功！
INFO - 2021-12-25 16:39:39,249 - new_apply_order.py[line:736]: 修改放款准备完成时间成功！
INFO - 2021-12-25 16:39:39,258 - new_apply_order.py[line:744]: xxl_job 放款完成作业执行成功！
INFO - 2021-12-25 16:39:39,563 - new_apply_order.py[line:916]: 校验重试查询第1次
INFO - 2021-12-25 16:39:40,578 - new_apply_order.py[line:810]: 放款完成或准备成功,目前的订单状态是40
INFO - 2021-12-25 16:39:40,578 - new_apply_order.py[line:813]: {'app': 'creditnaira', 'loan_order_id': '1474661075385978880', 'mobile': '01640421572', 'order_status': 40}
INFO - 2021-12-25 16:39:40,579 - new_apply_order.py[line:933]: ===========完成第【1】次进件===========
INFO - 2021-12-25 16:39:40,579 - new_apply_order.py[line:936]: ======完成第【1】次进件,耗时8.51s=====
INFO - 2021-12-25 16:39:40,584 - new_apply_order.py[line:893]: 开始第 inaira【1】次进件……
INFO - 2021-12-25 16:39:40,586 - new_apply_order.py[line:84]: ======【nga测试环境】生成手机号：01640421580 ======
INFO - 2021-12-25 16:39:40,939 - new_apply_order.py[line:97]: 01640421580 检测用户存在成功！
INFO - 2021-12-25 16:39:40,993 - new_apply_order.py[line:106]: 01640421580 短信发送成功！
INFO - 2021-12-25 16:39:41,033 - new_apply_order.py[line:119]: 01640421580 注册成功！
INFO - 2021-12-25 16:39:41,105 - new_apply_order.py[line:135]: 01640421580 登录短信发送成功！
INFO - 2021-12-25 16:39:41,178 - new_apply_order.py[line:145]: userId=6246050553306816512,mobile=01640421580,token=0b75084ea13e28187535baf8fae93577 登录成功
INFO - 2021-12-25 16:39:41,269 - new_apply_order.py[line:212]: 个人信息提交成功！
INFO - 2021-12-25 16:39:41,322 - new_apply_order.py[line:223]: 联系人信息提交成功！
INFO - 2021-12-25 16:39:41,531 - new_apply_order.py[line:255]: 创建预审订单成功！
INFO - 2021-12-25 16:39:41,552 - new_apply_order.py[line:263]: 预审状态修改为通过,更新条数 1
INFO - 2021-12-25 16:39:41,574 - new_apply_order.py[line:266]: 更新初始额度！更新条数 1
INFO - 2021-12-25 16:39:41,867 - new_apply_order.py[line:342]: 活体图片上传成功！回写配置文件global_param.mp4_url
INFO - 2021-12-25 16:39:41,905 - new_apply_order.py[line:352]: 视频认证通过！
INFO - 2021-12-25 16:39:42,831 - new_apply_order.py[line:511]: bvn和银行卡绑卡认证通过！
INFO - 2021-12-25 16:39:43,163 - new_apply_order.py[line:562]: user更新1条
INFO - 2021-12-25 16:39:43,448 - new_apply_order.py[line:623]: 进件成功！执行sql将订单改为风控中……
INFO - 2021-12-25 16:39:44,490 - new_apply_order.py[line:629]: 订单表更新1条，信审更新1条
INFO - 2021-12-25 16:39:44,856 - new_apply_order.py[line:643]: 查询loan_order_id成功！
INFO - 2021-12-25 16:39:44,895 - new_apply_order.py[line:658]: 订单回调复审通过成功！
INFO - 2021-12-25 16:39:45,700 - new_apply_order.py[line:680]: 获取token成功！token=bearer 13217b9d-4144-41ef-82ab-a4ef98fb7993！
INFO - 2021-12-25 16:39:46,059 - new_apply_order.py[line:643]: 查询loan_order_id成功！
INFO - 2021-12-25 16:39:46,381 - new_apply_order.py[line:698]: 后台已触发放款成功！
INFO - 2021-12-25 16:39:46,398 - new_apply_order.py[line:712]: xxl_job web 登录成功！
INFO - 2021-12-25 16:39:46,410 - new_apply_order.py[line:728]: xxl_job 放款准备作业执行成功！
INFO - 2021-12-25 16:39:47,775 - new_apply_order.py[line:643]: 查询loan_order_id成功！
INFO - 2021-12-25 16:39:47,791 - new_apply_order.py[line:736]: 修改放款准备完成时间成功！
INFO - 2021-12-25 16:39:47,802 - new_apply_order.py[line:744]: xxl_job 放款完成作业执行成功！
INFO - 2021-12-25 16:39:48,107 - new_apply_order.py[line:916]: 校验重试查询第1次
ERROR - 2021-12-25 16:39:49,125 - new_apply_order.py[line:812]: 放款完成或准备失败,目前的订单状态是35
INFO - 2021-12-25 16:39:49,125 - new_apply_order.py[line:813]: {'app': 'inaira', 'loan_order_id': '1474661111125643264', 'mobile': '01640421580', 'order_status': 35}
INFO - 2021-12-25 16:39:49,633 - new_apply_order.py[line:916]: 校验重试查询第2次
INFO - 2021-12-25 16:39:50,649 - new_apply_order.py[line:810]: 放款完成或准备成功,目前的订单状态是40
INFO - 2021-12-25 16:39:50,650 - new_apply_order.py[line:813]: {'app': 'inaira', 'loan_order_id': '1474661111125643264', 'mobile': '01640421580', 'order_status': 40}
INFO - 2021-12-25 16:39:50,651 - new_apply_order.py[line:933]: ===========完成第【1】次进件===========
INFO - 2021-12-25 16:39:50,651 - new_apply_order.py[line:936]: ======完成第【1】次进件,耗时10.07s=====
INFO - 2021-12-25 16:39:50,656 - new_apply_order.py[line:893]: 开始第 fornaira【1】次进件……
INFO - 2021-12-25 16:39:50,657 - new_apply_order.py[line:84]: ======【nga测试环境】生成手机号：01640421590 ======
INFO - 2021-12-25 16:39:51,004 - new_apply_order.py[line:97]: 01640421590 检测用户存在成功！
INFO - 2021-12-25 16:39:51,047 - new_apply_order.py[line:106]: 01640421590 短信发送成功！
INFO - 2021-12-25 16:39:51,087 - new_apply_order.py[line:119]: 01640421590 注册成功！
INFO - 2021-12-25 16:39:51,138 - new_apply_order.py[line:135]: 01640421590 登录短信发送成功！
INFO - 2021-12-25 16:39:51,188 - new_apply_order.py[line:145]: userId=6246050595476348928,mobile=01640421590,token=5e6b7e1f944ebd342aeb47abd342a6e5 登录成功
INFO - 2021-12-25 16:39:51,281 - new_apply_order.py[line:212]: 个人信息提交成功！
INFO - 2021-12-25 16:39:51,334 - new_apply_order.py[line:223]: 联系人信息提交成功！
INFO - 2021-12-25 16:39:51,537 - new_apply_order.py[line:255]: 创建预审订单成功！
INFO - 2021-12-25 16:39:51,556 - new_apply_order.py[line:263]: 预审状态修改为通过,更新条数 1
INFO - 2021-12-25 16:39:51,571 - new_apply_order.py[line:266]: 更新初始额度！更新条数 1
INFO - 2021-12-25 16:39:51,839 - new_apply_order.py[line:342]: 活体图片上传成功！回写配置文件global_param.mp4_url
INFO - 2021-12-25 16:39:51,881 - new_apply_order.py[line:352]: 视频认证通过！
INFO - 2021-12-25 16:39:52,902 - new_apply_order.py[line:511]: bvn和银行卡绑卡认证通过！
INFO - 2021-12-25 16:39:53,229 - new_apply_order.py[line:562]: user更新1条
INFO - 2021-12-25 16:39:53,483 - new_apply_order.py[line:623]: 进件成功！执行sql将订单改为风控中……
INFO - 2021-12-25 16:39:54,525 - new_apply_order.py[line:629]: 订单表更新1条，信审更新1条
INFO - 2021-12-25 16:39:54,891 - new_apply_order.py[line:643]: 查询loan_order_id成功！
INFO - 2021-12-25 16:39:54,930 - new_apply_order.py[line:658]: 订单回调复审通过成功！
INFO - 2021-12-25 16:39:55,722 - new_apply_order.py[line:680]: 获取token成功！token=bearer 13217b9d-4144-41ef-82ab-a4ef98fb7993！
INFO - 2021-12-25 16:39:56,089 - new_apply_order.py[line:643]: 查询loan_order_id成功！
INFO - 2021-12-25 16:39:56,395 - new_apply_order.py[line:698]: 后台已触发放款成功！
INFO - 2021-12-25 16:39:56,412 - new_apply_order.py[line:712]: xxl_job web 登录成功！
INFO - 2021-12-25 16:39:56,423 - new_apply_order.py[line:728]: xxl_job 放款准备作业执行成功！
INFO - 2021-12-25 16:39:57,793 - new_apply_order.py[line:643]: 查询loan_order_id成功！
INFO - 2021-12-25 16:39:57,810 - new_apply_order.py[line:736]: 修改放款准备完成时间成功！
INFO - 2021-12-25 16:39:57,818 - new_apply_order.py[line:744]: xxl_job 放款完成作业执行成功！
INFO - 2021-12-25 16:39:58,124 - new_apply_order.py[line:916]: 校验重试查询第1次
INFO - 2021-12-25 16:39:59,139 - new_apply_order.py[line:810]: 放款完成或准备成功,目前的订单状态是40
INFO - 2021-12-25 16:39:59,139 - new_apply_order.py[line:813]: {'app': 'fornaira', 'loan_order_id': '1474661153236455424', 'mobile': '01640421590', 'order_status': 40}
INFO - 2021-12-25 16:39:59,140 - new_apply_order.py[line:933]: ===========完成第【1】次进件===========
INFO - 2021-12-25 16:39:59,140 - new_apply_order.py[line:936]: ======完成第【1】次进件,耗时8.48s=====
INFO - 2021-12-25 16:39:59,146 - new_apply_order.py[line:893]: 开始第 runcash【1】次进件……
INFO - 2021-12-25 16:39:59,148 - new_apply_order.py[line:84]: ======【nga测试环境】生成手机号：01640421599 ======
INFO - 2021-12-25 16:39:59,497 - new_apply_order.py[line:97]: 01640421599 检测用户存在成功！
INFO - 2021-12-25 16:39:59,552 - new_apply_order.py[line:106]: 01640421599 短信发送成功！
INFO - 2021-12-25 16:39:59,605 - new_apply_order.py[line:119]: 01640421599 注册成功！
INFO - 2021-12-25 16:39:59,659 - new_apply_order.py[line:135]: 01640421599 登录短信发送成功！
INFO - 2021-12-25 16:39:59,713 - new_apply_order.py[line:145]: userId=6246050631174070272,mobile=01640421599,token=96cd4678ab3144d62ab72f12ff207af4 登录成功
INFO - 2021-12-25 16:39:59,812 - new_apply_order.py[line:212]: 个人信息提交成功！
INFO - 2021-12-25 16:39:59,866 - new_apply_order.py[line:223]: 联系人信息提交成功！
INFO - 2021-12-25 16:40:00,089 - new_apply_order.py[line:255]: 创建预审订单成功！
INFO - 2021-12-25 16:40:00,111 - new_apply_order.py[line:263]: 预审状态修改为通过,更新条数 1
INFO - 2021-12-25 16:40:00,128 - new_apply_order.py[line:266]: 更新初始额度！更新条数 1
INFO - 2021-12-25 16:40:00,373 - new_apply_order.py[line:342]: 活体图片上传成功！回写配置文件global_param.mp4_url
INFO - 2021-12-25 16:40:00,428 - new_apply_order.py[line:352]: 视频认证通过！
INFO - 2021-12-25 16:40:01,405 - new_apply_order.py[line:511]: bvn和银行卡绑卡认证通过！
INFO - 2021-12-25 16:40:01,726 - new_apply_order.py[line:562]: user更新1条
INFO - 2021-12-25 16:40:01,946 - new_apply_order.py[line:623]: 进件成功！执行sql将订单改为风控中……
INFO - 2021-12-25 16:40:02,987 - new_apply_order.py[line:629]: 订单表更新1条，信审更新1条
INFO - 2021-12-25 16:40:03,349 - new_apply_order.py[line:643]: 查询loan_order_id成功！
INFO - 2021-12-25 16:40:03,388 - new_apply_order.py[line:658]: 订单回调复审通过成功！
INFO - 2021-12-25 16:40:04,195 - new_apply_order.py[line:680]: 获取token成功！token=bearer 13217b9d-4144-41ef-82ab-a4ef98fb7993！
INFO - 2021-12-25 16:40:04,552 - new_apply_order.py[line:643]: 查询loan_order_id成功！
INFO - 2021-12-25 16:40:04,870 - new_apply_order.py[line:698]: 后台已触发放款成功！
INFO - 2021-12-25 16:40:04,886 - new_apply_order.py[line:712]: xxl_job web 登录成功！
INFO - 2021-12-25 16:40:04,900 - new_apply_order.py[line:728]: xxl_job 放款准备作业执行成功！
INFO - 2021-12-25 16:40:06,263 - new_apply_order.py[line:643]: 查询loan_order_id成功！
INFO - 2021-12-25 16:40:06,282 - new_apply_order.py[line:736]: 修改放款准备完成时间成功！
INFO - 2021-12-25 16:40:06,290 - new_apply_order.py[line:744]: xxl_job 放款完成作业执行成功！
INFO - 2021-12-25 16:40:06,595 - new_apply_order.py[line:916]: 校验重试查询第1次
ERROR - 2021-12-25 16:40:07,614 - new_apply_order.py[line:812]: 放款完成或准备失败,目前的订单状态是35
INFO - 2021-12-25 16:40:07,614 - new_apply_order.py[line:813]: {'app': 'runcash', 'loan_order_id': '1474661188913205248', 'mobile': '01640421599', 'order_status': 35}
INFO - 2021-12-25 16:40:08,122 - new_apply_order.py[line:916]: 校验重试查询第2次
INFO - 2021-12-25 16:40:09,143 - new_apply_order.py[line:810]: 放款完成或准备成功,目前的订单状态是40
INFO - 2021-12-25 16:40:09,144 - new_apply_order.py[line:813]: {'app': 'runcash', 'loan_order_id': '1474661188913205248', 'mobile': '01640421599', 'order_status': 40}
INFO - 2021-12-25 16:40:09,145 - new_apply_order.py[line:933]: ===========完成第【1】次进件===========
INFO - 2021-12-25 16:40:09,145 - new_apply_order.py[line:936]: ======完成第【1】次进件,耗时10.00s=====
INFO - 2021-12-25 16:40:09,151 - new_apply_order.py[line:893]: 开始第 formoney【1】次进件……
INFO - 2021-12-25 16:40:09,154 - new_apply_order.py[line:84]: ======【nga测试环境】生成手机号：01640421609 ======
INFO - 2021-12-25 16:40:09,506 - new_apply_order.py[line:97]: 01640421609 检测用户存在成功！
INFO - 2021-12-25 16:40:09,551 - new_apply_order.py[line:106]: 01640421609 短信发送成功！
INFO - 2021-12-25 16:40:09,591 - new_apply_order.py[line:119]: 01640421609 注册成功！
INFO - 2021-12-25 16:40:09,648 - new_apply_order.py[line:135]: 01640421609 登录短信发送成功！
INFO - 2021-12-25 16:40:09,700 - new_apply_order.py[line:145]: userId=6246050673091944448,mobile=01640421609,token=ce6bd2c8796b9cb7fc832005224fa664 登录成功
INFO - 2021-12-25 16:40:09,796 - new_apply_order.py[line:212]: 个人信息提交成功！
INFO - 2021-12-25 16:40:09,843 - new_apply_order.py[line:223]: 联系人信息提交成功！
INFO - 2021-12-25 16:40:10,096 - new_apply_order.py[line:255]: 创建预审订单成功！
INFO - 2021-12-25 16:40:10,118 - new_apply_order.py[line:263]: 预审状态修改为通过,更新条数 1
INFO - 2021-12-25 16:40:10,134 - new_apply_order.py[line:266]: 更新初始额度！更新条数 1
INFO - 2021-12-25 16:40:10,428 - new_apply_order.py[line:342]: 活体图片上传成功！回写配置文件global_param.mp4_url
INFO - 2021-12-25 16:40:10,465 - new_apply_order.py[line:352]: 视频认证通过！
INFO - 2021-12-25 16:40:11,558 - new_apply_order.py[line:511]: bvn和银行卡绑卡认证通过！
INFO - 2021-12-25 16:40:11,881 - new_apply_order.py[line:562]: user更新1条
INFO - 2021-12-25 16:40:12,086 - new_apply_order.py[line:623]: 进件成功！执行sql将订单改为风控中……
INFO - 2021-12-25 16:40:13,122 - new_apply_order.py[line:629]: 订单表更新1条，信审更新1条
INFO - 2021-12-25 16:40:13,484 - new_apply_order.py[line:643]: 查询loan_order_id成功！
INFO - 2021-12-25 16:40:13,524 - new_apply_order.py[line:658]: 订单回调复审通过成功！
INFO - 2021-12-25 16:40:14,328 - new_apply_order.py[line:680]: 获取token成功！token=bearer 13217b9d-4144-41ef-82ab-a4ef98fb7993！
INFO - 2021-12-25 16:40:14,686 - new_apply_order.py[line:643]: 查询loan_order_id成功！
INFO - 2021-12-25 16:40:15,012 - new_apply_order.py[line:698]: 后台已触发放款成功！
INFO - 2021-12-25 16:40:15,025 - new_apply_order.py[line:712]: xxl_job web 登录成功！
INFO - 2021-12-25 16:40:15,037 - new_apply_order.py[line:728]: xxl_job 放款准备作业执行成功！
INFO - 2021-12-25 16:40:16,397 - new_apply_order.py[line:643]: 查询loan_order_id成功！
INFO - 2021-12-25 16:40:16,415 - new_apply_order.py[line:736]: 修改放款准备完成时间成功！
INFO - 2021-12-25 16:40:16,425 - new_apply_order.py[line:744]: xxl_job 放款完成作业执行成功！
INFO - 2021-12-25 16:40:16,731 - new_apply_order.py[line:916]: 校验重试查询第1次
ERROR - 2021-12-25 16:40:17,748 - new_apply_order.py[line:812]: 放款完成或准备失败,目前的订单状态是35
INFO - 2021-12-25 16:40:17,749 - new_apply_order.py[line:813]: {'app': 'formoney', 'loan_order_id': '1474661230818496512', 'mobile': '01640421609', 'order_status': 35}
INFO - 2021-12-25 16:40:18,257 - new_apply_order.py[line:916]: 校验重试查询第2次
INFO - 2021-12-25 16:40:19,272 - new_apply_order.py[line:810]: 放款完成或准备成功,目前的订单状态是40
INFO - 2021-12-25 16:40:19,272 - new_apply_order.py[line:813]: {'app': 'formoney', 'loan_order_id': '1474661230818496512', 'mobile': '01640421609', 'order_status': 40}
INFO - 2021-12-25 16:40:19,273 - new_apply_order.py[line:933]: ===========完成第【1】次进件===========
INFO - 2021-12-25 16:40:19,273 - new_apply_order.py[line:936]: ======完成第【1】次进件,耗时10.12s=====
INFO - 2021-12-25 16:40:19,279 - new_apply_order.py[line:893]: 开始第 Gotocash【1】次进件……
INFO - 2021-12-25 16:40:19,281 - new_apply_order.py[line:84]: ======【nga测试环境】生成手机号：01640421619 ======
INFO - 2021-12-25 16:40:19,629 - new_apply_order.py[line:97]: 01640421619 检测用户存在成功！
INFO - 2021-12-25 16:40:19,677 - new_apply_order.py[line:106]: 01640421619 短信发送成功！
INFO - 2021-12-25 16:40:19,736 - new_apply_order.py[line:119]: 01640421619 注册成功！
INFO - 2021-12-25 16:40:19,793 - new_apply_order.py[line:135]: 01640421619 登录短信发送成功！
INFO - 2021-12-25 16:40:19,839 - new_apply_order.py[line:145]: userId=6246050715622187008,mobile=01640421619,token=c26323b4f2d840076eb891b2b80ad4a6 登录成功
INFO - 2021-12-25 16:40:19,927 - new_apply_order.py[line:212]: 个人信息提交成功！
INFO - 2021-12-25 16:40:19,987 - new_apply_order.py[line:223]: 联系人信息提交成功！
INFO - 2021-12-25 16:40:20,171 - new_apply_order.py[line:255]: 创建预审订单成功！
INFO - 2021-12-25 16:40:20,189 - new_apply_order.py[line:263]: 预审状态修改为通过,更新条数 1
INFO - 2021-12-25 16:40:20,207 - new_apply_order.py[line:266]: 更新初始额度！更新条数 1
INFO - 2021-12-25 16:40:20,483 - new_apply_order.py[line:342]: 活体图片上传成功！回写配置文件global_param.mp4_url
INFO - 2021-12-25 16:40:20,521 - new_apply_order.py[line:352]: 视频认证通过！
INFO - 2021-12-25 16:40:21,523 - new_apply_order.py[line:511]: bvn和银行卡绑卡认证通过！
INFO - 2021-12-25 16:40:21,860 - new_apply_order.py[line:562]: user更新1条
INFO - 2021-12-25 16:40:22,092 - new_apply_order.py[line:623]: 进件成功！执行sql将订单改为风控中……
INFO - 2021-12-25 16:40:23,132 - new_apply_order.py[line:629]: 订单表更新1条，信审更新1条
INFO - 2021-12-25 16:40:23,508 - new_apply_order.py[line:643]: 查询loan_order_id成功！
INFO - 2021-12-25 16:40:23,544 - new_apply_order.py[line:658]: 订单回调复审通过成功！
INFO - 2021-12-25 16:40:24,345 - new_apply_order.py[line:680]: 获取token成功！token=bearer 13217b9d-4144-41ef-82ab-a4ef98fb7993！
INFO - 2021-12-25 16:40:24,703 - new_apply_order.py[line:643]: 查询loan_order_id成功！
INFO - 2021-12-25 16:40:25,014 - new_apply_order.py[line:698]: 后台已触发放款成功！
INFO - 2021-12-25 16:40:25,027 - new_apply_order.py[line:712]: xxl_job web 登录成功！
INFO - 2021-12-25 16:40:25,039 - new_apply_order.py[line:728]: xxl_job 放款准备作业执行成功！
INFO - 2021-12-25 16:40:26,397 - new_apply_order.py[line:643]: 查询loan_order_id成功！
INFO - 2021-12-25 16:40:26,414 - new_apply_order.py[line:736]: 修改放款准备完成时间成功！
INFO - 2021-12-25 16:40:26,422 - new_apply_order.py[line:744]: xxl_job 放款完成作业执行成功！
INFO - 2021-12-25 16:40:26,732 - new_apply_order.py[line:916]: 校验重试查询第1次
ERROR - 2021-12-25 16:40:27,749 - new_apply_order.py[line:812]: 放款完成或准备失败,目前的订单状态是35
INFO - 2021-12-25 16:40:27,750 - new_apply_order.py[line:813]: {'app': 'Gotocash', 'loan_order_id': '1474661273306796032', 'mobile': '01640421619', 'order_status': 35}
INFO - 2021-12-25 16:40:28,261 - new_apply_order.py[line:916]: 校验重试查询第2次
INFO - 2021-12-25 16:40:29,276 - new_apply_order.py[line:810]: 放款完成或准备成功,目前的订单状态是40
INFO - 2021-12-25 16:40:29,277 - new_apply_order.py[line:813]: {'app': 'Gotocash', 'loan_order_id': '1474661273306796032', 'mobile': '01640421619', 'order_status': 40}
INFO - 2021-12-25 16:40:29,277 - new_apply_order.py[line:933]: ===========完成第【1】次进件===========
INFO - 2021-12-25 16:40:29,278 - new_apply_order.py[line:936]: ======完成第【1】次进件,耗时10.00s=====
INFO - 2021-12-25 16:40:29,283 - new_apply_order.py[line:893]: 开始第 Gotcash【1】次进件……
INFO - 2021-12-25 16:40:29,285 - new_apply_order.py[line:84]: ======【nga测试环境】生成手机号：01640421629 ======
INFO - 2021-12-25 16:40:29,633 - new_apply_order.py[line:97]: 01640421629 检测用户存在成功！
INFO - 2021-12-25 16:40:29,679 - new_apply_order.py[line:106]: 01640421629 短信发送成功！
INFO - 2021-12-25 16:40:29,728 - new_apply_order.py[line:119]: 01640421629 注册成功！
INFO - 2021-12-25 16:40:29,787 - new_apply_order.py[line:135]: 01640421629 登录短信发送成功！
INFO - 2021-12-25 16:40:29,836 - new_apply_order.py[line:145]: userId=6246050757523283968,mobile=01640421629,token=71282db6b7a6a37bfbbad162217e114a 登录成功
INFO - 2021-12-25 16:40:29,928 - new_apply_order.py[line:212]: 个人信息提交成功！
INFO - 2021-12-25 16:40:29,987 - new_apply_order.py[line:223]: 联系人信息提交成功！
INFO - 2021-12-25 16:40:30,168 - new_apply_order.py[line:255]: 创建预审订单成功！
INFO - 2021-12-25 16:40:30,192 - new_apply_order.py[line:263]: 预审状态修改为通过,更新条数 1
INFO - 2021-12-25 16:40:30,207 - new_apply_order.py[line:266]: 更新初始额度！更新条数 1
INFO - 2021-12-25 16:40:30,471 - new_apply_order.py[line:342]: 活体图片上传成功！回写配置文件global_param.mp4_url
INFO - 2021-12-25 16:40:30,512 - new_apply_order.py[line:352]: 视频认证通过！
INFO - 2021-12-25 16:40:31,543 - new_apply_order.py[line:511]: bvn和银行卡绑卡认证通过！
INFO - 2021-12-25 16:40:31,869 - new_apply_order.py[line:562]: user更新1条
INFO - 2021-12-25 16:40:32,096 - new_apply_order.py[line:623]: 进件成功！执行sql将订单改为风控中……
INFO - 2021-12-25 16:40:33,133 - new_apply_order.py[line:629]: 订单表更新1条，信审更新1条
INFO - 2021-12-25 16:40:33,500 - new_apply_order.py[line:643]: 查询loan_order_id成功！
INFO - 2021-12-25 16:40:33,536 - new_apply_order.py[line:658]: 订单回调复审通过成功！
INFO - 2021-12-25 16:40:34,335 - new_apply_order.py[line:680]: 获取token成功！token=bearer 13217b9d-4144-41ef-82ab-a4ef98fb7993！
INFO - 2021-12-25 16:40:34,697 - new_apply_order.py[line:643]: 查询loan_order_id成功！
INFO - 2021-12-25 16:40:35,023 - new_apply_order.py[line:698]: 后台已触发放款成功！
INFO - 2021-12-25 16:40:35,037 - new_apply_order.py[line:712]: xxl_job web 登录成功！
INFO - 2021-12-25 16:40:35,050 - new_apply_order.py[line:728]: xxl_job 放款准备作业执行成功！
INFO - 2021-12-25 16:40:36,408 - new_apply_order.py[line:643]: 查询loan_order_id成功！
INFO - 2021-12-25 16:40:36,423 - new_apply_order.py[line:736]: 修改放款准备完成时间成功！
INFO - 2021-12-25 16:40:36,430 - new_apply_order.py[line:744]: xxl_job 放款完成作业执行成功！
INFO - 2021-12-25 16:40:36,736 - new_apply_order.py[line:916]: 校验重试查询第1次
ERROR - 2021-12-25 16:40:37,750 - new_apply_order.py[line:812]: 放款完成或准备失败,目前的订单状态是35
INFO - 2021-12-25 16:40:37,750 - new_apply_order.py[line:813]: {'app': 'Gotcash', 'loan_order_id': '1474661315262418944', 'mobile': '01640421629', 'order_status': 35}
INFO - 2021-12-25 16:40:38,260 - new_apply_order.py[line:916]: 校验重试查询第2次
INFO - 2021-12-25 16:40:39,276 - new_apply_order.py[line:810]: 放款完成或准备成功,目前的订单状态是40
INFO - 2021-12-25 16:40:39,276 - new_apply_order.py[line:813]: {'app': 'Gotcash', 'loan_order_id': '1474661315262418944', 'mobile': '01640421629', 'order_status': 40}
INFO - 2021-12-25 16:40:39,277 - new_apply_order.py[line:933]: ===========完成第【1】次进件===========
INFO - 2021-12-25 16:40:39,277 - new_apply_order.py[line:936]: ======完成第【1】次进件,耗时9.99s=====
INFO - 2021-12-25 16:40:39,283 - new_apply_order.py[line:893]: 开始第 pickcredit【1】次进件……
INFO - 2021-12-25 16:40:39,285 - new_apply_order.py[line:84]: ======【nga测试环境】生成手机号：01640421639 ======
INFO - 2021-12-25 16:40:39,636 - new_apply_order.py[line:97]: 01640421639 检测用户存在成功！
INFO - 2021-12-25 16:40:39,682 - new_apply_order.py[line:106]: 01640421639 短信发送成功！
INFO - 2021-12-25 16:40:39,727 - new_apply_order.py[line:119]: 01640421639 注册成功！
INFO - 2021-12-25 16:40:39,787 - new_apply_order.py[line:135]: 01640421639 登录短信发送成功！
INFO - 2021-12-25 16:40:39,836 - new_apply_order.py[line:145]: userId=6246050799478906880,mobile=01640421639,token=d419c13994b203f910c963671d2b872c 登录成功
INFO - 2021-12-25 16:40:39,927 - new_apply_order.py[line:212]: 个人信息提交成功！
INFO - 2021-12-25 16:40:39,986 - new_apply_order.py[line:223]: 联系人信息提交成功！
INFO - 2021-12-25 16:40:40,167 - new_apply_order.py[line:255]: 创建预审订单成功！
INFO - 2021-12-25 16:40:40,187 - new_apply_order.py[line:263]: 预审状态修改为通过,更新条数 1
INFO - 2021-12-25 16:40:40,201 - new_apply_order.py[line:266]: 更新初始额度！更新条数 1
INFO - 2021-12-25 16:40:40,464 - new_apply_order.py[line:342]: 活体图片上传成功！回写配置文件global_param.mp4_url
INFO - 2021-12-25 16:40:40,508 - new_apply_order.py[line:352]: 视频认证通过！
INFO - 2021-12-25 16:40:41,510 - new_apply_order.py[line:511]: bvn和银行卡绑卡认证通过！
INFO - 2021-12-25 16:40:41,841 - new_apply_order.py[line:562]: user更新1条
INFO - 2021-12-25 16:40:42,061 - new_apply_order.py[line:623]: 进件成功！执行sql将订单改为风控中……
INFO - 2021-12-25 16:40:43,101 - new_apply_order.py[line:629]: 订单表更新1条，信审更新1条
INFO - 2021-12-25 16:40:43,478 - new_apply_order.py[line:643]: 查询loan_order_id成功！
INFO - 2021-12-25 16:40:43,514 - new_apply_order.py[line:658]: 订单回调复审通过成功！
INFO - 2021-12-25 16:40:44,279 - new_apply_order.py[line:680]: 获取token成功！token=bearer 13217b9d-4144-41ef-82ab-a4ef98fb7993！
INFO - 2021-12-25 16:40:44,646 - new_apply_order.py[line:643]: 查询loan_order_id成功！
INFO - 2021-12-25 16:40:44,984 - new_apply_order.py[line:698]: 后台已触发放款成功！
INFO - 2021-12-25 16:40:44,999 - new_apply_order.py[line:712]: xxl_job web 登录成功！
INFO - 2021-12-25 16:40:45,011 - new_apply_order.py[line:728]: xxl_job 放款准备作业执行成功！
INFO - 2021-12-25 16:40:46,375 - new_apply_order.py[line:643]: 查询loan_order_id成功！
INFO - 2021-12-25 16:40:46,394 - new_apply_order.py[line:736]: 修改放款准备完成时间成功！
INFO - 2021-12-25 16:40:46,400 - new_apply_order.py[line:744]: xxl_job 放款完成作业执行成功！
INFO - 2021-12-25 16:40:46,706 - new_apply_order.py[line:916]: 校验重试查询第1次
ERROR - 2021-12-25 16:40:47,719 - new_apply_order.py[line:812]: 放款完成或准备失败,目前的订单状态是35
INFO - 2021-12-25 16:40:47,720 - new_apply_order.py[line:813]: {'app': 'pickcredit', 'loan_order_id': '1474661357184487424', 'mobile': '01640421639', 'order_status': 35}
INFO - 2021-12-25 16:40:48,231 - new_apply_order.py[line:916]: 校验重试查询第2次
INFO - 2021-12-25 16:40:49,246 - new_apply_order.py[line:810]: 放款完成或准备成功,目前的订单状态是40
INFO - 2021-12-25 16:40:49,246 - new_apply_order.py[line:813]: {'app': 'pickcredit', 'loan_order_id': '1474661357184487424', 'mobile': '01640421639', 'order_status': 40}
INFO - 2021-12-25 16:40:49,247 - new_apply_order.py[line:933]: ===========完成第【1】次进件===========
INFO - 2021-12-25 16:40:49,247 - new_apply_order.py[line:936]: ======完成第【1】次进件,耗时9.96s=====
INFO - 2021-12-25 16:40:49,254 - new_apply_order.py[line:893]: 开始第 pickcash【1】次进件……
INFO - 2021-12-25 16:40:49,256 - new_apply_order.py[line:84]: ======【nga测试环境】生成手机号：01640421649 ======
INFO - 2021-12-25 16:40:49,610 - new_apply_order.py[line:97]: 01640421649 检测用户存在成功！
INFO - 2021-12-25 16:40:49,659 - new_apply_order.py[line:106]: 01640421649 短信发送成功！
INFO - 2021-12-25 16:40:49,705 - new_apply_order.py[line:119]: 01640421649 注册成功！
INFO - 2021-12-25 16:40:49,763 - new_apply_order.py[line:135]: 01640421649 登录短信发送成功！
INFO - 2021-12-25 16:40:49,820 - new_apply_order.py[line:145]: userId=6246050841321283584,mobile=01640421649,token=607f5b0496d14b9be878307e01116d96 登录成功
INFO - 2021-12-25 16:40:49,918 - new_apply_order.py[line:212]: 个人信息提交成功！
INFO - 2021-12-25 16:40:49,978 - new_apply_order.py[line:223]: 联系人信息提交成功！
INFO - 2021-12-25 16:40:50,217 - new_apply_order.py[line:255]: 创建预审订单成功！
INFO - 2021-12-25 16:40:50,234 - new_apply_order.py[line:263]: 预审状态修改为通过,更新条数 1
INFO - 2021-12-25 16:40:50,247 - new_apply_order.py[line:266]: 更新初始额度！更新条数 1
INFO - 2021-12-25 16:40:50,485 - new_apply_order.py[line:342]: 活体图片上传成功！回写配置文件global_param.mp4_url
INFO - 2021-12-25 16:40:50,526 - new_apply_order.py[line:352]: 视频认证通过！
INFO - 2021-12-25 16:40:51,534 - new_apply_order.py[line:511]: bvn和银行卡绑卡认证通过！
INFO - 2021-12-25 16:40:51,852 - new_apply_order.py[line:562]: user更新1条
INFO - 2021-12-25 16:40:52,063 - new_apply_order.py[line:623]: 进件成功！执行sql将订单改为风控中……
INFO - 2021-12-25 16:40:53,098 - new_apply_order.py[line:629]: 订单表更新1条，信审更新1条
INFO - 2021-12-25 16:40:53,473 - new_apply_order.py[line:643]: 查询loan_order_id成功！
INFO - 2021-12-25 16:40:53,508 - new_apply_order.py[line:658]: 订单回调复审通过成功！
INFO - 2021-12-25 16:40:54,306 - new_apply_order.py[line:680]: 获取token成功！token=bearer 13217b9d-4144-41ef-82ab-a4ef98fb7993！
INFO - 2021-12-25 16:40:54,672 - new_apply_order.py[line:643]: 查询loan_order_id成功！
INFO - 2021-12-25 16:40:55,008 - new_apply_order.py[line:698]: 后台已触发放款成功！
INFO - 2021-12-25 16:40:55,027 - new_apply_order.py[line:712]: xxl_job web 登录成功！
INFO - 2021-12-25 16:40:55,042 - new_apply_order.py[line:728]: xxl_job 放款准备作业执行成功！
INFO - 2021-12-25 16:40:56,398 - new_apply_order.py[line:643]: 查询loan_order_id成功！
INFO - 2021-12-25 16:40:56,414 - new_apply_order.py[line:736]: 修改放款准备完成时间成功！
INFO - 2021-12-25 16:40:56,423 - new_apply_order.py[line:744]: xxl_job 放款完成作业执行成功！
INFO - 2021-12-25 16:40:56,727 - new_apply_order.py[line:916]: 校验重试查询第1次
ERROR - 2021-12-25 16:40:57,745 - new_apply_order.py[line:812]: 放款完成或准备失败,目前的订单状态是35
INFO - 2021-12-25 16:40:57,746 - new_apply_order.py[line:813]: {'app': 'pickcash', 'loan_order_id': '1474661399098167296', 'mobile': '01640421649', 'order_status': 35}
INFO - 2021-12-25 16:40:58,254 - new_apply_order.py[line:916]: 校验重试查询第2次
INFO - 2021-12-25 16:40:59,270 - new_apply_order.py[line:810]: 放款完成或准备成功,目前的订单状态是40
INFO - 2021-12-25 16:40:59,270 - new_apply_order.py[line:813]: {'app': 'pickcash', 'loan_order_id': '1474661399098167296', 'mobile': '01640421649', 'order_status': 40}
INFO - 2021-12-25 16:40:59,271 - new_apply_order.py[line:933]: ===========完成第【1】次进件===========
INFO - 2021-12-25 16:40:59,271 - new_apply_order.py[line:936]: ======完成第【1】次进件,耗时10.02s=====
INFO - 2021-12-25 16:40:59,276 - new_apply_order.py[line:893]: 开始第 jopay【1】次进件……
INFO - 2021-12-25 16:40:59,279 - new_apply_order.py[line:84]: ======【nga测试环境】生成手机号：01640421659 ======
INFO - 2021-12-25 16:40:59,630 - new_apply_order.py[line:97]: 01640421659 检测用户存在成功！
INFO - 2021-12-25 16:40:59,695 - new_apply_order.py[line:106]: 01640421659 短信发送成功！
INFO - 2021-12-25 16:40:59,735 - new_apply_order.py[line:119]: 01640421659 注册成功！
INFO - 2021-12-25 16:40:59,796 - new_apply_order.py[line:135]: 01640421659 登录短信发送成功！
INFO - 2021-12-25 16:40:59,841 - new_apply_order.py[line:145]: userId=6246050883406929920,mobile=01640421659,token=d82dafc8f16ba2a3c429a8f29c61efd7 登录成功
INFO - 2021-12-25 16:40:59,935 - new_apply_order.py[line:212]: 个人信息提交成功！
INFO - 2021-12-25 16:40:59,999 - new_apply_order.py[line:223]: 联系人信息提交成功！
INFO - 2021-12-25 16:41:00,210 - new_apply_order.py[line:255]: 创建预审订单成功！
INFO - 2021-12-25 16:41:00,231 - new_apply_order.py[line:263]: 预审状态修改为通过,更新条数 1
INFO - 2021-12-25 16:41:00,246 - new_apply_order.py[line:266]: 更新初始额度！更新条数 1
INFO - 2021-12-25 16:41:00,537 - new_apply_order.py[line:342]: 活体图片上传成功！回写配置文件global_param.mp4_url
INFO - 2021-12-25 16:41:00,575 - new_apply_order.py[line:352]: 视频认证通过！
INFO - 2021-12-25 16:41:01,647 - new_apply_order.py[line:511]: bvn和银行卡绑卡认证通过！
INFO - 2021-12-25 16:41:01,982 - new_apply_order.py[line:562]: user更新1条
INFO - 2021-12-25 16:41:02,287 - new_apply_order.py[line:623]: 进件成功！执行sql将订单改为风控中……
INFO - 2021-12-25 16:41:03,326 - new_apply_order.py[line:629]: 订单表更新1条，信审更新1条
INFO - 2021-12-25 16:41:03,692 - new_apply_order.py[line:643]: 查询loan_order_id成功！
INFO - 2021-12-25 16:41:03,728 - new_apply_order.py[line:658]: 订单回调复审通过成功！
INFO - 2021-12-25 16:41:04,496 - new_apply_order.py[line:680]: 获取token成功！token=bearer 13217b9d-4144-41ef-82ab-a4ef98fb7993！
INFO - 2021-12-25 16:41:04,854 - new_apply_order.py[line:643]: 查询loan_order_id成功！
INFO - 2021-12-25 16:41:05,198 - new_apply_order.py[line:698]: 后台已触发放款成功！
INFO - 2021-12-25 16:41:05,216 - new_apply_order.py[line:712]: xxl_job web 登录成功！
INFO - 2021-12-25 16:41:05,230 - new_apply_order.py[line:728]: xxl_job 放款准备作业执行成功！
INFO - 2021-12-25 16:41:06,594 - new_apply_order.py[line:643]: 查询loan_order_id成功！
INFO - 2021-12-25 16:41:06,613 - new_apply_order.py[line:736]: 修改放款准备完成时间成功！
INFO - 2021-12-25 16:41:06,623 - new_apply_order.py[line:744]: xxl_job 放款完成作业执行成功！
INFO - 2021-12-25 16:41:06,934 - new_apply_order.py[line:916]: 校验重试查询第1次
ERROR - 2021-12-25 16:41:07,946 - new_apply_order.py[line:812]: 放款完成或准备失败,目前的订单状态是35
INFO - 2021-12-25 16:41:07,946 - new_apply_order.py[line:813]: {'app': 'jopay', 'loan_order_id': '1474661441162842112', 'mobile': '01640421659', 'order_status': 35}
INFO - 2021-12-25 16:41:08,456 - new_apply_order.py[line:916]: 校验重试查询第2次
INFO - 2021-12-25 16:41:09,470 - new_apply_order.py[line:810]: 放款完成或准备成功,目前的订单状态是40
INFO - 2021-12-25 16:41:09,470 - new_apply_order.py[line:813]: {'app': 'jopay', 'loan_order_id': '1474661441162842112', 'mobile': '01640421659', 'order_status': 40}
INFO - 2021-12-25 16:41:09,471 - new_apply_order.py[line:933]: ===========完成第【1】次进件===========
INFO - 2021-12-25 16:41:09,471 - new_apply_order.py[line:936]: ======完成第【1】次进件,耗时10.19s=====
INFO - 2021-12-25 16:41:09,476 - new_apply_order.py[line:893]: 开始第 starmoni【1】次进件……
INFO - 2021-12-25 16:41:09,478 - new_apply_order.py[line:84]: ======【nga测试环境】生成手机号：01640421669 ======
INFO - 2021-12-25 16:41:09,826 - new_apply_order.py[line:97]: 01640421669 检测用户存在成功！
INFO - 2021-12-25 16:41:09,875 - new_apply_order.py[line:106]: 01640421669 短信发送成功！
INFO - 2021-12-25 16:41:09,919 - new_apply_order.py[line:119]: 01640421669 注册成功！
INFO - 2021-12-25 16:41:09,974 - new_apply_order.py[line:135]: 01640421669 登录短信发送成功！
INFO - 2021-12-25 16:41:10,021 - new_apply_order.py[line:145]: userId=6246050926109138944,mobile=01640421669,token=cdfcc986b5cee8d14fd8be48242e5256 登录成功
INFO - 2021-12-25 16:41:10,118 - new_apply_order.py[line:212]: 个人信息提交成功！
INFO - 2021-12-25 16:41:10,188 - new_apply_order.py[line:223]: 联系人信息提交成功！
INFO - 2021-12-25 16:41:10,381 - new_apply_order.py[line:255]: 创建预审订单成功！
INFO - 2021-12-25 16:41:10,398 - new_apply_order.py[line:263]: 预审状态修改为通过,更新条数 1
INFO - 2021-12-25 16:41:10,410 - new_apply_order.py[line:266]: 更新初始额度！更新条数 1
INFO - 2021-12-25 16:41:10,692 - new_apply_order.py[line:342]: 活体图片上传成功！回写配置文件global_param.mp4_url
INFO - 2021-12-25 16:41:10,729 - new_apply_order.py[line:352]: 视频认证通过！
INFO - 2021-12-25 16:41:11,747 - new_apply_order.py[line:511]: bvn和银行卡绑卡认证通过！
INFO - 2021-12-25 16:41:12,072 - new_apply_order.py[line:562]: user更新1条
INFO - 2021-12-25 16:41:12,272 - new_apply_order.py[line:623]: 进件成功！执行sql将订单改为风控中……
INFO - 2021-12-25 16:41:13,311 - new_apply_order.py[line:629]: 订单表更新1条，信审更新1条
INFO - 2021-12-25 16:41:13,672 - new_apply_order.py[line:643]: 查询loan_order_id成功！
INFO - 2021-12-25 16:41:13,710 - new_apply_order.py[line:658]: 订单回调复审通过成功！
INFO - 2021-12-25 16:41:14,507 - new_apply_order.py[line:680]: 获取token成功！token=bearer 13217b9d-4144-41ef-82ab-a4ef98fb7993！
INFO - 2021-12-25 16:41:14,870 - new_apply_order.py[line:643]: 查询loan_order_id成功！
INFO - 2021-12-25 16:41:15,189 - new_apply_order.py[line:698]: 后台已触发放款成功！
INFO - 2021-12-25 16:41:15,204 - new_apply_order.py[line:712]: xxl_job web 登录成功！
INFO - 2021-12-25 16:41:15,218 - new_apply_order.py[line:728]: xxl_job 放款准备作业执行成功！
INFO - 2021-12-25 16:41:16,584 - new_apply_order.py[line:643]: 查询loan_order_id成功！
INFO - 2021-12-25 16:41:16,604 - new_apply_order.py[line:736]: 修改放款准备完成时间成功！
INFO - 2021-12-25 16:41:16,611 - new_apply_order.py[line:744]: xxl_job 放款完成作业执行成功！
INFO - 2021-12-25 16:41:16,920 - new_apply_order.py[line:916]: 校验重试查询第1次
INFO - 2021-12-25 16:41:17,927 - new_apply_order.py[line:810]: 放款完成或准备成功,目前的订单状态是40
INFO - 2021-12-25 16:41:17,928 - new_apply_order.py[line:813]: {'app': 'starmoni', 'loan_order_id': '1474661483944742912', 'mobile': '01640421669', 'order_status': 40}
INFO - 2021-12-25 16:41:17,928 - new_apply_order.py[line:933]: ===========完成第【1】次进件===========
INFO - 2021-12-25 16:41:17,928 - new_apply_order.py[line:936]: ======完成第【1】次进件,耗时8.45s=====
INFO - 2021-12-25 16:41:17,931 - new_apply_order.py[line:893]: 开始第 ncredit【1】次进件……
INFO - 2021-12-25 16:41:17,932 - new_apply_order.py[line:84]: ======【nga测试环境】生成手机号：01640421677 ======
INFO - 2021-12-25 16:41:18,271 - new_apply_order.py[line:97]: 01640421677 检测用户存在成功！
INFO - 2021-12-25 16:41:18,312 - new_apply_order.py[line:106]: 01640421677 短信发送成功！
INFO - 2021-12-25 16:41:18,352 - new_apply_order.py[line:119]: 01640421677 注册成功！
INFO - 2021-12-25 16:41:18,404 - new_apply_order.py[line:135]: 01640421677 登录短信发送成功！
INFO - 2021-12-25 16:41:18,452 - new_apply_order.py[line:145]: userId=6246050961488093184,mobile=01640421677,token=8fd0a177961f0e1f7fd2d625e60e2e85 登录成功
INFO - 2021-12-25 16:41:18,543 - new_apply_order.py[line:212]: 个人信息提交成功！
INFO - 2021-12-25 16:41:18,599 - new_apply_order.py[line:223]: 联系人信息提交成功！
INFO - 2021-12-25 16:41:18,783 - new_apply_order.py[line:255]: 创建预审订单成功！
INFO - 2021-12-25 16:41:18,803 - new_apply_order.py[line:263]: 预审状态修改为通过,更新条数 1
INFO - 2021-12-25 16:41:18,815 - new_apply_order.py[line:266]: 更新初始额度！更新条数 1
INFO - 2021-12-25 16:41:19,104 - new_apply_order.py[line:342]: 活体图片上传成功！回写配置文件global_param.mp4_url
INFO - 2021-12-25 16:41:19,142 - new_apply_order.py[line:352]: 视频认证通过！
INFO - 2021-12-25 16:41:20,144 - new_apply_order.py[line:511]: bvn和银行卡绑卡认证通过！
INFO - 2021-12-25 16:41:20,472 - new_apply_order.py[line:562]: user更新1条
INFO - 2021-12-25 16:41:20,681 - new_apply_order.py[line:623]: 进件成功！执行sql将订单改为风控中……
INFO - 2021-12-25 16:41:21,708 - new_apply_order.py[line:629]: 订单表更新1条，信审更新1条
INFO - 2021-12-25 16:41:22,071 - new_apply_order.py[line:643]: 查询loan_order_id成功！
INFO - 2021-12-25 16:41:22,106 - new_apply_order.py[line:658]: 订单回调复审通过成功！
INFO - 2021-12-25 16:41:22,871 - new_apply_order.py[line:680]: 获取token成功！token=bearer 13217b9d-4144-41ef-82ab-a4ef98fb7993！
INFO - 2021-12-25 16:41:23,232 - new_apply_order.py[line:643]: 查询loan_order_id成功！
INFO - 2021-12-25 16:41:23,544 - new_apply_order.py[line:698]: 后台已触发放款成功！
INFO - 2021-12-25 16:41:23,557 - new_apply_order.py[line:712]: xxl_job web 登录成功！
INFO - 2021-12-25 16:41:23,570 - new_apply_order.py[line:728]: xxl_job 放款准备作业执行成功！
INFO - 2021-12-25 16:41:24,944 - new_apply_order.py[line:643]: 查询loan_order_id成功！
INFO - 2021-12-25 16:41:24,962 - new_apply_order.py[line:736]: 修改放款准备完成时间成功！
INFO - 2021-12-25 16:41:24,969 - new_apply_order.py[line:744]: xxl_job 放款完成作业执行成功！
INFO - 2021-12-25 16:41:25,277 - new_apply_order.py[line:916]: 校验重试查询第1次
ERROR - 2021-12-25 16:41:26,295 - new_apply_order.py[line:812]: 放款完成或准备失败,目前的订单状态是35
INFO - 2021-12-25 16:41:26,296 - new_apply_order.py[line:813]: {'app': 'ncredit', 'loan_order_id': '1474661519139147776', 'mobile': '01640421677', 'order_status': 35}
INFO - 2021-12-25 16:41:26,804 - new_apply_order.py[line:916]: 校验重试查询第2次
INFO - 2021-12-25 16:41:27,815 - new_apply_order.py[line:810]: 放款完成或准备成功,目前的订单状态是40
INFO - 2021-12-25 16:41:27,815 - new_apply_order.py[line:813]: {'app': 'ncredit', 'loan_order_id': '1474661519139147776', 'mobile': '01640421677', 'order_status': 40}
INFO - 2021-12-25 16:41:27,816 - new_apply_order.py[line:933]: ===========完成第【1】次进件===========
INFO - 2021-12-25 16:41:27,816 - new_apply_order.py[line:936]: ======完成第【1】次进件,耗时9.89s=====
INFO - 2021-12-25 16:41:27,820 - new_apply_order.py[line:893]: 开始第 ikash【1】次进件……
INFO - 2021-12-25 16:41:27,820 - new_apply_order.py[line:84]: ======【ke测试环境】生成手机号：740421687 ======
INFO - 2021-12-25 16:41:28,217 - new_apply_order.py[line:97]: 740421687 检测用户存在成功！
INFO - 2021-12-25 16:41:28,298 - new_apply_order.py[line:106]: 740421687 短信发送成功！
INFO - 2021-12-25 16:41:28,358 - new_apply_order.py[line:119]: 740421687 注册成功！
INFO - 2021-12-25 16:41:28,418 - new_apply_order.py[line:135]: 740421687 登录短信发送成功！
INFO - 2021-12-25 16:41:28,490 - new_apply_order.py[line:145]: userId=6246051003463901184,mobile=740421687,token=2ea6e0a664c6060eb55e628761bf48c5 登录成功
INFO - 2021-12-25 16:41:28,628 - new_apply_order.py[line:212]: 个人信息提交成功！
INFO - 2021-12-25 16:41:28,695 - new_apply_order.py[line:232]: 联系人信息提交成功！
ERROR - 2021-12-25 16:41:30,854 - new_apply_order.py[line:257]: 创建预审失败{"code":"9999","msg":"The Server is busy, Please try again later","data":null}
INFO - 2021-12-25 16:41:30,868 - new_apply_order.py[line:263]: 预审状态修改为通过,更新条数 1
INFO - 2021-12-25 16:41:30,880 - new_apply_order.py[line:266]: 更新初始额度！更新条数 1
INFO - 2021-12-25 16:41:31,387 - new_apply_order.py[line:342]: 活体图片上传成功！回写配置文件global_param.mp4_url
INFO - 2021-12-25 16:41:31,425 - new_apply_order.py[line:352]: 视频认证通过！
INFO - 2021-12-25 16:41:31,687 - new_apply_order.py[line:579]: 740421687 短信发送成功！
INFO - 2021-12-25 16:41:31,845 - new_apply_order.py[line:588]: 绑卡成功！
INFO - 2021-12-25 16:41:32,105 - new_apply_order.py[line:623]: 进件成功！执行sql将订单改为风控中……
INFO - 2021-12-25 16:41:33,141 - new_apply_order.py[line:629]: 订单表更新1条，信审更新1条
INFO - 2021-12-25 16:41:33,616 - new_apply_order.py[line:643]: 查询loan_order_id成功！
INFO - 2021-12-25 16:41:33,648 - new_apply_order.py[line:658]: 订单回调复审通过成功！
INFO - 2021-12-25 16:41:34,458 - new_apply_order.py[line:680]: 获取token成功！token=bearer f3ec2879-c26b-4e8c-a5f6-708098294328！
INFO - 2021-12-25 16:41:34,843 - new_apply_order.py[line:643]: 查询loan_order_id成功！
INFO - 2021-12-25 16:41:35,417 - new_apply_order.py[line:698]: 后台已触发放款成功！
INFO - 2021-12-25 16:41:35,430 - new_apply_order.py[line:712]: xxl_job web 登录成功！
INFO - 2021-12-25 16:41:35,443 - new_apply_order.py[line:728]: xxl_job 放款准备作业执行成功！
INFO - 2021-12-25 16:41:36,831 - new_apply_order.py[line:643]: 查询loan_order_id成功！
INFO - 2021-12-25 16:41:36,850 - new_apply_order.py[line:736]: 修改放款准备完成时间成功！
INFO - 2021-12-25 16:41:36,857 - new_apply_order.py[line:744]: xxl_job 放款完成作业执行成功！
INFO - 2021-12-25 16:41:37,237 - new_apply_order.py[line:643]: 查询loan_order_id成功！
INFO - 2021-12-25 16:41:37,548 - new_apply_order.py[line:916]: 校验重试查询第1次
ERROR - 2021-12-25 16:41:38,561 - new_apply_order.py[line:812]: 放款完成或准备失败,目前的订单状态是35
INFO - 2021-12-25 16:41:38,561 - new_apply_order.py[line:813]: {'app': 'ikash', 'loan_order_id': '1474661561591926784', 'mobile': '740421687', 'order_status': 35}
INFO - 2021-12-25 16:41:39,448 - new_apply_order.py[line:643]: 查询loan_order_id成功！
INFO - 2021-12-25 16:41:39,670 - new_apply_order.py[line:781]: 放款回调成功！
INFO - 2021-12-25 16:41:39,671 - new_apply_order.py[line:916]: 校验重试查询第2次
INFO - 2021-12-25 16:41:40,685 - new_apply_order.py[line:810]: 放款完成或准备成功,目前的订单状态是40
INFO - 2021-12-25 16:41:40,686 - new_apply_order.py[line:813]: {'app': 'ikash', 'loan_order_id': '1474661561591926784', 'mobile': '740421687', 'order_status': 40}
INFO - 2021-12-25 16:41:40,687 - new_apply_order.py[line:933]: ===========完成第【1】次进件===========
INFO - 2021-12-25 16:41:40,688 - new_apply_order.py[line:936]: ======完成第【1】次进件,耗时12.87s=====
INFO - 2021-12-25 16:41:40,691 - new_apply_order.py[line:893]: 开始第 kencash【1】次进件……
INFO - 2021-12-25 16:41:40,692 - new_apply_order.py[line:84]: ======【ke测试环境】生成手机号：740421700 ======
INFO - 2021-12-25 16:41:41,060 - new_apply_order.py[line:97]: 740421700 检测用户存在成功！
INFO - 2021-12-25 16:41:41,121 - new_apply_order.py[line:106]: 740421700 短信发送成功！
INFO - 2021-12-25 16:41:41,169 - new_apply_order.py[line:119]: 740421700 注册成功！
INFO - 2021-12-25 16:41:41,221 - new_apply_order.py[line:135]: 740421700 登录短信发送成功！
INFO - 2021-12-25 16:41:41,273 - new_apply_order.py[line:145]: userId=6246051057201324032,mobile=740421700,token=b27d39e8ed588a156c57f1fae090f767 登录成功
INFO - 2021-12-25 16:41:41,397 - new_apply_order.py[line:212]: 个人信息提交成功！
INFO - 2021-12-25 16:41:41,456 - new_apply_order.py[line:232]: 联系人信息提交成功！
INFO - 2021-12-25 16:41:41,735 - new_apply_order.py[line:255]: 创建预审订单成功！
INFO - 2021-12-25 16:41:41,755 - new_apply_order.py[line:263]: 预审状态修改为通过,更新条数 1
INFO - 2021-12-25 16:41:41,768 - new_apply_order.py[line:266]: 更新初始额度！更新条数 1
INFO - 2021-12-25 16:41:42,025 - new_apply_order.py[line:342]: 活体图片上传成功！回写配置文件global_param.mp4_url
INFO - 2021-12-25 16:41:42,061 - new_apply_order.py[line:352]: 视频认证通过！
INFO - 2021-12-25 16:41:42,318 - new_apply_order.py[line:579]: 740421700 短信发送成功！
INFO - 2021-12-25 16:41:42,443 - new_apply_order.py[line:588]: 绑卡成功！
INFO - 2021-12-25 16:41:42,641 - new_apply_order.py[line:623]: 进件成功！执行sql将订单改为风控中……
INFO - 2021-12-25 16:41:43,669 - new_apply_order.py[line:629]: 订单表更新1条，信审更新1条
INFO - 2021-12-25 16:41:44,043 - new_apply_order.py[line:643]: 查询loan_order_id成功！
INFO - 2021-12-25 16:41:44,094 - new_apply_order.py[line:658]: 订单回调复审通过成功！
INFO - 2021-12-25 16:41:44,909 - new_apply_order.py[line:680]: 获取token成功！token=bearer f3ec2879-c26b-4e8c-a5f6-708098294328！
INFO - 2021-12-25 16:41:45,285 - new_apply_order.py[line:643]: 查询loan_order_id成功！
INFO - 2021-12-25 16:41:45,589 - new_apply_order.py[line:698]: 后台已触发放款成功！
INFO - 2021-12-25 16:41:45,601 - new_apply_order.py[line:712]: xxl_job web 登录成功！
INFO - 2021-12-25 16:41:45,612 - new_apply_order.py[line:728]: xxl_job 放款准备作业执行成功！
INFO - 2021-12-25 16:41:46,976 - new_apply_order.py[line:643]: 查询loan_order_id成功！
INFO - 2021-12-25 16:41:46,989 - new_apply_order.py[line:736]: 修改放款准备完成时间成功！
INFO - 2021-12-25 16:41:46,997 - new_apply_order.py[line:744]: xxl_job 放款完成作业执行成功！
INFO - 2021-12-25 16:41:47,374 - new_apply_order.py[line:643]: 查询loan_order_id成功！
INFO - 2021-12-25 16:41:47,683 - new_apply_order.py[line:916]: 校验重试查询第1次
ERROR - 2021-12-25 16:41:48,696 - new_apply_order.py[line:812]: 放款完成或准备失败,目前的订单状态是35
INFO - 2021-12-25 16:41:48,696 - new_apply_order.py[line:813]: {'app': 'kencash', 'loan_order_id': '1474661615132217344', 'mobile': '740421700', 'order_status': 35}
INFO - 2021-12-25 16:41:49,598 - new_apply_order.py[line:643]: 查询loan_order_id成功！
INFO - 2021-12-25 16:41:49,815 - new_apply_order.py[line:781]: 放款回调成功！
INFO - 2021-12-25 16:41:49,816 - new_apply_order.py[line:916]: 校验重试查询第2次
INFO - 2021-12-25 16:41:50,832 - new_apply_order.py[line:810]: 放款完成或准备成功,目前的订单状态是40
INFO - 2021-12-25 16:41:50,832 - new_apply_order.py[line:813]: {'app': 'kencash', 'loan_order_id': '1474661615132217344', 'mobile': '740421700', 'order_status': 40}
INFO - 2021-12-25 16:41:50,833 - new_apply_order.py[line:933]: ===========完成第【1】次进件===========
INFO - 2021-12-25 16:41:50,833 - new_apply_order.py[line:936]: ======完成第【1】次进件,耗时10.14s=====
INFO - 2021-12-25 16:41:50,836 - new_apply_order.py[line:893]: 开始第 oranch【1】次进件……
INFO - 2021-12-25 16:41:50,837 - new_apply_order.py[line:84]: ======【ke测试环境】生成手机号：740421710 ======
INFO - 2021-12-25 16:41:51,190 - new_apply_order.py[line:97]: 740421710 检测用户存在成功！
INFO - 2021-12-25 16:41:51,240 - new_apply_order.py[line:106]: 740421710 短信发送成功！
INFO - 2021-12-25 16:41:51,304 - new_apply_order.py[line:119]: 740421710 注册成功！
INFO - 2021-12-25 16:41:51,352 - new_apply_order.py[line:135]: 740421710 登录短信发送成功！
INFO - 2021-12-25 16:41:51,410 - new_apply_order.py[line:145]: userId=6246051099710595072,mobile=740421710,token=8d4d97173938a3f34beae5665c9b0647 登录成功
INFO - 2021-12-25 16:41:51,559 - new_apply_order.py[line:212]: 个人信息提交成功！
INFO - 2021-12-25 16:41:51,619 - new_apply_order.py[line:232]: 联系人信息提交成功！
INFO - 2021-12-25 16:41:51,927 - new_apply_order.py[line:255]: 创建预审订单成功！
INFO - 2021-12-25 16:41:51,947 - new_apply_order.py[line:263]: 预审状态修改为通过,更新条数 1
INFO - 2021-12-25 16:41:51,965 - new_apply_order.py[line:266]: 更新初始额度！更新条数 1
INFO - 2021-12-25 16:41:52,237 - new_apply_order.py[line:342]: 活体图片上传成功！回写配置文件global_param.mp4_url
INFO - 2021-12-25 16:41:52,277 - new_apply_order.py[line:352]: 视频认证通过！
INFO - 2021-12-25 16:41:52,528 - new_apply_order.py[line:579]: 740421710 短信发送成功！
INFO - 2021-12-25 16:41:52,634 - new_apply_order.py[line:588]: 绑卡成功！
INFO - 2021-12-25 16:41:52,845 - new_apply_order.py[line:623]: 进件成功！执行sql将订单改为风控中……
INFO - 2021-12-25 16:41:53,877 - new_apply_order.py[line:629]: 订单表更新1条，信审更新1条
INFO - 2021-12-25 16:41:54,249 - new_apply_order.py[line:643]: 查询loan_order_id成功！
INFO - 2021-12-25 16:41:54,286 - new_apply_order.py[line:658]: 订单回调复审通过成功！
INFO - 2021-12-25 16:41:55,050 - new_apply_order.py[line:680]: 获取token成功！token=bearer f3ec2879-c26b-4e8c-a5f6-708098294328！
INFO - 2021-12-25 16:41:55,427 - new_apply_order.py[line:643]: 查询loan_order_id成功！
INFO - 2021-12-25 16:41:55,777 - new_apply_order.py[line:698]: 后台已触发放款成功！
INFO - 2021-12-25 16:41:55,791 - new_apply_order.py[line:712]: xxl_job web 登录成功！
INFO - 2021-12-25 16:41:55,800 - new_apply_order.py[line:728]: xxl_job 放款准备作业执行成功！
INFO - 2021-12-25 16:41:57,166 - new_apply_order.py[line:643]: 查询loan_order_id成功！
INFO - 2021-12-25 16:41:57,184 - new_apply_order.py[line:736]: 修改放款准备完成时间成功！
INFO - 2021-12-25 16:41:57,192 - new_apply_order.py[line:744]: xxl_job 放款完成作业执行成功！
INFO - 2021-12-25 16:41:57,564 - new_apply_order.py[line:643]: 查询loan_order_id成功！
INFO - 2021-12-25 16:41:57,875 - new_apply_order.py[line:916]: 校验重试查询第1次
ERROR - 2021-12-25 16:41:58,888 - new_apply_order.py[line:812]: 放款完成或准备失败,目前的订单状态是35
INFO - 2021-12-25 16:41:58,888 - new_apply_order.py[line:813]: {'app': 'oranch', 'loan_order_id': '1474661657901535232', 'mobile': '740421710', 'order_status': 35}
INFO - 2021-12-25 16:41:59,758 - new_apply_order.py[line:643]: 查询loan_order_id成功！
INFO - 2021-12-25 16:41:59,965 - new_apply_order.py[line:781]: 放款回调成功！
INFO - 2021-12-25 16:41:59,966 - new_apply_order.py[line:916]: 校验重试查询第2次
INFO - 2021-12-25 16:42:00,980 - new_apply_order.py[line:810]: 放款完成或准备成功,目前的订单状态是40
INFO - 2021-12-25 16:42:00,980 - new_apply_order.py[line:813]: {'app': 'oranch', 'loan_order_id': '1474661657901535232', 'mobile': '740421710', 'order_status': 40}
INFO - 2021-12-25 16:42:00,981 - new_apply_order.py[line:933]: ===========完成第【1】次进件===========
INFO - 2021-12-25 16:42:00,981 - new_apply_order.py[line:936]: ======完成第【1】次进件,耗时10.14s=====
INFO - 2021-12-25 16:42:00,984 - new_apply_order.py[line:893]: 开始第 faikash【1】次进件……
INFO - 2021-12-25 16:42:00,985 - new_apply_order.py[line:84]: ======【ke测试环境】生成手机号：740421720 ======
INFO - 2021-12-25 16:42:01,327 - new_apply_order.py[line:97]: 740421720 检测用户存在成功！
INFO - 2021-12-25 16:42:01,377 - new_apply_order.py[line:106]: 740421720 短信发送成功！
INFO - 2021-12-25 16:42:01,420 - new_apply_order.py[line:119]: 740421720 注册成功！
INFO - 2021-12-25 16:42:01,476 - new_apply_order.py[line:135]: 740421720 登录短信发送成功！
INFO - 2021-12-25 16:42:01,533 - new_apply_order.py[line:145]: userId=6246051142148562944,mobile=740421720,token=2fbcb6639eda7e578ab403163f0528bf 登录成功
INFO - 2021-12-25 16:42:01,633 - new_apply_order.py[line:212]: 个人信息提交成功！
INFO - 2021-12-25 16:42:01,687 - new_apply_order.py[line:232]: 联系人信息提交成功！
INFO - 2021-12-25 16:42:01,907 - new_apply_order.py[line:255]: 创建预审订单成功！
INFO - 2021-12-25 16:42:01,923 - new_apply_order.py[line:263]: 预审状态修改为通过,更新条数 1
INFO - 2021-12-25 16:42:01,938 - new_apply_order.py[line:266]: 更新初始额度！更新条数 1
INFO - 2021-12-25 16:42:02,221 - new_apply_order.py[line:342]: 活体图片上传成功！回写配置文件global_param.mp4_url
INFO - 2021-12-25 16:42:02,264 - new_apply_order.py[line:352]: 视频认证通过！
INFO - 2021-12-25 16:42:02,518 - new_apply_order.py[line:579]: 740421720 短信发送成功！
INFO - 2021-12-25 16:42:02,638 - new_apply_order.py[line:588]: 绑卡成功！
INFO - 2021-12-25 16:42:02,877 - new_apply_order.py[line:623]: 进件成功！执行sql将订单改为风控中……
INFO - 2021-12-25 16:42:03,907 - new_apply_order.py[line:629]: 订单表更新1条，信审更新1条
INFO - 2021-12-25 16:42:04,298 - new_apply_order.py[line:643]: 查询loan_order_id成功！
INFO - 2021-12-25 16:42:04,340 - new_apply_order.py[line:658]: 订单回调复审通过成功！
INFO - 2021-12-25 16:42:05,139 - new_apply_order.py[line:680]: 获取token成功！token=bearer f3ec2879-c26b-4e8c-a5f6-708098294328！
INFO - 2021-12-25 16:42:05,508 - new_apply_order.py[line:643]: 查询loan_order_id成功！
INFO - 2021-12-25 16:42:05,841 - new_apply_order.py[line:698]: 后台已触发放款成功！
INFO - 2021-12-25 16:42:05,853 - new_apply_order.py[line:712]: xxl_job web 登录成功！
INFO - 2021-12-25 16:42:05,863 - new_apply_order.py[line:728]: xxl_job 放款准备作业执行成功！
INFO - 2021-12-25 16:42:07,236 - new_apply_order.py[line:643]: 查询loan_order_id成功！
INFO - 2021-12-25 16:42:07,253 - new_apply_order.py[line:736]: 修改放款准备完成时间成功！
INFO - 2021-12-25 16:42:07,260 - new_apply_order.py[line:744]: xxl_job 放款完成作业执行成功！
INFO - 2021-12-25 16:42:07,624 - new_apply_order.py[line:643]: 查询loan_order_id成功！
INFO - 2021-12-25 16:42:07,934 - new_apply_order.py[line:916]: 校验重试查询第1次
ERROR - 2021-12-25 16:42:08,949 - new_apply_order.py[line:812]: 放款完成或准备失败,目前的订单状态是35
INFO - 2021-12-25 16:42:08,949 - new_apply_order.py[line:813]: {'app': 'faikash', 'loan_order_id': '1474661699894906880', 'mobile': '740421720', 'order_status': 35}
INFO - 2021-12-25 16:42:09,899 - new_apply_order.py[line:643]: 查询loan_order_id成功！
INFO - 2021-12-25 16:42:10,139 - new_apply_order.py[line:781]: 放款回调成功！
INFO - 2021-12-25 16:42:10,140 - new_apply_order.py[line:916]: 校验重试查询第2次
INFO - 2021-12-25 16:42:11,152 - new_apply_order.py[line:810]: 放款完成或准备成功,目前的订单状态是40
INFO - 2021-12-25 16:42:11,152 - new_apply_order.py[line:813]: {'app': 'faikash', 'loan_order_id': '1474661699894906880', 'mobile': '740421720', 'order_status': 40}
INFO - 2021-12-25 16:42:11,152 - new_apply_order.py[line:933]: ===========完成第【1】次进件===========
INFO - 2021-12-25 16:42:11,153 - new_apply_order.py[line:936]: ======完成第【1】次进件,耗时10.17s=====
INFO - 2021-12-25 16:42:11,156 - new_apply_order.py[line:893]: 开始第 tiktek【1】次进件……
INFO - 2021-12-25 16:42:11,157 - new_apply_order.py[line:84]: ======【ke测试环境】生成手机号：740421731 ======
INFO - 2021-12-25 16:42:11,597 - new_apply_order.py[line:97]: 740421731 检测用户存在成功！
INFO - 2021-12-25 16:42:11,744 - new_apply_order.py[line:106]: 740421731 短信发送成功！
INFO - 2021-12-25 16:42:11,825 - new_apply_order.py[line:119]: 740421731 注册成功！
INFO - 2021-12-25 16:42:11,871 - new_apply_order.py[line:135]: 740421731 登录短信发送成功！
INFO - 2021-12-25 16:42:11,924 - new_apply_order.py[line:145]: userId=6246051185656078336,mobile=740421731,token=809d76959a6140b27494a95a84ec3fd7 登录成功
INFO - 2021-12-25 16:42:12,070 - new_apply_order.py[line:212]: 个人信息提交成功！
INFO - 2021-12-25 16:42:12,133 - new_apply_order.py[line:232]: 联系人信息提交成功！
INFO - 2021-12-25 16:42:12,354 - new_apply_order.py[line:255]: 创建预审订单成功！
INFO - 2021-12-25 16:42:12,369 - new_apply_order.py[line:263]: 预审状态修改为通过,更新条数 1
INFO - 2021-12-25 16:42:12,381 - new_apply_order.py[line:266]: 更新初始额度！更新条数 1
INFO - 2021-12-25 16:42:12,631 - new_apply_order.py[line:342]: 活体图片上传成功！回写配置文件global_param.mp4_url
INFO - 2021-12-25 16:42:12,669 - new_apply_order.py[line:352]: 视频认证通过！
INFO - 2021-12-25 16:42:12,926 - new_apply_order.py[line:579]: 740421731 短信发送成功！
INFO - 2021-12-25 16:42:13,057 - new_apply_order.py[line:588]: 绑卡成功！
INFO - 2021-12-25 16:42:13,289 - new_apply_order.py[line:623]: 进件成功！执行sql将订单改为风控中……
INFO - 2021-12-25 16:42:14,322 - new_apply_order.py[line:629]: 订单表更新1条，信审更新1条
INFO - 2021-12-25 16:42:14,689 - new_apply_order.py[line:643]: 查询loan_order_id成功！
INFO - 2021-12-25 16:42:14,726 - new_apply_order.py[line:658]: 订单回调复审通过成功！
INFO - 2021-12-25 16:42:15,556 - new_apply_order.py[line:680]: 获取token成功！token=bearer f3ec2879-c26b-4e8c-a5f6-708098294328！
INFO - 2021-12-25 16:42:15,929 - new_apply_order.py[line:643]: 查询loan_order_id成功！
INFO - 2021-12-25 16:42:16,223 - new_apply_order.py[line:698]: 后台已触发放款成功！
INFO - 2021-12-25 16:42:16,237 - new_apply_order.py[line:712]: xxl_job web 登录成功！
INFO - 2021-12-25 16:42:16,246 - new_apply_order.py[line:728]: xxl_job 放款准备作业执行成功！
INFO - 2021-12-25 16:42:17,610 - new_apply_order.py[line:643]: 查询loan_order_id成功！
INFO - 2021-12-25 16:42:17,622 - new_apply_order.py[line:736]: 修改放款准备完成时间成功！
INFO - 2021-12-25 16:42:17,627 - new_apply_order.py[line:744]: xxl_job 放款完成作业执行成功！
INFO - 2021-12-25 16:42:17,993 - new_apply_order.py[line:643]: 查询loan_order_id成功！
INFO - 2021-12-25 16:42:18,304 - new_apply_order.py[line:916]: 校验重试查询第1次
ERROR - 2021-12-25 16:42:19,320 - new_apply_order.py[line:812]: 放款完成或准备失败,目前的订单状态是35
INFO - 2021-12-25 16:42:19,320 - new_apply_order.py[line:813]: {'app': 'tiktek', 'loan_order_id': '1474661743704412160', 'mobile': '740421731', 'order_status': 35}
INFO - 2021-12-25 16:42:20,190 - new_apply_order.py[line:643]: 查询loan_order_id成功！
INFO - 2021-12-25 16:42:20,407 - new_apply_order.py[line:781]: 放款回调成功！
INFO - 2021-12-25 16:42:20,407 - new_apply_order.py[line:916]: 校验重试查询第2次
INFO - 2021-12-25 16:42:21,424 - new_apply_order.py[line:810]: 放款完成或准备成功,目前的订单状态是40
INFO - 2021-12-25 16:42:21,424 - new_apply_order.py[line:813]: {'app': 'tiktek', 'loan_order_id': '1474661743704412160', 'mobile': '740421731', 'order_status': 40}
INFO - 2021-12-25 16:42:21,425 - new_apply_order.py[line:933]: ===========完成第【1】次进件===========
INFO - 2021-12-25 16:42:21,425 - new_apply_order.py[line:936]: ======完成第【1】次进件,耗时10.27s=====
