INFO - 2021-10-19 13:46:18,842 - new_apply_order.py[line:955]: 开始第 quickmoney【1】次进件……
INFO - 2021-10-19 13:46:18,842 - new_apply_order.py[line:84]: ======【pk测试环境】生成手机号：1634622378 ======
INFO - 2021-10-19 13:46:19,213 - new_apply_order.py[line:97]: 1634622378 检测用户存在成功！
INFO - 2021-10-19 13:46:19,268 - new_apply_order.py[line:106]: 1634622378 短信发送成功！
INFO - 2021-10-19 13:46:19,321 - new_apply_order.py[line:119]: 1634622378 注册成功！
INFO - 2021-10-19 13:46:19,384 - new_apply_order.py[line:135]: 1634622378 登录短信发送成功！
INFO - 2021-10-19 13:46:19,434 - new_apply_order.py[line:145]: userId=6221726938057809920,mobile=1634622378,token=62dcc4c9802ecf505383a8c410df7d91 登录成功
INFO - 2021-10-19 13:46:19,507 - new_apply_order.py[line:212]: 个人信息提交成功！
INFO - 2021-10-19 13:46:19,570 - new_apply_order.py[line:241]: 联系人信息提交成功！
INFO - 2021-10-19 13:46:20,020 - new_apply_order.py[line:255]: 创建预审订单成功！
INFO - 2021-10-19 13:46:20,049 - new_apply_order.py[line:263]: 预审状态修改为通过,更新条数 1
INFO - 2021-10-19 13:46:20,066 - new_apply_order.py[line:266]: 更新初始额度！更新条数 1
INFO - 2021-10-19 13:46:26,848 - new_apply_order.py[line:280]: curp上传成功!
INFO - 2021-10-19 13:46:26,889 - new_apply_order.py[line:289]: curp_rfc校验通过！
INFO - 2021-10-19 13:46:28,104 - new_apply_order.py[line:347]: 活体图片上传成功！回写配置文件global_param.mp4_url
INFO - 2021-10-19 13:46:28,145 - new_apply_order.py[line:357]: 视频认证通过！
INFO - 2021-10-19 13:46:28,461 - new_apply_order.py[line:668]: 绑卡成功！
INFO - 2021-10-19 13:46:28,674 - new_apply_order.py[line:684]: 进件成功！执行sql将订单改为风控中……
INFO - 2021-10-19 13:46:29,720 - new_apply_order.py[line:690]: 订单表更新1条，信审更新1条
INFO - 2021-10-19 13:46:30,062 - new_apply_order.py[line:704]: 查询loan_order_id成功！
INFO - 2021-10-19 13:46:30,109 - new_apply_order.py[line:719]: 订单回调复审通过成功！
INFO - 2021-10-19 13:46:30,932 - new_apply_order.py[line:741]: 获取token成功！token=bearer 0d6fffd1-b226-4a98-950a-bb1489d06b2c！
INFO - 2021-10-19 13:46:31,276 - new_apply_order.py[line:704]: 查询loan_order_id成功！
INFO - 2021-10-19 13:46:31,622 - new_apply_order.py[line:704]: 查询loan_order_id成功！
ERROR - 2021-10-19 13:46:32,078 - new_apply_order.py[line:762]: 后台已触发放款失败{"code":"9999","msg":"System unknown error","notSuccess":true,"success":false}!
INFO - 2021-10-19 13:46:32,090 - new_apply_order.py[line:774]: xxl_job web 登录成功！
INFO - 2021-10-19 13:46:32,099 - new_apply_order.py[line:790]: xxl_job 放款准备作业执行成功！
INFO - 2021-10-19 13:46:33,450 - new_apply_order.py[line:704]: 查询loan_order_id成功！
INFO - 2021-10-19 13:46:33,460 - new_apply_order.py[line:798]: 修改放款准备完成时间成功！
INFO - 2021-10-19 13:46:33,467 - new_apply_order.py[line:806]: xxl_job 放款完成作业执行成功！
INFO - 2021-10-19 13:46:33,770 - new_apply_order.py[line:978]: 校验重试查询第1次
ERROR - 2021-10-19 13:46:34,786 - new_apply_order.py[line:874]: 放款完成或准备失败,目前的订单状态是30
INFO - 2021-10-19 13:46:34,786 - new_apply_order.py[line:875]: {'app': 'quickmoney', 'loan_order_id': '1450337495758409728', 'mobile': '1634622378', 'order_status': 30}
INFO - 2021-10-19 13:46:34,786 - new_apply_order.py[line:978]: 校验重试查询第2次
ERROR - 2021-10-19 13:46:35,800 - new_apply_order.py[line:874]: 放款完成或准备失败,目前的订单状态是30
INFO - 2021-10-19 13:46:35,800 - new_apply_order.py[line:875]: {'app': 'quickmoney', 'loan_order_id': '1450337495758409728', 'mobile': '1634622378', 'order_status': 30}
INFO - 2021-10-19 13:46:35,801 - new_apply_order.py[line:978]: 校验重试查询第3次
ERROR - 2021-10-19 13:46:36,812 - new_apply_order.py[line:874]: 放款完成或准备失败,目前的订单状态是30
INFO - 2021-10-19 13:46:36,813 - new_apply_order.py[line:875]: {'app': 'quickmoney', 'loan_order_id': '1450337495758409728', 'mobile': '1634622378', 'order_status': 30}
INFO - 2021-10-19 13:46:36,813 - new_apply_order.py[line:978]: 校验重试查询第4次
ERROR - 2021-10-19 13:46:37,829 - new_apply_order.py[line:874]: 放款完成或准备失败,目前的订单状态是30
INFO - 2021-10-19 13:46:37,829 - new_apply_order.py[line:875]: {'app': 'quickmoney', 'loan_order_id': '1450337495758409728', 'mobile': '1634622378', 'order_status': 30}
INFO - 2021-10-19 13:46:37,830 - new_apply_order.py[line:978]: 校验重试查询第5次
ERROR - 2021-10-19 13:46:38,846 - new_apply_order.py[line:874]: 放款完成或准备失败,目前的订单状态是30
INFO - 2021-10-19 13:46:38,846 - new_apply_order.py[line:875]: {'app': 'quickmoney', 'loan_order_id': '1450337495758409728', 'mobile': '1634622378', 'order_status': 30}
INFO - 2021-10-19 13:46:38,846 - new_apply_order.py[line:978]: 校验重试查询第6次
ERROR - 2021-10-19 13:46:39,858 - new_apply_order.py[line:874]: 放款完成或准备失败,目前的订单状态是30
INFO - 2021-10-19 13:46:39,858 - new_apply_order.py[line:875]: {'app': 'quickmoney', 'loan_order_id': '1450337495758409728', 'mobile': '1634622378', 'order_status': 30}
INFO - 2021-10-19 13:46:39,859 - new_apply_order.py[line:978]: 校验重试查询第7次
ERROR - 2021-10-19 13:46:40,873 - new_apply_order.py[line:874]: 放款完成或准备失败,目前的订单状态是30
INFO - 2021-10-19 13:46:40,873 - new_apply_order.py[line:875]: {'app': 'quickmoney', 'loan_order_id': '1450337495758409728', 'mobile': '1634622378', 'order_status': 30}
INFO - 2021-10-19 13:46:40,873 - new_apply_order.py[line:978]: 校验重试查询第8次
ERROR - 2021-10-19 13:46:41,903 - new_apply_order.py[line:874]: 放款完成或准备失败,目前的订单状态是30
INFO - 2021-10-19 13:46:41,904 - new_apply_order.py[line:875]: {'app': 'quickmoney', 'loan_order_id': '1450337495758409728', 'mobile': '1634622378', 'order_status': 30}
INFO - 2021-10-19 13:46:41,904 - new_apply_order.py[line:978]: 校验重试查询第9次
ERROR - 2021-10-19 13:46:42,922 - new_apply_order.py[line:874]: 放款完成或准备失败,目前的订单状态是30
INFO - 2021-10-19 13:46:42,923 - new_apply_order.py[line:875]: {'app': 'quickmoney', 'loan_order_id': '1450337495758409728', 'mobile': '1634622378', 'order_status': 30}
INFO - 2021-10-19 13:46:42,923 - new_apply_order.py[line:978]: 校验重试查询第10次
ERROR - 2021-10-19 13:46:43,934 - new_apply_order.py[line:874]: 放款完成或准备失败,目前的订单状态是30
INFO - 2021-10-19 13:46:43,935 - new_apply_order.py[line:875]: {'app': 'quickmoney', 'loan_order_id': '1450337495758409728', 'mobile': '1634622378', 'order_status': 30}
INFO - 2021-10-19 13:46:43,935 - new_apply_order.py[line:995]: ===========完成第【1】次进件===========
INFO - 2021-10-19 13:46:43,935 - new_apply_order.py[line:998]: ======完成第【1】次进件,耗时25.09s=====
