INFO - 2021-09-18 09:33:54,505 - new_apply_order.py[line:696]: 开始第 muchodinero【1】次进件……
INFO - 2021-09-18 09:33:54,634 - new_apply_order.py[line:60]: 删除redis key: "mx:cfs:user:userid:4952137939303931904"
INFO - 2021-09-18 09:33:54,691 - new_apply_order.py[line:75]: 更新脏数据0条
INFO - 2021-09-18 09:33:54,692 - new_apply_order.py[line:82]: ======【mx测试环境】生成手机号：1631928834 ======
INFO - 2021-09-18 09:33:55,105 - new_apply_order.py[line:95]: 1631928834 检测用户存在成功！
INFO - 2021-09-18 09:33:55,194 - new_apply_order.py[line:104]: 1631928834 短信发送成功！
INFO - 2021-09-18 09:33:55,283 - new_apply_order.py[line:117]: 1631928834 注册成功！
INFO - 2021-09-18 09:33:55,374 - new_apply_order.py[line:133]: 1631928834 登录短信发送成功！
INFO - 2021-09-18 09:33:55,451 - new_apply_order.py[line:143]: userId=4952138195445882880,mobile=1631928834,token=2e4941cdefc85cdc15071e3bc34c007c 登录成功
INFO - 2021-09-18 09:33:55,555 - new_apply_order.py[line:205]: 个人信息提交成功！
INFO - 2021-09-18 09:33:56,104 - new_apply_order.py[line:238]: 创建预审订单成功！
INFO - 2021-09-18 09:33:56,119 - new_apply_order.py[line:246]: 预审状态修改为通过,更新条数 1
INFO - 2021-09-18 09:33:56,128 - new_apply_order.py[line:249]: 更新初始额度！更新条数 1
INFO - 2021-09-18 09:33:58,619 - new_apply_order.py[line:285]: curp上传成功!
INFO - 2021-09-18 09:33:58,775 - new_apply_order.py[line:294]: curp_rfc校验通过！
INFO - 2021-09-18 09:33:59,593 - new_apply_order.py[line:305]: 人脸识别成功!
INFO - 2021-09-18 09:34:00,177 - new_apply_order.py[line:395]: 绑卡成功！
INFO - 2021-09-18 09:34:00,451 - new_apply_order.py[line:426]: 进件成功！执行sql将订单改为风控中……
INFO - 2021-09-18 09:34:01,485 - new_apply_order.py[line:432]: 订单表更新1条，信审更新1条
INFO - 2021-09-18 09:34:01,876 - new_apply_order.py[line:446]: 查询loan_order_id成功！
INFO - 2021-09-18 09:34:01,920 - new_apply_order.py[line:461]: 订单回调复审通过成功！
INFO - 2021-09-18 09:34:02,744 - new_apply_order.py[line:483]: 获取token成功！token=bearer e867b996-4e1e-4d08-9b75-dd4b37093e39！
INFO - 2021-09-18 09:34:03,152 - new_apply_order.py[line:446]: 查询loan_order_id成功！
INFO - 2021-09-18 09:34:03,686 - new_apply_order.py[line:501]: 后台已触发放款成功！
INFO - 2021-09-18 09:34:03,694 - new_apply_order.py[line:515]: xxl_job web 登录成功！
INFO - 2021-09-18 09:34:03,702 - new_apply_order.py[line:531]: xxl_job 放款准备作业执行成功！
INFO - 2021-09-18 09:34:05,107 - new_apply_order.py[line:446]: 查询loan_order_id成功！
INFO - 2021-09-18 09:34:05,120 - new_apply_order.py[line:539]: 修改放款准备完成时间成功！
INFO - 2021-09-18 09:34:05,126 - new_apply_order.py[line:547]: xxl_job 放款完成作业执行成功！
INFO - 2021-09-18 09:34:05,536 - new_apply_order.py[line:446]: 查询loan_order_id成功！
INFO - 2021-09-18 09:34:05,851 - new_apply_order.py[line:719]: 校验重试查询第1次
ERROR - 2021-09-18 09:34:06,864 - new_apply_order.py[line:615]: 放款完成或准备失败,目前的订单状态是35
INFO - 2021-09-18 09:34:06,864 - new_apply_order.py[line:616]: {'app': 'muchodinero', 'loan_order_id': '1439039953377955840', 'mobile': '1631928834', 'order_status': 35}
INFO - 2021-09-18 09:34:07,754 - new_apply_order.py[line:446]: 查询loan_order_id成功！
INFO - 2021-09-18 09:34:07,906 - new_apply_order.py[line:568]: 放款回调成功！
INFO - 2021-09-18 09:34:07,906 - new_apply_order.py[line:719]: 校验重试查询第2次
INFO - 2021-09-18 09:34:08,919 - new_apply_order.py[line:613]: 放款完成或准备成功,目前的订单状态是40
INFO - 2021-09-18 09:34:08,920 - new_apply_order.py[line:616]: {'app': 'muchodinero', 'loan_order_id': '1439039953377955840', 'mobile': '1631928834', 'order_status': 40}
INFO - 2021-09-18 09:34:08,921 - new_apply_order.py[line:736]: ===========完成第【1】次进件===========
INFO - 2021-09-18 09:34:08,921 - new_apply_order.py[line:696]: 开始第 muchodinero【2】次进件……
INFO - 2021-09-18 09:34:09,079 - new_apply_order.py[line:60]: 删除redis key: "mx:cfs:user:userid:4952138195445882880"
INFO - 2021-09-18 09:34:09,110 - new_apply_order.py[line:75]: 更新脏数据0条
INFO - 2021-09-18 09:34:09,111 - new_apply_order.py[line:82]: ======【mx测试环境】生成手机号：1631928848 ======
INFO - 2021-09-18 09:34:09,472 - new_apply_order.py[line:95]: 1631928848 检测用户存在成功！
INFO - 2021-09-18 09:34:09,534 - new_apply_order.py[line:104]: 1631928848 短信发送成功！
INFO - 2021-09-18 09:34:09,612 - new_apply_order.py[line:117]: 1631928848 注册成功！
INFO - 2021-09-18 09:34:09,705 - new_apply_order.py[line:133]: 1631928848 登录短信发送成功！
INFO - 2021-09-18 09:34:09,771 - new_apply_order.py[line:143]: userId=4952138255533481984,mobile=1631928848,token=0488954ceeba5be62dba39e1f20ced11 登录成功
INFO - 2021-09-18 09:34:09,863 - new_apply_order.py[line:205]: 个人信息提交成功！
INFO - 2021-09-18 09:34:10,379 - new_apply_order.py[line:238]: 创建预审订单成功！
INFO - 2021-09-18 09:34:10,395 - new_apply_order.py[line:246]: 预审状态修改为通过,更新条数 1
INFO - 2021-09-18 09:34:10,408 - new_apply_order.py[line:249]: 更新初始额度！更新条数 1
INFO - 2021-09-18 09:34:12,729 - new_apply_order.py[line:285]: curp上传成功!
INFO - 2021-09-18 09:34:12,906 - new_apply_order.py[line:294]: curp_rfc校验通过！
INFO - 2021-09-18 09:34:13,596 - new_apply_order.py[line:305]: 人脸识别成功!
INFO - 2021-09-18 09:34:14,251 - new_apply_order.py[line:395]: 绑卡成功！
INFO - 2021-09-18 09:34:14,608 - new_apply_order.py[line:426]: 进件成功！执行sql将订单改为风控中……
INFO - 2021-09-18 09:34:15,648 - new_apply_order.py[line:432]: 订单表更新1条，信审更新1条
INFO - 2021-09-18 09:34:16,036 - new_apply_order.py[line:446]: 查询loan_order_id成功！
INFO - 2021-09-18 09:34:16,081 - new_apply_order.py[line:461]: 订单回调复审通过成功！
INFO - 2021-09-18 09:34:16,873 - new_apply_order.py[line:483]: 获取token成功！token=bearer e867b996-4e1e-4d08-9b75-dd4b37093e39！
INFO - 2021-09-18 09:34:17,251 - new_apply_order.py[line:446]: 查询loan_order_id成功！
INFO - 2021-09-18 09:34:17,563 - new_apply_order.py[line:501]: 后台已触发放款成功！
INFO - 2021-09-18 09:34:17,576 - new_apply_order.py[line:515]: xxl_job web 登录成功！
INFO - 2021-09-18 09:34:17,585 - new_apply_order.py[line:531]: xxl_job 放款准备作业执行成功！
INFO - 2021-09-18 09:34:18,972 - new_apply_order.py[line:446]: 查询loan_order_id成功！
INFO - 2021-09-18 09:34:18,986 - new_apply_order.py[line:539]: 修改放款准备完成时间成功！
INFO - 2021-09-18 09:34:18,994 - new_apply_order.py[line:547]: xxl_job 放款完成作业执行成功！
INFO - 2021-09-18 09:34:19,376 - new_apply_order.py[line:446]: 查询loan_order_id成功！
INFO - 2021-09-18 09:34:19,691 - new_apply_order.py[line:719]: 校验重试查询第1次
ERROR - 2021-09-18 09:34:20,704 - new_apply_order.py[line:615]: 放款完成或准备失败,目前的订单状态是35
INFO - 2021-09-18 09:34:20,704 - new_apply_order.py[line:616]: {'app': 'muchodinero', 'loan_order_id': '1439040013318754304', 'mobile': '1631928848', 'order_status': 35}
INFO - 2021-09-18 09:34:21,637 - new_apply_order.py[line:446]: 查询loan_order_id成功！
INFO - 2021-09-18 09:34:21,756 - new_apply_order.py[line:568]: 放款回调成功！
INFO - 2021-09-18 09:34:21,757 - new_apply_order.py[line:719]: 校验重试查询第2次
INFO - 2021-09-18 09:34:22,772 - new_apply_order.py[line:613]: 放款完成或准备成功,目前的订单状态是40
INFO - 2021-09-18 09:34:22,773 - new_apply_order.py[line:616]: {'app': 'muchodinero', 'loan_order_id': '1439040013318754304', 'mobile': '1631928848', 'order_status': 40}
INFO - 2021-09-18 09:34:22,773 - new_apply_order.py[line:736]: ===========完成第【2】次进件===========
INFO - 2021-09-18 09:34:22,774 - new_apply_order.py[line:696]: 开始第 muchodinero【3】次进件……
INFO - 2021-09-18 09:34:22,861 - new_apply_order.py[line:60]: 删除redis key: "mx:cfs:user:userid:4952138255533481984"
INFO - 2021-09-18 09:34:22,951 - new_apply_order.py[line:75]: 更新脏数据0条
INFO - 2021-09-18 09:34:22,951 - new_apply_order.py[line:82]: ======【mx测试环境】生成手机号：1631928862 ======
INFO - 2021-09-18 09:34:23,313 - new_apply_order.py[line:95]: 1631928862 检测用户存在成功！
INFO - 2021-09-18 09:34:23,374 - new_apply_order.py[line:104]: 1631928862 短信发送成功！
INFO - 2021-09-18 09:34:23,430 - new_apply_order.py[line:117]: 1631928862 注册成功！
INFO - 2021-09-18 09:34:23,501 - new_apply_order.py[line:133]: 1631928862 登录短信发送成功！
INFO - 2021-09-18 09:34:23,565 - new_apply_order.py[line:143]: userId=4952138313507151872,mobile=1631928862,token=90741aa20cf054eeced1de6e6891a964 登录成功
INFO - 2021-09-18 09:34:23,656 - new_apply_order.py[line:205]: 个人信息提交成功！
INFO - 2021-09-18 09:34:23,935 - new_apply_order.py[line:238]: 创建预审订单成功！
INFO - 2021-09-18 09:34:23,953 - new_apply_order.py[line:246]: 预审状态修改为通过,更新条数 1
INFO - 2021-09-18 09:34:23,965 - new_apply_order.py[line:249]: 更新初始额度！更新条数 1
INFO - 2021-09-18 09:34:26,503 - new_apply_order.py[line:285]: curp上传成功!
INFO - 2021-09-18 09:34:26,631 - new_apply_order.py[line:294]: curp_rfc校验通过！
INFO - 2021-09-18 09:34:27,467 - new_apply_order.py[line:305]: 人脸识别成功!
INFO - 2021-09-18 09:34:28,033 - new_apply_order.py[line:395]: 绑卡成功！
INFO - 2021-09-18 09:34:28,280 - new_apply_order.py[line:426]: 进件成功！执行sql将订单改为风控中……
INFO - 2021-09-18 09:34:29,312 - new_apply_order.py[line:432]: 订单表更新1条，信审更新1条
INFO - 2021-09-18 09:34:29,707 - new_apply_order.py[line:446]: 查询loan_order_id成功！
INFO - 2021-09-18 09:34:29,753 - new_apply_order.py[line:461]: 订单回调复审通过成功！
INFO - 2021-09-18 09:34:30,537 - new_apply_order.py[line:483]: 获取token成功！token=bearer e867b996-4e1e-4d08-9b75-dd4b37093e39！
INFO - 2021-09-18 09:34:30,909 - new_apply_order.py[line:446]: 查询loan_order_id成功！
INFO - 2021-09-18 09:34:31,272 - new_apply_order.py[line:501]: 后台已触发放款成功！
INFO - 2021-09-18 09:34:31,281 - new_apply_order.py[line:515]: xxl_job web 登录成功！
INFO - 2021-09-18 09:34:31,290 - new_apply_order.py[line:531]: xxl_job 放款准备作业执行成功！
INFO - 2021-09-18 09:34:32,664 - new_apply_order.py[line:446]: 查询loan_order_id成功！
INFO - 2021-09-18 09:34:32,681 - new_apply_order.py[line:539]: 修改放款准备完成时间成功！
INFO - 2021-09-18 09:34:32,691 - new_apply_order.py[line:547]: xxl_job 放款完成作业执行成功！
INFO - 2021-09-18 09:34:33,063 - new_apply_order.py[line:446]: 查询loan_order_id成功！
INFO - 2021-09-18 09:34:33,378 - new_apply_order.py[line:719]: 校验重试查询第1次
ERROR - 2021-09-18 09:34:34,395 - new_apply_order.py[line:615]: 放款完成或准备失败,目前的订单状态是35
INFO - 2021-09-18 09:34:34,395 - new_apply_order.py[line:616]: {'app': 'muchodinero', 'loan_order_id': '1439040071145623552', 'mobile': '1631928862', 'order_status': 35}
INFO - 2021-09-18 09:34:35,279 - new_apply_order.py[line:446]: 查询loan_order_id成功！
INFO - 2021-09-18 09:34:35,414 - new_apply_order.py[line:568]: 放款回调成功！
INFO - 2021-09-18 09:34:35,415 - new_apply_order.py[line:719]: 校验重试查询第2次
INFO - 2021-09-18 09:34:36,425 - new_apply_order.py[line:613]: 放款完成或准备成功,目前的订单状态是40
INFO - 2021-09-18 09:34:36,425 - new_apply_order.py[line:616]: {'app': 'muchodinero', 'loan_order_id': '1439040071145623552', 'mobile': '1631928862', 'order_status': 40}
INFO - 2021-09-18 09:34:36,425 - new_apply_order.py[line:736]: ===========完成第【3】次进件===========
INFO - 2021-09-18 09:34:36,425 - new_apply_order.py[line:696]: 开始第 muchodinero【4】次进件……
INFO - 2021-09-18 09:34:36,566 - new_apply_order.py[line:60]: 删除redis key: "mx:cfs:user:userid:4952138313507151872"
INFO - 2021-09-18 09:34:36,624 - new_apply_order.py[line:75]: 更新脏数据0条
INFO - 2021-09-18 09:34:36,624 - new_apply_order.py[line:82]: ======【mx测试环境】生成手机号：1631928876 ======
INFO - 2021-09-18 09:34:36,984 - new_apply_order.py[line:95]: 1631928876 检测用户存在成功！
INFO - 2021-09-18 09:34:37,050 - new_apply_order.py[line:104]: 1631928876 短信发送成功！
INFO - 2021-09-18 09:34:37,106 - new_apply_order.py[line:117]: 1631928876 注册成功！
INFO - 2021-09-18 09:34:37,176 - new_apply_order.py[line:133]: 1631928876 登录短信发送成功！
INFO - 2021-09-18 09:34:37,234 - new_apply_order.py[line:143]: userId=4952138370851676160,mobile=1631928876,token=e561f7692b07ee32f121bd599d411d79 登录成功
INFO - 2021-09-18 09:34:37,333 - new_apply_order.py[line:205]: 个人信息提交成功！
INFO - 2021-09-18 09:34:37,869 - new_apply_order.py[line:238]: 创建预审订单成功！
INFO - 2021-09-18 09:34:37,887 - new_apply_order.py[line:246]: 预审状态修改为通过,更新条数 1
INFO - 2021-09-18 09:34:37,901 - new_apply_order.py[line:249]: 更新初始额度！更新条数 1
INFO - 2021-09-18 09:34:40,360 - new_apply_order.py[line:285]: curp上传成功!
INFO - 2021-09-18 09:34:40,496 - new_apply_order.py[line:294]: curp_rfc校验通过！
INFO - 2021-09-18 09:34:41,312 - new_apply_order.py[line:305]: 人脸识别成功!
INFO - 2021-09-18 09:34:41,888 - new_apply_order.py[line:395]: 绑卡成功！
INFO - 2021-09-18 09:34:42,107 - new_apply_order.py[line:426]: 进件成功！执行sql将订单改为风控中……
INFO - 2021-09-18 09:34:43,144 - new_apply_order.py[line:432]: 订单表更新1条，信审更新1条
INFO - 2021-09-18 09:34:43,515 - new_apply_order.py[line:446]: 查询loan_order_id成功！
INFO - 2021-09-18 09:34:43,557 - new_apply_order.py[line:461]: 订单回调复审通过成功！
INFO - 2021-09-18 09:34:44,349 - new_apply_order.py[line:483]: 获取token成功！token=bearer e867b996-4e1e-4d08-9b75-dd4b37093e39！
INFO - 2021-09-18 09:34:44,721 - new_apply_order.py[line:446]: 查询loan_order_id成功！
INFO - 2021-09-18 09:34:45,087 - new_apply_order.py[line:501]: 后台已触发放款成功！
INFO - 2021-09-18 09:34:45,100 - new_apply_order.py[line:515]: xxl_job web 登录成功！
INFO - 2021-09-18 09:34:45,110 - new_apply_order.py[line:531]: xxl_job 放款准备作业执行成功！
INFO - 2021-09-18 09:34:46,477 - new_apply_order.py[line:446]: 查询loan_order_id成功！
INFO - 2021-09-18 09:34:46,491 - new_apply_order.py[line:539]: 修改放款准备完成时间成功！
INFO - 2021-09-18 09:34:46,496 - new_apply_order.py[line:547]: xxl_job 放款完成作业执行成功！
INFO - 2021-09-18 09:34:46,901 - new_apply_order.py[line:446]: 查询loan_order_id成功！
INFO - 2021-09-18 09:34:47,260 - new_apply_order.py[line:719]: 校验重试查询第1次
ERROR - 2021-09-18 09:34:48,277 - new_apply_order.py[line:615]: 放款完成或准备失败,目前的订单状态是35
INFO - 2021-09-18 09:34:48,278 - new_apply_order.py[line:616]: {'app': 'muchodinero', 'loan_order_id': '1439040128523702272', 'mobile': '1631928876', 'order_status': 35}
INFO - 2021-09-18 09:34:49,153 - new_apply_order.py[line:446]: 查询loan_order_id成功！
INFO - 2021-09-18 09:34:49,161 - new_apply_order.py[line:719]: 校验重试查询第2次
ERROR - 2021-09-18 09:34:50,176 - new_apply_order.py[line:615]: 放款完成或准备失败,目前的订单状态是35
INFO - 2021-09-18 09:34:50,177 - new_apply_order.py[line:616]: {'app': 'muchodinero', 'loan_order_id': '1439040128523702272', 'mobile': '1631928876', 'order_status': 35}
INFO - 2021-09-18 09:34:51,122 - new_apply_order.py[line:446]: 查询loan_order_id成功！
INFO - 2021-09-18 09:34:51,230 - new_apply_order.py[line:568]: 放款回调成功！
INFO - 2021-09-18 09:34:51,230 - new_apply_order.py[line:719]: 校验重试查询第3次
INFO - 2021-09-18 09:34:52,244 - new_apply_order.py[line:613]: 放款完成或准备成功,目前的订单状态是40
INFO - 2021-09-18 09:34:52,245 - new_apply_order.py[line:616]: {'app': 'muchodinero', 'loan_order_id': '1439040128523702272', 'mobile': '1631928876', 'order_status': 40}
INFO - 2021-09-18 09:34:52,245 - new_apply_order.py[line:736]: ===========完成第【4】次进件===========
INFO - 2021-09-18 09:34:52,246 - new_apply_order.py[line:696]: 开始第 muchodinero【5】次进件……
INFO - 2021-09-18 09:34:52,379 - new_apply_order.py[line:60]: 删除redis key: "mx:cfs:user:userid:4952138370851676160"
INFO - 2021-09-18 09:34:52,422 - new_apply_order.py[line:60]: 删除redis key: "mx:cfs:user:userid:4952137811046309888"
INFO - 2021-09-18 09:34:52,440 - new_apply_order.py[line:75]: 更新脏数据0条
INFO - 2021-09-18 09:34:52,440 - new_apply_order.py[line:82]: ======【mx测试环境】生成手机号：1631928892 ======
INFO - 2021-09-18 09:34:52,824 - new_apply_order.py[line:95]: 1631928892 检测用户存在成功！
INFO - 2021-09-18 09:34:52,908 - new_apply_order.py[line:104]: 1631928892 短信发送成功！
INFO - 2021-09-18 09:34:52,963 - new_apply_order.py[line:117]: 1631928892 注册成功！
INFO - 2021-09-18 09:34:53,042 - new_apply_order.py[line:133]: 1631928892 登录短信发送成功！
INFO - 2021-09-18 09:34:53,109 - new_apply_order.py[line:143]: userId=4952138437381726208,mobile=1631928892,token=3b281f4483656c6186108d2b4024474c 登录成功
INFO - 2021-09-18 09:34:53,221 - new_apply_order.py[line:205]: 个人信息提交成功！
INFO - 2021-09-18 09:34:53,460 - new_apply_order.py[line:238]: 创建预审订单成功！
INFO - 2021-09-18 09:34:53,470 - new_apply_order.py[line:246]: 预审状态修改为通过,更新条数 1
INFO - 2021-09-18 09:34:53,480 - new_apply_order.py[line:249]: 更新初始额度！更新条数 1
INFO - 2021-09-18 09:34:55,879 - new_apply_order.py[line:285]: curp上传成功!
INFO - 2021-09-18 09:34:56,064 - new_apply_order.py[line:294]: curp_rfc校验通过！
INFO - 2021-09-18 09:34:56,875 - new_apply_order.py[line:305]: 人脸识别成功!
INFO - 2021-09-18 09:34:57,466 - new_apply_order.py[line:395]: 绑卡成功！
INFO - 2021-09-18 09:34:57,711 - new_apply_order.py[line:426]: 进件成功！执行sql将订单改为风控中……
INFO - 2021-09-18 09:34:58,772 - new_apply_order.py[line:432]: 订单表更新1条，信审更新1条
INFO - 2021-09-18 09:34:59,138 - new_apply_order.py[line:446]: 查询loan_order_id成功！
INFO - 2021-09-18 09:34:59,176 - new_apply_order.py[line:461]: 订单回调复审通过成功！
INFO - 2021-09-18 09:34:59,976 - new_apply_order.py[line:483]: 获取token成功！token=bearer e867b996-4e1e-4d08-9b75-dd4b37093e39！
INFO - 2021-09-18 09:35:00,346 - new_apply_order.py[line:446]: 查询loan_order_id成功！
INFO - 2021-09-18 09:35:00,677 - new_apply_order.py[line:501]: 后台已触发放款成功！
INFO - 2021-09-18 09:35:00,690 - new_apply_order.py[line:515]: xxl_job web 登录成功！
INFO - 2021-09-18 09:35:00,700 - new_apply_order.py[line:531]: xxl_job 放款准备作业执行成功！
INFO - 2021-09-18 09:35:02,068 - new_apply_order.py[line:446]: 查询loan_order_id成功！
INFO - 2021-09-18 09:35:02,079 - new_apply_order.py[line:539]: 修改放款准备完成时间成功！
INFO - 2021-09-18 09:35:02,082 - new_apply_order.py[line:547]: xxl_job 放款完成作业执行成功！
INFO - 2021-09-18 09:35:02,462 - new_apply_order.py[line:446]: 查询loan_order_id成功！
INFO - 2021-09-18 09:35:02,773 - new_apply_order.py[line:719]: 校验重试查询第1次
ERROR - 2021-09-18 09:35:03,787 - new_apply_order.py[line:615]: 放款完成或准备失败,目前的订单状态是35
INFO - 2021-09-18 09:35:03,788 - new_apply_order.py[line:616]: {'app': 'muchodinero', 'loan_order_id': '1439040195154415616', 'mobile': '1631928892', 'order_status': 35}
INFO - 2021-09-18 09:35:04,671 - new_apply_order.py[line:446]: 查询loan_order_id成功！
INFO - 2021-09-18 09:35:04,806 - new_apply_order.py[line:568]: 放款回调成功！
INFO - 2021-09-18 09:35:04,807 - new_apply_order.py[line:719]: 校验重试查询第2次
INFO - 2021-09-18 09:35:05,821 - new_apply_order.py[line:613]: 放款完成或准备成功,目前的订单状态是40
INFO - 2021-09-18 09:35:05,821 - new_apply_order.py[line:616]: {'app': 'muchodinero', 'loan_order_id': '1439040195154415616', 'mobile': '1631928892', 'order_status': 40}
INFO - 2021-09-18 09:35:05,822 - new_apply_order.py[line:736]: ===========完成第【5】次进件===========
INFO - 2021-09-18 09:35:05,822 - new_apply_order.py[line:696]: 开始第 muchodinero【6】次进件……
INFO - 2021-09-18 09:35:05,906 - new_apply_order.py[line:60]: 删除redis key: "mx:cfs:user:userid:4952138437381726208"
INFO - 2021-09-18 09:35:05,986 - new_apply_order.py[line:60]: 删除redis key: "mx:cfs:user:userid:4952137811046309888"
INFO - 2021-09-18 09:35:06,002 - new_apply_order.py[line:75]: 更新脏数据0条
INFO - 2021-09-18 09:35:06,002 - new_apply_order.py[line:82]: ======【mx测试环境】生成手机号：1631928905 ======
INFO - 2021-09-18 09:35:06,377 - new_apply_order.py[line:95]: 1631928905 检测用户存在成功！
INFO - 2021-09-18 09:35:06,477 - new_apply_order.py[line:104]: 1631928905 短信发送成功！
INFO - 2021-09-18 09:35:06,535 - new_apply_order.py[line:117]: 1631928905 注册成功！
INFO - 2021-09-18 09:35:06,601 - new_apply_order.py[line:133]: 1631928905 登录短信发送成功！
INFO - 2021-09-18 09:35:06,708 - new_apply_order.py[line:143]: userId=4952138494281654272,mobile=1631928905,token=a28667abc26fad7fe7e5084ba406fa61 登录成功
INFO - 2021-09-18 09:35:06,803 - new_apply_order.py[line:205]: 个人信息提交成功！
INFO - 2021-09-18 09:35:07,241 - new_apply_order.py[line:238]: 创建预审订单成功！
INFO - 2021-09-18 09:35:07,258 - new_apply_order.py[line:246]: 预审状态修改为通过,更新条数 1
INFO - 2021-09-18 09:35:07,272 - new_apply_order.py[line:249]: 更新初始额度！更新条数 1
INFO - 2021-09-18 09:35:09,726 - new_apply_order.py[line:285]: curp上传成功!
INFO - 2021-09-18 09:35:09,865 - new_apply_order.py[line:294]: curp_rfc校验通过！
INFO - 2021-09-18 09:35:10,614 - new_apply_order.py[line:305]: 人脸识别成功!
INFO - 2021-09-18 09:35:11,200 - new_apply_order.py[line:395]: 绑卡成功！
INFO - 2021-09-18 09:35:11,480 - new_apply_order.py[line:426]: 进件成功！执行sql将订单改为风控中……
INFO - 2021-09-18 09:35:12,507 - new_apply_order.py[line:432]: 订单表更新1条，信审更新1条
INFO - 2021-09-18 09:35:12,878 - new_apply_order.py[line:446]: 查询loan_order_id成功！
INFO - 2021-09-18 09:35:12,921 - new_apply_order.py[line:461]: 订单回调复审通过成功！
INFO - 2021-09-18 09:35:13,727 - new_apply_order.py[line:483]: 获取token成功！token=bearer e867b996-4e1e-4d08-9b75-dd4b37093e39！
INFO - 2021-09-18 09:35:14,092 - new_apply_order.py[line:446]: 查询loan_order_id成功！
INFO - 2021-09-18 09:35:14,403 - new_apply_order.py[line:501]: 后台已触发放款成功！
INFO - 2021-09-18 09:35:14,417 - new_apply_order.py[line:515]: xxl_job web 登录成功！
INFO - 2021-09-18 09:35:14,427 - new_apply_order.py[line:531]: xxl_job 放款准备作业执行成功！
INFO - 2021-09-18 09:35:15,799 - new_apply_order.py[line:446]: 查询loan_order_id成功！
INFO - 2021-09-18 09:35:15,815 - new_apply_order.py[line:539]: 修改放款准备完成时间成功！
INFO - 2021-09-18 09:35:15,824 - new_apply_order.py[line:547]: xxl_job 放款完成作业执行成功！
INFO - 2021-09-18 09:35:16,204 - new_apply_order.py[line:446]: 查询loan_order_id成功！
INFO - 2021-09-18 09:35:16,518 - new_apply_order.py[line:719]: 校验重试查询第1次
ERROR - 2021-09-18 09:35:17,534 - new_apply_order.py[line:615]: 放款完成或准备失败,目前的订单状态是35
INFO - 2021-09-18 09:35:17,535 - new_apply_order.py[line:616]: {'app': 'muchodinero', 'loan_order_id': '1439040252104675328', 'mobile': '1631928905', 'order_status': 35}
INFO - 2021-09-18 09:35:18,412 - new_apply_order.py[line:446]: 查询loan_order_id成功！
INFO - 2021-09-18 09:35:18,529 - new_apply_order.py[line:568]: 放款回调成功！
INFO - 2021-09-18 09:35:18,530 - new_apply_order.py[line:719]: 校验重试查询第2次
INFO - 2021-09-18 09:35:19,543 - new_apply_order.py[line:613]: 放款完成或准备成功,目前的订单状态是40
INFO - 2021-09-18 09:35:19,543 - new_apply_order.py[line:616]: {'app': 'muchodinero', 'loan_order_id': '1439040252104675328', 'mobile': '1631928905', 'order_status': 40}
INFO - 2021-09-18 09:35:19,544 - new_apply_order.py[line:736]: ===========完成第【6】次进件===========
INFO - 2021-09-18 09:35:19,544 - new_apply_order.py[line:696]: 开始第 muchodinero【7】次进件……
INFO - 2021-09-18 09:35:19,603 - new_apply_order.py[line:60]: 删除redis key: "mx:cfs:user:userid:4952138494281654272"
INFO - 2021-09-18 09:35:19,738 - new_apply_order.py[line:75]: 更新脏数据0条
INFO - 2021-09-18 09:35:19,738 - new_apply_order.py[line:82]: ======【mx测试环境】生成手机号：1631928919 ======
INFO - 2021-09-18 09:35:20,184 - new_apply_order.py[line:95]: 1631928919 检测用户存在成功！
INFO - 2021-09-18 09:35:20,249 - new_apply_order.py[line:104]: 1631928919 短信发送成功！
INFO - 2021-09-18 09:35:20,306 - new_apply_order.py[line:117]: 1631928919 注册成功！
INFO - 2021-09-18 09:35:20,378 - new_apply_order.py[line:133]: 1631928919 登录短信发送成功！
INFO - 2021-09-18 09:35:20,463 - new_apply_order.py[line:143]: userId=4952138552041414656,mobile=1631928919,token=3d592344acdbd5f0fc42c66adde6969d 登录成功
INFO - 2021-09-18 09:35:20,550 - new_apply_order.py[line:205]: 个人信息提交成功！
INFO - 2021-09-18 09:35:20,790 - new_apply_order.py[line:238]: 创建预审订单成功！
INFO - 2021-09-18 09:35:20,809 - new_apply_order.py[line:246]: 预审状态修改为通过,更新条数 1
INFO - 2021-09-18 09:35:20,821 - new_apply_order.py[line:249]: 更新初始额度！更新条数 1
INFO - 2021-09-18 09:35:23,096 - new_apply_order.py[line:285]: curp上传成功!
INFO - 2021-09-18 09:35:23,245 - new_apply_order.py[line:294]: curp_rfc校验通过！
INFO - 2021-09-18 09:35:24,077 - new_apply_order.py[line:305]: 人脸识别成功!
INFO - 2021-09-18 09:35:24,637 - new_apply_order.py[line:395]: 绑卡成功！
INFO - 2021-09-18 09:35:24,848 - new_apply_order.py[line:426]: 进件成功！执行sql将订单改为风控中……
INFO - 2021-09-18 09:35:25,887 - new_apply_order.py[line:432]: 订单表更新1条，信审更新1条
INFO - 2021-09-18 09:35:26,251 - new_apply_order.py[line:446]: 查询loan_order_id成功！
INFO - 2021-09-18 09:35:26,293 - new_apply_order.py[line:461]: 订单回调复审通过成功！
INFO - 2021-09-18 09:35:27,100 - new_apply_order.py[line:483]: 获取token成功！token=bearer e867b996-4e1e-4d08-9b75-dd4b37093e39！
INFO - 2021-09-18 09:35:27,459 - new_apply_order.py[line:446]: 查询loan_order_id成功！
INFO - 2021-09-18 09:35:27,778 - new_apply_order.py[line:501]: 后台已触发放款成功！
INFO - 2021-09-18 09:35:27,791 - new_apply_order.py[line:515]: xxl_job web 登录成功！
INFO - 2021-09-18 09:35:27,800 - new_apply_order.py[line:531]: xxl_job 放款准备作业执行成功！
INFO - 2021-09-18 09:35:29,182 - new_apply_order.py[line:446]: 查询loan_order_id成功！
INFO - 2021-09-18 09:35:29,198 - new_apply_order.py[line:539]: 修改放款准备完成时间成功！
INFO - 2021-09-18 09:35:29,203 - new_apply_order.py[line:547]: xxl_job 放款完成作业执行成功！
INFO - 2021-09-18 09:35:29,584 - new_apply_order.py[line:446]: 查询loan_order_id成功！
INFO - 2021-09-18 09:35:29,896 - new_apply_order.py[line:719]: 校验重试查询第1次
ERROR - 2021-09-18 09:35:30,914 - new_apply_order.py[line:615]: 放款完成或准备失败,目前的订单状态是35
INFO - 2021-09-18 09:35:30,915 - new_apply_order.py[line:616]: {'app': 'muchodinero', 'loan_order_id': '1439040309763772416', 'mobile': '1631928919', 'order_status': 35}
INFO - 2021-09-18 09:35:31,790 - new_apply_order.py[line:446]: 查询loan_order_id成功！
INFO - 2021-09-18 09:35:31,946 - new_apply_order.py[line:568]: 放款回调成功！
INFO - 2021-09-18 09:35:31,947 - new_apply_order.py[line:719]: 校验重试查询第2次
INFO - 2021-09-18 09:35:32,957 - new_apply_order.py[line:613]: 放款完成或准备成功,目前的订单状态是40
INFO - 2021-09-18 09:35:32,958 - new_apply_order.py[line:616]: {'app': 'muchodinero', 'loan_order_id': '1439040309763772416', 'mobile': '1631928919', 'order_status': 40}
INFO - 2021-09-18 09:35:32,958 - new_apply_order.py[line:736]: ===========完成第【7】次进件===========
INFO - 2021-09-18 09:35:32,958 - new_apply_order.py[line:696]: 开始第 muchodinero【8】次进件……
INFO - 2021-09-18 09:35:33,085 - new_apply_order.py[line:60]: 删除redis key: "mx:cfs:user:userid:4952137939303931904"
INFO - 2021-09-18 09:35:33,107 - new_apply_order.py[line:60]: 删除redis key: "mx:cfs:user:userid:4952138552041414656"
INFO - 2021-09-18 09:35:33,146 - new_apply_order.py[line:75]: 更新脏数据0条
INFO - 2021-09-18 09:35:33,146 - new_apply_order.py[line:82]: ======【mx测试环境】生成手机号：1631928932 ======
INFO - 2021-09-18 09:35:33,497 - new_apply_order.py[line:95]: 1631928932 检测用户存在成功！
INFO - 2021-09-18 09:35:33,548 - new_apply_order.py[line:104]: 1631928932 短信发送成功！
INFO - 2021-09-18 09:35:33,599 - new_apply_order.py[line:117]: 1631928932 注册成功！
INFO - 2021-09-18 09:35:33,662 - new_apply_order.py[line:133]: 1631928932 登录短信发送成功！
INFO - 2021-09-18 09:35:33,727 - new_apply_order.py[line:143]: userId=4952138607808880640,mobile=1631928932,token=686e5cdf5ef959e1c9d3e45528352e10 登录成功
INFO - 2021-09-18 09:35:33,816 - new_apply_order.py[line:205]: 个人信息提交成功！
INFO - 2021-09-18 09:35:34,365 - new_apply_order.py[line:238]: 创建预审订单成功！
INFO - 2021-09-18 09:35:34,386 - new_apply_order.py[line:246]: 预审状态修改为通过,更新条数 1
INFO - 2021-09-18 09:35:34,401 - new_apply_order.py[line:249]: 更新初始额度！更新条数 1
INFO - 2021-09-18 09:35:36,783 - new_apply_order.py[line:285]: curp上传成功!
INFO - 2021-09-18 09:35:36,970 - new_apply_order.py[line:294]: curp_rfc校验通过！
INFO - 2021-09-18 09:35:37,776 - new_apply_order.py[line:305]: 人脸识别成功!
INFO - 2021-09-18 09:35:38,311 - new_apply_order.py[line:395]: 绑卡成功！
INFO - 2021-09-18 09:35:38,544 - new_apply_order.py[line:426]: 进件成功！执行sql将订单改为风控中……
INFO - 2021-09-18 09:35:39,580 - new_apply_order.py[line:432]: 订单表更新1条，信审更新1条
INFO - 2021-09-18 09:35:39,951 - new_apply_order.py[line:446]: 查询loan_order_id成功！
INFO - 2021-09-18 09:35:39,997 - new_apply_order.py[line:461]: 订单回调复审通过成功！
INFO - 2021-09-18 09:35:40,785 - new_apply_order.py[line:483]: 获取token成功！token=bearer e867b996-4e1e-4d08-9b75-dd4b37093e39！
INFO - 2021-09-18 09:35:41,147 - new_apply_order.py[line:446]: 查询loan_order_id成功！
INFO - 2021-09-18 09:35:41,485 - new_apply_order.py[line:501]: 后台已触发放款成功！
INFO - 2021-09-18 09:35:41,498 - new_apply_order.py[line:515]: xxl_job web 登录成功！
INFO - 2021-09-18 09:35:41,507 - new_apply_order.py[line:531]: xxl_job 放款准备作业执行成功！
INFO - 2021-09-18 09:35:42,876 - new_apply_order.py[line:446]: 查询loan_order_id成功！
INFO - 2021-09-18 09:35:42,895 - new_apply_order.py[line:539]: 修改放款准备完成时间成功！
INFO - 2021-09-18 09:35:42,903 - new_apply_order.py[line:547]: xxl_job 放款完成作业执行成功！
INFO - 2021-09-18 09:35:43,270 - new_apply_order.py[line:446]: 查询loan_order_id成功！
INFO - 2021-09-18 09:35:43,582 - new_apply_order.py[line:719]: 校验重试查询第1次
ERROR - 2021-09-18 09:35:44,600 - new_apply_order.py[line:615]: 放款完成或准备失败,目前的订单状态是35
INFO - 2021-09-18 09:35:44,600 - new_apply_order.py[line:616]: {'app': 'muchodinero', 'loan_order_id': '1439040365493489664', 'mobile': '1631928932', 'order_status': 35}
INFO - 2021-09-18 09:35:45,480 - new_apply_order.py[line:446]: 查询loan_order_id成功！
INFO - 2021-09-18 09:35:45,590 - new_apply_order.py[line:568]: 放款回调成功！
INFO - 2021-09-18 09:35:45,590 - new_apply_order.py[line:719]: 校验重试查询第2次
INFO - 2021-09-18 09:35:46,606 - new_apply_order.py[line:613]: 放款完成或准备成功,目前的订单状态是40
INFO - 2021-09-18 09:35:46,607 - new_apply_order.py[line:616]: {'app': 'muchodinero', 'loan_order_id': '1439040365493489664', 'mobile': '1631928932', 'order_status': 40}
INFO - 2021-09-18 09:35:46,608 - new_apply_order.py[line:736]: ===========完成第【8】次进件===========
INFO - 2021-09-18 09:35:46,608 - new_apply_order.py[line:696]: 开始第 muchodinero【9】次进件……
INFO - 2021-09-18 09:35:46,692 - new_apply_order.py[line:60]: 删除redis key: "mx:cfs:user:userid:4952138607808880640"
INFO - 2021-09-18 09:35:46,754 - new_apply_order.py[line:60]: 删除redis key: "mx:cfs:user:userid:4952137939303931904"
INFO - 2021-09-18 09:35:46,810 - new_apply_order.py[line:75]: 更新脏数据0条
INFO - 2021-09-18 09:35:46,811 - new_apply_order.py[line:82]: ======【mx测试环境】生成手机号：1631928946 ======
INFO - 2021-09-18 09:35:47,164 - new_apply_order.py[line:95]: 1631928946 检测用户存在成功！
INFO - 2021-09-18 09:35:47,224 - new_apply_order.py[line:104]: 1631928946 短信发送成功！
INFO - 2021-09-18 09:35:47,295 - new_apply_order.py[line:117]: 1631928946 注册成功！
INFO - 2021-09-18 09:35:47,368 - new_apply_order.py[line:133]: 1631928946 登录短信发送成功！
INFO - 2021-09-18 09:35:47,429 - new_apply_order.py[line:143]: userId=4952138665233096704,mobile=1631928946,token=f0c5eda78251ead710ef00abf5504d22 登录成功
INFO - 2021-09-18 09:35:47,517 - new_apply_order.py[line:205]: 个人信息提交成功！
INFO - 2021-09-18 09:35:47,784 - new_apply_order.py[line:238]: 创建预审订单成功！
INFO - 2021-09-18 09:35:47,804 - new_apply_order.py[line:246]: 预审状态修改为通过,更新条数 1
INFO - 2021-09-18 09:35:47,817 - new_apply_order.py[line:249]: 更新初始额度！更新条数 1
INFO - 2021-09-18 09:35:50,249 - new_apply_order.py[line:285]: curp上传成功!
INFO - 2021-09-18 09:35:50,410 - new_apply_order.py[line:294]: curp_rfc校验通过！
INFO - 2021-09-18 09:35:51,229 - new_apply_order.py[line:305]: 人脸识别成功!
INFO - 2021-09-18 09:35:51,868 - new_apply_order.py[line:395]: 绑卡成功！
INFO - 2021-09-18 09:35:52,066 - new_apply_order.py[line:426]: 进件成功！执行sql将订单改为风控中……
INFO - 2021-09-18 09:35:53,102 - new_apply_order.py[line:432]: 订单表更新1条，信审更新1条
INFO - 2021-09-18 09:35:53,472 - new_apply_order.py[line:446]: 查询loan_order_id成功！
INFO - 2021-09-18 09:35:53,512 - new_apply_order.py[line:461]: 订单回调复审通过成功！
INFO - 2021-09-18 09:35:54,271 - new_apply_order.py[line:483]: 获取token成功！token=bearer e867b996-4e1e-4d08-9b75-dd4b37093e39！
INFO - 2021-09-18 09:35:54,643 - new_apply_order.py[line:446]: 查询loan_order_id成功！
INFO - 2021-09-18 09:35:54,946 - new_apply_order.py[line:501]: 后台已触发放款成功！
INFO - 2021-09-18 09:35:54,959 - new_apply_order.py[line:515]: xxl_job web 登录成功！
INFO - 2021-09-18 09:35:54,971 - new_apply_order.py[line:531]: xxl_job 放款准备作业执行成功！
INFO - 2021-09-18 09:35:56,351 - new_apply_order.py[line:446]: 查询loan_order_id成功！
INFO - 2021-09-18 09:35:56,369 - new_apply_order.py[line:539]: 修改放款准备完成时间成功！
INFO - 2021-09-18 09:35:56,377 - new_apply_order.py[line:547]: xxl_job 放款完成作业执行成功！
INFO - 2021-09-18 09:35:56,742 - new_apply_order.py[line:446]: 查询loan_order_id成功！
INFO - 2021-09-18 09:35:57,053 - new_apply_order.py[line:719]: 校验重试查询第1次
ERROR - 2021-09-18 09:35:58,070 - new_apply_order.py[line:615]: 放款完成或准备失败,目前的订单状态是35
INFO - 2021-09-18 09:35:58,070 - new_apply_order.py[line:616]: {'app': 'muchodinero', 'loan_order_id': '1439040422867374080', 'mobile': '1631928946', 'order_status': 35}
INFO - 2021-09-18 09:35:58,942 - new_apply_order.py[line:446]: 查询loan_order_id成功！
INFO - 2021-09-18 09:35:59,052 - new_apply_order.py[line:568]: 放款回调成功！
INFO - 2021-09-18 09:35:59,053 - new_apply_order.py[line:719]: 校验重试查询第2次
INFO - 2021-09-18 09:36:00,064 - new_apply_order.py[line:613]: 放款完成或准备成功,目前的订单状态是40
INFO - 2021-09-18 09:36:00,065 - new_apply_order.py[line:616]: {'app': 'muchodinero', 'loan_order_id': '1439040422867374080', 'mobile': '1631928946', 'order_status': 40}
INFO - 2021-09-18 09:36:00,065 - new_apply_order.py[line:736]: ===========完成第【9】次进件===========
INFO - 2021-09-18 09:36:00,065 - new_apply_order.py[line:696]: 开始第 muchodinero【10】次进件……
INFO - 2021-09-18 09:36:00,183 - new_apply_order.py[line:60]: 删除redis key: "mx:cfs:user:userid:4952138665233096704"
INFO - 2021-09-18 09:36:00,252 - new_apply_order.py[line:75]: 更新脏数据0条
INFO - 2021-09-18 09:36:00,253 - new_apply_order.py[line:82]: ======【mx测试环境】生成手机号：1631928960 ======
INFO - 2021-09-18 09:36:00,611 - new_apply_order.py[line:95]: 1631928960 检测用户存在成功！
INFO - 2021-09-18 09:36:00,665 - new_apply_order.py[line:104]: 1631928960 短信发送成功！
INFO - 2021-09-18 09:36:00,716 - new_apply_order.py[line:117]: 1631928960 注册成功！
INFO - 2021-09-18 09:36:00,782 - new_apply_order.py[line:133]: 1631928960 登录短信发送成功！
INFO - 2021-09-18 09:36:00,841 - new_apply_order.py[line:143]: userId=4952138721537433600,mobile=1631928960,token=1891e21fe5d4e8b4ec8e0481d0410d0d 登录成功
INFO - 2021-09-18 09:36:00,932 - new_apply_order.py[line:205]: 个人信息提交成功！
INFO - 2021-09-18 09:36:01,380 - new_apply_order.py[line:238]: 创建预审订单成功！
INFO - 2021-09-18 09:36:01,398 - new_apply_order.py[line:246]: 预审状态修改为通过,更新条数 1
INFO - 2021-09-18 09:36:01,410 - new_apply_order.py[line:249]: 更新初始额度！更新条数 1
INFO - 2021-09-18 09:36:03,998 - new_apply_order.py[line:285]: curp上传成功!
INFO - 2021-09-18 09:36:04,145 - new_apply_order.py[line:294]: curp_rfc校验通过！
INFO - 2021-09-18 09:36:04,982 - new_apply_order.py[line:305]: 人脸识别成功!
INFO - 2021-09-18 09:36:05,540 - new_apply_order.py[line:395]: 绑卡成功！
INFO - 2021-09-18 09:36:05,782 - new_apply_order.py[line:426]: 进件成功！执行sql将订单改为风控中……
INFO - 2021-09-18 09:36:06,819 - new_apply_order.py[line:432]: 订单表更新1条，信审更新1条
INFO - 2021-09-18 09:36:07,187 - new_apply_order.py[line:446]: 查询loan_order_id成功！
INFO - 2021-09-18 09:36:07,230 - new_apply_order.py[line:461]: 订单回调复审通过成功！
INFO - 2021-09-18 09:36:08,006 - new_apply_order.py[line:483]: 获取token成功！token=bearer e867b996-4e1e-4d08-9b75-dd4b37093e39！
INFO - 2021-09-18 09:36:08,368 - new_apply_order.py[line:446]: 查询loan_order_id成功！
INFO - 2021-09-18 09:36:08,677 - new_apply_order.py[line:501]: 后台已触发放款成功！
INFO - 2021-09-18 09:36:08,690 - new_apply_order.py[line:515]: xxl_job web 登录成功！
INFO - 2021-09-18 09:36:08,699 - new_apply_order.py[line:531]: xxl_job 放款准备作业执行成功！
INFO - 2021-09-18 09:36:10,075 - new_apply_order.py[line:446]: 查询loan_order_id成功！
INFO - 2021-09-18 09:36:10,091 - new_apply_order.py[line:539]: 修改放款准备完成时间成功！
INFO - 2021-09-18 09:36:10,096 - new_apply_order.py[line:547]: xxl_job 放款完成作业执行成功！
INFO - 2021-09-18 09:36:10,471 - new_apply_order.py[line:446]: 查询loan_order_id成功！
INFO - 2021-09-18 09:36:10,787 - new_apply_order.py[line:719]: 校验重试查询第1次
ERROR - 2021-09-18 09:36:11,799 - new_apply_order.py[line:615]: 放款完成或准备失败,目前的订单状态是35
INFO - 2021-09-18 09:36:11,799 - new_apply_order.py[line:616]: {'app': 'muchodinero', 'loan_order_id': '1439040479234625536', 'mobile': '1631928960', 'order_status': 35}
INFO - 2021-09-18 09:36:12,669 - new_apply_order.py[line:446]: 查询loan_order_id成功！
INFO - 2021-09-18 09:36:12,680 - new_apply_order.py[line:719]: 校验重试查询第2次
ERROR - 2021-09-18 09:36:13,697 - new_apply_order.py[line:615]: 放款完成或准备失败,目前的订单状态是35
INFO - 2021-09-18 09:36:13,697 - new_apply_order.py[line:616]: {'app': 'muchodinero', 'loan_order_id': '1439040479234625536', 'mobile': '1631928960', 'order_status': 35}
INFO - 2021-09-18 09:36:14,652 - new_apply_order.py[line:446]: 查询loan_order_id成功！
INFO - 2021-09-18 09:36:14,755 - new_apply_order.py[line:568]: 放款回调成功！
INFO - 2021-09-18 09:36:14,756 - new_apply_order.py[line:719]: 校验重试查询第3次
INFO - 2021-09-18 09:36:15,768 - new_apply_order.py[line:613]: 放款完成或准备成功,目前的订单状态是40
INFO - 2021-09-18 09:36:15,769 - new_apply_order.py[line:616]: {'app': 'muchodinero', 'loan_order_id': '1439040479234625536', 'mobile': '1631928960', 'order_status': 40}
INFO - 2021-09-18 09:36:15,769 - new_apply_order.py[line:736]: ===========完成第【10】次进件===========
INFO - 2021-09-18 09:36:15,769 - new_apply_order.py[line:696]: 开始第 muchodinero【11】次进件……
INFO - 2021-09-18 09:36:15,902 - new_apply_order.py[line:60]: 删除redis key: "mx:cfs:user:userid:4952137939303931904"
INFO - 2021-09-18 09:36:15,912 - new_apply_order.py[line:60]: 删除redis key: "mx:cfs:user:userid:4952138721537433600"
INFO - 2021-09-18 09:36:15,954 - new_apply_order.py[line:75]: 更新脏数据0条
INFO - 2021-09-18 09:36:15,955 - new_apply_order.py[line:82]: ======【mx测试环境】生成手机号：1631928975 ======
INFO - 2021-09-18 09:36:16,316 - new_apply_order.py[line:95]: 1631928975 检测用户存在成功！
INFO - 2021-09-18 09:36:16,413 - new_apply_order.py[line:104]: 1631928975 短信发送成功！
INFO - 2021-09-18 09:36:16,505 - new_apply_order.py[line:117]: 1631928975 注册成功！
INFO - 2021-09-18 09:36:16,590 - new_apply_order.py[line:133]: 1631928975 登录短信发送成功！
INFO - 2021-09-18 09:36:16,663 - new_apply_order.py[line:143]: userId=4952138787740327936,mobile=1631928975,token=4752ec2c4d51e167b89c1e7dec50ead7 登录成功
INFO - 2021-09-18 09:36:16,766 - new_apply_order.py[line:205]: 个人信息提交成功！
INFO - 2021-09-18 09:36:17,013 - new_apply_order.py[line:238]: 创建预审订单成功！
INFO - 2021-09-18 09:36:17,031 - new_apply_order.py[line:246]: 预审状态修改为通过,更新条数 1
INFO - 2021-09-18 09:36:17,044 - new_apply_order.py[line:249]: 更新初始额度！更新条数 1
INFO - 2021-09-18 09:36:19,531 - new_apply_order.py[line:285]: curp上传成功!
INFO - 2021-09-18 09:36:19,714 - new_apply_order.py[line:294]: curp_rfc校验通过！
INFO - 2021-09-18 09:36:20,495 - new_apply_order.py[line:305]: 人脸识别成功!
INFO - 2021-09-18 09:36:21,063 - new_apply_order.py[line:395]: 绑卡成功！
INFO - 2021-09-18 09:36:21,273 - new_apply_order.py[line:426]: 进件成功！执行sql将订单改为风控中……
INFO - 2021-09-18 09:36:22,305 - new_apply_order.py[line:432]: 订单表更新1条，信审更新1条
INFO - 2021-09-18 09:36:22,672 - new_apply_order.py[line:446]: 查询loan_order_id成功！
INFO - 2021-09-18 09:36:22,712 - new_apply_order.py[line:461]: 订单回调复审通过成功！
INFO - 2021-09-18 09:36:23,500 - new_apply_order.py[line:483]: 获取token成功！token=bearer e867b996-4e1e-4d08-9b75-dd4b37093e39！
INFO - 2021-09-18 09:36:23,869 - new_apply_order.py[line:446]: 查询loan_order_id成功！
INFO - 2021-09-18 09:36:24,176 - new_apply_order.py[line:501]: 后台已触发放款成功！
INFO - 2021-09-18 09:36:24,188 - new_apply_order.py[line:515]: xxl_job web 登录成功！
INFO - 2021-09-18 09:36:24,199 - new_apply_order.py[line:531]: xxl_job 放款准备作业执行成功！
INFO - 2021-09-18 09:36:25,570 - new_apply_order.py[line:446]: 查询loan_order_id成功！
INFO - 2021-09-18 09:36:25,583 - new_apply_order.py[line:539]: 修改放款准备完成时间成功！
INFO - 2021-09-18 09:36:25,591 - new_apply_order.py[line:547]: xxl_job 放款完成作业执行成功！
INFO - 2021-09-18 09:36:25,965 - new_apply_order.py[line:446]: 查询loan_order_id成功！
INFO - 2021-09-18 09:36:26,281 - new_apply_order.py[line:719]: 校验重试查询第1次
ERROR - 2021-09-18 09:36:27,296 - new_apply_order.py[line:615]: 放款完成或准备失败,目前的订单状态是35
INFO - 2021-09-18 09:36:27,296 - new_apply_order.py[line:616]: {'app': 'muchodinero', 'loan_order_id': '1439040545546571776', 'mobile': '1631928975', 'order_status': 35}
INFO - 2021-09-18 09:36:28,167 - new_apply_order.py[line:446]: 查询loan_order_id成功！
INFO - 2021-09-18 09:36:28,268 - new_apply_order.py[line:568]: 放款回调成功！
INFO - 2021-09-18 09:36:28,268 - new_apply_order.py[line:719]: 校验重试查询第2次
INFO - 2021-09-18 09:36:29,287 - new_apply_order.py[line:613]: 放款完成或准备成功,目前的订单状态是40
INFO - 2021-09-18 09:36:29,288 - new_apply_order.py[line:616]: {'app': 'muchodinero', 'loan_order_id': '1439040545546571776', 'mobile': '1631928975', 'order_status': 40}
INFO - 2021-09-18 09:36:29,288 - new_apply_order.py[line:736]: ===========完成第【11】次进件===========
INFO - 2021-09-18 09:36:29,288 - new_apply_order.py[line:696]: 开始第 muchodinero【12】次进件……
INFO - 2021-09-18 09:36:29,357 - new_apply_order.py[line:60]: 删除redis key: "mx:cfs:user:userid:4952138787740327936"
INFO - 2021-09-18 09:36:29,415 - new_apply_order.py[line:60]: 删除redis key: "mx:cfs:user:userid:4952137939303931904"
INFO - 2021-09-18 09:36:29,469 - new_apply_order.py[line:75]: 更新脏数据0条
INFO - 2021-09-18 09:36:29,469 - new_apply_order.py[line:82]: ======【mx测试环境】生成手机号：1631928989 ======
INFO - 2021-09-18 09:36:29,826 - new_apply_order.py[line:95]: 1631928989 检测用户存在成功！
INFO - 2021-09-18 09:36:29,879 - new_apply_order.py[line:104]: 1631928989 短信发送成功！
INFO - 2021-09-18 09:36:29,926 - new_apply_order.py[line:117]: 1631928989 注册成功！
INFO - 2021-09-18 09:36:29,994 - new_apply_order.py[line:133]: 1631928989 登录短信发送成功！
INFO - 2021-09-18 09:36:30,066 - new_apply_order.py[line:143]: userId=4952138844061442048,mobile=1631928989,token=2bcbdeef37921849d36f904bdfe1461c 登录成功
INFO - 2021-09-18 09:36:30,157 - new_apply_order.py[line:205]: 个人信息提交成功！
INFO - 2021-09-18 09:36:30,596 - new_apply_order.py[line:238]: 创建预审订单成功！
INFO - 2021-09-18 09:36:30,615 - new_apply_order.py[line:246]: 预审状态修改为通过,更新条数 1
INFO - 2021-09-18 09:36:30,630 - new_apply_order.py[line:249]: 更新初始额度！更新条数 1
INFO - 2021-09-18 09:36:33,113 - new_apply_order.py[line:285]: curp上传成功!
INFO - 2021-09-18 09:36:33,240 - new_apply_order.py[line:294]: curp_rfc校验通过！
INFO - 2021-09-18 09:36:33,979 - new_apply_order.py[line:305]: 人脸识别成功!
INFO - 2021-09-18 09:36:34,528 - new_apply_order.py[line:395]: 绑卡成功！
INFO - 2021-09-18 09:36:34,742 - new_apply_order.py[line:426]: 进件成功！执行sql将订单改为风控中……
INFO - 2021-09-18 09:36:35,780 - new_apply_order.py[line:432]: 订单表更新1条，信审更新1条
INFO - 2021-09-18 09:36:36,146 - new_apply_order.py[line:446]: 查询loan_order_id成功！
INFO - 2021-09-18 09:36:36,184 - new_apply_order.py[line:461]: 订单回调复审通过成功！
INFO - 2021-09-18 09:36:36,974 - new_apply_order.py[line:483]: 获取token成功！token=bearer e867b996-4e1e-4d08-9b75-dd4b37093e39！
INFO - 2021-09-18 09:36:37,333 - new_apply_order.py[line:446]: 查询loan_order_id成功！
INFO - 2021-09-18 09:36:37,661 - new_apply_order.py[line:501]: 后台已触发放款成功！
INFO - 2021-09-18 09:36:37,673 - new_apply_order.py[line:515]: xxl_job web 登录成功！
INFO - 2021-09-18 09:36:37,684 - new_apply_order.py[line:531]: xxl_job 放款准备作业执行成功！
INFO - 2021-09-18 09:36:39,066 - new_apply_order.py[line:446]: 查询loan_order_id成功！
INFO - 2021-09-18 09:36:39,083 - new_apply_order.py[line:539]: 修改放款准备完成时间成功！
INFO - 2021-09-18 09:36:39,092 - new_apply_order.py[line:547]: xxl_job 放款完成作业执行成功！
INFO - 2021-09-18 09:36:39,462 - new_apply_order.py[line:446]: 查询loan_order_id成功！
INFO - 2021-09-18 09:36:39,777 - new_apply_order.py[line:719]: 校验重试查询第1次
ERROR - 2021-09-18 09:36:40,795 - new_apply_order.py[line:615]: 放款完成或准备失败,目前的订单状态是35
INFO - 2021-09-18 09:36:40,796 - new_apply_order.py[line:616]: {'app': 'muchodinero', 'loan_order_id': '1439040601699913728', 'mobile': '1631928989', 'order_status': 35}
INFO - 2021-09-18 09:36:41,674 - new_apply_order.py[line:446]: 查询loan_order_id成功！
INFO - 2021-09-18 09:36:41,804 - new_apply_order.py[line:568]: 放款回调成功！
INFO - 2021-09-18 09:36:41,804 - new_apply_order.py[line:719]: 校验重试查询第2次
INFO - 2021-09-18 09:36:42,821 - new_apply_order.py[line:613]: 放款完成或准备成功,目前的订单状态是40
INFO - 2021-09-18 09:36:42,822 - new_apply_order.py[line:616]: {'app': 'muchodinero', 'loan_order_id': '1439040601699913728', 'mobile': '1631928989', 'order_status': 40}
INFO - 2021-09-18 09:36:42,822 - new_apply_order.py[line:736]: ===========完成第【12】次进件===========
INFO - 2021-09-18 09:36:42,823 - new_apply_order.py[line:696]: 开始第 muchodinero【13】次进件……
INFO - 2021-09-18 09:36:42,931 - new_apply_order.py[line:60]: 删除redis key: "mx:cfs:user:userid:4952138844061442048"
INFO - 2021-09-18 09:36:43,013 - new_apply_order.py[line:75]: 更新脏数据0条
INFO - 2021-09-18 09:36:43,013 - new_apply_order.py[line:82]: ======【mx测试环境】生成手机号：1631929002 ======
INFO - 2021-09-18 09:36:43,368 - new_apply_order.py[line:95]: 1631929002 检测用户存在成功！
INFO - 2021-09-18 09:36:43,418 - new_apply_order.py[line:104]: 1631929002 短信发送成功！
INFO - 2021-09-18 09:36:43,482 - new_apply_order.py[line:117]: 1631929002 注册成功！
INFO - 2021-09-18 09:36:43,546 - new_apply_order.py[line:133]: 1631929002 登录短信发送成功！
INFO - 2021-09-18 09:36:43,624 - new_apply_order.py[line:143]: userId=4952138900898455552,mobile=1631929002,token=6a3454c328205ebe6ff74c1d3e237e03 登录成功
INFO - 2021-09-18 09:36:43,715 - new_apply_order.py[line:205]: 个人信息提交成功！
INFO - 2021-09-18 09:36:43,948 - new_apply_order.py[line:238]: 创建预审订单成功！
INFO - 2021-09-18 09:36:43,969 - new_apply_order.py[line:246]: 预审状态修改为通过,更新条数 1
INFO - 2021-09-18 09:36:43,982 - new_apply_order.py[line:249]: 更新初始额度！更新条数 1
INFO - 2021-09-18 09:36:47,377 - new_apply_order.py[line:285]: curp上传成功!
INFO - 2021-09-18 09:36:47,508 - new_apply_order.py[line:294]: curp_rfc校验通过！
INFO - 2021-09-18 09:36:48,337 - new_apply_order.py[line:305]: 人脸识别成功!
INFO - 2021-09-18 09:36:48,913 - new_apply_order.py[line:395]: 绑卡成功！
INFO - 2021-09-18 09:36:49,147 - new_apply_order.py[line:426]: 进件成功！执行sql将订单改为风控中……
INFO - 2021-09-18 09:36:50,189 - new_apply_order.py[line:432]: 订单表更新1条，信审更新1条
INFO - 2021-09-18 09:36:50,590 - new_apply_order.py[line:446]: 查询loan_order_id成功！
INFO - 2021-09-18 09:36:50,633 - new_apply_order.py[line:461]: 订单回调复审通过成功！
INFO - 2021-09-18 09:36:51,440 - new_apply_order.py[line:483]: 获取token成功！token=bearer e867b996-4e1e-4d08-9b75-dd4b37093e39！
INFO - 2021-09-18 09:36:51,803 - new_apply_order.py[line:446]: 查询loan_order_id成功！
INFO - 2021-09-18 09:36:52,147 - new_apply_order.py[line:501]: 后台已触发放款成功！
INFO - 2021-09-18 09:36:52,158 - new_apply_order.py[line:515]: xxl_job web 登录成功！
INFO - 2021-09-18 09:36:52,167 - new_apply_order.py[line:531]: xxl_job 放款准备作业执行成功！
INFO - 2021-09-18 09:36:53,532 - new_apply_order.py[line:446]: 查询loan_order_id成功！
INFO - 2021-09-18 09:36:53,548 - new_apply_order.py[line:539]: 修改放款准备完成时间成功！
INFO - 2021-09-18 09:36:53,554 - new_apply_order.py[line:547]: xxl_job 放款完成作业执行成功！
INFO - 2021-09-18 09:36:53,927 - new_apply_order.py[line:446]: 查询loan_order_id成功！
INFO - 2021-09-18 09:36:54,237 - new_apply_order.py[line:719]: 校验重试查询第1次
ERROR - 2021-09-18 09:36:55,252 - new_apply_order.py[line:615]: 放款完成或准备失败,目前的订单状态是35
INFO - 2021-09-18 09:36:55,252 - new_apply_order.py[line:616]: {'app': 'muchodinero', 'loan_order_id': '1439040658545315840', 'mobile': '1631929002', 'order_status': 35}
INFO - 2021-09-18 09:36:56,123 - new_apply_order.py[line:446]: 查询loan_order_id成功！
INFO - 2021-09-18 09:36:56,235 - new_apply_order.py[line:568]: 放款回调成功！
INFO - 2021-09-18 09:36:56,236 - new_apply_order.py[line:719]: 校验重试查询第2次
INFO - 2021-09-18 09:36:57,250 - new_apply_order.py[line:613]: 放款完成或准备成功,目前的订单状态是40
INFO - 2021-09-18 09:36:57,250 - new_apply_order.py[line:616]: {'app': 'muchodinero', 'loan_order_id': '1439040658545315840', 'mobile': '1631929002', 'order_status': 40}
INFO - 2021-09-18 09:36:57,251 - new_apply_order.py[line:736]: ===========完成第【13】次进件===========
INFO - 2021-09-18 09:36:57,251 - new_apply_order.py[line:696]: 开始第 muchodinero【14】次进件……
INFO - 2021-09-18 09:36:57,361 - new_apply_order.py[line:60]: 删除redis key: "mx:cfs:user:userid:4952138900898455552"
INFO - 2021-09-18 09:36:57,436 - new_apply_order.py[line:75]: 更新脏数据0条
INFO - 2021-09-18 09:36:57,437 - new_apply_order.py[line:82]: ======【mx测试环境】生成手机号：1631929017 ======
INFO - 2021-09-18 09:36:57,791 - new_apply_order.py[line:95]: 1631929017 检测用户存在成功！
INFO - 2021-09-18 09:36:57,848 - new_apply_order.py[line:104]: 1631929017 短信发送成功！
INFO - 2021-09-18 09:36:57,902 - new_apply_order.py[line:117]: 1631929017 注册成功！
INFO - 2021-09-18 09:36:57,967 - new_apply_order.py[line:133]: 1631929017 登录短信发送成功！
INFO - 2021-09-18 09:36:58,021 - new_apply_order.py[line:143]: userId=4952138961384513536,mobile=1631929017,token=4da627bdb119a46432111d134ca5abff 登录成功
INFO - 2021-09-18 09:36:58,141 - new_apply_order.py[line:205]: 个人信息提交成功！
INFO - 2021-09-18 09:36:58,476 - new_apply_order.py[line:238]: 创建预审订单成功！
INFO - 2021-09-18 09:36:58,492 - new_apply_order.py[line:246]: 预审状态修改为通过,更新条数 1
INFO - 2021-09-18 09:36:58,508 - new_apply_order.py[line:249]: 更新初始额度！更新条数 1
INFO - 2021-09-18 09:37:02,004 - new_apply_order.py[line:285]: curp上传成功!
INFO - 2021-09-18 09:37:02,163 - new_apply_order.py[line:294]: curp_rfc校验通过！
INFO - 2021-09-18 09:37:02,958 - new_apply_order.py[line:305]: 人脸识别成功!
INFO - 2021-09-18 09:37:03,523 - new_apply_order.py[line:395]: 绑卡成功！
INFO - 2021-09-18 09:37:03,790 - new_apply_order.py[line:426]: 进件成功！执行sql将订单改为风控中……
INFO - 2021-09-18 09:37:04,822 - new_apply_order.py[line:432]: 订单表更新1条，信审更新1条
INFO - 2021-09-18 09:37:05,191 - new_apply_order.py[line:446]: 查询loan_order_id成功！
INFO - 2021-09-18 09:37:05,238 - new_apply_order.py[line:461]: 订单回调复审通过成功！
INFO - 2021-09-18 09:37:06,031 - new_apply_order.py[line:483]: 获取token成功！token=bearer e867b996-4e1e-4d08-9b75-dd4b37093e39！
INFO - 2021-09-18 09:37:06,399 - new_apply_order.py[line:446]: 查询loan_order_id成功！
INFO - 2021-09-18 09:37:06,708 - new_apply_order.py[line:501]: 后台已触发放款成功！
INFO - 2021-09-18 09:37:06,720 - new_apply_order.py[line:515]: xxl_job web 登录成功！
INFO - 2021-09-18 09:37:06,729 - new_apply_order.py[line:531]: xxl_job 放款准备作业执行成功！
INFO - 2021-09-18 09:37:08,098 - new_apply_order.py[line:446]: 查询loan_order_id成功！
INFO - 2021-09-18 09:37:08,116 - new_apply_order.py[line:539]: 修改放款准备完成时间成功！
INFO - 2021-09-18 09:37:08,125 - new_apply_order.py[line:547]: xxl_job 放款完成作业执行成功！
INFO - 2021-09-18 09:37:08,495 - new_apply_order.py[line:446]: 查询loan_order_id成功！
INFO - 2021-09-18 09:37:08,808 - new_apply_order.py[line:719]: 校验重试查询第1次
ERROR - 2021-09-18 09:37:09,825 - new_apply_order.py[line:615]: 放款完成或准备失败,目前的订单状态是35
INFO - 2021-09-18 09:37:09,825 - new_apply_order.py[line:616]: {'app': 'muchodinero', 'loan_order_id': '1439040719299809280', 'mobile': '1631929017', 'order_status': 35}
INFO - 2021-09-18 09:37:10,708 - new_apply_order.py[line:446]: 查询loan_order_id成功！
INFO - 2021-09-18 09:37:10,828 - new_apply_order.py[line:568]: 放款回调成功！
INFO - 2021-09-18 09:37:10,828 - new_apply_order.py[line:719]: 校验重试查询第2次
INFO - 2021-09-18 09:37:11,837 - new_apply_order.py[line:613]: 放款完成或准备成功,目前的订单状态是40
INFO - 2021-09-18 09:37:11,838 - new_apply_order.py[line:616]: {'app': 'muchodinero', 'loan_order_id': '1439040719299809280', 'mobile': '1631929017', 'order_status': 40}
INFO - 2021-09-18 09:37:11,838 - new_apply_order.py[line:736]: ===========完成第【14】次进件===========
INFO - 2021-09-18 09:37:11,838 - new_apply_order.py[line:696]: 开始第 muchodinero【15】次进件……
INFO - 2021-09-18 09:37:11,992 - new_apply_order.py[line:60]: 删除redis key: "mx:cfs:user:userid:4952138961384513536"
INFO - 2021-09-18 09:37:12,016 - new_apply_order.py[line:75]: 更新脏数据0条
INFO - 2021-09-18 09:37:12,017 - new_apply_order.py[line:82]: ======【mx测试环境】生成手机号：1631929031 ======
INFO - 2021-09-18 09:37:12,371 - new_apply_order.py[line:95]: 1631929031 检测用户存在成功！
INFO - 2021-09-18 09:37:12,423 - new_apply_order.py[line:104]: 1631929031 短信发送成功！
INFO - 2021-09-18 09:37:12,473 - new_apply_order.py[line:117]: 1631929031 注册成功！
INFO - 2021-09-18 09:37:12,535 - new_apply_order.py[line:133]: 1631929031 登录短信发送成功！
INFO - 2021-09-18 09:37:12,591 - new_apply_order.py[line:143]: userId=4952139022495522816,mobile=1631929031,token=1979d9d8c344e7f71cc3724981ecf4b2 登录成功
INFO - 2021-09-18 09:37:12,686 - new_apply_order.py[line:205]: 个人信息提交成功！
INFO - 2021-09-18 09:37:13,121 - new_apply_order.py[line:238]: 创建预审订单成功！
INFO - 2021-09-18 09:37:13,136 - new_apply_order.py[line:246]: 预审状态修改为通过,更新条数 1
INFO - 2021-09-18 09:37:13,153 - new_apply_order.py[line:249]: 更新初始额度！更新条数 1
INFO - 2021-09-18 09:37:16,621 - new_apply_order.py[line:285]: curp上传成功!
INFO - 2021-09-18 09:37:16,764 - new_apply_order.py[line:294]: curp_rfc校验通过！
INFO - 2021-09-18 09:37:17,603 - new_apply_order.py[line:305]: 人脸识别成功!
INFO - 2021-09-18 09:37:18,169 - new_apply_order.py[line:395]: 绑卡成功！
INFO - 2021-09-18 09:37:18,398 - new_apply_order.py[line:426]: 进件成功！执行sql将订单改为风控中……
INFO - 2021-09-18 09:37:19,439 - new_apply_order.py[line:432]: 订单表更新1条，信审更新1条
INFO - 2021-09-18 09:37:19,834 - new_apply_order.py[line:446]: 查询loan_order_id成功！
INFO - 2021-09-18 09:37:19,875 - new_apply_order.py[line:461]: 订单回调复审通过成功！
INFO - 2021-09-18 09:37:20,645 - new_apply_order.py[line:483]: 获取token成功！token=bearer e867b996-4e1e-4d08-9b75-dd4b37093e39！
INFO - 2021-09-18 09:37:21,044 - new_apply_order.py[line:446]: 查询loan_order_id成功！
INFO - 2021-09-18 09:37:21,405 - new_apply_order.py[line:501]: 后台已触发放款成功！
INFO - 2021-09-18 09:37:21,418 - new_apply_order.py[line:515]: xxl_job web 登录成功！
INFO - 2021-09-18 09:37:21,431 - new_apply_order.py[line:531]: xxl_job 放款准备作业执行成功！
INFO - 2021-09-18 09:37:22,799 - new_apply_order.py[line:446]: 查询loan_order_id成功！
INFO - 2021-09-18 09:37:22,814 - new_apply_order.py[line:539]: 修改放款准备完成时间成功！
INFO - 2021-09-18 09:37:22,822 - new_apply_order.py[line:547]: xxl_job 放款完成作业执行成功！
INFO - 2021-09-18 09:37:23,195 - new_apply_order.py[line:446]: 查询loan_order_id成功！
INFO - 2021-09-18 09:37:23,506 - new_apply_order.py[line:719]: 校验重试查询第1次
ERROR - 2021-09-18 09:37:24,521 - new_apply_order.py[line:615]: 放款完成或准备失败,目前的订单状态是35
INFO - 2021-09-18 09:37:24,521 - new_apply_order.py[line:616]: {'app': 'muchodinero', 'loan_order_id': '1439040780079468544', 'mobile': '1631929031', 'order_status': 35}
INFO - 2021-09-18 09:37:25,387 - new_apply_order.py[line:446]: 查询loan_order_id成功！
INFO - 2021-09-18 09:37:25,513 - new_apply_order.py[line:568]: 放款回调成功！
INFO - 2021-09-18 09:37:25,514 - new_apply_order.py[line:719]: 校验重试查询第2次
INFO - 2021-09-18 09:37:26,530 - new_apply_order.py[line:613]: 放款完成或准备成功,目前的订单状态是40
INFO - 2021-09-18 09:37:26,531 - new_apply_order.py[line:616]: {'app': 'muchodinero', 'loan_order_id': '1439040780079468544', 'mobile': '1631929031', 'order_status': 40}
INFO - 2021-09-18 09:37:26,531 - new_apply_order.py[line:736]: ===========完成第【15】次进件===========
INFO - 2021-09-18 09:37:26,532 - new_apply_order.py[line:696]: 开始第 muchodinero【16】次进件……
INFO - 2021-09-18 09:37:26,651 - new_apply_order.py[line:60]: 删除redis key: "mx:cfs:user:userid:4952139022495522816"
INFO - 2021-09-18 09:37:26,721 - new_apply_order.py[line:75]: 更新脏数据0条
INFO - 2021-09-18 09:37:26,722 - new_apply_order.py[line:82]: ======【mx测试环境】生成手机号：1631929046 ======
INFO - 2021-09-18 09:37:27,095 - new_apply_order.py[line:95]: 1631929046 检测用户存在成功！
INFO - 2021-09-18 09:37:27,145 - new_apply_order.py[line:104]: 1631929046 短信发送成功！
INFO - 2021-09-18 09:37:27,192 - new_apply_order.py[line:117]: 1631929046 注册成功！
INFO - 2021-09-18 09:37:27,250 - new_apply_order.py[line:133]: 1631929046 登录短信发送成功！
INFO - 2021-09-18 09:37:27,303 - new_apply_order.py[line:143]: userId=4952139084248260608,mobile=1631929046,token=cc484139b9029e6e0c3f5eaf2f32c95b 登录成功
INFO - 2021-09-18 09:37:27,380 - new_apply_order.py[line:205]: 个人信息提交成功！
INFO - 2021-09-18 09:37:27,582 - new_apply_order.py[line:238]: 创建预审订单成功！
INFO - 2021-09-18 09:37:27,601 - new_apply_order.py[line:246]: 预审状态修改为通过,更新条数 1
INFO - 2021-09-18 09:37:27,616 - new_apply_order.py[line:249]: 更新初始额度！更新条数 1
INFO - 2021-09-18 09:37:29,999 - new_apply_order.py[line:285]: curp上传成功!
INFO - 2021-09-18 09:37:30,150 - new_apply_order.py[line:294]: curp_rfc校验通过！
INFO - 2021-09-18 09:37:30,907 - new_apply_order.py[line:305]: 人脸识别成功!
INFO - 2021-09-18 09:37:31,489 - new_apply_order.py[line:395]: 绑卡成功！
INFO - 2021-09-18 09:37:31,675 - new_apply_order.py[line:426]: 进件成功！执行sql将订单改为风控中……
INFO - 2021-09-18 09:37:32,710 - new_apply_order.py[line:432]: 订单表更新1条，信审更新1条
INFO - 2021-09-18 09:37:33,076 - new_apply_order.py[line:446]: 查询loan_order_id成功！
INFO - 2021-09-18 09:37:33,120 - new_apply_order.py[line:461]: 订单回调复审通过成功！
INFO - 2021-09-18 09:37:33,891 - new_apply_order.py[line:483]: 获取token成功！token=bearer e867b996-4e1e-4d08-9b75-dd4b37093e39！
INFO - 2021-09-18 09:37:34,268 - new_apply_order.py[line:446]: 查询loan_order_id成功！
INFO - 2021-09-18 09:37:34,623 - new_apply_order.py[line:501]: 后台已触发放款成功！
INFO - 2021-09-18 09:37:34,635 - new_apply_order.py[line:515]: xxl_job web 登录成功！
INFO - 2021-09-18 09:37:34,645 - new_apply_order.py[line:531]: xxl_job 放款准备作业执行成功！
INFO - 2021-09-18 09:37:36,012 - new_apply_order.py[line:446]: 查询loan_order_id成功！
INFO - 2021-09-18 09:37:36,026 - new_apply_order.py[line:539]: 修改放款准备完成时间成功！
INFO - 2021-09-18 09:37:36,031 - new_apply_order.py[line:547]: xxl_job 放款完成作业执行成功！
INFO - 2021-09-18 09:37:36,403 - new_apply_order.py[line:446]: 查询loan_order_id成功！
INFO - 2021-09-18 09:37:36,717 - new_apply_order.py[line:719]: 校验重试查询第1次
ERROR - 2021-09-18 09:37:37,734 - new_apply_order.py[line:615]: 放款完成或准备失败,目前的订单状态是35
INFO - 2021-09-18 09:37:37,735 - new_apply_order.py[line:616]: {'app': 'muchodinero', 'loan_order_id': '1439040841668628480', 'mobile': '1631929046', 'order_status': 35}
INFO - 2021-09-18 09:37:38,602 - new_apply_order.py[line:446]: 查询loan_order_id成功！
INFO - 2021-09-18 09:37:38,711 - new_apply_order.py[line:568]: 放款回调成功！
INFO - 2021-09-18 09:37:38,711 - new_apply_order.py[line:719]: 校验重试查询第2次
INFO - 2021-09-18 09:37:39,726 - new_apply_order.py[line:613]: 放款完成或准备成功,目前的订单状态是40
INFO - 2021-09-18 09:37:39,727 - new_apply_order.py[line:616]: {'app': 'muchodinero', 'loan_order_id': '1439040841668628480', 'mobile': '1631929046', 'order_status': 40}
INFO - 2021-09-18 09:37:39,727 - new_apply_order.py[line:736]: ===========完成第【16】次进件===========
INFO - 2021-09-18 09:37:39,728 - new_apply_order.py[line:696]: 开始第 muchodinero【17】次进件……
INFO - 2021-09-18 09:37:39,852 - new_apply_order.py[line:60]: 删除redis key: "mx:cfs:user:userid:4952139084248260608"
INFO - 2021-09-18 09:37:39,859 - new_apply_order.py[line:60]: 删除redis key: "mx:cfs:user:userid:4952137939303931904"
INFO - 2021-09-18 09:37:39,915 - new_apply_order.py[line:75]: 更新脏数据0条
INFO - 2021-09-18 09:37:39,915 - new_apply_order.py[line:82]: ======【mx测试环境】生成手机号：1631929059 ======
INFO - 2021-09-18 09:37:40,270 - new_apply_order.py[line:95]: 1631929059 检测用户存在成功！
INFO - 2021-09-18 09:37:40,328 - new_apply_order.py[line:104]: 1631929059 短信发送成功！
INFO - 2021-09-18 09:37:40,389 - new_apply_order.py[line:117]: 1631929059 注册成功！
INFO - 2021-09-18 09:37:40,478 - new_apply_order.py[line:133]: 1631929059 登录短信发送成功！
INFO - 2021-09-18 09:37:40,543 - new_apply_order.py[line:143]: userId=4952139139562741760,mobile=1631929059,token=29fae7bdc252fcb0cb012b443774553a 登录成功
INFO - 2021-09-18 09:37:40,640 - new_apply_order.py[line:205]: 个人信息提交成功！
INFO - 2021-09-18 09:37:41,103 - new_apply_order.py[line:238]: 创建预审订单成功！
INFO - 2021-09-18 09:37:41,119 - new_apply_order.py[line:246]: 预审状态修改为通过,更新条数 1
INFO - 2021-09-18 09:37:41,130 - new_apply_order.py[line:249]: 更新初始额度！更新条数 1
INFO - 2021-09-18 09:37:43,512 - new_apply_order.py[line:285]: curp上传成功!
INFO - 2021-09-18 09:37:43,646 - new_apply_order.py[line:294]: curp_rfc校验通过！
INFO - 2021-09-18 09:37:44,463 - new_apply_order.py[line:305]: 人脸识别成功!
INFO - 2021-09-18 09:37:45,054 - new_apply_order.py[line:395]: 绑卡成功！
INFO - 2021-09-18 09:37:45,293 - new_apply_order.py[line:426]: 进件成功！执行sql将订单改为风控中……
INFO - 2021-09-18 09:37:46,332 - new_apply_order.py[line:432]: 订单表更新1条，信审更新1条
INFO - 2021-09-18 09:37:46,708 - new_apply_order.py[line:446]: 查询loan_order_id成功！
INFO - 2021-09-18 09:37:46,749 - new_apply_order.py[line:461]: 订单回调复审通过成功！
INFO - 2021-09-18 09:37:47,524 - new_apply_order.py[line:483]: 获取token成功！token=bearer e867b996-4e1e-4d08-9b75-dd4b37093e39！
INFO - 2021-09-18 09:37:47,886 - new_apply_order.py[line:446]: 查询loan_order_id成功！
INFO - 2021-09-18 09:37:48,198 - new_apply_order.py[line:501]: 后台已触发放款成功！
INFO - 2021-09-18 09:37:48,211 - new_apply_order.py[line:515]: xxl_job web 登录成功！
INFO - 2021-09-18 09:37:48,220 - new_apply_order.py[line:531]: xxl_job 放款准备作业执行成功！
INFO - 2021-09-18 09:37:49,626 - new_apply_order.py[line:446]: 查询loan_order_id成功！
INFO - 2021-09-18 09:37:49,639 - new_apply_order.py[line:539]: 修改放款准备完成时间成功！
INFO - 2021-09-18 09:37:49,647 - new_apply_order.py[line:547]: xxl_job 放款完成作业执行成功！
INFO - 2021-09-18 09:37:50,008 - new_apply_order.py[line:446]: 查询loan_order_id成功！
INFO - 2021-09-18 09:37:50,321 - new_apply_order.py[line:719]: 校验重试查询第1次
ERROR - 2021-09-18 09:37:51,336 - new_apply_order.py[line:615]: 放款完成或准备失败,目前的订单状态是35
INFO - 2021-09-18 09:37:51,337 - new_apply_order.py[line:616]: {'app': 'muchodinero', 'loan_order_id': '1439040897301876736', 'mobile': '1631929059', 'order_status': 35}
INFO - 2021-09-18 09:37:52,203 - new_apply_order.py[line:446]: 查询loan_order_id成功！
INFO - 2021-09-18 09:37:52,328 - new_apply_order.py[line:568]: 放款回调成功！
INFO - 2021-09-18 09:37:52,329 - new_apply_order.py[line:719]: 校验重试查询第2次
INFO - 2021-09-18 09:37:53,348 - new_apply_order.py[line:613]: 放款完成或准备成功,目前的订单状态是40
INFO - 2021-09-18 09:37:53,349 - new_apply_order.py[line:616]: {'app': 'muchodinero', 'loan_order_id': '1439040897301876736', 'mobile': '1631929059', 'order_status': 40}
INFO - 2021-09-18 09:37:53,349 - new_apply_order.py[line:736]: ===========完成第【17】次进件===========
INFO - 2021-09-18 09:37:53,349 - new_apply_order.py[line:696]: 开始第 muchodinero【18】次进件……
INFO - 2021-09-18 09:37:53,421 - new_apply_order.py[line:60]: 删除redis key: "mx:cfs:user:userid:4952139139562741760"
INFO - 2021-09-18 09:37:53,479 - new_apply_order.py[line:60]: 删除redis key: "mx:cfs:user:userid:4952137939303931904"
INFO - 2021-09-18 09:37:53,531 - new_apply_order.py[line:75]: 更新脏数据0条
INFO - 2021-09-18 09:37:53,531 - new_apply_order.py[line:82]: ======【mx测试环境】生成手机号：1631929073 ======
INFO - 2021-09-18 09:37:53,877 - new_apply_order.py[line:95]: 1631929073 检测用户存在成功！
INFO - 2021-09-18 09:37:53,928 - new_apply_order.py[line:104]: 1631929073 短信发送成功！
INFO - 2021-09-18 09:37:53,974 - new_apply_order.py[line:117]: 1631929073 注册成功！
INFO - 2021-09-18 09:37:54,037 - new_apply_order.py[line:133]: 1631929073 登录短信发送成功！
INFO - 2021-09-18 09:37:54,106 - new_apply_order.py[line:143]: userId=4952139196563333120,mobile=1631929073,token=e4de7117c31d0467f0a10476a23bd61c 登录成功
INFO - 2021-09-18 09:37:54,186 - new_apply_order.py[line:205]: 个人信息提交成功！
INFO - 2021-09-18 09:37:54,409 - new_apply_order.py[line:238]: 创建预审订单成功！
INFO - 2021-09-18 09:37:54,427 - new_apply_order.py[line:246]: 预审状态修改为通过,更新条数 1
INFO - 2021-09-18 09:37:54,444 - new_apply_order.py[line:249]: 更新初始额度！更新条数 1
INFO - 2021-09-18 09:37:57,894 - new_apply_order.py[line:285]: curp上传成功!
INFO - 2021-09-18 09:37:58,028 - new_apply_order.py[line:294]: curp_rfc校验通过！
INFO - 2021-09-18 09:37:58,751 - new_apply_order.py[line:305]: 人脸识别成功!
INFO - 2021-09-18 09:37:59,353 - new_apply_order.py[line:395]: 绑卡成功！
INFO - 2021-09-18 09:37:59,536 - new_apply_order.py[line:426]: 进件成功！执行sql将订单改为风控中……
INFO - 2021-09-18 09:38:00,566 - new_apply_order.py[line:432]: 订单表更新1条，信审更新1条
INFO - 2021-09-18 09:38:00,923 - new_apply_order.py[line:446]: 查询loan_order_id成功！
INFO - 2021-09-18 09:38:00,961 - new_apply_order.py[line:461]: 订单回调复审通过成功！
INFO - 2021-09-18 09:38:01,984 - new_apply_order.py[line:483]: 获取token成功！token=bearer e867b996-4e1e-4d08-9b75-dd4b37093e39！
INFO - 2021-09-18 09:38:02,341 - new_apply_order.py[line:446]: 查询loan_order_id成功！
INFO - 2021-09-18 09:38:02,721 - new_apply_order.py[line:501]: 后台已触发放款成功！
INFO - 2021-09-18 09:38:02,734 - new_apply_order.py[line:515]: xxl_job web 登录成功！
INFO - 2021-09-18 09:38:02,743 - new_apply_order.py[line:531]: xxl_job 放款准备作业执行成功！
INFO - 2021-09-18 09:38:04,107 - new_apply_order.py[line:446]: 查询loan_order_id成功！
INFO - 2021-09-18 09:38:04,124 - new_apply_order.py[line:539]: 修改放款准备完成时间成功！
INFO - 2021-09-18 09:38:04,132 - new_apply_order.py[line:547]: xxl_job 放款完成作业执行成功！
INFO - 2021-09-18 09:38:04,499 - new_apply_order.py[line:446]: 查询loan_order_id成功！
INFO - 2021-09-18 09:38:04,809 - new_apply_order.py[line:719]: 校验重试查询第1次
ERROR - 2021-09-18 09:38:05,825 - new_apply_order.py[line:615]: 放款完成或准备失败,目前的订单状态是35
INFO - 2021-09-18 09:38:05,825 - new_apply_order.py[line:616]: {'app': 'muchodinero', 'loan_order_id': '1439040954126307328', 'mobile': '1631929073', 'order_status': 35}
INFO - 2021-09-18 09:38:06,694 - new_apply_order.py[line:446]: 查询loan_order_id成功！
INFO - 2021-09-18 09:38:06,818 - new_apply_order.py[line:568]: 放款回调成功！
INFO - 2021-09-18 09:38:06,819 - new_apply_order.py[line:719]: 校验重试查询第2次
INFO - 2021-09-18 09:38:07,836 - new_apply_order.py[line:613]: 放款完成或准备成功,目前的订单状态是40
INFO - 2021-09-18 09:38:07,836 - new_apply_order.py[line:616]: {'app': 'muchodinero', 'loan_order_id': '1439040954126307328', 'mobile': '1631929073', 'order_status': 40}
INFO - 2021-09-18 09:38:07,837 - new_apply_order.py[line:736]: ===========完成第【18】次进件===========
INFO - 2021-09-18 09:38:07,837 - new_apply_order.py[line:696]: 开始第 muchodinero【19】次进件……
INFO - 2021-09-18 09:38:07,972 - new_apply_order.py[line:60]: 删除redis key: "mx:cfs:user:userid:4952139196563333120"
INFO - 2021-09-18 09:38:08,035 - new_apply_order.py[line:75]: 更新脏数据0条
INFO - 2021-09-18 09:38:08,035 - new_apply_order.py[line:82]: ======【mx测试环境】生成手机号：1631929087 ======
INFO - 2021-09-18 09:38:08,388 - new_apply_order.py[line:95]: 1631929087 检测用户存在成功！
INFO - 2021-09-18 09:38:08,448 - new_apply_order.py[line:104]: 1631929087 短信发送成功！
INFO - 2021-09-18 09:38:08,493 - new_apply_order.py[line:117]: 1631929087 注册成功！
INFO - 2021-09-18 09:38:08,549 - new_apply_order.py[line:133]: 1631929087 登录短信发送成功！
INFO - 2021-09-18 09:38:08,602 - new_apply_order.py[line:143]: userId=4952139257464627200,mobile=1631929087,token=5c59891e0c26f02e98d506dce9a4e73c 登录成功
INFO - 2021-09-18 09:38:08,684 - new_apply_order.py[line:205]: 个人信息提交成功！
INFO - 2021-09-18 09:38:09,133 - new_apply_order.py[line:238]: 创建预审订单成功！
INFO - 2021-09-18 09:38:09,147 - new_apply_order.py[line:246]: 预审状态修改为通过,更新条数 1
INFO - 2021-09-18 09:38:09,160 - new_apply_order.py[line:249]: 更新初始额度！更新条数 1
INFO - 2021-09-18 09:38:12,632 - new_apply_order.py[line:285]: curp上传成功!
INFO - 2021-09-18 09:38:12,770 - new_apply_order.py[line:294]: curp_rfc校验通过！
INFO - 2021-09-18 09:38:13,588 - new_apply_order.py[line:305]: 人脸识别成功!
INFO - 2021-09-18 09:38:14,199 - new_apply_order.py[line:395]: 绑卡成功！
INFO - 2021-09-18 09:38:14,418 - new_apply_order.py[line:426]: 进件成功！执行sql将订单改为风控中……
INFO - 2021-09-18 09:38:15,454 - new_apply_order.py[line:432]: 订单表更新1条，信审更新1条
INFO - 2021-09-18 09:38:15,815 - new_apply_order.py[line:446]: 查询loan_order_id成功！
INFO - 2021-09-18 09:38:15,854 - new_apply_order.py[line:461]: 订单回调复审通过成功！
INFO - 2021-09-18 09:38:16,637 - new_apply_order.py[line:483]: 获取token成功！token=bearer e867b996-4e1e-4d08-9b75-dd4b37093e39！
INFO - 2021-09-18 09:38:16,996 - new_apply_order.py[line:446]: 查询loan_order_id成功！
INFO - 2021-09-18 09:38:17,314 - new_apply_order.py[line:501]: 后台已触发放款成功！
INFO - 2021-09-18 09:38:17,326 - new_apply_order.py[line:515]: xxl_job web 登录成功！
INFO - 2021-09-18 09:38:17,336 - new_apply_order.py[line:531]: xxl_job 放款准备作业执行成功！
INFO - 2021-09-18 09:38:18,696 - new_apply_order.py[line:446]: 查询loan_order_id成功！
INFO - 2021-09-18 09:38:18,709 - new_apply_order.py[line:539]: 修改放款准备完成时间成功！
INFO - 2021-09-18 09:38:18,713 - new_apply_order.py[line:547]: xxl_job 放款完成作业执行成功！
INFO - 2021-09-18 09:38:19,075 - new_apply_order.py[line:446]: 查询loan_order_id成功！
INFO - 2021-09-18 09:38:19,385 - new_apply_order.py[line:719]: 校验重试查询第1次
ERROR - 2021-09-18 09:38:20,399 - new_apply_order.py[line:615]: 放款完成或准备失败,目前的订单状态是35
INFO - 2021-09-18 09:38:20,400 - new_apply_order.py[line:616]: {'app': 'muchodinero', 'loan_order_id': '1439041014931132416', 'mobile': '1631929087', 'order_status': 35}
INFO - 2021-09-18 09:38:21,299 - new_apply_order.py[line:446]: 查询loan_order_id成功！
INFO - 2021-09-18 09:38:21,309 - new_apply_order.py[line:719]: 校验重试查询第2次
ERROR - 2021-09-18 09:38:22,325 - new_apply_order.py[line:615]: 放款完成或准备失败,目前的订单状态是35
INFO - 2021-09-18 09:38:22,325 - new_apply_order.py[line:616]: {'app': 'muchodinero', 'loan_order_id': '1439041014931132416', 'mobile': '1631929087', 'order_status': 35}
INFO - 2021-09-18 09:38:23,183 - new_apply_order.py[line:446]: 查询loan_order_id成功！
INFO - 2021-09-18 09:38:23,288 - new_apply_order.py[line:568]: 放款回调成功！
INFO - 2021-09-18 09:38:23,288 - new_apply_order.py[line:719]: 校验重试查询第3次
INFO - 2021-09-18 09:38:24,297 - new_apply_order.py[line:613]: 放款完成或准备成功,目前的订单状态是40
INFO - 2021-09-18 09:38:24,298 - new_apply_order.py[line:616]: {'app': 'muchodinero', 'loan_order_id': '1439041014931132416', 'mobile': '1631929087', 'order_status': 40}
INFO - 2021-09-18 09:38:24,298 - new_apply_order.py[line:736]: ===========完成第【19】次进件===========
INFO - 2021-09-18 09:38:24,298 - new_apply_order.py[line:696]: 开始第 muchodinero【20】次进件……
INFO - 2021-09-18 09:38:24,437 - new_apply_order.py[line:60]: 删除redis key: "mx:cfs:user:userid:4952139257464627200"
INFO - 2021-09-18 09:38:24,487 - new_apply_order.py[line:75]: 更新脏数据0条
INFO - 2021-09-18 09:38:24,488 - new_apply_order.py[line:82]: ======【mx测试环境】生成手机号：1631929104 ======
INFO - 2021-09-18 09:38:24,838 - new_apply_order.py[line:95]: 1631929104 检测用户存在成功！
INFO - 2021-09-18 09:38:24,893 - new_apply_order.py[line:104]: 1631929104 短信发送成功！
INFO - 2021-09-18 09:38:24,955 - new_apply_order.py[line:117]: 1631929104 注册成功！
INFO - 2021-09-18 09:38:25,021 - new_apply_order.py[line:133]: 1631929104 登录短信发送成功！
INFO - 2021-09-18 09:38:25,080 - new_apply_order.py[line:143]: userId=4952139326494482432,mobile=1631929104,token=c7cfc08147fdc8ca02c466153fad92a9 登录成功
INFO - 2021-09-18 09:38:25,160 - new_apply_order.py[line:205]: 个人信息提交成功！
INFO - 2021-09-18 09:38:25,377 - new_apply_order.py[line:238]: 创建预审订单成功！
INFO - 2021-09-18 09:38:25,387 - new_apply_order.py[line:246]: 预审状态修改为通过,更新条数 1
INFO - 2021-09-18 09:38:25,397 - new_apply_order.py[line:249]: 更新初始额度！更新条数 1
INFO - 2021-09-18 09:38:27,814 - new_apply_order.py[line:285]: curp上传成功!
INFO - 2021-09-18 09:38:27,936 - new_apply_order.py[line:294]: curp_rfc校验通过！
INFO - 2021-09-18 09:38:28,725 - new_apply_order.py[line:305]: 人脸识别成功!
INFO - 2021-09-18 09:38:29,280 - new_apply_order.py[line:395]: 绑卡成功！
INFO - 2021-09-18 09:38:29,532 - new_apply_order.py[line:426]: 进件成功！执行sql将订单改为风控中……
INFO - 2021-09-18 09:38:30,573 - new_apply_order.py[line:432]: 订单表更新1条，信审更新1条
INFO - 2021-09-18 09:38:30,942 - new_apply_order.py[line:446]: 查询loan_order_id成功！
INFO - 2021-09-18 09:38:30,983 - new_apply_order.py[line:461]: 订单回调复审通过成功！
INFO - 2021-09-18 09:38:31,792 - new_apply_order.py[line:483]: 获取token成功！token=bearer e867b996-4e1e-4d08-9b75-dd4b37093e39！
INFO - 2021-09-18 09:38:32,146 - new_apply_order.py[line:446]: 查询loan_order_id成功！
INFO - 2021-09-18 09:38:32,494 - new_apply_order.py[line:501]: 后台已触发放款成功！
INFO - 2021-09-18 09:38:32,501 - new_apply_order.py[line:515]: xxl_job web 登录成功！
INFO - 2021-09-18 09:38:32,506 - new_apply_order.py[line:531]: xxl_job 放款准备作业执行成功！
INFO - 2021-09-18 09:38:33,875 - new_apply_order.py[line:446]: 查询loan_order_id成功！
INFO - 2021-09-18 09:38:33,893 - new_apply_order.py[line:539]: 修改放款准备完成时间成功！
INFO - 2021-09-18 09:38:33,898 - new_apply_order.py[line:547]: xxl_job 放款完成作业执行成功！
INFO - 2021-09-18 09:38:34,273 - new_apply_order.py[line:446]: 查询loan_order_id成功！
INFO - 2021-09-18 09:38:34,582 - new_apply_order.py[line:719]: 校验重试查询第1次
ERROR - 2021-09-18 09:38:35,590 - new_apply_order.py[line:615]: 放款完成或准备失败,目前的订单状态是35
INFO - 2021-09-18 09:38:35,591 - new_apply_order.py[line:616]: {'app': 'muchodinero', 'loan_order_id': '1439041084019707904', 'mobile': '1631929104', 'order_status': 35}
INFO - 2021-09-18 09:38:36,489 - new_apply_order.py[line:446]: 查询loan_order_id成功！
INFO - 2021-09-18 09:38:36,603 - new_apply_order.py[line:568]: 放款回调成功！
INFO - 2021-09-18 09:38:36,603 - new_apply_order.py[line:719]: 校验重试查询第2次
INFO - 2021-09-18 09:38:37,615 - new_apply_order.py[line:613]: 放款完成或准备成功,目前的订单状态是40
INFO - 2021-09-18 09:38:37,615 - new_apply_order.py[line:616]: {'app': 'muchodinero', 'loan_order_id': '1439041084019707904', 'mobile': '1631929104', 'order_status': 40}
INFO - 2021-09-18 09:38:37,617 - new_apply_order.py[line:736]: ===========完成第【20】次进件===========
INFO - 2021-09-18 09:38:37,617 - new_apply_order.py[line:739]: ======完成第【20】次进件,耗时283.11s=====
