INFO - 2021-11-25 20:10:59,562 - new_apply_order.py[line:882]: 开始第 lendcash【1】次进件……
INFO - 2021-11-25 20:10:59,563 - new_apply_order.py[line:84]: ======【nga测试环境】生成手机号：01637842259 ======
INFO - 2021-11-25 20:11:00,049 - new_apply_order.py[line:97]: 01637842259 检测用户存在成功！
INFO - 2021-11-25 20:11:00,148 - new_apply_order.py[line:106]: 01637842259 短信发送成功！
INFO - 2021-11-25 20:11:00,549 - new_apply_order.py[line:119]: 01637842259 注册成功！
INFO - 2021-11-25 20:11:00,740 - new_apply_order.py[line:135]: 01637842259 登录短信发送成功！
INFO - 2021-11-25 20:11:00,905 - new_apply_order.py[line:145]: userId=6235232097532649472,mobile=01637842259,token=ca71eee5a7da6dd197040b29f78f268d 登录成功
INFO - 2021-11-25 20:11:01,213 - new_apply_order.py[line:212]: 个人信息提交成功！
INFO - 2021-11-25 20:11:01,468 - new_apply_order.py[line:223]: 联系人信息提交成功！
INFO - 2021-11-25 20:11:02,670 - new_apply_order.py[line:255]: 创建预审订单成功！
INFO - 2021-11-25 20:11:02,691 - new_apply_order.py[line:263]: 预审状态修改为通过,更新条数 1
INFO - 2021-11-25 20:11:02,708 - new_apply_order.py[line:266]: 更新初始额度！更新条数 1
INFO - 2021-11-25 20:11:03,294 - new_apply_order.py[line:342]: 活体图片上传成功！回写配置文件global_param.mp4_url
INFO - 2021-11-25 20:11:03,469 - new_apply_order.py[line:352]: 视频认证通过！
INFO - 2021-11-25 20:11:05,337 - new_apply_order.py[line:510]: bvn和银行卡绑卡认证通过！
INFO - 2021-11-25 20:11:05,672 - new_apply_order.py[line:561]: user更新1条
INFO - 2021-11-25 20:11:06,325 - new_apply_order.py[line:612]: 进件成功！执行sql将订单改为风控中……
INFO - 2021-11-25 20:11:07,367 - new_apply_order.py[line:618]: 订单表更新1条，信审更新1条
INFO - 2021-11-25 20:11:07,810 - new_apply_order.py[line:632]: 查询loan_order_id成功！
INFO - 2021-11-25 20:11:07,891 - new_apply_order.py[line:647]: 订单回调复审通过成功！
INFO - 2021-11-25 20:11:08,678 - new_apply_order.py[line:669]: 获取token成功！token=bearer 61542376-2a67-4654-8151-fe2cfc801cf7！
INFO - 2021-11-25 20:11:09,076 - new_apply_order.py[line:632]: 查询loan_order_id成功！
INFO - 2021-11-25 20:11:09,505 - new_apply_order.py[line:687]: 后台已触发放款成功！
INFO - 2021-11-25 20:11:09,517 - new_apply_order.py[line:701]: xxl_job web 登录成功！
INFO - 2021-11-25 20:11:09,528 - new_apply_order.py[line:717]: xxl_job 放款准备作业执行成功！
INFO - 2021-11-25 20:11:10,908 - new_apply_order.py[line:632]: 查询loan_order_id成功！
INFO - 2021-11-25 20:11:10,919 - new_apply_order.py[line:725]: 修改放款准备完成时间成功！
INFO - 2021-11-25 20:11:10,925 - new_apply_order.py[line:733]: xxl_job 放款完成作业执行成功！
INFO - 2021-11-25 20:11:11,231 - new_apply_order.py[line:905]: 校验重试查询第1次
ERROR - 2021-11-25 20:11:12,248 - new_apply_order.py[line:801]: 放款完成或准备失败,目前的订单状态是35
INFO - 2021-11-25 20:11:12,248 - new_apply_order.py[line:802]: {'app': 'lendcash', 'loan_order_id': '1463842659769651200', 'mobile': '01637842259', 'order_status': 35}
INFO - 2021-11-25 20:11:12,762 - new_apply_order.py[line:905]: 校验重试查询第2次
INFO - 2021-11-25 20:11:13,780 - new_apply_order.py[line:799]: 放款完成或准备成功,目前的订单状态是40
INFO - 2021-11-25 20:11:13,781 - new_apply_order.py[line:802]: {'app': 'lendcash', 'loan_order_id': '1463842659769651200', 'mobile': '01637842259', 'order_status': 40}
INFO - 2021-11-25 20:11:13,782 - new_apply_order.py[line:922]: ===========完成第【1】次进件===========
INFO - 2021-11-25 20:11:13,782 - new_apply_order.py[line:925]: ======完成第【1】次进件,耗时14.22s=====
