INFO - 2021-11-25 09:44:59,077 - new_apply_order.py[line:882]: 开始第 kencash【1】次进件……
INFO - 2021-11-25 09:44:59,078 - new_apply_order.py[line:84]: ======【ke测试环境】生成手机号：737804699 ======
INFO - 2021-11-25 09:44:59,539 - new_apply_order.py[line:97]: 737804699 检测用户存在成功！
INFO - 2021-11-25 09:44:59,744 - new_apply_order.py[line:106]: 737804699 短信发送成功！
INFO - 2021-11-25 09:44:59,917 - new_apply_order.py[line:119]: 737804699 注册成功！
INFO - 2021-11-25 09:45:00,040 - new_apply_order.py[line:135]: 737804699 登录短信发送成功！
INFO - 2021-11-25 09:45:00,443 - new_apply_order.py[line:145]: userId=6235074557960527872,mobile=737804699,token=441ee96bc622e3dd901b68b60113b5c9 登录成功
INFO - 2021-11-25 09:45:01,194 - new_apply_order.py[line:212]: 个人信息提交成功！
INFO - 2021-11-25 09:45:01,387 - new_apply_order.py[line:232]: 联系人信息提交成功！
ERROR - 2021-11-25 09:45:03,716 - new_apply_order.py[line:257]: 创建预审失败{"code":"30001012","msg":"System unknown error","data":null}
INFO - 2021-11-25 09:45:04,269 - new_apply_order.py[line:263]: 预审状态修改为通过,更新条数 1
INFO - 2021-11-25 09:45:04,283 - new_apply_order.py[line:266]: 更新初始额度！更新条数 1
INFO - 2021-11-25 09:45:04,857 - new_apply_order.py[line:342]: 活体图片上传成功！回写配置文件global_param.mp4_url
INFO - 2021-11-25 09:45:04,961 - new_apply_order.py[line:352]: 视频认证通过！
INFO - 2021-11-25 09:45:05,763 - new_apply_order.py[line:577]: 绑卡成功！
INFO - 2021-11-25 09:45:07,202 - new_apply_order.py[line:612]: 进件成功！执行sql将订单改为风控中……
INFO - 2021-11-25 09:45:08,234 - new_apply_order.py[line:618]: 订单表更新1条，信审更新1条
INFO - 2021-11-25 09:45:08,733 - new_apply_order.py[line:632]: 查询loan_order_id成功！
INFO - 2021-11-25 09:45:08,819 - new_apply_order.py[line:647]: 订单回调复审通过成功！
INFO - 2021-11-25 09:45:09,705 - new_apply_order.py[line:669]: 获取token成功！token=bearer d10bb812-7d51-4812-a015-f12873ef0279！
INFO - 2021-11-25 09:45:10,088 - new_apply_order.py[line:632]: 查询loan_order_id成功！
INFO - 2021-11-25 09:45:10,941 - new_apply_order.py[line:687]: 后台已触发放款成功！
INFO - 2021-11-25 09:45:10,962 - new_apply_order.py[line:701]: xxl_job web 登录成功！
INFO - 2021-11-25 09:45:10,969 - new_apply_order.py[line:717]: xxl_job 放款准备作业执行成功！
INFO - 2021-11-25 09:45:12,371 - new_apply_order.py[line:632]: 查询loan_order_id成功！
INFO - 2021-11-25 09:45:12,391 - new_apply_order.py[line:725]: 修改放款准备完成时间成功！
INFO - 2021-11-25 09:45:12,400 - new_apply_order.py[line:733]: xxl_job 放款完成作业执行成功！
INFO - 2021-11-25 09:45:12,849 - new_apply_order.py[line:632]: 查询loan_order_id成功！
INFO - 2021-11-25 09:45:13,164 - new_apply_order.py[line:905]: 校验重试查询第1次
ERROR - 2021-11-25 09:45:14,179 - new_apply_order.py[line:801]: 放款完成或准备失败,目前的订单状态是35
INFO - 2021-11-25 09:45:14,180 - new_apply_order.py[line:802]: {'app': 'kencash', 'loan_order_id': '1463685121742999552', 'mobile': '737804699', 'order_status': 35}
INFO - 2021-11-25 09:45:15,084 - new_apply_order.py[line:632]: 查询loan_order_id成功！
INFO - 2021-11-25 09:45:15,367 - new_apply_order.py[line:770]: 放款回调成功！
INFO - 2021-11-25 09:45:15,367 - new_apply_order.py[line:905]: 校验重试查询第2次
INFO - 2021-11-25 09:45:16,384 - new_apply_order.py[line:799]: 放款完成或准备成功,目前的订单状态是40
INFO - 2021-11-25 09:45:16,384 - new_apply_order.py[line:802]: {'app': 'kencash', 'loan_order_id': '1463685121742999552', 'mobile': '737804699', 'order_status': 40}
INFO - 2021-11-25 09:45:16,385 - new_apply_order.py[line:922]: ===========完成第【1】次进件===========
INFO - 2021-11-25 09:45:16,385 - new_apply_order.py[line:882]: 开始第 kencash【2】次进件……
INFO - 2021-11-25 09:45:16,386 - new_apply_order.py[line:84]: ======【ke测试环境】生成手机号：737804716 ======
INFO - 2021-11-25 09:45:16,745 - new_apply_order.py[line:97]: 737804716 检测用户存在成功！
INFO - 2021-11-25 09:45:16,818 - new_apply_order.py[line:106]: 737804716 短信发送成功！
INFO - 2021-11-25 09:45:16,873 - new_apply_order.py[line:119]: 737804716 注册成功！
INFO - 2021-11-25 09:45:16,936 - new_apply_order.py[line:135]: 737804716 登录短信发送成功！
INFO - 2021-11-25 09:45:17,005 - new_apply_order.py[line:145]: userId=6235074629351776256,mobile=737804716,token=af190fc0700d29dcd93a9fa83ac53379 登录成功
INFO - 2021-11-25 09:45:17,186 - new_apply_order.py[line:212]: 个人信息提交成功！
INFO - 2021-11-25 09:45:17,255 - new_apply_order.py[line:232]: 联系人信息提交成功！
INFO - 2021-11-25 09:45:17,979 - new_apply_order.py[line:255]: 创建预审订单成功！
INFO - 2021-11-25 09:45:17,998 - new_apply_order.py[line:263]: 预审状态修改为通过,更新条数 1
INFO - 2021-11-25 09:45:18,018 - new_apply_order.py[line:266]: 更新初始额度！更新条数 1
INFO - 2021-11-25 09:45:18,299 - new_apply_order.py[line:342]: 活体图片上传成功！回写配置文件global_param.mp4_url
INFO - 2021-11-25 09:45:18,352 - new_apply_order.py[line:352]: 视频认证通过！
INFO - 2021-11-25 09:45:18,700 - new_apply_order.py[line:577]: 绑卡成功！
INFO - 2021-11-25 09:45:19,118 - new_apply_order.py[line:612]: 进件成功！执行sql将订单改为风控中……
INFO - 2021-11-25 09:45:20,170 - new_apply_order.py[line:618]: 订单表更新1条，信审更新1条
INFO - 2021-11-25 09:45:20,559 - new_apply_order.py[line:632]: 查询loan_order_id成功！
INFO - 2021-11-25 09:45:20,657 - new_apply_order.py[line:647]: 订单回调复审通过成功！
INFO - 2021-11-25 09:45:21,474 - new_apply_order.py[line:669]: 获取token成功！token=bearer d10bb812-7d51-4812-a015-f12873ef0279！
INFO - 2021-11-25 09:45:21,878 - new_apply_order.py[line:632]: 查询loan_order_id成功！
INFO - 2021-11-25 09:45:22,245 - new_apply_order.py[line:687]: 后台已触发放款成功！
INFO - 2021-11-25 09:45:22,257 - new_apply_order.py[line:701]: xxl_job web 登录成功！
INFO - 2021-11-25 09:45:22,269 - new_apply_order.py[line:717]: xxl_job 放款准备作业执行成功！
INFO - 2021-11-25 09:45:23,662 - new_apply_order.py[line:632]: 查询loan_order_id成功！
INFO - 2021-11-25 09:45:23,679 - new_apply_order.py[line:725]: 修改放款准备完成时间成功！
INFO - 2021-11-25 09:45:23,686 - new_apply_order.py[line:733]: xxl_job 放款完成作业执行成功！
INFO - 2021-11-25 09:45:24,091 - new_apply_order.py[line:632]: 查询loan_order_id成功！
INFO - 2021-11-25 09:45:24,405 - new_apply_order.py[line:905]: 校验重试查询第1次
ERROR - 2021-11-25 09:45:25,421 - new_apply_order.py[line:801]: 放款完成或准备失败,目前的订单状态是35
INFO - 2021-11-25 09:45:25,421 - new_apply_order.py[line:802]: {'app': 'kencash', 'loan_order_id': '1463685187841036288', 'mobile': '737804716', 'order_status': 35}
INFO - 2021-11-25 09:45:26,287 - new_apply_order.py[line:632]: 查询loan_order_id成功！
INFO - 2021-11-25 09:45:26,517 - new_apply_order.py[line:770]: 放款回调成功！
INFO - 2021-11-25 09:45:26,517 - new_apply_order.py[line:905]: 校验重试查询第2次
INFO - 2021-11-25 09:45:27,528 - new_apply_order.py[line:799]: 放款完成或准备成功,目前的订单状态是40
INFO - 2021-11-25 09:45:27,528 - new_apply_order.py[line:802]: {'app': 'kencash', 'loan_order_id': '1463685187841036288', 'mobile': '737804716', 'order_status': 40}
INFO - 2021-11-25 09:45:27,528 - new_apply_order.py[line:922]: ===========完成第【2】次进件===========
INFO - 2021-11-25 09:45:27,529 - new_apply_order.py[line:882]: 开始第 kencash【3】次进件……
INFO - 2021-11-25 09:45:27,529 - new_apply_order.py[line:84]: ======【ke测试环境】生成手机号：737804727 ======
INFO - 2021-11-25 09:45:27,885 - new_apply_order.py[line:97]: 737804727 检测用户存在成功！
INFO - 2021-11-25 09:45:27,950 - new_apply_order.py[line:106]: 737804727 短信发送成功！
INFO - 2021-11-25 09:45:28,001 - new_apply_order.py[line:119]: 737804727 注册成功！
INFO - 2021-11-25 09:45:28,070 - new_apply_order.py[line:135]: 737804727 登录短信发送成功！
INFO - 2021-11-25 09:45:28,140 - new_apply_order.py[line:145]: userId=6235074676038574080,mobile=737804727,token=9ce7f07b1e76b2c97eb029c2cf2021d6 登录成功
INFO - 2021-11-25 09:45:28,343 - new_apply_order.py[line:212]: 个人信息提交成功！
INFO - 2021-11-25 09:45:28,424 - new_apply_order.py[line:232]: 联系人信息提交成功！
INFO - 2021-11-25 09:45:28,740 - new_apply_order.py[line:255]: 创建预审订单成功！
INFO - 2021-11-25 09:45:28,754 - new_apply_order.py[line:263]: 预审状态修改为通过,更新条数 1
INFO - 2021-11-25 09:45:28,767 - new_apply_order.py[line:266]: 更新初始额度！更新条数 1
INFO - 2021-11-25 09:45:29,031 - new_apply_order.py[line:342]: 活体图片上传成功！回写配置文件global_param.mp4_url
INFO - 2021-11-25 09:45:29,078 - new_apply_order.py[line:352]: 视频认证通过！
INFO - 2021-11-25 09:45:29,415 - new_apply_order.py[line:577]: 绑卡成功！
INFO - 2021-11-25 09:45:29,765 - new_apply_order.py[line:612]: 进件成功！执行sql将订单改为风控中……
INFO - 2021-11-25 09:45:30,810 - new_apply_order.py[line:618]: 订单表更新1条，信审更新1条
INFO - 2021-11-25 09:45:31,195 - new_apply_order.py[line:632]: 查询loan_order_id成功！
INFO - 2021-11-25 09:45:31,251 - new_apply_order.py[line:647]: 订单回调复审通过成功！
INFO - 2021-11-25 09:45:32,098 - new_apply_order.py[line:669]: 获取token成功！token=bearer d10bb812-7d51-4812-a015-f12873ef0279！
INFO - 2021-11-25 09:45:32,473 - new_apply_order.py[line:632]: 查询loan_order_id成功！
INFO - 2021-11-25 09:45:32,873 - new_apply_order.py[line:687]: 后台已触发放款成功！
INFO - 2021-11-25 09:45:32,881 - new_apply_order.py[line:701]: xxl_job web 登录成功！
INFO - 2021-11-25 09:45:32,890 - new_apply_order.py[line:717]: xxl_job 放款准备作业执行成功！
INFO - 2021-11-25 09:45:34,329 - new_apply_order.py[line:632]: 查询loan_order_id成功！
INFO - 2021-11-25 09:45:34,351 - new_apply_order.py[line:725]: 修改放款准备完成时间成功！
INFO - 2021-11-25 09:45:34,357 - new_apply_order.py[line:733]: xxl_job 放款完成作业执行成功！
INFO - 2021-11-25 09:45:34,754 - new_apply_order.py[line:632]: 查询loan_order_id成功！
INFO - 2021-11-25 09:45:35,068 - new_apply_order.py[line:905]: 校验重试查询第1次
ERROR - 2021-11-25 09:45:36,084 - new_apply_order.py[line:801]: 放款完成或准备失败,目前的订单状态是35
INFO - 2021-11-25 09:45:36,085 - new_apply_order.py[line:802]: {'app': 'kencash', 'loan_order_id': '1463685234485891072', 'mobile': '737804727', 'order_status': 35}
INFO - 2021-11-25 09:45:36,964 - new_apply_order.py[line:632]: 查询loan_order_id成功！
INFO - 2021-11-25 09:45:37,236 - new_apply_order.py[line:770]: 放款回调成功！
INFO - 2021-11-25 09:45:37,236 - new_apply_order.py[line:905]: 校验重试查询第2次
INFO - 2021-11-25 09:45:38,252 - new_apply_order.py[line:799]: 放款完成或准备成功,目前的订单状态是40
INFO - 2021-11-25 09:45:38,252 - new_apply_order.py[line:802]: {'app': 'kencash', 'loan_order_id': '1463685234485891072', 'mobile': '737804727', 'order_status': 40}
INFO - 2021-11-25 09:45:38,253 - new_apply_order.py[line:922]: ===========完成第【3】次进件===========
INFO - 2021-11-25 09:45:38,253 - new_apply_order.py[line:882]: 开始第 kencash【4】次进件……
INFO - 2021-11-25 09:45:38,254 - new_apply_order.py[line:84]: ======【ke测试环境】生成手机号：737804738 ======
INFO - 2021-11-25 09:45:38,619 - new_apply_order.py[line:97]: 737804738 检测用户存在成功！
INFO - 2021-11-25 09:45:38,682 - new_apply_order.py[line:106]: 737804738 短信发送成功！
INFO - 2021-11-25 09:45:38,739 - new_apply_order.py[line:119]: 737804738 注册成功！
INFO - 2021-11-25 09:45:38,811 - new_apply_order.py[line:135]: 737804738 登录短信发送成功！
INFO - 2021-11-25 09:45:38,879 - new_apply_order.py[line:145]: userId=6235074721051844608,mobile=737804738,token=b20d48084ea2ba51d7578b234dd803a0 登录成功
INFO - 2021-11-25 09:45:39,045 - new_apply_order.py[line:212]: 个人信息提交成功！
INFO - 2021-11-25 09:45:39,128 - new_apply_order.py[line:232]: 联系人信息提交成功！
INFO - 2021-11-25 09:45:39,433 - new_apply_order.py[line:255]: 创建预审订单成功！
INFO - 2021-11-25 09:45:39,449 - new_apply_order.py[line:263]: 预审状态修改为通过,更新条数 1
INFO - 2021-11-25 09:45:39,461 - new_apply_order.py[line:266]: 更新初始额度！更新条数 1
INFO - 2021-11-25 09:45:39,707 - new_apply_order.py[line:342]: 活体图片上传成功！回写配置文件global_param.mp4_url
INFO - 2021-11-25 09:45:39,754 - new_apply_order.py[line:352]: 视频认证通过！
INFO - 2021-11-25 09:45:40,114 - new_apply_order.py[line:577]: 绑卡成功！
INFO - 2021-11-25 09:45:40,434 - new_apply_order.py[line:612]: 进件成功！执行sql将订单改为风控中……
INFO - 2021-11-25 09:45:41,461 - new_apply_order.py[line:618]: 订单表更新1条，信审更新1条
INFO - 2021-11-25 09:45:41,884 - new_apply_order.py[line:632]: 查询loan_order_id成功！
INFO - 2021-11-25 09:45:41,940 - new_apply_order.py[line:647]: 订单回调复审通过成功！
INFO - 2021-11-25 09:45:42,741 - new_apply_order.py[line:669]: 获取token成功！token=bearer d10bb812-7d51-4812-a015-f12873ef0279！
INFO - 2021-11-25 09:45:43,128 - new_apply_order.py[line:632]: 查询loan_order_id成功！
INFO - 2021-11-25 09:45:43,456 - new_apply_order.py[line:687]: 后台已触发放款成功！
INFO - 2021-11-25 09:45:43,468 - new_apply_order.py[line:701]: xxl_job web 登录成功！
INFO - 2021-11-25 09:45:43,478 - new_apply_order.py[line:717]: xxl_job 放款准备作业执行成功！
INFO - 2021-11-25 09:45:44,855 - new_apply_order.py[line:632]: 查询loan_order_id成功！
INFO - 2021-11-25 09:45:44,866 - new_apply_order.py[line:725]: 修改放款准备完成时间成功！
INFO - 2021-11-25 09:45:44,870 - new_apply_order.py[line:733]: xxl_job 放款完成作业执行成功！
INFO - 2021-11-25 09:45:45,244 - new_apply_order.py[line:632]: 查询loan_order_id成功！
INFO - 2021-11-25 09:45:45,556 - new_apply_order.py[line:905]: 校验重试查询第1次
ERROR - 2021-11-25 09:45:46,589 - new_apply_order.py[line:801]: 放款完成或准备失败,目前的订单状态是35
INFO - 2021-11-25 09:45:46,589 - new_apply_order.py[line:802]: {'app': 'kencash', 'loan_order_id': '1463685279364943872', 'mobile': '737804738', 'order_status': 35}
INFO - 2021-11-25 09:45:47,474 - new_apply_order.py[line:632]: 查询loan_order_id成功！
INFO - 2021-11-25 09:45:47,737 - new_apply_order.py[line:770]: 放款回调成功！
INFO - 2021-11-25 09:45:47,737 - new_apply_order.py[line:905]: 校验重试查询第2次
INFO - 2021-11-25 09:45:48,754 - new_apply_order.py[line:799]: 放款完成或准备成功,目前的订单状态是40
INFO - 2021-11-25 09:45:48,755 - new_apply_order.py[line:802]: {'app': 'kencash', 'loan_order_id': '1463685279364943872', 'mobile': '737804738', 'order_status': 40}
INFO - 2021-11-25 09:45:48,755 - new_apply_order.py[line:922]: ===========完成第【4】次进件===========
INFO - 2021-11-25 09:45:48,755 - new_apply_order.py[line:882]: 开始第 kencash【5】次进件……
INFO - 2021-11-25 09:45:48,756 - new_apply_order.py[line:84]: ======【ke测试环境】生成手机号：737804748 ======
INFO - 2021-11-25 09:45:49,114 - new_apply_order.py[line:97]: 737804748 检测用户存在成功！
INFO - 2021-11-25 09:45:49,175 - new_apply_order.py[line:106]: 737804748 短信发送成功！
INFO - 2021-11-25 09:45:49,234 - new_apply_order.py[line:119]: 737804748 注册成功！
INFO - 2021-11-25 09:45:49,302 - new_apply_order.py[line:135]: 737804748 登录短信发送成功！
INFO - 2021-11-25 09:45:49,367 - new_apply_order.py[line:145]: userId=6235074765062676480,mobile=737804748,token=10b491fa92b734bad4fe22ea3e949be4 登录成功
INFO - 2021-11-25 09:45:49,551 - new_apply_order.py[line:212]: 个人信息提交成功！
INFO - 2021-11-25 09:45:49,629 - new_apply_order.py[line:232]: 联系人信息提交成功！
INFO - 2021-11-25 09:45:50,150 - new_apply_order.py[line:255]: 创建预审订单成功！
INFO - 2021-11-25 09:45:50,171 - new_apply_order.py[line:263]: 预审状态修改为通过,更新条数 1
INFO - 2021-11-25 09:45:50,188 - new_apply_order.py[line:266]: 更新初始额度！更新条数 1
INFO - 2021-11-25 09:45:50,524 - new_apply_order.py[line:342]: 活体图片上传成功！回写配置文件global_param.mp4_url
INFO - 2021-11-25 09:45:50,580 - new_apply_order.py[line:352]: 视频认证通过！
INFO - 2021-11-25 09:45:50,919 - new_apply_order.py[line:577]: 绑卡成功！
INFO - 2021-11-25 09:45:51,210 - new_apply_order.py[line:612]: 进件成功！执行sql将订单改为风控中……
INFO - 2021-11-25 09:45:52,256 - new_apply_order.py[line:618]: 订单表更新1条，信审更新1条
INFO - 2021-11-25 09:45:52,630 - new_apply_order.py[line:632]: 查询loan_order_id成功！
INFO - 2021-11-25 09:45:52,715 - new_apply_order.py[line:647]: 订单回调复审通过成功！
INFO - 2021-11-25 09:45:53,585 - new_apply_order.py[line:669]: 获取token成功！token=bearer d10bb812-7d51-4812-a015-f12873ef0279！
INFO - 2021-11-25 09:45:53,976 - new_apply_order.py[line:632]: 查询loan_order_id成功！
INFO - 2021-11-25 09:45:54,385 - new_apply_order.py[line:687]: 后台已触发放款成功！
INFO - 2021-11-25 09:45:54,396 - new_apply_order.py[line:701]: xxl_job web 登录成功！
INFO - 2021-11-25 09:45:54,408 - new_apply_order.py[line:717]: xxl_job 放款准备作业执行成功！
INFO - 2021-11-25 09:45:55,787 - new_apply_order.py[line:632]: 查询loan_order_id成功！
INFO - 2021-11-25 09:45:55,799 - new_apply_order.py[line:725]: 修改放款准备完成时间成功！
INFO - 2021-11-25 09:45:55,805 - new_apply_order.py[line:733]: xxl_job 放款完成作业执行成功！
INFO - 2021-11-25 09:45:56,191 - new_apply_order.py[line:632]: 查询loan_order_id成功！
INFO - 2021-11-25 09:45:56,503 - new_apply_order.py[line:905]: 校验重试查询第1次
ERROR - 2021-11-25 09:45:57,519 - new_apply_order.py[line:801]: 放款完成或准备失败,目前的订单状态是35
INFO - 2021-11-25 09:45:57,520 - new_apply_order.py[line:802]: {'app': 'kencash', 'loan_order_id': '1463685323421913088', 'mobile': '737804748', 'order_status': 35}
INFO - 2021-11-25 09:45:58,402 - new_apply_order.py[line:632]: 查询loan_order_id成功！
INFO - 2021-11-25 09:45:58,667 - new_apply_order.py[line:770]: 放款回调成功！
INFO - 2021-11-25 09:45:58,668 - new_apply_order.py[line:905]: 校验重试查询第2次
INFO - 2021-11-25 09:45:59,678 - new_apply_order.py[line:799]: 放款完成或准备成功,目前的订单状态是40
INFO - 2021-11-25 09:45:59,679 - new_apply_order.py[line:802]: {'app': 'kencash', 'loan_order_id': '1463685323421913088', 'mobile': '737804748', 'order_status': 40}
INFO - 2021-11-25 09:45:59,679 - new_apply_order.py[line:922]: ===========完成第【5】次进件===========
INFO - 2021-11-25 09:45:59,680 - new_apply_order.py[line:882]: 开始第 kencash【6】次进件……
INFO - 2021-11-25 09:45:59,681 - new_apply_order.py[line:84]: ======【ke测试环境】生成手机号：737804759 ======
INFO - 2021-11-25 09:46:00,041 - new_apply_order.py[line:97]: 737804759 检测用户存在成功！
INFO - 2021-11-25 09:46:00,111 - new_apply_order.py[line:106]: 737804759 短信发送成功！
INFO - 2021-11-25 09:46:00,164 - new_apply_order.py[line:119]: 737804759 注册成功！
INFO - 2021-11-25 09:46:00,231 - new_apply_order.py[line:135]: 737804759 登录短信发送成功！
INFO - 2021-11-25 09:46:00,292 - new_apply_order.py[line:145]: userId=6235074810935779328,mobile=737804759,token=39a083d56813b866b0c46f8065a75d12 登录成功
INFO - 2021-11-25 09:46:00,451 - new_apply_order.py[line:212]: 个人信息提交成功！
INFO - 2021-11-25 09:46:00,538 - new_apply_order.py[line:232]: 联系人信息提交成功！
INFO - 2021-11-25 09:46:00,851 - new_apply_order.py[line:255]: 创建预审订单成功！
INFO - 2021-11-25 09:46:00,863 - new_apply_order.py[line:263]: 预审状态修改为通过,更新条数 1
INFO - 2021-11-25 09:46:00,875 - new_apply_order.py[line:266]: 更新初始额度！更新条数 1
INFO - 2021-11-25 09:46:01,159 - new_apply_order.py[line:342]: 活体图片上传成功！回写配置文件global_param.mp4_url
INFO - 2021-11-25 09:46:01,207 - new_apply_order.py[line:352]: 视频认证通过！
INFO - 2021-11-25 09:46:01,577 - new_apply_order.py[line:577]: 绑卡成功！
INFO - 2021-11-25 09:46:01,991 - new_apply_order.py[line:612]: 进件成功！执行sql将订单改为风控中……
INFO - 2021-11-25 09:46:03,020 - new_apply_order.py[line:618]: 订单表更新1条，信审更新1条
INFO - 2021-11-25 09:46:03,418 - new_apply_order.py[line:632]: 查询loan_order_id成功！
INFO - 2021-11-25 09:46:03,469 - new_apply_order.py[line:647]: 订单回调复审通过成功！
INFO - 2021-11-25 09:46:04,311 - new_apply_order.py[line:669]: 获取token成功！token=bearer d10bb812-7d51-4812-a015-f12873ef0279！
INFO - 2021-11-25 09:46:04,684 - new_apply_order.py[line:632]: 查询loan_order_id成功！
INFO - 2021-11-25 09:46:05,027 - new_apply_order.py[line:687]: 后台已触发放款成功！
INFO - 2021-11-25 09:46:05,038 - new_apply_order.py[line:701]: xxl_job web 登录成功！
INFO - 2021-11-25 09:46:05,054 - new_apply_order.py[line:717]: xxl_job 放款准备作业执行成功！
INFO - 2021-11-25 09:46:06,425 - new_apply_order.py[line:632]: 查询loan_order_id成功！
INFO - 2021-11-25 09:46:06,440 - new_apply_order.py[line:725]: 修改放款准备完成时间成功！
INFO - 2021-11-25 09:46:06,447 - new_apply_order.py[line:733]: xxl_job 放款完成作业执行成功！
INFO - 2021-11-25 09:46:06,817 - new_apply_order.py[line:632]: 查询loan_order_id成功！
INFO - 2021-11-25 09:46:07,131 - new_apply_order.py[line:905]: 校验重试查询第1次
ERROR - 2021-11-25 09:46:08,147 - new_apply_order.py[line:801]: 放款完成或准备失败,目前的订单状态是35
INFO - 2021-11-25 09:46:08,148 - new_apply_order.py[line:802]: {'app': 'kencash', 'loan_order_id': '1463685369160798208', 'mobile': '737804759', 'order_status': 35}
INFO - 2021-11-25 09:46:09,037 - new_apply_order.py[line:632]: 查询loan_order_id成功！
INFO - 2021-11-25 09:46:09,244 - new_apply_order.py[line:770]: 放款回调成功！
INFO - 2021-11-25 09:46:09,245 - new_apply_order.py[line:905]: 校验重试查询第2次
INFO - 2021-11-25 09:46:10,260 - new_apply_order.py[line:799]: 放款完成或准备成功,目前的订单状态是40
INFO - 2021-11-25 09:46:10,260 - new_apply_order.py[line:802]: {'app': 'kencash', 'loan_order_id': '1463685369160798208', 'mobile': '737804759', 'order_status': 40}
INFO - 2021-11-25 09:46:10,261 - new_apply_order.py[line:922]: ===========完成第【6】次进件===========
INFO - 2021-11-25 09:46:10,262 - new_apply_order.py[line:882]: 开始第 kencash【7】次进件……
INFO - 2021-11-25 09:46:10,263 - new_apply_order.py[line:84]: ======【ke测试环境】生成手机号：737804770 ======
INFO - 2021-11-25 09:46:10,634 - new_apply_order.py[line:97]: 737804770 检测用户存在成功！
INFO - 2021-11-25 09:46:10,712 - new_apply_order.py[line:106]: 737804770 短信发送成功！
INFO - 2021-11-25 09:46:10,769 - new_apply_order.py[line:119]: 737804770 注册成功！
INFO - 2021-11-25 09:46:10,839 - new_apply_order.py[line:135]: 737804770 登录短信发送成功！
INFO - 2021-11-25 09:46:10,902 - new_apply_order.py[line:145]: userId=6235074855416373248,mobile=737804770,token=132356cd79f438583ceb517770159853 登录成功
INFO - 2021-11-25 09:46:11,049 - new_apply_order.py[line:212]: 个人信息提交成功！
INFO - 2021-11-25 09:46:11,140 - new_apply_order.py[line:232]: 联系人信息提交成功！
INFO - 2021-11-25 09:46:11,401 - new_apply_order.py[line:255]: 创建预审订单成功！
INFO - 2021-11-25 09:46:11,417 - new_apply_order.py[line:263]: 预审状态修改为通过,更新条数 1
INFO - 2021-11-25 09:46:11,431 - new_apply_order.py[line:266]: 更新初始额度！更新条数 1
INFO - 2021-11-25 09:46:11,679 - new_apply_order.py[line:342]: 活体图片上传成功！回写配置文件global_param.mp4_url
INFO - 2021-11-25 09:46:11,720 - new_apply_order.py[line:352]: 视频认证通过！
INFO - 2021-11-25 09:46:12,035 - new_apply_order.py[line:577]: 绑卡成功！
INFO - 2021-11-25 09:46:12,323 - new_apply_order.py[line:612]: 进件成功！执行sql将订单改为风控中……
INFO - 2021-11-25 09:46:13,359 - new_apply_order.py[line:618]: 订单表更新1条，信审更新1条
INFO - 2021-11-25 09:46:13,728 - new_apply_order.py[line:632]: 查询loan_order_id成功！
INFO - 2021-11-25 09:46:13,786 - new_apply_order.py[line:647]: 订单回调复审通过成功！
INFO - 2021-11-25 09:46:14,660 - new_apply_order.py[line:669]: 获取token成功！token=bearer d10bb812-7d51-4812-a015-f12873ef0279！
INFO - 2021-11-25 09:46:15,043 - new_apply_order.py[line:632]: 查询loan_order_id成功！
INFO - 2021-11-25 09:46:15,412 - new_apply_order.py[line:687]: 后台已触发放款成功！
INFO - 2021-11-25 09:46:15,425 - new_apply_order.py[line:701]: xxl_job web 登录成功！
INFO - 2021-11-25 09:46:15,436 - new_apply_order.py[line:717]: xxl_job 放款准备作业执行成功！
INFO - 2021-11-25 09:46:16,843 - new_apply_order.py[line:632]: 查询loan_order_id成功！
INFO - 2021-11-25 09:46:16,859 - new_apply_order.py[line:725]: 修改放款准备完成时间成功！
INFO - 2021-11-25 09:46:16,867 - new_apply_order.py[line:733]: xxl_job 放款完成作业执行成功！
INFO - 2021-11-25 09:46:17,250 - new_apply_order.py[line:632]: 查询loan_order_id成功！
INFO - 2021-11-25 09:46:17,565 - new_apply_order.py[line:905]: 校验重试查询第1次
ERROR - 2021-11-25 09:46:18,583 - new_apply_order.py[line:801]: 放款完成或准备失败,目前的订单状态是35
INFO - 2021-11-25 09:46:18,583 - new_apply_order.py[line:802]: {'app': 'kencash', 'loan_order_id': '1463685413628809216', 'mobile': '737804770', 'order_status': 35}
INFO - 2021-11-25 09:46:19,455 - new_apply_order.py[line:632]: 查询loan_order_id成功！
INFO - 2021-11-25 09:46:19,712 - new_apply_order.py[line:770]: 放款回调成功！
INFO - 2021-11-25 09:46:19,713 - new_apply_order.py[line:905]: 校验重试查询第2次
INFO - 2021-11-25 09:46:20,728 - new_apply_order.py[line:799]: 放款完成或准备成功,目前的订单状态是40
INFO - 2021-11-25 09:46:20,728 - new_apply_order.py[line:802]: {'app': 'kencash', 'loan_order_id': '1463685413628809216', 'mobile': '737804770', 'order_status': 40}
INFO - 2021-11-25 09:46:20,729 - new_apply_order.py[line:922]: ===========完成第【7】次进件===========
INFO - 2021-11-25 09:46:20,729 - new_apply_order.py[line:882]: 开始第 kencash【8】次进件……
INFO - 2021-11-25 09:46:20,730 - new_apply_order.py[line:84]: ======【ke测试环境】生成手机号：737804780 ======
INFO - 2021-11-25 09:46:21,077 - new_apply_order.py[line:97]: 737804780 检测用户存在成功！
INFO - 2021-11-25 09:46:21,140 - new_apply_order.py[line:106]: 737804780 短信发送成功！
INFO - 2021-11-25 09:46:21,195 - new_apply_order.py[line:119]: 737804780 注册成功！
INFO - 2021-11-25 09:46:21,270 - new_apply_order.py[line:135]: 737804780 登录短信发送成功！
INFO - 2021-11-25 09:46:21,325 - new_apply_order.py[line:145]: userId=6235074899146186752,mobile=737804780,token=1ab823fcca3ad0ab809d1ffc42454305 登录成功
INFO - 2021-11-25 09:46:21,471 - new_apply_order.py[line:212]: 个人信息提交成功！
INFO - 2021-11-25 09:46:21,542 - new_apply_order.py[line:232]: 联系人信息提交成功！
INFO - 2021-11-25 09:46:22,039 - new_apply_order.py[line:255]: 创建预审订单成功！
INFO - 2021-11-25 09:46:22,059 - new_apply_order.py[line:263]: 预审状态修改为通过,更新条数 1
INFO - 2021-11-25 09:46:22,078 - new_apply_order.py[line:266]: 更新初始额度！更新条数 1
INFO - 2021-11-25 09:46:22,405 - new_apply_order.py[line:342]: 活体图片上传成功！回写配置文件global_param.mp4_url
INFO - 2021-11-25 09:46:22,463 - new_apply_order.py[line:352]: 视频认证通过！
INFO - 2021-11-25 09:46:22,818 - new_apply_order.py[line:577]: 绑卡成功！
INFO - 2021-11-25 09:46:23,119 - new_apply_order.py[line:612]: 进件成功！执行sql将订单改为风控中……
INFO - 2021-11-25 09:46:24,157 - new_apply_order.py[line:618]: 订单表更新1条，信审更新1条
INFO - 2021-11-25 09:46:24,535 - new_apply_order.py[line:632]: 查询loan_order_id成功！
INFO - 2021-11-25 09:46:24,590 - new_apply_order.py[line:647]: 订单回调复审通过成功！
INFO - 2021-11-25 09:46:25,507 - new_apply_order.py[line:669]: 获取token成功！token=bearer d10bb812-7d51-4812-a015-f12873ef0279！
INFO - 2021-11-25 09:46:25,872 - new_apply_order.py[line:632]: 查询loan_order_id成功！
INFO - 2021-11-25 09:46:26,214 - new_apply_order.py[line:687]: 后台已触发放款成功！
INFO - 2021-11-25 09:46:26,227 - new_apply_order.py[line:701]: xxl_job web 登录成功！
INFO - 2021-11-25 09:46:26,237 - new_apply_order.py[line:717]: xxl_job 放款准备作业执行成功！
INFO - 2021-11-25 09:46:27,617 - new_apply_order.py[line:632]: 查询loan_order_id成功！
INFO - 2021-11-25 09:46:27,628 - new_apply_order.py[line:725]: 修改放款准备完成时间成功！
INFO - 2021-11-25 09:46:27,632 - new_apply_order.py[line:733]: xxl_job 放款完成作业执行成功！
INFO - 2021-11-25 09:46:28,022 - new_apply_order.py[line:632]: 查询loan_order_id成功！
INFO - 2021-11-25 09:46:28,333 - new_apply_order.py[line:905]: 校验重试查询第1次
ERROR - 2021-11-25 09:46:29,353 - new_apply_order.py[line:801]: 放款完成或准备失败,目前的订单状态是35
INFO - 2021-11-25 09:46:29,354 - new_apply_order.py[line:802]: {'app': 'kencash', 'loan_order_id': '1463685457299902464', 'mobile': '737804780', 'order_status': 35}
INFO - 2021-11-25 09:46:30,258 - new_apply_order.py[line:632]: 查询loan_order_id成功！
INFO - 2021-11-25 09:46:30,500 - new_apply_order.py[line:770]: 放款回调成功！
INFO - 2021-11-25 09:46:30,501 - new_apply_order.py[line:905]: 校验重试查询第2次
INFO - 2021-11-25 09:46:31,518 - new_apply_order.py[line:799]: 放款完成或准备成功,目前的订单状态是40
INFO - 2021-11-25 09:46:31,518 - new_apply_order.py[line:802]: {'app': 'kencash', 'loan_order_id': '1463685457299902464', 'mobile': '737804780', 'order_status': 40}
INFO - 2021-11-25 09:46:31,518 - new_apply_order.py[line:922]: ===========完成第【8】次进件===========
INFO - 2021-11-25 09:46:31,519 - new_apply_order.py[line:882]: 开始第 kencash【9】次进件……
INFO - 2021-11-25 09:46:31,520 - new_apply_order.py[line:84]: ======【ke测试环境】生成手机号：737804791 ======
INFO - 2021-11-25 09:46:32,122 - new_apply_order.py[line:97]: 737804791 检测用户存在成功！
INFO - 2021-11-25 09:46:32,187 - new_apply_order.py[line:106]: 737804791 短信发送成功！
INFO - 2021-11-25 09:46:32,254 - new_apply_order.py[line:119]: 737804791 注册成功！
INFO - 2021-11-25 09:46:32,336 - new_apply_order.py[line:135]: 737804791 登录短信发送成功！
INFO - 2021-11-25 09:46:32,404 - new_apply_order.py[line:145]: userId=6235074945480663040,mobile=737804791,token=ade2d5444d8ab1cc2ab68f8bb4fddb97 登录成功
INFO - 2021-11-25 09:46:32,590 - new_apply_order.py[line:212]: 个人信息提交成功！
INFO - 2021-11-25 09:46:32,668 - new_apply_order.py[line:232]: 联系人信息提交成功！
INFO - 2021-11-25 09:46:32,968 - new_apply_order.py[line:255]: 创建预审订单成功！
INFO - 2021-11-25 09:46:32,989 - new_apply_order.py[line:263]: 预审状态修改为通过,更新条数 1
INFO - 2021-11-25 09:46:33,006 - new_apply_order.py[line:266]: 更新初始额度！更新条数 1
INFO - 2021-11-25 09:46:33,305 - new_apply_order.py[line:342]: 活体图片上传成功！回写配置文件global_param.mp4_url
INFO - 2021-11-25 09:46:33,351 - new_apply_order.py[line:352]: 视频认证通过！
INFO - 2021-11-25 09:46:33,688 - new_apply_order.py[line:577]: 绑卡成功！
INFO - 2021-11-25 09:46:34,027 - new_apply_order.py[line:612]: 进件成功！执行sql将订单改为风控中……
INFO - 2021-11-25 09:46:35,070 - new_apply_order.py[line:618]: 订单表更新1条，信审更新1条
INFO - 2021-11-25 09:46:35,466 - new_apply_order.py[line:632]: 查询loan_order_id成功！
INFO - 2021-11-25 09:46:35,536 - new_apply_order.py[line:647]: 订单回调复审通过成功！
INFO - 2021-11-25 09:46:36,369 - new_apply_order.py[line:669]: 获取token成功！token=bearer d10bb812-7d51-4812-a015-f12873ef0279！
INFO - 2021-11-25 09:46:36,735 - new_apply_order.py[line:632]: 查询loan_order_id成功！
INFO - 2021-11-25 09:46:37,119 - new_apply_order.py[line:687]: 后台已触发放款成功！
INFO - 2021-11-25 09:46:37,132 - new_apply_order.py[line:701]: xxl_job web 登录成功！
INFO - 2021-11-25 09:46:37,144 - new_apply_order.py[line:717]: xxl_job 放款准备作业执行成功！
INFO - 2021-11-25 09:46:38,526 - new_apply_order.py[line:632]: 查询loan_order_id成功！
INFO - 2021-11-25 09:46:38,544 - new_apply_order.py[line:725]: 修改放款准备完成时间成功！
INFO - 2021-11-25 09:46:38,551 - new_apply_order.py[line:733]: xxl_job 放款完成作业执行成功！
INFO - 2021-11-25 09:46:38,930 - new_apply_order.py[line:632]: 查询loan_order_id成功！
INFO - 2021-11-25 09:46:39,242 - new_apply_order.py[line:905]: 校验重试查询第1次
ERROR - 2021-11-25 09:46:40,258 - new_apply_order.py[line:801]: 放款完成或准备失败,目前的订单状态是35
INFO - 2021-11-25 09:46:40,259 - new_apply_order.py[line:802]: {'app': 'kencash', 'loan_order_id': '1463685503936368640', 'mobile': '737804791', 'order_status': 35}
INFO - 2021-11-25 09:46:41,212 - new_apply_order.py[line:632]: 查询loan_order_id成功！
INFO - 2021-11-25 09:46:41,435 - new_apply_order.py[line:770]: 放款回调成功！
INFO - 2021-11-25 09:46:41,435 - new_apply_order.py[line:905]: 校验重试查询第2次
INFO - 2021-11-25 09:46:42,450 - new_apply_order.py[line:799]: 放款完成或准备成功,目前的订单状态是40
INFO - 2021-11-25 09:46:42,451 - new_apply_order.py[line:802]: {'app': 'kencash', 'loan_order_id': '1463685503936368640', 'mobile': '737804791', 'order_status': 40}
INFO - 2021-11-25 09:46:42,451 - new_apply_order.py[line:922]: ===========完成第【9】次进件===========
INFO - 2021-11-25 09:46:42,451 - new_apply_order.py[line:882]: 开始第 kencash【10】次进件……
INFO - 2021-11-25 09:46:42,452 - new_apply_order.py[line:84]: ======【ke测试环境】生成手机号：737804802 ======
INFO - 2021-11-25 09:46:42,804 - new_apply_order.py[line:97]: 737804802 检测用户存在成功！
INFO - 2021-11-25 09:46:42,875 - new_apply_order.py[line:106]: 737804802 短信发送成功！
INFO - 2021-11-25 09:46:42,946 - new_apply_order.py[line:119]: 737804802 注册成功！
INFO - 2021-11-25 09:46:43,016 - new_apply_order.py[line:135]: 737804802 登录短信发送成功！
INFO - 2021-11-25 09:46:43,080 - new_apply_order.py[line:145]: userId=6235074990351327232,mobile=737804802,token=a5061106fb216baa808b2249e713cd02 登录成功
INFO - 2021-11-25 09:46:43,240 - new_apply_order.py[line:212]: 个人信息提交成功！
INFO - 2021-11-25 09:46:43,323 - new_apply_order.py[line:232]: 联系人信息提交成功！
INFO - 2021-11-25 09:46:44,154 - new_apply_order.py[line:255]: 创建预审订单成功！
INFO - 2021-11-25 09:46:44,193 - new_apply_order.py[line:263]: 预审状态修改为通过,更新条数 1
INFO - 2021-11-25 09:46:44,213 - new_apply_order.py[line:266]: 更新初始额度！更新条数 1
INFO - 2021-11-25 09:46:44,531 - new_apply_order.py[line:342]: 活体图片上传成功！回写配置文件global_param.mp4_url
INFO - 2021-11-25 09:46:44,578 - new_apply_order.py[line:352]: 视频认证通过！
INFO - 2021-11-25 09:46:44,910 - new_apply_order.py[line:577]: 绑卡成功！
INFO - 2021-11-25 09:46:45,236 - new_apply_order.py[line:612]: 进件成功！执行sql将订单改为风控中……
INFO - 2021-11-25 09:46:46,276 - new_apply_order.py[line:618]: 订单表更新1条，信审更新1条
INFO - 2021-11-25 09:46:46,657 - new_apply_order.py[line:632]: 查询loan_order_id成功！
INFO - 2021-11-25 09:46:46,714 - new_apply_order.py[line:647]: 订单回调复审通过成功！
INFO - 2021-11-25 09:46:47,595 - new_apply_order.py[line:669]: 获取token成功！token=bearer d10bb812-7d51-4812-a015-f12873ef0279！
INFO - 2021-11-25 09:46:47,957 - new_apply_order.py[line:632]: 查询loan_order_id成功！
INFO - 2021-11-25 09:46:48,281 - new_apply_order.py[line:687]: 后台已触发放款成功！
INFO - 2021-11-25 09:46:48,294 - new_apply_order.py[line:701]: xxl_job web 登录成功！
INFO - 2021-11-25 09:46:48,303 - new_apply_order.py[line:717]: xxl_job 放款准备作业执行成功！
INFO - 2021-11-25 09:46:49,680 - new_apply_order.py[line:632]: 查询loan_order_id成功！
INFO - 2021-11-25 09:46:49,696 - new_apply_order.py[line:725]: 修改放款准备完成时间成功！
INFO - 2021-11-25 09:46:49,703 - new_apply_order.py[line:733]: xxl_job 放款完成作业执行成功！
INFO - 2021-11-25 09:46:50,079 - new_apply_order.py[line:632]: 查询loan_order_id成功！
INFO - 2021-11-25 09:46:50,390 - new_apply_order.py[line:905]: 校验重试查询第1次
ERROR - 2021-11-25 09:46:51,404 - new_apply_order.py[line:801]: 放款完成或准备失败,目前的订单状态是35
INFO - 2021-11-25 09:46:51,404 - new_apply_order.py[line:802]: {'app': 'kencash', 'loan_order_id': '1463685548622483456', 'mobile': '737804802', 'order_status': 35}
INFO - 2021-11-25 09:46:52,328 - new_apply_order.py[line:632]: 查询loan_order_id成功！
INFO - 2021-11-25 09:46:52,585 - new_apply_order.py[line:770]: 放款回调成功！
INFO - 2021-11-25 09:46:52,585 - new_apply_order.py[line:905]: 校验重试查询第2次
INFO - 2021-11-25 09:46:53,599 - new_apply_order.py[line:799]: 放款完成或准备成功,目前的订单状态是40
INFO - 2021-11-25 09:46:53,599 - new_apply_order.py[line:802]: {'app': 'kencash', 'loan_order_id': '1463685548622483456', 'mobile': '737804802', 'order_status': 40}
INFO - 2021-11-25 09:46:53,600 - new_apply_order.py[line:922]: ===========完成第【10】次进件===========
INFO - 2021-11-25 09:46:53,600 - new_apply_order.py[line:882]: 开始第 kencash【11】次进件……
INFO - 2021-11-25 09:46:53,601 - new_apply_order.py[line:84]: ======【ke测试环境】生成手机号：737804813 ======
INFO - 2021-11-25 09:46:54,083 - new_apply_order.py[line:97]: 737804813 检测用户存在成功！
INFO - 2021-11-25 09:46:54,148 - new_apply_order.py[line:106]: 737804813 短信发送成功！
INFO - 2021-11-25 09:46:54,191 - new_apply_order.py[line:119]: 737804813 注册成功！
INFO - 2021-11-25 09:46:54,254 - new_apply_order.py[line:135]: 737804813 登录短信发送成功！
INFO - 2021-11-25 09:46:54,316 - new_apply_order.py[line:145]: userId=6235075037554024448,mobile=737804813,token=2883ad52169fe6d668454d19582e2f96 登录成功
INFO - 2021-11-25 09:46:54,544 - new_apply_order.py[line:212]: 个人信息提交成功！
INFO - 2021-11-25 09:46:54,623 - new_apply_order.py[line:232]: 联系人信息提交成功！
INFO - 2021-11-25 09:46:54,949 - new_apply_order.py[line:255]: 创建预审订单成功！
INFO - 2021-11-25 09:46:54,966 - new_apply_order.py[line:263]: 预审状态修改为通过,更新条数 1
INFO - 2021-11-25 09:46:54,981 - new_apply_order.py[line:266]: 更新初始额度！更新条数 1
INFO - 2021-11-25 09:46:55,272 - new_apply_order.py[line:342]: 活体图片上传成功！回写配置文件global_param.mp4_url
INFO - 2021-11-25 09:46:55,331 - new_apply_order.py[line:352]: 视频认证通过！
INFO - 2021-11-25 09:46:55,666 - new_apply_order.py[line:577]: 绑卡成功！
INFO - 2021-11-25 09:46:56,005 - new_apply_order.py[line:612]: 进件成功！执行sql将订单改为风控中……
INFO - 2021-11-25 09:46:57,041 - new_apply_order.py[line:618]: 订单表更新1条，信审更新1条
INFO - 2021-11-25 09:46:57,442 - new_apply_order.py[line:632]: 查询loan_order_id成功！
INFO - 2021-11-25 09:46:57,541 - new_apply_order.py[line:647]: 订单回调复审通过成功！
INFO - 2021-11-25 09:46:58,371 - new_apply_order.py[line:669]: 获取token成功！token=bearer d10bb812-7d51-4812-a015-f12873ef0279！
INFO - 2021-11-25 09:46:58,742 - new_apply_order.py[line:632]: 查询loan_order_id成功！
INFO - 2021-11-25 09:46:59,154 - new_apply_order.py[line:687]: 后台已触发放款成功！
INFO - 2021-11-25 09:46:59,166 - new_apply_order.py[line:701]: xxl_job web 登录成功！
INFO - 2021-11-25 09:46:59,175 - new_apply_order.py[line:717]: xxl_job 放款准备作业执行成功！
INFO - 2021-11-25 09:47:00,583 - new_apply_order.py[line:632]: 查询loan_order_id成功！
INFO - 2021-11-25 09:47:00,598 - new_apply_order.py[line:725]: 修改放款准备完成时间成功！
INFO - 2021-11-25 09:47:00,603 - new_apply_order.py[line:733]: xxl_job 放款完成作业执行成功！
INFO - 2021-11-25 09:47:00,988 - new_apply_order.py[line:632]: 查询loan_order_id成功！
INFO - 2021-11-25 09:47:01,304 - new_apply_order.py[line:905]: 校验重试查询第1次
ERROR - 2021-11-25 09:47:02,319 - new_apply_order.py[line:801]: 放款完成或准备失败,目前的订单状态是35
INFO - 2021-11-25 09:47:02,319 - new_apply_order.py[line:802]: {'app': 'kencash', 'loan_order_id': '1463685596055867392', 'mobile': '737804813', 'order_status': 35}
INFO - 2021-11-25 09:47:03,220 - new_apply_order.py[line:632]: 查询loan_order_id成功！
INFO - 2021-11-25 09:47:03,441 - new_apply_order.py[line:770]: 放款回调成功！
INFO - 2021-11-25 09:47:03,441 - new_apply_order.py[line:905]: 校验重试查询第2次
INFO - 2021-11-25 09:47:04,454 - new_apply_order.py[line:799]: 放款完成或准备成功,目前的订单状态是40
INFO - 2021-11-25 09:47:04,454 - new_apply_order.py[line:802]: {'app': 'kencash', 'loan_order_id': '1463685596055867392', 'mobile': '737804813', 'order_status': 40}
INFO - 2021-11-25 09:47:04,455 - new_apply_order.py[line:922]: ===========完成第【11】次进件===========
INFO - 2021-11-25 09:47:04,455 - new_apply_order.py[line:882]: 开始第 kencash【12】次进件……
INFO - 2021-11-25 09:47:04,456 - new_apply_order.py[line:84]: ======【ke测试环境】生成手机号：737804824 ======
INFO - 2021-11-25 09:47:04,807 - new_apply_order.py[line:97]: 737804824 检测用户存在成功！
INFO - 2021-11-25 09:47:04,877 - new_apply_order.py[line:106]: 737804824 短信发送成功！
INFO - 2021-11-25 09:47:04,925 - new_apply_order.py[line:119]: 737804824 注册成功！
INFO - 2021-11-25 09:47:04,995 - new_apply_order.py[line:135]: 737804824 登录短信发送成功！
INFO - 2021-11-25 09:47:05,075 - new_apply_order.py[line:145]: userId=6235075082567294976,mobile=737804824,token=408886e770e7dbcf6b910ca2f38d8a79 登录成功
INFO - 2021-11-25 09:47:05,219 - new_apply_order.py[line:212]: 个人信息提交成功！
INFO - 2021-11-25 09:47:05,296 - new_apply_order.py[line:232]: 联系人信息提交成功！
INFO - 2021-11-25 09:47:05,612 - new_apply_order.py[line:255]: 创建预审订单成功！
INFO - 2021-11-25 09:47:05,633 - new_apply_order.py[line:263]: 预审状态修改为通过,更新条数 1
INFO - 2021-11-25 09:47:05,650 - new_apply_order.py[line:266]: 更新初始额度！更新条数 1
INFO - 2021-11-25 09:47:05,948 - new_apply_order.py[line:342]: 活体图片上传成功！回写配置文件global_param.mp4_url
INFO - 2021-11-25 09:47:05,995 - new_apply_order.py[line:352]: 视频认证通过！
INFO - 2021-11-25 09:47:06,319 - new_apply_order.py[line:577]: 绑卡成功！
INFO - 2021-11-25 09:47:06,609 - new_apply_order.py[line:612]: 进件成功！执行sql将订单改为风控中……
INFO - 2021-11-25 09:47:07,646 - new_apply_order.py[line:618]: 订单表更新1条，信审更新1条
INFO - 2021-11-25 09:47:08,010 - new_apply_order.py[line:632]: 查询loan_order_id成功！
INFO - 2021-11-25 09:47:08,058 - new_apply_order.py[line:647]: 订单回调复审通过成功！
INFO - 2021-11-25 09:47:08,884 - new_apply_order.py[line:669]: 获取token成功！token=bearer d10bb812-7d51-4812-a015-f12873ef0279！
INFO - 2021-11-25 09:47:09,241 - new_apply_order.py[line:632]: 查询loan_order_id成功！
INFO - 2021-11-25 09:47:09,603 - new_apply_order.py[line:687]: 后台已触发放款成功！
INFO - 2021-11-25 09:47:09,615 - new_apply_order.py[line:701]: xxl_job web 登录成功！
INFO - 2021-11-25 09:47:09,626 - new_apply_order.py[line:717]: xxl_job 放款准备作业执行成功！
INFO - 2021-11-25 09:47:11,015 - new_apply_order.py[line:632]: 查询loan_order_id成功！
INFO - 2021-11-25 09:47:11,031 - new_apply_order.py[line:725]: 修改放款准备完成时间成功！
INFO - 2021-11-25 09:47:11,038 - new_apply_order.py[line:733]: xxl_job 放款完成作业执行成功！
INFO - 2021-11-25 09:47:11,409 - new_apply_order.py[line:632]: 查询loan_order_id成功！
INFO - 2021-11-25 09:47:11,720 - new_apply_order.py[line:905]: 校验重试查询第1次
ERROR - 2021-11-25 09:47:12,747 - new_apply_order.py[line:801]: 放款完成或准备失败,目前的订单状态是35
INFO - 2021-11-25 09:47:12,747 - new_apply_order.py[line:802]: {'app': 'kencash', 'loan_order_id': '1463685640876199936', 'mobile': '737804824', 'order_status': 35}
INFO - 2021-11-25 09:47:13,624 - new_apply_order.py[line:632]: 查询loan_order_id成功！
INFO - 2021-11-25 09:47:13,881 - new_apply_order.py[line:770]: 放款回调成功！
INFO - 2021-11-25 09:47:13,882 - new_apply_order.py[line:905]: 校验重试查询第2次
INFO - 2021-11-25 09:47:14,899 - new_apply_order.py[line:799]: 放款完成或准备成功,目前的订单状态是40
INFO - 2021-11-25 09:47:14,899 - new_apply_order.py[line:802]: {'app': 'kencash', 'loan_order_id': '1463685640876199936', 'mobile': '737804824', 'order_status': 40}
INFO - 2021-11-25 09:47:14,900 - new_apply_order.py[line:922]: ===========完成第【12】次进件===========
INFO - 2021-11-25 09:47:14,900 - new_apply_order.py[line:882]: 开始第 kencash【13】次进件……
INFO - 2021-11-25 09:47:14,901 - new_apply_order.py[line:84]: ======【ke测试环境】生成手机号：737804834 ======
INFO - 2021-11-25 09:47:15,256 - new_apply_order.py[line:97]: 737804834 检测用户存在成功！
INFO - 2021-11-25 09:47:15,326 - new_apply_order.py[line:106]: 737804834 短信发送成功！
INFO - 2021-11-25 09:47:15,410 - new_apply_order.py[line:119]: 737804834 注册成功！
INFO - 2021-11-25 09:47:15,509 - new_apply_order.py[line:135]: 737804834 登录短信发送成功！
INFO - 2021-11-25 09:47:15,563 - new_apply_order.py[line:145]: userId=6235075126452297728,mobile=737804834,token=a86c1a68a10cf4254d5bc8a1e18568b2 登录成功
INFO - 2021-11-25 09:47:15,711 - new_apply_order.py[line:212]: 个人信息提交成功！
INFO - 2021-11-25 09:47:15,778 - new_apply_order.py[line:232]: 联系人信息提交成功！
INFO - 2021-11-25 09:47:16,263 - new_apply_order.py[line:255]: 创建预审订单成功！
INFO - 2021-11-25 09:47:16,279 - new_apply_order.py[line:263]: 预审状态修改为通过,更新条数 1
INFO - 2021-11-25 09:47:16,297 - new_apply_order.py[line:266]: 更新初始额度！更新条数 1
INFO - 2021-11-25 09:47:16,559 - new_apply_order.py[line:342]: 活体图片上传成功！回写配置文件global_param.mp4_url
INFO - 2021-11-25 09:47:16,598 - new_apply_order.py[line:352]: 视频认证通过！
INFO - 2021-11-25 09:47:16,928 - new_apply_order.py[line:577]: 绑卡成功！
INFO - 2021-11-25 09:47:17,194 - new_apply_order.py[line:612]: 进件成功！执行sql将订单改为风控中……
INFO - 2021-11-25 09:47:18,228 - new_apply_order.py[line:618]: 订单表更新1条，信审更新1条
INFO - 2021-11-25 09:47:18,594 - new_apply_order.py[line:632]: 查询loan_order_id成功！
INFO - 2021-11-25 09:47:18,642 - new_apply_order.py[line:647]: 订单回调复审通过成功！
INFO - 2021-11-25 09:47:19,491 - new_apply_order.py[line:669]: 获取token成功！token=bearer d10bb812-7d51-4812-a015-f12873ef0279！
INFO - 2021-11-25 09:47:19,879 - new_apply_order.py[line:632]: 查询loan_order_id成功！
INFO - 2021-11-25 09:47:20,248 - new_apply_order.py[line:687]: 后台已触发放款成功！
INFO - 2021-11-25 09:47:20,260 - new_apply_order.py[line:701]: xxl_job web 登录成功！
INFO - 2021-11-25 09:47:20,270 - new_apply_order.py[line:717]: xxl_job 放款准备作业执行成功！
INFO - 2021-11-25 09:47:21,636 - new_apply_order.py[line:632]: 查询loan_order_id成功！
INFO - 2021-11-25 09:47:21,654 - new_apply_order.py[line:725]: 修改放款准备完成时间成功！
INFO - 2021-11-25 09:47:21,662 - new_apply_order.py[line:733]: xxl_job 放款完成作业执行成功！
INFO - 2021-11-25 09:47:22,040 - new_apply_order.py[line:632]: 查询loan_order_id成功！
INFO - 2021-11-25 09:47:22,352 - new_apply_order.py[line:905]: 校验重试查询第1次
ERROR - 2021-11-25 09:47:23,367 - new_apply_order.py[line:801]: 放款完成或准备失败,目前的订单状态是35
INFO - 2021-11-25 09:47:23,368 - new_apply_order.py[line:802]: {'app': 'kencash', 'loan_order_id': '1463685684736036864', 'mobile': '737804834', 'order_status': 35}
INFO - 2021-11-25 09:47:24,244 - new_apply_order.py[line:632]: 查询loan_order_id成功！
INFO - 2021-11-25 09:47:24,466 - new_apply_order.py[line:770]: 放款回调成功！
INFO - 2021-11-25 09:47:24,466 - new_apply_order.py[line:905]: 校验重试查询第2次
INFO - 2021-11-25 09:47:25,481 - new_apply_order.py[line:799]: 放款完成或准备成功,目前的订单状态是40
INFO - 2021-11-25 09:47:25,481 - new_apply_order.py[line:802]: {'app': 'kencash', 'loan_order_id': '1463685684736036864', 'mobile': '737804834', 'order_status': 40}
INFO - 2021-11-25 09:47:25,482 - new_apply_order.py[line:922]: ===========完成第【13】次进件===========
INFO - 2021-11-25 09:47:25,482 - new_apply_order.py[line:882]: 开始第 kencash【14】次进件……
INFO - 2021-11-25 09:47:25,483 - new_apply_order.py[line:84]: ======【ke测试环境】生成手机号：737804845 ======
INFO - 2021-11-25 09:47:25,839 - new_apply_order.py[line:97]: 737804845 检测用户存在成功！
INFO - 2021-11-25 09:47:25,902 - new_apply_order.py[line:106]: 737804845 短信发送成功！
INFO - 2021-11-25 09:47:25,952 - new_apply_order.py[line:119]: 737804845 注册成功！
INFO - 2021-11-25 09:47:26,012 - new_apply_order.py[line:135]: 737804845 登录短信发送成功！
INFO - 2021-11-25 09:47:26,065 - new_apply_order.py[line:145]: userId=6235075170748342272,mobile=737804845,token=4b58ddd6eaac0dddc7de7bf8728cb523 登录成功
INFO - 2021-11-25 09:47:26,205 - new_apply_order.py[line:212]: 个人信息提交成功！
INFO - 2021-11-25 09:47:26,268 - new_apply_order.py[line:232]: 联系人信息提交成功！
INFO - 2021-11-25 09:47:26,557 - new_apply_order.py[line:255]: 创建预审订单成功！
INFO - 2021-11-25 09:47:26,592 - new_apply_order.py[line:263]: 预审状态修改为通过,更新条数 1
INFO - 2021-11-25 09:47:26,612 - new_apply_order.py[line:266]: 更新初始额度！更新条数 1
INFO - 2021-11-25 09:47:26,895 - new_apply_order.py[line:342]: 活体图片上传成功！回写配置文件global_param.mp4_url
INFO - 2021-11-25 09:47:26,937 - new_apply_order.py[line:352]: 视频认证通过！
INFO - 2021-11-25 09:47:27,263 - new_apply_order.py[line:577]: 绑卡成功！
INFO - 2021-11-25 09:47:27,548 - new_apply_order.py[line:612]: 进件成功！执行sql将订单改为风控中……
INFO - 2021-11-25 09:47:28,582 - new_apply_order.py[line:618]: 订单表更新1条，信审更新1条
INFO - 2021-11-25 09:47:28,959 - new_apply_order.py[line:632]: 查询loan_order_id成功！
INFO - 2021-11-25 09:47:29,019 - new_apply_order.py[line:647]: 订单回调复审通过成功！
INFO - 2021-11-25 09:47:29,826 - new_apply_order.py[line:669]: 获取token成功！token=bearer d10bb812-7d51-4812-a015-f12873ef0279！
INFO - 2021-11-25 09:47:30,213 - new_apply_order.py[line:632]: 查询loan_order_id成功！
INFO - 2021-11-25 09:47:30,620 - new_apply_order.py[line:687]: 后台已触发放款成功！
INFO - 2021-11-25 09:47:30,633 - new_apply_order.py[line:701]: xxl_job web 登录成功！
INFO - 2021-11-25 09:47:30,643 - new_apply_order.py[line:717]: xxl_job 放款准备作业执行成功！
INFO - 2021-11-25 09:47:32,004 - new_apply_order.py[line:632]: 查询loan_order_id成功！
INFO - 2021-11-25 09:47:32,019 - new_apply_order.py[line:725]: 修改放款准备完成时间成功！
INFO - 2021-11-25 09:47:32,026 - new_apply_order.py[line:733]: xxl_job 放款完成作业执行成功！
INFO - 2021-11-25 09:47:32,392 - new_apply_order.py[line:632]: 查询loan_order_id成功！
INFO - 2021-11-25 09:47:32,706 - new_apply_order.py[line:905]: 校验重试查询第1次
ERROR - 2021-11-25 09:47:33,720 - new_apply_order.py[line:801]: 放款完成或准备失败,目前的订单状态是35
INFO - 2021-11-25 09:47:33,720 - new_apply_order.py[line:802]: {'app': 'kencash', 'loan_order_id': '1463685728734285824', 'mobile': '737804845', 'order_status': 35}
INFO - 2021-11-25 09:47:34,598 - new_apply_order.py[line:632]: 查询loan_order_id成功！
INFO - 2021-11-25 09:47:34,837 - new_apply_order.py[line:770]: 放款回调成功！
INFO - 2021-11-25 09:47:34,837 - new_apply_order.py[line:905]: 校验重试查询第2次
INFO - 2021-11-25 09:47:35,853 - new_apply_order.py[line:799]: 放款完成或准备成功,目前的订单状态是40
INFO - 2021-11-25 09:47:35,853 - new_apply_order.py[line:802]: {'app': 'kencash', 'loan_order_id': '1463685728734285824', 'mobile': '737804845', 'order_status': 40}
INFO - 2021-11-25 09:47:35,854 - new_apply_order.py[line:922]: ===========完成第【14】次进件===========
INFO - 2021-11-25 09:47:35,854 - new_apply_order.py[line:882]: 开始第 kencash【15】次进件……
INFO - 2021-11-25 09:47:35,855 - new_apply_order.py[line:84]: ======【ke测试环境】生成手机号：737804855 ======
INFO - 2021-11-25 09:47:36,206 - new_apply_order.py[line:97]: 737804855 检测用户存在成功！
INFO - 2021-11-25 09:47:36,259 - new_apply_order.py[line:106]: 737804855 短信发送成功！
INFO - 2021-11-25 09:47:36,303 - new_apply_order.py[line:119]: 737804855 注册成功！
INFO - 2021-11-25 09:47:36,356 - new_apply_order.py[line:135]: 737804855 登录短信发送成功！
INFO - 2021-11-25 09:47:36,414 - new_apply_order.py[line:145]: userId=6235075214176165888,mobile=737804855,token=d1c4ca3973c4b3bd6013f948837ce0f2 登录成功
INFO - 2021-11-25 09:47:36,546 - new_apply_order.py[line:212]: 个人信息提交成功！
INFO - 2021-11-25 09:47:36,612 - new_apply_order.py[line:232]: 联系人信息提交成功！
INFO - 2021-11-25 09:47:37,001 - new_apply_order.py[line:255]: 创建预审订单成功！
INFO - 2021-11-25 09:47:37,020 - new_apply_order.py[line:263]: 预审状态修改为通过,更新条数 1
INFO - 2021-11-25 09:47:37,032 - new_apply_order.py[line:266]: 更新初始额度！更新条数 1
INFO - 2021-11-25 09:47:37,301 - new_apply_order.py[line:342]: 活体图片上传成功！回写配置文件global_param.mp4_url
INFO - 2021-11-25 09:47:37,347 - new_apply_order.py[line:352]: 视频认证通过！
INFO - 2021-11-25 09:47:37,671 - new_apply_order.py[line:577]: 绑卡成功！
INFO - 2021-11-25 09:47:37,921 - new_apply_order.py[line:612]: 进件成功！执行sql将订单改为风控中……
INFO - 2021-11-25 09:47:38,960 - new_apply_order.py[line:618]: 订单表更新1条，信审更新1条
INFO - 2021-11-25 09:47:39,331 - new_apply_order.py[line:632]: 查询loan_order_id成功！
INFO - 2021-11-25 09:47:39,385 - new_apply_order.py[line:647]: 订单回调复审通过成功！
INFO - 2021-11-25 09:47:40,225 - new_apply_order.py[line:669]: 获取token成功！token=bearer d10bb812-7d51-4812-a015-f12873ef0279！
INFO - 2021-11-25 09:47:40,601 - new_apply_order.py[line:632]: 查询loan_order_id成功！
INFO - 2021-11-25 09:47:41,172 - new_apply_order.py[line:687]: 后台已触发放款成功！
INFO - 2021-11-25 09:47:41,201 - new_apply_order.py[line:701]: xxl_job web 登录成功！
INFO - 2021-11-25 09:47:41,214 - new_apply_order.py[line:717]: xxl_job 放款准备作业执行成功！
INFO - 2021-11-25 09:47:42,582 - new_apply_order.py[line:632]: 查询loan_order_id成功！
INFO - 2021-11-25 09:47:42,600 - new_apply_order.py[line:725]: 修改放款准备完成时间成功！
INFO - 2021-11-25 09:47:42,606 - new_apply_order.py[line:733]: xxl_job 放款完成作业执行成功！
INFO - 2021-11-25 09:47:42,975 - new_apply_order.py[line:632]: 查询loan_order_id成功！
INFO - 2021-11-25 09:47:43,290 - new_apply_order.py[line:905]: 校验重试查询第1次
ERROR - 2021-11-25 09:47:44,300 - new_apply_order.py[line:801]: 放款完成或准备失败,目前的订单状态是35
INFO - 2021-11-25 09:47:44,300 - new_apply_order.py[line:802]: {'app': 'kencash', 'loan_order_id': '1463685772283744256', 'mobile': '737804855', 'order_status': 35}
INFO - 2021-11-25 09:47:45,161 - new_apply_order.py[line:632]: 查询loan_order_id成功！
INFO - 2021-11-25 09:47:45,377 - new_apply_order.py[line:770]: 放款回调成功！
INFO - 2021-11-25 09:47:45,378 - new_apply_order.py[line:905]: 校验重试查询第2次
INFO - 2021-11-25 09:47:46,393 - new_apply_order.py[line:799]: 放款完成或准备成功,目前的订单状态是40
INFO - 2021-11-25 09:47:46,393 - new_apply_order.py[line:802]: {'app': 'kencash', 'loan_order_id': '1463685772283744256', 'mobile': '737804855', 'order_status': 40}
INFO - 2021-11-25 09:47:46,394 - new_apply_order.py[line:922]: ===========完成第【15】次进件===========
INFO - 2021-11-25 09:47:46,394 - new_apply_order.py[line:882]: 开始第 kencash【16】次进件……
INFO - 2021-11-25 09:47:46,396 - new_apply_order.py[line:84]: ======【ke测试环境】生成手机号：737804866 ======
INFO - 2021-11-25 09:47:46,755 - new_apply_order.py[line:97]: 737804866 检测用户存在成功！
INFO - 2021-11-25 09:47:46,811 - new_apply_order.py[line:106]: 737804866 短信发送成功！
INFO - 2021-11-25 09:47:46,884 - new_apply_order.py[line:119]: 737804866 注册成功！
INFO - 2021-11-25 09:47:46,945 - new_apply_order.py[line:135]: 737804866 登录短信发送成功！
INFO - 2021-11-25 09:47:47,027 - new_apply_order.py[line:145]: userId=6235075258543513600,mobile=737804866,token=240bdc0b34deaafc8a4b90d270ff1e36 登录成功
INFO - 2021-11-25 09:47:47,226 - new_apply_order.py[line:212]: 个人信息提交成功！
INFO - 2021-11-25 09:47:47,298 - new_apply_order.py[line:232]: 联系人信息提交成功！
INFO - 2021-11-25 09:47:47,907 - new_apply_order.py[line:255]: 创建预审订单成功！
INFO - 2021-11-25 09:47:47,929 - new_apply_order.py[line:263]: 预审状态修改为通过,更新条数 1
INFO - 2021-11-25 09:47:47,949 - new_apply_order.py[line:266]: 更新初始额度！更新条数 1
INFO - 2021-11-25 09:47:48,249 - new_apply_order.py[line:342]: 活体图片上传成功！回写配置文件global_param.mp4_url
INFO - 2021-11-25 09:47:48,298 - new_apply_order.py[line:352]: 视频认证通过！
INFO - 2021-11-25 09:47:48,641 - new_apply_order.py[line:577]: 绑卡成功！
INFO - 2021-11-25 09:47:49,171 - new_apply_order.py[line:612]: 进件成功！执行sql将订单改为风控中……
INFO - 2021-11-25 09:47:50,216 - new_apply_order.py[line:618]: 订单表更新1条，信审更新1条
INFO - 2021-11-25 09:47:50,582 - new_apply_order.py[line:632]: 查询loan_order_id成功！
INFO - 2021-11-25 09:47:50,653 - new_apply_order.py[line:647]: 订单回调复审通过成功！
INFO - 2021-11-25 09:47:51,464 - new_apply_order.py[line:669]: 获取token成功！token=bearer d10bb812-7d51-4812-a015-f12873ef0279！
INFO - 2021-11-25 09:47:51,836 - new_apply_order.py[line:632]: 查询loan_order_id成功！
INFO - 2021-11-25 09:47:52,216 - new_apply_order.py[line:687]: 后台已触发放款成功！
INFO - 2021-11-25 09:47:52,230 - new_apply_order.py[line:701]: xxl_job web 登录成功！
INFO - 2021-11-25 09:47:52,240 - new_apply_order.py[line:717]: xxl_job 放款准备作业执行成功！
INFO - 2021-11-25 09:47:53,601 - new_apply_order.py[line:632]: 查询loan_order_id成功！
INFO - 2021-11-25 09:47:53,631 - new_apply_order.py[line:725]: 修改放款准备完成时间成功！
INFO - 2021-11-25 09:47:53,635 - new_apply_order.py[line:733]: xxl_job 放款完成作业执行成功！
INFO - 2021-11-25 09:47:54,017 - new_apply_order.py[line:632]: 查询loan_order_id成功！
INFO - 2021-11-25 09:47:54,331 - new_apply_order.py[line:905]: 校验重试查询第1次
ERROR - 2021-11-25 09:47:55,345 - new_apply_order.py[line:801]: 放款完成或准备失败,目前的订单状态是35
INFO - 2021-11-25 09:47:55,345 - new_apply_order.py[line:802]: {'app': 'kencash', 'loan_order_id': '1463685817137631232', 'mobile': '737804866', 'order_status': 35}
INFO - 2021-11-25 09:47:56,216 - new_apply_order.py[line:632]: 查询loan_order_id成功！
INFO - 2021-11-25 09:47:56,470 - new_apply_order.py[line:770]: 放款回调成功！
INFO - 2021-11-25 09:47:56,471 - new_apply_order.py[line:905]: 校验重试查询第2次
INFO - 2021-11-25 09:47:57,487 - new_apply_order.py[line:799]: 放款完成或准备成功,目前的订单状态是40
INFO - 2021-11-25 09:47:57,487 - new_apply_order.py[line:802]: {'app': 'kencash', 'loan_order_id': '1463685817137631232', 'mobile': '737804866', 'order_status': 40}
INFO - 2021-11-25 09:47:57,487 - new_apply_order.py[line:922]: ===========完成第【16】次进件===========
INFO - 2021-11-25 09:47:57,488 - new_apply_order.py[line:882]: 开始第 kencash【17】次进件……
INFO - 2021-11-25 09:47:57,488 - new_apply_order.py[line:84]: ======【ke测试环境】生成手机号：737804877 ======
INFO - 2021-11-25 09:47:57,841 - new_apply_order.py[line:97]: 737804877 检测用户存在成功！
INFO - 2021-11-25 09:47:57,907 - new_apply_order.py[line:106]: 737804877 短信发送成功！
INFO - 2021-11-25 09:47:57,963 - new_apply_order.py[line:119]: 737804877 注册成功！
INFO - 2021-11-25 09:47:58,024 - new_apply_order.py[line:135]: 737804877 登录短信发送成功！
INFO - 2021-11-25 09:47:58,079 - new_apply_order.py[line:145]: userId=6235075304995430400,mobile=737804877,token=b330caddc3eeae7a5d766177cbf96f64 登录成功
INFO - 2021-11-25 09:47:58,253 - new_apply_order.py[line:212]: 个人信息提交成功！
INFO - 2021-11-25 09:47:58,318 - new_apply_order.py[line:232]: 联系人信息提交成功！
INFO - 2021-11-25 09:47:58,595 - new_apply_order.py[line:255]: 创建预审订单成功！
INFO - 2021-11-25 09:47:58,616 - new_apply_order.py[line:263]: 预审状态修改为通过,更新条数 1
INFO - 2021-11-25 09:47:58,631 - new_apply_order.py[line:266]: 更新初始额度！更新条数 1
INFO - 2021-11-25 09:47:58,903 - new_apply_order.py[line:342]: 活体图片上传成功！回写配置文件global_param.mp4_url
INFO - 2021-11-25 09:47:58,948 - new_apply_order.py[line:352]: 视频认证通过！
INFO - 2021-11-25 09:47:59,267 - new_apply_order.py[line:577]: 绑卡成功！
INFO - 2021-11-25 09:47:59,536 - new_apply_order.py[line:612]: 进件成功！执行sql将订单改为风控中……
INFO - 2021-11-25 09:48:00,561 - new_apply_order.py[line:618]: 订单表更新1条，信审更新1条
INFO - 2021-11-25 09:48:00,934 - new_apply_order.py[line:632]: 查询loan_order_id成功！
INFO - 2021-11-25 09:48:00,985 - new_apply_order.py[line:647]: 订单回调复审通过成功！
INFO - 2021-11-25 09:48:01,831 - new_apply_order.py[line:669]: 获取token成功！token=bearer d10bb812-7d51-4812-a015-f12873ef0279！
INFO - 2021-11-25 09:48:02,187 - new_apply_order.py[line:632]: 查询loan_order_id成功！
INFO - 2021-11-25 09:48:02,525 - new_apply_order.py[line:687]: 后台已触发放款成功！
INFO - 2021-11-25 09:48:02,535 - new_apply_order.py[line:701]: xxl_job web 登录成功！
INFO - 2021-11-25 09:48:02,543 - new_apply_order.py[line:717]: xxl_job 放款准备作业执行成功！
INFO - 2021-11-25 09:48:03,901 - new_apply_order.py[line:632]: 查询loan_order_id成功！
INFO - 2021-11-25 09:48:03,919 - new_apply_order.py[line:725]: 修改放款准备完成时间成功！
INFO - 2021-11-25 09:48:03,926 - new_apply_order.py[line:733]: xxl_job 放款完成作业执行成功！
INFO - 2021-11-25 09:48:04,297 - new_apply_order.py[line:632]: 查询loan_order_id成功！
INFO - 2021-11-25 09:48:04,609 - new_apply_order.py[line:905]: 校验重试查询第1次
ERROR - 2021-11-25 09:48:05,620 - new_apply_order.py[line:801]: 放款完成或准备失败,目前的订单状态是35
INFO - 2021-11-25 09:48:05,620 - new_apply_order.py[line:802]: {'app': 'kencash', 'loan_order_id': '1463685863153340416', 'mobile': '737804877', 'order_status': 35}
INFO - 2021-11-25 09:48:06,499 - new_apply_order.py[line:632]: 查询loan_order_id成功！
INFO - 2021-11-25 09:48:06,739 - new_apply_order.py[line:770]: 放款回调成功！
INFO - 2021-11-25 09:48:06,740 - new_apply_order.py[line:905]: 校验重试查询第2次
INFO - 2021-11-25 09:48:07,750 - new_apply_order.py[line:799]: 放款完成或准备成功,目前的订单状态是40
INFO - 2021-11-25 09:48:07,750 - new_apply_order.py[line:802]: {'app': 'kencash', 'loan_order_id': '1463685863153340416', 'mobile': '737804877', 'order_status': 40}
INFO - 2021-11-25 09:48:07,750 - new_apply_order.py[line:922]: ===========完成第【17】次进件===========
INFO - 2021-11-25 09:48:07,751 - new_apply_order.py[line:882]: 开始第 kencash【18】次进件……
INFO - 2021-11-25 09:48:07,751 - new_apply_order.py[line:84]: ======【ke测试环境】生成手机号：737804887 ======
INFO - 2021-11-25 09:48:08,109 - new_apply_order.py[line:97]: 737804887 检测用户存在成功！
INFO - 2021-11-25 09:48:08,165 - new_apply_order.py[line:106]: 737804887 短信发送成功！
INFO - 2021-11-25 09:48:08,209 - new_apply_order.py[line:119]: 737804887 注册成功！
INFO - 2021-11-25 09:48:08,281 - new_apply_order.py[line:135]: 737804887 登录短信发送成功！
INFO - 2021-11-25 09:48:08,328 - new_apply_order.py[line:145]: userId=6235075348008017920,mobile=737804887,token=152d2abf9027ae0078444caf079cefa8 登录成功
INFO - 2021-11-25 09:48:08,460 - new_apply_order.py[line:212]: 个人信息提交成功！
INFO - 2021-11-25 09:48:08,527 - new_apply_order.py[line:232]: 联系人信息提交成功！
INFO - 2021-11-25 09:48:08,805 - new_apply_order.py[line:255]: 创建预审订单成功！
INFO - 2021-11-25 09:48:08,821 - new_apply_order.py[line:263]: 预审状态修改为通过,更新条数 1
INFO - 2021-11-25 09:48:08,830 - new_apply_order.py[line:266]: 更新初始额度！更新条数 1
INFO - 2021-11-25 09:48:09,127 - new_apply_order.py[line:342]: 活体图片上传成功！回写配置文件global_param.mp4_url
INFO - 2021-11-25 09:48:09,177 - new_apply_order.py[line:352]: 视频认证通过！
INFO - 2021-11-25 09:48:09,790 - new_apply_order.py[line:577]: 绑卡成功！
INFO - 2021-11-25 09:48:10,126 - new_apply_order.py[line:612]: 进件成功！执行sql将订单改为风控中……
INFO - 2021-11-25 09:48:11,160 - new_apply_order.py[line:618]: 订单表更新1条，信审更新1条
INFO - 2021-11-25 09:48:11,553 - new_apply_order.py[line:632]: 查询loan_order_id成功！
INFO - 2021-11-25 09:48:11,604 - new_apply_order.py[line:647]: 订单回调复审通过成功！
INFO - 2021-11-25 09:48:12,488 - new_apply_order.py[line:669]: 获取token成功！token=bearer d10bb812-7d51-4812-a015-f12873ef0279！
INFO - 2021-11-25 09:48:12,874 - new_apply_order.py[line:632]: 查询loan_order_id成功！
INFO - 2021-11-25 09:48:13,422 - new_apply_order.py[line:687]: 后台已触发放款成功！
INFO - 2021-11-25 09:48:13,434 - new_apply_order.py[line:701]: xxl_job web 登录成功！
INFO - 2021-11-25 09:48:13,444 - new_apply_order.py[line:717]: xxl_job 放款准备作业执行成功！
INFO - 2021-11-25 09:48:14,838 - new_apply_order.py[line:632]: 查询loan_order_id成功！
INFO - 2021-11-25 09:48:14,856 - new_apply_order.py[line:725]: 修改放款准备完成时间成功！
INFO - 2021-11-25 09:48:14,864 - new_apply_order.py[line:733]: xxl_job 放款完成作业执行成功！
INFO - 2021-11-25 09:48:15,235 - new_apply_order.py[line:632]: 查询loan_order_id成功！
INFO - 2021-11-25 09:48:15,550 - new_apply_order.py[line:905]: 校验重试查询第1次
ERROR - 2021-11-25 09:48:16,568 - new_apply_order.py[line:801]: 放款完成或准备失败,目前的订单状态是35
INFO - 2021-11-25 09:48:16,569 - new_apply_order.py[line:802]: {'app': 'kencash', 'loan_order_id': '1463685905985572864', 'mobile': '737804887', 'order_status': 35}
INFO - 2021-11-25 09:48:17,454 - new_apply_order.py[line:632]: 查询loan_order_id成功！
INFO - 2021-11-25 09:48:17,673 - new_apply_order.py[line:770]: 放款回调成功！
INFO - 2021-11-25 09:48:17,674 - new_apply_order.py[line:905]: 校验重试查询第2次
INFO - 2021-11-25 09:48:18,690 - new_apply_order.py[line:799]: 放款完成或准备成功,目前的订单状态是40
INFO - 2021-11-25 09:48:18,691 - new_apply_order.py[line:802]: {'app': 'kencash', 'loan_order_id': '1463685905985572864', 'mobile': '737804887', 'order_status': 40}
INFO - 2021-11-25 09:48:18,691 - new_apply_order.py[line:922]: ===========完成第【18】次进件===========
INFO - 2021-11-25 09:48:18,692 - new_apply_order.py[line:882]: 开始第 kencash【19】次进件……
INFO - 2021-11-25 09:48:18,692 - new_apply_order.py[line:84]: ======【ke测试环境】生成手机号：737804898 ======
INFO - 2021-11-25 09:48:19,052 - new_apply_order.py[line:97]: 737804898 检测用户存在成功！
INFO - 2021-11-25 09:48:19,112 - new_apply_order.py[line:106]: 737804898 短信发送成功！
INFO - 2021-11-25 09:48:19,175 - new_apply_order.py[line:119]: 737804898 注册成功！
INFO - 2021-11-25 09:48:19,268 - new_apply_order.py[line:135]: 737804898 登录短信发送成功！
INFO - 2021-11-25 09:48:19,359 - new_apply_order.py[line:145]: userId=6235075393935646720,mobile=737804898,token=4f17e1d73bdd41c829d037027f9c1a9b 登录成功
INFO - 2021-11-25 09:48:19,502 - new_apply_order.py[line:212]: 个人信息提交成功！
INFO - 2021-11-25 09:48:19,561 - new_apply_order.py[line:232]: 联系人信息提交成功！
INFO - 2021-11-25 09:48:20,045 - new_apply_order.py[line:255]: 创建预审订单成功！
INFO - 2021-11-25 09:48:20,061 - new_apply_order.py[line:263]: 预审状态修改为通过,更新条数 1
INFO - 2021-11-25 09:48:20,074 - new_apply_order.py[line:266]: 更新初始额度！更新条数 1
INFO - 2021-11-25 09:48:20,276 - new_apply_order.py[line:342]: 活体图片上传成功！回写配置文件global_param.mp4_url
INFO - 2021-11-25 09:48:20,385 - new_apply_order.py[line:352]: 视频认证通过！
INFO - 2021-11-25 09:48:20,726 - new_apply_order.py[line:577]: 绑卡成功！
INFO - 2021-11-25 09:48:20,980 - new_apply_order.py[line:612]: 进件成功！执行sql将订单改为风控中……
INFO - 2021-11-25 09:48:22,019 - new_apply_order.py[line:618]: 订单表更新1条，信审更新1条
INFO - 2021-11-25 09:48:22,391 - new_apply_order.py[line:632]: 查询loan_order_id成功！
INFO - 2021-11-25 09:48:22,484 - new_apply_order.py[line:647]: 订单回调复审通过成功！
INFO - 2021-11-25 09:48:23,313 - new_apply_order.py[line:669]: 获取token成功！token=bearer d10bb812-7d51-4812-a015-f12873ef0279！
INFO - 2021-11-25 09:48:23,689 - new_apply_order.py[line:632]: 查询loan_order_id成功！
INFO - 2021-11-25 09:48:24,232 - new_apply_order.py[line:687]: 后台已触发放款成功！
INFO - 2021-11-25 09:48:24,244 - new_apply_order.py[line:701]: xxl_job web 登录成功！
INFO - 2021-11-25 09:48:24,254 - new_apply_order.py[line:717]: xxl_job 放款准备作业执行成功！
INFO - 2021-11-25 09:48:25,628 - new_apply_order.py[line:632]: 查询loan_order_id成功！
INFO - 2021-11-25 09:48:25,640 - new_apply_order.py[line:725]: 修改放款准备完成时间成功！
INFO - 2021-11-25 09:48:25,646 - new_apply_order.py[line:733]: xxl_job 放款完成作业执行成功！
INFO - 2021-11-25 09:48:26,014 - new_apply_order.py[line:632]: 查询loan_order_id成功！
INFO - 2021-11-25 09:48:26,327 - new_apply_order.py[line:905]: 校验重试查询第1次
ERROR - 2021-11-25 09:48:27,344 - new_apply_order.py[line:801]: 放款完成或准备失败,目前的订单状态是35
INFO - 2021-11-25 09:48:27,345 - new_apply_order.py[line:802]: {'app': 'kencash', 'loan_order_id': '1463685952227774464', 'mobile': '737804898', 'order_status': 35}
INFO - 2021-11-25 09:48:28,223 - new_apply_order.py[line:632]: 查询loan_order_id成功！
INFO - 2021-11-25 09:48:28,464 - new_apply_order.py[line:770]: 放款回调成功！
INFO - 2021-11-25 09:48:28,465 - new_apply_order.py[line:905]: 校验重试查询第2次
INFO - 2021-11-25 09:48:29,477 - new_apply_order.py[line:799]: 放款完成或准备成功,目前的订单状态是40
INFO - 2021-11-25 09:48:29,478 - new_apply_order.py[line:802]: {'app': 'kencash', 'loan_order_id': '1463685952227774464', 'mobile': '737804898', 'order_status': 40}
INFO - 2021-11-25 09:48:29,479 - new_apply_order.py[line:922]: ===========完成第【19】次进件===========
INFO - 2021-11-25 09:48:29,479 - new_apply_order.py[line:882]: 开始第 kencash【20】次进件……
INFO - 2021-11-25 09:48:29,480 - new_apply_order.py[line:84]: ======【ke测试环境】生成手机号：737804909 ======
INFO - 2021-11-25 09:48:29,830 - new_apply_order.py[line:97]: 737804909 检测用户存在成功！
INFO - 2021-11-25 09:48:29,894 - new_apply_order.py[line:106]: 737804909 短信发送成功！
INFO - 2021-11-25 09:48:29,951 - new_apply_order.py[line:119]: 737804909 注册成功！
INFO - 2021-11-25 09:48:30,043 - new_apply_order.py[line:135]: 737804909 登录短信发送成功！
INFO - 2021-11-25 09:48:30,125 - new_apply_order.py[line:145]: userId=6235075439200575488,mobile=737804909,token=ce4fa2b9a972ef68b62d6d7ec259d600 登录成功
INFO - 2021-11-25 09:48:30,578 - new_apply_order.py[line:212]: 个人信息提交成功！
INFO - 2021-11-25 09:48:30,633 - new_apply_order.py[line:232]: 联系人信息提交成功！
INFO - 2021-11-25 09:48:30,906 - new_apply_order.py[line:255]: 创建预审订单成功！
INFO - 2021-11-25 09:48:30,921 - new_apply_order.py[line:263]: 预审状态修改为通过,更新条数 1
INFO - 2021-11-25 09:48:30,935 - new_apply_order.py[line:266]: 更新初始额度！更新条数 1
INFO - 2021-11-25 09:48:31,187 - new_apply_order.py[line:342]: 活体图片上传成功！回写配置文件global_param.mp4_url
INFO - 2021-11-25 09:48:31,228 - new_apply_order.py[line:352]: 视频认证通过！
INFO - 2021-11-25 09:48:31,562 - new_apply_order.py[line:577]: 绑卡成功！
INFO - 2021-11-25 09:48:31,830 - new_apply_order.py[line:612]: 进件成功！执行sql将订单改为风控中……
INFO - 2021-11-25 09:48:32,872 - new_apply_order.py[line:618]: 订单表更新1条，信审更新1条
INFO - 2021-11-25 09:48:33,255 - new_apply_order.py[line:632]: 查询loan_order_id成功！
INFO - 2021-11-25 09:48:33,293 - new_apply_order.py[line:647]: 订单回调复审通过成功！
INFO - 2021-11-25 09:48:34,096 - new_apply_order.py[line:669]: 获取token成功！token=bearer d10bb812-7d51-4812-a015-f12873ef0279！
INFO - 2021-11-25 09:48:34,471 - new_apply_order.py[line:632]: 查询loan_order_id成功！
INFO - 2021-11-25 09:48:35,139 - new_apply_order.py[line:687]: 后台已触发放款成功！
INFO - 2021-11-25 09:48:35,152 - new_apply_order.py[line:701]: xxl_job web 登录成功！
INFO - 2021-11-25 09:48:35,164 - new_apply_order.py[line:717]: xxl_job 放款准备作业执行成功！
INFO - 2021-11-25 09:48:36,557 - new_apply_order.py[line:632]: 查询loan_order_id成功！
INFO - 2021-11-25 09:48:36,580 - new_apply_order.py[line:725]: 修改放款准备完成时间成功！
INFO - 2021-11-25 09:48:36,587 - new_apply_order.py[line:733]: xxl_job 放款完成作业执行成功！
INFO - 2021-11-25 09:48:37,006 - new_apply_order.py[line:632]: 查询loan_order_id成功！
INFO - 2021-11-25 09:48:37,316 - new_apply_order.py[line:905]: 校验重试查询第1次
ERROR - 2021-11-25 09:48:38,330 - new_apply_order.py[line:801]: 放款完成或准备失败,目前的订单状态是35
INFO - 2021-11-25 09:48:38,331 - new_apply_order.py[line:802]: {'app': 'kencash', 'loan_order_id': '1463685998717440000', 'mobile': '737804909', 'order_status': 35}
INFO - 2021-11-25 09:48:39,190 - new_apply_order.py[line:632]: 查询loan_order_id成功！
INFO - 2021-11-25 09:48:39,503 - new_apply_order.py[line:770]: 放款回调成功！
INFO - 2021-11-25 09:48:39,504 - new_apply_order.py[line:905]: 校验重试查询第2次
INFO - 2021-11-25 09:48:40,519 - new_apply_order.py[line:799]: 放款完成或准备成功,目前的订单状态是40
INFO - 2021-11-25 09:48:40,520 - new_apply_order.py[line:802]: {'app': 'kencash', 'loan_order_id': '1463685998717440000', 'mobile': '737804909', 'order_status': 40}
INFO - 2021-11-25 09:48:40,520 - new_apply_order.py[line:922]: ===========完成第【20】次进件===========
INFO - 2021-11-25 09:48:40,520 - new_apply_order.py[line:882]: 开始第 kencash【21】次进件……
INFO - 2021-11-25 09:48:40,521 - new_apply_order.py[line:84]: ======【ke测试环境】生成手机号：737804920 ======
INFO - 2021-11-25 09:48:40,903 - new_apply_order.py[line:97]: 737804920 检测用户存在成功！
INFO - 2021-11-25 09:48:40,959 - new_apply_order.py[line:106]: 737804920 短信发送成功！
INFO - 2021-11-25 09:48:41,013 - new_apply_order.py[line:119]: 737804920 注册成功！
INFO - 2021-11-25 09:48:41,080 - new_apply_order.py[line:135]: 737804920 登录短信发送成功！
INFO - 2021-11-25 09:48:41,137 - new_apply_order.py[line:145]: userId=6235075485564411904,mobile=737804920,token=f5a92747e663a15ef4fd6972136c43f1 登录成功
INFO - 2021-11-25 09:48:41,298 - new_apply_order.py[line:212]: 个人信息提交成功！
INFO - 2021-11-25 09:48:41,367 - new_apply_order.py[line:232]: 联系人信息提交成功！
INFO - 2021-11-25 09:48:41,926 - new_apply_order.py[line:255]: 创建预审订单成功！
INFO - 2021-11-25 09:48:41,947 - new_apply_order.py[line:263]: 预审状态修改为通过,更新条数 1
INFO - 2021-11-25 09:48:41,968 - new_apply_order.py[line:266]: 更新初始额度！更新条数 1
INFO - 2021-11-25 09:48:42,268 - new_apply_order.py[line:342]: 活体图片上传成功！回写配置文件global_param.mp4_url
INFO - 2021-11-25 09:48:42,606 - new_apply_order.py[line:352]: 视频认证通过！
INFO - 2021-11-25 09:48:42,927 - new_apply_order.py[line:577]: 绑卡成功！
INFO - 2021-11-25 09:48:43,199 - new_apply_order.py[line:612]: 进件成功！执行sql将订单改为风控中……
INFO - 2021-11-25 09:48:44,238 - new_apply_order.py[line:618]: 订单表更新1条，信审更新1条
INFO - 2021-11-25 09:48:44,667 - new_apply_order.py[line:632]: 查询loan_order_id成功！
INFO - 2021-11-25 09:48:44,756 - new_apply_order.py[line:647]: 订单回调复审通过成功！
INFO - 2021-11-25 09:48:45,586 - new_apply_order.py[line:669]: 获取token成功！token=bearer d10bb812-7d51-4812-a015-f12873ef0279！
INFO - 2021-11-25 09:48:45,951 - new_apply_order.py[line:632]: 查询loan_order_id成功！
INFO - 2021-11-25 09:48:46,317 - new_apply_order.py[line:687]: 后台已触发放款成功！
INFO - 2021-11-25 09:48:46,330 - new_apply_order.py[line:701]: xxl_job web 登录成功！
INFO - 2021-11-25 09:48:46,342 - new_apply_order.py[line:717]: xxl_job 放款准备作业执行成功！
INFO - 2021-11-25 09:48:47,707 - new_apply_order.py[line:632]: 查询loan_order_id成功！
INFO - 2021-11-25 09:48:47,724 - new_apply_order.py[line:725]: 修改放款准备完成时间成功！
INFO - 2021-11-25 09:48:47,732 - new_apply_order.py[line:733]: xxl_job 放款完成作业执行成功！
INFO - 2021-11-25 09:48:48,107 - new_apply_order.py[line:632]: 查询loan_order_id成功！
INFO - 2021-11-25 09:48:48,420 - new_apply_order.py[line:905]: 校验重试查询第1次
ERROR - 2021-11-25 09:48:49,437 - new_apply_order.py[line:801]: 放款完成或准备失败,目前的订单状态是35
INFO - 2021-11-25 09:48:49,437 - new_apply_order.py[line:802]: {'app': 'kencash', 'loan_order_id': '1463686043760070656', 'mobile': '737804920', 'order_status': 35}
INFO - 2021-11-25 09:48:50,303 - new_apply_order.py[line:632]: 查询loan_order_id成功！
INFO - 2021-11-25 09:48:50,558 - new_apply_order.py[line:770]: 放款回调成功！
INFO - 2021-11-25 09:48:50,558 - new_apply_order.py[line:905]: 校验重试查询第2次
INFO - 2021-11-25 09:48:51,573 - new_apply_order.py[line:799]: 放款完成或准备成功,目前的订单状态是40
INFO - 2021-11-25 09:48:51,574 - new_apply_order.py[line:802]: {'app': 'kencash', 'loan_order_id': '1463686043760070656', 'mobile': '737804920', 'order_status': 40}
INFO - 2021-11-25 09:48:51,574 - new_apply_order.py[line:922]: ===========完成第【21】次进件===========
INFO - 2021-11-25 09:48:51,575 - new_apply_order.py[line:882]: 开始第 kencash【22】次进件……
INFO - 2021-11-25 09:48:51,576 - new_apply_order.py[line:84]: ======【ke测试环境】生成手机号：737804931 ======
INFO - 2021-11-25 09:48:51,925 - new_apply_order.py[line:97]: 737804931 检测用户存在成功！
INFO - 2021-11-25 09:48:52,005 - new_apply_order.py[line:106]: 737804931 短信发送成功！
INFO - 2021-11-25 09:48:52,066 - new_apply_order.py[line:119]: 737804931 注册成功！
INFO - 2021-11-25 09:48:52,126 - new_apply_order.py[line:135]: 737804931 登录短信发送成功！
INFO - 2021-11-25 09:48:52,485 - new_apply_order.py[line:145]: userId=6235075531924054016,mobile=737804931,token=0a4d9e36d69ed67923f0fad19891b2cd 登录成功
INFO - 2021-11-25 09:48:52,695 - new_apply_order.py[line:212]: 个人信息提交成功！
INFO - 2021-11-25 09:48:52,757 - new_apply_order.py[line:232]: 联系人信息提交成功！
INFO - 2021-11-25 09:48:53,067 - new_apply_order.py[line:255]: 创建预审订单成功！
INFO - 2021-11-25 09:48:53,099 - new_apply_order.py[line:263]: 预审状态修改为通过,更新条数 1
INFO - 2021-11-25 09:48:53,184 - new_apply_order.py[line:266]: 更新初始额度！更新条数 1
INFO - 2021-11-25 09:48:53,465 - new_apply_order.py[line:342]: 活体图片上传成功！回写配置文件global_param.mp4_url
INFO - 2021-11-25 09:48:53,544 - new_apply_order.py[line:352]: 视频认证通过！
INFO - 2021-11-25 09:48:53,945 - new_apply_order.py[line:577]: 绑卡成功！
INFO - 2021-11-25 09:48:54,272 - new_apply_order.py[line:612]: 进件成功！执行sql将订单改为风控中……
INFO - 2021-11-25 09:48:55,319 - new_apply_order.py[line:618]: 订单表更新1条，信审更新1条
INFO - 2021-11-25 09:48:55,692 - new_apply_order.py[line:632]: 查询loan_order_id成功！
INFO - 2021-11-25 09:48:55,758 - new_apply_order.py[line:647]: 订单回调复审通过成功！
INFO - 2021-11-25 09:48:56,590 - new_apply_order.py[line:669]: 获取token成功！token=bearer d10bb812-7d51-4812-a015-f12873ef0279！
INFO - 2021-11-25 09:48:56,971 - new_apply_order.py[line:632]: 查询loan_order_id成功！
INFO - 2021-11-25 09:48:57,327 - new_apply_order.py[line:687]: 后台已触发放款成功！
INFO - 2021-11-25 09:48:57,338 - new_apply_order.py[line:701]: xxl_job web 登录成功！
INFO - 2021-11-25 09:48:57,348 - new_apply_order.py[line:717]: xxl_job 放款准备作业执行成功！
INFO - 2021-11-25 09:48:58,730 - new_apply_order.py[line:632]: 查询loan_order_id成功！
INFO - 2021-11-25 09:48:58,744 - new_apply_order.py[line:725]: 修改放款准备完成时间成功！
INFO - 2021-11-25 09:48:58,749 - new_apply_order.py[line:733]: xxl_job 放款完成作业执行成功！
INFO - 2021-11-25 09:48:59,173 - new_apply_order.py[line:632]: 查询loan_order_id成功！
INFO - 2021-11-25 09:48:59,489 - new_apply_order.py[line:905]: 校验重试查询第1次
ERROR - 2021-11-25 09:49:00,501 - new_apply_order.py[line:801]: 放款完成或准备失败,目前的订单状态是35
INFO - 2021-11-25 09:49:00,502 - new_apply_order.py[line:802]: {'app': 'kencash', 'loan_order_id': '1463686091528998912', 'mobile': '737804931', 'order_status': 35}
INFO - 2021-11-25 09:49:01,376 - new_apply_order.py[line:632]: 查询loan_order_id成功！
INFO - 2021-11-25 09:49:01,586 - new_apply_order.py[line:770]: 放款回调成功！
INFO - 2021-11-25 09:49:01,586 - new_apply_order.py[line:905]: 校验重试查询第2次
INFO - 2021-11-25 09:49:02,597 - new_apply_order.py[line:799]: 放款完成或准备成功,目前的订单状态是40
INFO - 2021-11-25 09:49:02,598 - new_apply_order.py[line:802]: {'app': 'kencash', 'loan_order_id': '1463686091528998912', 'mobile': '737804931', 'order_status': 40}
INFO - 2021-11-25 09:49:02,598 - new_apply_order.py[line:922]: ===========完成第【22】次进件===========
INFO - 2021-11-25 09:49:02,598 - new_apply_order.py[line:882]: 开始第 kencash【23】次进件……
INFO - 2021-11-25 09:49:02,599 - new_apply_order.py[line:84]: ======【ke测试环境】生成手机号：737804942 ======
INFO - 2021-11-25 09:49:02,949 - new_apply_order.py[line:97]: 737804942 检测用户存在成功！
INFO - 2021-11-25 09:49:03,001 - new_apply_order.py[line:106]: 737804942 短信发送成功！
INFO - 2021-11-25 09:49:03,045 - new_apply_order.py[line:119]: 737804942 注册成功！
INFO - 2021-11-25 09:49:03,098 - new_apply_order.py[line:135]: 737804942 登录短信发送成功！
INFO - 2021-11-25 09:49:03,161 - new_apply_order.py[line:145]: userId=6235075578006872064,mobile=737804942,token=b620f51d8cbee7c659545e4187495fc3 登录成功
INFO - 2021-11-25 09:49:03,309 - new_apply_order.py[line:212]: 个人信息提交成功！
INFO - 2021-11-25 09:49:03,632 - new_apply_order.py[line:232]: 联系人信息提交成功！
INFO - 2021-11-25 09:49:03,891 - new_apply_order.py[line:255]: 创建预审订单成功！
INFO - 2021-11-25 09:49:03,909 - new_apply_order.py[line:263]: 预审状态修改为通过,更新条数 1
INFO - 2021-11-25 09:49:03,924 - new_apply_order.py[line:266]: 更新初始额度！更新条数 1
INFO - 2021-11-25 09:49:04,178 - new_apply_order.py[line:342]: 活体图片上传成功！回写配置文件global_param.mp4_url
INFO - 2021-11-25 09:49:04,219 - new_apply_order.py[line:352]: 视频认证通过！
INFO - 2021-11-25 09:49:04,562 - new_apply_order.py[line:577]: 绑卡成功！
INFO - 2021-11-25 09:49:04,849 - new_apply_order.py[line:612]: 进件成功！执行sql将订单改为风控中……
INFO - 2021-11-25 09:49:05,884 - new_apply_order.py[line:618]: 订单表更新1条，信审更新1条
INFO - 2021-11-25 09:49:06,254 - new_apply_order.py[line:632]: 查询loan_order_id成功！
INFO - 2021-11-25 09:49:06,298 - new_apply_order.py[line:647]: 订单回调复审通过成功！
INFO - 2021-11-25 09:49:07,127 - new_apply_order.py[line:669]: 获取token成功！token=bearer d10bb812-7d51-4812-a015-f12873ef0279！
INFO - 2021-11-25 09:49:07,484 - new_apply_order.py[line:632]: 查询loan_order_id成功！
INFO - 2021-11-25 09:49:08,045 - new_apply_order.py[line:687]: 后台已触发放款成功！
INFO - 2021-11-25 09:49:08,057 - new_apply_order.py[line:701]: xxl_job web 登录成功！
INFO - 2021-11-25 09:49:08,069 - new_apply_order.py[line:717]: xxl_job 放款准备作业执行成功！
INFO - 2021-11-25 09:49:09,439 - new_apply_order.py[line:632]: 查询loan_order_id成功！
INFO - 2021-11-25 09:49:09,457 - new_apply_order.py[line:725]: 修改放款准备完成时间成功！
INFO - 2021-11-25 09:49:09,465 - new_apply_order.py[line:733]: xxl_job 放款完成作业执行成功！
INFO - 2021-11-25 09:49:09,836 - new_apply_order.py[line:632]: 查询loan_order_id成功！
INFO - 2021-11-25 09:49:10,147 - new_apply_order.py[line:905]: 校验重试查询第1次
ERROR - 2021-11-25 09:49:11,158 - new_apply_order.py[line:801]: 放款完成或准备失败,目前的订单状态是35
INFO - 2021-11-25 09:49:11,158 - new_apply_order.py[line:802]: {'app': 'kencash', 'loan_order_id': '1463686137133666304', 'mobile': '737804942', 'order_status': 35}
INFO - 2021-11-25 09:49:12,046 - new_apply_order.py[line:632]: 查询loan_order_id成功！
INFO - 2021-11-25 09:49:12,281 - new_apply_order.py[line:770]: 放款回调成功！
INFO - 2021-11-25 09:49:12,281 - new_apply_order.py[line:905]: 校验重试查询第2次
INFO - 2021-11-25 09:49:13,295 - new_apply_order.py[line:799]: 放款完成或准备成功,目前的订单状态是40
INFO - 2021-11-25 09:49:13,296 - new_apply_order.py[line:802]: {'app': 'kencash', 'loan_order_id': '1463686137133666304', 'mobile': '737804942', 'order_status': 40}
INFO - 2021-11-25 09:49:13,297 - new_apply_order.py[line:922]: ===========完成第【23】次进件===========
INFO - 2021-11-25 09:49:13,297 - new_apply_order.py[line:882]: 开始第 kencash【24】次进件……
INFO - 2021-11-25 09:49:13,298 - new_apply_order.py[line:84]: ======【ke测试环境】生成手机号：737804953 ======
INFO - 2021-11-25 09:49:13,648 - new_apply_order.py[line:97]: 737804953 检测用户存在成功！
INFO - 2021-11-25 09:49:13,703 - new_apply_order.py[line:106]: 737804953 短信发送成功！
INFO - 2021-11-25 09:49:13,756 - new_apply_order.py[line:119]: 737804953 注册成功！
INFO - 2021-11-25 09:49:13,826 - new_apply_order.py[line:135]: 737804953 登录短信发送成功！
INFO - 2021-11-25 09:49:13,887 - new_apply_order.py[line:145]: userId=6235075622906896384,mobile=737804953,token=310d8cb3d639288e2dc79c2d23929e41 登录成功
INFO - 2021-11-25 09:49:14,040 - new_apply_order.py[line:212]: 个人信息提交成功！
INFO - 2021-11-25 09:49:14,124 - new_apply_order.py[line:232]: 联系人信息提交成功！
INFO - 2021-11-25 09:49:14,593 - new_apply_order.py[line:255]: 创建预审订单成功！
INFO - 2021-11-25 09:49:14,612 - new_apply_order.py[line:263]: 预审状态修改为通过,更新条数 1
INFO - 2021-11-25 09:49:14,624 - new_apply_order.py[line:266]: 更新初始额度！更新条数 1
INFO - 2021-11-25 09:49:14,897 - new_apply_order.py[line:342]: 活体图片上传成功！回写配置文件global_param.mp4_url
INFO - 2021-11-25 09:49:14,938 - new_apply_order.py[line:352]: 视频认证通过！
INFO - 2021-11-25 09:49:15,264 - new_apply_order.py[line:577]: 绑卡成功！
INFO - 2021-11-25 09:49:15,500 - new_apply_order.py[line:612]: 进件成功！执行sql将订单改为风控中……
INFO - 2021-11-25 09:49:16,530 - new_apply_order.py[line:618]: 订单表更新1条，信审更新1条
INFO - 2021-11-25 09:49:16,887 - new_apply_order.py[line:632]: 查询loan_order_id成功！
INFO - 2021-11-25 09:49:16,932 - new_apply_order.py[line:647]: 订单回调复审通过成功！
INFO - 2021-11-25 09:49:17,723 - new_apply_order.py[line:669]: 获取token成功！token=bearer d10bb812-7d51-4812-a015-f12873ef0279！
INFO - 2021-11-25 09:49:18,082 - new_apply_order.py[line:632]: 查询loan_order_id成功！
INFO - 2021-11-25 09:49:18,397 - new_apply_order.py[line:687]: 后台已触发放款成功！
INFO - 2021-11-25 09:49:18,406 - new_apply_order.py[line:701]: xxl_job web 登录成功！
INFO - 2021-11-25 09:49:18,414 - new_apply_order.py[line:717]: xxl_job 放款准备作业执行成功！
INFO - 2021-11-25 09:49:19,772 - new_apply_order.py[line:632]: 查询loan_order_id成功！
INFO - 2021-11-25 09:49:19,783 - new_apply_order.py[line:725]: 修改放款准备完成时间成功！
INFO - 2021-11-25 09:49:19,790 - new_apply_order.py[line:733]: xxl_job 放款完成作业执行成功！
INFO - 2021-11-25 09:49:20,159 - new_apply_order.py[line:632]: 查询loan_order_id成功！
INFO - 2021-11-25 09:49:20,473 - new_apply_order.py[line:905]: 校验重试查询第1次
ERROR - 2021-11-25 09:49:21,484 - new_apply_order.py[line:801]: 放款完成或准备失败,目前的订单状态是35
INFO - 2021-11-25 09:49:21,485 - new_apply_order.py[line:802]: {'app': 'kencash', 'loan_order_id': '1463686181089972224', 'mobile': '737804953', 'order_status': 35}
INFO - 2021-11-25 09:49:22,348 - new_apply_order.py[line:632]: 查询loan_order_id成功！
INFO - 2021-11-25 09:49:22,536 - new_apply_order.py[line:770]: 放款回调成功！
INFO - 2021-11-25 09:49:22,536 - new_apply_order.py[line:905]: 校验重试查询第2次
INFO - 2021-11-25 09:49:23,551 - new_apply_order.py[line:799]: 放款完成或准备成功,目前的订单状态是40
INFO - 2021-11-25 09:49:23,551 - new_apply_order.py[line:802]: {'app': 'kencash', 'loan_order_id': '1463686181089972224', 'mobile': '737804953', 'order_status': 40}
INFO - 2021-11-25 09:49:23,552 - new_apply_order.py[line:922]: ===========完成第【24】次进件===========
INFO - 2021-11-25 09:49:23,552 - new_apply_order.py[line:882]: 开始第 kencash【25】次进件……
INFO - 2021-11-25 09:49:23,554 - new_apply_order.py[line:84]: ======【ke测试环境】生成手机号：737804963 ======
INFO - 2021-11-25 09:49:23,911 - new_apply_order.py[line:97]: 737804963 检测用户存在成功！
INFO - 2021-11-25 09:49:23,984 - new_apply_order.py[line:106]: 737804963 短信发送成功！
INFO - 2021-11-25 09:49:24,038 - new_apply_order.py[line:119]: 737804963 注册成功！
INFO - 2021-11-25 09:49:24,103 - new_apply_order.py[line:135]: 737804963 登录短信发送成功！
INFO - 2021-11-25 09:49:24,156 - new_apply_order.py[line:145]: userId=6235075666020147200,mobile=737804963,token=cb85613f71df0715752763a4f300aac7 登录成功
INFO - 2021-11-25 09:49:24,314 - new_apply_order.py[line:212]: 个人信息提交成功！
INFO - 2021-11-25 09:49:24,382 - new_apply_order.py[line:232]: 联系人信息提交成功！
INFO - 2021-11-25 09:49:24,635 - new_apply_order.py[line:255]: 创建预审订单成功！
INFO - 2021-11-25 09:49:24,656 - new_apply_order.py[line:263]: 预审状态修改为通过,更新条数 1
INFO - 2021-11-25 09:49:24,716 - new_apply_order.py[line:266]: 更新初始额度！更新条数 1
INFO - 2021-11-25 09:49:25,009 - new_apply_order.py[line:342]: 活体图片上传成功！回写配置文件global_param.mp4_url
INFO - 2021-11-25 09:49:25,052 - new_apply_order.py[line:352]: 视频认证通过！
INFO - 2021-11-25 09:49:25,376 - new_apply_order.py[line:577]: 绑卡成功！
INFO - 2021-11-25 09:49:25,666 - new_apply_order.py[line:612]: 进件成功！执行sql将订单改为风控中……
INFO - 2021-11-25 09:49:26,718 - new_apply_order.py[line:618]: 订单表更新1条，信审更新1条
INFO - 2021-11-25 09:49:27,078 - new_apply_order.py[line:632]: 查询loan_order_id成功！
INFO - 2021-11-25 09:49:27,124 - new_apply_order.py[line:647]: 订单回调复审通过成功！
INFO - 2021-11-25 09:49:27,877 - new_apply_order.py[line:669]: 获取token成功！token=bearer d10bb812-7d51-4812-a015-f12873ef0279！
INFO - 2021-11-25 09:49:28,262 - new_apply_order.py[line:632]: 查询loan_order_id成功！
INFO - 2021-11-25 09:49:28,628 - new_apply_order.py[line:687]: 后台已触发放款成功！
INFO - 2021-11-25 09:49:28,640 - new_apply_order.py[line:701]: xxl_job web 登录成功！
INFO - 2021-11-25 09:49:28,650 - new_apply_order.py[line:717]: xxl_job 放款准备作业执行成功！
INFO - 2021-11-25 09:49:30,014 - new_apply_order.py[line:632]: 查询loan_order_id成功！
INFO - 2021-11-25 09:49:30,029 - new_apply_order.py[line:725]: 修改放款准备完成时间成功！
INFO - 2021-11-25 09:49:30,034 - new_apply_order.py[line:733]: xxl_job 放款完成作业执行成功！
INFO - 2021-11-25 09:49:30,414 - new_apply_order.py[line:632]: 查询loan_order_id成功！
INFO - 2021-11-25 09:49:30,726 - new_apply_order.py[line:905]: 校验重试查询第1次
ERROR - 2021-11-25 09:49:31,737 - new_apply_order.py[line:801]: 放款完成或准备失败,目前的订单状态是35
INFO - 2021-11-25 09:49:31,737 - new_apply_order.py[line:802]: {'app': 'kencash', 'loan_order_id': '1463686224127725568', 'mobile': '737804963', 'order_status': 35}
INFO - 2021-11-25 09:49:32,603 - new_apply_order.py[line:632]: 查询loan_order_id成功！
INFO - 2021-11-25 09:49:32,834 - new_apply_order.py[line:770]: 放款回调成功！
INFO - 2021-11-25 09:49:32,834 - new_apply_order.py[line:905]: 校验重试查询第2次
INFO - 2021-11-25 09:49:33,851 - new_apply_order.py[line:799]: 放款完成或准备成功,目前的订单状态是40
INFO - 2021-11-25 09:49:33,851 - new_apply_order.py[line:802]: {'app': 'kencash', 'loan_order_id': '1463686224127725568', 'mobile': '737804963', 'order_status': 40}
INFO - 2021-11-25 09:49:33,851 - new_apply_order.py[line:922]: ===========完成第【25】次进件===========
INFO - 2021-11-25 09:49:33,851 - new_apply_order.py[line:882]: 开始第 kencash【26】次进件……
INFO - 2021-11-25 09:49:33,852 - new_apply_order.py[line:84]: ======【ke测试环境】生成手机号：737804973 ======
INFO - 2021-11-25 09:49:34,193 - new_apply_order.py[line:97]: 737804973 检测用户存在成功！
INFO - 2021-11-25 09:49:34,234 - new_apply_order.py[line:106]: 737804973 短信发送成功！
INFO - 2021-11-25 09:49:34,275 - new_apply_order.py[line:119]: 737804973 注册成功！
INFO - 2021-11-25 09:49:34,326 - new_apply_order.py[line:135]: 737804973 登录短信发送成功！
INFO - 2021-11-25 09:49:34,383 - new_apply_order.py[line:145]: userId=6235075708994985984,mobile=737804973,token=433d49ff600cfcca87b4a08080776886 登录成功
INFO - 2021-11-25 09:49:34,510 - new_apply_order.py[line:212]: 个人信息提交成功！
INFO - 2021-11-25 09:49:34,569 - new_apply_order.py[line:232]: 联系人信息提交成功！
INFO - 2021-11-25 09:49:34,799 - new_apply_order.py[line:255]: 创建预审订单成功！
INFO - 2021-11-25 09:49:34,816 - new_apply_order.py[line:263]: 预审状态修改为通过,更新条数 1
INFO - 2021-11-25 09:49:34,826 - new_apply_order.py[line:266]: 更新初始额度！更新条数 1
INFO - 2021-11-25 09:49:35,107 - new_apply_order.py[line:342]: 活体图片上传成功！回写配置文件global_param.mp4_url
INFO - 2021-11-25 09:49:35,147 - new_apply_order.py[line:352]: 视频认证通过！
INFO - 2021-11-25 09:49:35,456 - new_apply_order.py[line:577]: 绑卡成功！
INFO - 2021-11-25 09:49:35,700 - new_apply_order.py[line:612]: 进件成功！执行sql将订单改为风控中……
INFO - 2021-11-25 09:49:36,736 - new_apply_order.py[line:618]: 订单表更新1条，信审更新1条
INFO - 2021-11-25 09:49:37,100 - new_apply_order.py[line:632]: 查询loan_order_id成功！
INFO - 2021-11-25 09:49:37,156 - new_apply_order.py[line:647]: 订单回调复审通过成功！
INFO - 2021-11-25 09:49:38,008 - new_apply_order.py[line:669]: 获取token成功！token=bearer d10bb812-7d51-4812-a015-f12873ef0279！
INFO - 2021-11-25 09:49:38,370 - new_apply_order.py[line:632]: 查询loan_order_id成功！
INFO - 2021-11-25 09:49:38,762 - new_apply_order.py[line:687]: 后台已触发放款成功！
INFO - 2021-11-25 09:49:38,773 - new_apply_order.py[line:701]: xxl_job web 登录成功！
INFO - 2021-11-25 09:49:38,792 - new_apply_order.py[line:717]: xxl_job 放款准备作业执行成功！
INFO - 2021-11-25 09:49:40,164 - new_apply_order.py[line:632]: 查询loan_order_id成功！
INFO - 2021-11-25 09:49:40,179 - new_apply_order.py[line:725]: 修改放款准备完成时间成功！
INFO - 2021-11-25 09:49:40,186 - new_apply_order.py[line:733]: xxl_job 放款完成作业执行成功！
INFO - 2021-11-25 09:49:40,613 - new_apply_order.py[line:632]: 查询loan_order_id成功！
INFO - 2021-11-25 09:49:40,926 - new_apply_order.py[line:905]: 校验重试查询第1次
ERROR - 2021-11-25 09:49:41,935 - new_apply_order.py[line:801]: 放款完成或准备失败,目前的订单状态是35
INFO - 2021-11-25 09:49:41,936 - new_apply_order.py[line:802]: {'app': 'kencash', 'loan_order_id': '1463686266859294720', 'mobile': '737804973', 'order_status': 35}
INFO - 2021-11-25 09:49:42,790 - new_apply_order.py[line:632]: 查询loan_order_id成功！
INFO - 2021-11-25 09:49:43,014 - new_apply_order.py[line:770]: 放款回调成功！
INFO - 2021-11-25 09:49:43,014 - new_apply_order.py[line:905]: 校验重试查询第2次
INFO - 2021-11-25 09:49:44,029 - new_apply_order.py[line:799]: 放款完成或准备成功,目前的订单状态是40
INFO - 2021-11-25 09:49:44,029 - new_apply_order.py[line:802]: {'app': 'kencash', 'loan_order_id': '1463686266859294720', 'mobile': '737804973', 'order_status': 40}
INFO - 2021-11-25 09:49:44,030 - new_apply_order.py[line:922]: ===========完成第【26】次进件===========
INFO - 2021-11-25 09:49:44,030 - new_apply_order.py[line:882]: 开始第 kencash【27】次进件……
INFO - 2021-11-25 09:49:44,031 - new_apply_order.py[line:84]: ======【ke测试环境】生成手机号：737804984 ======
INFO - 2021-11-25 09:49:44,382 - new_apply_order.py[line:97]: 737804984 检测用户存在成功！
INFO - 2021-11-25 09:49:44,439 - new_apply_order.py[line:106]: 737804984 短信发送成功！
INFO - 2021-11-25 09:49:44,485 - new_apply_order.py[line:119]: 737804984 注册成功！
INFO - 2021-11-25 09:49:44,545 - new_apply_order.py[line:135]: 737804984 登录短信发送成功！
INFO - 2021-11-25 09:49:44,601 - new_apply_order.py[line:145]: userId=6235075751806246912,mobile=737804984,token=87d2a5c70f39b20f79c7932510a953b8 登录成功
INFO - 2021-11-25 09:49:44,754 - new_apply_order.py[line:212]: 个人信息提交成功！
INFO - 2021-11-25 09:49:44,819 - new_apply_order.py[line:232]: 联系人信息提交成功！
INFO - 2021-11-25 09:49:45,259 - new_apply_order.py[line:255]: 创建预审订单成功！
INFO - 2021-11-25 09:49:45,278 - new_apply_order.py[line:263]: 预审状态修改为通过,更新条数 1
INFO - 2021-11-25 09:49:45,291 - new_apply_order.py[line:266]: 更新初始额度！更新条数 1
INFO - 2021-11-25 09:49:45,544 - new_apply_order.py[line:342]: 活体图片上传成功！回写配置文件global_param.mp4_url
INFO - 2021-11-25 09:49:45,582 - new_apply_order.py[line:352]: 视频认证通过！
INFO - 2021-11-25 09:49:45,891 - new_apply_order.py[line:577]: 绑卡成功！
INFO - 2021-11-25 09:49:46,368 - new_apply_order.py[line:612]: 进件成功！执行sql将订单改为风控中……
INFO - 2021-11-25 09:49:47,407 - new_apply_order.py[line:618]: 订单表更新1条，信审更新1条
INFO - 2021-11-25 09:49:47,760 - new_apply_order.py[line:632]: 查询loan_order_id成功！
INFO - 2021-11-25 09:49:47,803 - new_apply_order.py[line:647]: 订单回调复审通过成功！
INFO - 2021-11-25 09:49:48,589 - new_apply_order.py[line:669]: 获取token成功！token=bearer d10bb812-7d51-4812-a015-f12873ef0279！
INFO - 2021-11-25 09:49:48,944 - new_apply_order.py[line:632]: 查询loan_order_id成功！
INFO - 2021-11-25 09:49:49,321 - new_apply_order.py[line:687]: 后台已触发放款成功！
INFO - 2021-11-25 09:49:49,334 - new_apply_order.py[line:701]: xxl_job web 登录成功！
INFO - 2021-11-25 09:49:49,344 - new_apply_order.py[line:717]: xxl_job 放款准备作业执行成功！
INFO - 2021-11-25 09:49:50,704 - new_apply_order.py[line:632]: 查询loan_order_id成功！
INFO - 2021-11-25 09:49:50,719 - new_apply_order.py[line:725]: 修改放款准备完成时间成功！
INFO - 2021-11-25 09:49:50,726 - new_apply_order.py[line:733]: xxl_job 放款完成作业执行成功！
INFO - 2021-11-25 09:49:51,115 - new_apply_order.py[line:632]: 查询loan_order_id成功！
INFO - 2021-11-25 09:49:51,426 - new_apply_order.py[line:905]: 校验重试查询第1次
ERROR - 2021-11-25 09:49:52,438 - new_apply_order.py[line:801]: 放款完成或准备失败,目前的订单状态是35
INFO - 2021-11-25 09:49:52,439 - new_apply_order.py[line:802]: {'app': 'kencash', 'loan_order_id': '1463686309829939200', 'mobile': '737804984', 'order_status': 35}
INFO - 2021-11-25 09:49:53,300 - new_apply_order.py[line:632]: 查询loan_order_id成功！
INFO - 2021-11-25 09:49:53,563 - new_apply_order.py[line:770]: 放款回调成功！
INFO - 2021-11-25 09:49:53,564 - new_apply_order.py[line:905]: 校验重试查询第2次
INFO - 2021-11-25 09:49:54,572 - new_apply_order.py[line:799]: 放款完成或准备成功,目前的订单状态是40
INFO - 2021-11-25 09:49:54,572 - new_apply_order.py[line:802]: {'app': 'kencash', 'loan_order_id': '1463686309829939200', 'mobile': '737804984', 'order_status': 40}
INFO - 2021-11-25 09:49:54,573 - new_apply_order.py[line:922]: ===========完成第【27】次进件===========
INFO - 2021-11-25 09:49:54,573 - new_apply_order.py[line:882]: 开始第 kencash【28】次进件……
INFO - 2021-11-25 09:49:54,573 - new_apply_order.py[line:84]: ======【ke测试环境】生成手机号：737804994 ======
INFO - 2021-11-25 09:49:54,922 - new_apply_order.py[line:97]: 737804994 检测用户存在成功！
INFO - 2021-11-25 09:49:54,987 - new_apply_order.py[line:106]: 737804994 短信发送成功！
INFO - 2021-11-25 09:49:55,036 - new_apply_order.py[line:119]: 737804994 注册成功！
INFO - 2021-11-25 09:49:55,104 - new_apply_order.py[line:135]: 737804994 登录短信发送成功！
INFO - 2021-11-25 09:49:55,163 - new_apply_order.py[line:145]: userId=6235075796051959808,mobile=737804994,token=3e96556c23f06c05c603fb113e75e995 登录成功
INFO - 2021-11-25 09:49:55,310 - new_apply_order.py[line:212]: 个人信息提交成功！
INFO - 2021-11-25 09:49:55,384 - new_apply_order.py[line:232]: 联系人信息提交成功！
INFO - 2021-11-25 09:49:55,620 - new_apply_order.py[line:255]: 创建预审订单成功！
INFO - 2021-11-25 09:49:55,638 - new_apply_order.py[line:263]: 预审状态修改为通过,更新条数 1
INFO - 2021-11-25 09:49:55,653 - new_apply_order.py[line:266]: 更新初始额度！更新条数 1
INFO - 2021-11-25 09:49:55,919 - new_apply_order.py[line:342]: 活体图片上传成功！回写配置文件global_param.mp4_url
INFO - 2021-11-25 09:49:55,962 - new_apply_order.py[line:352]: 视频认证通过！
INFO - 2021-11-25 09:49:56,283 - new_apply_order.py[line:577]: 绑卡成功！
INFO - 2021-11-25 09:49:56,531 - new_apply_order.py[line:612]: 进件成功！执行sql将订单改为风控中……
INFO - 2021-11-25 09:49:57,561 - new_apply_order.py[line:618]: 订单表更新1条，信审更新1条
INFO - 2021-11-25 09:49:57,926 - new_apply_order.py[line:632]: 查询loan_order_id成功！
INFO - 2021-11-25 09:49:57,976 - new_apply_order.py[line:647]: 订单回调复审通过成功！
INFO - 2021-11-25 09:49:58,814 - new_apply_order.py[line:669]: 获取token成功！token=bearer d10bb812-7d51-4812-a015-f12873ef0279！
INFO - 2021-11-25 09:49:59,170 - new_apply_order.py[line:632]: 查询loan_order_id成功！
INFO - 2021-11-25 09:49:59,507 - new_apply_order.py[line:687]: 后台已触发放款成功！
INFO - 2021-11-25 09:49:59,521 - new_apply_order.py[line:701]: xxl_job web 登录成功！
INFO - 2021-11-25 09:49:59,537 - new_apply_order.py[line:717]: xxl_job 放款准备作业执行成功！
INFO - 2021-11-25 09:50:00,925 - new_apply_order.py[line:632]: 查询loan_order_id成功！
INFO - 2021-11-25 09:50:00,954 - new_apply_order.py[line:725]: 修改放款准备完成时间成功！
INFO - 2021-11-25 09:50:00,964 - new_apply_order.py[line:733]: xxl_job 放款完成作业执行成功！
INFO - 2021-11-25 09:50:01,331 - new_apply_order.py[line:632]: 查询loan_order_id成功！
INFO - 2021-11-25 09:50:01,644 - new_apply_order.py[line:905]: 校验重试查询第1次
ERROR - 2021-11-25 09:50:02,657 - new_apply_order.py[line:801]: 放款完成或准备失败,目前的订单状态是35
INFO - 2021-11-25 09:50:02,657 - new_apply_order.py[line:802]: {'app': 'kencash', 'loan_order_id': '1463686354155343872', 'mobile': '737804994', 'order_status': 35}
INFO - 2021-11-25 09:50:03,525 - new_apply_order.py[line:632]: 查询loan_order_id成功！
INFO - 2021-11-25 09:50:03,742 - new_apply_order.py[line:770]: 放款回调成功！
INFO - 2021-11-25 09:50:03,742 - new_apply_order.py[line:905]: 校验重试查询第2次
INFO - 2021-11-25 09:50:04,758 - new_apply_order.py[line:799]: 放款完成或准备成功,目前的订单状态是40
INFO - 2021-11-25 09:50:04,758 - new_apply_order.py[line:802]: {'app': 'kencash', 'loan_order_id': '1463686354155343872', 'mobile': '737804994', 'order_status': 40}
INFO - 2021-11-25 09:50:04,759 - new_apply_order.py[line:922]: ===========完成第【28】次进件===========
INFO - 2021-11-25 09:50:04,759 - new_apply_order.py[line:882]: 开始第 kencash【29】次进件……
INFO - 2021-11-25 09:50:04,760 - new_apply_order.py[line:84]: ======【ke测试环境】生成手机号：737805004 ======
INFO - 2021-11-25 09:50:05,189 - new_apply_order.py[line:97]: 737805004 检测用户存在成功！
INFO - 2021-11-25 09:50:05,278 - new_apply_order.py[line:106]: 737805004 短信发送成功！
INFO - 2021-11-25 09:50:05,321 - new_apply_order.py[line:119]: 737805004 注册成功！
INFO - 2021-11-25 09:50:05,393 - new_apply_order.py[line:135]: 737805004 登录短信发送成功！
INFO - 2021-11-25 09:50:05,449 - new_apply_order.py[line:145]: userId=6235075839211347968,mobile=737805004,token=8457659205e4c367ca29b8e064c18d29 登录成功
INFO - 2021-11-25 09:50:05,601 - new_apply_order.py[line:212]: 个人信息提交成功！
INFO - 2021-11-25 09:50:05,668 - new_apply_order.py[line:232]: 联系人信息提交成功！
INFO - 2021-11-25 09:50:05,934 - new_apply_order.py[line:255]: 创建预审订单成功！
INFO - 2021-11-25 09:50:05,961 - new_apply_order.py[line:263]: 预审状态修改为通过,更新条数 1
INFO - 2021-11-25 09:50:05,981 - new_apply_order.py[line:266]: 更新初始额度！更新条数 1
INFO - 2021-11-25 09:50:06,268 - new_apply_order.py[line:342]: 活体图片上传成功！回写配置文件global_param.mp4_url
INFO - 2021-11-25 09:50:06,312 - new_apply_order.py[line:352]: 视频认证通过！
INFO - 2021-11-25 09:50:06,636 - new_apply_order.py[line:577]: 绑卡成功！
INFO - 2021-11-25 09:50:06,915 - new_apply_order.py[line:612]: 进件成功！执行sql将订单改为风控中……
INFO - 2021-11-25 09:50:07,948 - new_apply_order.py[line:618]: 订单表更新1条，信审更新1条
INFO - 2021-11-25 09:50:08,312 - new_apply_order.py[line:632]: 查询loan_order_id成功！
INFO - 2021-11-25 09:50:08,361 - new_apply_order.py[line:647]: 订单回调复审通过成功！
INFO - 2021-11-25 09:50:09,176 - new_apply_order.py[line:669]: 获取token成功！token=bearer d10bb812-7d51-4812-a015-f12873ef0279！
INFO - 2021-11-25 09:50:09,529 - new_apply_order.py[line:632]: 查询loan_order_id成功！
INFO - 2021-11-25 09:50:09,861 - new_apply_order.py[line:687]: 后台已触发放款成功！
INFO - 2021-11-25 09:50:09,872 - new_apply_order.py[line:701]: xxl_job web 登录成功！
INFO - 2021-11-25 09:50:09,882 - new_apply_order.py[line:717]: xxl_job 放款准备作业执行成功！
INFO - 2021-11-25 09:50:11,257 - new_apply_order.py[line:632]: 查询loan_order_id成功！
INFO - 2021-11-25 09:50:11,272 - new_apply_order.py[line:725]: 修改放款准备完成时间成功！
INFO - 2021-11-25 09:50:11,278 - new_apply_order.py[line:733]: xxl_job 放款完成作业执行成功！
INFO - 2021-11-25 09:50:11,642 - new_apply_order.py[line:632]: 查询loan_order_id成功！
INFO - 2021-11-25 09:50:11,954 - new_apply_order.py[line:905]: 校验重试查询第1次
ERROR - 2021-11-25 09:50:12,967 - new_apply_order.py[line:801]: 放款完成或准备失败,目前的订单状态是35
INFO - 2021-11-25 09:50:12,968 - new_apply_order.py[line:802]: {'app': 'kencash', 'loan_order_id': '1463686397297954816', 'mobile': '737805004', 'order_status': 35}
INFO - 2021-11-25 09:50:13,849 - new_apply_order.py[line:632]: 查询loan_order_id成功！
INFO - 2021-11-25 09:50:14,089 - new_apply_order.py[line:770]: 放款回调成功！
INFO - 2021-11-25 09:50:14,089 - new_apply_order.py[line:905]: 校验重试查询第2次
INFO - 2021-11-25 09:50:15,103 - new_apply_order.py[line:799]: 放款完成或准备成功,目前的订单状态是40
INFO - 2021-11-25 09:50:15,103 - new_apply_order.py[line:802]: {'app': 'kencash', 'loan_order_id': '1463686397297954816', 'mobile': '737805004', 'order_status': 40}
INFO - 2021-11-25 09:50:15,104 - new_apply_order.py[line:922]: ===========完成第【29】次进件===========
INFO - 2021-11-25 09:50:15,104 - new_apply_order.py[line:882]: 开始第 kencash【30】次进件……
INFO - 2021-11-25 09:50:15,105 - new_apply_order.py[line:84]: ======【ke测试环境】生成手机号：737805015 ======
INFO - 2021-11-25 09:50:15,454 - new_apply_order.py[line:97]: 737805015 检测用户存在成功！
INFO - 2021-11-25 09:50:15,515 - new_apply_order.py[line:106]: 737805015 短信发送成功！
INFO - 2021-11-25 09:50:15,559 - new_apply_order.py[line:119]: 737805015 注册成功！
INFO - 2021-11-25 09:50:15,611 - new_apply_order.py[line:135]: 737805015 登录短信发送成功！
INFO - 2021-11-25 09:50:15,673 - new_apply_order.py[line:145]: userId=6235075882144243712,mobile=737805015,token=c7ff879acb3325c6fa79d2a8f941ea6c 登录成功
INFO - 2021-11-25 09:50:15,809 - new_apply_order.py[line:212]: 个人信息提交成功！
INFO - 2021-11-25 09:50:15,867 - new_apply_order.py[line:232]: 联系人信息提交成功！
INFO - 2021-11-25 09:50:16,306 - new_apply_order.py[line:255]: 创建预审订单成功！
INFO - 2021-11-25 09:50:16,320 - new_apply_order.py[line:263]: 预审状态修改为通过,更新条数 1
INFO - 2021-11-25 09:50:16,332 - new_apply_order.py[line:266]: 更新初始额度！更新条数 1
INFO - 2021-11-25 09:50:16,620 - new_apply_order.py[line:342]: 活体图片上传成功！回写配置文件global_param.mp4_url
INFO - 2021-11-25 09:50:16,663 - new_apply_order.py[line:352]: 视频认证通过！
INFO - 2021-11-25 09:50:17,007 - new_apply_order.py[line:577]: 绑卡成功！
INFO - 2021-11-25 09:50:17,236 - new_apply_order.py[line:612]: 进件成功！执行sql将订单改为风控中……
INFO - 2021-11-25 09:50:18,278 - new_apply_order.py[line:618]: 订单表更新1条，信审更新1条
INFO - 2021-11-25 09:50:18,641 - new_apply_order.py[line:632]: 查询loan_order_id成功！
INFO - 2021-11-25 09:50:18,691 - new_apply_order.py[line:647]: 订单回调复审通过成功！
INFO - 2021-11-25 09:50:19,470 - new_apply_order.py[line:669]: 获取token成功！token=bearer d10bb812-7d51-4812-a015-f12873ef0279！
INFO - 2021-11-25 09:50:19,835 - new_apply_order.py[line:632]: 查询loan_order_id成功！
INFO - 2021-11-25 09:50:20,225 - new_apply_order.py[line:687]: 后台已触发放款成功！
INFO - 2021-11-25 09:50:20,237 - new_apply_order.py[line:701]: xxl_job web 登录成功！
INFO - 2021-11-25 09:50:20,248 - new_apply_order.py[line:717]: xxl_job 放款准备作业执行成功！
INFO - 2021-11-25 09:50:21,607 - new_apply_order.py[line:632]: 查询loan_order_id成功！
INFO - 2021-11-25 09:50:21,624 - new_apply_order.py[line:725]: 修改放款准备完成时间成功！
INFO - 2021-11-25 09:50:21,629 - new_apply_order.py[line:733]: xxl_job 放款完成作业执行成功！
INFO - 2021-11-25 09:50:22,006 - new_apply_order.py[line:632]: 查询loan_order_id成功！
INFO - 2021-11-25 09:50:22,319 - new_apply_order.py[line:905]: 校验重试查询第1次
ERROR - 2021-11-25 09:50:23,335 - new_apply_order.py[line:801]: 放款完成或准备失败,目前的订单状态是35
INFO - 2021-11-25 09:50:23,335 - new_apply_order.py[line:802]: {'app': 'kencash', 'loan_order_id': '1463686440067272704', 'mobile': '737805015', 'order_status': 35}
INFO - 2021-11-25 09:50:24,208 - new_apply_order.py[line:632]: 查询loan_order_id成功！
INFO - 2021-11-25 09:50:24,421 - new_apply_order.py[line:770]: 放款回调成功！
INFO - 2021-11-25 09:50:24,421 - new_apply_order.py[line:905]: 校验重试查询第2次
INFO - 2021-11-25 09:50:25,434 - new_apply_order.py[line:799]: 放款完成或准备成功,目前的订单状态是40
INFO - 2021-11-25 09:50:25,435 - new_apply_order.py[line:802]: {'app': 'kencash', 'loan_order_id': '1463686440067272704', 'mobile': '737805015', 'order_status': 40}
INFO - 2021-11-25 09:50:25,435 - new_apply_order.py[line:922]: ===========完成第【30】次进件===========
INFO - 2021-11-25 09:50:25,436 - new_apply_order.py[line:925]: ======完成第【30】次进件,耗时326.36s=====
