INFO - 2021-09-15 14:43:34,750 - new_apply_order.py[line:683]: 开始第 pcamion【1】次进件……
INFO - 2021-09-15 14:43:34,751 - new_apply_order.py[line:82]: ======【co测试环境】生成手机号：3631688214 ======
INFO - 2021-09-15 14:43:35,132 - new_apply_order.py[line:95]: 3631688214 检测用户存在成功！
INFO - 2021-09-15 14:43:35,219 - new_apply_order.py[line:104]: 3631688214 短信发送成功！
INFO - 2021-09-15 14:43:35,287 - new_apply_order.py[line:117]: 3631688214 注册成功！
INFO - 2021-09-15 14:43:35,377 - new_apply_order.py[line:133]: 3631688214 登录短信发送成功！
INFO - 2021-09-15 14:43:35,442 - new_apply_order.py[line:143]: userId=4951128962617450496,mobile=3631688214,token=e27e58525a85ec6d89224ef437f01814 登录成功
INFO - 2021-09-15 14:43:35,555 - new_apply_order.py[line:205]: 个人信息提交成功！
INFO - 2021-09-15 14:43:36,006 - new_apply_order.py[line:238]: 创建预审订单成功！
INFO - 2021-09-15 14:43:36,021 - new_apply_order.py[line:246]: 预审状态修改为通过,更新条数 1
INFO - 2021-09-15 14:43:36,034 - new_apply_order.py[line:249]: 更新初始额度！更新条数 1
INFO - 2021-09-15 14:43:36,341 - new_apply_order.py[line:266]: 活体图片上传成功！回写配置文件global_param.mp4_url
INFO - 2021-09-15 14:43:36,396 - new_apply_order.py[line:276]: 视频认证通过！
INFO - 2021-09-15 14:43:37,517 - new_apply_order.py[line:331]: curp上传成功!
INFO - 2021-09-15 14:43:37,611 - new_apply_order.py[line:340]: curp_rfc校验通过！
INFO - 2021-09-15 14:43:38,194 - new_apply_order.py[line:413]: 不绑卡成功跳过！
INFO - 2021-09-15 14:43:38,472 - new_apply_order.py[line:426]: 进件成功！执行sql将订单改为风控中……
INFO - 2021-09-15 14:43:39,517 - new_apply_order.py[line:432]: 订单表更新1条，信审更新1条
INFO - 2021-09-15 14:43:40,117 - new_apply_order.py[line:446]: 查询loan_order_id成功！
INFO - 2021-09-15 14:43:40,181 - new_apply_order.py[line:461]: 订单回调复审通过成功！
INFO - 2021-09-15 14:43:41,016 - new_apply_order.py[line:483]: 获取token成功！token=bearer 8a896575-c293-423c-873f-d7d6312422e8！
INFO - 2021-09-15 14:43:41,616 - new_apply_order.py[line:446]: 查询loan_order_id成功！
INFO - 2021-09-15 14:43:41,960 - new_apply_order.py[line:501]: 后台已触发放款成功！
INFO - 2021-09-15 14:43:42,578 - new_apply_order.py[line:446]: 查询loan_order_id成功！
INFO - 2021-09-15 14:43:42,587 - new_apply_order.py[line:534]: 修改放款准备完成时间成功！
INFO - 2021-09-15 14:43:43,199 - new_apply_order.py[line:446]: 查询loan_order_id成功！
INFO - 2021-09-15 14:43:43,510 - new_apply_order.py[line:706]: 校验重试查询第1次
ERROR - 2021-09-15 14:43:44,523 - new_apply_order.py[line:602]: 放款完成或准备失败,目前的订单状态是32
INFO - 2021-09-15 14:43:44,524 - new_apply_order.py[line:603]: {'app': 'pcamion', 'loan_order_id': '1438030720414781440', 'mobile': '3631688214', 'order_status': 32}
INFO - 2021-09-15 14:43:45,113 - new_apply_order.py[line:446]: 查询loan_order_id成功！
INFO - 2021-09-15 14:43:45,122 - new_apply_order.py[line:534]: 修改放款准备完成时间成功！
INFO - 2021-09-15 14:43:45,632 - new_apply_order.py[line:706]: 校验重试查询第2次
ERROR - 2021-09-15 14:43:46,641 - new_apply_order.py[line:602]: 放款完成或准备失败,目前的订单状态是32
INFO - 2021-09-15 14:43:46,641 - new_apply_order.py[line:603]: {'app': 'pcamion', 'loan_order_id': '1438030720414781440', 'mobile': '3631688214', 'order_status': 32}
INFO - 2021-09-15 14:43:47,234 - new_apply_order.py[line:446]: 查询loan_order_id成功！
INFO - 2021-09-15 14:43:47,244 - new_apply_order.py[line:534]: 修改放款准备完成时间成功！
INFO - 2021-09-15 14:43:47,750 - new_apply_order.py[line:706]: 校验重试查询第3次
ERROR - 2021-09-15 14:43:48,762 - new_apply_order.py[line:602]: 放款完成或准备失败,目前的订单状态是32
INFO - 2021-09-15 14:43:48,762 - new_apply_order.py[line:603]: {'app': 'pcamion', 'loan_order_id': '1438030720414781440', 'mobile': '3631688214', 'order_status': 32}
INFO - 2021-09-15 14:43:49,351 - new_apply_order.py[line:446]: 查询loan_order_id成功！
INFO - 2021-09-15 14:43:49,359 - new_apply_order.py[line:534]: 修改放款准备完成时间成功！
INFO - 2021-09-15 14:43:49,866 - new_apply_order.py[line:706]: 校验重试查询第4次
ERROR - 2021-09-15 14:43:50,882 - new_apply_order.py[line:602]: 放款完成或准备失败,目前的订单状态是32
INFO - 2021-09-15 14:43:50,882 - new_apply_order.py[line:603]: {'app': 'pcamion', 'loan_order_id': '1438030720414781440', 'mobile': '3631688214', 'order_status': 32}
INFO - 2021-09-15 14:43:51,481 - new_apply_order.py[line:446]: 查询loan_order_id成功！
INFO - 2021-09-15 14:43:51,492 - new_apply_order.py[line:534]: 修改放款准备完成时间成功！
INFO - 2021-09-15 14:43:52,000 - new_apply_order.py[line:706]: 校验重试查询第5次
ERROR - 2021-09-15 14:43:53,013 - new_apply_order.py[line:602]: 放款完成或准备失败,目前的订单状态是32
INFO - 2021-09-15 14:43:53,013 - new_apply_order.py[line:603]: {'app': 'pcamion', 'loan_order_id': '1438030720414781440', 'mobile': '3631688214', 'order_status': 32}
INFO - 2021-09-15 14:43:53,623 - new_apply_order.py[line:446]: 查询loan_order_id成功！
INFO - 2021-09-15 14:43:53,632 - new_apply_order.py[line:534]: 修改放款准备完成时间成功！
INFO - 2021-09-15 14:43:54,142 - new_apply_order.py[line:706]: 校验重试查询第6次
ERROR - 2021-09-15 14:43:55,158 - new_apply_order.py[line:602]: 放款完成或准备失败,目前的订单状态是32
INFO - 2021-09-15 14:43:55,159 - new_apply_order.py[line:603]: {'app': 'pcamion', 'loan_order_id': '1438030720414781440', 'mobile': '3631688214', 'order_status': 32}
INFO - 2021-09-15 14:43:55,740 - new_apply_order.py[line:446]: 查询loan_order_id成功！
INFO - 2021-09-15 14:43:55,749 - new_apply_order.py[line:534]: 修改放款准备完成时间成功！
INFO - 2021-09-15 14:43:56,259 - new_apply_order.py[line:706]: 校验重试查询第7次
ERROR - 2021-09-15 14:43:57,273 - new_apply_order.py[line:602]: 放款完成或准备失败,目前的订单状态是32
INFO - 2021-09-15 14:43:57,274 - new_apply_order.py[line:603]: {'app': 'pcamion', 'loan_order_id': '1438030720414781440', 'mobile': '3631688214', 'order_status': 32}
INFO - 2021-09-15 14:43:57,860 - new_apply_order.py[line:446]: 查询loan_order_id成功！
INFO - 2021-09-15 14:43:57,870 - new_apply_order.py[line:534]: 修改放款准备完成时间成功！
INFO - 2021-09-15 14:43:58,378 - new_apply_order.py[line:706]: 校验重试查询第8次
ERROR - 2021-09-15 14:43:59,391 - new_apply_order.py[line:602]: 放款完成或准备失败,目前的订单状态是32
INFO - 2021-09-15 14:43:59,391 - new_apply_order.py[line:603]: {'app': 'pcamion', 'loan_order_id': '1438030720414781440', 'mobile': '3631688214', 'order_status': 32}
INFO - 2021-09-15 14:44:00,003 - new_apply_order.py[line:446]: 查询loan_order_id成功！
INFO - 2021-09-15 14:44:00,013 - new_apply_order.py[line:534]: 修改放款准备完成时间成功！
INFO - 2021-09-15 14:44:00,521 - new_apply_order.py[line:706]: 校验重试查询第9次
ERROR - 2021-09-15 14:44:01,534 - new_apply_order.py[line:602]: 放款完成或准备失败,目前的订单状态是32
INFO - 2021-09-15 14:44:01,535 - new_apply_order.py[line:603]: {'app': 'pcamion', 'loan_order_id': '1438030720414781440', 'mobile': '3631688214', 'order_status': 32}
INFO - 2021-09-15 14:44:02,117 - new_apply_order.py[line:446]: 查询loan_order_id成功！
INFO - 2021-09-15 14:44:02,127 - new_apply_order.py[line:534]: 修改放款准备完成时间成功！
INFO - 2021-09-15 14:44:02,637 - new_apply_order.py[line:706]: 校验重试查询第10次
ERROR - 2021-09-15 14:44:03,649 - new_apply_order.py[line:602]: 放款完成或准备失败,目前的订单状态是32
INFO - 2021-09-15 14:44:03,649 - new_apply_order.py[line:603]: {'app': 'pcamion', 'loan_order_id': '1438030720414781440', 'mobile': '3631688214', 'order_status': 32}
INFO - 2021-09-15 14:44:04,236 - new_apply_order.py[line:446]: 查询loan_order_id成功！
INFO - 2021-09-15 14:44:04,241 - new_apply_order.py[line:534]: 修改放款准备完成时间成功！
INFO - 2021-09-15 14:44:04,750 - new_apply_order.py[line:723]: ===========完成第【1】次进件===========
INFO - 2021-09-15 14:44:04,750 - new_apply_order.py[line:726]: ======完成第【1】次进件,耗时30.00s=====
