INFO - 2021-08-31 14:01:48,295 - new_apply_order.py[line:518]: 开始第 borrowme【1】次进件……
INFO - 2021-08-31 14:01:48,296 - new_apply_order.py[line:79]: ======【nga测试环境】生成手机号：01630389708 ======
INFO - 2021-08-31 14:01:48,676 - new_apply_order.py[line:86]: 01630389708 检测用户存在成功！
INFO - 2021-08-31 14:01:48,721 - new_apply_order.py[line:93]: 01630389708 短信发送成功！
INFO - 2021-08-31 14:01:48,770 - new_apply_order.py[line:103]: 01630389708 注册成功！
INFO - 2021-08-31 14:01:48,813 - new_apply_order.py[line:113]: 01630389708 登录短信发送成功！
ERROR - 2021-08-31 14:01:49,071 - new_apply_order.py[line:129]: 登录失败!
INFO - 2021-08-31 14:01:49,158 - new_apply_order.py[line:173]: 个人信息提交成功！
INFO - 2021-08-31 14:01:49,237 - new_apply_order.py[line:182]: 联系人信息提交成功！
ERROR - 2021-08-31 14:01:49,395 - new_apply_order.py[line:201]: 创建预审失败{"code":"9999","msg":"The Server is busy, Please try again later","data":null}
INFO - 2021-08-31 14:01:49,411 - new_apply_order.py[line:207]: 预审状态修改为通过,更新条数 0
INFO - 2021-08-31 14:01:49,422 - new_apply_order.py[line:210]: 更新初始额度！更新条数 0
INFO - 2021-08-31 14:01:50,705 - new_apply_order.py[line:222]: 活体图片上传成功！回写配置文件global_param.mp4_url
INFO - 2021-08-31 14:01:50,743 - new_apply_order.py[line:231]: 视频认证通过！
INFO - 2021-08-31 14:01:51,765 - new_apply_order.py[line:277]: bvn和银行卡绑卡认证通过！
INFO - 2021-08-31 14:01:52,061 - new_apply_order.py[line:298]: user更新1条
ERROR - 2021-08-31 14:01:52,239 - new_apply_order.py[line:326]: {"code":"50001004","msg":"Not eligible for borrowing","data":null}
INFO - 2021-08-31 14:01:52,697 - new_apply_order.py[line:333]: 查询loan_order_id成功！
INFO - 2021-08-31 14:01:52,724 - new_apply_order.py[line:343]: 订单回调复审通过成功！
INFO - 2021-08-31 14:01:53,502 - new_apply_order.py[line:359]: 获取token成功！token=bearer bf51653c-283e-47c5-b902-66a96a35688d！
INFO - 2021-08-31 14:01:53,923 - new_apply_order.py[line:333]: 查询loan_order_id成功！
INFO - 2021-08-31 14:01:54,520 - new_apply_order.py[line:371]: 后台已触发放款成功！
