INFO - 2021-10-20 13:36:52,925 - new_apply_order.py[line:882]: 开始第 jopay【1】次进件……
INFO - 2021-10-20 13:36:52,926 - new_apply_order.py[line:84]: ======【nga测试环境】生成手机号：01634708212 ======
INFO - 2021-10-20 13:36:53,344 - new_apply_order.py[line:97]: 01634708212 检测用户存在成功！
INFO - 2021-10-20 13:36:53,418 - new_apply_order.py[line:106]: 01634708212 短信发送成功！
INFO - 2021-10-20 13:36:53,479 - new_apply_order.py[line:119]: 01634708212 注册成功！
INFO - 2021-10-20 13:36:53,542 - new_apply_order.py[line:135]: 01634708212 登录短信发送成功！
INFO - 2021-10-20 13:36:53,597 - new_apply_order.py[line:145]: userId=6222086952827494400,mobile=01634708212,token=a2e8a9d49d609cf0eb358422d949fae7 登录成功
INFO - 2021-10-20 13:36:53,671 - new_apply_order.py[line:212]: 个人信息提交成功！
INFO - 2021-10-20 13:36:53,725 - new_apply_order.py[line:223]: 联系人信息提交成功！
INFO - 2021-10-20 13:36:54,121 - new_apply_order.py[line:255]: 创建预审订单成功！
INFO - 2021-10-20 13:36:54,142 - new_apply_order.py[line:263]: 预审状态修改为通过,更新条数 1
INFO - 2021-10-20 13:36:54,159 - new_apply_order.py[line:266]: 更新初始额度！更新条数 1
INFO - 2021-10-20 13:36:54,443 - new_apply_order.py[line:342]: 活体图片上传成功！回写配置文件global_param.mp4_url
INFO - 2021-10-20 13:36:54,484 - new_apply_order.py[line:352]: 视频认证通过！
INFO - 2021-10-20 13:36:55,471 - new_apply_order.py[line:510]: bvn和银行卡绑卡认证通过！
INFO - 2021-10-20 13:36:55,793 - new_apply_order.py[line:561]: user更新1条
INFO - 2021-10-20 13:36:56,015 - new_apply_order.py[line:612]: 进件成功！执行sql将订单改为风控中……
INFO - 2021-10-20 13:36:57,048 - new_apply_order.py[line:618]: 订单表更新1条，信审更新1条
INFO - 2021-10-20 13:36:57,403 - new_apply_order.py[line:632]: 查询loan_order_id成功！
INFO - 2021-10-20 13:36:57,452 - new_apply_order.py[line:647]: 订单回调复审通过成功！
INFO - 2021-10-20 13:36:58,223 - new_apply_order.py[line:669]: 获取token成功！token=bearer 0c58ac73-b149-444c-8e04-0ef7d2554aee！
INFO - 2021-10-20 13:36:58,565 - new_apply_order.py[line:632]: 查询loan_order_id成功！
INFO - 2021-10-20 13:36:59,081 - new_apply_order.py[line:687]: 后台已触发放款成功！
INFO - 2021-10-20 13:36:59,095 - new_apply_order.py[line:701]: xxl_job web 登录成功！
INFO - 2021-10-20 13:36:59,108 - new_apply_order.py[line:717]: xxl_job 放款准备作业执行成功！
INFO - 2021-10-20 13:37:00,472 - new_apply_order.py[line:632]: 查询loan_order_id成功！
INFO - 2021-10-20 13:37:00,489 - new_apply_order.py[line:725]: 修改放款准备完成时间成功！
INFO - 2021-10-20 13:37:00,496 - new_apply_order.py[line:733]: xxl_job 放款完成作业执行成功！
INFO - 2021-10-20 13:37:00,804 - new_apply_order.py[line:905]: 校验重试查询第1次
ERROR - 2021-10-20 13:37:01,819 - new_apply_order.py[line:801]: 放款完成或准备失败,目前的订单状态是35
INFO - 2021-10-20 13:37:01,820 - new_apply_order.py[line:802]: {'app': 'jopay', 'loan_order_id': '1450697510751965184', 'mobile': '01634708212', 'order_status': 35}
INFO - 2021-10-20 13:37:02,331 - new_apply_order.py[line:905]: 校验重试查询第2次
ERROR - 2021-10-20 13:37:03,349 - new_apply_order.py[line:801]: 放款完成或准备失败,目前的订单状态是35
INFO - 2021-10-20 13:37:03,349 - new_apply_order.py[line:802]: {'app': 'jopay', 'loan_order_id': '1450697510751965184', 'mobile': '01634708212', 'order_status': 35}
INFO - 2021-10-20 13:37:03,857 - new_apply_order.py[line:905]: 校验重试查询第3次
INFO - 2021-10-20 13:37:04,876 - new_apply_order.py[line:799]: 放款完成或准备成功,目前的订单状态是40
INFO - 2021-10-20 13:37:04,876 - new_apply_order.py[line:802]: {'app': 'jopay', 'loan_order_id': '1450697510751965184', 'mobile': '01634708212', 'order_status': 40}
INFO - 2021-10-20 13:37:04,877 - new_apply_order.py[line:922]: ===========完成第【1】次进件===========
INFO - 2021-10-20 13:37:04,877 - new_apply_order.py[line:925]: ======完成第【1】次进件,耗时11.95s=====
