INFO - 2021-10-14 17:09:26,550 - new_apply_order.py[line:798]: 开始第 jopay【1】次进件……
INFO - 2021-10-14 17:09:26,551 - new_apply_order.py[line:82]: ======【nga测试环境】生成手机号：01634202566 ======
INFO - 2021-10-14 17:09:26,920 - new_apply_order.py[line:95]: 01634202566 检测用户存在成功！
INFO - 2021-10-14 17:09:26,966 - new_apply_order.py[line:104]: 01634202566 短信发送成功！
INFO - 2021-10-14 17:09:27,007 - new_apply_order.py[line:117]: 01634202566 注册成功！
INFO - 2021-10-14 17:09:27,057 - new_apply_order.py[line:133]: 01634202566 登录短信发送成功！
INFO - 2021-10-14 17:09:27,101 - new_apply_order.py[line:143]: userId=6219966117710929920,mobile=01634202566,token=1fe0e1ccce106fc53b7d4dbee96c8755 登录成功
INFO - 2021-10-14 17:09:27,168 - new_apply_order.py[line:208]: 个人信息提交成功！
INFO - 2021-10-14 17:09:27,218 - new_apply_order.py[line:219]: 联系人信息提交成功！
INFO - 2021-10-14 17:09:27,412 - new_apply_order.py[line:241]: 创建预审订单成功！
INFO - 2021-10-14 17:09:27,427 - new_apply_order.py[line:249]: 预审状态修改为通过,更新条数 1
INFO - 2021-10-14 17:09:27,437 - new_apply_order.py[line:252]: 更新初始额度！更新条数 1
INFO - 2021-10-14 17:09:27,731 - new_apply_order.py[line:269]: 活体图片上传成功！回写配置文件global_param.mp4_url
INFO - 2021-10-14 17:09:27,762 - new_apply_order.py[line:279]: 视频认证通过！
INFO - 2021-10-14 17:09:28,773 - new_apply_order.py[line:436]: bvn和银行卡绑卡认证通过！
INFO - 2021-10-14 17:09:29,088 - new_apply_order.py[line:487]: user更新1条
INFO - 2021-10-14 17:09:29,265 - new_apply_order.py[line:528]: 进件成功！执行sql将订单改为风控中……
INFO - 2021-10-14 17:09:30,306 - new_apply_order.py[line:534]: 订单表更新1条，信审更新1条
INFO - 2021-10-14 17:09:30,661 - new_apply_order.py[line:548]: 查询loan_order_id成功！
INFO - 2021-10-14 17:09:30,701 - new_apply_order.py[line:563]: 订单回调复审通过成功！
INFO - 2021-10-14 17:09:31,485 - new_apply_order.py[line:585]: 获取token成功！token=bearer 310fcf5f-46c0-4875-92e3-a92ef86ea360！
INFO - 2021-10-14 17:09:31,838 - new_apply_order.py[line:548]: 查询loan_order_id成功！
INFO - 2021-10-14 17:09:32,174 - new_apply_order.py[line:603]: 后台已触发放款成功！
INFO - 2021-10-14 17:09:32,183 - new_apply_order.py[line:617]: xxl_job web 登录成功！
INFO - 2021-10-14 17:09:32,192 - new_apply_order.py[line:633]: xxl_job 放款准备作业执行成功！
INFO - 2021-10-14 17:09:33,541 - new_apply_order.py[line:548]: 查询loan_order_id成功！
INFO - 2021-10-14 17:09:33,559 - new_apply_order.py[line:641]: 修改放款准备完成时间成功！
INFO - 2021-10-14 17:09:33,566 - new_apply_order.py[line:649]: xxl_job 放款完成作业执行成功！
INFO - 2021-10-14 17:09:33,874 - new_apply_order.py[line:821]: 校验重试查询第1次
ERROR - 2021-10-14 17:09:34,894 - new_apply_order.py[line:717]: 放款完成或准备失败,目前的订单状态是35
INFO - 2021-10-14 17:09:34,894 - new_apply_order.py[line:718]: {'app': 'jopay', 'loan_order_id': '1448576675253194752', 'mobile': '01634202566', 'order_status': 35}
INFO - 2021-10-14 17:09:35,399 - new_apply_order.py[line:821]: 校验重试查询第2次
INFO - 2021-10-14 17:09:36,415 - new_apply_order.py[line:715]: 放款完成或准备成功,目前的订单状态是40
INFO - 2021-10-14 17:09:36,415 - new_apply_order.py[line:718]: {'app': 'jopay', 'loan_order_id': '1448576675253194752', 'mobile': '01634202566', 'order_status': 40}
INFO - 2021-10-14 17:09:36,418 - new_apply_order.py[line:838]: ===========完成第【1】次进件===========
INFO - 2021-10-14 17:09:36,418 - new_apply_order.py[line:841]: ======完成第【1】次进件,耗时9.87s=====
