INFO - 2021-11-12 11:40:08,276 - new_apply_order.py[line:882]: 开始第 Gotcash【1】次进件……
INFO - 2021-11-12 11:40:08,277 - new_apply_order.py[line:84]: ======【nga测试环境】生成手机号：01636688408 ======
INFO - 2021-11-12 11:40:08,657 - new_apply_order.py[line:97]: 01636688408 检测用户存在成功！
INFO - 2021-11-12 11:40:08,706 - new_apply_order.py[line:106]: 01636688408 短信发送成功！
INFO - 2021-11-12 11:40:08,756 - new_apply_order.py[line:119]: 01636688408 注册成功！
INFO - 2021-11-12 11:40:08,820 - new_apply_order.py[line:135]: 01636688408 登录短信发送成功！
INFO - 2021-11-12 11:40:08,860 - new_apply_order.py[line:145]: userId=6230392493446144000,mobile=01636688408,token=f03d70914165dd3c0531deb461fb64bd 登录成功
INFO - 2021-11-12 11:40:08,970 - new_apply_order.py[line:212]: 个人信息提交成功！
INFO - 2021-11-12 11:40:09,037 - new_apply_order.py[line:223]: 联系人信息提交成功！
INFO - 2021-11-12 11:40:09,413 - new_apply_order.py[line:255]: 创建预审订单成功！
INFO - 2021-11-12 11:40:09,430 - new_apply_order.py[line:263]: 预审状态修改为通过,更新条数 1
INFO - 2021-11-12 11:40:09,446 - new_apply_order.py[line:266]: 更新初始额度！更新条数 1
INFO - 2021-11-12 11:40:09,714 - new_apply_order.py[line:342]: 活体图片上传成功！回写配置文件global_param.mp4_url
INFO - 2021-11-12 11:40:09,753 - new_apply_order.py[line:352]: 视频认证通过！
INFO - 2021-11-12 11:40:10,788 - new_apply_order.py[line:510]: bvn和银行卡绑卡认证通过！
INFO - 2021-11-12 11:40:11,112 - new_apply_order.py[line:561]: user更新1条
INFO - 2021-11-12 11:40:11,354 - new_apply_order.py[line:612]: 进件成功！执行sql将订单改为风控中……
INFO - 2021-11-12 11:40:12,392 - new_apply_order.py[line:618]: 订单表更新1条，信审更新1条
INFO - 2021-11-12 11:40:12,756 - new_apply_order.py[line:632]: 查询loan_order_id成功！
INFO - 2021-11-12 11:40:12,824 - new_apply_order.py[line:647]: 订单回调复审通过成功！
INFO - 2021-11-12 11:40:13,610 - new_apply_order.py[line:669]: 获取token成功！token=bearer b7c8ad68-c0dd-417b-bba5-939cefb19aa5！
INFO - 2021-11-12 11:40:13,949 - new_apply_order.py[line:632]: 查询loan_order_id成功！
INFO - 2021-11-12 11:40:14,469 - new_apply_order.py[line:687]: 后台已触发放款成功！
INFO - 2021-11-12 11:40:14,482 - new_apply_order.py[line:701]: xxl_job web 登录成功！
INFO - 2021-11-12 11:40:14,494 - new_apply_order.py[line:717]: xxl_job 放款准备作业执行成功！
INFO - 2021-11-12 11:40:15,842 - new_apply_order.py[line:632]: 查询loan_order_id成功！
INFO - 2021-11-12 11:40:15,862 - new_apply_order.py[line:725]: 修改放款准备完成时间成功！
INFO - 2021-11-12 11:40:15,870 - new_apply_order.py[line:733]: xxl_job 放款完成作业执行成功！
INFO - 2021-11-12 11:40:16,181 - new_apply_order.py[line:905]: 校验重试查询第1次
ERROR - 2021-11-12 11:40:17,201 - new_apply_order.py[line:801]: 放款完成或准备失败,目前的订单状态是35
INFO - 2021-11-12 11:40:17,202 - new_apply_order.py[line:802]: {'app': 'Gotcash', 'loan_order_id': '1459003051360391168', 'mobile': '01636688408', 'order_status': 35}
INFO - 2021-11-12 11:40:17,709 - new_apply_order.py[line:905]: 校验重试查询第2次
INFO - 2021-11-12 11:40:18,729 - new_apply_order.py[line:799]: 放款完成或准备成功,目前的订单状态是40
INFO - 2021-11-12 11:40:18,729 - new_apply_order.py[line:802]: {'app': 'Gotcash', 'loan_order_id': '1459003051360391168', 'mobile': '01636688408', 'order_status': 40}
INFO - 2021-11-12 11:40:18,731 - new_apply_order.py[line:922]: ===========完成第【1】次进件===========
INFO - 2021-11-12 11:40:18,731 - new_apply_order.py[line:925]: ======完成第【1】次进件,耗时10.46s=====
