INFO - 2021-08-31 11:10:07,105 - new_apply_order.py[line:511]: 开始第 borrowme【1】次进件……
INFO - 2021-08-31 11:10:07,105 - new_apply_order.py[line:79]: ======【nga测试环境】生成手机号：01630379407 ======
INFO - 2021-08-31 11:10:07,476 - new_apply_order.py[line:86]: 01630379407 检测用户存在成功！
INFO - 2021-08-31 11:10:07,533 - new_apply_order.py[line:93]: 01630379407 短信发送成功！
INFO - 2021-08-31 11:10:07,570 - new_apply_order.py[line:103]: 01630379407 注册成功！
ERROR - 2021-08-31 11:10:07,599 - new_apply_order.py[line:122]: 登录失败!
INFO - 2021-08-31 11:10:07,665 - new_apply_order.py[line:166]: 个人信息提交成功！
INFO - 2021-08-31 11:10:07,713 - new_apply_order.py[line:175]: 联系人信息提交成功！
ERROR - 2021-08-31 11:10:07,821 - new_apply_order.py[line:194]: 创建预审失败{"code":"9999","msg":"The Server is busy, Please try again later","data":null}
INFO - 2021-08-31 11:10:07,834 - new_apply_order.py[line:200]: 预审状态修改为通过,更新条数 0
INFO - 2021-08-31 11:10:07,841 - new_apply_order.py[line:203]: 更新初始额度！更新条数 0
INFO - 2021-08-31 11:10:08,068 - new_apply_order.py[line:215]: 活体图片上传成功！回写配置文件global_param.mp4_url
INFO - 2021-08-31 11:10:08,104 - new_apply_order.py[line:224]: 视频认证通过！
INFO - 2021-08-31 11:10:09,089 - new_apply_order.py[line:270]: bvn和银行卡绑卡认证通过！
INFO - 2021-08-31 11:10:09,376 - new_apply_order.py[line:291]: user更新1条
ERROR - 2021-08-31 11:10:09,515 - new_apply_order.py[line:319]: {"code":"50001004","msg":"Not eligible for borrowing","data":null}
INFO - 2021-08-31 11:10:09,965 - new_apply_order.py[line:326]: 查询loan_order_id成功！
INFO - 2021-08-31 11:10:09,990 - new_apply_order.py[line:336]: 订单回调复审通过成功！
INFO - 2021-08-31 11:10:10,788 - new_apply_order.py[line:352]: 获取token成功！token=bearer bf51653c-283e-47c5-b902-66a96a35688d！
INFO - 2021-08-31 11:10:11,214 - new_apply_order.py[line:326]: 查询loan_order_id成功！
INFO - 2021-08-31 11:10:11,540 - new_apply_order.py[line:364]: 后台已触发放款成功！
INFO - 2021-08-31 11:10:11,550 - new_apply_order.py[line:372]: xxl_job web 登录成功！
INFO - 2021-08-31 11:10:11,557 - new_apply_order.py[line:379]: xxl_job 放款准备作业执行成功！
INFO - 2021-08-31 11:10:12,988 - new_apply_order.py[line:326]: 查询loan_order_id成功！
INFO - 2021-08-31 11:10:13,004 - new_apply_order.py[line:384]: 修改放款准备完成时间成功！
INFO - 2021-08-31 11:10:13,011 - new_apply_order.py[line:387]: xxl_job 放款完成作业执行成功！
INFO - 2021-08-31 11:10:13,317 - new_apply_order.py[line:534]: 校验重试查询第1次
ERROR - 2021-08-31 11:10:14,333 - new_apply_order.py[line:430]: 放款完成或准备失败,目前的订单状态是32
INFO - 2021-08-31 11:10:14,334 - new_apply_order.py[line:431]: {'app': 'borrowme', 'loan_order_id': '1432507683397570560', 'mobile': '01630371420', 'order_status': 32}
INFO - 2021-08-31 11:10:14,342 - new_apply_order.py[line:372]: xxl_job web 登录成功！
INFO - 2021-08-31 11:10:14,350 - new_apply_order.py[line:379]: xxl_job 放款准备作业执行成功！
INFO - 2021-08-31 11:10:15,781 - new_apply_order.py[line:326]: 查询loan_order_id成功！
INFO - 2021-08-31 11:10:15,797 - new_apply_order.py[line:384]: 修改放款准备完成时间成功！
INFO - 2021-08-31 11:10:15,805 - new_apply_order.py[line:387]: xxl_job 放款完成作业执行成功！
INFO - 2021-08-31 11:10:16,309 - new_apply_order.py[line:534]: 校验重试查询第2次
ERROR - 2021-08-31 11:10:17,324 - new_apply_order.py[line:430]: 放款完成或准备失败,目前的订单状态是32
INFO - 2021-08-31 11:10:17,325 - new_apply_order.py[line:431]: {'app': 'borrowme', 'loan_order_id': '1432507683397570560', 'mobile': '01630371420', 'order_status': 32}
INFO - 2021-08-31 11:10:17,334 - new_apply_order.py[line:372]: xxl_job web 登录成功！
INFO - 2021-08-31 11:10:17,341 - new_apply_order.py[line:379]: xxl_job 放款准备作业执行成功！
INFO - 2021-08-31 11:10:18,766 - new_apply_order.py[line:326]: 查询loan_order_id成功！
INFO - 2021-08-31 11:10:18,778 - new_apply_order.py[line:384]: 修改放款准备完成时间成功！
INFO - 2021-08-31 11:10:18,783 - new_apply_order.py[line:387]: xxl_job 放款完成作业执行成功！
INFO - 2021-08-31 11:10:19,287 - new_apply_order.py[line:534]: 校验重试查询第3次
ERROR - 2021-08-31 11:10:20,298 - new_apply_order.py[line:430]: 放款完成或准备失败,目前的订单状态是32
INFO - 2021-08-31 11:10:20,299 - new_apply_order.py[line:431]: {'app': 'borrowme', 'loan_order_id': '1432507683397570560', 'mobile': '01630371420', 'order_status': 32}
INFO - 2021-08-31 11:10:20,304 - new_apply_order.py[line:372]: xxl_job web 登录成功！
INFO - 2021-08-31 11:10:20,309 - new_apply_order.py[line:379]: xxl_job 放款准备作业执行成功！
INFO - 2021-08-31 11:10:21,731 - new_apply_order.py[line:326]: 查询loan_order_id成功！
INFO - 2021-08-31 11:10:21,749 - new_apply_order.py[line:384]: 修改放款准备完成时间成功！
INFO - 2021-08-31 11:10:21,756 - new_apply_order.py[line:387]: xxl_job 放款完成作业执行成功！
INFO - 2021-08-31 11:10:22,259 - new_apply_order.py[line:534]: 校验重试查询第4次
ERROR - 2021-08-31 11:10:23,272 - new_apply_order.py[line:430]: 放款完成或准备失败,目前的订单状态是32
INFO - 2021-08-31 11:10:23,272 - new_apply_order.py[line:431]: {'app': 'borrowme', 'loan_order_id': '1432507683397570560', 'mobile': '01630371420', 'order_status': 32}
INFO - 2021-08-31 11:10:23,281 - new_apply_order.py[line:372]: xxl_job web 登录成功！
INFO - 2021-08-31 11:10:23,288 - new_apply_order.py[line:379]: xxl_job 放款准备作业执行成功！
INFO - 2021-08-31 11:10:24,712 - new_apply_order.py[line:326]: 查询loan_order_id成功！
INFO - 2021-08-31 11:10:24,728 - new_apply_order.py[line:384]: 修改放款准备完成时间成功！
INFO - 2021-08-31 11:10:24,734 - new_apply_order.py[line:387]: xxl_job 放款完成作业执行成功！
INFO - 2021-08-31 11:10:25,237 - new_apply_order.py[line:534]: 校验重试查询第5次
ERROR - 2021-08-31 11:10:26,255 - new_apply_order.py[line:430]: 放款完成或准备失败,目前的订单状态是32
INFO - 2021-08-31 11:10:26,255 - new_apply_order.py[line:431]: {'app': 'borrowme', 'loan_order_id': '1432507683397570560', 'mobile': '01630371420', 'order_status': 32}
INFO - 2021-08-31 11:10:26,264 - new_apply_order.py[line:372]: xxl_job web 登录成功！
INFO - 2021-08-31 11:10:26,270 - new_apply_order.py[line:379]: xxl_job 放款准备作业执行成功！
INFO - 2021-08-31 11:10:27,712 - new_apply_order.py[line:326]: 查询loan_order_id成功！
INFO - 2021-08-31 11:10:27,726 - new_apply_order.py[line:384]: 修改放款准备完成时间成功！
INFO - 2021-08-31 11:10:27,732 - new_apply_order.py[line:387]: xxl_job 放款完成作业执行成功！
INFO - 2021-08-31 11:10:28,235 - new_apply_order.py[line:534]: 校验重试查询第6次
ERROR - 2021-08-31 11:10:29,248 - new_apply_order.py[line:430]: 放款完成或准备失败,目前的订单状态是32
INFO - 2021-08-31 11:10:29,248 - new_apply_order.py[line:431]: {'app': 'borrowme', 'loan_order_id': '1432507683397570560', 'mobile': '01630371420', 'order_status': 32}
INFO - 2021-08-31 11:10:29,255 - new_apply_order.py[line:372]: xxl_job web 登录成功！
INFO - 2021-08-31 11:10:29,262 - new_apply_order.py[line:379]: xxl_job 放款准备作业执行成功！
INFO - 2021-08-31 11:10:30,681 - new_apply_order.py[line:326]: 查询loan_order_id成功！
INFO - 2021-08-31 11:10:30,701 - new_apply_order.py[line:384]: 修改放款准备完成时间成功！
INFO - 2021-08-31 11:10:30,708 - new_apply_order.py[line:387]: xxl_job 放款完成作业执行成功！
INFO - 2021-08-31 11:10:31,211 - new_apply_order.py[line:534]: 校验重试查询第7次
ERROR - 2021-08-31 11:10:32,230 - new_apply_order.py[line:430]: 放款完成或准备失败,目前的订单状态是32
INFO - 2021-08-31 11:10:32,230 - new_apply_order.py[line:431]: {'app': 'borrowme', 'loan_order_id': '1432507683397570560', 'mobile': '01630371420', 'order_status': 32}
INFO - 2021-08-31 11:10:32,252 - new_apply_order.py[line:372]: xxl_job web 登录成功！
INFO - 2021-08-31 11:10:32,294 - new_apply_order.py[line:379]: xxl_job 放款准备作业执行成功！
INFO - 2021-08-31 11:10:33,708 - new_apply_order.py[line:326]: 查询loan_order_id成功！
INFO - 2021-08-31 11:10:33,721 - new_apply_order.py[line:384]: 修改放款准备完成时间成功！
INFO - 2021-08-31 11:10:33,726 - new_apply_order.py[line:387]: xxl_job 放款完成作业执行成功！
INFO - 2021-08-31 11:10:34,229 - new_apply_order.py[line:534]: 校验重试查询第8次
ERROR - 2021-08-31 11:10:35,237 - new_apply_order.py[line:430]: 放款完成或准备失败,目前的订单状态是32
INFO - 2021-08-31 11:10:35,237 - new_apply_order.py[line:431]: {'app': 'borrowme', 'loan_order_id': '1432507683397570560', 'mobile': '01630371420', 'order_status': 32}
INFO - 2021-08-31 11:10:35,244 - new_apply_order.py[line:372]: xxl_job web 登录成功！
INFO - 2021-08-31 11:10:35,250 - new_apply_order.py[line:379]: xxl_job 放款准备作业执行成功！
INFO - 2021-08-31 11:10:36,674 - new_apply_order.py[line:326]: 查询loan_order_id成功！
INFO - 2021-08-31 11:10:36,690 - new_apply_order.py[line:384]: 修改放款准备完成时间成功！
INFO - 2021-08-31 11:10:36,698 - new_apply_order.py[line:387]: xxl_job 放款完成作业执行成功！
INFO - 2021-08-31 11:10:37,199 - new_apply_order.py[line:534]: 校验重试查询第9次
ERROR - 2021-08-31 11:10:38,213 - new_apply_order.py[line:430]: 放款完成或准备失败,目前的订单状态是32
INFO - 2021-08-31 11:10:38,213 - new_apply_order.py[line:431]: {'app': 'borrowme', 'loan_order_id': '1432507683397570560', 'mobile': '01630371420', 'order_status': 32}
INFO - 2021-08-31 11:10:38,222 - new_apply_order.py[line:372]: xxl_job web 登录成功！
INFO - 2021-08-31 11:10:38,229 - new_apply_order.py[line:379]: xxl_job 放款准备作业执行成功！
INFO - 2021-08-31 11:10:39,672 - new_apply_order.py[line:326]: 查询loan_order_id成功！
INFO - 2021-08-31 11:10:39,686 - new_apply_order.py[line:384]: 修改放款准备完成时间成功！
INFO - 2021-08-31 11:10:39,692 - new_apply_order.py[line:387]: xxl_job 放款完成作业执行成功！
INFO - 2021-08-31 11:10:40,196 - new_apply_order.py[line:534]: 校验重试查询第10次
ERROR - 2021-08-31 11:10:41,213 - new_apply_order.py[line:430]: 放款完成或准备失败,目前的订单状态是32
INFO - 2021-08-31 11:10:41,213 - new_apply_order.py[line:431]: {'app': 'borrowme', 'loan_order_id': '1432507683397570560', 'mobile': '01630371420', 'order_status': 32}
INFO - 2021-08-31 11:10:41,222 - new_apply_order.py[line:372]: xxl_job web 登录成功！
INFO - 2021-08-31 11:10:41,233 - new_apply_order.py[line:379]: xxl_job 放款准备作业执行成功！
INFO - 2021-08-31 11:10:42,647 - new_apply_order.py[line:326]: 查询loan_order_id成功！
INFO - 2021-08-31 11:10:42,659 - new_apply_order.py[line:384]: 修改放款准备完成时间成功！
INFO - 2021-08-31 11:10:42,665 - new_apply_order.py[line:387]: xxl_job 放款完成作业执行成功！
INFO - 2021-08-31 11:10:43,167 - new_apply_order.py[line:551]: ===========完成第【1】次进件===========
INFO - 2021-08-31 11:10:43,167 - new_apply_order.py[line:554]: ======完成第【1】次进件,耗时36.06s=====
