INFO - 2021-12-15 17:55:23,611 - new_apply_order.py[line:893]: 开始第 kencash【1】次进件……
INFO - 2021-12-15 17:55:23,612 - new_apply_order.py[line:84]: ======【ke测试环境】生成手机号：739562123 ======
INFO - 2021-12-15 17:55:23,999 - new_apply_order.py[line:97]: 739562123 检测用户存在成功！
INFO - 2021-12-15 17:55:24,121 - new_apply_order.py[line:106]: 739562123 短信发送成功！
INFO - 2021-12-15 17:55:24,189 - new_apply_order.py[line:119]: 739562123 注册成功！
INFO - 2021-12-15 17:55:24,302 - new_apply_order.py[line:135]: 739562123 登录短信发送成功！
INFO - 2021-12-15 17:55:24,371 - new_apply_order.py[line:145]: userId=6242445729762516992,mobile=739562123,token=db793ff8507830427bc7274741c971b5 登录成功
INFO - 2021-12-15 17:55:24,553 - new_apply_order.py[line:212]: 个人信息提交成功！
INFO - 2021-12-15 17:55:24,632 - new_apply_order.py[line:232]: 联系人信息提交成功！
ERROR - 2021-12-15 17:55:26,890 - new_apply_order.py[line:257]: 创建预审失败{"code":"9999","msg":"The Server is busy, Please try again later","data":null}
INFO - 2021-12-15 17:55:26,910 - new_apply_order.py[line:263]: 预审状态修改为通过,更新条数 1
INFO - 2021-12-15 17:55:26,929 - new_apply_order.py[line:266]: 更新初始额度！更新条数 1
INFO - 2021-12-15 17:55:27,263 - new_apply_order.py[line:342]: 活体图片上传成功！回写配置文件global_param.mp4_url
INFO - 2021-12-15 17:55:27,320 - new_apply_order.py[line:352]: 视频认证通过！
INFO - 2021-12-15 17:55:27,615 - new_apply_order.py[line:579]: 739562123 短信发送成功！
INFO - 2021-12-15 17:55:27,795 - new_apply_order.py[line:588]: 绑卡成功！
INFO - 2021-12-15 17:55:29,338 - new_apply_order.py[line:623]: 进件成功！执行sql将订单改为风控中……
INFO - 2021-12-15 17:55:30,374 - new_apply_order.py[line:629]: 订单表更新1条，信审更新1条
INFO - 2021-12-15 17:55:30,789 - new_apply_order.py[line:643]: 查询loan_order_id成功！
INFO - 2021-12-15 17:55:30,852 - new_apply_order.py[line:658]: 订单回调复审通过成功！
