INFO - 2021-09-27 09:49:11,889 - new_apply_order.py[line:792]: 开始第 pickcredit【1】次进件……
INFO - 2021-09-27 09:49:11,890 - new_apply_order.py[line:82]: ======【nga测试环境】生成手机号：01632707351 ======
INFO - 2021-09-27 09:49:12,280 - new_apply_order.py[line:95]: 01632707351 检测用户存在成功！
INFO - 2021-09-27 09:49:12,361 - new_apply_order.py[line:104]: 01632707351 短信发送成功！
INFO - 2021-09-27 09:49:12,410 - new_apply_order.py[line:117]: 01632707351 注册成功！
INFO - 2021-09-27 09:49:12,481 - new_apply_order.py[line:133]: 01632707351 登录短信发送成功！
INFO - 2021-09-27 09:49:12,533 - new_apply_order.py[line:143]: userId=6213694733141286912,mobile=01632707351,token=2e6de3161fe0a376306450cdba002ffa 登录成功
INFO - 2021-09-27 09:49:12,614 - new_apply_order.py[line:205]: 个人信息提交成功！
INFO - 2021-09-27 09:49:12,669 - new_apply_order.py[line:216]: 联系人信息提交成功！
INFO - 2021-09-27 09:49:13,872 - new_apply_order.py[line:238]: 创建预审订单成功！
INFO - 2021-09-27 09:49:13,893 - new_apply_order.py[line:246]: 预审状态修改为通过,更新条数 1
INFO - 2021-09-27 09:49:13,906 - new_apply_order.py[line:249]: 更新初始额度！更新条数 1
INFO - 2021-09-27 09:49:14,222 - new_apply_order.py[line:266]: 活体图片上传成功！回写配置文件global_param.mp4_url
INFO - 2021-09-27 09:49:14,296 - new_apply_order.py[line:276]: 视频认证通过！
INFO - 2021-09-27 09:49:15,713 - new_apply_order.py[line:433]: bvn和银行卡绑卡认证通过！
INFO - 2021-09-27 09:49:16,026 - new_apply_order.py[line:484]: user更新1条
INFO - 2021-09-27 09:49:16,565 - new_apply_order.py[line:522]: 进件成功！执行sql将订单改为风控中……
INFO - 2021-09-27 09:49:17,609 - new_apply_order.py[line:528]: 订单表更新1条，信审更新1条
INFO - 2021-09-27 09:49:18,093 - new_apply_order.py[line:542]: 查询loan_order_id成功！
INFO - 2021-09-27 09:49:18,178 - new_apply_order.py[line:557]: 订单回调复审通过成功！
INFO - 2021-09-27 09:49:18,988 - new_apply_order.py[line:579]: 获取token成功！token=bearer 97dea7a4-c030-4718-928d-33816a452bbb！
INFO - 2021-09-27 09:49:19,361 - new_apply_order.py[line:542]: 查询loan_order_id成功！
INFO - 2021-09-27 09:49:20,173 - new_apply_order.py[line:597]: 后台已触发放款成功！
INFO - 2021-09-27 09:49:20,186 - new_apply_order.py[line:611]: xxl_job web 登录成功！
INFO - 2021-09-27 09:49:20,198 - new_apply_order.py[line:627]: xxl_job 放款准备作业执行成功！
INFO - 2021-09-27 09:49:21,669 - new_apply_order.py[line:542]: 查询loan_order_id成功！
INFO - 2021-09-27 09:49:21,681 - new_apply_order.py[line:635]: 修改放款准备完成时间成功！
INFO - 2021-09-27 09:49:21,687 - new_apply_order.py[line:643]: xxl_job 放款完成作业执行成功！
INFO - 2021-09-27 09:49:21,995 - new_apply_order.py[line:815]: 校验重试查询第1次
ERROR - 2021-09-27 09:49:23,014 - new_apply_order.py[line:711]: 放款完成或准备失败,目前的订单状态是32
INFO - 2021-09-27 09:49:23,015 - new_apply_order.py[line:712]: {'app': 'pickcredit', 'loan_order_id': '1442305291110584320', 'mobile': '01632707351', 'order_status': 32}
INFO - 2021-09-27 09:49:23,027 - new_apply_order.py[line:611]: xxl_job web 登录成功！
INFO - 2021-09-27 09:49:23,038 - new_apply_order.py[line:627]: xxl_job 放款准备作业执行成功！
INFO - 2021-09-27 09:49:24,412 - new_apply_order.py[line:542]: 查询loan_order_id成功！
INFO - 2021-09-27 09:49:24,429 - new_apply_order.py[line:635]: 修改放款准备完成时间成功！
INFO - 2021-09-27 09:49:24,434 - new_apply_order.py[line:643]: xxl_job 放款完成作业执行成功！
INFO - 2021-09-27 09:49:24,938 - new_apply_order.py[line:815]: 校验重试查询第2次
ERROR - 2021-09-27 09:49:25,956 - new_apply_order.py[line:711]: 放款完成或准备失败,目前的订单状态是35
INFO - 2021-09-27 09:49:25,956 - new_apply_order.py[line:712]: {'app': 'pickcredit', 'loan_order_id': '1442305291110584320', 'mobile': '01632707351', 'order_status': 35}
INFO - 2021-09-27 09:49:26,462 - new_apply_order.py[line:815]: 校验重试查询第3次
ERROR - 2021-09-27 09:49:27,478 - new_apply_order.py[line:711]: 放款完成或准备失败,目前的订单状态是35
INFO - 2021-09-27 09:49:27,478 - new_apply_order.py[line:712]: {'app': 'pickcredit', 'loan_order_id': '1442305291110584320', 'mobile': '01632707351', 'order_status': 35}
INFO - 2021-09-27 09:49:27,989 - new_apply_order.py[line:815]: 校验重试查询第4次
ERROR - 2021-09-27 09:49:28,997 - new_apply_order.py[line:711]: 放款完成或准备失败,目前的订单状态是35
INFO - 2021-09-27 09:49:28,997 - new_apply_order.py[line:712]: {'app': 'pickcredit', 'loan_order_id': '1442305291110584320', 'mobile': '01632707351', 'order_status': 35}
INFO - 2021-09-27 09:49:29,501 - new_apply_order.py[line:815]: 校验重试查询第5次
INFO - 2021-09-27 09:49:30,518 - new_apply_order.py[line:709]: 放款完成或准备成功,目前的订单状态是40
INFO - 2021-09-27 09:49:30,518 - new_apply_order.py[line:712]: {'app': 'pickcredit', 'loan_order_id': '1442305291110584320', 'mobile': '01632707351', 'order_status': 40}
INFO - 2021-09-27 09:49:30,520 - new_apply_order.py[line:832]: ===========完成第【1】次进件===========
INFO - 2021-09-27 09:49:30,520 - new_apply_order.py[line:835]: ======完成第【1】次进件,耗时18.63s=====
