INFO - 2021-09-15 14:52:41,789 - new_apply_order.py[line:696]: 开始第 pcamion【1】次进件……
INFO - 2021-09-15 14:52:41,790 - new_apply_order.py[line:82]: ======【co测试环境】生成手机号：3631688761 ======
INFO - 2021-09-15 14:52:42,183 - new_apply_order.py[line:95]: 3631688761 检测用户存在成功！
INFO - 2021-09-15 14:52:42,257 - new_apply_order.py[line:104]: 3631688761 短信发送成功！
INFO - 2021-09-15 14:52:42,333 - new_apply_order.py[line:117]: 3631688761 注册成功！
INFO - 2021-09-15 14:52:42,445 - new_apply_order.py[line:133]: 3631688761 登录短信发送成功！
INFO - 2021-09-15 14:52:42,515 - new_apply_order.py[line:143]: userId=4951131256746549248,mobile=3631688761,token=e80cbb58c6c5cb278e5094c5305bb2da 登录成功
INFO - 2021-09-15 14:52:42,658 - new_apply_order.py[line:205]: 个人信息提交成功！
INFO - 2021-09-15 14:52:43,206 - new_apply_order.py[line:238]: 创建预审订单成功！
INFO - 2021-09-15 14:52:43,255 - new_apply_order.py[line:246]: 预审状态修改为通过,更新条数 1
INFO - 2021-09-15 14:52:43,275 - new_apply_order.py[line:249]: 更新初始额度！更新条数 1
INFO - 2021-09-15 14:52:43,585 - new_apply_order.py[line:266]: 活体图片上传成功！回写配置文件global_param.mp4_url
INFO - 2021-09-15 14:52:43,649 - new_apply_order.py[line:276]: 视频认证通过！
INFO - 2021-09-15 14:52:44,801 - new_apply_order.py[line:331]: curp上传成功!
INFO - 2021-09-15 14:52:44,905 - new_apply_order.py[line:340]: curp_rfc校验通过！
INFO - 2021-09-15 14:52:45,502 - new_apply_order.py[line:413]: 不绑卡成功跳过！
INFO - 2021-09-15 14:52:45,770 - new_apply_order.py[line:426]: 进件成功！执行sql将订单改为风控中……
INFO - 2021-09-15 14:52:46,815 - new_apply_order.py[line:432]: 订单表更新1条，信审更新1条
INFO - 2021-09-15 14:52:47,410 - new_apply_order.py[line:446]: 查询loan_order_id成功！
INFO - 2021-09-15 14:52:47,470 - new_apply_order.py[line:461]: 订单回调复审通过成功！
INFO - 2021-09-15 14:52:48,284 - new_apply_order.py[line:483]: 获取token成功！token=bearer 8a896575-c293-423c-873f-d7d6312422e8！
INFO - 2021-09-15 14:52:48,935 - new_apply_order.py[line:446]: 查询loan_order_id成功！
INFO - 2021-09-15 14:52:49,276 - new_apply_order.py[line:501]: 后台已触发放款成功！
INFO - 2021-09-15 14:52:49,286 - new_apply_order.py[line:515]: xxl_job web 登录成功！
INFO - 2021-09-15 14:52:49,297 - new_apply_order.py[line:531]: xxl_job 放款准备作业执行成功！
INFO - 2021-09-15 14:52:50,812 - new_apply_order.py[line:446]: 查询loan_order_id成功！
INFO - 2021-09-15 14:52:50,822 - new_apply_order.py[line:539]: 修改放款准备完成时间成功！
INFO - 2021-09-15 14:52:50,828 - new_apply_order.py[line:547]: xxl_job 放款完成作业执行成功！
INFO - 2021-09-15 14:52:51,425 - new_apply_order.py[line:446]: 查询loan_order_id成功！
INFO - 2021-09-15 14:52:51,736 - new_apply_order.py[line:719]: 校验重试查询第1次
ERROR - 2021-09-15 14:52:52,748 - new_apply_order.py[line:615]: 放款完成或准备失败,目前的订单状态是35
INFO - 2021-09-15 14:52:52,748 - new_apply_order.py[line:616]: {'app': 'pcamion', 'loan_order_id': '1438033014938144768', 'mobile': '3631688761', 'order_status': 35}
INFO - 2021-09-15 14:52:54,383 - new_apply_order.py[line:446]: 查询loan_order_id成功！
INFO - 2021-09-15 14:52:54,547 - new_apply_order.py[line:600]: 放款回调成功！
INFO - 2021-09-15 14:52:54,547 - new_apply_order.py[line:719]: 校验重试查询第2次
INFO - 2021-09-15 14:52:55,559 - new_apply_order.py[line:613]: 放款完成或准备成功,目前的订单状态是40
INFO - 2021-09-15 14:52:55,560 - new_apply_order.py[line:616]: {'app': 'pcamion', 'loan_order_id': '1438033014938144768', 'mobile': '3631688761', 'order_status': 40}
INFO - 2021-09-15 14:52:55,561 - new_apply_order.py[line:736]: ===========完成第【1】次进件===========
INFO - 2021-09-15 14:52:55,562 - new_apply_order.py[line:739]: ======完成第【1】次进件,耗时13.77s=====
