INFO - 2022-01-04 20:11:16,956 - new_apply_order.py[line:891]: 开始第 aceloan【1】次进件……
INFO - 2022-01-04 20:11:17,324 - new_apply_order.py[line:95]: 01634872783 检测用户存在成功！
INFO - 2022-01-04 20:11:17,388 - new_apply_order.py[line:104]: 01634872783 短信发送成功！
ERROR - 2022-01-04 20:11:17,419 - new_apply_order.py[line:119]: 注册失败！{'accept': 'application/json', 'appversion': '1.3.0.9', 'devtoken': 'cb95881f542ac58170:BB:E9:91:D3:CD', 'accept-language': 'en-US', 'clientCode': 'aceloani1300', 'Content-Type': 'application/json; charset=UTF-8', 'Host': '172.20.240.143:8012', 'User-Agent': 'okhttp/4.9.0'}
ERROR - 2022-01-04 20:11:17,420 - new_apply_order.py[line:120]: {"code":"20001003","msg":"This number already exists, please use another number","data":null}
INFO - 2022-01-04 20:11:17,476 - new_apply_order.py[line:133]: 01634872783 登录短信发送成功！
INFO - 2022-01-04 20:11:17,526 - new_apply_order.py[line:143]: userId=6249724227822297088,mobile=01634872783,token=b6b83a3035baa0a815ac9dc582fe0408 登录成功
INFO - 2022-01-04 20:11:17,599 - new_apply_order.py[line:210]: 个人信息提交成功！
INFO - 2022-01-04 20:11:17,652 - new_apply_order.py[line:221]: 联系人信息提交成功！
ERROR - 2022-01-04 20:11:17,800 - new_apply_order.py[line:255]: 创建预审失败{"code":"9999","msg":"The Server is busy, Please try again later","data":null}
INFO - 2022-01-04 20:11:17,827 - new_apply_order.py[line:261]: 预审状态修改为通过,更新条数 0
INFO - 2022-01-04 20:11:17,850 - new_apply_order.py[line:264]: 更新初始额度！更新条数 0
INFO - 2022-01-04 20:11:19,128 - new_apply_order.py[line:340]: 活体图片上传成功！回写配置文件global_param.mp4_url
INFO - 2022-01-04 20:11:19,166 - new_apply_order.py[line:350]: 视频认证通过！
INFO - 2022-01-04 20:11:20,084 - new_apply_order.py[line:509]: bvn和银行卡绑卡认证通过！
INFO - 2022-01-04 20:11:20,452 - new_apply_order.py[line:560]: user更新1条
ERROR - 2022-01-04 20:11:20,625 - new_apply_order.py[line:629]: {"code":"50001004","msg":"Not eligible for borrowing","data":null}
INFO - 2022-01-04 20:11:20,994 - new_apply_order.py[line:641]: 查询loan_order_id成功！
INFO - 2022-01-04 20:11:21,038 - new_apply_order.py[line:656]: 订单回调复审通过成功！
INFO - 2022-01-04 20:11:21,805 - new_apply_order.py[line:678]: 获取token成功！token=bearer 8b726839-f78d-4bfc-a13d-d98083b7d78e！
INFO - 2022-01-04 20:11:22,162 - new_apply_order.py[line:641]: 查询loan_order_id成功！
INFO - 2022-01-04 20:11:22,543 - new_apply_order.py[line:696]: 后台已触发放款成功！
INFO - 2022-01-04 20:11:22,558 - new_apply_order.py[line:710]: xxl_job web 登录成功！
INFO - 2022-01-04 20:11:22,571 - new_apply_order.py[line:726]: xxl_job 放款准备作业执行成功！
INFO - 2022-01-04 20:11:23,938 - new_apply_order.py[line:641]: 查询loan_order_id成功！
INFO - 2022-01-04 20:11:23,966 - new_apply_order.py[line:734]: 修改放款准备完成时间成功！
INFO - 2022-01-04 20:11:23,978 - new_apply_order.py[line:742]: xxl_job 放款完成作业执行成功！
INFO - 2022-01-04 20:11:24,288 - new_apply_order.py[line:914]: 校验重试查询第1次
ERROR - 2022-01-04 20:11:25,316 - new_apply_order.py[line:810]: 放款完成或准备失败,目前的订单状态是35
INFO - 2022-01-04 20:11:25,316 - new_apply_order.py[line:811]: {'app': 'aceloan', 'loan_order_id': '1478334786209976320', 'mobile': '01634872783', 'order_status': 35}
INFO - 2022-01-04 20:11:25,824 - new_apply_order.py[line:914]: 校验重试查询第2次
ERROR - 2022-01-04 20:11:26,852 - new_apply_order.py[line:810]: 放款完成或准备失败,目前的订单状态是35
INFO - 2022-01-04 20:11:26,853 - new_apply_order.py[line:811]: {'app': 'aceloan', 'loan_order_id': '1478334786209976320', 'mobile': '01634872783', 'order_status': 35}
INFO - 2022-01-04 20:11:27,358 - new_apply_order.py[line:914]: 校验重试查询第3次
INFO - 2022-01-04 20:11:28,384 - new_apply_order.py[line:808]: 放款完成或准备成功,目前的订单状态是40
INFO - 2022-01-04 20:11:28,384 - new_apply_order.py[line:811]: {'app': 'aceloan', 'loan_order_id': '1478334786209976320', 'mobile': '01634872783', 'order_status': 40}
INFO - 2022-01-04 20:11:28,386 - new_apply_order.py[line:931]: ===========完成第【1】次进件===========
INFO - 2022-01-04 20:11:28,386 - new_apply_order.py[line:934]: ======完成第【1】次进件,耗时11.43s=====
