INFO - 2021-09-23 10:57:43,420 - new_apply_order.py[line:792]: 开始第 muchodinero【1】次进件……
INFO - 2021-09-23 10:57:43,528 - new_apply_order.py[line:60]: 删除redis key: "mx:cfs:user:userid:4953970369732157440"
INFO - 2021-09-23 10:57:43,587 - new_apply_order.py[line:75]: 更新脏数据0条
INFO - 2021-09-23 10:57:43,588 - new_apply_order.py[line:82]: ======【mx测试环境】生成手机号：1632365863 ======
INFO - 2021-09-23 10:57:43,955 - new_apply_order.py[line:95]: 1632365863 检测用户存在成功！
INFO - 2021-09-23 10:57:44,009 - new_apply_order.py[line:104]: 1632365863 短信发送成功！
INFO - 2021-09-23 10:57:44,056 - new_apply_order.py[line:117]: 1632365863 注册成功！
INFO - 2021-09-23 10:57:44,116 - new_apply_order.py[line:133]: 1632365863 登录短信发送成功！
INFO - 2021-09-23 10:57:44,164 - new_apply_order.py[line:143]: userId=4953971227219861504,mobile=1632365863,token=2ca954a609dfcea36e715fb4e19369cd 登录成功
INFO - 2021-09-23 10:57:44,246 - new_apply_order.py[line:205]: 个人信息提交成功！
INFO - 2021-09-23 10:57:44,701 - new_apply_order.py[line:238]: 创建预审订单成功！
INFO - 2021-09-23 10:57:44,717 - new_apply_order.py[line:246]: 预审状态修改为通过,更新条数 1
INFO - 2021-09-23 10:57:44,729 - new_apply_order.py[line:249]: 更新初始额度！更新条数 1
INFO - 2021-09-23 10:57:47,311 - new_apply_order.py[line:285]: curp上传成功!
INFO - 2021-09-23 10:57:47,444 - new_apply_order.py[line:294]: curp_rfc校验通过！
INFO - 2021-09-23 10:57:48,240 - new_apply_order.py[line:305]: 人脸识别成功!
INFO - 2021-09-23 10:57:48,844 - new_apply_order.py[line:491]: 绑卡成功！
INFO - 2021-09-23 10:57:49,076 - new_apply_order.py[line:522]: 进件成功！执行sql将订单改为风控中……
INFO - 2021-09-23 10:57:50,112 - new_apply_order.py[line:528]: 订单表更新1条，信审更新1条
INFO - 2021-09-23 10:57:50,478 - new_apply_order.py[line:542]: 查询loan_order_id成功！
INFO - 2021-09-23 10:57:50,521 - new_apply_order.py[line:557]: 订单回调复审通过成功！
INFO - 2021-09-23 10:57:51,299 - new_apply_order.py[line:579]: 获取token成功！token=bearer 55b0db8d-4fe5-44a5-b4e7-b3d9054557dd！
INFO - 2021-09-23 10:57:51,650 - new_apply_order.py[line:542]: 查询loan_order_id成功！
INFO - 2021-09-23 10:57:51,951 - new_apply_order.py[line:597]: 后台已触发放款成功！
INFO - 2021-09-23 10:57:51,964 - new_apply_order.py[line:611]: xxl_job web 登录成功！
INFO - 2021-09-23 10:57:51,973 - new_apply_order.py[line:627]: xxl_job 放款准备作业执行成功！
INFO - 2021-09-23 10:57:53,317 - new_apply_order.py[line:542]: 查询loan_order_id成功！
INFO - 2021-09-23 10:57:53,335 - new_apply_order.py[line:635]: 修改放款准备完成时间成功！
INFO - 2021-09-23 10:57:53,342 - new_apply_order.py[line:643]: xxl_job 放款完成作业执行成功！
INFO - 2021-09-23 10:57:53,693 - new_apply_order.py[line:542]: 查询loan_order_id成功！
INFO - 2021-09-23 10:57:54,007 - new_apply_order.py[line:815]: 校验重试查询第1次
ERROR - 2021-09-23 10:57:55,024 - new_apply_order.py[line:711]: 放款完成或准备失败,目前的订单状态是35
INFO - 2021-09-23 10:57:55,024 - new_apply_order.py[line:712]: {'app': 'muchodinero', 'loan_order_id': '1440872984665395200', 'mobile': '1632365863', 'order_status': 35}
INFO - 2021-09-23 10:57:55,877 - new_apply_order.py[line:542]: 查询loan_order_id成功！
INFO - 2021-09-23 10:57:55,889 - new_apply_order.py[line:815]: 校验重试查询第2次
ERROR - 2021-09-23 10:57:56,905 - new_apply_order.py[line:711]: 放款完成或准备失败,目前的订单状态是35
INFO - 2021-09-23 10:57:56,906 - new_apply_order.py[line:712]: {'app': 'muchodinero', 'loan_order_id': '1440872984665395200', 'mobile': '1632365863', 'order_status': 35}
INFO - 2021-09-23 10:57:57,757 - new_apply_order.py[line:542]: 查询loan_order_id成功！
INFO - 2021-09-23 10:57:57,862 - new_apply_order.py[line:664]: 放款回调成功！
INFO - 2021-09-23 10:57:57,863 - new_apply_order.py[line:815]: 校验重试查询第3次
INFO - 2021-09-23 10:57:58,877 - new_apply_order.py[line:709]: 放款完成或准备成功,目前的订单状态是40
INFO - 2021-09-23 10:57:58,878 - new_apply_order.py[line:712]: {'app': 'muchodinero', 'loan_order_id': '1440872984665395200', 'mobile': '1632365863', 'order_status': 40}
INFO - 2021-09-23 10:57:58,879 - new_apply_order.py[line:832]: ===========完成第【1】次进件===========
INFO - 2021-09-23 10:57:58,879 - new_apply_order.py[line:835]: ======完成第【1】次进件,耗时15.46s=====
