INFO - 2021-09-18 09:32:53,294 - new_apply_order.py[line:696]: 开始第 muchodinero【1】次进件……
INFO - 2021-09-18 09:32:53,357 - new_apply_order.py[line:60]: 删除redis key: "mx:cfs:user:userid:4952137701587558400"
INFO - 2021-09-18 09:32:53,391 - new_apply_order.py[line:60]: 删除redis key: "mx:cfs:user:userid:4951893560207220736"
INFO - 2021-09-18 09:32:53,433 - new_apply_order.py[line:60]: 删除redis key: "mx:cfs:user:userid:4952130489393750016"
INFO - 2021-09-18 09:32:53,457 - new_apply_order.py[line:60]: 删除redis key: "mx:cfs:user:userid:4952137811046309888"
INFO - 2021-09-18 09:32:53,471 - new_apply_order.py[line:75]: 更新脏数据0条
INFO - 2021-09-18 09:32:53,472 - new_apply_order.py[line:82]: ======【mx测试环境】生成手机号：1631928773 ======
INFO - 2021-09-18 09:32:54,072 - new_apply_order.py[line:95]: 1631928773 检测用户存在成功！
INFO - 2021-09-18 09:32:54,133 - new_apply_order.py[line:104]: 1631928773 短信发送成功！
INFO - 2021-09-18 09:32:54,214 - new_apply_order.py[line:117]: 1631928773 注册成功！
INFO - 2021-09-18 09:32:54,315 - new_apply_order.py[line:133]: 1631928773 登录短信发送成功！
INFO - 2021-09-18 09:32:54,386 - new_apply_order.py[line:143]: userId=4952137939303931904,mobile=1631928773,token=16e4b0777797e7de0ea0d8f508285141 登录成功
INFO - 2021-09-18 09:32:54,524 - new_apply_order.py[line:205]: 个人信息提交成功！
INFO - 2021-09-18 09:32:55,022 - new_apply_order.py[line:238]: 创建预审订单成功！
INFO - 2021-09-18 09:32:55,040 - new_apply_order.py[line:246]: 预审状态修改为通过,更新条数 1
INFO - 2021-09-18 09:32:55,051 - new_apply_order.py[line:249]: 更新初始额度！更新条数 1
INFO - 2021-09-18 09:32:57,374 - new_apply_order.py[line:285]: curp上传成功!
INFO - 2021-09-18 09:32:57,521 - new_apply_order.py[line:294]: curp_rfc校验通过！
INFO - 2021-09-18 09:32:58,353 - new_apply_order.py[line:305]: 人脸识别成功!
INFO - 2021-09-18 09:32:58,995 - new_apply_order.py[line:395]: 绑卡成功！
INFO - 2021-09-18 09:32:59,575 - new_apply_order.py[line:426]: 进件成功！执行sql将订单改为风控中……
INFO - 2021-09-18 09:33:00,610 - new_apply_order.py[line:432]: 订单表更新1条，信审更新1条
INFO - 2021-09-18 09:33:01,046 - new_apply_order.py[line:446]: 查询loan_order_id成功！
INFO - 2021-09-18 09:33:01,097 - new_apply_order.py[line:461]: 订单回调复审通过成功！
INFO - 2021-09-18 09:33:01,870 - new_apply_order.py[line:483]: 获取token成功！token=bearer e867b996-4e1e-4d08-9b75-dd4b37093e39！
INFO - 2021-09-18 09:33:02,252 - new_apply_order.py[line:446]: 查询loan_order_id成功！
INFO - 2021-09-18 09:33:03,050 - new_apply_order.py[line:501]: 后台已触发放款成功！
INFO - 2021-09-18 09:33:03,062 - new_apply_order.py[line:515]: xxl_job web 登录成功！
INFO - 2021-09-18 09:33:03,071 - new_apply_order.py[line:531]: xxl_job 放款准备作业执行成功！
INFO - 2021-09-18 09:33:04,470 - new_apply_order.py[line:446]: 查询loan_order_id成功！
INFO - 2021-09-18 09:33:04,484 - new_apply_order.py[line:539]: 修改放款准备完成时间成功！
INFO - 2021-09-18 09:33:04,492 - new_apply_order.py[line:547]: xxl_job 放款完成作业执行成功！
INFO - 2021-09-18 09:33:04,905 - new_apply_order.py[line:446]: 查询loan_order_id成功！
INFO - 2021-09-18 09:33:05,218 - new_apply_order.py[line:719]: 校验重试查询第1次
ERROR - 2021-09-18 09:33:06,235 - new_apply_order.py[line:615]: 放款完成或准备失败,目前的订单状态是35
INFO - 2021-09-18 09:33:06,235 - new_apply_order.py[line:616]: {'app': 'muchodinero', 'loan_order_id': '1439039697542189056', 'mobile': '1631928773', 'order_status': 35}
INFO - 2021-09-18 09:33:07,175 - new_apply_order.py[line:446]: 查询loan_order_id成功！
INFO - 2021-09-18 09:33:07,186 - new_apply_order.py[line:719]: 校验重试查询第2次
ERROR - 2021-09-18 09:33:08,201 - new_apply_order.py[line:615]: 放款完成或准备失败,目前的订单状态是35
INFO - 2021-09-18 09:33:08,202 - new_apply_order.py[line:616]: {'app': 'muchodinero', 'loan_order_id': '1439039697542189056', 'mobile': '1631928773', 'order_status': 35}
INFO - 2021-09-18 09:33:09,124 - new_apply_order.py[line:446]: 查询loan_order_id成功！
INFO - 2021-09-18 09:33:09,300 - new_apply_order.py[line:568]: 放款回调成功！
INFO - 2021-09-18 09:33:09,301 - new_apply_order.py[line:719]: 校验重试查询第3次
INFO - 2021-09-18 09:33:10,315 - new_apply_order.py[line:613]: 放款完成或准备成功,目前的订单状态是40
INFO - 2021-09-18 09:33:10,316 - new_apply_order.py[line:616]: {'app': 'muchodinero', 'loan_order_id': '1439039697542189056', 'mobile': '1631928773', 'order_status': 40}
INFO - 2021-09-18 09:33:10,316 - new_apply_order.py[line:736]: ===========完成第【1】次进件===========
INFO - 2021-09-18 09:33:10,317 - new_apply_order.py[line:739]: ======完成第【1】次进件,耗时17.02s=====
