INFO - 2022-01-05 13:47:46,815 - new_apply_order.py[line:928]: 开始第 aceloan【1】次进件……
INFO - 2022-01-05 13:47:47,212 - new_apply_order.py[line:95]: 01634872794 检测用户存在成功！
INFO - 2022-01-05 13:47:47,294 - new_apply_order.py[line:104]: 01634872794 短信发送成功！
INFO - 2022-01-05 13:47:47,347 - new_apply_order.py[line:117]: 01634872794 注册成功！
INFO - 2022-01-05 13:47:47,405 - new_apply_order.py[line:133]: 01634872794 登录短信发送成功！
INFO - 2022-01-05 13:47:47,456 - new_apply_order.py[line:143]: userId=6249993560989376512,mobile=01634872794,token=ba50eecb1eab0e6f0cd3697749efc6ab 登录成功
INFO - 2022-01-05 13:47:47,563 - new_apply_order.py[line:210]: 个人信息提交成功！
INFO - 2022-01-05 13:47:47,615 - new_apply_order.py[line:221]: 联系人信息提交成功！
INFO - 2022-01-05 13:47:47,938 - new_apply_order.py[line:253]: 创建预审订单成功！
INFO - 2022-01-05 13:47:47,969 - new_apply_order.py[line:261]: 预审状态修改为通过,更新条数 1
INFO - 2022-01-05 13:47:47,999 - new_apply_order.py[line:264]: 更新初始额度！更新条数 1
INFO - 2022-01-05 13:47:48,348 - new_apply_order.py[line:340]: 活体图片上传成功！回写配置文件global_param.mp4_url
INFO - 2022-01-05 13:47:48,387 - new_apply_order.py[line:350]: 视频认证通过！
INFO - 2022-01-05 13:47:49,473 - new_apply_order.py[line:509]: bvn和银行卡绑卡认证通过！
INFO - 2022-01-05 13:47:49,850 - new_apply_order.py[line:560]: user更新1条
INFO - 2022-01-05 13:47:50,056 - new_apply_order.py[line:621]: 进件成功！执行sql将订单改为风控中……
INFO - 2022-01-05 13:47:51,133 - new_apply_order.py[line:627]: 订单表更新1条，信审更新1条
INFO - 2022-01-05 13:47:51,517 - new_apply_order.py[line:641]: 查询loan_order_id成功！
INFO - 2022-01-05 13:47:51,554 - new_apply_order.py[line:656]: 订单回调复审通过成功！
INFO - 2022-01-05 13:47:52,367 - new_apply_order.py[line:678]: 获取token成功！token=bearer ad65f441-35a1-4264-86d9-012a4ccbb2df！
INFO - 2022-01-05 13:47:52,721 - new_apply_order.py[line:641]: 查询loan_order_id成功！
INFO - 2022-01-05 13:47:53,037 - new_apply_order.py[line:696]: 后台已触发放款成功！
INFO - 2022-01-05 13:47:53,063 - new_apply_order.py[line:710]: xxl_job web 登录成功！
INFO - 2022-01-05 13:47:53,083 - new_apply_order.py[line:726]: xxl_job 放款准备作业执行成功！
INFO - 2022-01-05 13:47:54,462 - new_apply_order.py[line:641]: 查询loan_order_id成功！
INFO - 2022-01-05 13:47:54,495 - new_apply_order.py[line:734]: 修改放款准备完成时间成功！
INFO - 2022-01-05 13:47:54,507 - new_apply_order.py[line:742]: xxl_job 放款完成作业执行成功！
INFO - 2022-01-05 13:47:54,816 - new_apply_order.py[line:951]: 校验重试查询第1次
ERROR - 2022-01-05 13:47:55,849 - new_apply_order.py[line:810]: 放款完成或准备失败,目前的订单状态是35
INFO - 2022-01-05 13:47:55,849 - new_apply_order.py[line:811]: {'app': 'aceloan', 'loan_order_id': '1478604118961819648', 'mobile': '01634872794', 'order_status': 35}
INFO - 2022-01-05 13:47:56,360 - new_apply_order.py[line:951]: 校验重试查询第2次
INFO - 2022-01-05 13:47:57,396 - new_apply_order.py[line:808]: 放款完成或准备成功,目前的订单状态是40
INFO - 2022-01-05 13:47:57,397 - new_apply_order.py[line:811]: {'app': 'aceloan', 'loan_order_id': '1478604118961819648', 'mobile': '01634872794', 'order_status': 40}
INFO - 2022-01-05 13:47:57,397 - new_apply_order.py[line:968]: ===========完成第【1】次进件===========
INFO - 2022-01-05 13:47:57,398 - new_apply_order.py[line:971]: ======完成第【1】次进件,耗时10.58s=====
INFO - 2022-01-05 13:47:57,886 - new_apply_order.py[line:678]: 获取token成功！token=bearer ad65f441-35a1-4264-86d9-012a4ccbb2df！
INFO - 2022-01-05 13:47:58,506 - new_apply_order.py[line:678]: 获取token成功！token=bearer ad65f441-35a1-4264-86d9-012a4ccbb2df！
INFO - 2022-01-05 13:47:59,096 - new_apply_order.py[line:641]: 查询loan_order_id成功！
ERROR - 2022-01-05 13:47:59,510 - new_apply_order.py[line:975]: name 'loan_order_id' is not defined
ERROR - 2022-01-05 13:47:59,512 - new_apply_order.py[line:976]: None
