INFO - 2021-08-31 13:22:59,987 - new_apply_order.py[line:511]: 开始第 borrowme【1】次进件……
INFO - 2021-08-31 13:22:59,987 - new_apply_order.py[line:79]: ======【nga测试环境】生成手机号：01630387379 ======
INFO - 2021-08-31 13:23:00,361 - new_apply_order.py[line:86]: 01630387379 检测用户存在成功！
INFO - 2021-08-31 13:23:00,424 - new_apply_order.py[line:93]: 01630387379 短信发送成功！
INFO - 2021-08-31 13:23:00,465 - new_apply_order.py[line:103]: 01630387379 注册成功！
ERROR - 2021-08-31 13:23:00,493 - new_apply_order.py[line:122]: 登录失败!
INFO - 2021-08-31 13:23:00,551 - new_apply_order.py[line:166]: 个人信息提交成功！
INFO - 2021-08-31 13:23:00,601 - new_apply_order.py[line:175]: 联系人信息提交成功！
ERROR - 2021-08-31 13:23:00,733 - new_apply_order.py[line:194]: 创建预审失败{"code":"9999","msg":"The Server is busy, Please try again later","data":null}
INFO - 2021-08-31 13:23:00,746 - new_apply_order.py[line:200]: 预审状态修改为通过,更新条数 0
INFO - 2021-08-31 13:23:00,754 - new_apply_order.py[line:203]: 更新初始额度！更新条数 0
INFO - 2021-08-31 13:23:01,048 - new_apply_order.py[line:215]: 活体图片上传成功！回写配置文件global_param.mp4_url
INFO - 2021-08-31 13:23:01,079 - new_apply_order.py[line:224]: 视频认证通过！
INFO - 2021-08-31 13:23:02,141 - new_apply_order.py[line:270]: bvn和银行卡绑卡认证通过！
INFO - 2021-08-31 13:23:02,441 - new_apply_order.py[line:291]: user更新1条
ERROR - 2021-08-31 13:23:02,596 - new_apply_order.py[line:319]: {"code":"50001004","msg":"Not eligible for borrowing","data":null}
INFO - 2021-08-31 13:23:03,042 - new_apply_order.py[line:326]: 查询loan_order_id成功！
INFO - 2021-08-31 13:23:03,067 - new_apply_order.py[line:336]: 订单回调复审通过成功！
INFO - 2021-08-31 13:23:03,851 - new_apply_order.py[line:352]: 获取token成功！token=bearer bf51653c-283e-47c5-b902-66a96a35688d！
INFO - 2021-08-31 13:23:04,270 - new_apply_order.py[line:326]: 查询loan_order_id成功！
INFO - 2021-08-31 13:23:04,863 - new_apply_order.py[line:364]: 后台已触发放款成功！
INFO - 2021-08-31 13:23:04,873 - new_apply_order.py[line:372]: xxl_job web 登录成功！
INFO - 2021-08-31 13:23:04,882 - new_apply_order.py[line:379]: xxl_job 放款准备作业执行成功！
INFO - 2021-08-31 13:23:06,316 - new_apply_order.py[line:326]: 查询loan_order_id成功！
INFO - 2021-08-31 13:23:06,336 - new_apply_order.py[line:384]: 修改放款准备完成时间成功！
INFO - 2021-08-31 13:23:06,344 - new_apply_order.py[line:387]: xxl_job 放款完成作业执行成功！
INFO - 2021-08-31 13:23:06,649 - new_apply_order.py[line:534]: 校验重试查询第1次
ERROR - 2021-08-31 13:23:07,656 - new_apply_order.py[line:430]: 放款完成或准备失败,目前的订单状态是32
INFO - 2021-08-31 13:23:07,656 - new_apply_order.py[line:431]: {'app': 'borrowme', 'loan_order_id': '1432507683397570560', 'mobile': '01630371420', 'order_status': 32}
INFO - 2021-08-31 13:23:07,661 - new_apply_order.py[line:372]: xxl_job web 登录成功！
INFO - 2021-08-31 13:23:07,666 - new_apply_order.py[line:379]: xxl_job 放款准备作业执行成功！
INFO - 2021-08-31 13:23:09,100 - new_apply_order.py[line:326]: 查询loan_order_id成功！
INFO - 2021-08-31 13:23:09,114 - new_apply_order.py[line:384]: 修改放款准备完成时间成功！
INFO - 2021-08-31 13:23:09,123 - new_apply_order.py[line:387]: xxl_job 放款完成作业执行成功！
INFO - 2021-08-31 13:23:09,626 - new_apply_order.py[line:534]: 校验重试查询第2次
ERROR - 2021-08-31 13:23:10,639 - new_apply_order.py[line:430]: 放款完成或准备失败,目前的订单状态是32
INFO - 2021-08-31 13:23:10,640 - new_apply_order.py[line:431]: {'app': 'borrowme', 'loan_order_id': '1432507683397570560', 'mobile': '01630371420', 'order_status': 32}
INFO - 2021-08-31 13:23:10,648 - new_apply_order.py[line:372]: xxl_job web 登录成功！
INFO - 2021-08-31 13:23:10,655 - new_apply_order.py[line:379]: xxl_job 放款准备作业执行成功！
INFO - 2021-08-31 13:23:12,095 - new_apply_order.py[line:326]: 查询loan_order_id成功！
INFO - 2021-08-31 13:23:12,113 - new_apply_order.py[line:384]: 修改放款准备完成时间成功！
INFO - 2021-08-31 13:23:12,121 - new_apply_order.py[line:387]: xxl_job 放款完成作业执行成功！
INFO - 2021-08-31 13:23:12,626 - new_apply_order.py[line:534]: 校验重试查询第3次
ERROR - 2021-08-31 13:23:13,643 - new_apply_order.py[line:430]: 放款完成或准备失败,目前的订单状态是32
INFO - 2021-08-31 13:23:13,643 - new_apply_order.py[line:431]: {'app': 'borrowme', 'loan_order_id': '1432507683397570560', 'mobile': '01630371420', 'order_status': 32}
INFO - 2021-08-31 13:23:13,651 - new_apply_order.py[line:372]: xxl_job web 登录成功！
INFO - 2021-08-31 13:23:13,659 - new_apply_order.py[line:379]: xxl_job 放款准备作业执行成功！
INFO - 2021-08-31 13:23:15,094 - new_apply_order.py[line:326]: 查询loan_order_id成功！
INFO - 2021-08-31 13:23:15,110 - new_apply_order.py[line:384]: 修改放款准备完成时间成功！
INFO - 2021-08-31 13:23:15,117 - new_apply_order.py[line:387]: xxl_job 放款完成作业执行成功！
INFO - 2021-08-31 13:23:15,620 - new_apply_order.py[line:534]: 校验重试查询第4次
ERROR - 2021-08-31 13:23:16,637 - new_apply_order.py[line:430]: 放款完成或准备失败,目前的订单状态是32
INFO - 2021-08-31 13:23:16,638 - new_apply_order.py[line:431]: {'app': 'borrowme', 'loan_order_id': '1432507683397570560', 'mobile': '01630371420', 'order_status': 32}
INFO - 2021-08-31 13:23:16,647 - new_apply_order.py[line:372]: xxl_job web 登录成功！
INFO - 2021-08-31 13:23:16,659 - new_apply_order.py[line:379]: xxl_job 放款准备作业执行成功！
INFO - 2021-08-31 13:23:18,109 - new_apply_order.py[line:326]: 查询loan_order_id成功！
INFO - 2021-08-31 13:23:18,129 - new_apply_order.py[line:384]: 修改放款准备完成时间成功！
INFO - 2021-08-31 13:23:18,140 - new_apply_order.py[line:387]: xxl_job 放款完成作业执行成功！
INFO - 2021-08-31 13:23:18,643 - new_apply_order.py[line:534]: 校验重试查询第5次
ERROR - 2021-08-31 13:23:19,656 - new_apply_order.py[line:430]: 放款完成或准备失败,目前的订单状态是32
INFO - 2021-08-31 13:23:19,656 - new_apply_order.py[line:431]: {'app': 'borrowme', 'loan_order_id': '1432507683397570560', 'mobile': '01630371420', 'order_status': 32}
INFO - 2021-08-31 13:23:19,665 - new_apply_order.py[line:372]: xxl_job web 登录成功！
INFO - 2021-08-31 13:23:19,672 - new_apply_order.py[line:379]: xxl_job 放款准备作业执行成功！
INFO - 2021-08-31 13:23:21,099 - new_apply_order.py[line:326]: 查询loan_order_id成功！
INFO - 2021-08-31 13:23:21,115 - new_apply_order.py[line:384]: 修改放款准备完成时间成功！
INFO - 2021-08-31 13:23:21,123 - new_apply_order.py[line:387]: xxl_job 放款完成作业执行成功！
INFO - 2021-08-31 13:23:21,627 - new_apply_order.py[line:534]: 校验重试查询第6次
ERROR - 2021-08-31 13:23:22,642 - new_apply_order.py[line:430]: 放款完成或准备失败,目前的订单状态是32
INFO - 2021-08-31 13:23:22,642 - new_apply_order.py[line:431]: {'app': 'borrowme', 'loan_order_id': '1432507683397570560', 'mobile': '01630371420', 'order_status': 32}
INFO - 2021-08-31 13:23:22,650 - new_apply_order.py[line:372]: xxl_job web 登录成功！
INFO - 2021-08-31 13:23:22,657 - new_apply_order.py[line:379]: xxl_job 放款准备作业执行成功！
INFO - 2021-08-31 13:23:24,084 - new_apply_order.py[line:326]: 查询loan_order_id成功！
INFO - 2021-08-31 13:23:24,098 - new_apply_order.py[line:384]: 修改放款准备完成时间成功！
INFO - 2021-08-31 13:23:24,103 - new_apply_order.py[line:387]: xxl_job 放款完成作业执行成功！
INFO - 2021-08-31 13:23:24,605 - new_apply_order.py[line:534]: 校验重试查询第7次
ERROR - 2021-08-31 13:23:25,623 - new_apply_order.py[line:430]: 放款完成或准备失败,目前的订单状态是32
INFO - 2021-08-31 13:23:25,624 - new_apply_order.py[line:431]: {'app': 'borrowme', 'loan_order_id': '1432507683397570560', 'mobile': '01630371420', 'order_status': 32}
INFO - 2021-08-31 13:23:25,632 - new_apply_order.py[line:372]: xxl_job web 登录成功！
INFO - 2021-08-31 13:23:25,638 - new_apply_order.py[line:379]: xxl_job 放款准备作业执行成功！
INFO - 2021-08-31 13:23:27,053 - new_apply_order.py[line:326]: 查询loan_order_id成功！
INFO - 2021-08-31 13:23:27,068 - new_apply_order.py[line:384]: 修改放款准备完成时间成功！
INFO - 2021-08-31 13:23:27,072 - new_apply_order.py[line:387]: xxl_job 放款完成作业执行成功！
INFO - 2021-08-31 13:23:27,576 - new_apply_order.py[line:534]: 校验重试查询第8次
ERROR - 2021-08-31 13:23:28,586 - new_apply_order.py[line:430]: 放款完成或准备失败,目前的订单状态是32
INFO - 2021-08-31 13:23:28,586 - new_apply_order.py[line:431]: {'app': 'borrowme', 'loan_order_id': '1432507683397570560', 'mobile': '01630371420', 'order_status': 32}
INFO - 2021-08-31 13:23:28,592 - new_apply_order.py[line:372]: xxl_job web 登录成功！
INFO - 2021-08-31 13:23:28,598 - new_apply_order.py[line:379]: xxl_job 放款准备作业执行成功！
INFO - 2021-08-31 13:23:30,039 - new_apply_order.py[line:326]: 查询loan_order_id成功！
INFO - 2021-08-31 13:23:30,052 - new_apply_order.py[line:384]: 修改放款准备完成时间成功！
INFO - 2021-08-31 13:23:30,058 - new_apply_order.py[line:387]: xxl_job 放款完成作业执行成功！
INFO - 2021-08-31 13:23:30,562 - new_apply_order.py[line:534]: 校验重试查询第9次
ERROR - 2021-08-31 13:23:31,574 - new_apply_order.py[line:430]: 放款完成或准备失败,目前的订单状态是32
INFO - 2021-08-31 13:23:31,575 - new_apply_order.py[line:431]: {'app': 'borrowme', 'loan_order_id': '1432507683397570560', 'mobile': '01630371420', 'order_status': 32}
INFO - 2021-08-31 13:23:31,583 - new_apply_order.py[line:372]: xxl_job web 登录成功！
INFO - 2021-08-31 13:23:31,589 - new_apply_order.py[line:379]: xxl_job 放款准备作业执行成功！
INFO - 2021-08-31 13:23:33,025 - new_apply_order.py[line:326]: 查询loan_order_id成功！
INFO - 2021-08-31 13:23:33,042 - new_apply_order.py[line:384]: 修改放款准备完成时间成功！
INFO - 2021-08-31 13:23:33,049 - new_apply_order.py[line:387]: xxl_job 放款完成作业执行成功！
INFO - 2021-08-31 13:23:33,555 - new_apply_order.py[line:534]: 校验重试查询第10次
ERROR - 2021-08-31 13:23:34,570 - new_apply_order.py[line:430]: 放款完成或准备失败,目前的订单状态是32
INFO - 2021-08-31 13:23:34,571 - new_apply_order.py[line:431]: {'app': 'borrowme', 'loan_order_id': '1432507683397570560', 'mobile': '01630371420', 'order_status': 32}
INFO - 2021-08-31 13:23:34,578 - new_apply_order.py[line:372]: xxl_job web 登录成功！
INFO - 2021-08-31 13:23:34,586 - new_apply_order.py[line:379]: xxl_job 放款准备作业执行成功！
INFO - 2021-08-31 13:23:36,005 - new_apply_order.py[line:326]: 查询loan_order_id成功！
INFO - 2021-08-31 13:23:36,019 - new_apply_order.py[line:384]: 修改放款准备完成时间成功！
INFO - 2021-08-31 13:23:36,027 - new_apply_order.py[line:387]: xxl_job 放款完成作业执行成功！
INFO - 2021-08-31 13:23:36,531 - new_apply_order.py[line:551]: ===========完成第【1】次进件===========
INFO - 2021-08-31 13:23:36,531 - new_apply_order.py[line:554]: ======完成第【1】次进件,耗时36.54s=====
