INFO - 2021-08-30 20:29:02,515 - new_apply_order.py[line:449]: 开始第 borrowme【1】次进件……
INFO - 2021-08-30 20:29:02,516 - new_apply_order.py[line:79]: ======【nga测试环境】生成手机号：01630326542 ======
INFO - 2021-08-30 20:29:02,903 - new_apply_order.py[line:86]: 01630326542 检测用户存在成功！
INFO - 2021-08-30 20:29:02,960 - new_apply_order.py[line:93]: 01630326542 短信发送成功！
INFO - 2021-08-30 20:29:03,034 - new_apply_order.py[line:103]: 01630326542 注册成功！
INFO - 2021-08-30 20:29:03,091 - new_apply_order.py[line:115]: userId=6203708894557773824,mobile=01630326542,token=8a40bf72e91deb2c8a5b946ae3e2ebde 登录成功
INFO - 2021-08-30 20:29:03,164 - new_apply_order.py[line:166]: 个人信息提交成功！
INFO - 2021-08-30 20:29:03,215 - new_apply_order.py[line:175]: 联系人信息提交成功！
INFO - 2021-08-30 20:29:03,712 - new_apply_order.py[line:192]: 创建预审订单成功！
INFO - 2021-08-30 20:29:03,730 - new_apply_order.py[line:200]: 预审状态修改为通过,更新条数 1
INFO - 2021-08-30 20:29:03,745 - new_apply_order.py[line:203]: 更新初始额度！更新条数 1
INFO - 2021-08-30 20:29:04,052 - new_apply_order.py[line:215]: 活体图片上传成功！回写配置文件global_param.mp4_url
INFO - 2021-08-30 20:29:04,087 - new_apply_order.py[line:224]: 视频认证通过！
INFO - 2021-08-30 20:29:05,104 - new_apply_order.py[line:270]: bvn和银行卡绑卡认证通过！
INFO - 2021-08-30 20:29:05,396 - new_apply_order.py[line:291]: user更新1条
INFO - 2021-08-30 20:29:05,637 - new_apply_order.py[line:311]: 进件成功！执行sql将订单改为风控中……
INFO - 2021-08-30 20:29:06,675 - new_apply_order.py[line:317]: 订单表更新1条，信审更新1条
INFO - 2021-08-30 20:29:07,024 - new_apply_order.py[line:326]: 查询loan_order_id成功！
INFO - 2021-08-30 20:29:07,062 - new_apply_order.py[line:336]: 订单回调复审通过成功！
ERROR - 2021-08-30 20:29:07,570 - new_apply_order.py[line:495]: No connection adapters were found for '172.20.240.143:8002/oauth/token'
ERROR - 2021-08-30 20:29:07,577 - new_apply_order.py[line:496]: None
