INFO - 2021-11-05 09:54:50,986 - new_apply_order.py[line:882]: 开始第 ncredit【1】次进件……
INFO - 2021-11-05 09:54:50,986 - new_apply_order.py[line:84]: ======【nga测试环境】生成手机号：01636077290 ======
INFO - 2021-11-05 09:54:51,353 - new_apply_order.py[line:97]: 01636077290 检测用户存在成功！
INFO - 2021-11-05 09:54:51,406 - new_apply_order.py[line:106]: 01636077290 短信发送成功！
INFO - 2021-11-05 09:54:51,455 - new_apply_order.py[line:119]: 01636077290 注册成功！
INFO - 2021-11-05 09:54:51,508 - new_apply_order.py[line:135]: 01636077290 登录短信发送成功！
INFO - 2021-11-05 09:54:51,554 - new_apply_order.py[line:145]: userId=6227829281877925888,mobile=01636077290,token=50507e7ade1fd3140950271fba1b2493 登录成功
INFO - 2021-11-05 09:54:51,651 - new_apply_order.py[line:212]: 个人信息提交成功！
INFO - 2021-11-05 09:54:51,709 - new_apply_order.py[line:223]: 联系人信息提交成功！
INFO - 2021-11-05 09:54:51,940 - new_apply_order.py[line:255]: 创建预审订单成功！
INFO - 2021-11-05 09:54:51,961 - new_apply_order.py[line:263]: 预审状态修改为通过,更新条数 1
INFO - 2021-11-05 09:54:51,979 - new_apply_order.py[line:266]: 更新初始额度！更新条数 1
INFO - 2021-11-05 09:54:52,253 - new_apply_order.py[line:342]: 活体图片上传成功！回写配置文件global_param.mp4_url
INFO - 2021-11-05 09:54:52,297 - new_apply_order.py[line:352]: 视频认证通过！
INFO - 2021-11-05 09:54:53,325 - new_apply_order.py[line:510]: bvn和银行卡绑卡认证通过！
INFO - 2021-11-05 09:54:53,660 - new_apply_order.py[line:561]: user更新1条
INFO - 2021-11-05 09:54:53,885 - new_apply_order.py[line:612]: 进件成功！执行sql将订单改为风控中……
INFO - 2021-11-05 09:54:54,930 - new_apply_order.py[line:618]: 订单表更新1条，信审更新1条
INFO - 2021-11-05 09:54:55,290 - new_apply_order.py[line:632]: 查询loan_order_id成功！
INFO - 2021-11-05 09:54:55,329 - new_apply_order.py[line:647]: 订单回调复审通过成功！
INFO - 2021-11-05 09:54:56,132 - new_apply_order.py[line:669]: 获取token成功！token=bearer d5992460-d0b8-41c1-a203-8106a462060d！
INFO - 2021-11-05 09:54:56,478 - new_apply_order.py[line:632]: 查询loan_order_id成功！
INFO - 2021-11-05 09:54:56,745 - new_apply_order.py[line:687]: 后台已触发放款成功！
INFO - 2021-11-05 09:54:56,761 - new_apply_order.py[line:701]: xxl_job web 登录成功！
INFO - 2021-11-05 09:54:56,773 - new_apply_order.py[line:717]: xxl_job 放款准备作业执行成功！
INFO - 2021-11-05 09:54:58,130 - new_apply_order.py[line:632]: 查询loan_order_id成功！
INFO - 2021-11-05 09:54:58,144 - new_apply_order.py[line:725]: 修改放款准备完成时间成功！
INFO - 2021-11-05 09:54:58,152 - new_apply_order.py[line:733]: xxl_job 放款完成作业执行成功！
INFO - 2021-11-05 09:54:58,459 - new_apply_order.py[line:905]: 校验重试查询第1次
ERROR - 2021-11-05 09:54:59,476 - new_apply_order.py[line:801]: 放款完成或准备失败,目前的订单状态是32
INFO - 2021-11-05 09:54:59,476 - new_apply_order.py[line:802]: {'app': 'ncredit', 'loan_order_id': '1456439839585996800', 'mobile': '01636077290', 'order_status': 32}
INFO - 2021-11-05 09:54:59,490 - new_apply_order.py[line:701]: xxl_job web 登录成功！
INFO - 2021-11-05 09:54:59,501 - new_apply_order.py[line:717]: xxl_job 放款准备作业执行成功！
INFO - 2021-11-05 09:55:00,861 - new_apply_order.py[line:632]: 查询loan_order_id成功！
INFO - 2021-11-05 09:55:00,882 - new_apply_order.py[line:725]: 修改放款准备完成时间成功！
INFO - 2021-11-05 09:55:00,890 - new_apply_order.py[line:733]: xxl_job 放款完成作业执行成功！
INFO - 2021-11-05 09:55:01,393 - new_apply_order.py[line:905]: 校验重试查询第2次
ERROR - 2021-11-05 09:55:02,410 - new_apply_order.py[line:801]: 放款完成或准备失败,目前的订单状态是35
INFO - 2021-11-05 09:55:02,410 - new_apply_order.py[line:802]: {'app': 'ncredit', 'loan_order_id': '1456439839585996800', 'mobile': '01636077290', 'order_status': 35}
INFO - 2021-11-05 09:55:02,920 - new_apply_order.py[line:905]: 校验重试查询第3次
INFO - 2021-11-05 09:55:03,935 - new_apply_order.py[line:799]: 放款完成或准备成功,目前的订单状态是40
INFO - 2021-11-05 09:55:03,936 - new_apply_order.py[line:802]: {'app': 'ncredit', 'loan_order_id': '1456439839585996800', 'mobile': '01636077290', 'order_status': 40}
INFO - 2021-11-05 09:55:03,936 - new_apply_order.py[line:922]: ===========完成第【1】次进件===========
INFO - 2021-11-05 09:55:03,937 - new_apply_order.py[line:882]: 开始第 ncredit【2】次进件……
INFO - 2021-11-05 09:55:03,938 - new_apply_order.py[line:84]: ======【nga测试环境】生成手机号：01636077303 ======
INFO - 2021-11-05 09:55:04,291 - new_apply_order.py[line:97]: 01636077303 检测用户存在成功！
INFO - 2021-11-05 09:55:04,335 - new_apply_order.py[line:106]: 01636077303 短信发送成功！
INFO - 2021-11-05 09:55:04,393 - new_apply_order.py[line:119]: 01636077303 注册成功！
INFO - 2021-11-05 09:55:04,471 - new_apply_order.py[line:135]: 01636077303 登录短信发送成功！
INFO - 2021-11-05 09:55:04,546 - new_apply_order.py[line:145]: userId=6227829336127053824,mobile=01636077303,token=ad7142763deb933e5f1c0482814d87b0 登录成功
INFO - 2021-11-05 09:55:04,653 - new_apply_order.py[line:212]: 个人信息提交成功！
INFO - 2021-11-05 09:55:04,711 - new_apply_order.py[line:223]: 联系人信息提交成功！
INFO - 2021-11-05 09:55:04,925 - new_apply_order.py[line:255]: 创建预审订单成功！
INFO - 2021-11-05 09:55:04,943 - new_apply_order.py[line:263]: 预审状态修改为通过,更新条数 1
INFO - 2021-11-05 09:55:04,959 - new_apply_order.py[line:266]: 更新初始额度！更新条数 1
INFO - 2021-11-05 09:55:05,244 - new_apply_order.py[line:342]: 活体图片上传成功！回写配置文件global_param.mp4_url
INFO - 2021-11-05 09:55:05,280 - new_apply_order.py[line:352]: 视频认证通过！
INFO - 2021-11-05 09:55:06,290 - new_apply_order.py[line:510]: bvn和银行卡绑卡认证通过！
INFO - 2021-11-05 09:55:06,612 - new_apply_order.py[line:561]: user更新1条
INFO - 2021-11-05 09:55:06,813 - new_apply_order.py[line:612]: 进件成功！执行sql将订单改为风控中……
INFO - 2021-11-05 09:55:07,857 - new_apply_order.py[line:618]: 订单表更新1条，信审更新1条
INFO - 2021-11-05 09:55:08,217 - new_apply_order.py[line:632]: 查询loan_order_id成功！
INFO - 2021-11-05 09:55:08,256 - new_apply_order.py[line:647]: 订单回调复审通过成功！
INFO - 2021-11-05 09:55:09,022 - new_apply_order.py[line:669]: 获取token成功！token=bearer d5992460-d0b8-41c1-a203-8106a462060d！
INFO - 2021-11-05 09:55:09,375 - new_apply_order.py[line:632]: 查询loan_order_id成功！
INFO - 2021-11-05 09:55:09,669 - new_apply_order.py[line:687]: 后台已触发放款成功！
INFO - 2021-11-05 09:55:09,683 - new_apply_order.py[line:701]: xxl_job web 登录成功！
INFO - 2021-11-05 09:55:09,695 - new_apply_order.py[line:717]: xxl_job 放款准备作业执行成功！
INFO - 2021-11-05 09:55:11,084 - new_apply_order.py[line:632]: 查询loan_order_id成功！
INFO - 2021-11-05 09:55:11,095 - new_apply_order.py[line:725]: 修改放款准备完成时间成功！
INFO - 2021-11-05 09:55:11,102 - new_apply_order.py[line:733]: xxl_job 放款完成作业执行成功！
INFO - 2021-11-05 09:55:11,410 - new_apply_order.py[line:905]: 校验重试查询第1次
ERROR - 2021-11-05 09:55:12,428 - new_apply_order.py[line:801]: 放款完成或准备失败,目前的订单状态是32
INFO - 2021-11-05 09:55:12,429 - new_apply_order.py[line:802]: {'app': 'ncredit', 'loan_order_id': '1456439894111948800', 'mobile': '01636077303', 'order_status': 32}
INFO - 2021-11-05 09:55:12,443 - new_apply_order.py[line:701]: xxl_job web 登录成功！
INFO - 2021-11-05 09:55:12,454 - new_apply_order.py[line:717]: xxl_job 放款准备作业执行成功！
INFO - 2021-11-05 09:55:13,822 - new_apply_order.py[line:632]: 查询loan_order_id成功！
INFO - 2021-11-05 09:55:13,840 - new_apply_order.py[line:725]: 修改放款准备完成时间成功！
INFO - 2021-11-05 09:55:13,849 - new_apply_order.py[line:733]: xxl_job 放款完成作业执行成功！
INFO - 2021-11-05 09:55:14,353 - new_apply_order.py[line:905]: 校验重试查询第2次
INFO - 2021-11-05 09:55:15,369 - new_apply_order.py[line:799]: 放款完成或准备成功,目前的订单状态是40
INFO - 2021-11-05 09:55:15,370 - new_apply_order.py[line:802]: {'app': 'ncredit', 'loan_order_id': '1456439894111948800', 'mobile': '01636077303', 'order_status': 40}
INFO - 2021-11-05 09:55:15,373 - new_apply_order.py[line:922]: ===========完成第【2】次进件===========
INFO - 2021-11-05 09:55:15,373 - new_apply_order.py[line:882]: 开始第 ncredit【3】次进件……
INFO - 2021-11-05 09:55:15,374 - new_apply_order.py[line:84]: ======【nga测试环境】生成手机号：01636077315 ======
INFO - 2021-11-05 09:55:15,728 - new_apply_order.py[line:97]: 01636077315 检测用户存在成功！
INFO - 2021-11-05 09:55:15,767 - new_apply_order.py[line:106]: 01636077315 短信发送成功！
INFO - 2021-11-05 09:55:15,812 - new_apply_order.py[line:119]: 01636077315 注册成功！
INFO - 2021-11-05 09:55:15,861 - new_apply_order.py[line:135]: 01636077315 登录短信发送成功！
INFO - 2021-11-05 09:55:15,907 - new_apply_order.py[line:145]: userId=6227829384046977024,mobile=01636077315,token=164f282c5650d5ac75a89d3fcc20f054 登录成功
INFO - 2021-11-05 09:55:16,006 - new_apply_order.py[line:212]: 个人信息提交成功！
INFO - 2021-11-05 09:55:16,081 - new_apply_order.py[line:223]: 联系人信息提交成功！
INFO - 2021-11-05 09:55:16,350 - new_apply_order.py[line:255]: 创建预审订单成功！
INFO - 2021-11-05 09:55:16,369 - new_apply_order.py[line:263]: 预审状态修改为通过,更新条数 1
INFO - 2021-11-05 09:55:16,387 - new_apply_order.py[line:266]: 更新初始额度！更新条数 1
INFO - 2021-11-05 09:55:16,604 - new_apply_order.py[line:342]: 活体图片上传成功！回写配置文件global_param.mp4_url
INFO - 2021-11-05 09:55:16,636 - new_apply_order.py[line:352]: 视频认证通过！
INFO - 2021-11-05 09:55:17,662 - new_apply_order.py[line:510]: bvn和银行卡绑卡认证通过！
INFO - 2021-11-05 09:55:17,985 - new_apply_order.py[line:561]: user更新1条
INFO - 2021-11-05 09:55:18,207 - new_apply_order.py[line:612]: 进件成功！执行sql将订单改为风控中……
INFO - 2021-11-05 09:55:19,243 - new_apply_order.py[line:618]: 订单表更新1条，信审更新1条
INFO - 2021-11-05 09:55:19,598 - new_apply_order.py[line:632]: 查询loan_order_id成功！
INFO - 2021-11-05 09:55:19,638 - new_apply_order.py[line:647]: 订单回调复审通过成功！
INFO - 2021-11-05 09:55:20,388 - new_apply_order.py[line:669]: 获取token成功！token=bearer d5992460-d0b8-41c1-a203-8106a462060d！
INFO - 2021-11-05 09:55:20,739 - new_apply_order.py[line:632]: 查询loan_order_id成功！
INFO - 2021-11-05 09:55:21,039 - new_apply_order.py[line:687]: 后台已触发放款成功！
INFO - 2021-11-05 09:55:21,055 - new_apply_order.py[line:701]: xxl_job web 登录成功！
INFO - 2021-11-05 09:55:21,067 - new_apply_order.py[line:717]: xxl_job 放款准备作业执行成功！
INFO - 2021-11-05 09:55:22,424 - new_apply_order.py[line:632]: 查询loan_order_id成功！
INFO - 2021-11-05 09:55:22,437 - new_apply_order.py[line:725]: 修改放款准备完成时间成功！
INFO - 2021-11-05 09:55:22,445 - new_apply_order.py[line:733]: xxl_job 放款完成作业执行成功！
INFO - 2021-11-05 09:55:22,752 - new_apply_order.py[line:905]: 校验重试查询第1次
ERROR - 2021-11-05 09:55:23,763 - new_apply_order.py[line:801]: 放款完成或准备失败,目前的订单状态是32
INFO - 2021-11-05 09:55:23,764 - new_apply_order.py[line:802]: {'app': 'ncredit', 'loan_order_id': '1456439941864099840', 'mobile': '01636077315', 'order_status': 32}
INFO - 2021-11-05 09:55:23,774 - new_apply_order.py[line:701]: xxl_job web 登录成功！
INFO - 2021-11-05 09:55:23,782 - new_apply_order.py[line:717]: xxl_job 放款准备作业执行成功！
INFO - 2021-11-05 09:55:25,134 - new_apply_order.py[line:632]: 查询loan_order_id成功！
INFO - 2021-11-05 09:55:25,144 - new_apply_order.py[line:725]: 修改放款准备完成时间成功！
INFO - 2021-11-05 09:55:25,149 - new_apply_order.py[line:733]: xxl_job 放款完成作业执行成功！
INFO - 2021-11-05 09:55:25,653 - new_apply_order.py[line:905]: 校验重试查询第2次
INFO - 2021-11-05 09:55:26,670 - new_apply_order.py[line:799]: 放款完成或准备成功,目前的订单状态是40
INFO - 2021-11-05 09:55:26,670 - new_apply_order.py[line:802]: {'app': 'ncredit', 'loan_order_id': '1456439941864099840', 'mobile': '01636077315', 'order_status': 40}
INFO - 2021-11-05 09:55:26,671 - new_apply_order.py[line:922]: ===========完成第【3】次进件===========
INFO - 2021-11-05 09:55:26,671 - new_apply_order.py[line:882]: 开始第 ncredit【4】次进件……
INFO - 2021-11-05 09:55:26,672 - new_apply_order.py[line:84]: ======【nga测试环境】生成手机号：01636077326 ======
INFO - 2021-11-05 09:55:27,012 - new_apply_order.py[line:97]: 01636077326 检测用户存在成功！
INFO - 2021-11-05 09:55:27,047 - new_apply_order.py[line:106]: 01636077326 短信发送成功！
INFO - 2021-11-05 09:55:27,087 - new_apply_order.py[line:119]: 01636077326 注册成功！
INFO - 2021-11-05 09:55:27,134 - new_apply_order.py[line:135]: 01636077326 登录短信发送成功！
INFO - 2021-11-05 09:55:27,185 - new_apply_order.py[line:145]: userId=6227829431346143232,mobile=01636077326,token=222e3f26767ddea5c53cc88e533095f0 登录成功
INFO - 2021-11-05 09:55:27,278 - new_apply_order.py[line:212]: 个人信息提交成功！
INFO - 2021-11-05 09:55:27,336 - new_apply_order.py[line:223]: 联系人信息提交成功！
INFO - 2021-11-05 09:55:27,563 - new_apply_order.py[line:255]: 创建预审订单成功！
INFO - 2021-11-05 09:55:27,580 - new_apply_order.py[line:263]: 预审状态修改为通过,更新条数 1
INFO - 2021-11-05 09:55:27,594 - new_apply_order.py[line:266]: 更新初始额度！更新条数 1
INFO - 2021-11-05 09:55:27,789 - new_apply_order.py[line:342]: 活体图片上传成功！回写配置文件global_param.mp4_url
INFO - 2021-11-05 09:55:27,828 - new_apply_order.py[line:352]: 视频认证通过！
INFO - 2021-11-05 09:55:28,792 - new_apply_order.py[line:510]: bvn和银行卡绑卡认证通过！
INFO - 2021-11-05 09:55:29,109 - new_apply_order.py[line:561]: user更新1条
INFO - 2021-11-05 09:55:29,312 - new_apply_order.py[line:612]: 进件成功！执行sql将订单改为风控中……
INFO - 2021-11-05 09:55:30,342 - new_apply_order.py[line:618]: 订单表更新1条，信审更新1条
INFO - 2021-11-05 09:55:30,705 - new_apply_order.py[line:632]: 查询loan_order_id成功！
INFO - 2021-11-05 09:55:30,748 - new_apply_order.py[line:647]: 订单回调复审通过成功！
INFO - 2021-11-05 09:55:31,513 - new_apply_order.py[line:669]: 获取token成功！token=bearer d5992460-d0b8-41c1-a203-8106a462060d！
INFO - 2021-11-05 09:55:31,860 - new_apply_order.py[line:632]: 查询loan_order_id成功！
INFO - 2021-11-05 09:55:32,184 - new_apply_order.py[line:687]: 后台已触发放款成功！
INFO - 2021-11-05 09:55:32,199 - new_apply_order.py[line:701]: xxl_job web 登录成功！
INFO - 2021-11-05 09:55:32,209 - new_apply_order.py[line:717]: xxl_job 放款准备作业执行成功！
INFO - 2021-11-05 09:55:33,564 - new_apply_order.py[line:632]: 查询loan_order_id成功！
INFO - 2021-11-05 09:55:33,574 - new_apply_order.py[line:725]: 修改放款准备完成时间成功！
INFO - 2021-11-05 09:55:33,579 - new_apply_order.py[line:733]: xxl_job 放款完成作业执行成功！
INFO - 2021-11-05 09:55:33,886 - new_apply_order.py[line:905]: 校验重试查询第1次
ERROR - 2021-11-05 09:55:34,899 - new_apply_order.py[line:801]: 放款完成或准备失败,目前的订单状态是32
INFO - 2021-11-05 09:55:34,899 - new_apply_order.py[line:802]: {'app': 'ncredit', 'loan_order_id': '1456439989020659712', 'mobile': '01636077326', 'order_status': 32}
INFO - 2021-11-05 09:55:34,910 - new_apply_order.py[line:701]: xxl_job web 登录成功！
INFO - 2021-11-05 09:55:34,919 - new_apply_order.py[line:717]: xxl_job 放款准备作业执行成功！
INFO - 2021-11-05 09:55:36,279 - new_apply_order.py[line:632]: 查询loan_order_id成功！
INFO - 2021-11-05 09:55:36,294 - new_apply_order.py[line:725]: 修改放款准备完成时间成功！
INFO - 2021-11-05 09:55:36,301 - new_apply_order.py[line:733]: xxl_job 放款完成作业执行成功！
INFO - 2021-11-05 09:55:36,804 - new_apply_order.py[line:905]: 校验重试查询第2次
ERROR - 2021-11-05 09:55:37,815 - new_apply_order.py[line:801]: 放款完成或准备失败,目前的订单状态是32
INFO - 2021-11-05 09:55:37,815 - new_apply_order.py[line:802]: {'app': 'ncredit', 'loan_order_id': '1456439989020659712', 'mobile': '01636077326', 'order_status': 32}
INFO - 2021-11-05 09:55:37,828 - new_apply_order.py[line:701]: xxl_job web 登录成功！
INFO - 2021-11-05 09:55:37,837 - new_apply_order.py[line:717]: xxl_job 放款准备作业执行成功！
INFO - 2021-11-05 09:55:39,230 - new_apply_order.py[line:632]: 查询loan_order_id成功！
INFO - 2021-11-05 09:55:39,251 - new_apply_order.py[line:725]: 修改放款准备完成时间成功！
INFO - 2021-11-05 09:55:39,259 - new_apply_order.py[line:733]: xxl_job 放款完成作业执行成功！
INFO - 2021-11-05 09:55:39,761 - new_apply_order.py[line:905]: 校验重试查询第3次
INFO - 2021-11-05 09:55:40,775 - new_apply_order.py[line:799]: 放款完成或准备成功,目前的订单状态是40
INFO - 2021-11-05 09:55:40,776 - new_apply_order.py[line:802]: {'app': 'ncredit', 'loan_order_id': '1456439989020659712', 'mobile': '01636077326', 'order_status': 40}
INFO - 2021-11-05 09:55:40,776 - new_apply_order.py[line:922]: ===========完成第【4】次进件===========
INFO - 2021-11-05 09:55:40,776 - new_apply_order.py[line:882]: 开始第 ncredit【5】次进件……
INFO - 2021-11-05 09:55:40,777 - new_apply_order.py[line:84]: ======【nga测试环境】生成手机号：01636077340 ======
INFO - 2021-11-05 09:55:41,122 - new_apply_order.py[line:97]: 01636077340 检测用户存在成功！
INFO - 2021-11-05 09:55:41,172 - new_apply_order.py[line:106]: 01636077340 短信发送成功！
INFO - 2021-11-05 09:55:41,214 - new_apply_order.py[line:119]: 01636077340 注册成功！
INFO - 2021-11-05 09:55:41,276 - new_apply_order.py[line:135]: 01636077340 登录短信发送成功！
INFO - 2021-11-05 09:55:41,329 - new_apply_order.py[line:145]: userId=6227829490590687232,mobile=01636077340,token=46faa831f55cec3fd382a024895aafcc 登录成功
INFO - 2021-11-05 09:55:41,438 - new_apply_order.py[line:212]: 个人信息提交成功！
INFO - 2021-11-05 09:55:41,507 - new_apply_order.py[line:223]: 联系人信息提交成功！
INFO - 2021-11-05 09:55:41,718 - new_apply_order.py[line:255]: 创建预审订单成功！
INFO - 2021-11-05 09:55:41,738 - new_apply_order.py[line:263]: 预审状态修改为通过,更新条数 1
INFO - 2021-11-05 09:55:41,753 - new_apply_order.py[line:266]: 更新初始额度！更新条数 1
INFO - 2021-11-05 09:55:42,009 - new_apply_order.py[line:342]: 活体图片上传成功！回写配置文件global_param.mp4_url
INFO - 2021-11-05 09:55:42,045 - new_apply_order.py[line:352]: 视频认证通过！
INFO - 2021-11-05 09:55:43,068 - new_apply_order.py[line:510]: bvn和银行卡绑卡认证通过！
INFO - 2021-11-05 09:55:43,410 - new_apply_order.py[line:561]: user更新1条
INFO - 2021-11-05 09:55:43,623 - new_apply_order.py[line:612]: 进件成功！执行sql将订单改为风控中……
INFO - 2021-11-05 09:55:44,668 - new_apply_order.py[line:618]: 订单表更新1条，信审更新1条
INFO - 2021-11-05 09:55:45,038 - new_apply_order.py[line:632]: 查询loan_order_id成功！
INFO - 2021-11-05 09:55:45,074 - new_apply_order.py[line:647]: 订单回调复审通过成功！
INFO - 2021-11-05 09:55:45,862 - new_apply_order.py[line:669]: 获取token成功！token=bearer d5992460-d0b8-41c1-a203-8106a462060d！
INFO - 2021-11-05 09:55:46,215 - new_apply_order.py[line:632]: 查询loan_order_id成功！
INFO - 2021-11-05 09:55:46,546 - new_apply_order.py[line:687]: 后台已触发放款成功！
INFO - 2021-11-05 09:55:46,560 - new_apply_order.py[line:701]: xxl_job web 登录成功！
INFO - 2021-11-05 09:55:46,572 - new_apply_order.py[line:717]: xxl_job 放款准备作业执行成功！
INFO - 2021-11-05 09:55:47,924 - new_apply_order.py[line:632]: 查询loan_order_id成功！
INFO - 2021-11-05 09:55:47,937 - new_apply_order.py[line:725]: 修改放款准备完成时间成功！
INFO - 2021-11-05 09:55:47,946 - new_apply_order.py[line:733]: xxl_job 放款完成作业执行成功！
INFO - 2021-11-05 09:55:48,256 - new_apply_order.py[line:905]: 校验重试查询第1次
ERROR - 2021-11-05 09:55:49,277 - new_apply_order.py[line:801]: 放款完成或准备失败,目前的订单状态是32
INFO - 2021-11-05 09:55:49,277 - new_apply_order.py[line:802]: {'app': 'ncredit', 'loan_order_id': '1456440048432975872', 'mobile': '01636077340', 'order_status': 32}
INFO - 2021-11-05 09:55:49,292 - new_apply_order.py[line:701]: xxl_job web 登录成功！
INFO - 2021-11-05 09:55:49,303 - new_apply_order.py[line:717]: xxl_job 放款准备作业执行成功！
INFO - 2021-11-05 09:55:50,657 - new_apply_order.py[line:632]: 查询loan_order_id成功！
INFO - 2021-11-05 09:55:50,675 - new_apply_order.py[line:725]: 修改放款准备完成时间成功！
INFO - 2021-11-05 09:55:50,682 - new_apply_order.py[line:733]: xxl_job 放款完成作业执行成功！
INFO - 2021-11-05 09:55:51,186 - new_apply_order.py[line:905]: 校验重试查询第2次
ERROR - 2021-11-05 09:55:52,203 - new_apply_order.py[line:801]: 放款完成或准备失败,目前的订单状态是35
INFO - 2021-11-05 09:55:52,204 - new_apply_order.py[line:802]: {'app': 'ncredit', 'loan_order_id': '1456440048432975872', 'mobile': '01636077340', 'order_status': 35}
INFO - 2021-11-05 09:55:52,715 - new_apply_order.py[line:905]: 校验重试查询第3次
INFO - 2021-11-05 09:55:53,735 - new_apply_order.py[line:799]: 放款完成或准备成功,目前的订单状态是40
INFO - 2021-11-05 09:55:53,735 - new_apply_order.py[line:802]: {'app': 'ncredit', 'loan_order_id': '1456440048432975872', 'mobile': '01636077340', 'order_status': 40}
INFO - 2021-11-05 09:55:53,736 - new_apply_order.py[line:922]: ===========完成第【5】次进件===========
INFO - 2021-11-05 09:55:53,736 - new_apply_order.py[line:882]: 开始第 ncredit【6】次进件……
INFO - 2021-11-05 09:55:53,737 - new_apply_order.py[line:84]: ======【nga测试环境】生成手机号：01636077353 ======
INFO - 2021-11-05 09:55:54,086 - new_apply_order.py[line:97]: 01636077353 检测用户存在成功！
INFO - 2021-11-05 09:55:54,127 - new_apply_order.py[line:106]: 01636077353 短信发送成功！
INFO - 2021-11-05 09:55:54,172 - new_apply_order.py[line:119]: 01636077353 注册成功！
INFO - 2021-11-05 09:55:54,226 - new_apply_order.py[line:135]: 01636077353 登录短信发送成功！
INFO - 2021-11-05 09:55:54,276 - new_apply_order.py[line:145]: userId=6227829544932089856,mobile=01636077353,token=9393693080bb8cc6aa41bf4e321133f7 登录成功
INFO - 2021-11-05 09:55:54,371 - new_apply_order.py[line:212]: 个人信息提交成功！
INFO - 2021-11-05 09:55:54,463 - new_apply_order.py[line:223]: 联系人信息提交成功！
INFO - 2021-11-05 09:55:54,683 - new_apply_order.py[line:255]: 创建预审订单成功！
INFO - 2021-11-05 09:55:54,701 - new_apply_order.py[line:263]: 预审状态修改为通过,更新条数 1
INFO - 2021-11-05 09:55:54,716 - new_apply_order.py[line:266]: 更新初始额度！更新条数 1
INFO - 2021-11-05 09:55:54,980 - new_apply_order.py[line:342]: 活体图片上传成功！回写配置文件global_param.mp4_url
INFO - 2021-11-05 09:55:55,016 - new_apply_order.py[line:352]: 视频认证通过！
INFO - 2021-11-05 09:55:55,935 - new_apply_order.py[line:510]: bvn和银行卡绑卡认证通过！
INFO - 2021-11-05 09:55:56,246 - new_apply_order.py[line:561]: user更新1条
INFO - 2021-11-05 09:55:56,459 - new_apply_order.py[line:612]: 进件成功！执行sql将订单改为风控中……
INFO - 2021-11-05 09:55:57,502 - new_apply_order.py[line:618]: 订单表更新1条，信审更新1条
INFO - 2021-11-05 09:55:57,862 - new_apply_order.py[line:632]: 查询loan_order_id成功！
INFO - 2021-11-05 09:55:57,901 - new_apply_order.py[line:647]: 订单回调复审通过成功！
INFO - 2021-11-05 09:55:58,661 - new_apply_order.py[line:669]: 获取token成功！token=bearer d5992460-d0b8-41c1-a203-8106a462060d！
INFO - 2021-11-05 09:55:59,021 - new_apply_order.py[line:632]: 查询loan_order_id成功！
INFO - 2021-11-05 09:55:59,309 - new_apply_order.py[line:687]: 后台已触发放款成功！
INFO - 2021-11-05 09:55:59,324 - new_apply_order.py[line:701]: xxl_job web 登录成功！
INFO - 2021-11-05 09:55:59,337 - new_apply_order.py[line:717]: xxl_job 放款准备作业执行成功！
INFO - 2021-11-05 09:56:00,697 - new_apply_order.py[line:632]: 查询loan_order_id成功！
INFO - 2021-11-05 09:56:00,710 - new_apply_order.py[line:725]: 修改放款准备完成时间成功！
INFO - 2021-11-05 09:56:00,719 - new_apply_order.py[line:733]: xxl_job 放款完成作业执行成功！
INFO - 2021-11-05 09:56:01,025 - new_apply_order.py[line:905]: 校验重试查询第1次
ERROR - 2021-11-05 09:56:02,041 - new_apply_order.py[line:801]: 放款完成或准备失败,目前的订单状态是32
INFO - 2021-11-05 09:56:02,042 - new_apply_order.py[line:802]: {'app': 'ncredit', 'loan_order_id': '1456440102791155712', 'mobile': '01636077353', 'order_status': 32}
INFO - 2021-11-05 09:56:02,055 - new_apply_order.py[line:701]: xxl_job web 登录成功！
INFO - 2021-11-05 09:56:02,067 - new_apply_order.py[line:717]: xxl_job 放款准备作业执行成功！
INFO - 2021-11-05 09:56:03,422 - new_apply_order.py[line:632]: 查询loan_order_id成功！
INFO - 2021-11-05 09:56:03,439 - new_apply_order.py[line:725]: 修改放款准备完成时间成功！
INFO - 2021-11-05 09:56:03,448 - new_apply_order.py[line:733]: xxl_job 放款完成作业执行成功！
INFO - 2021-11-05 09:56:03,953 - new_apply_order.py[line:905]: 校验重试查询第2次
ERROR - 2021-11-05 09:56:04,975 - new_apply_order.py[line:801]: 放款完成或准备失败,目前的订单状态是35
INFO - 2021-11-05 09:56:04,975 - new_apply_order.py[line:802]: {'app': 'ncredit', 'loan_order_id': '1456440102791155712', 'mobile': '01636077353', 'order_status': 35}
INFO - 2021-11-05 09:56:05,485 - new_apply_order.py[line:905]: 校验重试查询第3次
INFO - 2021-11-05 09:56:06,500 - new_apply_order.py[line:799]: 放款完成或准备成功,目前的订单状态是40
INFO - 2021-11-05 09:56:06,500 - new_apply_order.py[line:802]: {'app': 'ncredit', 'loan_order_id': '1456440102791155712', 'mobile': '01636077353', 'order_status': 40}
INFO - 2021-11-05 09:56:06,501 - new_apply_order.py[line:922]: ===========完成第【6】次进件===========
INFO - 2021-11-05 09:56:06,501 - new_apply_order.py[line:882]: 开始第 ncredit【7】次进件……
INFO - 2021-11-05 09:56:06,503 - new_apply_order.py[line:84]: ======【nga测试环境】生成手机号：01636077366 ======
INFO - 2021-11-05 09:56:06,861 - new_apply_order.py[line:97]: 01636077366 检测用户存在成功！
INFO - 2021-11-05 09:56:06,905 - new_apply_order.py[line:106]: 01636077366 短信发送成功！
INFO - 2021-11-05 09:56:06,955 - new_apply_order.py[line:119]: 01636077366 注册成功！
INFO - 2021-11-05 09:56:07,012 - new_apply_order.py[line:135]: 01636077366 登录短信发送成功！
INFO - 2021-11-05 09:56:07,063 - new_apply_order.py[line:145]: userId=6227829598535294976,mobile=01636077366,token=7d28d5fb71828dd0c6de205288887b3a 登录成功
INFO - 2021-11-05 09:56:07,162 - new_apply_order.py[line:212]: 个人信息提交成功！
INFO - 2021-11-05 09:56:07,240 - new_apply_order.py[line:223]: 联系人信息提交成功！
INFO - 2021-11-05 09:56:07,467 - new_apply_order.py[line:255]: 创建预审订单成功！
INFO - 2021-11-05 09:56:07,484 - new_apply_order.py[line:263]: 预审状态修改为通过,更新条数 1
INFO - 2021-11-05 09:56:07,500 - new_apply_order.py[line:266]: 更新初始额度！更新条数 1
INFO - 2021-11-05 09:56:07,751 - new_apply_order.py[line:342]: 活体图片上传成功！回写配置文件global_param.mp4_url
INFO - 2021-11-05 09:56:07,788 - new_apply_order.py[line:352]: 视频认证通过！
INFO - 2021-11-05 09:56:08,814 - new_apply_order.py[line:510]: bvn和银行卡绑卡认证通过！
INFO - 2021-11-05 09:56:09,148 - new_apply_order.py[line:561]: user更新1条
INFO - 2021-11-05 09:56:09,353 - new_apply_order.py[line:612]: 进件成功！执行sql将订单改为风控中……
INFO - 2021-11-05 09:56:10,404 - new_apply_order.py[line:618]: 订单表更新1条，信审更新1条
INFO - 2021-11-05 09:56:10,756 - new_apply_order.py[line:632]: 查询loan_order_id成功！
INFO - 2021-11-05 09:56:10,798 - new_apply_order.py[line:647]: 订单回调复审通过成功！
INFO - 2021-11-05 09:56:11,609 - new_apply_order.py[line:669]: 获取token成功！token=bearer d5992460-d0b8-41c1-a203-8106a462060d！
INFO - 2021-11-05 09:56:11,960 - new_apply_order.py[line:632]: 查询loan_order_id成功！
INFO - 2021-11-05 09:56:12,292 - new_apply_order.py[line:687]: 后台已触发放款成功！
INFO - 2021-11-05 09:56:12,308 - new_apply_order.py[line:701]: xxl_job web 登录成功！
INFO - 2021-11-05 09:56:12,320 - new_apply_order.py[line:717]: xxl_job 放款准备作业执行成功！
INFO - 2021-11-05 09:56:13,678 - new_apply_order.py[line:632]: 查询loan_order_id成功！
INFO - 2021-11-05 09:56:13,689 - new_apply_order.py[line:725]: 修改放款准备完成时间成功！
INFO - 2021-11-05 09:56:13,695 - new_apply_order.py[line:733]: xxl_job 放款完成作业执行成功！
INFO - 2021-11-05 09:56:14,003 - new_apply_order.py[line:905]: 校验重试查询第1次
ERROR - 2021-11-05 09:56:15,020 - new_apply_order.py[line:801]: 放款完成或准备失败,目前的订单状态是32
INFO - 2021-11-05 09:56:15,021 - new_apply_order.py[line:802]: {'app': 'ncredit', 'loan_order_id': '1456440156369195008', 'mobile': '01636077366', 'order_status': 32}
INFO - 2021-11-05 09:56:15,035 - new_apply_order.py[line:701]: xxl_job web 登录成功！
INFO - 2021-11-05 09:56:15,047 - new_apply_order.py[line:717]: xxl_job 放款准备作业执行成功！
INFO - 2021-11-05 09:56:16,444 - new_apply_order.py[line:632]: 查询loan_order_id成功！
INFO - 2021-11-05 09:56:16,458 - new_apply_order.py[line:725]: 修改放款准备完成时间成功！
INFO - 2021-11-05 09:56:16,464 - new_apply_order.py[line:733]: xxl_job 放款完成作业执行成功！
INFO - 2021-11-05 09:56:16,966 - new_apply_order.py[line:905]: 校验重试查询第2次
INFO - 2021-11-05 09:56:17,978 - new_apply_order.py[line:799]: 放款完成或准备成功,目前的订单状态是40
INFO - 2021-11-05 09:56:17,978 - new_apply_order.py[line:802]: {'app': 'ncredit', 'loan_order_id': '1456440156369195008', 'mobile': '01636077366', 'order_status': 40}
INFO - 2021-11-05 09:56:17,979 - new_apply_order.py[line:922]: ===========完成第【7】次进件===========
INFO - 2021-11-05 09:56:17,979 - new_apply_order.py[line:882]: 开始第 ncredit【8】次进件……
INFO - 2021-11-05 09:56:17,980 - new_apply_order.py[line:84]: ======【nga测试环境】生成手机号：01636077377 ======
INFO - 2021-11-05 09:56:18,330 - new_apply_order.py[line:97]: 01636077377 检测用户存在成功！
INFO - 2021-11-05 09:56:18,377 - new_apply_order.py[line:106]: 01636077377 短信发送成功！
INFO - 2021-11-05 09:56:18,414 - new_apply_order.py[line:119]: 01636077377 注册成功！
INFO - 2021-11-05 09:56:18,481 - new_apply_order.py[line:135]: 01636077377 登录短信发送成功！
INFO - 2021-11-05 09:56:18,532 - new_apply_order.py[line:145]: userId=6227829646618796032,mobile=01636077377,token=6ac879f8916ac3a509ba944896410eae 登录成功
INFO - 2021-11-05 09:56:18,619 - new_apply_order.py[line:212]: 个人信息提交成功！
INFO - 2021-11-05 09:56:18,677 - new_apply_order.py[line:223]: 联系人信息提交成功！
INFO - 2021-11-05 09:56:18,893 - new_apply_order.py[line:255]: 创建预审订单成功！
INFO - 2021-11-05 09:56:18,908 - new_apply_order.py[line:263]: 预审状态修改为通过,更新条数 1
INFO - 2021-11-05 09:56:18,924 - new_apply_order.py[line:266]: 更新初始额度！更新条数 1
INFO - 2021-11-05 09:56:19,222 - new_apply_order.py[line:342]: 活体图片上传成功！回写配置文件global_param.mp4_url
INFO - 2021-11-05 09:56:19,277 - new_apply_order.py[line:352]: 视频认证通过！
INFO - 2021-11-05 09:56:20,324 - new_apply_order.py[line:510]: bvn和银行卡绑卡认证通过！
INFO - 2021-11-05 09:56:20,641 - new_apply_order.py[line:561]: user更新1条
INFO - 2021-11-05 09:56:20,843 - new_apply_order.py[line:612]: 进件成功！执行sql将订单改为风控中……
INFO - 2021-11-05 09:56:21,877 - new_apply_order.py[line:618]: 订单表更新1条，信审更新1条
INFO - 2021-11-05 09:56:22,241 - new_apply_order.py[line:632]: 查询loan_order_id成功！
INFO - 2021-11-05 09:56:22,280 - new_apply_order.py[line:647]: 订单回调复审通过成功！
INFO - 2021-11-05 09:56:23,043 - new_apply_order.py[line:669]: 获取token成功！token=bearer d5992460-d0b8-41c1-a203-8106a462060d！
INFO - 2021-11-05 09:56:23,398 - new_apply_order.py[line:632]: 查询loan_order_id成功！
INFO - 2021-11-05 09:56:23,701 - new_apply_order.py[line:687]: 后台已触发放款成功！
INFO - 2021-11-05 09:56:23,717 - new_apply_order.py[line:701]: xxl_job web 登录成功！
INFO - 2021-11-05 09:56:23,730 - new_apply_order.py[line:717]: xxl_job 放款准备作业执行成功！
INFO - 2021-11-05 09:56:25,080 - new_apply_order.py[line:632]: 查询loan_order_id成功！
INFO - 2021-11-05 09:56:25,094 - new_apply_order.py[line:725]: 修改放款准备完成时间成功！
INFO - 2021-11-05 09:56:25,100 - new_apply_order.py[line:733]: xxl_job 放款完成作业执行成功！
INFO - 2021-11-05 09:56:25,408 - new_apply_order.py[line:905]: 校验重试查询第1次
ERROR - 2021-11-05 09:56:26,429 - new_apply_order.py[line:801]: 放款完成或准备失败,目前的订单状态是32
INFO - 2021-11-05 09:56:26,429 - new_apply_order.py[line:802]: {'app': 'ncredit', 'loan_order_id': '1456440204335255552', 'mobile': '01636077377', 'order_status': 32}
INFO - 2021-11-05 09:56:26,444 - new_apply_order.py[line:701]: xxl_job web 登录成功！
INFO - 2021-11-05 09:56:26,456 - new_apply_order.py[line:717]: xxl_job 放款准备作业执行成功！
INFO - 2021-11-05 09:56:27,816 - new_apply_order.py[line:632]: 查询loan_order_id成功！
INFO - 2021-11-05 09:56:27,832 - new_apply_order.py[line:725]: 修改放款准备完成时间成功！
INFO - 2021-11-05 09:56:27,840 - new_apply_order.py[line:733]: xxl_job 放款完成作业执行成功！
INFO - 2021-11-05 09:56:28,345 - new_apply_order.py[line:905]: 校验重试查询第2次
INFO - 2021-11-05 09:56:29,361 - new_apply_order.py[line:799]: 放款完成或准备成功,目前的订单状态是40
INFO - 2021-11-05 09:56:29,362 - new_apply_order.py[line:802]: {'app': 'ncredit', 'loan_order_id': '1456440204335255552', 'mobile': '01636077377', 'order_status': 40}
INFO - 2021-11-05 09:56:29,362 - new_apply_order.py[line:922]: ===========完成第【8】次进件===========
INFO - 2021-11-05 09:56:29,362 - new_apply_order.py[line:882]: 开始第 ncredit【9】次进件……
INFO - 2021-11-05 09:56:29,364 - new_apply_order.py[line:84]: ======【nga测试环境】生成手机号：01636077389 ======
INFO - 2021-11-05 09:56:29,708 - new_apply_order.py[line:97]: 01636077389 检测用户存在成功！
INFO - 2021-11-05 09:56:29,743 - new_apply_order.py[line:106]: 01636077389 短信发送成功！
INFO - 2021-11-05 09:56:29,781 - new_apply_order.py[line:119]: 01636077389 注册成功！
INFO - 2021-11-05 09:56:29,835 - new_apply_order.py[line:135]: 01636077389 登录短信发送成功！
INFO - 2021-11-05 09:56:29,881 - new_apply_order.py[line:145]: userId=6227829694295449600,mobile=01636077389,token=1dceba155518cb7eb3d20a9d49edfd17 登录成功
INFO - 2021-11-05 09:56:29,973 - new_apply_order.py[line:212]: 个人信息提交成功！
INFO - 2021-11-05 09:56:30,046 - new_apply_order.py[line:223]: 联系人信息提交成功！
INFO - 2021-11-05 09:56:30,239 - new_apply_order.py[line:255]: 创建预审订单成功！
INFO - 2021-11-05 09:56:30,252 - new_apply_order.py[line:263]: 预审状态修改为通过,更新条数 1
INFO - 2021-11-05 09:56:30,264 - new_apply_order.py[line:266]: 更新初始额度！更新条数 1
INFO - 2021-11-05 09:56:30,508 - new_apply_order.py[line:342]: 活体图片上传成功！回写配置文件global_param.mp4_url
INFO - 2021-11-05 09:56:30,544 - new_apply_order.py[line:352]: 视频认证通过！
INFO - 2021-11-05 09:56:31,535 - new_apply_order.py[line:510]: bvn和银行卡绑卡认证通过！
INFO - 2021-11-05 09:56:31,861 - new_apply_order.py[line:561]: user更新1条
INFO - 2021-11-05 09:56:32,061 - new_apply_order.py[line:612]: 进件成功！执行sql将订单改为风控中……
INFO - 2021-11-05 09:56:33,096 - new_apply_order.py[line:618]: 订单表更新1条，信审更新1条
INFO - 2021-11-05 09:56:33,448 - new_apply_order.py[line:632]: 查询loan_order_id成功！
INFO - 2021-11-05 09:56:33,487 - new_apply_order.py[line:647]: 订单回调复审通过成功！
INFO - 2021-11-05 09:56:34,257 - new_apply_order.py[line:669]: 获取token成功！token=bearer d5992460-d0b8-41c1-a203-8106a462060d！
INFO - 2021-11-05 09:56:34,616 - new_apply_order.py[line:632]: 查询loan_order_id成功！
INFO - 2021-11-05 09:56:34,909 - new_apply_order.py[line:687]: 后台已触发放款成功！
INFO - 2021-11-05 09:56:34,925 - new_apply_order.py[line:701]: xxl_job web 登录成功！
INFO - 2021-11-05 09:56:34,935 - new_apply_order.py[line:717]: xxl_job 放款准备作业执行成功！
INFO - 2021-11-05 09:56:36,314 - new_apply_order.py[line:632]: 查询loan_order_id成功！
INFO - 2021-11-05 09:56:36,328 - new_apply_order.py[line:725]: 修改放款准备完成时间成功！
INFO - 2021-11-05 09:56:36,335 - new_apply_order.py[line:733]: xxl_job 放款完成作业执行成功！
INFO - 2021-11-05 09:56:36,644 - new_apply_order.py[line:905]: 校验重试查询第1次
ERROR - 2021-11-05 09:56:37,660 - new_apply_order.py[line:801]: 放款完成或准备失败,目前的订单状态是32
INFO - 2021-11-05 09:56:37,661 - new_apply_order.py[line:802]: {'app': 'ncredit', 'loan_order_id': '1456440252016103424', 'mobile': '01636077389', 'order_status': 32}
INFO - 2021-11-05 09:56:37,675 - new_apply_order.py[line:701]: xxl_job web 登录成功！
INFO - 2021-11-05 09:56:37,686 - new_apply_order.py[line:717]: xxl_job 放款准备作业执行成功！
INFO - 2021-11-05 09:56:39,041 - new_apply_order.py[line:632]: 查询loan_order_id成功！
INFO - 2021-11-05 09:56:39,060 - new_apply_order.py[line:725]: 修改放款准备完成时间成功！
INFO - 2021-11-05 09:56:39,070 - new_apply_order.py[line:733]: xxl_job 放款完成作业执行成功！
INFO - 2021-11-05 09:56:39,572 - new_apply_order.py[line:905]: 校验重试查询第2次
ERROR - 2021-11-05 09:56:40,587 - new_apply_order.py[line:801]: 放款完成或准备失败,目前的订单状态是35
INFO - 2021-11-05 09:56:40,587 - new_apply_order.py[line:802]: {'app': 'ncredit', 'loan_order_id': '1456440252016103424', 'mobile': '01636077389', 'order_status': 35}
INFO - 2021-11-05 09:56:41,098 - new_apply_order.py[line:905]: 校验重试查询第3次
INFO - 2021-11-05 09:56:42,115 - new_apply_order.py[line:799]: 放款完成或准备成功,目前的订单状态是40
INFO - 2021-11-05 09:56:42,115 - new_apply_order.py[line:802]: {'app': 'ncredit', 'loan_order_id': '1456440252016103424', 'mobile': '01636077389', 'order_status': 40}
INFO - 2021-11-05 09:56:42,116 - new_apply_order.py[line:922]: ===========完成第【9】次进件===========
INFO - 2021-11-05 09:56:42,116 - new_apply_order.py[line:882]: 开始第 ncredit【10】次进件……
INFO - 2021-11-05 09:56:42,117 - new_apply_order.py[line:84]: ======【nga测试环境】生成手机号：01636077402 ======
INFO - 2021-11-05 09:56:42,474 - new_apply_order.py[line:97]: 01636077402 检测用户存在成功！
INFO - 2021-11-05 09:56:42,529 - new_apply_order.py[line:106]: 01636077402 短信发送成功！
INFO - 2021-11-05 09:56:42,576 - new_apply_order.py[line:119]: 01636077402 注册成功！
INFO - 2021-11-05 09:56:42,630 - new_apply_order.py[line:135]: 01636077402 登录短信发送成功！
INFO - 2021-11-05 09:56:42,680 - new_apply_order.py[line:145]: userId=6227829747940597760,mobile=01636077402,token=b894b18cc990d3a504b2fbd9b22f7ccf 登录成功
INFO - 2021-11-05 09:56:42,798 - new_apply_order.py[line:212]: 个人信息提交成功！
INFO - 2021-11-05 09:56:42,857 - new_apply_order.py[line:223]: 联系人信息提交成功！
INFO - 2021-11-05 09:56:43,095 - new_apply_order.py[line:255]: 创建预审订单成功！
INFO - 2021-11-05 09:56:43,112 - new_apply_order.py[line:263]: 预审状态修改为通过,更新条数 1
INFO - 2021-11-05 09:56:43,124 - new_apply_order.py[line:266]: 更新初始额度！更新条数 1
INFO - 2021-11-05 09:56:43,376 - new_apply_order.py[line:342]: 活体图片上传成功！回写配置文件global_param.mp4_url
INFO - 2021-11-05 09:56:43,412 - new_apply_order.py[line:352]: 视频认证通过！
INFO - 2021-11-05 09:56:44,434 - new_apply_order.py[line:510]: bvn和银行卡绑卡认证通过！
INFO - 2021-11-05 09:56:44,778 - new_apply_order.py[line:561]: user更新1条
INFO - 2021-11-05 09:56:45,010 - new_apply_order.py[line:612]: 进件成功！执行sql将订单改为风控中……
INFO - 2021-11-05 09:56:46,056 - new_apply_order.py[line:618]: 订单表更新1条，信审更新1条
INFO - 2021-11-05 09:56:46,426 - new_apply_order.py[line:632]: 查询loan_order_id成功！
INFO - 2021-11-05 09:56:46,464 - new_apply_order.py[line:647]: 订单回调复审通过成功！
INFO - 2021-11-05 09:56:47,256 - new_apply_order.py[line:669]: 获取token成功！token=bearer d5992460-d0b8-41c1-a203-8106a462060d！
INFO - 2021-11-05 09:56:47,610 - new_apply_order.py[line:632]: 查询loan_order_id成功！
INFO - 2021-11-05 09:56:47,924 - new_apply_order.py[line:687]: 后台已触发放款成功！
ERROR - 2021-11-05 09:57:13,880 - new_apply_order.py[line:928]: HTTPConnectionPool(host='172.20.240.225', port=8066): Max retries exceeded with url: /xxl-job-admin/login (Caused by NewConnectionError('<urllib3.connection.HTTPConnection object at 0x7feca6787400>: Failed to establish a new connection: [Errno 60] Operation timed out'))
ERROR - 2021-11-05 09:57:13,899 - new_apply_order.py[line:929]: None
