INFO - 2021-08-31 19:39:06,400 - new_apply_order.py[line:517]: 开始第 borrowme【1】次进件……
INFO - 2021-08-31 19:39:06,401 - new_apply_order.py[line:79]: ======【nga测试环境】生成手机号：01630409946 ======
INFO - 2021-08-31 19:39:06,759 - new_apply_order.py[line:86]: 01630409710 检测用户存在成功！
INFO - 2021-08-31 19:39:06,810 - new_apply_order.py[line:93]: 01630409710 短信发送成功！
ERROR - 2021-08-31 19:39:06,832 - new_apply_order.py[line:105]: 注册失败！{'accept': 'application/json', 'appversion': '1.3.0.0', 'devtoken': 'cb95881f542ac58170:BB:E9:91:D3:CD', 'accept-language': 'en-US', 'clientCode': 'quickcash1300', 'Content-Type': 'application/json; charset=UTF-8', 'Host': '172.20.240.143:8012', 'User-Agent': 'okhttp/4.9.0'}
ERROR - 2021-08-31 19:39:06,833 - new_apply_order.py[line:106]: {"code":"20001003","msg":"This number already exists, please use another number","data":null}
INFO - 2021-08-31 19:39:06,875 - new_apply_order.py[line:113]: 01630409710 登录短信发送成功！
INFO - 2021-08-31 19:39:06,913 - new_apply_order.py[line:121]: userId=6204057725073891328,mobile=01630409710,token=a0fd54477d9b48e57bd9c0fda6df3e97 登录成功
INFO - 2021-08-31 19:39:06,969 - new_apply_order.py[line:172]: 个人信息提交成功！
INFO - 2021-08-31 19:39:07,011 - new_apply_order.py[line:181]: 联系人信息提交成功！
ERROR - 2021-08-31 19:39:07,134 - new_apply_order.py[line:200]: 创建预审失败{"code":"9999","msg":"The Server is busy, Please try again later","data":null}
INFO - 2021-08-31 19:39:07,148 - new_apply_order.py[line:206]: 预审状态修改为通过,更新条数 0
INFO - 2021-08-31 19:39:07,163 - new_apply_order.py[line:209]: 更新初始额度！更新条数 0
INFO - 2021-08-31 19:39:07,477 - new_apply_order.py[line:221]: 活体图片上传成功！回写配置文件global_param.mp4_url
INFO - 2021-08-31 19:39:07,549 - new_apply_order.py[line:230]: 视频认证通过！
INFO - 2021-08-31 19:39:08,613 - new_apply_order.py[line:276]: bvn和银行卡绑卡认证通过！
INFO - 2021-08-31 19:39:08,896 - new_apply_order.py[line:297]: user更新0条
ERROR - 2021-08-31 19:39:09,122 - new_apply_order.py[line:325]: {"code":"50001004","msg":"Not eligible for borrowing","data":null}
INFO - 2021-08-31 19:39:09,622 - new_apply_order.py[line:332]: 查询loan_order_id成功！
INFO - 2021-08-31 19:39:09,646 - new_apply_order.py[line:342]: 订单回调复审通过成功！
INFO - 2021-08-31 19:39:10,458 - new_apply_order.py[line:358]: 获取token成功！token=bearer bf51653c-283e-47c5-b902-66a96a35688d！
INFO - 2021-08-31 19:39:10,885 - new_apply_order.py[line:332]: 查询loan_order_id成功！
INFO - 2021-08-31 19:39:11,220 - new_apply_order.py[line:370]: 后台已触发放款成功！
INFO - 2021-08-31 19:39:11,228 - new_apply_order.py[line:378]: xxl_job web 登录成功！
INFO - 2021-08-31 19:39:11,235 - new_apply_order.py[line:385]: xxl_job 放款准备作业执行成功！
INFO - 2021-08-31 19:39:12,656 - new_apply_order.py[line:332]: 查询loan_order_id成功！
INFO - 2021-08-31 19:39:12,675 - new_apply_order.py[line:390]: 修改放款准备完成时间成功！
INFO - 2021-08-31 19:39:12,683 - new_apply_order.py[line:393]: xxl_job 放款完成作业执行成功！
INFO - 2021-08-31 19:39:12,988 - new_apply_order.py[line:540]: 校验重试查询第1次
ERROR - 2021-08-31 19:39:14,006 - new_apply_order.py[line:436]: 放款完成或准备失败,目前的订单状态是32
INFO - 2021-08-31 19:39:14,007 - new_apply_order.py[line:437]: {'app': 'quickcash', 'loan_order_id': '1432668282576310272', 'mobile': '01630409710', 'order_status': 32}
INFO - 2021-08-31 19:39:14,015 - new_apply_order.py[line:378]: xxl_job web 登录成功！
INFO - 2021-08-31 19:39:14,022 - new_apply_order.py[line:385]: xxl_job 放款准备作业执行成功！
INFO - 2021-08-31 19:39:15,448 - new_apply_order.py[line:332]: 查询loan_order_id成功！
INFO - 2021-08-31 19:39:15,465 - new_apply_order.py[line:390]: 修改放款准备完成时间成功！
INFO - 2021-08-31 19:39:15,473 - new_apply_order.py[line:393]: xxl_job 放款完成作业执行成功！
INFO - 2021-08-31 19:39:15,978 - new_apply_order.py[line:540]: 校验重试查询第2次
ERROR - 2021-08-31 19:39:16,995 - new_apply_order.py[line:436]: 放款完成或准备失败,目前的订单状态是32
INFO - 2021-08-31 19:39:16,995 - new_apply_order.py[line:437]: {'app': 'quickcash', 'loan_order_id': '1432668282576310272', 'mobile': '01630409710', 'order_status': 32}
INFO - 2021-08-31 19:39:17,005 - new_apply_order.py[line:378]: xxl_job web 登录成功！
INFO - 2021-08-31 19:39:17,013 - new_apply_order.py[line:385]: xxl_job 放款准备作业执行成功！
INFO - 2021-08-31 19:39:18,441 - new_apply_order.py[line:332]: 查询loan_order_id成功！
INFO - 2021-08-31 19:39:18,461 - new_apply_order.py[line:390]: 修改放款准备完成时间成功！
INFO - 2021-08-31 19:39:18,469 - new_apply_order.py[line:393]: xxl_job 放款完成作业执行成功！
INFO - 2021-08-31 19:39:18,975 - new_apply_order.py[line:540]: 校验重试查询第3次
ERROR - 2021-08-31 19:39:19,990 - new_apply_order.py[line:436]: 放款完成或准备失败,目前的订单状态是32
INFO - 2021-08-31 19:39:19,990 - new_apply_order.py[line:437]: {'app': 'quickcash', 'loan_order_id': '1432668282576310272', 'mobile': '01630409710', 'order_status': 32}
INFO - 2021-08-31 19:39:19,998 - new_apply_order.py[line:378]: xxl_job web 登录成功！
INFO - 2021-08-31 19:39:20,006 - new_apply_order.py[line:385]: xxl_job 放款准备作业执行成功！
INFO - 2021-08-31 19:39:21,428 - new_apply_order.py[line:332]: 查询loan_order_id成功！
INFO - 2021-08-31 19:39:21,442 - new_apply_order.py[line:390]: 修改放款准备完成时间成功！
INFO - 2021-08-31 19:39:21,450 - new_apply_order.py[line:393]: xxl_job 放款完成作业执行成功！
INFO - 2021-08-31 19:39:21,955 - new_apply_order.py[line:540]: 校验重试查询第4次
ERROR - 2021-08-31 19:39:22,972 - new_apply_order.py[line:436]: 放款完成或准备失败,目前的订单状态是32
INFO - 2021-08-31 19:39:22,972 - new_apply_order.py[line:437]: {'app': 'quickcash', 'loan_order_id': '1432668282576310272', 'mobile': '01630409710', 'order_status': 32}
INFO - 2021-08-31 19:39:22,980 - new_apply_order.py[line:378]: xxl_job web 登录成功！
INFO - 2021-08-31 19:39:22,988 - new_apply_order.py[line:385]: xxl_job 放款准备作业执行成功！
INFO - 2021-08-31 19:39:24,405 - new_apply_order.py[line:332]: 查询loan_order_id成功！
INFO - 2021-08-31 19:39:24,423 - new_apply_order.py[line:390]: 修改放款准备完成时间成功！
INFO - 2021-08-31 19:39:24,430 - new_apply_order.py[line:393]: xxl_job 放款完成作业执行成功！
INFO - 2021-08-31 19:39:24,934 - new_apply_order.py[line:540]: 校验重试查询第5次
ERROR - 2021-08-31 19:39:25,946 - new_apply_order.py[line:436]: 放款完成或准备失败,目前的订单状态是32
INFO - 2021-08-31 19:39:25,947 - new_apply_order.py[line:437]: {'app': 'quickcash', 'loan_order_id': '1432668282576310272', 'mobile': '01630409710', 'order_status': 32}
INFO - 2021-08-31 19:39:25,954 - new_apply_order.py[line:378]: xxl_job web 登录成功！
INFO - 2021-08-31 19:39:25,961 - new_apply_order.py[line:385]: xxl_job 放款准备作业执行成功！
INFO - 2021-08-31 19:39:27,428 - new_apply_order.py[line:332]: 查询loan_order_id成功！
INFO - 2021-08-31 19:39:27,446 - new_apply_order.py[line:390]: 修改放款准备完成时间成功！
INFO - 2021-08-31 19:39:27,454 - new_apply_order.py[line:393]: xxl_job 放款完成作业执行成功！
INFO - 2021-08-31 19:39:27,958 - new_apply_order.py[line:540]: 校验重试查询第6次
ERROR - 2021-08-31 19:39:28,978 - new_apply_order.py[line:436]: 放款完成或准备失败,目前的订单状态是32
INFO - 2021-08-31 19:39:28,978 - new_apply_order.py[line:437]: {'app': 'quickcash', 'loan_order_id': '1432668282576310272', 'mobile': '01630409710', 'order_status': 32}
INFO - 2021-08-31 19:39:28,986 - new_apply_order.py[line:378]: xxl_job web 登录成功！
INFO - 2021-08-31 19:39:28,993 - new_apply_order.py[line:385]: xxl_job 放款准备作业执行成功！
INFO - 2021-08-31 19:39:30,416 - new_apply_order.py[line:332]: 查询loan_order_id成功！
INFO - 2021-08-31 19:39:30,435 - new_apply_order.py[line:390]: 修改放款准备完成时间成功！
INFO - 2021-08-31 19:39:30,443 - new_apply_order.py[line:393]: xxl_job 放款完成作业执行成功！
INFO - 2021-08-31 19:39:30,947 - new_apply_order.py[line:540]: 校验重试查询第7次
ERROR - 2021-08-31 19:39:31,964 - new_apply_order.py[line:436]: 放款完成或准备失败,目前的订单状态是32
INFO - 2021-08-31 19:39:31,965 - new_apply_order.py[line:437]: {'app': 'quickcash', 'loan_order_id': '1432668282576310272', 'mobile': '01630409710', 'order_status': 32}
INFO - 2021-08-31 19:39:31,976 - new_apply_order.py[line:378]: xxl_job web 登录成功！
INFO - 2021-08-31 19:39:31,983 - new_apply_order.py[line:385]: xxl_job 放款准备作业执行成功！
INFO - 2021-08-31 19:39:33,415 - new_apply_order.py[line:332]: 查询loan_order_id成功！
INFO - 2021-08-31 19:39:33,428 - new_apply_order.py[line:390]: 修改放款准备完成时间成功！
INFO - 2021-08-31 19:39:33,435 - new_apply_order.py[line:393]: xxl_job 放款完成作业执行成功！
INFO - 2021-08-31 19:39:33,940 - new_apply_order.py[line:540]: 校验重试查询第8次
ERROR - 2021-08-31 19:39:34,954 - new_apply_order.py[line:436]: 放款完成或准备失败,目前的订单状态是32
INFO - 2021-08-31 19:39:34,954 - new_apply_order.py[line:437]: {'app': 'quickcash', 'loan_order_id': '1432668282576310272', 'mobile': '01630409710', 'order_status': 32}
INFO - 2021-08-31 19:39:34,963 - new_apply_order.py[line:378]: xxl_job web 登录成功！
INFO - 2021-08-31 19:39:34,970 - new_apply_order.py[line:385]: xxl_job 放款准备作业执行成功！
INFO - 2021-08-31 19:39:36,390 - new_apply_order.py[line:332]: 查询loan_order_id成功！
INFO - 2021-08-31 19:39:36,410 - new_apply_order.py[line:390]: 修改放款准备完成时间成功！
INFO - 2021-08-31 19:39:36,417 - new_apply_order.py[line:393]: xxl_job 放款完成作业执行成功！
INFO - 2021-08-31 19:39:36,922 - new_apply_order.py[line:540]: 校验重试查询第9次
ERROR - 2021-08-31 19:39:37,938 - new_apply_order.py[line:436]: 放款完成或准备失败,目前的订单状态是32
INFO - 2021-08-31 19:39:37,939 - new_apply_order.py[line:437]: {'app': 'quickcash', 'loan_order_id': '1432668282576310272', 'mobile': '01630409710', 'order_status': 32}
INFO - 2021-08-31 19:39:37,948 - new_apply_order.py[line:378]: xxl_job web 登录成功！
INFO - 2021-08-31 19:39:37,957 - new_apply_order.py[line:385]: xxl_job 放款准备作业执行成功！
INFO - 2021-08-31 19:39:39,389 - new_apply_order.py[line:332]: 查询loan_order_id成功！
INFO - 2021-08-31 19:39:39,405 - new_apply_order.py[line:390]: 修改放款准备完成时间成功！
INFO - 2021-08-31 19:39:39,413 - new_apply_order.py[line:393]: xxl_job 放款完成作业执行成功！
INFO - 2021-08-31 19:39:39,918 - new_apply_order.py[line:540]: 校验重试查询第10次
ERROR - 2021-08-31 19:39:40,935 - new_apply_order.py[line:436]: 放款完成或准备失败,目前的订单状态是32
INFO - 2021-08-31 19:39:40,936 - new_apply_order.py[line:437]: {'app': 'quickcash', 'loan_order_id': '1432668282576310272', 'mobile': '01630409710', 'order_status': 32}
INFO - 2021-08-31 19:39:40,945 - new_apply_order.py[line:378]: xxl_job web 登录成功！
INFO - 2021-08-31 19:39:40,957 - new_apply_order.py[line:385]: xxl_job 放款准备作业执行成功！
INFO - 2021-08-31 19:39:42,382 - new_apply_order.py[line:332]: 查询loan_order_id成功！
INFO - 2021-08-31 19:39:42,399 - new_apply_order.py[line:390]: 修改放款准备完成时间成功！
INFO - 2021-08-31 19:39:42,410 - new_apply_order.py[line:393]: xxl_job 放款完成作业执行成功！
INFO - 2021-08-31 19:39:42,916 - new_apply_order.py[line:557]: ===========完成第【1】次进件===========
INFO - 2021-08-31 19:39:42,916 - new_apply_order.py[line:517]: 开始第 borrowme【2】次进件……
INFO - 2021-08-31 19:39:42,918 - new_apply_order.py[line:79]: ======【nga测试环境】生成手机号：01630409982 ======
INFO - 2021-08-31 19:39:43,253 - new_apply_order.py[line:86]: 01630409710 检测用户存在成功！
INFO - 2021-08-31 19:39:43,297 - new_apply_order.py[line:93]: 01630409710 短信发送成功！
ERROR - 2021-08-31 19:39:43,325 - new_apply_order.py[line:105]: 注册失败！{'accept': 'application/json', 'appversion': '1.3.0.0', 'devtoken': 'cb95881f542ac58170:BB:E9:91:D3:CD', 'accept-language': 'en-US', 'clientCode': 'quickcash1300', 'Content-Type': 'application/json; charset=UTF-8', 'Host': '172.20.240.143:8012', 'User-Agent': 'okhttp/4.9.0'}
ERROR - 2021-08-31 19:39:43,326 - new_apply_order.py[line:106]: {"code":"20001003","msg":"This number already exists, please use another number","data":null}
INFO - 2021-08-31 19:39:43,377 - new_apply_order.py[line:113]: 01630409710 登录短信发送成功！
INFO - 2021-08-31 19:39:43,428 - new_apply_order.py[line:121]: userId=6204057725073891328,mobile=01630409710,token=2dfee3e2efe97b55b30184d9aa82e23c 登录成功
INFO - 2021-08-31 19:39:43,501 - new_apply_order.py[line:172]: 个人信息提交成功！
INFO - 2021-08-31 19:39:43,553 - new_apply_order.py[line:181]: 联系人信息提交成功！
ERROR - 2021-08-31 19:39:43,684 - new_apply_order.py[line:200]: 创建预审失败{"code":"9999","msg":"The Server is busy, Please try again later","data":null}
INFO - 2021-08-31 19:39:43,696 - new_apply_order.py[line:206]: 预审状态修改为通过,更新条数 0
INFO - 2021-08-31 19:39:43,704 - new_apply_order.py[line:209]: 更新初始额度！更新条数 0
INFO - 2021-08-31 19:39:44,026 - new_apply_order.py[line:221]: 活体图片上传成功！回写配置文件global_param.mp4_url
INFO - 2021-08-31 19:39:44,067 - new_apply_order.py[line:230]: 视频认证通过！
INFO - 2021-08-31 19:39:45,109 - new_apply_order.py[line:276]: bvn和银行卡绑卡认证通过！
INFO - 2021-08-31 19:39:45,391 - new_apply_order.py[line:297]: user更新0条
ERROR - 2021-08-31 19:39:45,595 - new_apply_order.py[line:325]: {"code":"50001004","msg":"Not eligible for borrowing","data":null}
INFO - 2021-08-31 19:39:46,011 - new_apply_order.py[line:332]: 查询loan_order_id成功！
INFO - 2021-08-31 19:39:46,042 - new_apply_order.py[line:342]: 订单回调复审通过成功！
INFO - 2021-08-31 19:39:46,777 - new_apply_order.py[line:358]: 获取token成功！token=bearer bf51653c-283e-47c5-b902-66a96a35688d！
INFO - 2021-08-31 19:39:47,204 - new_apply_order.py[line:332]: 查询loan_order_id成功！
INFO - 2021-08-31 19:39:47,509 - new_apply_order.py[line:370]: 后台已触发放款成功！
INFO - 2021-08-31 19:39:47,518 - new_apply_order.py[line:378]: xxl_job web 登录成功！
INFO - 2021-08-31 19:39:47,526 - new_apply_order.py[line:385]: xxl_job 放款准备作业执行成功！
INFO - 2021-08-31 19:39:49,018 - new_apply_order.py[line:332]: 查询loan_order_id成功！
INFO - 2021-08-31 19:39:49,034 - new_apply_order.py[line:390]: 修改放款准备完成时间成功！
INFO - 2021-08-31 19:39:49,042 - new_apply_order.py[line:393]: xxl_job 放款完成作业执行成功！
INFO - 2021-08-31 19:39:49,346 - new_apply_order.py[line:540]: 校验重试查询第1次
ERROR - 2021-08-31 19:39:50,364 - new_apply_order.py[line:436]: 放款完成或准备失败,目前的订单状态是32
INFO - 2021-08-31 19:39:50,364 - new_apply_order.py[line:437]: {'app': 'quickcash', 'loan_order_id': '1432668282576310272', 'mobile': '01630409710', 'order_status': 32}
INFO - 2021-08-31 19:39:50,372 - new_apply_order.py[line:378]: xxl_job web 登录成功！
INFO - 2021-08-31 19:39:50,380 - new_apply_order.py[line:385]: xxl_job 放款准备作业执行成功！
INFO - 2021-08-31 19:39:51,804 - new_apply_order.py[line:332]: 查询loan_order_id成功！
INFO - 2021-08-31 19:39:51,815 - new_apply_order.py[line:390]: 修改放款准备完成时间成功！
INFO - 2021-08-31 19:39:51,819 - new_apply_order.py[line:393]: xxl_job 放款完成作业执行成功！
INFO - 2021-08-31 19:39:52,324 - new_apply_order.py[line:540]: 校验重试查询第2次
ERROR - 2021-08-31 19:39:53,338 - new_apply_order.py[line:436]: 放款完成或准备失败,目前的订单状态是32
INFO - 2021-08-31 19:39:53,338 - new_apply_order.py[line:437]: {'app': 'quickcash', 'loan_order_id': '1432668282576310272', 'mobile': '01630409710', 'order_status': 32}
INFO - 2021-08-31 19:39:53,346 - new_apply_order.py[line:378]: xxl_job web 登录成功！
INFO - 2021-08-31 19:39:53,353 - new_apply_order.py[line:385]: xxl_job 放款准备作业执行成功！
INFO - 2021-08-31 19:39:54,775 - new_apply_order.py[line:332]: 查询loan_order_id成功！
INFO - 2021-08-31 19:39:54,791 - new_apply_order.py[line:390]: 修改放款准备完成时间成功！
INFO - 2021-08-31 19:39:54,798 - new_apply_order.py[line:393]: xxl_job 放款完成作业执行成功！
INFO - 2021-08-31 19:39:55,300 - new_apply_order.py[line:540]: 校验重试查询第3次
ERROR - 2021-08-31 19:39:56,315 - new_apply_order.py[line:436]: 放款完成或准备失败,目前的订单状态是32
INFO - 2021-08-31 19:39:56,315 - new_apply_order.py[line:437]: {'app': 'quickcash', 'loan_order_id': '1432668282576310272', 'mobile': '01630409710', 'order_status': 32}
INFO - 2021-08-31 19:39:56,323 - new_apply_order.py[line:378]: xxl_job web 登录成功！
INFO - 2021-08-31 19:39:56,331 - new_apply_order.py[line:385]: xxl_job 放款准备作业执行成功！
INFO - 2021-08-31 19:39:57,820 - new_apply_order.py[line:332]: 查询loan_order_id成功！
INFO - 2021-08-31 19:39:57,834 - new_apply_order.py[line:390]: 修改放款准备完成时间成功！
INFO - 2021-08-31 19:39:57,840 - new_apply_order.py[line:393]: xxl_job 放款完成作业执行成功！
INFO - 2021-08-31 19:39:58,345 - new_apply_order.py[line:540]: 校验重试查询第4次
ERROR - 2021-08-31 19:39:59,357 - new_apply_order.py[line:436]: 放款完成或准备失败,目前的订单状态是32
INFO - 2021-08-31 19:39:59,357 - new_apply_order.py[line:437]: {'app': 'quickcash', 'loan_order_id': '1432668282576310272', 'mobile': '01630409710', 'order_status': 32}
INFO - 2021-08-31 19:39:59,364 - new_apply_order.py[line:378]: xxl_job web 登录成功！
INFO - 2021-08-31 19:39:59,370 - new_apply_order.py[line:385]: xxl_job 放款准备作业执行成功！
INFO - 2021-08-31 19:40:00,790 - new_apply_order.py[line:332]: 查询loan_order_id成功！
INFO - 2021-08-31 19:40:00,808 - new_apply_order.py[line:390]: 修改放款准备完成时间成功！
INFO - 2021-08-31 19:40:00,815 - new_apply_order.py[line:393]: xxl_job 放款完成作业执行成功！
INFO - 2021-08-31 19:40:01,321 - new_apply_order.py[line:540]: 校验重试查询第5次
ERROR - 2021-08-31 19:40:02,336 - new_apply_order.py[line:436]: 放款完成或准备失败,目前的订单状态是32
INFO - 2021-08-31 19:40:02,336 - new_apply_order.py[line:437]: {'app': 'quickcash', 'loan_order_id': '1432668282576310272', 'mobile': '01630409710', 'order_status': 32}
INFO - 2021-08-31 19:40:02,344 - new_apply_order.py[line:378]: xxl_job web 登录成功！
INFO - 2021-08-31 19:40:02,352 - new_apply_order.py[line:385]: xxl_job 放款准备作业执行成功！
INFO - 2021-08-31 19:40:03,784 - new_apply_order.py[line:332]: 查询loan_order_id成功！
INFO - 2021-08-31 19:40:03,801 - new_apply_order.py[line:390]: 修改放款准备完成时间成功！
INFO - 2021-08-31 19:40:03,811 - new_apply_order.py[line:393]: xxl_job 放款完成作业执行成功！
INFO - 2021-08-31 19:40:04,314 - new_apply_order.py[line:540]: 校验重试查询第6次
ERROR - 2021-08-31 19:40:05,330 - new_apply_order.py[line:436]: 放款完成或准备失败,目前的订单状态是32
INFO - 2021-08-31 19:40:05,330 - new_apply_order.py[line:437]: {'app': 'quickcash', 'loan_order_id': '1432668282576310272', 'mobile': '01630409710', 'order_status': 32}
INFO - 2021-08-31 19:40:05,337 - new_apply_order.py[line:378]: xxl_job web 登录成功！
INFO - 2021-08-31 19:40:05,345 - new_apply_order.py[line:385]: xxl_job 放款准备作业执行成功！
INFO - 2021-08-31 19:40:06,773 - new_apply_order.py[line:332]: 查询loan_order_id成功！
INFO - 2021-08-31 19:40:06,785 - new_apply_order.py[line:390]: 修改放款准备完成时间成功！
INFO - 2021-08-31 19:40:06,790 - new_apply_order.py[line:393]: xxl_job 放款完成作业执行成功！
INFO - 2021-08-31 19:40:07,295 - new_apply_order.py[line:540]: 校验重试查询第7次
ERROR - 2021-08-31 19:40:08,311 - new_apply_order.py[line:436]: 放款完成或准备失败,目前的订单状态是32
INFO - 2021-08-31 19:40:08,312 - new_apply_order.py[line:437]: {'app': 'quickcash', 'loan_order_id': '1432668282576310272', 'mobile': '01630409710', 'order_status': 32}
INFO - 2021-08-31 19:40:08,319 - new_apply_order.py[line:378]: xxl_job web 登录成功！
INFO - 2021-08-31 19:40:08,326 - new_apply_order.py[line:385]: xxl_job 放款准备作业执行成功！
INFO - 2021-08-31 19:40:09,745 - new_apply_order.py[line:332]: 查询loan_order_id成功！
INFO - 2021-08-31 19:40:09,760 - new_apply_order.py[line:390]: 修改放款准备完成时间成功！
INFO - 2021-08-31 19:40:09,765 - new_apply_order.py[line:393]: xxl_job 放款完成作业执行成功！
INFO - 2021-08-31 19:40:10,270 - new_apply_order.py[line:540]: 校验重试查询第8次
ERROR - 2021-08-31 19:40:11,284 - new_apply_order.py[line:436]: 放款完成或准备失败,目前的订单状态是32
INFO - 2021-08-31 19:40:11,285 - new_apply_order.py[line:437]: {'app': 'quickcash', 'loan_order_id': '1432668282576310272', 'mobile': '01630409710', 'order_status': 32}
INFO - 2021-08-31 19:40:11,292 - new_apply_order.py[line:378]: xxl_job web 登录成功！
INFO - 2021-08-31 19:40:11,299 - new_apply_order.py[line:385]: xxl_job 放款准备作业执行成功！
INFO - 2021-08-31 19:40:12,724 - new_apply_order.py[line:332]: 查询loan_order_id成功！
INFO - 2021-08-31 19:40:12,740 - new_apply_order.py[line:390]: 修改放款准备完成时间成功！
INFO - 2021-08-31 19:40:12,747 - new_apply_order.py[line:393]: xxl_job 放款完成作业执行成功！
INFO - 2021-08-31 19:40:13,253 - new_apply_order.py[line:540]: 校验重试查询第9次
ERROR - 2021-08-31 19:40:14,269 - new_apply_order.py[line:436]: 放款完成或准备失败,目前的订单状态是32
INFO - 2021-08-31 19:40:14,269 - new_apply_order.py[line:437]: {'app': 'quickcash', 'loan_order_id': '1432668282576310272', 'mobile': '01630409710', 'order_status': 32}
INFO - 2021-08-31 19:40:14,278 - new_apply_order.py[line:378]: xxl_job web 登录成功！
INFO - 2021-08-31 19:40:14,285 - new_apply_order.py[line:385]: xxl_job 放款准备作业执行成功！
INFO - 2021-08-31 19:40:15,708 - new_apply_order.py[line:332]: 查询loan_order_id成功！
INFO - 2021-08-31 19:40:15,721 - new_apply_order.py[line:390]: 修改放款准备完成时间成功！
INFO - 2021-08-31 19:40:15,729 - new_apply_order.py[line:393]: xxl_job 放款完成作业执行成功！
INFO - 2021-08-31 19:40:16,233 - new_apply_order.py[line:540]: 校验重试查询第10次
ERROR - 2021-08-31 19:40:17,252 - new_apply_order.py[line:436]: 放款完成或准备失败,目前的订单状态是32
INFO - 2021-08-31 19:40:17,252 - new_apply_order.py[line:437]: {'app': 'quickcash', 'loan_order_id': '1432668282576310272', 'mobile': '01630409710', 'order_status': 32}
INFO - 2021-08-31 19:40:17,260 - new_apply_order.py[line:378]: xxl_job web 登录成功！
INFO - 2021-08-31 19:40:17,268 - new_apply_order.py[line:385]: xxl_job 放款准备作业执行成功！
INFO - 2021-08-31 19:40:18,688 - new_apply_order.py[line:332]: 查询loan_order_id成功！
INFO - 2021-08-31 19:40:18,706 - new_apply_order.py[line:390]: 修改放款准备完成时间成功！
INFO - 2021-08-31 19:40:18,714 - new_apply_order.py[line:393]: xxl_job 放款完成作业执行成功！
INFO - 2021-08-31 19:40:19,220 - new_apply_order.py[line:557]: ===========完成第【2】次进件===========
INFO - 2021-08-31 19:40:19,220 - new_apply_order.py[line:560]: ======完成第【2】次进件,耗时72.82s=====
INFO - 2021-08-31 19:40:19,224 - new_apply_order.py[line:517]: 开始第 quickcash【1】次进件……
INFO - 2021-08-31 19:40:19,226 - new_apply_order.py[line:79]: ======【nga测试环境】生成手机号：01630410019 ======
INFO - 2021-08-31 19:40:19,579 - new_apply_order.py[line:86]: 01630410019 检测用户存在成功！
INFO - 2021-08-31 19:40:19,629 - new_apply_order.py[line:93]: 01630410019 短信发送成功！
INFO - 2021-08-31 19:40:19,685 - new_apply_order.py[line:103]: 01630410019 注册成功！
INFO - 2021-08-31 19:40:19,735 - new_apply_order.py[line:113]: 01630410019 登录短信发送成功！
INFO - 2021-08-31 19:40:19,777 - new_apply_order.py[line:121]: userId=6204059021122215936,mobile=01630410019,token=58d1176d888a06b96eaf92b6d1327435 登录成功
INFO - 2021-08-31 19:40:19,846 - new_apply_order.py[line:172]: 个人信息提交成功！
INFO - 2021-08-31 19:40:19,889 - new_apply_order.py[line:181]: 联系人信息提交成功！
INFO - 2021-08-31 19:40:20,335 - new_apply_order.py[line:198]: 创建预审订单成功！
INFO - 2021-08-31 19:40:20,352 - new_apply_order.py[line:206]: 预审状态修改为通过,更新条数 1
INFO - 2021-08-31 19:40:20,364 - new_apply_order.py[line:209]: 更新初始额度！更新条数 1
INFO - 2021-08-31 19:40:20,657 - new_apply_order.py[line:221]: 活体图片上传成功！回写配置文件global_param.mp4_url
INFO - 2021-08-31 19:40:20,695 - new_apply_order.py[line:230]: 视频认证通过！
INFO - 2021-08-31 19:40:21,749 - new_apply_order.py[line:276]: bvn和银行卡绑卡认证通过！
INFO - 2021-08-31 19:40:22,048 - new_apply_order.py[line:297]: user更新1条
INFO - 2021-08-31 19:40:22,230 - new_apply_order.py[line:317]: 进件成功！执行sql将订单改为风控中……
INFO - 2021-08-31 19:40:23,265 - new_apply_order.py[line:323]: 订单表更新1条，信审更新1条
INFO - 2021-08-31 19:40:23,597 - new_apply_order.py[line:332]: 查询loan_order_id成功！
INFO - 2021-08-31 19:40:23,631 - new_apply_order.py[line:342]: 订单回调复审通过成功！
INFO - 2021-08-31 19:40:24,425 - new_apply_order.py[line:358]: 获取token成功！token=bearer bf51653c-283e-47c5-b902-66a96a35688d！
INFO - 2021-08-31 19:40:24,769 - new_apply_order.py[line:332]: 查询loan_order_id成功！
INFO - 2021-08-31 19:40:25,090 - new_apply_order.py[line:370]: 后台已触发放款成功！
INFO - 2021-08-31 19:40:25,099 - new_apply_order.py[line:378]: xxl_job web 登录成功！
INFO - 2021-08-31 19:40:25,106 - new_apply_order.py[line:385]: xxl_job 放款准备作业执行成功！
INFO - 2021-08-31 19:40:26,465 - new_apply_order.py[line:332]: 查询loan_order_id成功！
INFO - 2021-08-31 19:40:26,479 - new_apply_order.py[line:390]: 修改放款准备完成时间成功！
INFO - 2021-08-31 19:40:26,489 - new_apply_order.py[line:393]: xxl_job 放款完成作业执行成功！
INFO - 2021-08-31 19:40:26,795 - new_apply_order.py[line:540]: 校验重试查询第1次
ERROR - 2021-08-31 19:40:27,813 - new_apply_order.py[line:436]: 放款完成或准备失败,目前的订单状态是35
INFO - 2021-08-31 19:40:27,814 - new_apply_order.py[line:437]: {'app': 'quickcash', 'loan_order_id': '1432669578737881088', 'mobile': '01630410019', 'order_status': 35}
INFO - 2021-08-31 19:40:28,318 - new_apply_order.py[line:540]: 校验重试查询第2次
ERROR - 2021-08-31 19:40:29,336 - new_apply_order.py[line:436]: 放款完成或准备失败,目前的订单状态是35
INFO - 2021-08-31 19:40:29,337 - new_apply_order.py[line:437]: {'app': 'quickcash', 'loan_order_id': '1432669578737881088', 'mobile': '01630410019', 'order_status': 35}
INFO - 2021-08-31 19:40:29,839 - new_apply_order.py[line:540]: 校验重试查询第3次
INFO - 2021-08-31 19:40:30,852 - new_apply_order.py[line:434]: 放款完成或准备成功,目前的订单状态是40
INFO - 2021-08-31 19:40:30,852 - new_apply_order.py[line:437]: {'app': 'quickcash', 'loan_order_id': '1432669578737881088', 'mobile': '01630410019', 'order_status': 40}
INFO - 2021-08-31 19:40:30,854 - new_apply_order.py[line:557]: ===========完成第【1】次进件===========
INFO - 2021-08-31 19:40:30,854 - new_apply_order.py[line:517]: 开始第 quickcash【2】次进件……
INFO - 2021-08-31 19:40:30,855 - new_apply_order.py[line:79]: ======【nga测试环境】生成手机号：01630410030 ======
INFO - 2021-08-31 19:40:31,197 - new_apply_order.py[line:86]: 01630410030 检测用户存在成功！
INFO - 2021-08-31 19:40:31,232 - new_apply_order.py[line:93]: 01630410030 短信发送成功！
INFO - 2021-08-31 19:40:31,273 - new_apply_order.py[line:103]: 01630410030 注册成功！
INFO - 2021-08-31 19:40:31,317 - new_apply_order.py[line:113]: 01630410030 登录短信发送成功！
INFO - 2021-08-31 19:40:31,363 - new_apply_order.py[line:121]: userId=6204059069730004992,mobile=01630410030,token=d0f62072fc0d6800b217bfae6e401d71 登录成功
INFO - 2021-08-31 19:40:31,429 - new_apply_order.py[line:172]: 个人信息提交成功！
INFO - 2021-08-31 19:40:31,487 - new_apply_order.py[line:181]: 联系人信息提交成功！
INFO - 2021-08-31 19:40:31,740 - new_apply_order.py[line:198]: 创建预审订单成功！
INFO - 2021-08-31 19:40:31,760 - new_apply_order.py[line:206]: 预审状态修改为通过,更新条数 1
INFO - 2021-08-31 19:40:31,774 - new_apply_order.py[line:209]: 更新初始额度！更新条数 1
INFO - 2021-08-31 19:40:33,059 - new_apply_order.py[line:221]: 活体图片上传成功！回写配置文件global_param.mp4_url
INFO - 2021-08-31 19:40:33,100 - new_apply_order.py[line:230]: 视频认证通过！
INFO - 2021-08-31 19:40:34,047 - new_apply_order.py[line:276]: bvn和银行卡绑卡认证通过！
INFO - 2021-08-31 19:40:34,346 - new_apply_order.py[line:297]: user更新1条
INFO - 2021-08-31 19:40:34,532 - new_apply_order.py[line:317]: 进件成功！执行sql将订单改为风控中……
INFO - 2021-08-31 19:40:35,565 - new_apply_order.py[line:323]: 订单表更新1条，信审更新1条
INFO - 2021-08-31 19:40:35,912 - new_apply_order.py[line:332]: 查询loan_order_id成功！
INFO - 2021-08-31 19:40:35,950 - new_apply_order.py[line:342]: 订单回调复审通过成功！
INFO - 2021-08-31 19:40:36,744 - new_apply_order.py[line:358]: 获取token成功！token=bearer bf51653c-283e-47c5-b902-66a96a35688d！
INFO - 2021-08-31 19:40:37,081 - new_apply_order.py[line:332]: 查询loan_order_id成功！
INFO - 2021-08-31 19:40:37,380 - new_apply_order.py[line:370]: 后台已触发放款成功！
INFO - 2021-08-31 19:40:37,389 - new_apply_order.py[line:378]: xxl_job web 登录成功！
INFO - 2021-08-31 19:40:37,397 - new_apply_order.py[line:385]: xxl_job 放款准备作业执行成功！
INFO - 2021-08-31 19:40:38,747 - new_apply_order.py[line:332]: 查询loan_order_id成功！
INFO - 2021-08-31 19:40:38,761 - new_apply_order.py[line:390]: 修改放款准备完成时间成功！
INFO - 2021-08-31 19:40:38,768 - new_apply_order.py[line:393]: xxl_job 放款完成作业执行成功！
INFO - 2021-08-31 19:40:39,073 - new_apply_order.py[line:540]: 校验重试查询第1次
ERROR - 2021-08-31 19:40:40,086 - new_apply_order.py[line:436]: 放款完成或准备失败,目前的订单状态是35
INFO - 2021-08-31 19:40:40,086 - new_apply_order.py[line:437]: {'app': 'quickcash', 'loan_order_id': '1432669627295338496', 'mobile': '01630410030', 'order_status': 35}
INFO - 2021-08-31 19:40:40,591 - new_apply_order.py[line:540]: 校验重试查询第2次
INFO - 2021-08-31 19:40:41,608 - new_apply_order.py[line:434]: 放款完成或准备成功,目前的订单状态是40
INFO - 2021-08-31 19:40:41,608 - new_apply_order.py[line:437]: {'app': 'quickcash', 'loan_order_id': '1432669627295338496', 'mobile': '01630410030', 'order_status': 40}
INFO - 2021-08-31 19:40:41,609 - new_apply_order.py[line:557]: ===========完成第【2】次进件===========
INFO - 2021-08-31 19:40:41,609 - new_apply_order.py[line:560]: ======完成第【2】次进件,耗时22.38s=====
