INFO - 2021-09-28 16:01:08,507 - new_apply_order.py[line:792]: 开始第 muchodinero【1】次进件……
INFO - 2021-09-28 16:01:08,559 - new_apply_order.py[line:60]: 删除redis key: "mx:cfs:user:userid:4955503135745515520"
INFO - 2021-09-28 16:01:08,605 - new_apply_order.py[line:60]: 删除redis key: "mx:cfs:user:userid:4954052143514525696"
INFO - 2021-09-28 16:01:08,632 - new_apply_order.py[line:60]: 删除redis key: "mx:cfs:user:userid:4955855036664127488"
INFO - 2021-09-28 16:01:08,668 - new_apply_order.py[line:75]: 更新脏数据0条
INFO - 2021-09-28 16:01:08,669 - new_apply_order.py[line:82]: ======【mx测试环境】生成手机号：1632816068 ======
INFO - 2021-09-28 16:01:09,049 - new_apply_order.py[line:95]: 1632816068 检测用户存在成功！
INFO - 2021-09-28 16:01:09,100 - new_apply_order.py[line:104]: 1632816068 短信发送成功！
INFO - 2021-09-28 16:01:09,143 - new_apply_order.py[line:117]: 1632816068 注册成功！
INFO - 2021-09-28 16:01:09,199 - new_apply_order.py[line:133]: 1632816068 登录短信发送成功！
INFO - 2021-09-28 16:01:09,247 - new_apply_order.py[line:143]: userId=4955859524003176448,mobile=1632816068,token=45c9b22c63a2813d07ab394d967ede65 登录成功
INFO - 2021-09-28 16:01:09,316 - new_apply_order.py[line:205]: 个人信息提交成功！
INFO - 2021-09-28 16:01:09,812 - new_apply_order.py[line:238]: 创建预审订单成功！
INFO - 2021-09-28 16:01:09,828 - new_apply_order.py[line:246]: 预审状态修改为通过,更新条数 1
INFO - 2021-09-28 16:01:09,843 - new_apply_order.py[line:249]: 更新初始额度！更新条数 1
INFO - 2021-09-28 16:01:12,454 - new_apply_order.py[line:285]: curp上传成功!
INFO - 2021-09-28 16:01:12,610 - new_apply_order.py[line:294]: curp_rfc校验通过！
INFO - 2021-09-28 16:01:13,413 - new_apply_order.py[line:305]: 人脸识别成功!
INFO - 2021-09-28 16:01:13,981 - new_apply_order.py[line:491]: 绑卡成功！
INFO - 2021-09-28 16:01:14,199 - new_apply_order.py[line:522]: 进件成功！执行sql将订单改为风控中……
INFO - 2021-09-28 16:01:15,231 - new_apply_order.py[line:528]: 订单表更新1条，信审更新1条
INFO - 2021-09-28 16:01:15,589 - new_apply_order.py[line:542]: 查询loan_order_id成功！
INFO - 2021-09-28 16:01:15,631 - new_apply_order.py[line:557]: 订单回调复审通过成功！
INFO - 2021-09-28 16:01:16,461 - new_apply_order.py[line:579]: 获取token成功！token=bearer 8a29d6bf-8156-4bae-b461-8442785dd709！
INFO - 2021-09-28 16:01:16,828 - new_apply_order.py[line:542]: 查询loan_order_id成功！
INFO - 2021-09-28 16:01:17,332 - new_apply_order.py[line:597]: 后台已触发放款成功！
INFO - 2021-09-28 16:01:17,346 - new_apply_order.py[line:611]: xxl_job web 登录成功！
INFO - 2021-09-28 16:01:17,356 - new_apply_order.py[line:627]: xxl_job 放款准备作业执行成功！
INFO - 2021-09-28 16:01:18,709 - new_apply_order.py[line:542]: 查询loan_order_id成功！
INFO - 2021-09-28 16:01:18,726 - new_apply_order.py[line:635]: 修改放款准备完成时间成功！
INFO - 2021-09-28 16:01:18,735 - new_apply_order.py[line:643]: xxl_job 放款完成作业执行成功！
INFO - 2021-09-28 16:01:19,086 - new_apply_order.py[line:542]: 查询loan_order_id成功！
INFO - 2021-09-28 16:01:19,399 - new_apply_order.py[line:815]: 校验重试查询第1次
ERROR - 2021-09-28 16:01:20,416 - new_apply_order.py[line:711]: 放款完成或准备失败,目前的订单状态是35
INFO - 2021-09-28 16:01:20,417 - new_apply_order.py[line:712]: {'app': 'muchodinero', 'loan_order_id': '1442761281449365504', 'mobile': '1632816068', 'order_status': 35}
INFO - 2021-09-28 16:01:21,270 - new_apply_order.py[line:542]: 查询loan_order_id成功！
INFO - 2021-09-28 16:01:21,285 - new_apply_order.py[line:815]: 校验重试查询第2次
ERROR - 2021-09-28 16:01:22,298 - new_apply_order.py[line:711]: 放款完成或准备失败,目前的订单状态是35
INFO - 2021-09-28 16:01:22,298 - new_apply_order.py[line:712]: {'app': 'muchodinero', 'loan_order_id': '1442761281449365504', 'mobile': '1632816068', 'order_status': 35}
INFO - 2021-09-28 16:01:23,156 - new_apply_order.py[line:542]: 查询loan_order_id成功！
INFO - 2021-09-28 16:01:23,277 - new_apply_order.py[line:664]: 放款回调成功！
INFO - 2021-09-28 16:01:23,278 - new_apply_order.py[line:815]: 校验重试查询第3次
INFO - 2021-09-28 16:01:24,293 - new_apply_order.py[line:709]: 放款完成或准备成功,目前的订单状态是40
INFO - 2021-09-28 16:01:24,294 - new_apply_order.py[line:712]: {'app': 'muchodinero', 'loan_order_id': '1442761281449365504', 'mobile': '1632816068', 'order_status': 40}
INFO - 2021-09-28 16:01:24,297 - new_apply_order.py[line:832]: ===========完成第【1】次进件===========
INFO - 2021-09-28 16:01:24,297 - new_apply_order.py[line:835]: ======完成第【1】次进件,耗时15.79s=====
