INFO - 2021-12-15 16:30:54,781 - new_apply_order.py[line:893]: 开始第 Mipeso【1】次进件……
INFO - 2021-12-15 16:30:54,884 - new_apply_order.py[line:60]: 删除redis key: "mx:cfs:user:userid:4984122003880419328"
INFO - 2021-12-15 16:30:54,942 - new_apply_order.py[line:60]: 删除redis key: "mx:cfs:user:userid:4984131831369572352"
INFO - 2021-12-15 16:30:54,968 - new_apply_order.py[line:75]: 更新脏数据0条
INFO - 2021-12-15 16:30:54,969 - new_apply_order.py[line:84]: ======【mx测试环境】生成手机号：1639557054 ======
INFO - 2021-12-15 16:30:55,361 - new_apply_order.py[line:97]: 1639557054 检测用户存在成功！
INFO - 2021-12-15 16:30:55,432 - new_apply_order.py[line:106]: 1639557054 短信发送成功！
INFO - 2021-12-15 16:30:55,493 - new_apply_order.py[line:119]: 1639557054 注册成功！
INFO - 2021-12-15 16:30:55,585 - new_apply_order.py[line:135]: 1639557054 登录短信发送成功！
INFO - 2021-12-15 16:30:55,641 - new_apply_order.py[line:145]: userId=4984133270053593088,mobile=1639557054,token=112db19dee1b375ee21dcac8f1adfeca 登录成功
INFO - 2021-12-15 16:30:55,761 - new_apply_order.py[line:212]: 个人信息提交成功！
INFO - 2021-12-15 16:30:56,366 - new_apply_order.py[line:255]: 创建预审订单成功！
INFO - 2021-12-15 16:30:56,382 - new_apply_order.py[line:263]: 预审状态修改为通过,更新条数 1
INFO - 2021-12-15 16:30:56,395 - new_apply_order.py[line:266]: 更新初始额度！更新条数 1
INFO - 2021-12-15 16:30:58,766 - new_apply_order.py[line:361]: curp上传成功!
INFO - 2021-12-15 16:30:58,949 - new_apply_order.py[line:370]: curp_rfc校验通过！
INFO - 2021-12-15 16:30:59,808 - new_apply_order.py[line:381]: 人脸识别成功!
INFO - 2021-12-15 16:31:00,484 - new_apply_order.py[line:569]: 绑卡成功！
INFO - 2021-12-15 16:31:00,780 - new_apply_order.py[line:623]: 进件成功！执行sql将订单改为风控中……
INFO - 2021-12-15 16:31:01,815 - new_apply_order.py[line:629]: 订单表更新1条，信审更新1条
INFO - 2021-12-15 16:31:02,214 - new_apply_order.py[line:643]: 查询loan_order_id成功！
INFO - 2021-12-15 16:31:02,262 - new_apply_order.py[line:658]: 订单回调复审通过成功！
INFO - 2021-12-15 16:31:03,079 - new_apply_order.py[line:680]: 获取token成功！token=bearer f8877a6e-308c-470d-aa9d-54834b3a07ff！
INFO - 2021-12-15 16:31:03,435 - new_apply_order.py[line:643]: 查询loan_order_id成功！
INFO - 2021-12-15 16:31:03,820 - new_apply_order.py[line:698]: 后台已触发放款成功！
INFO - 2021-12-15 16:31:03,838 - new_apply_order.py[line:712]: xxl_job web 登录成功！
INFO - 2021-12-15 16:31:03,850 - new_apply_order.py[line:728]: xxl_job 放款准备作业执行成功！
INFO - 2021-12-15 16:31:05,219 - new_apply_order.py[line:643]: 查询loan_order_id成功！
INFO - 2021-12-15 16:31:05,240 - new_apply_order.py[line:736]: 修改放款准备完成时间成功！
INFO - 2021-12-15 16:31:05,252 - new_apply_order.py[line:744]: xxl_job 放款完成作业执行成功！
INFO - 2021-12-15 16:31:05,641 - new_apply_order.py[line:643]: 查询loan_order_id成功！
INFO - 2021-12-15 16:31:05,956 - new_apply_order.py[line:916]: 校验重试查询第1次
ERROR - 2021-12-15 16:31:06,973 - new_apply_order.py[line:812]: 放款完成或准备失败,目前的订单状态是32
INFO - 2021-12-15 16:31:06,974 - new_apply_order.py[line:813]: {'app': 'Mipeso', 'loan_order_id': '1471035028015812608', 'mobile': '1639557054', 'order_status': 32}
INFO - 2021-12-15 16:31:06,990 - new_apply_order.py[line:712]: xxl_job web 登录成功！
INFO - 2021-12-15 16:31:07,006 - new_apply_order.py[line:728]: xxl_job 放款准备作业执行成功！
INFO - 2021-12-15 16:31:08,363 - new_apply_order.py[line:643]: 查询loan_order_id成功！
INFO - 2021-12-15 16:31:08,379 - new_apply_order.py[line:736]: 修改放款准备完成时间成功！
INFO - 2021-12-15 16:31:08,389 - new_apply_order.py[line:744]: xxl_job 放款完成作业执行成功！
INFO - 2021-12-15 16:31:08,894 - new_apply_order.py[line:916]: 校验重试查询第2次
ERROR - 2021-12-15 16:31:09,911 - new_apply_order.py[line:812]: 放款完成或准备失败,目前的订单状态是35
INFO - 2021-12-15 16:31:09,911 - new_apply_order.py[line:813]: {'app': 'Mipeso', 'loan_order_id': '1471035028015812608', 'mobile': '1639557054', 'order_status': 35}
INFO - 2021-12-15 16:31:10,772 - new_apply_order.py[line:643]: 查询loan_order_id成功！
INFO - 2021-12-15 16:31:11,168 - new_apply_order.py[line:765]: 放款回调成功！
INFO - 2021-12-15 16:31:11,168 - new_apply_order.py[line:916]: 校验重试查询第3次
INFO - 2021-12-15 16:31:12,183 - new_apply_order.py[line:810]: 放款完成或准备成功,目前的订单状态是40
INFO - 2021-12-15 16:31:12,184 - new_apply_order.py[line:813]: {'app': 'Mipeso', 'loan_order_id': '1471035028015812608', 'mobile': '1639557054', 'order_status': 40}
INFO - 2021-12-15 16:31:12,184 - new_apply_order.py[line:933]: ===========完成第【1】次进件===========
INFO - 2021-12-15 16:31:12,184 - new_apply_order.py[line:936]: ======完成第【1】次进件,耗时17.40s=====
INFO - 2021-12-15 16:31:12,188 - new_apply_order.py[line:893]: 开始第 nucredito【1】次进件……
INFO - 2021-12-15 16:31:12,312 - new_apply_order.py[line:60]: 删除redis key: "mx:cfs:user:userid:4984133270053593088"
INFO - 2021-12-15 16:31:12,361 - new_apply_order.py[line:75]: 更新脏数据0条
INFO - 2021-12-15 16:31:12,362 - new_apply_order.py[line:84]: ======【mx测试环境】生成手机号：1639557072 ======
INFO - 2021-12-15 16:31:12,725 - new_apply_order.py[line:97]: 1639557072 检测用户存在成功！
INFO - 2021-12-15 16:31:12,829 - new_apply_order.py[line:106]: 1639557072 短信发送成功！
INFO - 2021-12-15 16:31:12,890 - new_apply_order.py[line:119]: 1639557072 注册成功！
INFO - 2021-12-15 16:31:12,984 - new_apply_order.py[line:135]: 1639557072 登录短信发送成功！
INFO - 2021-12-15 16:31:13,039 - new_apply_order.py[line:145]: userId=4984133343009316864,mobile=1639557072,token=33d852b414ad1e73861f2d72f8a20ae2 登录成功
INFO - 2021-12-15 16:31:13,188 - new_apply_order.py[line:212]: 个人信息提交成功！
INFO - 2021-12-15 16:31:13,752 - new_apply_order.py[line:255]: 创建预审订单成功！
INFO - 2021-12-15 16:31:13,790 - new_apply_order.py[line:263]: 预审状态修改为通过,更新条数 1
INFO - 2021-12-15 16:31:13,870 - new_apply_order.py[line:266]: 更新初始额度！更新条数 1
INFO - 2021-12-15 16:31:16,201 - new_apply_order.py[line:361]: curp上传成功!
INFO - 2021-12-15 16:31:16,379 - new_apply_order.py[line:370]: curp_rfc校验通过！
INFO - 2021-12-15 16:31:17,129 - new_apply_order.py[line:381]: 人脸识别成功!
INFO - 2021-12-15 16:31:17,816 - new_apply_order.py[line:569]: 绑卡成功！
INFO - 2021-12-15 16:31:18,130 - new_apply_order.py[line:623]: 进件成功！执行sql将订单改为风控中……
INFO - 2021-12-15 16:31:19,162 - new_apply_order.py[line:629]: 订单表更新1条，信审更新1条
INFO - 2021-12-15 16:31:19,527 - new_apply_order.py[line:643]: 查询loan_order_id成功！
INFO - 2021-12-15 16:31:19,582 - new_apply_order.py[line:658]: 订单回调复审通过成功！
INFO - 2021-12-15 16:31:20,467 - new_apply_order.py[line:680]: 获取token成功！token=bearer f8877a6e-308c-470d-aa9d-54834b3a07ff！
INFO - 2021-12-15 16:31:20,827 - new_apply_order.py[line:643]: 查询loan_order_id成功！
