INFO - 2021-10-30 16:10:56,500 - new_apply_order.py[line:882]: 开始第 borrowme【1】次进件……
INFO - 2021-10-30 16:10:56,501 - new_apply_order.py[line:84]: ======【nga测试环境】生成手机号：01635581456 ======
INFO - 2021-10-30 16:10:56,896 - new_apply_order.py[line:97]: 01635581456 检测用户存在成功！
INFO - 2021-10-30 16:10:56,966 - new_apply_order.py[line:106]: 01635581456 短信发送成功！
INFO - 2021-10-30 16:10:57,047 - new_apply_order.py[line:119]: 01635581456 注册成功！
INFO - 2021-10-30 16:10:57,128 - new_apply_order.py[line:135]: 01635581456 登录短信发送成功！
INFO - 2021-10-30 16:10:57,183 - new_apply_order.py[line:145]: userId=6225749601608802304,mobile=01635581456,token=c677cec9890aef5c2f4fc624cd498497 登录成功
INFO - 2021-10-30 16:10:57,296 - new_apply_order.py[line:212]: 个人信息提交成功！
INFO - 2021-10-30 16:10:57,366 - new_apply_order.py[line:223]: 联系人信息提交成功！
INFO - 2021-10-30 16:10:57,646 - new_apply_order.py[line:255]: 创建预审订单成功！
INFO - 2021-10-30 16:10:57,667 - new_apply_order.py[line:263]: 预审状态修改为通过,更新条数 1
INFO - 2021-10-30 16:10:57,684 - new_apply_order.py[line:266]: 更新初始额度！更新条数 1
INFO - 2021-10-30 16:10:57,963 - new_apply_order.py[line:342]: 活体图片上传成功！回写配置文件global_param.mp4_url
INFO - 2021-10-30 16:10:58,015 - new_apply_order.py[line:352]: 视频认证通过！
INFO - 2021-10-30 16:10:59,122 - new_apply_order.py[line:510]: bvn和银行卡绑卡认证通过！
INFO - 2021-10-30 16:10:59,427 - new_apply_order.py[line:561]: user更新1条
INFO - 2021-10-30 16:10:59,668 - new_apply_order.py[line:612]: 进件成功！执行sql将订单改为风控中……
INFO - 2021-10-30 16:11:00,704 - new_apply_order.py[line:618]: 订单表更新1条，信审更新1条
INFO - 2021-10-30 16:11:01,060 - new_apply_order.py[line:632]: 查询loan_order_id成功！
INFO - 2021-10-30 16:11:01,113 - new_apply_order.py[line:647]: 订单回调复审通过成功！
INFO - 2021-10-30 16:11:01,943 - new_apply_order.py[line:669]: 获取token成功！token=bearer d730ddac-5574-4de5-9a0d-79be610b9183！
INFO - 2021-10-30 16:11:02,295 - new_apply_order.py[line:632]: 查询loan_order_id成功！
INFO - 2021-10-30 16:11:02,886 - new_apply_order.py[line:687]: 后台已触发放款成功！
INFO - 2021-10-30 16:11:02,899 - new_apply_order.py[line:701]: xxl_job web 登录成功！
INFO - 2021-10-30 16:11:02,912 - new_apply_order.py[line:717]: xxl_job 放款准备作业执行成功！
INFO - 2021-10-30 16:11:04,267 - new_apply_order.py[line:632]: 查询loan_order_id成功！
INFO - 2021-10-30 16:11:04,280 - new_apply_order.py[line:725]: 修改放款准备完成时间成功！
INFO - 2021-10-30 16:11:04,285 - new_apply_order.py[line:733]: xxl_job 放款完成作业执行成功！
INFO - 2021-10-30 16:11:04,590 - new_apply_order.py[line:905]: 校验重试查询第1次
ERROR - 2021-10-30 16:11:05,608 - new_apply_order.py[line:801]: 放款完成或准备失败,目前的订单状态是32
INFO - 2021-10-30 16:11:05,608 - new_apply_order.py[line:802]: {'app': 'borrowme', 'loan_order_id': '1454360159695015936', 'mobile': '01635581456', 'order_status': 32}
INFO - 2021-10-30 16:11:05,621 - new_apply_order.py[line:701]: xxl_job web 登录成功！
INFO - 2021-10-30 16:11:05,636 - new_apply_order.py[line:717]: xxl_job 放款准备作业执行成功！
INFO - 2021-10-30 16:11:06,994 - new_apply_order.py[line:632]: 查询loan_order_id成功！
INFO - 2021-10-30 16:11:07,012 - new_apply_order.py[line:725]: 修改放款准备完成时间成功！
INFO - 2021-10-30 16:11:07,019 - new_apply_order.py[line:733]: xxl_job 放款完成作业执行成功！
INFO - 2021-10-30 16:11:07,520 - new_apply_order.py[line:905]: 校验重试查询第2次
ERROR - 2021-10-30 16:11:08,541 - new_apply_order.py[line:801]: 放款完成或准备失败,目前的订单状态是35
INFO - 2021-10-30 16:11:08,541 - new_apply_order.py[line:802]: {'app': 'borrowme', 'loan_order_id': '1454360159695015936', 'mobile': '01635581456', 'order_status': 35}
INFO - 2021-10-30 16:11:09,048 - new_apply_order.py[line:905]: 校验重试查询第3次
INFO - 2021-10-30 16:11:10,064 - new_apply_order.py[line:799]: 放款完成或准备成功,目前的订单状态是40
INFO - 2021-10-30 16:11:10,065 - new_apply_order.py[line:802]: {'app': 'borrowme', 'loan_order_id': '1454360159695015936', 'mobile': '01635581456', 'order_status': 40}
INFO - 2021-10-30 16:11:10,067 - new_apply_order.py[line:922]: ===========完成第【1】次进件===========
INFO - 2021-10-30 16:11:10,068 - new_apply_order.py[line:925]: ======完成第【1】次进件,耗时13.57s=====
