INFO - 2021-08-30 20:23:23,196 - new_apply_order.py[line:449]: 开始第 borrowme【1】次进件……
INFO - 2021-08-30 20:23:23,197 - new_apply_order.py[line:79]: ======【nga测试环境】生成手机号：01630326203 ======
INFO - 2021-08-30 20:23:23,577 - new_apply_order.py[line:86]: 01630326203 检测用户存在成功！
INFO - 2021-08-30 20:23:23,635 - new_apply_order.py[line:93]: 01630326203 短信发送成功！
INFO - 2021-08-30 20:23:23,686 - new_apply_order.py[line:103]: 01630326203 注册成功！
INFO - 2021-08-30 20:23:23,754 - new_apply_order.py[line:115]: userId=6203707471388483584,mobile=01630326203,token=87a74f504978b501c63c35121ab4aa62 登录成功
INFO - 2021-08-30 20:23:23,848 - new_apply_order.py[line:166]: 个人信息提交成功！
INFO - 2021-08-30 20:23:23,898 - new_apply_order.py[line:175]: 联系人信息提交成功！
INFO - 2021-08-30 20:23:24,425 - new_apply_order.py[line:192]: 创建预审订单成功！
INFO - 2021-08-30 20:23:24,443 - new_apply_order.py[line:200]: 预审状态修改为通过,更新条数 1
INFO - 2021-08-30 20:23:24,456 - new_apply_order.py[line:203]: 更新初始额度！更新条数 1
INFO - 2021-08-30 20:23:24,757 - new_apply_order.py[line:215]: 活体图片上传成功！回写配置文件global_param.mp4_url
INFO - 2021-08-30 20:23:24,798 - new_apply_order.py[line:224]: 视频认证通过！
INFO - 2021-08-30 20:23:25,831 - new_apply_order.py[line:270]: bvn和银行卡绑卡认证通过！
INFO - 2021-08-30 20:23:26,133 - new_apply_order.py[line:291]: user更新1条
INFO - 2021-08-30 20:23:26,384 - new_apply_order.py[line:311]: 进件成功！执行sql将订单改为风控中……
INFO - 2021-08-30 20:23:27,423 - new_apply_order.py[line:317]: 订单表更新1条，信审更新1条
INFO - 2021-08-30 20:23:27,773 - new_apply_order.py[line:326]: 查询loan_order_id成功！
ERROR - 2021-08-30 20:23:27,774 - new_apply_order.py[line:495]: No connection adapters were found for '172.20.240.143:8030/facade/risk/call'
ERROR - 2021-08-30 20:23:27,781 - new_apply_order.py[line:496]: None
