INFO - 2021-09-07 20:43:43,284 - new_apply_order.py[line:618]: 开始第 Mipeso【1】次进件……
INFO - 2021-09-07 20:43:43,464 - new_apply_order.py[line:75]: 更新脏数据1条
INFO - 2021-09-07 20:43:43,465 - new_apply_order.py[line:80]: ======【mx测试环境】生成手机号：1631018623 ======
INFO - 2021-09-07 20:43:43,852 - new_apply_order.py[line:93]: 1631018623 检测用户存在成功！
INFO - 2021-09-07 20:43:43,910 - new_apply_order.py[line:102]: 1631018623 短信发送成功！
INFO - 2021-09-07 20:43:43,960 - new_apply_order.py[line:115]: 1631018623 注册成功！
INFO - 2021-09-07 20:43:44,026 - new_apply_order.py[line:131]: 1631018623 登录短信发送成功！
INFO - 2021-09-07 20:43:44,075 - new_apply_order.py[line:141]: userId=4948320492708306944,mobile=1631018623,token=1c555314e4e0d788df60de77a2d23d15 登录成功
INFO - 2021-09-07 20:43:44,157 - new_apply_order.py[line:198]: 个人信息提交成功！
INFO - 2021-09-07 20:43:44,730 - new_apply_order.py[line:231]: 创建预审订单成功！
INFO - 2021-09-07 20:43:44,748 - new_apply_order.py[line:239]: 预审状态修改为通过,更新条数 1
INFO - 2021-09-07 20:43:44,763 - new_apply_order.py[line:242]: 更新初始额度！更新条数 1
INFO - 2021-09-07 20:43:47,291 - new_apply_order.py[line:278]: curp上传成功!
INFO - 2021-09-07 20:43:47,402 - new_apply_order.py[line:287]: curp_rfc校验通过！
INFO - 2021-09-07 20:43:48,119 - new_apply_order.py[line:298]: 人脸识别成功!
INFO - 2021-09-07 20:43:48,695 - new_apply_order.py[line:353]: 绑卡成功！
INFO - 2021-09-07 20:43:48,909 - new_apply_order.py[line:375]: 进件成功！执行sql将订单改为风控中……
INFO - 2021-09-07 20:43:49,951 - new_apply_order.py[line:381]: 订单表更新1条，信审更新1条
INFO - 2021-09-07 20:43:50,305 - new_apply_order.py[line:395]: 查询loan_order_id成功！
INFO - 2021-09-07 20:43:50,355 - new_apply_order.py[line:410]: 订单回调复审通过成功！
INFO - 2021-09-07 20:43:51,163 - new_apply_order.py[line:432]: 获取token成功！token=bearer 16080d4b-fe6d-4aef-b662-acf90eb402f8！
INFO - 2021-09-07 20:43:51,508 - new_apply_order.py[line:395]: 查询loan_order_id成功！
INFO - 2021-09-07 20:43:52,049 - new_apply_order.py[line:450]: 后台已触发放款成功！
INFO - 2021-09-07 20:43:52,061 - new_apply_order.py[line:464]: xxl_job web 登录成功！
INFO - 2021-09-07 20:43:52,070 - new_apply_order.py[line:478]: xxl_job 放款准备作业执行成功！
INFO - 2021-09-07 20:43:53,423 - new_apply_order.py[line:395]: 查询loan_order_id成功！
INFO - 2021-09-07 20:43:53,440 - new_apply_order.py[line:483]: 修改放款准备完成时间成功！
INFO - 2021-09-07 20:43:53,448 - new_apply_order.py[line:491]: xxl_job 放款完成作业执行成功！
INFO - 2021-09-07 20:43:53,818 - new_apply_order.py[line:395]: 查询loan_order_id成功！
INFO - 2021-09-07 20:43:54,131 - new_apply_order.py[line:641]: 校验重试查询第1次
ERROR - 2021-09-07 20:43:55,143 - new_apply_order.py[line:537]: 放款完成或准备失败,目前的订单状态是35
INFO - 2021-09-07 20:43:55,143 - new_apply_order.py[line:538]: {'app': 'Mipeso', 'loan_order_id': '1435222250434990080', 'mobile': '1631018623', 'order_status': 35}
INFO - 2021-09-07 20:43:55,989 - new_apply_order.py[line:395]: 查询loan_order_id成功！
INFO - 2021-09-07 20:43:56,095 - new_apply_order.py[line:510]: 放款回调成功！
INFO - 2021-09-07 20:43:56,095 - new_apply_order.py[line:641]: 校验重试查询第2次
INFO - 2021-09-07 20:43:57,111 - new_apply_order.py[line:535]: 放款完成或准备成功,目前的订单状态是40
INFO - 2021-09-07 20:43:57,112 - new_apply_order.py[line:538]: {'app': 'Mipeso', 'loan_order_id': '1435222250434990080', 'mobile': '1631018623', 'order_status': 40}
INFO - 2021-09-07 20:43:57,113 - new_apply_order.py[line:658]: ===========完成第【1】次进件===========
INFO - 2021-09-07 20:43:57,114 - new_apply_order.py[line:661]: ======完成第【1】次进件,耗时13.83s=====
INFO - 2021-09-07 20:43:57,117 - new_apply_order.py[line:618]: 开始第 kencash【1】次进件……
INFO - 2021-09-07 20:43:57,118 - new_apply_order.py[line:80]: ======【ke测试环境】生成手机号：731018637 ======
INFO - 2021-09-07 20:43:57,475 - new_apply_order.py[line:93]: 731018637 检测用户存在成功！
INFO - 2021-09-07 20:43:57,529 - new_apply_order.py[line:102]: 731018637 短信发送成功！
INFO - 2021-09-07 20:43:57,573 - new_apply_order.py[line:115]: 731018637 注册成功！
INFO - 2021-09-07 20:43:57,629 - new_apply_order.py[line:131]: 731018637 登录短信发送成功！
INFO - 2021-09-07 20:43:57,671 - new_apply_order.py[line:141]: userId=6206611749824372736,mobile=731018637,token=3442011aac63e22be931a0f3f211b133 登录成功
INFO - 2021-09-07 20:43:58,336 - new_apply_order.py[line:198]: 个人信息提交成功！
INFO - 2021-09-07 20:43:58,384 - new_apply_order.py[line:218]: 联系人信息提交成功！
INFO - 2021-09-07 20:43:58,787 - new_apply_order.py[line:231]: 创建预审订单成功！
INFO - 2021-09-07 20:43:58,801 - new_apply_order.py[line:239]: 预审状态修改为通过,更新条数 1
INFO - 2021-09-07 20:43:58,814 - new_apply_order.py[line:242]: 更新初始额度！更新条数 1
INFO - 2021-09-07 20:43:59,110 - new_apply_order.py[line:259]: 活体图片上传成功！回写配置文件global_param.mp4_url
INFO - 2021-09-07 20:43:59,143 - new_apply_order.py[line:269]: 视频认证通过！
INFO - 2021-09-07 20:43:59,443 - new_apply_order.py[line:362]: 绑卡成功！
INFO - 2021-09-07 20:43:59,645 - new_apply_order.py[line:375]: 进件成功！执行sql将订单改为风控中……
INFO - 2021-09-07 20:44:00,678 - new_apply_order.py[line:381]: 订单表更新1条，信审更新1条
INFO - 2021-09-07 20:44:01,027 - new_apply_order.py[line:395]: 查询loan_order_id成功！
INFO - 2021-09-07 20:44:01,100 - new_apply_order.py[line:410]: 订单回调复审通过成功！
INFO - 2021-09-07 20:44:01,915 - new_apply_order.py[line:432]: 获取token成功！token=bearer 097a067e-7b29-47ca-805a-9d9ab336b604！
INFO - 2021-09-07 20:44:02,265 - new_apply_order.py[line:395]: 查询loan_order_id成功！
INFO - 2021-09-07 20:44:02,769 - new_apply_order.py[line:450]: 后台已触发放款成功！
INFO - 2021-09-07 20:44:02,780 - new_apply_order.py[line:464]: xxl_job web 登录成功！
INFO - 2021-09-07 20:44:02,791 - new_apply_order.py[line:478]: xxl_job 放款准备作业执行成功！
INFO - 2021-09-07 20:44:04,134 - new_apply_order.py[line:395]: 查询loan_order_id成功！
INFO - 2021-09-07 20:44:04,150 - new_apply_order.py[line:483]: 修改放款准备完成时间成功！
INFO - 2021-09-07 20:44:04,160 - new_apply_order.py[line:491]: xxl_job 放款完成作业执行成功！
INFO - 2021-09-07 20:44:04,507 - new_apply_order.py[line:395]: 查询loan_order_id成功！
INFO - 2021-09-07 20:44:04,926 - new_apply_order.py[line:641]: 校验重试查询第1次
ERROR - 2021-09-07 20:44:05,943 - new_apply_order.py[line:537]: 放款完成或准备失败,目前的订单状态是35
INFO - 2021-09-07 20:44:05,943 - new_apply_order.py[line:538]: {'app': 'kencash', 'loan_order_id': '1435222309850189824', 'mobile': '731018637', 'order_status': 35}
INFO - 2021-09-07 20:44:06,815 - new_apply_order.py[line:395]: 查询loan_order_id成功！
INFO - 2021-09-07 20:44:07,035 - new_apply_order.py[line:524]: 放款回调成功！
INFO - 2021-09-07 20:44:07,035 - new_apply_order.py[line:641]: 校验重试查询第2次
INFO - 2021-09-07 20:44:08,046 - new_apply_order.py[line:535]: 放款完成或准备成功,目前的订单状态是40
INFO - 2021-09-07 20:44:08,047 - new_apply_order.py[line:538]: {'app': 'kencash', 'loan_order_id': '1435222309850189824', 'mobile': '731018637', 'order_status': 40}
INFO - 2021-09-07 20:44:08,047 - new_apply_order.py[line:658]: ===========完成第【1】次进件===========
INFO - 2021-09-07 20:44:08,047 - new_apply_order.py[line:661]: ======完成第【1】次进件,耗时10.93s=====
INFO - 2021-09-07 20:44:08,050 - new_apply_order.py[line:618]: 开始第 borrowme【1】次进件……
INFO - 2021-09-07 20:44:08,050 - new_apply_order.py[line:80]: ======【nga测试环境】生成手机号：01631018648 ======
INFO - 2021-09-07 20:44:08,451 - new_apply_order.py[line:93]: 01631018648 检测用户存在成功！
INFO - 2021-09-07 20:44:08,551 - new_apply_order.py[line:102]: 01631018648 短信发送成功！
INFO - 2021-09-07 20:44:08,611 - new_apply_order.py[line:115]: 01631018648 注册成功！
INFO - 2021-09-07 20:44:08,693 - new_apply_order.py[line:131]: 01631018648 登录短信发送成功！
INFO - 2021-09-07 20:44:08,755 - new_apply_order.py[line:141]: userId=6206611796088070144,mobile=01631018648,token=db5077cecda3b61508ebc0f1f7a5a9db 登录成功
INFO - 2021-09-07 20:44:09,036 - new_apply_order.py[line:198]: 个人信息提交成功！
INFO - 2021-09-07 20:44:09,196 - new_apply_order.py[line:209]: 联系人信息提交成功！
INFO - 2021-09-07 20:44:10,691 - new_apply_order.py[line:231]: 创建预审订单成功！
INFO - 2021-09-07 20:44:10,709 - new_apply_order.py[line:239]: 预审状态修改为通过,更新条数 1
INFO - 2021-09-07 20:44:10,722 - new_apply_order.py[line:242]: 更新初始额度！更新条数 1
INFO - 2021-09-07 20:44:11,019 - new_apply_order.py[line:259]: 活体图片上传成功！回写配置文件global_param.mp4_url
INFO - 2021-09-07 20:44:11,053 - new_apply_order.py[line:269]: 视频认证通过！
INFO - 2021-09-07 20:44:12,150 - new_apply_order.py[line:325]: bvn和银行卡绑卡认证通过！
INFO - 2021-09-07 20:44:12,447 - new_apply_order.py[line:346]: user更新1条
INFO - 2021-09-07 20:44:12,983 - new_apply_order.py[line:375]: 进件成功！执行sql将订单改为风控中……
INFO - 2021-09-07 20:44:14,022 - new_apply_order.py[line:381]: 订单表更新1条，信审更新1条
INFO - 2021-09-07 20:44:14,459 - new_apply_order.py[line:395]: 查询loan_order_id成功！
INFO - 2021-09-07 20:44:14,524 - new_apply_order.py[line:410]: 订单回调复审通过成功！
INFO - 2021-09-07 20:44:15,339 - new_apply_order.py[line:432]: 获取token成功！token=bearer 5f8dac76-6728-4288-bc67-4856a17f1fa3！
INFO - 2021-09-07 20:44:15,686 - new_apply_order.py[line:395]: 查询loan_order_id成功！
INFO - 2021-09-07 20:44:16,437 - new_apply_order.py[line:450]: 后台已触发放款成功！
INFO - 2021-09-07 20:44:16,447 - new_apply_order.py[line:464]: xxl_job web 登录成功！
INFO - 2021-09-07 20:44:16,455 - new_apply_order.py[line:478]: xxl_job 放款准备作业执行成功！
INFO - 2021-09-07 20:44:17,829 - new_apply_order.py[line:395]: 查询loan_order_id成功！
INFO - 2021-09-07 20:44:17,836 - new_apply_order.py[line:483]: 修改放款准备完成时间成功！
INFO - 2021-09-07 20:44:17,840 - new_apply_order.py[line:491]: xxl_job 放款完成作业执行成功！
INFO - 2021-09-07 20:44:18,147 - new_apply_order.py[line:641]: 校验重试查询第1次
ERROR - 2021-09-07 20:44:19,165 - new_apply_order.py[line:537]: 放款完成或准备失败,目前的订单状态是32
INFO - 2021-09-07 20:44:19,165 - new_apply_order.py[line:538]: {'app': 'borrowme', 'loan_order_id': '1435222356240371712', 'mobile': '01631018648', 'order_status': 32}
INFO - 2021-09-07 20:44:19,178 - new_apply_order.py[line:464]: xxl_job web 登录成功！
INFO - 2021-09-07 20:44:19,190 - new_apply_order.py[line:478]: xxl_job 放款准备作业执行成功！
INFO - 2021-09-07 20:44:20,556 - new_apply_order.py[line:395]: 查询loan_order_id成功！
INFO - 2021-09-07 20:44:20,569 - new_apply_order.py[line:483]: 修改放款准备完成时间成功！
INFO - 2021-09-07 20:44:20,574 - new_apply_order.py[line:491]: xxl_job 放款完成作业执行成功！
INFO - 2021-09-07 20:44:21,076 - new_apply_order.py[line:641]: 校验重试查询第2次
ERROR - 2021-09-07 20:44:22,099 - new_apply_order.py[line:537]: 放款完成或准备失败,目前的订单状态是35
INFO - 2021-09-07 20:44:22,100 - new_apply_order.py[line:538]: {'app': 'borrowme', 'loan_order_id': '1435222356240371712', 'mobile': '01631018648', 'order_status': 35}
INFO - 2021-09-07 20:44:22,609 - new_apply_order.py[line:641]: 校验重试查询第3次
ERROR - 2021-09-07 20:44:23,627 - new_apply_order.py[line:537]: 放款完成或准备失败,目前的订单状态是35
INFO - 2021-09-07 20:44:23,627 - new_apply_order.py[line:538]: {'app': 'borrowme', 'loan_order_id': '1435222356240371712', 'mobile': '01631018648', 'order_status': 35}
INFO - 2021-09-07 20:44:24,135 - new_apply_order.py[line:641]: 校验重试查询第4次
ERROR - 2021-09-07 20:44:25,153 - new_apply_order.py[line:537]: 放款完成或准备失败,目前的订单状态是35
INFO - 2021-09-07 20:44:25,153 - new_apply_order.py[line:538]: {'app': 'borrowme', 'loan_order_id': '1435222356240371712', 'mobile': '01631018648', 'order_status': 35}
INFO - 2021-09-07 20:44:25,662 - new_apply_order.py[line:641]: 校验重试查询第5次
INFO - 2021-09-07 20:44:26,677 - new_apply_order.py[line:535]: 放款完成或准备成功,目前的订单状态是40
INFO - 2021-09-07 20:44:26,677 - new_apply_order.py[line:538]: {'app': 'borrowme', 'loan_order_id': '1435222356240371712', 'mobile': '01631018648', 'order_status': 40}
INFO - 2021-09-07 20:44:26,678 - new_apply_order.py[line:658]: ===========完成第【1】次进件===========
INFO - 2021-09-07 20:44:26,678 - new_apply_order.py[line:661]: ======完成第【1】次进件,耗时18.63s=====
INFO - 2021-09-07 20:44:26,682 - new_apply_order.py[line:618]: 开始第 quickcash【1】次进件……
INFO - 2021-09-07 20:44:26,683 - new_apply_order.py[line:80]: ======【nga测试环境】生成手机号：01631018666 ======
INFO - 2021-09-07 20:44:27,044 - new_apply_order.py[line:93]: 01631018666 检测用户存在成功！
INFO - 2021-09-07 20:44:27,095 - new_apply_order.py[line:102]: 01631018666 短信发送成功！
INFO - 2021-09-07 20:44:27,133 - new_apply_order.py[line:115]: 01631018666 注册成功！
INFO - 2021-09-07 20:44:27,190 - new_apply_order.py[line:131]: 01631018666 登录短信发送成功！
INFO - 2021-09-07 20:44:27,237 - new_apply_order.py[line:141]: userId=6206611873816911872,mobile=01631018666,token=d943165625b3d23e7308afe36139fba3 登录成功
INFO - 2021-09-07 20:44:27,302 - new_apply_order.py[line:198]: 个人信息提交成功！
INFO - 2021-09-07 20:44:27,349 - new_apply_order.py[line:209]: 联系人信息提交成功！
INFO - 2021-09-07 20:44:27,617 - new_apply_order.py[line:231]: 创建预审订单成功！
INFO - 2021-09-07 20:44:27,636 - new_apply_order.py[line:239]: 预审状态修改为通过,更新条数 1
INFO - 2021-09-07 20:44:27,648 - new_apply_order.py[line:242]: 更新初始额度！更新条数 1
INFO - 2021-09-07 20:44:27,913 - new_apply_order.py[line:259]: 活体图片上传成功！回写配置文件global_param.mp4_url
INFO - 2021-09-07 20:44:27,944 - new_apply_order.py[line:269]: 视频认证通过！
INFO - 2021-09-07 20:44:28,918 - new_apply_order.py[line:325]: bvn和银行卡绑卡认证通过！
INFO - 2021-09-07 20:44:29,214 - new_apply_order.py[line:346]: user更新1条
INFO - 2021-09-07 20:44:29,436 - new_apply_order.py[line:375]: 进件成功！执行sql将订单改为风控中……
INFO - 2021-09-07 20:44:30,477 - new_apply_order.py[line:381]: 订单表更新1条，信审更新1条
INFO - 2021-09-07 20:44:30,838 - new_apply_order.py[line:395]: 查询loan_order_id成功！
INFO - 2021-09-07 20:44:30,879 - new_apply_order.py[line:410]: 订单回调复审通过成功！
INFO - 2021-09-07 20:44:31,645 - new_apply_order.py[line:432]: 获取token成功！token=bearer 5f8dac76-6728-4288-bc67-4856a17f1fa3！
INFO - 2021-09-07 20:44:32,007 - new_apply_order.py[line:395]: 查询loan_order_id成功！
INFO - 2021-09-07 20:44:32,327 - new_apply_order.py[line:450]: 后台已触发放款成功！
INFO - 2021-09-07 20:44:32,339 - new_apply_order.py[line:464]: xxl_job web 登录成功！
INFO - 2021-09-07 20:44:32,348 - new_apply_order.py[line:478]: xxl_job 放款准备作业执行成功！
INFO - 2021-09-07 20:44:33,701 - new_apply_order.py[line:395]: 查询loan_order_id成功！
INFO - 2021-09-07 20:44:33,719 - new_apply_order.py[line:483]: 修改放款准备完成时间成功！
INFO - 2021-09-07 20:44:33,727 - new_apply_order.py[line:491]: xxl_job 放款完成作业执行成功！
INFO - 2021-09-07 20:44:34,036 - new_apply_order.py[line:641]: 校验重试查询第1次
ERROR - 2021-09-07 20:44:35,055 - new_apply_order.py[line:537]: 放款完成或准备失败,目前的订单状态是35
INFO - 2021-09-07 20:44:35,056 - new_apply_order.py[line:538]: {'app': 'quickcash', 'loan_order_id': '1435222431393910784', 'mobile': '01631018666', 'order_status': 35}
INFO - 2021-09-07 20:44:35,563 - new_apply_order.py[line:641]: 校验重试查询第2次
INFO - 2021-09-07 20:44:36,578 - new_apply_order.py[line:535]: 放款完成或准备成功,目前的订单状态是40
INFO - 2021-09-07 20:44:36,578 - new_apply_order.py[line:538]: {'app': 'quickcash', 'loan_order_id': '1435222431393910784', 'mobile': '01631018666', 'order_status': 40}
INFO - 2021-09-07 20:44:36,578 - new_apply_order.py[line:658]: ===========完成第【1】次进件===========
INFO - 2021-09-07 20:44:36,579 - new_apply_order.py[line:661]: ======完成第【1】次进件,耗时9.90s=====
