INFO - 2022-01-04 21:05:06,604 - new_apply_order.py[line:926]: 开始第 aceloan【1】次进件……
INFO - 2022-01-04 21:05:06,992 - new_apply_order.py[line:95]: 01634872786 检测用户存在成功！
INFO - 2022-01-04 21:05:07,059 - new_apply_order.py[line:104]: 01634872786 短信发送成功！
INFO - 2022-01-04 21:05:07,112 - new_apply_order.py[line:117]: 01634872786 注册成功！
INFO - 2022-01-04 21:05:07,165 - new_apply_order.py[line:133]: 01634872786 登录短信发送成功！
INFO - 2022-01-04 21:05:07,214 - new_apply_order.py[line:143]: userId=6249741230771544064,mobile=01634872786,token=f6b16c545f2b65690272546658de0631 登录成功
INFO - 2022-01-04 21:05:07,314 - new_apply_order.py[line:210]: 个人信息提交成功！
INFO - 2022-01-04 21:05:07,364 - new_apply_order.py[line:221]: 联系人信息提交成功！
INFO - 2022-01-04 21:05:07,675 - new_apply_order.py[line:253]: 创建预审订单成功！
INFO - 2022-01-04 21:05:07,705 - new_apply_order.py[line:261]: 预审状态修改为通过,更新条数 1
INFO - 2022-01-04 21:05:07,733 - new_apply_order.py[line:264]: 更新初始额度！更新条数 1
INFO - 2022-01-04 21:05:08,045 - new_apply_order.py[line:340]: 活体图片上传成功！回写配置文件global_param.mp4_url
INFO - 2022-01-04 21:05:08,083 - new_apply_order.py[line:350]: 视频认证通过！
INFO - 2022-01-04 21:05:09,093 - new_apply_order.py[line:509]: bvn和银行卡绑卡认证通过！
INFO - 2022-01-04 21:05:09,487 - new_apply_order.py[line:560]: user更新1条
INFO - 2022-01-04 21:05:09,681 - new_apply_order.py[line:621]: 进件成功！执行sql将订单改为风控中……
INFO - 2022-01-04 21:05:10,743 - new_apply_order.py[line:627]: 订单表更新1条，信审更新1条
INFO - 2022-01-04 21:05:11,123 - new_apply_order.py[line:641]: 查询loan_order_id成功！
INFO - 2022-01-04 21:05:11,163 - new_apply_order.py[line:656]: 订单回调复审通过成功！
INFO - 2022-01-04 21:05:11,947 - new_apply_order.py[line:678]: 获取token成功！token=bearer 8b726839-f78d-4bfc-a13d-d98083b7d78e！
INFO - 2022-01-04 21:05:12,299 - new_apply_order.py[line:641]: 查询loan_order_id成功！
INFO - 2022-01-04 21:05:12,630 - new_apply_order.py[line:696]: 后台已触发放款成功！
INFO - 2022-01-04 21:05:12,644 - new_apply_order.py[line:710]: xxl_job web 登录成功！
INFO - 2022-01-04 21:05:12,655 - new_apply_order.py[line:726]: xxl_job 放款准备作业执行成功！
INFO - 2022-01-04 21:05:14,016 - new_apply_order.py[line:641]: 查询loan_order_id成功！
INFO - 2022-01-04 21:05:14,047 - new_apply_order.py[line:734]: 修改放款准备完成时间成功！
INFO - 2022-01-04 21:05:14,058 - new_apply_order.py[line:742]: xxl_job 放款完成作业执行成功！
INFO - 2022-01-04 21:05:14,364 - new_apply_order.py[line:949]: 校验重试查询第1次
INFO - 2022-01-04 21:05:15,394 - new_apply_order.py[line:808]: 放款完成或准备成功,目前的订单状态是40
INFO - 2022-01-04 21:05:15,394 - new_apply_order.py[line:811]: {'app': 'aceloan', 'loan_order_id': '1478351788676878336', 'mobile': '01634872786', 'order_status': 40}
INFO - 2022-01-04 21:05:15,396 - new_apply_order.py[line:966]: ===========完成第【1】次进件===========
INFO - 2022-01-04 21:05:15,396 - new_apply_order.py[line:969]: ======完成第【1】次进件,耗时8.79s=====
INFO - 2022-01-04 21:05:15,858 - new_apply_order.py[line:678]: 获取token成功！token=bearer 8b726839-f78d-4bfc-a13d-d98083b7d78e！
ERROR - 2022-01-04 21:05:16,183 - new_apply_order.py[line:973]: 'data'
ERROR - 2022-01-04 21:05:16,187 - new_apply_order.py[line:974]: None
