INFO - 2021-11-02 17:51:25,723 - new_apply_order.py[line:882]: 开始第 ncredit【1】次进件……
INFO - 2021-11-02 17:51:25,724 - new_apply_order.py[line:84]: ======【nga测试环境】生成手机号：01635846685 ======
INFO - 2021-11-02 17:51:26,083 - new_apply_order.py[line:97]: 01635846685 检测用户存在成功！
INFO - 2021-11-02 17:51:26,136 - new_apply_order.py[line:106]: 01635846685 短信发送成功！
INFO - 2021-11-02 17:51:26,178 - new_apply_order.py[line:119]: 01635846685 注册成功！
INFO - 2021-11-02 17:51:26,229 - new_apply_order.py[line:135]: 01635846685 登录短信发送成功！
INFO - 2021-11-02 17:51:26,277 - new_apply_order.py[line:145]: userId=6226862053289631744,mobile=01635846685,token=05b8d30931d2276357902540d9797fba 登录成功
INFO - 2021-11-02 17:51:26,360 - new_apply_order.py[line:212]: 个人信息提交成功！
INFO - 2021-11-02 17:51:26,409 - new_apply_order.py[line:223]: 联系人信息提交成功！
INFO - 2021-11-02 17:51:26,626 - new_apply_order.py[line:255]: 创建预审订单成功！
INFO - 2021-11-02 17:51:26,647 - new_apply_order.py[line:263]: 预审状态修改为通过,更新条数 1
INFO - 2021-11-02 17:51:26,664 - new_apply_order.py[line:266]: 更新初始额度！更新条数 1
INFO - 2021-11-02 17:51:26,938 - new_apply_order.py[line:342]: 活体图片上传成功！回写配置文件global_param.mp4_url
INFO - 2021-11-02 17:51:26,976 - new_apply_order.py[line:352]: 视频认证通过！
INFO - 2021-11-02 17:51:27,997 - new_apply_order.py[line:510]: bvn和银行卡绑卡认证通过！
INFO - 2021-11-02 17:51:28,328 - new_apply_order.py[line:561]: user更新1条
INFO - 2021-11-02 17:51:28,539 - new_apply_order.py[line:612]: 进件成功！执行sql将订单改为风控中……
INFO - 2021-11-02 17:51:29,586 - new_apply_order.py[line:618]: 订单表更新1条，信审更新1条
INFO - 2021-11-02 17:51:29,942 - new_apply_order.py[line:632]: 查询loan_order_id成功！
INFO - 2021-11-02 17:51:29,984 - new_apply_order.py[line:647]: 订单回调复审通过成功！
INFO - 2021-11-02 17:51:30,780 - new_apply_order.py[line:669]: 获取token成功！token=bearer be80aa3b-ee11-4151-b49d-576648d268e6！
INFO - 2021-11-02 17:51:31,127 - new_apply_order.py[line:632]: 查询loan_order_id成功！
INFO - 2021-11-02 17:51:31,480 - new_apply_order.py[line:687]: 后台已触发放款成功！
INFO - 2021-11-02 17:51:31,494 - new_apply_order.py[line:701]: xxl_job web 登录成功！
INFO - 2021-11-02 17:51:31,507 - new_apply_order.py[line:717]: xxl_job 放款准备作业执行成功！
INFO - 2021-11-02 17:51:32,856 - new_apply_order.py[line:632]: 查询loan_order_id成功！
INFO - 2021-11-02 17:51:32,870 - new_apply_order.py[line:725]: 修改放款准备完成时间成功！
INFO - 2021-11-02 17:51:32,878 - new_apply_order.py[line:733]: xxl_job 放款完成作业执行成功！
INFO - 2021-11-02 17:51:33,186 - new_apply_order.py[line:905]: 校验重试查询第1次
ERROR - 2021-11-02 17:51:34,203 - new_apply_order.py[line:801]: 放款完成或准备失败,目前的订单状态是32
INFO - 2021-11-02 17:51:34,203 - new_apply_order.py[line:802]: {'app': 'ncredit', 'loan_order_id': '1455472610868465664', 'mobile': '01635846685', 'order_status': 32}
INFO - 2021-11-02 17:51:34,216 - new_apply_order.py[line:701]: xxl_job web 登录成功！
INFO - 2021-11-02 17:51:34,230 - new_apply_order.py[line:717]: xxl_job 放款准备作业执行成功！
INFO - 2021-11-02 17:51:35,583 - new_apply_order.py[line:632]: 查询loan_order_id成功！
INFO - 2021-11-02 17:51:35,603 - new_apply_order.py[line:725]: 修改放款准备完成时间成功！
INFO - 2021-11-02 17:51:35,611 - new_apply_order.py[line:733]: xxl_job 放款完成作业执行成功！
INFO - 2021-11-02 17:51:36,115 - new_apply_order.py[line:905]: 校验重试查询第2次
ERROR - 2021-11-02 17:51:37,135 - new_apply_order.py[line:801]: 放款完成或准备失败,目前的订单状态是32
INFO - 2021-11-02 17:51:37,135 - new_apply_order.py[line:802]: {'app': 'ncredit', 'loan_order_id': '1455472610868465664', 'mobile': '01635846685', 'order_status': 32}
INFO - 2021-11-02 17:51:37,147 - new_apply_order.py[line:701]: xxl_job web 登录成功！
INFO - 2021-11-02 17:51:37,160 - new_apply_order.py[line:717]: xxl_job 放款准备作业执行成功！
INFO - 2021-11-02 17:51:38,514 - new_apply_order.py[line:632]: 查询loan_order_id成功！
INFO - 2021-11-02 17:51:38,534 - new_apply_order.py[line:725]: 修改放款准备完成时间成功！
INFO - 2021-11-02 17:51:38,542 - new_apply_order.py[line:733]: xxl_job 放款完成作业执行成功！
INFO - 2021-11-02 17:51:39,043 - new_apply_order.py[line:905]: 校验重试查询第3次
ERROR - 2021-11-02 17:51:40,059 - new_apply_order.py[line:801]: 放款完成或准备失败,目前的订单状态是32
INFO - 2021-11-02 17:51:40,059 - new_apply_order.py[line:802]: {'app': 'ncredit', 'loan_order_id': '1455472610868465664', 'mobile': '01635846685', 'order_status': 32}
INFO - 2021-11-02 17:51:40,072 - new_apply_order.py[line:701]: xxl_job web 登录成功！
INFO - 2021-11-02 17:51:40,086 - new_apply_order.py[line:717]: xxl_job 放款准备作业执行成功！
INFO - 2021-11-02 17:51:41,434 - new_apply_order.py[line:632]: 查询loan_order_id成功！
INFO - 2021-11-02 17:51:41,454 - new_apply_order.py[line:725]: 修改放款准备完成时间成功！
INFO - 2021-11-02 17:51:41,463 - new_apply_order.py[line:733]: xxl_job 放款完成作业执行成功！
INFO - 2021-11-02 17:51:41,968 - new_apply_order.py[line:905]: 校验重试查询第4次
ERROR - 2021-11-02 17:51:42,988 - new_apply_order.py[line:801]: 放款完成或准备失败,目前的订单状态是32
INFO - 2021-11-02 17:51:42,988 - new_apply_order.py[line:802]: {'app': 'ncredit', 'loan_order_id': '1455472610868465664', 'mobile': '01635846685', 'order_status': 32}
INFO - 2021-11-02 17:51:43,001 - new_apply_order.py[line:701]: xxl_job web 登录成功！
INFO - 2021-11-02 17:51:43,015 - new_apply_order.py[line:717]: xxl_job 放款准备作业执行成功！
INFO - 2021-11-02 17:51:44,371 - new_apply_order.py[line:632]: 查询loan_order_id成功！
INFO - 2021-11-02 17:51:44,390 - new_apply_order.py[line:725]: 修改放款准备完成时间成功！
INFO - 2021-11-02 17:51:44,397 - new_apply_order.py[line:733]: xxl_job 放款完成作业执行成功！
INFO - 2021-11-02 17:51:44,900 - new_apply_order.py[line:905]: 校验重试查询第5次
ERROR - 2021-11-02 17:51:45,921 - new_apply_order.py[line:801]: 放款完成或准备失败,目前的订单状态是32
INFO - 2021-11-02 17:51:45,922 - new_apply_order.py[line:802]: {'app': 'ncredit', 'loan_order_id': '1455472610868465664', 'mobile': '01635846685', 'order_status': 32}
INFO - 2021-11-02 17:51:45,934 - new_apply_order.py[line:701]: xxl_job web 登录成功！
INFO - 2021-11-02 17:51:45,948 - new_apply_order.py[line:717]: xxl_job 放款准备作业执行成功！
INFO - 2021-11-02 17:51:47,301 - new_apply_order.py[line:632]: 查询loan_order_id成功！
INFO - 2021-11-02 17:51:47,317 - new_apply_order.py[line:725]: 修改放款准备完成时间成功！
INFO - 2021-11-02 17:51:47,324 - new_apply_order.py[line:733]: xxl_job 放款完成作业执行成功！
INFO - 2021-11-02 17:51:47,829 - new_apply_order.py[line:905]: 校验重试查询第6次
INFO - 2021-11-02 17:51:48,844 - new_apply_order.py[line:799]: 放款完成或准备成功,目前的订单状态是40
INFO - 2021-11-02 17:51:48,845 - new_apply_order.py[line:802]: {'app': 'ncredit', 'loan_order_id': '1455472610868465664', 'mobile': '01635846685', 'order_status': 40}
INFO - 2021-11-02 17:51:48,845 - new_apply_order.py[line:922]: ===========完成第【1】次进件===========
INFO - 2021-11-02 17:51:48,845 - new_apply_order.py[line:925]: ======完成第【1】次进件,耗时23.12s=====
