INFO - 2021-08-31 19:23:45,654 - new_apply_order.py[line:517]: 开始第 kencash【1】次进件……
INFO - 2021-08-31 19:23:45,655 - new_apply_order.py[line:79]: ======【ke测试环境】生成手机号：730409025 ======
INFO - 2021-08-31 19:23:46,031 - new_apply_order.py[line:86]: 730409025 检测用户存在成功！
INFO - 2021-08-31 19:23:46,071 - new_apply_order.py[line:93]: 730409025 短信发送成功！
INFO - 2021-08-31 19:23:46,107 - new_apply_order.py[line:103]: 730409025 注册成功！
INFO - 2021-08-31 19:23:46,143 - new_apply_order.py[line:113]: 730409025 登录短信发送成功！
INFO - 2021-08-31 19:23:46,184 - new_apply_order.py[line:121]: userId=6204054853867282432,mobile=730409025,token=f988978b4347190fbc0b6b8f6bded770 登录成功
INFO - 2021-08-31 19:23:46,881 - new_apply_order.py[line:172]: 个人信息提交成功！
INFO - 2021-08-31 19:23:46,929 - new_apply_order.py[line:188]: 联系人信息提交成功！
INFO - 2021-08-31 19:23:47,296 - new_apply_order.py[line:198]: 创建预审订单成功！
INFO - 2021-08-31 19:23:47,310 - new_apply_order.py[line:206]: 预审状态修改为通过,更新条数 1
INFO - 2021-08-31 19:23:47,321 - new_apply_order.py[line:209]: 更新初始额度！更新条数 1
INFO - 2021-08-31 19:23:47,610 - new_apply_order.py[line:221]: 活体图片上传成功！回写配置文件global_param.mp4_url
INFO - 2021-08-31 19:23:47,647 - new_apply_order.py[line:230]: 视频认证通过！
INFO - 2021-08-31 19:23:47,930 - new_apply_order.py[line:309]: 绑卡成功！
INFO - 2021-08-31 19:23:48,113 - new_apply_order.py[line:317]: 进件成功！执行sql将订单改为风控中……
INFO - 2021-08-31 19:23:49,147 - new_apply_order.py[line:323]: 订单表更新1条，信审更新1条
INFO - 2021-08-31 19:23:49,494 - new_apply_order.py[line:332]: 查询loan_order_id成功！
ERROR - 2021-08-31 19:23:49,503 - new_apply_order.py[line:563]: HTTPConnectionPool(host='http', port=80): Max retries exceeded with url: //http://172.20.240.138/:8030/facade/risk/call (Caused by NewConnectionError('<urllib3.connection.HTTPConnection object at 0x7fbaa9c0d1f0>: Failed to establish a new connection: [Errno 8] nodename nor servname provided, or not known'))
ERROR - 2021-08-31 19:23:49,520 - new_apply_order.py[line:564]: None
