INFO - 2021-09-27 09:05:46,780 - new_apply_order.py[line:792]: 开始第 pickcredit【1】次进件……
INFO - 2021-09-27 09:05:46,781 - new_apply_order.py[line:82]: ======【nga测试环境】生成手机号：01632704746 ======
INFO - 2021-09-27 09:05:47,168 - new_apply_order.py[line:95]: 01632704746 检测用户存在成功！
ERROR - 2021-09-27 09:06:47,248 - new_apply_order.py[line:106]: {"msg":"The Server is busy, Please try again later","code":"9999","data":null} 短信发送失败！
ERROR - 2021-09-27 09:07:47,290 - new_apply_order.py[line:119]: 注册失败！{'accept': 'application/json', 'appversion': '1.3.0.6', 'devtoken': 'cb95881f542ac58170:BB:E9:91:D3:CD', 'accept-language': 'en-US', 'clientCode': 'pickcredit1300', 'Content-Type': 'application/json; charset=UTF-8', 'Host': '172.20.240.143:8012', 'User-Agent': 'okhttp/4.9.0'}
ERROR - 2021-09-27 09:07:47,291 - new_apply_order.py[line:120]: {"msg":"The Server is busy, Please try again later","code":"9999","data":null}
ERROR - 2021-09-27 09:08:47,343 - new_apply_order.py[line:135]: {"msg":"The Server is busy, Please try again later","code":"9999","data":null} 登录短信发送失败！
ERROR - 2021-09-27 09:08:47,380 - new_apply_order.py[line:150]: 登录失败!
INFO - 2021-09-27 09:08:47,511 - new_apply_order.py[line:205]: 个人信息提交成功！
INFO - 2021-09-27 09:08:47,592 - new_apply_order.py[line:216]: 联系人信息提交成功！
ERROR - 2021-09-27 09:08:47,721 - new_apply_order.py[line:240]: 创建预审失败{"code":"9999","msg":"The Server is busy, Please try again later","data":null}
INFO - 2021-09-27 09:08:47,735 - new_apply_order.py[line:246]: 预审状态修改为通过,更新条数 0
INFO - 2021-09-27 09:08:47,744 - new_apply_order.py[line:249]: 更新初始额度！更新条数 0
INFO - 2021-09-27 09:08:48,017 - new_apply_order.py[line:266]: 活体图片上传成功！回写配置文件global_param.mp4_url
INFO - 2021-09-27 09:08:48,059 - new_apply_order.py[line:276]: 视频认证通过！
ERROR - 2021-09-27 09:09:48,318 - new_apply_order.py[line:435]: 绑卡失败！{"msg":"The Server is busy, Please try again later","code":"9999","data":null}
INFO - 2021-09-27 09:09:48,611 - new_apply_order.py[line:484]: user更新0条
ERROR - 2021-09-27 09:09:48,719 - new_apply_order.py[line:530]: {"code":"50001003","msg":"Please complete the application information","data":null}
ERROR - 2021-09-27 09:09:49,075 - new_apply_order.py[line:838]: 'NoneType' object is not subscriptable
ERROR - 2021-09-27 09:09:49,081 - new_apply_order.py[line:839]: None
