INFO - 2021-08-31 19:32:17,582 - new_apply_order.py[line:517]: 开始第 borrowme【1】次进件……
INFO - 2021-08-31 19:32:17,582 - new_apply_order.py[line:79]: ======【nga测试环境】生成手机号：01630409537 ======
INFO - 2021-08-31 19:32:17,943 - new_apply_order.py[line:86]: 01630409537 检测用户存在成功！
INFO - 2021-08-31 19:32:18,008 - new_apply_order.py[line:93]: 01630409537 短信发送成功！
INFO - 2021-08-31 19:32:18,040 - new_apply_order.py[line:103]: 01630409537 注册成功！
INFO - 2021-08-31 19:32:18,099 - new_apply_order.py[line:113]: 01630409537 登录短信发送成功！
INFO - 2021-08-31 19:32:18,141 - new_apply_order.py[line:121]: userId=6204057001032163328,mobile=01630409537,token=40e7309c260fd55217f84e7191f09db2 登录成功
INFO - 2021-08-31 19:32:18,208 - new_apply_order.py[line:172]: 个人信息提交成功！
INFO - 2021-08-31 19:32:18,265 - new_apply_order.py[line:181]: 联系人信息提交成功！
INFO - 2021-08-31 19:32:18,798 - new_apply_order.py[line:198]: 创建预审订单成功！
INFO - 2021-08-31 19:32:18,820 - new_apply_order.py[line:206]: 预审状态修改为通过,更新条数 1
INFO - 2021-08-31 19:32:18,837 - new_apply_order.py[line:209]: 更新初始额度！更新条数 1
INFO - 2021-08-31 19:32:19,090 - new_apply_order.py[line:221]: 活体图片上传成功！回写配置文件global_param.mp4_url
INFO - 2021-08-31 19:32:19,134 - new_apply_order.py[line:230]: 视频认证通过！
INFO - 2021-08-31 19:32:20,156 - new_apply_order.py[line:276]: bvn和银行卡绑卡认证通过！
INFO - 2021-08-31 19:32:20,453 - new_apply_order.py[line:297]: user更新1条
INFO - 2021-08-31 19:32:20,634 - new_apply_order.py[line:317]: 进件成功！执行sql将订单改为风控中……
INFO - 2021-08-31 19:32:21,668 - new_apply_order.py[line:323]: 订单表更新1条，信审更新1条
INFO - 2021-08-31 19:32:22,007 - new_apply_order.py[line:332]: 查询loan_order_id成功！
INFO - 2021-08-31 19:32:22,041 - new_apply_order.py[line:342]: 订单回调复审通过成功！
INFO - 2021-08-31 19:32:22,760 - new_apply_order.py[line:358]: 获取token成功！token=bearer bf51653c-283e-47c5-b902-66a96a35688d！
INFO - 2021-08-31 19:32:23,097 - new_apply_order.py[line:332]: 查询loan_order_id成功！
INFO - 2021-08-31 19:32:23,382 - new_apply_order.py[line:370]: 后台已触发放款成功！
INFO - 2021-08-31 19:32:23,392 - new_apply_order.py[line:378]: xxl_job web 登录成功！
INFO - 2021-08-31 19:32:23,401 - new_apply_order.py[line:385]: xxl_job 放款准备作业执行成功！
INFO - 2021-08-31 19:32:24,749 - new_apply_order.py[line:332]: 查询loan_order_id成功！
INFO - 2021-08-31 19:32:24,764 - new_apply_order.py[line:390]: 修改放款准备完成时间成功！
INFO - 2021-08-31 19:32:24,771 - new_apply_order.py[line:393]: xxl_job 放款完成作业执行成功！
INFO - 2021-08-31 19:32:25,073 - new_apply_order.py[line:540]: 校验重试查询第1次
ERROR - 2021-08-31 19:32:26,092 - new_apply_order.py[line:436]: 放款完成或准备失败,目前的订单状态是35
INFO - 2021-08-31 19:32:26,092 - new_apply_order.py[line:437]: {'app': 'borrowme', 'loan_order_id': '1432667558832377856', 'mobile': '01630409537', 'order_status': 35}
INFO - 2021-08-31 19:32:26,597 - new_apply_order.py[line:540]: 校验重试查询第2次
INFO - 2021-08-31 19:32:27,615 - new_apply_order.py[line:434]: 放款完成或准备成功,目前的订单状态是40
INFO - 2021-08-31 19:32:27,615 - new_apply_order.py[line:437]: {'app': 'borrowme', 'loan_order_id': '1432667558832377856', 'mobile': '01630409537', 'order_status': 40}
INFO - 2021-08-31 19:32:27,617 - new_apply_order.py[line:557]: ===========完成第【1】次进件===========
INFO - 2021-08-31 19:32:27,617 - new_apply_order.py[line:517]: 开始第 borrowme【2】次进件……
INFO - 2021-08-31 19:32:27,618 - new_apply_order.py[line:79]: ======【nga测试环境】生成手机号：01630409547 ======
INFO - 2021-08-31 19:32:27,972 - new_apply_order.py[line:86]: 01630409547 检测用户存在成功！
INFO - 2021-08-31 19:32:28,007 - new_apply_order.py[line:93]: 01630409547 短信发送成功！
INFO - 2021-08-31 19:32:28,046 - new_apply_order.py[line:103]: 01630409547 注册成功！
INFO - 2021-08-31 19:32:28,086 - new_apply_order.py[line:113]: 01630409547 登录短信发送成功！
INFO - 2021-08-31 19:32:28,125 - new_apply_order.py[line:121]: userId=6204057042971009024,mobile=01630409547,token=ff7b87cce241dd5779303ab2e513c4be 登录成功
INFO - 2021-08-31 19:32:28,179 - new_apply_order.py[line:172]: 个人信息提交成功！
INFO - 2021-08-31 19:32:28,224 - new_apply_order.py[line:181]: 联系人信息提交成功！
INFO - 2021-08-31 19:32:28,434 - new_apply_order.py[line:198]: 创建预审订单成功！
INFO - 2021-08-31 19:32:28,453 - new_apply_order.py[line:206]: 预审状态修改为通过,更新条数 1
INFO - 2021-08-31 19:32:28,467 - new_apply_order.py[line:209]: 更新初始额度！更新条数 1
INFO - 2021-08-31 19:32:28,753 - new_apply_order.py[line:221]: 活体图片上传成功！回写配置文件global_param.mp4_url
INFO - 2021-08-31 19:32:28,790 - new_apply_order.py[line:230]: 视频认证通过！
INFO - 2021-08-31 19:32:29,810 - new_apply_order.py[line:276]: bvn和银行卡绑卡认证通过！
INFO - 2021-08-31 19:32:30,091 - new_apply_order.py[line:297]: user更新1条
INFO - 2021-08-31 19:32:30,274 - new_apply_order.py[line:317]: 进件成功！执行sql将订单改为风控中……
INFO - 2021-08-31 19:32:31,308 - new_apply_order.py[line:323]: 订单表更新1条，信审更新1条
INFO - 2021-08-31 19:32:31,654 - new_apply_order.py[line:332]: 查询loan_order_id成功！
INFO - 2021-08-31 19:32:31,689 - new_apply_order.py[line:342]: 订单回调复审通过成功！
INFO - 2021-08-31 19:32:32,459 - new_apply_order.py[line:358]: 获取token成功！token=bearer bf51653c-283e-47c5-b902-66a96a35688d！
INFO - 2021-08-31 19:32:32,797 - new_apply_order.py[line:332]: 查询loan_order_id成功！
INFO - 2021-08-31 19:32:33,096 - new_apply_order.py[line:370]: 后台已触发放款成功！
INFO - 2021-08-31 19:32:33,105 - new_apply_order.py[line:378]: xxl_job web 登录成功！
INFO - 2021-08-31 19:32:33,113 - new_apply_order.py[line:385]: xxl_job 放款准备作业执行成功！
INFO - 2021-08-31 19:32:34,460 - new_apply_order.py[line:332]: 查询loan_order_id成功！
INFO - 2021-08-31 19:32:34,474 - new_apply_order.py[line:390]: 修改放款准备完成时间成功！
INFO - 2021-08-31 19:32:34,483 - new_apply_order.py[line:393]: xxl_job 放款完成作业执行成功！
INFO - 2021-08-31 19:32:34,785 - new_apply_order.py[line:540]: 校验重试查询第1次
INFO - 2021-08-31 19:32:35,799 - new_apply_order.py[line:434]: 放款完成或准备成功,目前的订单状态是40
INFO - 2021-08-31 19:32:35,800 - new_apply_order.py[line:437]: {'app': 'borrowme', 'loan_order_id': '1432667600351793152', 'mobile': '01630409547', 'order_status': 40}
INFO - 2021-08-31 19:32:35,800 - new_apply_order.py[line:557]: ===========完成第【2】次进件===========
INFO - 2021-08-31 19:32:35,800 - new_apply_order.py[line:560]: ======完成第【2】次进件,耗时18.22s=====
