INFO - 2022-01-05 13:50:38,829 - new_apply_order.py[line:928]: 开始第 aceloan【1】次进件……
INFO - 2022-01-05 13:50:40,317 - new_apply_order.py[line:95]: 01634872795 检测用户存在成功！
INFO - 2022-01-05 13:50:40,555 - new_apply_order.py[line:104]: 01634872795 短信发送成功！
INFO - 2022-01-05 13:50:40,615 - new_apply_order.py[line:117]: 01634872795 注册成功！
INFO - 2022-01-05 13:50:40,687 - new_apply_order.py[line:133]: 01634872795 登录短信发送成功！
INFO - 2022-01-05 13:50:40,746 - new_apply_order.py[line:143]: userId=6249994287719653376,mobile=01634872795,token=2fc0df73c01dedc5072c596ea1400467 登录成功
INFO - 2022-01-05 13:50:40,877 - new_apply_order.py[line:210]: 个人信息提交成功！
INFO - 2022-01-05 13:50:40,936 - new_apply_order.py[line:221]: 联系人信息提交成功！
INFO - 2022-01-05 13:50:41,301 - new_apply_order.py[line:253]: 创建预审订单成功！
INFO - 2022-01-05 13:50:41,355 - new_apply_order.py[line:261]: 预审状态修改为通过,更新条数 1
INFO - 2022-01-05 13:50:41,444 - new_apply_order.py[line:264]: 更新初始额度！更新条数 1
INFO - 2022-01-05 13:50:41,815 - new_apply_order.py[line:340]: 活体图片上传成功！回写配置文件global_param.mp4_url
INFO - 2022-01-05 13:50:41,866 - new_apply_order.py[line:350]: 视频认证通过！
INFO - 2022-01-05 13:50:43,037 - new_apply_order.py[line:509]: bvn和银行卡绑卡认证通过！
INFO - 2022-01-05 13:50:43,554 - new_apply_order.py[line:560]: user更新1条
INFO - 2022-01-05 13:50:43,766 - new_apply_order.py[line:621]: 进件成功！执行sql将订单改为风控中……
INFO - 2022-01-05 13:50:44,840 - new_apply_order.py[line:627]: 订单表更新1条，信审更新1条
INFO - 2022-01-05 13:50:45,242 - new_apply_order.py[line:641]: 查询loan_order_id成功！
INFO - 2022-01-05 13:50:45,287 - new_apply_order.py[line:656]: 订单回调复审通过成功！
INFO - 2022-01-05 13:50:46,113 - new_apply_order.py[line:678]: 获取token成功！token=bearer ad65f441-35a1-4264-86d9-012a4ccbb2df！
INFO - 2022-01-05 13:50:46,488 - new_apply_order.py[line:641]: 查询loan_order_id成功！
INFO - 2022-01-05 13:50:46,811 - new_apply_order.py[line:696]: 后台已触发放款成功！
INFO - 2022-01-05 13:50:46,836 - new_apply_order.py[line:710]: xxl_job web 登录成功！
INFO - 2022-01-05 13:50:46,853 - new_apply_order.py[line:726]: xxl_job 放款准备作业执行成功！
INFO - 2022-01-05 13:50:48,233 - new_apply_order.py[line:641]: 查询loan_order_id成功！
INFO - 2022-01-05 13:50:48,268 - new_apply_order.py[line:734]: 修改放款准备完成时间成功！
INFO - 2022-01-05 13:50:48,280 - new_apply_order.py[line:742]: xxl_job 放款完成作业执行成功！
INFO - 2022-01-05 13:50:48,587 - new_apply_order.py[line:951]: 校验重试查询第1次
ERROR - 2022-01-05 13:50:49,616 - new_apply_order.py[line:810]: 放款完成或准备失败,目前的订单状态是35
INFO - 2022-01-05 13:50:49,617 - new_apply_order.py[line:811]: {'app': 'aceloan', 'loan_order_id': '1478604845910200320', 'mobile': '01634872795', 'order_status': 35}
INFO - 2022-01-05 13:50:50,126 - new_apply_order.py[line:951]: 校验重试查询第2次
INFO - 2022-01-05 13:50:51,172 - new_apply_order.py[line:808]: 放款完成或准备成功,目前的订单状态是40
INFO - 2022-01-05 13:50:51,172 - new_apply_order.py[line:811]: {'app': 'aceloan', 'loan_order_id': '1478604845910200320', 'mobile': '01634872795', 'order_status': 40}
INFO - 2022-01-05 13:50:51,173 - new_apply_order.py[line:968]: ===========完成第【1】次进件===========
INFO - 2022-01-05 13:50:51,173 - new_apply_order.py[line:971]: ======完成第【1】次进件,耗时12.34s=====
INFO - 2022-01-05 13:50:51,655 - new_apply_order.py[line:678]: 获取token成功！token=bearer ad65f441-35a1-4264-86d9-012a4ccbb2df！
INFO - 2022-01-05 13:50:52,258 - new_apply_order.py[line:678]: 获取token成功！token=bearer ad65f441-35a1-4264-86d9-012a4ccbb2df！
INFO - 2022-01-05 13:50:52,761 - new_apply_order.py[line:641]: 查询loan_order_id成功！
INFO - 2022-01-05 13:50:53,607 - new_apply_order.py[line:641]: 查询loan_order_id成功！
ERROR - 2022-01-05 13:50:53,608 - new_apply_order.py[line:899]: 订单号：1478604845910200320
ERROR - 2022-01-05 13:50:54,090 - new_apply_order.py[line:975]: name 'res_transfer_loan' is not defined
ERROR - 2022-01-05 13:50:54,093 - new_apply_order.py[line:976]: None
