INFO - 2021-10-29 13:18:42,720 - new_apply_order.py[line:882]: 开始第 jopay【1】次进件……
INFO - 2021-10-29 13:18:42,721 - new_apply_order.py[line:84]: ======【nga测试环境】生成手机号：01635484722 ======
INFO - 2021-10-29 13:18:43,112 - new_apply_order.py[line:97]: 01635484722 检测用户存在成功！
INFO - 2021-10-29 13:18:43,177 - new_apply_order.py[line:106]: 01635484722 短信发送成功！
INFO - 2021-10-29 13:18:43,226 - new_apply_order.py[line:119]: 01635484722 注册成功！
INFO - 2021-10-29 13:18:43,290 - new_apply_order.py[line:135]: 01635484722 登录短信发送成功！
INFO - 2021-10-29 13:18:43,340 - new_apply_order.py[line:145]: userId=6225343870693548032,mobile=01635484722,token=73386e200ff2ed1be0cd5759a5836a31 登录成功
INFO - 2021-10-29 13:18:43,424 - new_apply_order.py[line:212]: 个人信息提交成功！
INFO - 2021-10-29 13:18:43,495 - new_apply_order.py[line:223]: 联系人信息提交成功！
INFO - 2021-10-29 13:18:43,923 - new_apply_order.py[line:255]: 创建预审订单成功！
INFO - 2021-10-29 13:18:43,939 - new_apply_order.py[line:263]: 预审状态修改为通过,更新条数 1
INFO - 2021-10-29 13:18:43,952 - new_apply_order.py[line:266]: 更新初始额度！更新条数 1
INFO - 2021-10-29 13:18:44,250 - new_apply_order.py[line:342]: 活体图片上传成功！回写配置文件global_param.mp4_url
INFO - 2021-10-29 13:18:44,291 - new_apply_order.py[line:352]: 视频认证通过！
INFO - 2021-10-29 13:18:45,344 - new_apply_order.py[line:510]: bvn和银行卡绑卡认证通过！
INFO - 2021-10-29 13:18:45,672 - new_apply_order.py[line:561]: user更新1条
INFO - 2021-10-29 13:18:45,897 - new_apply_order.py[line:612]: 进件成功！执行sql将订单改为风控中……
INFO - 2021-10-29 13:18:46,927 - new_apply_order.py[line:618]: 订单表更新1条，信审更新1条
INFO - 2021-10-29 13:18:47,282 - new_apply_order.py[line:632]: 查询loan_order_id成功！
INFO - 2021-10-29 13:18:47,337 - new_apply_order.py[line:647]: 订单回调复审通过成功！
INFO - 2021-10-29 13:18:48,168 - new_apply_order.py[line:669]: 获取token成功！token=bearer 58981db3-4bb2-4f3b-95bf-c8440cc5e749！
INFO - 2021-10-29 13:18:48,527 - new_apply_order.py[line:632]: 查询loan_order_id成功！
INFO - 2021-10-29 13:18:49,094 - new_apply_order.py[line:687]: 后台已触发放款成功！
INFO - 2021-10-29 13:18:49,107 - new_apply_order.py[line:701]: xxl_job web 登录成功！
INFO - 2021-10-29 13:18:49,120 - new_apply_order.py[line:717]: xxl_job 放款准备作业执行成功！
INFO - 2021-10-29 13:18:50,470 - new_apply_order.py[line:632]: 查询loan_order_id成功！
INFO - 2021-10-29 13:18:50,483 - new_apply_order.py[line:725]: 修改放款准备完成时间成功！
INFO - 2021-10-29 13:18:50,489 - new_apply_order.py[line:733]: xxl_job 放款完成作业执行成功！
INFO - 2021-10-29 13:18:50,798 - new_apply_order.py[line:905]: 校验重试查询第1次
ERROR - 2021-10-29 13:18:51,812 - new_apply_order.py[line:801]: 放款完成或准备失败,目前的订单状态是35
INFO - 2021-10-29 13:18:51,812 - new_apply_order.py[line:802]: {'app': 'jopay', 'loan_order_id': '1453954428552613888', 'mobile': '01635484722', 'order_status': 35}
INFO - 2021-10-29 13:18:52,321 - new_apply_order.py[line:905]: 校验重试查询第2次
ERROR - 2021-10-29 13:18:53,340 - new_apply_order.py[line:801]: 放款完成或准备失败,目前的订单状态是35
INFO - 2021-10-29 13:18:53,340 - new_apply_order.py[line:802]: {'app': 'jopay', 'loan_order_id': '1453954428552613888', 'mobile': '01635484722', 'order_status': 35}
INFO - 2021-10-29 13:18:53,849 - new_apply_order.py[line:905]: 校验重试查询第3次
INFO - 2021-10-29 13:18:54,866 - new_apply_order.py[line:799]: 放款完成或准备成功,目前的订单状态是40
INFO - 2021-10-29 13:18:54,866 - new_apply_order.py[line:802]: {'app': 'jopay', 'loan_order_id': '1453954428552613888', 'mobile': '01635484722', 'order_status': 40}
INFO - 2021-10-29 13:18:54,869 - new_apply_order.py[line:922]: ===========完成第【1】次进件===========
INFO - 2021-10-29 13:18:54,870 - new_apply_order.py[line:925]: ======完成第【1】次进件,耗时12.15s=====
