INFO - 2021-10-30 16:15:48,187 - new_apply_order.py[line:882]: 开始第 Gotocash【1】次进件……
INFO - 2021-10-30 16:15:48,188 - new_apply_order.py[line:84]: ======【nga测试环境】生成手机号：01635581748 ======
INFO - 2021-10-30 16:15:48,578 - new_apply_order.py[line:97]: 01635581748 检测用户存在成功！
INFO - 2021-10-30 16:15:48,635 - new_apply_order.py[line:106]: 01635581748 短信发送成功！
INFO - 2021-10-30 16:15:48,682 - new_apply_order.py[line:119]: 01635581748 注册成功！
INFO - 2021-10-30 16:15:48,746 - new_apply_order.py[line:135]: 01635581748 登录短信发送成功！
INFO - 2021-10-30 16:15:48,799 - new_apply_order.py[line:145]: userId=6225750825078890496,mobile=01635581748,token=2a52cea0bdb60e0c31a587d9bcbc0683 登录成功
INFO - 2021-10-30 16:15:48,899 - new_apply_order.py[line:212]: 个人信息提交成功！
INFO - 2021-10-30 16:15:48,960 - new_apply_order.py[line:223]: 联系人信息提交成功！
INFO - 2021-10-30 16:15:49,205 - new_apply_order.py[line:255]: 创建预审订单成功！
INFO - 2021-10-30 16:15:49,225 - new_apply_order.py[line:263]: 预审状态修改为通过,更新条数 1
INFO - 2021-10-30 16:15:49,244 - new_apply_order.py[line:266]: 更新初始额度！更新条数 1
INFO - 2021-10-30 16:15:49,533 - new_apply_order.py[line:342]: 活体图片上传成功！回写配置文件global_param.mp4_url
INFO - 2021-10-30 16:15:49,575 - new_apply_order.py[line:352]: 视频认证通过！
INFO - 2021-10-30 16:15:50,539 - new_apply_order.py[line:510]: bvn和银行卡绑卡认证通过！
INFO - 2021-10-30 16:15:50,854 - new_apply_order.py[line:561]: user更新1条
INFO - 2021-10-30 16:15:51,088 - new_apply_order.py[line:612]: 进件成功！执行sql将订单改为风控中……
INFO - 2021-10-30 16:15:52,124 - new_apply_order.py[line:618]: 订单表更新1条，信审更新1条
INFO - 2021-10-30 16:15:52,475 - new_apply_order.py[line:632]: 查询loan_order_id成功！
INFO - 2021-10-30 16:15:52,521 - new_apply_order.py[line:647]: 订单回调复审通过成功！
INFO - 2021-10-30 16:15:53,308 - new_apply_order.py[line:669]: 获取token成功！token=bearer d730ddac-5574-4de5-9a0d-79be610b9183！
INFO - 2021-10-30 16:15:53,660 - new_apply_order.py[line:632]: 查询loan_order_id成功！
INFO - 2021-10-30 16:15:54,008 - new_apply_order.py[line:687]: 后台已触发放款成功！
ERROR - 2021-10-30 16:16:20,124 - new_apply_order.py[line:928]: HTTPConnectionPool(host='172.20.240.225', port=8066): Max retries exceeded with url: /xxl-job-admin/login (Caused by NewConnectionError('<urllib3.connection.HTTPConnection object at 0x7f9ff84d66d0>: Failed to establish a new connection: [Errno 60] Operation timed out'))
ERROR - 2021-10-30 16:16:20,148 - new_apply_order.py[line:929]: None
