INFO - 2021-11-02 17:53:17,107 - new_apply_order.py[line:882]: 开始第 ncredit【1】次进件……
INFO - 2021-11-02 17:53:17,107 - new_apply_order.py[line:84]: ======【nga测试环境】生成手机号：01635846797 ======
INFO - 2021-11-02 17:53:17,478 - new_apply_order.py[line:97]: 01635846797 检测用户存在成功！
INFO - 2021-11-02 17:53:17,531 - new_apply_order.py[line:106]: 01635846797 短信发送成功！
INFO - 2021-11-02 17:53:17,573 - new_apply_order.py[line:119]: 01635846797 注册成功！
INFO - 2021-11-02 17:53:17,623 - new_apply_order.py[line:135]: 01635846797 登录短信发送成功！
INFO - 2021-11-02 17:53:17,671 - new_apply_order.py[line:145]: userId=6226862520505737216,mobile=01635846797,token=977f487e9d531326582052338b9f1177 登录成功
INFO - 2021-11-02 17:53:17,758 - new_apply_order.py[line:212]: 个人信息提交成功！
INFO - 2021-11-02 17:53:17,805 - new_apply_order.py[line:223]: 联系人信息提交成功！
INFO - 2021-11-02 17:53:18,110 - new_apply_order.py[line:255]: 创建预审订单成功！
INFO - 2021-11-02 17:53:18,131 - new_apply_order.py[line:263]: 预审状态修改为通过,更新条数 1
INFO - 2021-11-02 17:53:18,151 - new_apply_order.py[line:266]: 更新初始额度！更新条数 1
INFO - 2021-11-02 17:53:18,437 - new_apply_order.py[line:342]: 活体图片上传成功！回写配置文件global_param.mp4_url
INFO - 2021-11-02 17:53:18,476 - new_apply_order.py[line:352]: 视频认证通过！
INFO - 2021-11-02 17:53:19,508 - new_apply_order.py[line:510]: bvn和银行卡绑卡认证通过！
INFO - 2021-11-02 17:53:19,836 - new_apply_order.py[line:561]: user更新1条
INFO - 2021-11-02 17:53:20,086 - new_apply_order.py[line:612]: 进件成功！执行sql将订单改为风控中……
INFO - 2021-11-02 17:53:21,123 - new_apply_order.py[line:618]: 订单表更新1条，信审更新1条
INFO - 2021-11-02 17:53:21,479 - new_apply_order.py[line:632]: 查询loan_order_id成功！
INFO - 2021-11-02 17:53:21,526 - new_apply_order.py[line:647]: 订单回调复审通过成功！
INFO - 2021-11-02 17:53:22,342 - new_apply_order.py[line:669]: 获取token成功！token=bearer be80aa3b-ee11-4151-b49d-576648d268e6！
INFO - 2021-11-02 17:53:22,695 - new_apply_order.py[line:632]: 查询loan_order_id成功！
INFO - 2021-11-02 17:53:23,004 - new_apply_order.py[line:687]: 后台已触发放款成功！
INFO - 2021-11-02 17:53:23,018 - new_apply_order.py[line:701]: xxl_job web 登录成功！
INFO - 2021-11-02 17:53:23,031 - new_apply_order.py[line:717]: xxl_job 放款准备作业执行成功！
INFO - 2021-11-02 17:53:24,380 - new_apply_order.py[line:632]: 查询loan_order_id成功！
INFO - 2021-11-02 17:53:24,396 - new_apply_order.py[line:725]: 修改放款准备完成时间成功！
INFO - 2021-11-02 17:53:24,402 - new_apply_order.py[line:733]: xxl_job 放款完成作业执行成功！
INFO - 2021-11-02 17:53:24,712 - new_apply_order.py[line:905]: 校验重试查询第1次
ERROR - 2021-11-02 17:53:25,725 - new_apply_order.py[line:801]: 放款完成或准备失败,目前的订单状态是32
INFO - 2021-11-02 17:53:25,725 - new_apply_order.py[line:802]: {'app': 'ncredit', 'loan_order_id': '1455473078092959744', 'mobile': '01635846797', 'order_status': 32}
INFO - 2021-11-02 17:53:25,733 - new_apply_order.py[line:701]: xxl_job web 登录成功！
INFO - 2021-11-02 17:53:25,744 - new_apply_order.py[line:717]: xxl_job 放款准备作业执行成功！
INFO - 2021-11-02 17:53:27,098 - new_apply_order.py[line:632]: 查询loan_order_id成功！
INFO - 2021-11-02 17:53:27,120 - new_apply_order.py[line:725]: 修改放款准备完成时间成功！
INFO - 2021-11-02 17:53:27,126 - new_apply_order.py[line:733]: xxl_job 放款完成作业执行成功！
INFO - 2021-11-02 17:53:27,631 - new_apply_order.py[line:905]: 校验重试查询第2次
ERROR - 2021-11-02 17:53:28,651 - new_apply_order.py[line:801]: 放款完成或准备失败,目前的订单状态是35
INFO - 2021-11-02 17:53:28,651 - new_apply_order.py[line:802]: {'app': 'ncredit', 'loan_order_id': '1455473078092959744', 'mobile': '01635846797', 'order_status': 35}
INFO - 2021-11-02 17:53:29,162 - new_apply_order.py[line:905]: 校验重试查询第3次
INFO - 2021-11-02 17:53:30,175 - new_apply_order.py[line:799]: 放款完成或准备成功,目前的订单状态是40
INFO - 2021-11-02 17:53:30,176 - new_apply_order.py[line:802]: {'app': 'ncredit', 'loan_order_id': '1455473078092959744', 'mobile': '01635846797', 'order_status': 40}
INFO - 2021-11-02 17:53:30,177 - new_apply_order.py[line:922]: ===========完成第【1】次进件===========
INFO - 2021-11-02 17:53:30,177 - new_apply_order.py[line:925]: ======完成第【1】次进件,耗时13.07s=====
