INFO - 2021-10-30 11:24:21,745 - new_apply_order.py[line:882]: 开始第 pickcash【1】次进件……
INFO - 2021-10-30 11:24:21,745 - new_apply_order.py[line:84]: ======【nga测试环境】生成手机号：01635564261 ======
INFO - 2021-10-30 11:24:23,208 - new_apply_order.py[line:97]: 01635564261 检测用户存在成功！
INFO - 2021-10-30 11:24:23,408 - new_apply_order.py[line:106]: 01635564261 短信发送成功！
INFO - 2021-10-30 11:24:24,033 - new_apply_order.py[line:119]: 01635564261 注册成功！
INFO - 2021-10-30 11:24:24,527 - new_apply_order.py[line:135]: 01635564261 登录短信发送成功！
INFO - 2021-10-30 11:24:24,727 - new_apply_order.py[line:145]: userId=6225677487018352640,mobile=01635564261,token=8747b0e46f6ff29c5faf8b80c3eb98a5 登录成功
INFO - 2021-10-30 11:24:25,024 - new_apply_order.py[line:212]: 个人信息提交成功！
INFO - 2021-10-30 11:24:25,179 - new_apply_order.py[line:223]: 联系人信息提交成功！
INFO - 2021-10-30 11:24:28,233 - new_apply_order.py[line:255]: 创建预审订单成功！
INFO - 2021-10-30 11:24:28,253 - new_apply_order.py[line:263]: 预审状态修改为通过,更新条数 1
INFO - 2021-10-30 11:24:28,269 - new_apply_order.py[line:266]: 更新初始额度！更新条数 1
INFO - 2021-10-30 11:24:28,562 - new_apply_order.py[line:342]: 活体图片上传成功！回写配置文件global_param.mp4_url
INFO - 2021-10-30 11:24:28,655 - new_apply_order.py[line:352]: 视频认证通过！
INFO - 2021-10-30 11:24:30,271 - new_apply_order.py[line:510]: bvn和银行卡绑卡认证通过！
INFO - 2021-10-30 11:24:30,613 - new_apply_order.py[line:561]: user更新1条
INFO - 2021-10-30 11:24:31,371 - new_apply_order.py[line:612]: 进件成功！执行sql将订单改为风控中……
INFO - 2021-10-30 11:24:32,416 - new_apply_order.py[line:618]: 订单表更新1条，信审更新1条
INFO - 2021-10-30 11:24:32,920 - new_apply_order.py[line:632]: 查询loan_order_id成功！
INFO - 2021-10-30 11:24:32,989 - new_apply_order.py[line:647]: 订单回调复审通过成功！
INFO - 2021-10-30 11:24:33,805 - new_apply_order.py[line:669]: 获取token成功！token=bearer d730ddac-5574-4de5-9a0d-79be610b9183！
INFO - 2021-10-30 11:24:34,191 - new_apply_order.py[line:632]: 查询loan_order_id成功！
INFO - 2021-10-30 11:24:35,068 - new_apply_order.py[line:687]: 后台已触发放款成功！
INFO - 2021-10-30 11:24:35,081 - new_apply_order.py[line:701]: xxl_job web 登录成功！
INFO - 2021-10-30 11:24:35,094 - new_apply_order.py[line:717]: xxl_job 放款准备作业执行成功！
INFO - 2021-10-30 11:24:36,505 - new_apply_order.py[line:632]: 查询loan_order_id成功！
INFO - 2021-10-30 11:24:36,518 - new_apply_order.py[line:725]: 修改放款准备完成时间成功！
INFO - 2021-10-30 11:24:36,525 - new_apply_order.py[line:733]: xxl_job 放款完成作业执行成功！
INFO - 2021-10-30 11:24:36,833 - new_apply_order.py[line:905]: 校验重试查询第1次
ERROR - 2021-10-30 11:24:37,850 - new_apply_order.py[line:801]: 放款完成或准备失败,目前的订单状态是32
INFO - 2021-10-30 11:24:37,851 - new_apply_order.py[line:802]: {'app': 'pickcash', 'loan_order_id': '1454288051601543168', 'mobile': '01635564261', 'order_status': 32}
INFO - 2021-10-30 11:24:37,862 - new_apply_order.py[line:701]: xxl_job web 登录成功！
INFO - 2021-10-30 11:24:37,874 - new_apply_order.py[line:717]: xxl_job 放款准备作业执行成功！
INFO - 2021-10-30 11:24:39,255 - new_apply_order.py[line:632]: 查询loan_order_id成功！
INFO - 2021-10-30 11:24:39,271 - new_apply_order.py[line:725]: 修改放款准备完成时间成功！
INFO - 2021-10-30 11:24:39,278 - new_apply_order.py[line:733]: xxl_job 放款完成作业执行成功！
INFO - 2021-10-30 11:24:39,782 - new_apply_order.py[line:905]: 校验重试查询第2次
ERROR - 2021-10-30 11:24:40,800 - new_apply_order.py[line:801]: 放款完成或准备失败,目前的订单状态是35
INFO - 2021-10-30 11:24:40,801 - new_apply_order.py[line:802]: {'app': 'pickcash', 'loan_order_id': '1454288051601543168', 'mobile': '01635564261', 'order_status': 35}
INFO - 2021-10-30 11:24:41,311 - new_apply_order.py[line:905]: 校验重试查询第3次
INFO - 2021-10-30 11:24:42,328 - new_apply_order.py[line:799]: 放款完成或准备成功,目前的订单状态是40
INFO - 2021-10-30 11:24:42,328 - new_apply_order.py[line:802]: {'app': 'pickcash', 'loan_order_id': '1454288051601543168', 'mobile': '01635564261', 'order_status': 40}
INFO - 2021-10-30 11:24:42,334 - new_apply_order.py[line:922]: ===========完成第【1】次进件===========
INFO - 2021-10-30 11:24:42,334 - new_apply_order.py[line:925]: ======完成第【1】次进件,耗时20.59s=====
