INFO - 2022-01-04 21:08:36,655 - new_apply_order.py[line:926]: 开始第 aceloan【1】次进件……
INFO - 2022-01-04 21:08:37,035 - new_apply_order.py[line:95]: 01634872787 检测用户存在成功！
INFO - 2022-01-04 21:08:37,095 - new_apply_order.py[line:104]: 01634872787 短信发送成功！
INFO - 2022-01-04 21:08:37,141 - new_apply_order.py[line:117]: 01634872787 注册成功！
INFO - 2022-01-04 21:08:37,203 - new_apply_order.py[line:133]: 01634872787 登录短信发送成功！
INFO - 2022-01-04 21:08:37,260 - new_apply_order.py[line:143]: userId=6249742111797682176,mobile=01634872787,token=e26216bd9942bf8ee9d26a9dcef0d766 登录成功
INFO - 2022-01-04 21:08:37,355 - new_apply_order.py[line:210]: 个人信息提交成功！
INFO - 2022-01-04 21:08:37,406 - new_apply_order.py[line:221]: 联系人信息提交成功！
INFO - 2022-01-04 21:08:37,725 - new_apply_order.py[line:253]: 创建预审订单成功！
INFO - 2022-01-04 21:08:37,752 - new_apply_order.py[line:261]: 预审状态修改为通过,更新条数 1
INFO - 2022-01-04 21:08:37,783 - new_apply_order.py[line:264]: 更新初始额度！更新条数 1
INFO - 2022-01-04 21:08:38,072 - new_apply_order.py[line:340]: 活体图片上传成功！回写配置文件global_param.mp4_url
INFO - 2022-01-04 21:08:38,110 - new_apply_order.py[line:350]: 视频认证通过！
INFO - 2022-01-04 21:08:39,029 - new_apply_order.py[line:509]: bvn和银行卡绑卡认证通过！
INFO - 2022-01-04 21:08:39,404 - new_apply_order.py[line:560]: user更新1条
INFO - 2022-01-04 21:08:39,589 - new_apply_order.py[line:621]: 进件成功！执行sql将订单改为风控中……
INFO - 2022-01-04 21:08:40,668 - new_apply_order.py[line:627]: 订单表更新1条，信审更新1条
INFO - 2022-01-04 21:08:41,047 - new_apply_order.py[line:641]: 查询loan_order_id成功！
INFO - 2022-01-04 21:08:41,091 - new_apply_order.py[line:656]: 订单回调复审通过成功！
INFO - 2022-01-04 21:08:41,925 - new_apply_order.py[line:678]: 获取token成功！token=bearer 8b726839-f78d-4bfc-a13d-d98083b7d78e！
INFO - 2022-01-04 21:08:42,287 - new_apply_order.py[line:641]: 查询loan_order_id成功！
INFO - 2022-01-04 21:08:42,644 - new_apply_order.py[line:696]: 后台已触发放款成功！
INFO - 2022-01-04 21:08:42,660 - new_apply_order.py[line:710]: xxl_job web 登录成功！
INFO - 2022-01-04 21:08:42,673 - new_apply_order.py[line:726]: xxl_job 放款准备作业执行成功！
INFO - 2022-01-04 21:08:44,040 - new_apply_order.py[line:641]: 查询loan_order_id成功！
INFO - 2022-01-04 21:08:44,071 - new_apply_order.py[line:734]: 修改放款准备完成时间成功！
INFO - 2022-01-04 21:08:44,081 - new_apply_order.py[line:742]: xxl_job 放款完成作业执行成功！
INFO - 2022-01-04 21:08:44,392 - new_apply_order.py[line:949]: 校验重试查询第1次
ERROR - 2022-01-04 21:08:45,422 - new_apply_order.py[line:810]: 放款完成或准备失败,目前的订单状态是35
INFO - 2022-01-04 21:08:45,422 - new_apply_order.py[line:811]: {'app': 'aceloan', 'loan_order_id': '1478352669715599360', 'mobile': '01634872787', 'order_status': 35}
INFO - 2022-01-04 21:08:45,933 - new_apply_order.py[line:949]: 校验重试查询第2次
INFO - 2022-01-04 21:08:46,954 - new_apply_order.py[line:808]: 放款完成或准备成功,目前的订单状态是40
INFO - 2022-01-04 21:08:46,954 - new_apply_order.py[line:811]: {'app': 'aceloan', 'loan_order_id': '1478352669715599360', 'mobile': '01634872787', 'order_status': 40}
INFO - 2022-01-04 21:08:46,955 - new_apply_order.py[line:966]: ===========完成第【1】次进件===========
INFO - 2022-01-04 21:08:46,955 - new_apply_order.py[line:969]: ======完成第【1】次进件,耗时10.30s=====
INFO - 2022-01-04 21:08:47,431 - new_apply_order.py[line:678]: 获取token成功！token=bearer 8b726839-f78d-4bfc-a13d-d98083b7d78e！
ERROR - 2022-01-04 21:08:47,754 - new_apply_order.py[line:973]: 'data'
ERROR - 2022-01-04 21:08:47,756 - new_apply_order.py[line:974]: None
