INFO - 2021-10-11 16:38:44,706 - new_apply_order.py[line:792]: 开始第 monni【1】次进件……
INFO - 2021-10-11 16:38:44,707 - new_apply_order.py[line:82]: ======【co测试环境】生成手机号：3633941524 ======
INFO - 2021-10-11 16:38:45,096 - new_apply_order.py[line:95]: 3633941524 检测用户存在成功！
INFO - 2021-10-11 16:38:45,164 - new_apply_order.py[line:104]: 3633941524 短信发送成功！
INFO - 2021-10-11 16:38:45,254 - new_apply_order.py[line:117]: 3633941524 注册成功！
INFO - 2021-10-11 16:38:45,350 - new_apply_order.py[line:133]: 3633941524 登录短信发送成功！
INFO - 2021-10-11 16:38:45,412 - new_apply_order.py[line:143]: userId=4960580029110296576,mobile=3633941524,token=fcf86681c287a4b8ca9d2caa9d941ed6 登录成功
INFO - 2021-10-11 16:38:45,530 - new_apply_order.py[line:205]: 个人信息提交成功！
INFO - 2021-10-11 16:38:46,022 - new_apply_order.py[line:238]: 创建预审订单成功！
INFO - 2021-10-11 16:38:46,040 - new_apply_order.py[line:246]: 预审状态修改为通过,更新条数 1
INFO - 2021-10-11 16:38:46,056 - new_apply_order.py[line:249]: 更新初始额度！更新条数 1
INFO - 2021-10-11 16:38:46,345 - new_apply_order.py[line:266]: 活体图片上传成功！回写配置文件global_param.mp4_url
INFO - 2021-10-11 16:38:46,399 - new_apply_order.py[line:276]: 视频认证通过！
INFO - 2021-10-11 16:38:47,517 - new_apply_order.py[line:364]: curp上传成功!
INFO - 2021-10-11 16:38:47,649 - new_apply_order.py[line:373]: curp_rfc校验通过！
INFO - 2021-10-11 16:38:48,281 - new_apply_order.py[line:509]: 不绑卡成功跳过！
INFO - 2021-10-11 16:38:48,564 - new_apply_order.py[line:522]: 进件成功！执行sql将订单改为风控中……
INFO - 2021-10-11 16:38:49,594 - new_apply_order.py[line:528]: 订单表更新1条，信审更新1条
INFO - 2021-10-11 16:38:50,199 - new_apply_order.py[line:542]: 查询loan_order_id成功！
INFO - 2021-10-11 16:38:50,291 - new_apply_order.py[line:557]: 订单回调复审通过成功！
INFO - 2021-10-11 16:38:51,038 - new_apply_order.py[line:579]: 获取token成功！token=bearer c022a319-5f02-49d3-aa59-10906eae9acd！
INFO - 2021-10-11 16:38:51,659 - new_apply_order.py[line:542]: 查询loan_order_id成功！
INFO - 2021-10-11 16:38:52,131 - new_apply_order.py[line:597]: 后台已触发放款成功！
INFO - 2021-10-11 16:38:52,142 - new_apply_order.py[line:611]: xxl_job web 登录成功！
INFO - 2021-10-11 16:38:52,154 - new_apply_order.py[line:627]: xxl_job 放款准备作业执行成功！
INFO - 2021-10-11 16:38:53,728 - new_apply_order.py[line:542]: 查询loan_order_id成功！
INFO - 2021-10-11 16:38:53,747 - new_apply_order.py[line:635]: 修改放款准备完成时间成功！
INFO - 2021-10-11 16:38:53,752 - new_apply_order.py[line:643]: xxl_job 放款完成作业执行成功！
INFO - 2021-10-11 16:38:54,059 - new_apply_order.py[line:815]: 校验重试查询第1次
ERROR - 2021-10-11 16:38:55,070 - new_apply_order.py[line:711]: 放款完成或准备失败,目前的订单状态是35
INFO - 2021-10-11 16:38:55,070 - new_apply_order.py[line:712]: {'app': 'monni', 'loan_order_id': '1447481787258114048', 'mobile': '3633941524', 'order_status': 35}
INFO - 2021-10-11 16:38:55,576 - new_apply_order.py[line:815]: 校验重试查询第2次
ERROR - 2021-10-11 16:38:56,589 - new_apply_order.py[line:711]: 放款完成或准备失败,目前的订单状态是35
INFO - 2021-10-11 16:38:56,589 - new_apply_order.py[line:712]: {'app': 'monni', 'loan_order_id': '1447481787258114048', 'mobile': '3633941524', 'order_status': 35}
INFO - 2021-10-11 16:38:57,096 - new_apply_order.py[line:815]: 校验重试查询第3次
ERROR - 2021-10-11 16:38:58,109 - new_apply_order.py[line:711]: 放款完成或准备失败,目前的订单状态是35
INFO - 2021-10-11 16:38:58,109 - new_apply_order.py[line:712]: {'app': 'monni', 'loan_order_id': '1447481787258114048', 'mobile': '3633941524', 'order_status': 35}
INFO - 2021-10-11 16:38:58,617 - new_apply_order.py[line:815]: 校验重试查询第4次
ERROR - 2021-10-11 16:38:59,632 - new_apply_order.py[line:711]: 放款完成或准备失败,目前的订单状态是35
INFO - 2021-10-11 16:38:59,632 - new_apply_order.py[line:712]: {'app': 'monni', 'loan_order_id': '1447481787258114048', 'mobile': '3633941524', 'order_status': 35}
INFO - 2021-10-11 16:39:00,139 - new_apply_order.py[line:815]: 校验重试查询第5次
ERROR - 2021-10-11 16:39:01,154 - new_apply_order.py[line:711]: 放款完成或准备失败,目前的订单状态是35
INFO - 2021-10-11 16:39:01,154 - new_apply_order.py[line:712]: {'app': 'monni', 'loan_order_id': '1447481787258114048', 'mobile': '3633941524', 'order_status': 35}
INFO - 2021-10-11 16:39:01,660 - new_apply_order.py[line:815]: 校验重试查询第6次
ERROR - 2021-10-11 16:39:02,674 - new_apply_order.py[line:711]: 放款完成或准备失败,目前的订单状态是35
INFO - 2021-10-11 16:39:02,674 - new_apply_order.py[line:712]: {'app': 'monni', 'loan_order_id': '1447481787258114048', 'mobile': '3633941524', 'order_status': 35}
INFO - 2021-10-11 16:39:03,182 - new_apply_order.py[line:815]: 校验重试查询第7次
ERROR - 2021-10-11 16:39:04,198 - new_apply_order.py[line:711]: 放款完成或准备失败,目前的订单状态是35
INFO - 2021-10-11 16:39:04,217 - new_apply_order.py[line:712]: {'app': 'monni', 'loan_order_id': '1447481787258114048', 'mobile': '3633941524', 'order_status': 35}
INFO - 2021-10-11 16:39:04,721 - new_apply_order.py[line:815]: 校验重试查询第8次
ERROR - 2021-10-11 16:39:05,733 - new_apply_order.py[line:711]: 放款完成或准备失败,目前的订单状态是35
INFO - 2021-10-11 16:39:05,733 - new_apply_order.py[line:712]: {'app': 'monni', 'loan_order_id': '1447481787258114048', 'mobile': '3633941524', 'order_status': 35}
INFO - 2021-10-11 16:39:06,238 - new_apply_order.py[line:815]: 校验重试查询第9次
ERROR - 2021-10-11 16:39:07,249 - new_apply_order.py[line:711]: 放款完成或准备失败,目前的订单状态是35
INFO - 2021-10-11 16:39:07,249 - new_apply_order.py[line:712]: {'app': 'monni', 'loan_order_id': '1447481787258114048', 'mobile': '3633941524', 'order_status': 35}
INFO - 2021-10-11 16:39:07,754 - new_apply_order.py[line:815]: 校验重试查询第10次
ERROR - 2021-10-11 16:39:08,766 - new_apply_order.py[line:711]: 放款完成或准备失败,目前的订单状态是35
INFO - 2021-10-11 16:39:08,766 - new_apply_order.py[line:712]: {'app': 'monni', 'loan_order_id': '1447481787258114048', 'mobile': '3633941524', 'order_status': 35}
INFO - 2021-10-11 16:39:09,272 - new_apply_order.py[line:832]: ===========完成第【1】次进件===========
INFO - 2021-10-11 16:39:09,292 - new_apply_order.py[line:835]: ======完成第【1】次进件,耗时24.59s=====
INFO - 2021-10-11 16:39:09,295 - new_apply_order.py[line:792]: 开始第 prestamodinero【1】次进件……
INFO - 2021-10-11 16:39:09,296 - new_apply_order.py[line:82]: ======【co测试环境】生成手机号：3633941549 ======
INFO - 2021-10-11 16:39:09,650 - new_apply_order.py[line:95]: 3633941549 检测用户存在成功！
INFO - 2021-10-11 16:39:09,717 - new_apply_order.py[line:104]: 3633941549 短信发送成功！
INFO - 2021-10-11 16:39:09,774 - new_apply_order.py[line:117]: 3633941549 注册成功！
INFO - 2021-10-11 16:39:09,841 - new_apply_order.py[line:133]: 3633941549 登录短信发送成功！
INFO - 2021-10-11 16:39:09,894 - new_apply_order.py[line:143]: userId=4960580131975602176,mobile=3633941549,token=afee618a03b98577135347f10c61d9e3 登录成功
INFO - 2021-10-11 16:39:10,032 - new_apply_order.py[line:205]: 个人信息提交成功！
INFO - 2021-10-11 16:39:10,458 - new_apply_order.py[line:238]: 创建预审订单成功！
INFO - 2021-10-11 16:39:10,478 - new_apply_order.py[line:246]: 预审状态修改为通过,更新条数 1
INFO - 2021-10-11 16:39:10,496 - new_apply_order.py[line:249]: 更新初始额度！更新条数 1
INFO - 2021-10-11 16:39:10,805 - new_apply_order.py[line:266]: 活体图片上传成功！回写配置文件global_param.mp4_url
INFO - 2021-10-11 16:39:10,864 - new_apply_order.py[line:276]: 视频认证通过！
INFO - 2021-10-11 16:39:12,081 - new_apply_order.py[line:364]: curp上传成功!
INFO - 2021-10-11 16:39:12,199 - new_apply_order.py[line:373]: curp_rfc校验通过！
INFO - 2021-10-11 16:39:12,792 - new_apply_order.py[line:509]: 不绑卡成功跳过！
INFO - 2021-10-11 16:39:13,077 - new_apply_order.py[line:522]: 进件成功！执行sql将订单改为风控中……
INFO - 2021-10-11 16:39:14,121 - new_apply_order.py[line:528]: 订单表更新1条，信审更新1条
INFO - 2021-10-11 16:39:14,704 - new_apply_order.py[line:542]: 查询loan_order_id成功！
INFO - 2021-10-11 16:39:14,769 - new_apply_order.py[line:557]: 订单回调复审通过成功！
INFO - 2021-10-11 16:39:15,533 - new_apply_order.py[line:579]: 获取token成功！token=bearer c022a319-5f02-49d3-aa59-10906eae9acd！
INFO - 2021-10-11 16:39:16,083 - new_apply_order.py[line:542]: 查询loan_order_id成功！
INFO - 2021-10-11 16:39:16,393 - new_apply_order.py[line:597]: 后台已触发放款成功！
INFO - 2021-10-11 16:39:16,403 - new_apply_order.py[line:611]: xxl_job web 登录成功！
INFO - 2021-10-11 16:39:16,412 - new_apply_order.py[line:627]: xxl_job 放款准备作业执行成功！
INFO - 2021-10-11 16:39:17,968 - new_apply_order.py[line:542]: 查询loan_order_id成功！
INFO - 2021-10-11 16:39:17,987 - new_apply_order.py[line:635]: 修改放款准备完成时间成功！
INFO - 2021-10-11 16:39:17,995 - new_apply_order.py[line:643]: xxl_job 放款完成作业执行成功！
INFO - 2021-10-11 16:39:18,302 - new_apply_order.py[line:815]: 校验重试查询第1次
ERROR - 2021-10-11 16:39:19,315 - new_apply_order.py[line:711]: 放款完成或准备失败,目前的订单状态是32
INFO - 2021-10-11 16:39:19,315 - new_apply_order.py[line:712]: {'app': 'prestamodinero', 'loan_order_id': '1447481890001784832', 'mobile': '3633941549', 'order_status': 32}
INFO - 2021-10-11 16:39:19,325 - new_apply_order.py[line:611]: xxl_job web 登录成功！
INFO - 2021-10-11 16:39:19,336 - new_apply_order.py[line:627]: xxl_job 放款准备作业执行成功！
INFO - 2021-10-11 16:39:20,922 - new_apply_order.py[line:542]: 查询loan_order_id成功！
INFO - 2021-10-11 16:39:20,939 - new_apply_order.py[line:635]: 修改放款准备完成时间成功！
INFO - 2021-10-11 16:39:20,946 - new_apply_order.py[line:643]: xxl_job 放款完成作业执行成功！
INFO - 2021-10-11 16:39:21,450 - new_apply_order.py[line:815]: 校验重试查询第2次
ERROR - 2021-10-11 16:39:22,463 - new_apply_order.py[line:711]: 放款完成或准备失败,目前的订单状态是32
INFO - 2021-10-11 16:39:22,463 - new_apply_order.py[line:712]: {'app': 'prestamodinero', 'loan_order_id': '1447481890001784832', 'mobile': '3633941549', 'order_status': 32}
INFO - 2021-10-11 16:39:22,472 - new_apply_order.py[line:611]: xxl_job web 登录成功！
INFO - 2021-10-11 16:39:22,483 - new_apply_order.py[line:627]: xxl_job 放款准备作业执行成功！
INFO - 2021-10-11 16:39:24,077 - new_apply_order.py[line:542]: 查询loan_order_id成功！
INFO - 2021-10-11 16:39:24,097 - new_apply_order.py[line:635]: 修改放款准备完成时间成功！
INFO - 2021-10-11 16:39:24,103 - new_apply_order.py[line:643]: xxl_job 放款完成作业执行成功！
INFO - 2021-10-11 16:39:24,607 - new_apply_order.py[line:815]: 校验重试查询第3次
ERROR - 2021-10-11 16:39:25,622 - new_apply_order.py[line:711]: 放款完成或准备失败,目前的订单状态是32
INFO - 2021-10-11 16:39:25,622 - new_apply_order.py[line:712]: {'app': 'prestamodinero', 'loan_order_id': '1447481890001784832', 'mobile': '3633941549', 'order_status': 32}
INFO - 2021-10-11 16:39:25,632 - new_apply_order.py[line:611]: xxl_job web 登录成功！
INFO - 2021-10-11 16:39:25,643 - new_apply_order.py[line:627]: xxl_job 放款准备作业执行成功！
INFO - 2021-10-11 16:39:27,210 - new_apply_order.py[line:542]: 查询loan_order_id成功！
INFO - 2021-10-11 16:39:27,232 - new_apply_order.py[line:635]: 修改放款准备完成时间成功！
INFO - 2021-10-11 16:39:27,240 - new_apply_order.py[line:643]: xxl_job 放款完成作业执行成功！
INFO - 2021-10-11 16:39:27,742 - new_apply_order.py[line:815]: 校验重试查询第4次
ERROR - 2021-10-11 16:39:28,754 - new_apply_order.py[line:711]: 放款完成或准备失败,目前的订单状态是35
INFO - 2021-10-11 16:39:28,755 - new_apply_order.py[line:712]: {'app': 'prestamodinero', 'loan_order_id': '1447481890001784832', 'mobile': '3633941549', 'order_status': 35}
INFO - 2021-10-11 16:39:29,262 - new_apply_order.py[line:815]: 校验重试查询第5次
ERROR - 2021-10-11 16:39:30,274 - new_apply_order.py[line:711]: 放款完成或准备失败,目前的订单状态是35
INFO - 2021-10-11 16:39:30,274 - new_apply_order.py[line:712]: {'app': 'prestamodinero', 'loan_order_id': '1447481890001784832', 'mobile': '3633941549', 'order_status': 35}
INFO - 2021-10-11 16:39:30,780 - new_apply_order.py[line:815]: 校验重试查询第6次
ERROR - 2021-10-11 16:39:31,792 - new_apply_order.py[line:711]: 放款完成或准备失败,目前的订单状态是35
INFO - 2021-10-11 16:39:31,792 - new_apply_order.py[line:712]: {'app': 'prestamodinero', 'loan_order_id': '1447481890001784832', 'mobile': '3633941549', 'order_status': 35}
INFO - 2021-10-11 16:39:32,297 - new_apply_order.py[line:815]: 校验重试查询第7次
ERROR - 2021-10-11 16:39:33,308 - new_apply_order.py[line:711]: 放款完成或准备失败,目前的订单状态是35
INFO - 2021-10-11 16:39:33,308 - new_apply_order.py[line:712]: {'app': 'prestamodinero', 'loan_order_id': '1447481890001784832', 'mobile': '3633941549', 'order_status': 35}
INFO - 2021-10-11 16:39:33,814 - new_apply_order.py[line:815]: 校验重试查询第8次
ERROR - 2021-10-11 16:39:34,824 - new_apply_order.py[line:711]: 放款完成或准备失败,目前的订单状态是35
INFO - 2021-10-11 16:39:34,825 - new_apply_order.py[line:712]: {'app': 'prestamodinero', 'loan_order_id': '1447481890001784832', 'mobile': '3633941549', 'order_status': 35}
INFO - 2021-10-11 16:39:35,330 - new_apply_order.py[line:815]: 校验重试查询第9次
INFO - 2021-10-11 16:39:36,337 - new_apply_order.py[line:709]: 放款完成或准备成功,目前的订单状态是40
INFO - 2021-10-11 16:39:36,337 - new_apply_order.py[line:712]: {'app': 'prestamodinero', 'loan_order_id': '1447481890001784832', 'mobile': '3633941549', 'order_status': 40}
INFO - 2021-10-11 16:39:36,340 - new_apply_order.py[line:832]: ===========完成第【1】次进件===========
INFO - 2021-10-11 16:39:36,340 - new_apply_order.py[line:835]: ======完成第【1】次进件,耗时27.04s=====
INFO - 2021-10-11 16:39:36,341 - new_apply_order.py[line:792]: 开始第 pcamion【1】次进件……
INFO - 2021-10-11 16:39:36,341 - new_apply_order.py[line:82]: ======【co测试环境】生成手机号：3633941576 ======
INFO - 2021-10-11 16:39:36,690 - new_apply_order.py[line:95]: 3633941576 检测用户存在成功！
INFO - 2021-10-11 16:39:36,761 - new_apply_order.py[line:104]: 3633941576 短信发送成功！
INFO - 2021-10-11 16:39:36,812 - new_apply_order.py[line:117]: 3633941576 注册成功！
INFO - 2021-10-11 16:39:36,882 - new_apply_order.py[line:133]: 3633941576 登录短信发送成功！
INFO - 2021-10-11 16:39:36,950 - new_apply_order.py[line:143]: userId=4960580245368610816,mobile=3633941576,token=a9c7a61155a6aeed903492c82850a743 登录成功
INFO - 2021-10-11 16:39:37,071 - new_apply_order.py[line:205]: 个人信息提交成功！
INFO - 2021-10-11 16:39:37,411 - new_apply_order.py[line:238]: 创建预审订单成功！
INFO - 2021-10-11 16:39:37,432 - new_apply_order.py[line:246]: 预审状态修改为通过,更新条数 1
INFO - 2021-10-11 16:39:37,449 - new_apply_order.py[line:249]: 更新初始额度！更新条数 1
INFO - 2021-10-11 16:39:37,723 - new_apply_order.py[line:266]: 活体图片上传成功！回写配置文件global_param.mp4_url
INFO - 2021-10-11 16:39:37,779 - new_apply_order.py[line:276]: 视频认证通过！
INFO - 2021-10-11 16:39:38,869 - new_apply_order.py[line:364]: curp上传成功!
INFO - 2021-10-11 16:39:38,977 - new_apply_order.py[line:373]: curp_rfc校验通过！
INFO - 2021-10-11 16:39:39,539 - new_apply_order.py[line:509]: 不绑卡成功跳过！
INFO - 2021-10-11 16:39:39,793 - new_apply_order.py[line:522]: 进件成功！执行sql将订单改为风控中……
INFO - 2021-10-11 16:39:40,833 - new_apply_order.py[line:528]: 订单表更新1条，信审更新1条
INFO - 2021-10-11 16:39:41,396 - new_apply_order.py[line:542]: 查询loan_order_id成功！
INFO - 2021-10-11 16:39:41,471 - new_apply_order.py[line:557]: 订单回调复审通过成功！
INFO - 2021-10-11 16:39:42,246 - new_apply_order.py[line:579]: 获取token成功！token=bearer c022a319-5f02-49d3-aa59-10906eae9acd！
INFO - 2021-10-11 16:39:42,819 - new_apply_order.py[line:542]: 查询loan_order_id成功！
INFO - 2021-10-11 16:39:43,181 - new_apply_order.py[line:597]: 后台已触发放款成功！
INFO - 2021-10-11 16:39:43,191 - new_apply_order.py[line:611]: xxl_job web 登录成功！
INFO - 2021-10-11 16:39:43,200 - new_apply_order.py[line:627]: xxl_job 放款准备作业执行成功！
INFO - 2021-10-11 16:39:44,805 - new_apply_order.py[line:542]: 查询loan_order_id成功！
INFO - 2021-10-11 16:39:44,832 - new_apply_order.py[line:635]: 修改放款准备完成时间成功！
INFO - 2021-10-11 16:39:44,837 - new_apply_order.py[line:643]: xxl_job 放款完成作业执行成功！
INFO - 2021-10-11 16:39:45,140 - new_apply_order.py[line:815]: 校验重试查询第1次
ERROR - 2021-10-11 16:39:46,153 - new_apply_order.py[line:711]: 放款完成或准备失败,目前的订单状态是35
INFO - 2021-10-11 16:39:46,154 - new_apply_order.py[line:712]: {'app': 'pcamion', 'loan_order_id': '1447482003159912448', 'mobile': '3633941576', 'order_status': 35}
INFO - 2021-10-11 16:39:46,659 - new_apply_order.py[line:815]: 校验重试查询第2次
ERROR - 2021-10-11 16:39:47,673 - new_apply_order.py[line:711]: 放款完成或准备失败,目前的订单状态是35
INFO - 2021-10-11 16:39:47,674 - new_apply_order.py[line:712]: {'app': 'pcamion', 'loan_order_id': '1447482003159912448', 'mobile': '3633941576', 'order_status': 35}
INFO - 2021-10-11 16:39:48,179 - new_apply_order.py[line:815]: 校验重试查询第3次
ERROR - 2021-10-11 16:39:49,193 - new_apply_order.py[line:711]: 放款完成或准备失败,目前的订单状态是35
INFO - 2021-10-11 16:39:49,194 - new_apply_order.py[line:712]: {'app': 'pcamion', 'loan_order_id': '1447482003159912448', 'mobile': '3633941576', 'order_status': 35}
INFO - 2021-10-11 16:39:49,697 - new_apply_order.py[line:815]: 校验重试查询第4次
ERROR - 2021-10-11 16:39:50,712 - new_apply_order.py[line:711]: 放款完成或准备失败,目前的订单状态是35
INFO - 2021-10-11 16:39:50,713 - new_apply_order.py[line:712]: {'app': 'pcamion', 'loan_order_id': '1447482003159912448', 'mobile': '3633941576', 'order_status': 35}
INFO - 2021-10-11 16:39:51,218 - new_apply_order.py[line:815]: 校验重试查询第5次
INFO - 2021-10-11 16:39:52,232 - new_apply_order.py[line:709]: 放款完成或准备成功,目前的订单状态是40
INFO - 2021-10-11 16:39:52,232 - new_apply_order.py[line:712]: {'app': 'pcamion', 'loan_order_id': '1447482003159912448', 'mobile': '3633941576', 'order_status': 40}
INFO - 2021-10-11 16:39:52,233 - new_apply_order.py[line:832]: ===========完成第【1】次进件===========
INFO - 2021-10-11 16:39:52,233 - new_apply_order.py[line:835]: ======完成第【1】次进件,耗时15.89s=====
