INFO - 2021-09-23 10:48:24,674 - new_apply_order.py[line:696]: 开始第 muchodinero【1】次进件……
INFO - 2021-09-23 10:48:24,815 - new_apply_order.py[line:60]: 删除redis key: "mx:cfs:user:userid:4953963568894713856"
INFO - 2021-09-23 10:48:24,847 - new_apply_order.py[line:75]: 更新脏数据0条
INFO - 2021-09-23 10:48:24,847 - new_apply_order.py[line:82]: ======【mx测试环境】生成手机号：1632365304 ======
INFO - 2021-09-23 10:48:25,237 - new_apply_order.py[line:95]: 1632365304 检测用户存在成功！
INFO - 2021-09-23 10:48:25,289 - new_apply_order.py[line:104]: 1632365304 短信发送成功！
INFO - 2021-09-23 10:48:25,335 - new_apply_order.py[line:117]: 1632365304 注册成功！
INFO - 2021-09-23 10:48:25,395 - new_apply_order.py[line:133]: 1632365304 登录短信发送成功！
INFO - 2021-09-23 10:48:25,442 - new_apply_order.py[line:143]: userId=4953968883832856576,mobile=1632365304,token=c993b0b415582a447fdcf39e137f65b5 登录成功
INFO - 2021-09-23 10:48:25,522 - new_apply_order.py[line:205]: 个人信息提交成功！
INFO - 2021-09-23 10:48:25,951 - new_apply_order.py[line:238]: 创建预审订单成功！
INFO - 2021-09-23 10:48:25,968 - new_apply_order.py[line:246]: 预审状态修改为通过,更新条数 1
INFO - 2021-09-23 10:48:25,983 - new_apply_order.py[line:249]: 更新初始额度！更新条数 1
INFO - 2021-09-23 10:48:29,377 - new_apply_order.py[line:285]: curp上传成功!
INFO - 2021-09-23 10:48:29,506 - new_apply_order.py[line:294]: curp_rfc校验通过！
INFO - 2021-09-23 10:48:30,140 - new_apply_order.py[line:305]: 人脸识别成功!
INFO - 2021-09-23 10:48:30,735 - new_apply_order.py[line:395]: 绑卡成功！
INFO - 2021-09-23 10:48:30,917 - new_apply_order.py[line:426]: 进件成功！执行sql将订单改为风控中……
INFO - 2021-09-23 10:48:31,955 - new_apply_order.py[line:432]: 订单表更新1条，信审更新1条
INFO - 2021-09-23 10:48:32,297 - new_apply_order.py[line:446]: 查询loan_order_id成功！
INFO - 2021-09-23 10:48:32,331 - new_apply_order.py[line:461]: 订单回调复审通过成功！
INFO - 2021-09-23 10:48:33,131 - new_apply_order.py[line:483]: 获取token成功！token=bearer 55b0db8d-4fe5-44a5-b4e7-b3d9054557dd！
INFO - 2021-09-23 10:48:33,479 - new_apply_order.py[line:446]: 查询loan_order_id成功！
INFO - 2021-09-23 10:48:34,023 - new_apply_order.py[line:501]: 后台已触发放款成功！
INFO - 2021-09-23 10:48:34,038 - new_apply_order.py[line:515]: xxl_job web 登录成功！
INFO - 2021-09-23 10:48:34,048 - new_apply_order.py[line:531]: xxl_job 放款准备作业执行成功！
INFO - 2021-09-23 10:48:35,397 - new_apply_order.py[line:446]: 查询loan_order_id成功！
INFO - 2021-09-23 10:48:35,409 - new_apply_order.py[line:539]: 修改放款准备完成时间成功！
INFO - 2021-09-23 10:48:35,414 - new_apply_order.py[line:547]: xxl_job 放款完成作业执行成功！
INFO - 2021-09-23 10:48:35,761 - new_apply_order.py[line:446]: 查询loan_order_id成功！
INFO - 2021-09-23 10:48:36,073 - new_apply_order.py[line:719]: 校验重试查询第1次
ERROR - 2021-09-23 10:48:37,082 - new_apply_order.py[line:615]: 放款完成或准备失败,目前的订单状态是35
INFO - 2021-09-23 10:48:37,082 - new_apply_order.py[line:616]: {'app': 'muchodinero', 'loan_order_id': '1440870641236447232', 'mobile': '1632365304', 'order_status': 35}
INFO - 2021-09-23 10:48:37,940 - new_apply_order.py[line:446]: 查询loan_order_id成功！
INFO - 2021-09-23 10:48:37,951 - new_apply_order.py[line:719]: 校验重试查询第2次
ERROR - 2021-09-23 10:48:38,962 - new_apply_order.py[line:615]: 放款完成或准备失败,目前的订单状态是35
INFO - 2021-09-23 10:48:38,962 - new_apply_order.py[line:616]: {'app': 'muchodinero', 'loan_order_id': '1440870641236447232', 'mobile': '1632365304', 'order_status': 35}
INFO - 2021-09-23 10:48:39,822 - new_apply_order.py[line:446]: 查询loan_order_id成功！
INFO - 2021-09-23 10:48:39,927 - new_apply_order.py[line:568]: 放款回调成功！
INFO - 2021-09-23 10:48:39,927 - new_apply_order.py[line:719]: 校验重试查询第3次
INFO - 2021-09-23 10:48:40,942 - new_apply_order.py[line:613]: 放款完成或准备成功,目前的订单状态是40
INFO - 2021-09-23 10:48:40,942 - new_apply_order.py[line:616]: {'app': 'muchodinero', 'loan_order_id': '1440870641236447232', 'mobile': '1632365304', 'order_status': 40}
INFO - 2021-09-23 10:48:40,945 - new_apply_order.py[line:736]: ===========完成第【1】次进件===========
INFO - 2021-09-23 10:48:40,945 - new_apply_order.py[line:739]: ======完成第【1】次进件,耗时16.27s=====
