INFO - 2021-10-30 16:48:10,102 - new_apply_order.py[line:882]: 开始第 ncredit【1】次进件……
INFO - 2021-10-30 16:48:10,103 - new_apply_order.py[line:84]: ======【nga测试环境】生成手机号：01635583690 ======
INFO - 2021-10-30 16:48:10,486 - new_apply_order.py[line:97]: 01635583690 检测用户存在成功！
INFO - 2021-10-30 16:48:10,545 - new_apply_order.py[line:106]: 01635583690 短信发送成功！
INFO - 2021-10-30 16:48:10,595 - new_apply_order.py[line:119]: 01635583690 注册成功！
INFO - 2021-10-30 16:48:10,660 - new_apply_order.py[line:135]: 01635583690 登录短信发送成功！
INFO - 2021-10-30 16:48:10,712 - new_apply_order.py[line:145]: userId=6225758969985245184,mobile=01635583690,token=2ce3b8bb44f498ca2572571930e5247f 登录成功
INFO - 2021-10-30 16:48:10,800 - new_apply_order.py[line:212]: 个人信息提交成功！
INFO - 2021-10-30 16:48:10,873 - new_apply_order.py[line:223]: 联系人信息提交成功！
INFO - 2021-10-30 16:48:11,165 - new_apply_order.py[line:255]: 创建预审订单成功！
INFO - 2021-10-30 16:48:11,179 - new_apply_order.py[line:263]: 预审状态修改为通过,更新条数 1
INFO - 2021-10-30 16:48:11,192 - new_apply_order.py[line:266]: 更新初始额度！更新条数 1
INFO - 2021-10-30 16:48:11,473 - new_apply_order.py[line:342]: 活体图片上传成功！回写配置文件global_param.mp4_url
INFO - 2021-10-30 16:48:11,513 - new_apply_order.py[line:352]: 视频认证通过！
INFO - 2021-10-30 16:48:12,640 - new_apply_order.py[line:510]: bvn和银行卡绑卡认证通过！
INFO - 2021-10-30 16:48:12,977 - new_apply_order.py[line:561]: user更新1条
INFO - 2021-10-30 16:48:13,266 - new_apply_order.py[line:612]: 进件成功！执行sql将订单改为风控中……
INFO - 2021-10-30 16:48:14,309 - new_apply_order.py[line:618]: 订单表更新1条，信审更新1条
INFO - 2021-10-30 16:48:14,668 - new_apply_order.py[line:632]: 查询loan_order_id成功！
INFO - 2021-10-30 16:48:14,724 - new_apply_order.py[line:647]: 订单回调复审通过成功！
INFO - 2021-10-30 16:48:15,515 - new_apply_order.py[line:669]: 获取token成功！token=bearer d730ddac-5574-4de5-9a0d-79be610b9183！
INFO - 2021-10-30 16:48:15,866 - new_apply_order.py[line:632]: 查询loan_order_id成功！
INFO - 2021-10-30 16:48:16,401 - new_apply_order.py[line:687]: 后台已触发放款成功！
INFO - 2021-10-30 16:48:16,415 - new_apply_order.py[line:701]: xxl_job web 登录成功！
INFO - 2021-10-30 16:48:16,429 - new_apply_order.py[line:717]: xxl_job 放款准备作业执行成功！
INFO - 2021-10-30 16:48:17,778 - new_apply_order.py[line:632]: 查询loan_order_id成功！
INFO - 2021-10-30 16:48:17,798 - new_apply_order.py[line:725]: 修改放款准备完成时间成功！
INFO - 2021-10-30 16:48:17,806 - new_apply_order.py[line:733]: xxl_job 放款完成作业执行成功！
INFO - 2021-10-30 16:48:18,115 - new_apply_order.py[line:905]: 校验重试查询第1次
ERROR - 2021-10-30 16:48:19,131 - new_apply_order.py[line:801]: 放款完成或准备失败,目前的订单状态是35
INFO - 2021-10-30 16:48:19,131 - new_apply_order.py[line:802]: {'app': 'ncredit', 'loan_order_id': '1454369527798829056', 'mobile': '01635583690', 'order_status': 35}
INFO - 2021-10-30 16:48:19,643 - new_apply_order.py[line:905]: 校验重试查询第2次
ERROR - 2021-10-30 16:48:20,662 - new_apply_order.py[line:801]: 放款完成或准备失败,目前的订单状态是35
INFO - 2021-10-30 16:48:20,662 - new_apply_order.py[line:802]: {'app': 'ncredit', 'loan_order_id': '1454369527798829056', 'mobile': '01635583690', 'order_status': 35}
INFO - 2021-10-30 16:48:21,167 - new_apply_order.py[line:905]: 校验重试查询第3次
INFO - 2021-10-30 16:48:22,186 - new_apply_order.py[line:799]: 放款完成或准备成功,目前的订单状态是40
INFO - 2021-10-30 16:48:22,186 - new_apply_order.py[line:802]: {'app': 'ncredit', 'loan_order_id': '1454369527798829056', 'mobile': '01635583690', 'order_status': 40}
INFO - 2021-10-30 16:48:22,189 - new_apply_order.py[line:922]: ===========完成第【1】次进件===========
INFO - 2021-10-30 16:48:22,190 - new_apply_order.py[line:925]: ======完成第【1】次进件,耗时12.09s=====
