INFO - 2021-11-02 11:04:24,664 - new_apply_order.py[line:882]: 开始第 loanpal【1】次进件……
INFO - 2021-11-02 11:04:24,665 - new_apply_order.py[line:84]: ======【nga测试环境】生成手机号：01635822264 ======
INFO - 2021-11-02 11:04:25,020 - new_apply_order.py[line:97]: 01635822264 检测用户存在成功！
INFO - 2021-11-02 11:04:25,077 - new_apply_order.py[line:106]: 01635822264 短信发送成功！
INFO - 2021-11-02 11:04:25,118 - new_apply_order.py[line:119]: 01635822264 注册成功！
INFO - 2021-11-02 11:04:25,165 - new_apply_order.py[line:135]: 01635822264 登录短信发送成功！
INFO - 2021-11-02 11:04:25,205 - new_apply_order.py[line:145]: userId=6226759623885463552,mobile=01635822264,token=0b9b3d7af90a2fafc92a287d8a9c91d5 登录成功
INFO - 2021-11-02 11:04:25,288 - new_apply_order.py[line:212]: 个人信息提交成功！
INFO - 2021-11-02 11:04:25,344 - new_apply_order.py[line:223]: 联系人信息提交成功！
INFO - 2021-11-02 11:04:25,592 - new_apply_order.py[line:255]: 创建预审订单成功！
INFO - 2021-11-02 11:04:25,608 - new_apply_order.py[line:263]: 预审状态修改为通过,更新条数 1
INFO - 2021-11-02 11:04:25,620 - new_apply_order.py[line:266]: 更新初始额度！更新条数 1
INFO - 2021-11-02 11:04:25,910 - new_apply_order.py[line:342]: 活体图片上传成功！回写配置文件global_param.mp4_url
INFO - 2021-11-02 11:04:25,942 - new_apply_order.py[line:352]: 视频认证通过！
INFO - 2021-11-02 11:04:26,994 - new_apply_order.py[line:510]: bvn和银行卡绑卡认证通过！
INFO - 2021-11-02 11:04:27,320 - new_apply_order.py[line:561]: user更新1条
INFO - 2021-11-02 11:04:27,587 - new_apply_order.py[line:612]: 进件成功！执行sql将订单改为风控中……
INFO - 2021-11-02 11:04:28,617 - new_apply_order.py[line:618]: 订单表更新1条，信审更新1条
INFO - 2021-11-02 11:04:28,967 - new_apply_order.py[line:632]: 查询loan_order_id成功！
INFO - 2021-11-02 11:04:29,015 - new_apply_order.py[line:647]: 订单回调复审通过成功！
INFO - 2021-11-02 11:04:29,813 - new_apply_order.py[line:669]: 获取token成功！token=bearer be80aa3b-ee11-4151-b49d-576648d268e6！
INFO - 2021-11-02 11:04:30,174 - new_apply_order.py[line:632]: 查询loan_order_id成功！
INFO - 2021-11-02 11:04:30,493 - new_apply_order.py[line:687]: 后台已触发放款成功！
INFO - 2021-11-02 11:04:30,501 - new_apply_order.py[line:701]: xxl_job web 登录成功！
INFO - 2021-11-02 11:04:30,512 - new_apply_order.py[line:717]: xxl_job 放款准备作业执行成功！
INFO - 2021-11-02 11:04:31,891 - new_apply_order.py[line:632]: 查询loan_order_id成功！
INFO - 2021-11-02 11:04:31,904 - new_apply_order.py[line:725]: 修改放款准备完成时间成功！
INFO - 2021-11-02 11:04:31,910 - new_apply_order.py[line:733]: xxl_job 放款完成作业执行成功！
INFO - 2021-11-02 11:04:32,216 - new_apply_order.py[line:905]: 校验重试查询第1次
ERROR - 2021-11-02 11:04:33,236 - new_apply_order.py[line:801]: 放款完成或准备失败,目前的订单状态是32
INFO - 2021-11-02 11:04:33,236 - new_apply_order.py[line:802]: {'app': 'loanpal', 'loan_order_id': '1455370181460103168', 'mobile': '01635822264', 'order_status': 32}
INFO - 2021-11-02 11:04:33,248 - new_apply_order.py[line:701]: xxl_job web 登录成功！
INFO - 2021-11-02 11:04:33,260 - new_apply_order.py[line:717]: xxl_job 放款准备作业执行成功！
INFO - 2021-11-02 11:04:34,608 - new_apply_order.py[line:632]: 查询loan_order_id成功！
INFO - 2021-11-02 11:04:34,620 - new_apply_order.py[line:725]: 修改放款准备完成时间成功！
INFO - 2021-11-02 11:04:34,624 - new_apply_order.py[line:733]: xxl_job 放款完成作业执行成功！
INFO - 2021-11-02 11:04:35,125 - new_apply_order.py[line:905]: 校验重试查询第2次
ERROR - 2021-11-02 11:04:36,144 - new_apply_order.py[line:801]: 放款完成或准备失败,目前的订单状态是35
INFO - 2021-11-02 11:04:36,145 - new_apply_order.py[line:802]: {'app': 'loanpal', 'loan_order_id': '1455370181460103168', 'mobile': '01635822264', 'order_status': 35}
INFO - 2021-11-02 11:04:36,654 - new_apply_order.py[line:905]: 校验重试查询第3次
ERROR - 2021-11-02 11:04:37,671 - new_apply_order.py[line:801]: 放款完成或准备失败,目前的订单状态是35
INFO - 2021-11-02 11:04:37,671 - new_apply_order.py[line:802]: {'app': 'loanpal', 'loan_order_id': '1455370181460103168', 'mobile': '01635822264', 'order_status': 35}
INFO - 2021-11-02 11:04:38,183 - new_apply_order.py[line:905]: 校验重试查询第4次
INFO - 2021-11-02 11:04:39,197 - new_apply_order.py[line:799]: 放款完成或准备成功,目前的订单状态是40
INFO - 2021-11-02 11:04:39,197 - new_apply_order.py[line:802]: {'app': 'loanpal', 'loan_order_id': '1455370181460103168', 'mobile': '01635822264', 'order_status': 40}
INFO - 2021-11-02 11:04:39,199 - new_apply_order.py[line:922]: ===========完成第【1】次进件===========
INFO - 2021-11-02 11:04:39,199 - new_apply_order.py[line:925]: ======完成第【1】次进件,耗时14.54s=====
