INFO - 2021-12-02 16:58:37,766 - new_apply_order.py[line:882]: 开始第 kencash【1】次进件……
INFO - 2021-12-02 16:58:37,766 - new_apply_order.py[line:84]: ======【ke测试环境】生成手机号：738435517 ======
INFO - 2021-12-02 16:58:38,179 - new_apply_order.py[line:97]: 738435517 检测用户存在成功！
INFO - 2021-12-02 16:58:38,254 - new_apply_order.py[line:106]: 738435517 短信发送成功！
INFO - 2021-12-02 16:58:38,333 - new_apply_order.py[line:119]: 738435517 注册成功！
INFO - 2021-12-02 16:58:38,416 - new_apply_order.py[line:135]: 738435517 登录短信发送成功！
INFO - 2021-12-02 16:58:38,488 - new_apply_order.py[line:145]: userId=6237720402171273216,mobile=738435517,token=541f6d9e51a220def6b31b7db27576ea 登录成功
INFO - 2021-12-02 16:58:38,696 - new_apply_order.py[line:212]: 个人信息提交成功！
INFO - 2021-12-02 16:58:38,816 - new_apply_order.py[line:232]: 联系人信息提交成功！
INFO - 2021-12-02 16:58:39,187 - new_apply_order.py[line:255]: 创建预审订单成功！
INFO - 2021-12-02 16:58:39,203 - new_apply_order.py[line:263]: 预审状态修改为通过,更新条数 1
INFO - 2021-12-02 16:58:39,216 - new_apply_order.py[line:266]: 更新初始额度！更新条数 1
INFO - 2021-12-02 16:58:39,497 - new_apply_order.py[line:342]: 活体图片上传成功！回写配置文件global_param.mp4_url
INFO - 2021-12-02 16:58:39,557 - new_apply_order.py[line:352]: 视频认证通过！
ERROR - 2021-12-02 16:58:39,800 - new_apply_order.py[line:579]: 绑卡失败！{"code":"60001004","msg":"The OTP has expired.please regenerate OTP to try again","data":null}
INFO - 2021-12-02 16:58:40,126 - new_apply_order.py[line:612]: 进件成功！执行sql将订单改为风控中……
INFO - 2021-12-02 16:58:41,168 - new_apply_order.py[line:618]: 订单表更新1条，信审更新1条
INFO - 2021-12-02 16:58:41,637 - new_apply_order.py[line:632]: 查询loan_order_id成功！
INFO - 2021-12-02 16:58:41,702 - new_apply_order.py[line:647]: 订单回调复审通过成功！
INFO - 2021-12-02 16:58:42,529 - new_apply_order.py[line:669]: 获取token成功！token=bearer 79c1b5ea-9238-47e0-a22f-ee222d185aac！
INFO - 2021-12-02 16:58:42,904 - new_apply_order.py[line:632]: 查询loan_order_id成功！
INFO - 2021-12-02 16:58:43,494 - new_apply_order.py[line:687]: 后台已触发放款成功！
INFO - 2021-12-02 16:58:43,509 - new_apply_order.py[line:701]: xxl_job web 登录成功！
INFO - 2021-12-02 16:58:43,519 - new_apply_order.py[line:717]: xxl_job 放款准备作业执行成功！
