INFO - 2022-01-05 14:33:24,132 - new_apply_order.py[line:933]: 开始第 aceloan【1】次进件……
INFO - 2022-01-05 14:33:24,493 - new_apply_order.py[line:95]: 01634872804 检测用户存在成功！
INFO - 2022-01-05 14:33:24,555 - new_apply_order.py[line:104]: 01634872804 短信发送成功！
ERROR - 2022-01-05 14:33:24,594 - new_apply_order.py[line:119]: 注册失败！{'accept': 'application/json', 'appversion': '1.3.0.9', 'devtoken': 'cb95881f542ac58170:BB:E9:91:D3:CD', 'accept-language': 'en-US', 'clientCode': 'aceloani1300', 'Content-Type': 'application/json; charset=UTF-8', 'Host': '172.20.240.143:8012', 'User-Agent': 'okhttp/4.9.0'}
ERROR - 2022-01-05 14:33:24,594 - new_apply_order.py[line:120]: {"code":"20001003","msg":"This number already exists, please use another number","data":null}
INFO - 2022-01-05 14:33:24,652 - new_apply_order.py[line:133]: 01634872804 登录短信发送成功！
INFO - 2022-01-05 14:33:24,703 - new_apply_order.py[line:143]: userId=6250004575856631808,mobile=01634872804,token=2e71884f393f1d1ef454864dde4ff2cf 登录成功
INFO - 2022-01-05 14:33:24,767 - new_apply_order.py[line:210]: 个人信息提交成功！
INFO - 2022-01-05 14:33:24,841 - new_apply_order.py[line:221]: 联系人信息提交成功！
ERROR - 2022-01-05 14:33:25,055 - new_apply_order.py[line:255]: 创建预审失败{"code":"9999","msg":"The Server is busy, Please try again later","data":null}
INFO - 2022-01-05 14:33:25,088 - new_apply_order.py[line:261]: 预审状态修改为通过,更新条数 0
INFO - 2022-01-05 14:33:25,117 - new_apply_order.py[line:264]: 更新初始额度！更新条数 0
INFO - 2022-01-05 14:33:25,428 - new_apply_order.py[line:340]: 活体图片上传成功！回写配置文件global_param.mp4_url
INFO - 2022-01-05 14:33:25,478 - new_apply_order.py[line:350]: 视频认证通过！
INFO - 2022-01-05 14:33:26,430 - new_apply_order.py[line:509]: bvn和银行卡绑卡认证通过！
INFO - 2022-01-05 14:33:26,820 - new_apply_order.py[line:560]: user更新1条
INFO - 2022-01-05 14:33:27,159 - new_apply_order.py[line:621]: 进件成功！执行sql将订单改为风控中……
INFO - 2022-01-05 14:33:28,239 - new_apply_order.py[line:627]: 订单表更新1条，信审更新1条
INFO - 2022-01-05 14:33:28,608 - new_apply_order.py[line:641]: 查询loan_order_id成功！
INFO - 2022-01-05 14:33:28,647 - new_apply_order.py[line:656]: 订单回调复审通过成功！
INFO - 2022-01-05 14:33:29,455 - new_apply_order.py[line:678]: 获取token成功！token=bearer ad65f441-35a1-4264-86d9-012a4ccbb2df！
INFO - 2022-01-05 14:33:29,818 - new_apply_order.py[line:641]: 查询loan_order_id成功！
INFO - 2022-01-05 14:33:30,232 - new_apply_order.py[line:696]: 后台已触发放款成功！
INFO - 2022-01-05 14:33:30,253 - new_apply_order.py[line:710]: xxl_job web 登录成功！
INFO - 2022-01-05 14:33:30,271 - new_apply_order.py[line:726]: xxl_job 放款准备作业执行成功！
INFO - 2022-01-05 14:33:31,644 - new_apply_order.py[line:641]: 查询loan_order_id成功！
INFO - 2022-01-05 14:33:31,678 - new_apply_order.py[line:734]: 修改放款准备完成时间成功！
INFO - 2022-01-05 14:33:31,691 - new_apply_order.py[line:742]: xxl_job 放款完成作业执行成功！
INFO - 2022-01-05 14:33:32,001 - new_apply_order.py[line:956]: 校验重试查询第1次
ERROR - 2022-01-05 14:33:33,025 - new_apply_order.py[line:810]: 放款完成或准备失败,目前的订单状态是35
INFO - 2022-01-05 14:33:33,025 - new_apply_order.py[line:811]: {'app': 'aceloan', 'loan_order_id': '1478615608772345856', 'mobile': '01634872804', 'order_status': 35}
INFO - 2022-01-05 14:33:33,537 - new_apply_order.py[line:956]: 校验重试查询第2次
INFO - 2022-01-05 14:33:34,564 - new_apply_order.py[line:808]: 放款完成或准备成功,目前的订单状态是40
INFO - 2022-01-05 14:33:34,565 - new_apply_order.py[line:811]: {'app': 'aceloan', 'loan_order_id': '1478615608772345856', 'mobile': '01634872804', 'order_status': 40}
INFO - 2022-01-05 14:33:34,566 - new_apply_order.py[line:973]: ===========完成第【1】次进件===========
INFO - 2022-01-05 14:33:34,566 - new_apply_order.py[line:976]: ======完成第【1】次进件,耗时10.43s=====
INFO - 2022-01-05 14:33:35,146 - new_apply_order.py[line:678]: 获取token成功！token=bearer ad65f441-35a1-4264-86d9-012a4ccbb2df！
INFO - 2022-01-05 14:33:35,730 - new_apply_order.py[line:678]: 获取token成功！token=bearer ad65f441-35a1-4264-86d9-012a4ccbb2df！
INFO - 2022-01-05 14:33:36,254 - new_apply_order.py[line:641]: 查询loan_order_id成功！
INFO - 2022-01-05 14:33:37,060 - new_apply_order.py[line:641]: 查询loan_order_id成功！
ERROR - 2022-01-05 14:33:37,061 - new_apply_order.py[line:900]: 订单号：1478615608772345856
INFO - 2022-01-05 14:33:37,663 - new_apply_order.py[line:678]: 获取token成功！token=bearer ad65f441-35a1-4264-86d9-012a4ccbb2df！
INFO - 2022-01-05 14:33:38,146 - new_apply_order.py[line:641]: 查询loan_order_id成功！
INFO - 2022-01-05 14:33:39,016 - new_apply_order.py[line:641]: 查询loan_order_id成功！
ERROR - 2022-01-05 14:33:39,017 - new_apply_order.py[line:900]: 订单号：1478615608772345856
INFO - 2022-01-05 14:33:39,514 - new_apply_order.py[line:641]: 查询loan_order_id成功！
INFO - 2022-01-05 14:33:39,514 - new_apply_order.py[line:917]: {"repayTime": "2022-01-05 14:02:34", "applyReductionAmount": 0, "amount": "1132.00", "thirdOrderId": "1478615608772345856", "fileUrl": "", "loanBillPlanId": "1478615635249729536"}
INFO - 2022-01-05 14:33:39,903 - new_apply_order.py[line:920]: 后台已触发还款成功！
ERROR - 2022-01-05 14:33:40,606 - new_apply_order.py[line:629]: {"code":"10099001","msg":"The Server is busy, Please try again later","data":null}
INFO - 2022-01-05 14:33:41,058 - new_apply_order.py[line:641]: 查询loan_order_id成功！
INFO - 2022-01-05 14:33:41,083 - new_apply_order.py[line:656]: 订单回调复审通过成功！
INFO - 2022-01-05 14:33:41,902 - new_apply_order.py[line:678]: 获取token成功！token=bearer ad65f441-35a1-4264-86d9-012a4ccbb2df！
INFO - 2022-01-05 14:33:42,384 - new_apply_order.py[line:641]: 查询loan_order_id成功！
INFO - 2022-01-05 14:33:42,749 - new_apply_order.py[line:696]: 后台已触发放款成功！
INFO - 2022-01-05 14:33:42,762 - new_apply_order.py[line:710]: xxl_job web 登录成功！
INFO - 2022-01-05 14:33:42,773 - new_apply_order.py[line:726]: xxl_job 放款准备作业执行成功！
INFO - 2022-01-05 14:33:44,249 - new_apply_order.py[line:641]: 查询loan_order_id成功！
INFO - 2022-01-05 14:33:44,283 - new_apply_order.py[line:734]: 修改放款准备完成时间成功！
INFO - 2022-01-05 14:33:44,295 - new_apply_order.py[line:742]: xxl_job 放款完成作业执行成功！
INFO - 2022-01-05 14:33:44,606 - new_apply_order.py[line:989]: 校验重试查询第1次
ERROR - 2022-01-05 14:33:45,642 - new_apply_order.py[line:810]: 放款完成或准备失败,目前的订单状态是32
INFO - 2022-01-05 14:33:45,643 - new_apply_order.py[line:811]: {'app': 'aceloan', 'loan_order_id': '1478615608772345856', 'mobile': '01634872804', 'order_status': 32}
INFO - 2022-01-05 14:33:45,666 - new_apply_order.py[line:710]: xxl_job web 登录成功！
INFO - 2022-01-05 14:33:45,681 - new_apply_order.py[line:726]: xxl_job 放款准备作业执行成功！
INFO - 2022-01-05 14:33:47,160 - new_apply_order.py[line:641]: 查询loan_order_id成功！
INFO - 2022-01-05 14:33:47,196 - new_apply_order.py[line:734]: 修改放款准备完成时间成功！
INFO - 2022-01-05 14:33:47,208 - new_apply_order.py[line:742]: xxl_job 放款完成作业执行成功！
INFO - 2022-01-05 14:33:47,711 - new_apply_order.py[line:989]: 校验重试查询第2次
ERROR - 2022-01-05 14:33:48,738 - new_apply_order.py[line:810]: 放款完成或准备失败,目前的订单状态是32
INFO - 2022-01-05 14:33:48,738 - new_apply_order.py[line:811]: {'app': 'aceloan', 'loan_order_id': '1478615608772345856', 'mobile': '01634872804', 'order_status': 32}
INFO - 2022-01-05 14:33:48,758 - new_apply_order.py[line:710]: xxl_job web 登录成功！
INFO - 2022-01-05 14:33:48,774 - new_apply_order.py[line:726]: xxl_job 放款准备作业执行成功！
INFO - 2022-01-05 14:33:50,222 - new_apply_order.py[line:641]: 查询loan_order_id成功！
INFO - 2022-01-05 14:33:50,255 - new_apply_order.py[line:734]: 修改放款准备完成时间成功！
INFO - 2022-01-05 14:33:50,267 - new_apply_order.py[line:742]: xxl_job 放款完成作业执行成功！
INFO - 2022-01-05 14:33:50,773 - new_apply_order.py[line:989]: 校验重试查询第3次
ERROR - 2022-01-05 14:33:51,803 - new_apply_order.py[line:810]: 放款完成或准备失败,目前的订单状态是32
INFO - 2022-01-05 14:33:51,803 - new_apply_order.py[line:811]: {'app': 'aceloan', 'loan_order_id': '1478615608772345856', 'mobile': '01634872804', 'order_status': 32}
INFO - 2022-01-05 14:33:51,824 - new_apply_order.py[line:710]: xxl_job web 登录成功！
INFO - 2022-01-05 14:33:51,841 - new_apply_order.py[line:726]: xxl_job 放款准备作业执行成功！
INFO - 2022-01-05 14:33:53,338 - new_apply_order.py[line:641]: 查询loan_order_id成功！
INFO - 2022-01-05 14:33:53,371 - new_apply_order.py[line:734]: 修改放款准备完成时间成功！
INFO - 2022-01-05 14:33:53,384 - new_apply_order.py[line:742]: xxl_job 放款完成作业执行成功！
INFO - 2022-01-05 14:33:53,890 - new_apply_order.py[line:989]: 校验重试查询第4次
ERROR - 2022-01-05 14:33:54,919 - new_apply_order.py[line:810]: 放款完成或准备失败,目前的订单状态是32
INFO - 2022-01-05 14:33:54,919 - new_apply_order.py[line:811]: {'app': 'aceloan', 'loan_order_id': '1478615608772345856', 'mobile': '01634872804', 'order_status': 32}
INFO - 2022-01-05 14:33:54,940 - new_apply_order.py[line:710]: xxl_job web 登录成功！
INFO - 2022-01-05 14:33:54,958 - new_apply_order.py[line:726]: xxl_job 放款准备作业执行成功！
INFO - 2022-01-05 14:33:56,414 - new_apply_order.py[line:641]: 查询loan_order_id成功！
INFO - 2022-01-05 14:33:56,444 - new_apply_order.py[line:734]: 修改放款准备完成时间成功！
INFO - 2022-01-05 14:33:56,458 - new_apply_order.py[line:742]: xxl_job 放款完成作业执行成功！
INFO - 2022-01-05 14:33:56,961 - new_apply_order.py[line:989]: 校验重试查询第5次
ERROR - 2022-01-05 14:33:57,983 - new_apply_order.py[line:810]: 放款完成或准备失败,目前的订单状态是32
INFO - 2022-01-05 14:33:57,984 - new_apply_order.py[line:811]: {'app': 'aceloan', 'loan_order_id': '1478615608772345856', 'mobile': '01634872804', 'order_status': 32}
INFO - 2022-01-05 14:33:57,996 - new_apply_order.py[line:710]: xxl_job web 登录成功！
INFO - 2022-01-05 14:33:58,017 - new_apply_order.py[line:726]: xxl_job 放款准备作业执行成功！
INFO - 2022-01-05 14:33:59,471 - new_apply_order.py[line:641]: 查询loan_order_id成功！
INFO - 2022-01-05 14:33:59,503 - new_apply_order.py[line:734]: 修改放款准备完成时间成功！
INFO - 2022-01-05 14:33:59,515 - new_apply_order.py[line:742]: xxl_job 放款完成作业执行成功！
INFO - 2022-01-05 14:34:00,018 - new_apply_order.py[line:989]: 校验重试查询第6次
ERROR - 2022-01-05 14:34:01,052 - new_apply_order.py[line:810]: 放款完成或准备失败,目前的订单状态是32
INFO - 2022-01-05 14:34:01,052 - new_apply_order.py[line:811]: {'app': 'aceloan', 'loan_order_id': '1478615608772345856', 'mobile': '01634872804', 'order_status': 32}
INFO - 2022-01-05 14:34:01,073 - new_apply_order.py[line:710]: xxl_job web 登录成功！
INFO - 2022-01-05 14:34:01,091 - new_apply_order.py[line:726]: xxl_job 放款准备作业执行成功！
INFO - 2022-01-05 14:34:02,534 - new_apply_order.py[line:641]: 查询loan_order_id成功！
INFO - 2022-01-05 14:34:02,565 - new_apply_order.py[line:734]: 修改放款准备完成时间成功！
INFO - 2022-01-05 14:34:02,577 - new_apply_order.py[line:742]: xxl_job 放款完成作业执行成功！
INFO - 2022-01-05 14:34:03,080 - new_apply_order.py[line:989]: 校验重试查询第7次
ERROR - 2022-01-05 14:34:04,111 - new_apply_order.py[line:810]: 放款完成或准备失败,目前的订单状态是32
INFO - 2022-01-05 14:34:04,111 - new_apply_order.py[line:811]: {'app': 'aceloan', 'loan_order_id': '1478615608772345856', 'mobile': '01634872804', 'order_status': 32}
INFO - 2022-01-05 14:34:04,132 - new_apply_order.py[line:710]: xxl_job web 登录成功！
INFO - 2022-01-05 14:34:04,150 - new_apply_order.py[line:726]: xxl_job 放款准备作业执行成功！
INFO - 2022-01-05 14:34:05,630 - new_apply_order.py[line:641]: 查询loan_order_id成功！
INFO - 2022-01-05 14:34:05,659 - new_apply_order.py[line:734]: 修改放款准备完成时间成功！
INFO - 2022-01-05 14:34:05,674 - new_apply_order.py[line:742]: xxl_job 放款完成作业执行成功！
INFO - 2022-01-05 14:34:06,178 - new_apply_order.py[line:989]: 校验重试查询第8次
ERROR - 2022-01-05 14:34:07,212 - new_apply_order.py[line:810]: 放款完成或准备失败,目前的订单状态是32
INFO - 2022-01-05 14:34:07,212 - new_apply_order.py[line:811]: {'app': 'aceloan', 'loan_order_id': '1478615608772345856', 'mobile': '01634872804', 'order_status': 32}
INFO - 2022-01-05 14:34:07,234 - new_apply_order.py[line:710]: xxl_job web 登录成功！
INFO - 2022-01-05 14:34:07,251 - new_apply_order.py[line:726]: xxl_job 放款准备作业执行成功！
INFO - 2022-01-05 14:34:08,698 - new_apply_order.py[line:641]: 查询loan_order_id成功！
INFO - 2022-01-05 14:34:08,731 - new_apply_order.py[line:734]: 修改放款准备完成时间成功！
INFO - 2022-01-05 14:34:08,743 - new_apply_order.py[line:742]: xxl_job 放款完成作业执行成功！
INFO - 2022-01-05 14:34:09,248 - new_apply_order.py[line:989]: 校验重试查询第9次
