INFO - 2021-10-20 14:06:38,814 - new_apply_order.py[line:882]: 开始第 ikash【1】次进件……
INFO - 2021-10-20 14:06:38,815 - new_apply_order.py[line:84]: ======【ke测试环境】生成手机号：734709998 ======
INFO - 2021-10-20 14:06:39,200 - new_apply_order.py[line:97]: 734709998 检测用户存在成功！
INFO - 2021-10-20 14:06:39,264 - new_apply_order.py[line:106]: 734709998 短信发送成功！
INFO - 2021-10-20 14:06:39,323 - new_apply_order.py[line:119]: 734709998 注册成功！
INFO - 2021-10-20 14:06:39,387 - new_apply_order.py[line:135]: 734709998 登录短信发送成功！
INFO - 2021-10-20 14:06:39,445 - new_apply_order.py[line:145]: userId=6222094443138260992,mobile=734709998,token=37a3edde0fde474662b82a6a4fba2cff 登录成功
INFO - 2021-10-20 14:06:39,550 - new_apply_order.py[line:212]: 个人信息提交成功！
INFO - 2021-10-20 14:06:39,617 - new_apply_order.py[line:232]: 联系人信息提交成功！
INFO - 2021-10-20 14:06:39,870 - new_apply_order.py[line:255]: 创建预审订单成功！
INFO - 2021-10-20 14:06:39,891 - new_apply_order.py[line:263]: 预审状态修改为通过,更新条数 1
INFO - 2021-10-20 14:06:39,901 - new_apply_order.py[line:266]: 更新初始额度！更新条数 1
INFO - 2021-10-20 14:06:40,201 - new_apply_order.py[line:342]: 活体图片上传成功！回写配置文件global_param.mp4_url
INFO - 2021-10-20 14:06:40,240 - new_apply_order.py[line:352]: 视频认证通过！
INFO - 2021-10-20 14:06:40,552 - new_apply_order.py[line:577]: 绑卡成功！
INFO - 2021-10-20 14:06:40,832 - new_apply_order.py[line:612]: 进件成功！执行sql将订单改为风控中……
INFO - 2021-10-20 14:06:41,873 - new_apply_order.py[line:618]: 订单表更新1条，信审更新1条
INFO - 2021-10-20 14:06:42,245 - new_apply_order.py[line:632]: 查询loan_order_id成功！
INFO - 2021-10-20 14:06:42,303 - new_apply_order.py[line:647]: 订单回调复审通过成功！
INFO - 2021-10-20 14:06:43,125 - new_apply_order.py[line:669]: 获取token成功！token=bearer cc0555d0-e7c9-4ad7-a606-927659e0628b！
INFO - 2021-10-20 14:06:43,494 - new_apply_order.py[line:632]: 查询loan_order_id成功！
INFO - 2021-10-20 14:06:44,250 - new_apply_order.py[line:687]: 后台已触发放款成功！
INFO - 2021-10-20 14:06:44,261 - new_apply_order.py[line:701]: xxl_job web 登录成功！
INFO - 2021-10-20 14:06:44,271 - new_apply_order.py[line:717]: xxl_job 放款准备作业执行成功！
INFO - 2021-10-20 14:06:45,639 - new_apply_order.py[line:632]: 查询loan_order_id成功！
INFO - 2021-10-20 14:06:45,654 - new_apply_order.py[line:725]: 修改放款准备完成时间成功！
INFO - 2021-10-20 14:06:45,662 - new_apply_order.py[line:733]: xxl_job 放款完成作业执行成功！
INFO - 2021-10-20 14:06:46,071 - new_apply_order.py[line:632]: 查询loan_order_id成功！
INFO - 2021-10-20 14:06:46,382 - new_apply_order.py[line:905]: 校验重试查询第1次
ERROR - 2021-10-20 14:06:47,399 - new_apply_order.py[line:801]: 放款完成或准备失败,目前的订单状态是35
INFO - 2021-10-20 14:06:47,399 - new_apply_order.py[line:802]: {'app': 'ikash', 'loan_order_id': '1450705001056964608', 'mobile': '734709998', 'order_status': 35}
INFO - 2021-10-20 14:06:48,270 - new_apply_order.py[line:632]: 查询loan_order_id成功！
INFO - 2021-10-20 14:06:48,527 - new_apply_order.py[line:770]: 放款回调成功！
INFO - 2021-10-20 14:06:48,528 - new_apply_order.py[line:905]: 校验重试查询第2次
INFO - 2021-10-20 14:06:49,542 - new_apply_order.py[line:799]: 放款完成或准备成功,目前的订单状态是40
INFO - 2021-10-20 14:06:49,542 - new_apply_order.py[line:802]: {'app': 'ikash', 'loan_order_id': '1450705001056964608', 'mobile': '734709998', 'order_status': 40}
INFO - 2021-10-20 14:06:49,546 - new_apply_order.py[line:922]: ===========完成第【1】次进件===========
INFO - 2021-10-20 14:06:49,547 - new_apply_order.py[line:925]: ======完成第【1】次进件,耗时10.73s=====
