INFO - 2021-09-15 14:01:15,648 - new_apply_order.py[line:683]: 开始第 pcamion【1】次进件……
INFO - 2021-09-15 14:01:15,648 - new_apply_order.py[line:82]: ======【co测试环境】生成手机号：3631685675 ======
INFO - 2021-09-15 14:01:16,056 - new_apply_order.py[line:95]: 3631685675 检测用户存在成功！
INFO - 2021-09-15 14:01:16,160 - new_apply_order.py[line:104]: 3631685675 短信发送成功！
INFO - 2021-09-15 14:01:16,236 - new_apply_order.py[line:117]: 3631685675 注册成功！
INFO - 2021-09-15 14:01:16,348 - new_apply_order.py[line:133]: 3631685675 登录短信发送成功！
INFO - 2021-09-15 14:01:16,431 - new_apply_order.py[line:143]: userId=4951118312834998272,mobile=3631685675,token=bee86593bd0ac5c36799e630c8378fd3 登录成功
INFO - 2021-09-15 14:01:16,582 - new_apply_order.py[line:205]: 个人信息提交成功！
INFO - 2021-09-15 14:01:17,236 - new_apply_order.py[line:238]: 创建预审订单成功！
INFO - 2021-09-15 14:01:17,256 - new_apply_order.py[line:246]: 预审状态修改为通过,更新条数 1
INFO - 2021-09-15 14:01:17,275 - new_apply_order.py[line:249]: 更新初始额度！更新条数 1
INFO - 2021-09-15 14:01:17,614 - new_apply_order.py[line:266]: 活体图片上传成功！回写配置文件global_param.mp4_url
INFO - 2021-09-15 14:01:17,690 - new_apply_order.py[line:276]: 视频认证通过！
INFO - 2021-09-15 14:01:18,936 - new_apply_order.py[line:331]: curp上传成功!
INFO - 2021-09-15 14:01:19,050 - new_apply_order.py[line:340]: curp_rfc校验通过！
INFO - 2021-09-15 14:01:19,722 - new_apply_order.py[line:413]: 不绑卡成功跳过！
INFO - 2021-09-15 14:01:20,137 - new_apply_order.py[line:426]: 进件成功！执行sql将订单改为风控中……
INFO - 2021-09-15 14:01:21,176 - new_apply_order.py[line:432]: 订单表更新1条，信审更新1条
INFO - 2021-09-15 14:01:21,836 - new_apply_order.py[line:446]: 查询loan_order_id成功！
INFO - 2021-09-15 14:01:21,898 - new_apply_order.py[line:461]: 订单回调复审通过成功！
INFO - 2021-09-15 14:01:22,748 - new_apply_order.py[line:483]: 获取token成功！token=bearer 8a896575-c293-423c-873f-d7d6312422e8！
INFO - 2021-09-15 14:01:23,364 - new_apply_order.py[line:446]: 查询loan_order_id成功！
ERROR - 2021-09-15 14:01:24,628 - new_apply_order.py[line:503]: 后台已触发放款失败{"code":"10099001","msg":"Service Currently Unavailable","notSuccess":true,"success":false}!
INFO - 2021-09-15 14:01:25,337 - new_apply_order.py[line:446]: 查询loan_order_id成功！
INFO - 2021-09-15 14:01:25,346 - new_apply_order.py[line:534]: 修改放款准备完成时间成功！
INFO - 2021-09-15 14:01:25,970 - new_apply_order.py[line:446]: 查询loan_order_id成功！
INFO - 2021-09-15 14:01:26,283 - new_apply_order.py[line:706]: 校验重试查询第1次
ERROR - 2021-09-15 14:01:27,300 - new_apply_order.py[line:602]: 放款完成或准备失败,目前的订单状态是20
INFO - 2021-09-15 14:01:27,300 - new_apply_order.py[line:603]: {'app': 'pcamion', 'loan_order_id': '1438020071160418304', 'mobile': '3631685675', 'order_status': 20}
INFO - 2021-09-15 14:01:27,300 - new_apply_order.py[line:706]: 校验重试查询第2次
ERROR - 2021-09-15 14:01:28,311 - new_apply_order.py[line:602]: 放款完成或准备失败,目前的订单状态是20
INFO - 2021-09-15 14:01:28,311 - new_apply_order.py[line:603]: {'app': 'pcamion', 'loan_order_id': '1438020071160418304', 'mobile': '3631685675', 'order_status': 20}
INFO - 2021-09-15 14:01:28,311 - new_apply_order.py[line:706]: 校验重试查询第3次
ERROR - 2021-09-15 14:01:29,325 - new_apply_order.py[line:602]: 放款完成或准备失败,目前的订单状态是20
INFO - 2021-09-15 14:01:29,325 - new_apply_order.py[line:603]: {'app': 'pcamion', 'loan_order_id': '1438020071160418304', 'mobile': '3631685675', 'order_status': 20}
INFO - 2021-09-15 14:01:29,326 - new_apply_order.py[line:706]: 校验重试查询第4次
ERROR - 2021-09-15 14:01:30,339 - new_apply_order.py[line:602]: 放款完成或准备失败,目前的订单状态是20
INFO - 2021-09-15 14:01:30,339 - new_apply_order.py[line:603]: {'app': 'pcamion', 'loan_order_id': '1438020071160418304', 'mobile': '3631685675', 'order_status': 20}
INFO - 2021-09-15 14:01:30,340 - new_apply_order.py[line:706]: 校验重试查询第5次
ERROR - 2021-09-15 14:01:31,351 - new_apply_order.py[line:602]: 放款完成或准备失败,目前的订单状态是20
INFO - 2021-09-15 14:01:31,351 - new_apply_order.py[line:603]: {'app': 'pcamion', 'loan_order_id': '1438020071160418304', 'mobile': '3631685675', 'order_status': 20}
INFO - 2021-09-15 14:01:31,351 - new_apply_order.py[line:706]: 校验重试查询第6次
ERROR - 2021-09-15 14:01:32,358 - new_apply_order.py[line:602]: 放款完成或准备失败,目前的订单状态是20
INFO - 2021-09-15 14:01:32,359 - new_apply_order.py[line:603]: {'app': 'pcamion', 'loan_order_id': '1438020071160418304', 'mobile': '3631685675', 'order_status': 20}
INFO - 2021-09-15 14:01:32,359 - new_apply_order.py[line:706]: 校验重试查询第7次
ERROR - 2021-09-15 14:01:33,371 - new_apply_order.py[line:602]: 放款完成或准备失败,目前的订单状态是20
INFO - 2021-09-15 14:01:33,372 - new_apply_order.py[line:603]: {'app': 'pcamion', 'loan_order_id': '1438020071160418304', 'mobile': '3631685675', 'order_status': 20}
INFO - 2021-09-15 14:01:33,372 - new_apply_order.py[line:706]: 校验重试查询第8次
ERROR - 2021-09-15 14:01:34,379 - new_apply_order.py[line:602]: 放款完成或准备失败,目前的订单状态是20
INFO - 2021-09-15 14:01:34,379 - new_apply_order.py[line:603]: {'app': 'pcamion', 'loan_order_id': '1438020071160418304', 'mobile': '3631685675', 'order_status': 20}
INFO - 2021-09-15 14:01:34,380 - new_apply_order.py[line:706]: 校验重试查询第9次
ERROR - 2021-09-15 14:01:35,395 - new_apply_order.py[line:602]: 放款完成或准备失败,目前的订单状态是20
INFO - 2021-09-15 14:01:35,396 - new_apply_order.py[line:603]: {'app': 'pcamion', 'loan_order_id': '1438020071160418304', 'mobile': '3631685675', 'order_status': 20}
INFO - 2021-09-15 14:01:35,397 - new_apply_order.py[line:706]: 校验重试查询第10次
ERROR - 2021-09-15 14:01:36,405 - new_apply_order.py[line:602]: 放款完成或准备失败,目前的订单状态是20
INFO - 2021-09-15 14:01:36,405 - new_apply_order.py[line:603]: {'app': 'pcamion', 'loan_order_id': '1438020071160418304', 'mobile': '3631685675', 'order_status': 20}
INFO - 2021-09-15 14:01:36,406 - new_apply_order.py[line:723]: ===========完成第【1】次进件===========
INFO - 2021-09-15 14:01:36,406 - new_apply_order.py[line:726]: ======完成第【1】次进件,耗时20.76s=====
