INFO - 2021-08-31 08:51:59,955 - new_apply_order.py[line:450]: 开始第 borrowme【1】次进件……
INFO - 2021-08-31 08:51:59,955 - new_apply_order.py[line:79]: ======【nga测试环境】生成手机号：01630371119 ======
INFO - 2021-08-31 08:52:00,333 - new_apply_order.py[line:86]: 01630371119 检测用户存在成功！
INFO - 2021-08-31 08:52:00,385 - new_apply_order.py[line:93]: 01630371119 短信发送成功！
INFO - 2021-08-31 08:52:00,426 - new_apply_order.py[line:103]: 01630371119 注册成功！
INFO - 2021-08-31 08:52:00,467 - new_apply_order.py[line:115]: userId=6203895865997533184,mobile=01630371119,token=2060bc889ab93bc47b22145d2a159f90 登录成功
INFO - 2021-08-31 08:52:00,528 - new_apply_order.py[line:166]: 个人信息提交成功！
INFO - 2021-08-31 08:52:00,570 - new_apply_order.py[line:175]: 联系人信息提交成功！
INFO - 2021-08-31 08:52:01,063 - new_apply_order.py[line:192]: 创建预审订单成功！
INFO - 2021-08-31 08:52:01,081 - new_apply_order.py[line:200]: 预审状态修改为通过,更新条数 1
INFO - 2021-08-31 08:52:01,093 - new_apply_order.py[line:203]: 更新初始额度！更新条数 1
INFO - 2021-08-31 08:52:01,359 - new_apply_order.py[line:215]: 活体图片上传成功！回写配置文件global_param.mp4_url
INFO - 2021-08-31 08:52:01,395 - new_apply_order.py[line:224]: 视频认证通过！
INFO - 2021-08-31 08:52:02,346 - new_apply_order.py[line:270]: bvn和银行卡绑卡认证通过！
INFO - 2021-08-31 08:52:02,645 - new_apply_order.py[line:291]: user更新1条
INFO - 2021-08-31 08:52:02,861 - new_apply_order.py[line:311]: 进件成功！执行sql将订单改为风控中……
INFO - 2021-08-31 08:52:03,905 - new_apply_order.py[line:317]: 订单表更新1条，信审更新1条
INFO - 2021-08-31 08:52:04,253 - new_apply_order.py[line:326]: 查询loan_order_id成功！
INFO - 2021-08-31 08:52:04,297 - new_apply_order.py[line:336]: 订单回调复审通过成功！
INFO - 2021-08-31 08:52:05,113 - new_apply_order.py[line:353]: 获取token成功！token=bearer bf51653c-283e-47c5-b902-66a96a35688d！
INFO - 2021-08-31 08:52:05,452 - new_apply_order.py[line:326]: 查询loan_order_id成功！
INFO - 2021-08-31 08:52:05,990 - new_apply_order.py[line:365]: 后台已触发放款成功！
INFO - 2021-08-31 08:52:06,002 - new_apply_order.py[line:373]: xxl_job web 登录成功！
ERROR - 2021-08-31 08:52:06,003 - new_apply_order.py[line:496]: No connection adapters were found for '172.20.240.225:8066/xxl-job-admin/jobinfo/trigger'
ERROR - 2021-08-31 08:52:06,009 - new_apply_order.py[line:497]: None
