INFO - 2021-09-30 13:55:09,878 - new_apply_order.py[line:792]: 开始第 monni【1】次进件……
INFO - 2021-09-30 13:55:09,878 - new_apply_order.py[line:82]: ======【co测试环境】生成手机号：3632981309 ======
INFO - 2021-09-30 13:55:10,271 - new_apply_order.py[line:95]: 3632981309 检测用户存在成功！
INFO - 2021-09-30 13:55:10,364 - new_apply_order.py[line:104]: 3632981309 短信发送成功！
INFO - 2021-09-30 13:55:10,417 - new_apply_order.py[line:117]: 3632981309 注册成功！
INFO - 2021-09-30 13:55:10,504 - new_apply_order.py[line:133]: 3632981309 登录短信发送成功！
INFO - 2021-09-30 13:55:10,564 - new_apply_order.py[line:143]: userId=4956552595955392512,mobile=3632981309,token=37647f26aaabfa1403b91c014a425b94 登录成功
INFO - 2021-09-30 13:55:10,675 - new_apply_order.py[line:205]: 个人信息提交成功！
INFO - 2021-09-30 13:55:11,055 - new_apply_order.py[line:238]: 创建预审订单成功！
INFO - 2021-09-30 13:55:11,078 - new_apply_order.py[line:246]: 预审状态修改为通过,更新条数 1
INFO - 2021-09-30 13:55:11,096 - new_apply_order.py[line:249]: 更新初始额度！更新条数 1
INFO - 2021-09-30 13:55:11,353 - new_apply_order.py[line:266]: 活体图片上传成功！回写配置文件global_param.mp4_url
INFO - 2021-09-30 13:55:11,395 - new_apply_order.py[line:276]: 视频认证通过！
INFO - 2021-09-30 13:55:12,467 - new_apply_order.py[line:364]: curp上传成功!
INFO - 2021-09-30 13:55:12,559 - new_apply_order.py[line:373]: curp_rfc校验通过！
INFO - 2021-09-30 13:55:13,142 - new_apply_order.py[line:509]: 不绑卡成功跳过！
INFO - 2021-09-30 13:55:13,410 - new_apply_order.py[line:522]: 进件成功！执行sql将订单改为风控中……
INFO - 2021-09-30 13:55:14,454 - new_apply_order.py[line:528]: 订单表更新1条，信审更新1条
INFO - 2021-09-30 13:55:15,040 - new_apply_order.py[line:542]: 查询loan_order_id成功！
INFO - 2021-09-30 13:55:15,089 - new_apply_order.py[line:557]: 订单回调复审通过成功！
INFO - 2021-09-30 13:55:16,081 - new_apply_order.py[line:579]: 获取token成功！token=bearer b6575fba-b0a6-4280-8b50-de71631f9b47！
INFO - 2021-09-30 13:55:16,664 - new_apply_order.py[line:542]: 查询loan_order_id成功！
INFO - 2021-09-30 13:55:16,995 - new_apply_order.py[line:597]: 后台已触发放款成功！
INFO - 2021-09-30 13:55:17,009 - new_apply_order.py[line:611]: xxl_job web 登录成功！
INFO - 2021-09-30 13:55:17,021 - new_apply_order.py[line:627]: xxl_job 放款准备作业执行成功！
INFO - 2021-09-30 13:55:18,558 - new_apply_order.py[line:542]: 查询loan_order_id成功！
INFO - 2021-09-30 13:55:18,578 - new_apply_order.py[line:635]: 修改放款准备完成时间成功！
INFO - 2021-09-30 13:55:18,585 - new_apply_order.py[line:643]: xxl_job 放款完成作业执行成功！
INFO - 2021-09-30 13:55:18,889 - new_apply_order.py[line:815]: 校验重试查询第1次
ERROR - 2021-09-30 13:55:19,905 - new_apply_order.py[line:711]: 放款完成或准备失败,目前的订单状态是35
INFO - 2021-09-30 13:55:19,905 - new_apply_order.py[line:712]: {'app': 'monni', 'loan_order_id': '1443454353835429888', 'mobile': '3632981309', 'order_status': 35}
INFO - 2021-09-30 13:55:20,410 - new_apply_order.py[line:815]: 校验重试查询第2次
ERROR - 2021-09-30 13:55:21,426 - new_apply_order.py[line:711]: 放款完成或准备失败,目前的订单状态是35
INFO - 2021-09-30 13:55:21,427 - new_apply_order.py[line:712]: {'app': 'monni', 'loan_order_id': '1443454353835429888', 'mobile': '3632981309', 'order_status': 35}
INFO - 2021-09-30 13:55:21,933 - new_apply_order.py[line:815]: 校验重试查询第3次
ERROR - 2021-09-30 13:55:22,949 - new_apply_order.py[line:711]: 放款完成或准备失败,目前的订单状态是35
INFO - 2021-09-30 13:55:22,950 - new_apply_order.py[line:712]: {'app': 'monni', 'loan_order_id': '1443454353835429888', 'mobile': '3632981309', 'order_status': 35}
INFO - 2021-09-30 13:55:23,455 - new_apply_order.py[line:815]: 校验重试查询第4次
ERROR - 2021-09-30 13:55:24,468 - new_apply_order.py[line:711]: 放款完成或准备失败,目前的订单状态是35
INFO - 2021-09-30 13:55:24,468 - new_apply_order.py[line:712]: {'app': 'monni', 'loan_order_id': '1443454353835429888', 'mobile': '3632981309', 'order_status': 35}
INFO - 2021-09-30 13:55:24,976 - new_apply_order.py[line:815]: 校验重试查询第5次
ERROR - 2021-09-30 13:55:25,988 - new_apply_order.py[line:711]: 放款完成或准备失败,目前的订单状态是35
INFO - 2021-09-30 13:55:25,988 - new_apply_order.py[line:712]: {'app': 'monni', 'loan_order_id': '1443454353835429888', 'mobile': '3632981309', 'order_status': 35}
INFO - 2021-09-30 13:55:26,496 - new_apply_order.py[line:815]: 校验重试查询第6次
ERROR - 2021-09-30 13:55:27,516 - new_apply_order.py[line:711]: 放款完成或准备失败,目前的订单状态是35
INFO - 2021-09-30 13:55:27,516 - new_apply_order.py[line:712]: {'app': 'monni', 'loan_order_id': '1443454353835429888', 'mobile': '3632981309', 'order_status': 35}
INFO - 2021-09-30 13:55:28,018 - new_apply_order.py[line:815]: 校验重试查询第7次
ERROR - 2021-09-30 13:55:29,029 - new_apply_order.py[line:711]: 放款完成或准备失败,目前的订单状态是35
INFO - 2021-09-30 13:55:29,030 - new_apply_order.py[line:712]: {'app': 'monni', 'loan_order_id': '1443454353835429888', 'mobile': '3632981309', 'order_status': 35}
INFO - 2021-09-30 13:55:29,535 - new_apply_order.py[line:815]: 校验重试查询第8次
ERROR - 2021-09-30 13:55:30,551 - new_apply_order.py[line:711]: 放款完成或准备失败,目前的订单状态是35
INFO - 2021-09-30 13:55:30,551 - new_apply_order.py[line:712]: {'app': 'monni', 'loan_order_id': '1443454353835429888', 'mobile': '3632981309', 'order_status': 35}
INFO - 2021-09-30 13:55:31,060 - new_apply_order.py[line:815]: 校验重试查询第9次
ERROR - 2021-09-30 13:55:32,081 - new_apply_order.py[line:711]: 放款完成或准备失败,目前的订单状态是35
INFO - 2021-09-30 13:55:32,081 - new_apply_order.py[line:712]: {'app': 'monni', 'loan_order_id': '1443454353835429888', 'mobile': '3632981309', 'order_status': 35}
INFO - 2021-09-30 13:55:32,586 - new_apply_order.py[line:815]: 校验重试查询第10次
ERROR - 2021-09-30 13:55:33,600 - new_apply_order.py[line:711]: 放款完成或准备失败,目前的订单状态是35
INFO - 2021-09-30 13:55:33,600 - new_apply_order.py[line:712]: {'app': 'monni', 'loan_order_id': '1443454353835429888', 'mobile': '3632981309', 'order_status': 35}
INFO - 2021-09-30 13:55:34,109 - new_apply_order.py[line:832]: ===========完成第【1】次进件===========
INFO - 2021-09-30 13:55:34,109 - new_apply_order.py[line:792]: 开始第 monni【2】次进件……
INFO - 2021-09-30 13:55:34,110 - new_apply_order.py[line:82]: ======【co测试环境】生成手机号：3632981334 ======
INFO - 2021-09-30 13:55:34,478 - new_apply_order.py[line:95]: 3632981334 检测用户存在成功！
INFO - 2021-09-30 13:55:34,569 - new_apply_order.py[line:104]: 3632981334 短信发送成功！
INFO - 2021-09-30 13:55:34,614 - new_apply_order.py[line:117]: 3632981334 注册成功！
INFO - 2021-09-30 13:55:34,683 - new_apply_order.py[line:133]: 3632981334 登录短信发送成功！
INFO - 2021-09-30 13:55:34,742 - new_apply_order.py[line:143]: userId=4956552697470132224,mobile=3632981334,token=5b159b0e6306be75e8e4bef0da858204 登录成功
INFO - 2021-09-30 13:55:34,843 - new_apply_order.py[line:205]: 个人信息提交成功！
INFO - 2021-09-30 13:55:35,080 - new_apply_order.py[line:238]: 创建预审订单成功！
INFO - 2021-09-30 13:55:35,099 - new_apply_order.py[line:246]: 预审状态修改为通过,更新条数 1
INFO - 2021-09-30 13:55:35,118 - new_apply_order.py[line:249]: 更新初始额度！更新条数 1
INFO - 2021-09-30 13:55:35,421 - new_apply_order.py[line:266]: 活体图片上传成功！回写配置文件global_param.mp4_url
INFO - 2021-09-30 13:55:35,472 - new_apply_order.py[line:276]: 视频认证通过！
INFO - 2021-09-30 13:55:36,536 - new_apply_order.py[line:364]: curp上传成功!
INFO - 2021-09-30 13:55:36,644 - new_apply_order.py[line:373]: curp_rfc校验通过！
INFO - 2021-09-30 13:55:37,140 - new_apply_order.py[line:509]: 不绑卡成功跳过！
INFO - 2021-09-30 13:55:37,457 - new_apply_order.py[line:522]: 进件成功！执行sql将订单改为风控中……
INFO - 2021-09-30 13:55:38,495 - new_apply_order.py[line:528]: 订单表更新1条，信审更新1条
INFO - 2021-09-30 13:55:39,006 - new_apply_order.py[line:542]: 查询loan_order_id成功！
INFO - 2021-09-30 13:55:39,065 - new_apply_order.py[line:557]: 订单回调复审通过成功！
INFO - 2021-09-30 13:55:39,819 - new_apply_order.py[line:579]: 获取token成功！token=bearer b6575fba-b0a6-4280-8b50-de71631f9b47！
INFO - 2021-09-30 13:55:40,409 - new_apply_order.py[line:542]: 查询loan_order_id成功！
INFO - 2021-09-30 13:55:44,182 - new_apply_order.py[line:597]: 后台已触发放款成功！
INFO - 2021-09-30 13:55:44,194 - new_apply_order.py[line:611]: xxl_job web 登录成功！
INFO - 2021-09-30 13:55:44,208 - new_apply_order.py[line:627]: xxl_job 放款准备作业执行成功！
INFO - 2021-09-30 13:55:45,789 - new_apply_order.py[line:542]: 查询loan_order_id成功！
INFO - 2021-09-30 13:55:45,808 - new_apply_order.py[line:635]: 修改放款准备完成时间成功！
INFO - 2021-09-30 13:55:45,816 - new_apply_order.py[line:643]: xxl_job 放款完成作业执行成功！
INFO - 2021-09-30 13:55:46,124 - new_apply_order.py[line:815]: 校验重试查询第1次
ERROR - 2021-09-30 13:55:47,138 - new_apply_order.py[line:711]: 放款完成或准备失败,目前的订单状态是35
INFO - 2021-09-30 13:55:47,138 - new_apply_order.py[line:712]: {'app': 'monni', 'loan_order_id': '1443454455136260096', 'mobile': '3632981334', 'order_status': 35}
INFO - 2021-09-30 13:55:47,642 - new_apply_order.py[line:815]: 校验重试查询第2次
ERROR - 2021-09-30 13:55:48,652 - new_apply_order.py[line:711]: 放款完成或准备失败,目前的订单状态是35
INFO - 2021-09-30 13:55:48,652 - new_apply_order.py[line:712]: {'app': 'monni', 'loan_order_id': '1443454455136260096', 'mobile': '3632981334', 'order_status': 35}
INFO - 2021-09-30 13:55:49,158 - new_apply_order.py[line:815]: 校验重试查询第3次
ERROR - 2021-09-30 13:55:50,173 - new_apply_order.py[line:711]: 放款完成或准备失败,目前的订单状态是35
INFO - 2021-09-30 13:55:50,174 - new_apply_order.py[line:712]: {'app': 'monni', 'loan_order_id': '1443454455136260096', 'mobile': '3632981334', 'order_status': 35}
INFO - 2021-09-30 13:55:50,681 - new_apply_order.py[line:815]: 校验重试查询第4次
ERROR - 2021-09-30 13:55:51,691 - new_apply_order.py[line:711]: 放款完成或准备失败,目前的订单状态是35
INFO - 2021-09-30 13:55:51,691 - new_apply_order.py[line:712]: {'app': 'monni', 'loan_order_id': '1443454455136260096', 'mobile': '3632981334', 'order_status': 35}
INFO - 2021-09-30 13:55:52,195 - new_apply_order.py[line:815]: 校验重试查询第5次
ERROR - 2021-09-30 13:55:53,208 - new_apply_order.py[line:711]: 放款完成或准备失败,目前的订单状态是35
INFO - 2021-09-30 13:55:53,209 - new_apply_order.py[line:712]: {'app': 'monni', 'loan_order_id': '1443454455136260096', 'mobile': '3632981334', 'order_status': 35}
INFO - 2021-09-30 13:55:53,713 - new_apply_order.py[line:815]: 校验重试查询第6次
ERROR - 2021-09-30 13:55:54,728 - new_apply_order.py[line:711]: 放款完成或准备失败,目前的订单状态是35
INFO - 2021-09-30 13:55:54,729 - new_apply_order.py[line:712]: {'app': 'monni', 'loan_order_id': '1443454455136260096', 'mobile': '3632981334', 'order_status': 35}
INFO - 2021-09-30 13:55:55,233 - new_apply_order.py[line:815]: 校验重试查询第7次
ERROR - 2021-09-30 13:55:56,250 - new_apply_order.py[line:711]: 放款完成或准备失败,目前的订单状态是35
INFO - 2021-09-30 13:55:56,251 - new_apply_order.py[line:712]: {'app': 'monni', 'loan_order_id': '1443454455136260096', 'mobile': '3632981334', 'order_status': 35}
INFO - 2021-09-30 13:55:56,757 - new_apply_order.py[line:815]: 校验重试查询第8次
INFO - 2021-09-30 13:55:57,772 - new_apply_order.py[line:709]: 放款完成或准备成功,目前的订单状态是40
INFO - 2021-09-30 13:55:57,772 - new_apply_order.py[line:712]: {'app': 'monni', 'loan_order_id': '1443454455136260096', 'mobile': '3632981334', 'order_status': 40}
INFO - 2021-09-30 13:55:57,775 - new_apply_order.py[line:832]: ===========完成第【2】次进件===========
INFO - 2021-09-30 13:55:57,776 - new_apply_order.py[line:792]: 开始第 monni【3】次进件……
INFO - 2021-09-30 13:55:57,776 - new_apply_order.py[line:82]: ======【co测试环境】生成手机号：3632981357 ======
INFO - 2021-09-30 13:55:58,145 - new_apply_order.py[line:95]: 3632981357 检测用户存在成功！
INFO - 2021-09-30 13:55:58,205 - new_apply_order.py[line:104]: 3632981357 短信发送成功！
INFO - 2021-09-30 13:55:58,254 - new_apply_order.py[line:117]: 3632981357 注册成功！
INFO - 2021-09-30 13:55:58,320 - new_apply_order.py[line:133]: 3632981357 登录短信发送成功！
INFO - 2021-09-30 13:55:58,371 - new_apply_order.py[line:143]: userId=4956552796602507264,mobile=3632981357,token=7774044e937cb6390f8f6ba2d54d131b 登录成功
INFO - 2021-09-30 13:55:58,464 - new_apply_order.py[line:205]: 个人信息提交成功！
INFO - 2021-09-30 13:55:58,807 - new_apply_order.py[line:238]: 创建预审订单成功！
INFO - 2021-09-30 13:55:58,825 - new_apply_order.py[line:246]: 预审状态修改为通过,更新条数 1
INFO - 2021-09-30 13:55:58,847 - new_apply_order.py[line:249]: 更新初始额度！更新条数 1
INFO - 2021-09-30 13:55:59,171 - new_apply_order.py[line:266]: 活体图片上传成功！回写配置文件global_param.mp4_url
INFO - 2021-09-30 13:55:59,226 - new_apply_order.py[line:276]: 视频认证通过！
INFO - 2021-09-30 13:56:00,383 - new_apply_order.py[line:364]: curp上传成功!
INFO - 2021-09-30 13:56:00,488 - new_apply_order.py[line:373]: curp_rfc校验通过！
INFO - 2021-09-30 13:56:01,111 - new_apply_order.py[line:509]: 不绑卡成功跳过！
INFO - 2021-09-30 13:56:01,315 - new_apply_order.py[line:522]: 进件成功！执行sql将订单改为风控中……
INFO - 2021-09-30 13:56:02,360 - new_apply_order.py[line:528]: 订单表更新1条，信审更新1条
INFO - 2021-09-30 13:56:02,919 - new_apply_order.py[line:542]: 查询loan_order_id成功！
INFO - 2021-09-30 13:56:02,963 - new_apply_order.py[line:557]: 订单回调复审通过成功！
INFO - 2021-09-30 13:56:03,750 - new_apply_order.py[line:579]: 获取token成功！token=bearer b6575fba-b0a6-4280-8b50-de71631f9b47！
INFO - 2021-09-30 13:56:04,303 - new_apply_order.py[line:542]: 查询loan_order_id成功！
INFO - 2021-09-30 13:56:04,550 - new_apply_order.py[line:597]: 后台已触发放款成功！
INFO - 2021-09-30 13:56:04,562 - new_apply_order.py[line:611]: xxl_job web 登录成功！
INFO - 2021-09-30 13:56:04,574 - new_apply_order.py[line:627]: xxl_job 放款准备作业执行成功！
INFO - 2021-09-30 13:56:06,059 - new_apply_order.py[line:542]: 查询loan_order_id成功！
INFO - 2021-09-30 13:56:06,078 - new_apply_order.py[line:635]: 修改放款准备完成时间成功！
INFO - 2021-09-30 13:56:06,086 - new_apply_order.py[line:643]: xxl_job 放款完成作业执行成功！
INFO - 2021-09-30 13:56:06,392 - new_apply_order.py[line:815]: 校验重试查询第1次
ERROR - 2021-09-30 13:56:07,408 - new_apply_order.py[line:711]: 放款完成或准备失败,目前的订单状态是35
INFO - 2021-09-30 13:56:07,409 - new_apply_order.py[line:712]: {'app': 'monni', 'loan_order_id': '1443454554348326912', 'mobile': '3632981357', 'order_status': 35}
INFO - 2021-09-30 13:56:07,917 - new_apply_order.py[line:815]: 校验重试查询第2次
ERROR - 2021-09-30 13:56:08,933 - new_apply_order.py[line:711]: 放款完成或准备失败,目前的订单状态是35
INFO - 2021-09-30 13:56:08,934 - new_apply_order.py[line:712]: {'app': 'monni', 'loan_order_id': '1443454554348326912', 'mobile': '3632981357', 'order_status': 35}
INFO - 2021-09-30 13:56:09,442 - new_apply_order.py[line:815]: 校验重试查询第3次
ERROR - 2021-09-30 13:56:10,456 - new_apply_order.py[line:711]: 放款完成或准备失败,目前的订单状态是35
INFO - 2021-09-30 13:56:10,456 - new_apply_order.py[line:712]: {'app': 'monni', 'loan_order_id': '1443454554348326912', 'mobile': '3632981357', 'order_status': 35}
INFO - 2021-09-30 13:56:10,961 - new_apply_order.py[line:815]: 校验重试查询第4次
ERROR - 2021-09-30 13:56:11,971 - new_apply_order.py[line:711]: 放款完成或准备失败,目前的订单状态是35
INFO - 2021-09-30 13:56:11,972 - new_apply_order.py[line:712]: {'app': 'monni', 'loan_order_id': '1443454554348326912', 'mobile': '3632981357', 'order_status': 35}
INFO - 2021-09-30 13:56:12,479 - new_apply_order.py[line:815]: 校验重试查询第5次
ERROR - 2021-09-30 13:56:13,501 - new_apply_order.py[line:711]: 放款完成或准备失败,目前的订单状态是35
INFO - 2021-09-30 13:56:13,502 - new_apply_order.py[line:712]: {'app': 'monni', 'loan_order_id': '1443454554348326912', 'mobile': '3632981357', 'order_status': 35}
INFO - 2021-09-30 13:56:14,008 - new_apply_order.py[line:815]: 校验重试查询第6次
INFO - 2021-09-30 13:56:15,020 - new_apply_order.py[line:709]: 放款完成或准备成功,目前的订单状态是40
INFO - 2021-09-30 13:56:15,020 - new_apply_order.py[line:712]: {'app': 'monni', 'loan_order_id': '1443454554348326912', 'mobile': '3632981357', 'order_status': 40}
INFO - 2021-09-30 13:56:15,020 - new_apply_order.py[line:832]: ===========完成第【3】次进件===========
INFO - 2021-09-30 13:56:15,020 - new_apply_order.py[line:792]: 开始第 monni【4】次进件……
INFO - 2021-09-30 13:56:15,021 - new_apply_order.py[line:82]: ======【co测试环境】生成手机号：3632981375 ======
INFO - 2021-09-30 13:56:15,376 - new_apply_order.py[line:95]: 3632981375 检测用户存在成功！
INFO - 2021-09-30 13:56:15,432 - new_apply_order.py[line:104]: 3632981375 短信发送成功！
INFO - 2021-09-30 13:56:15,478 - new_apply_order.py[line:117]: 3632981375 注册成功！
INFO - 2021-09-30 13:56:15,540 - new_apply_order.py[line:133]: 3632981375 登录短信发送成功！
INFO - 2021-09-30 13:56:15,589 - new_apply_order.py[line:143]: userId=4956552868853587968,mobile=3632981375,token=c8360e6a705f5f311f6aec3e7ed2bd78 登录成功
INFO - 2021-09-30 13:56:15,694 - new_apply_order.py[line:205]: 个人信息提交成功！
INFO - 2021-09-30 13:56:15,965 - new_apply_order.py[line:238]: 创建预审订单成功！
INFO - 2021-09-30 13:56:15,984 - new_apply_order.py[line:246]: 预审状态修改为通过,更新条数 1
INFO - 2021-09-30 13:56:16,003 - new_apply_order.py[line:249]: 更新初始额度！更新条数 1
INFO - 2021-09-30 13:56:16,304 - new_apply_order.py[line:266]: 活体图片上传成功！回写配置文件global_param.mp4_url
INFO - 2021-09-30 13:56:16,358 - new_apply_order.py[line:276]: 视频认证通过！
INFO - 2021-09-30 13:56:17,482 - new_apply_order.py[line:364]: curp上传成功!
INFO - 2021-09-30 13:56:17,598 - new_apply_order.py[line:373]: curp_rfc校验通过！
INFO - 2021-09-30 13:56:18,181 - new_apply_order.py[line:509]: 不绑卡成功跳过！
INFO - 2021-09-30 13:56:18,408 - new_apply_order.py[line:522]: 进件成功！执行sql将订单改为风控中……
INFO - 2021-09-30 13:56:19,452 - new_apply_order.py[line:528]: 订单表更新1条，信审更新1条
INFO - 2021-09-30 13:56:20,031 - new_apply_order.py[line:542]: 查询loan_order_id成功！
INFO - 2021-09-30 13:56:20,082 - new_apply_order.py[line:557]: 订单回调复审通过成功！
INFO - 2021-09-30 13:56:20,862 - new_apply_order.py[line:579]: 获取token成功！token=bearer b6575fba-b0a6-4280-8b50-de71631f9b47！
INFO - 2021-09-30 13:56:21,431 - new_apply_order.py[line:542]: 查询loan_order_id成功！
INFO - 2021-09-30 13:56:21,746 - new_apply_order.py[line:597]: 后台已触发放款成功！
INFO - 2021-09-30 13:56:21,759 - new_apply_order.py[line:611]: xxl_job web 登录成功！
INFO - 2021-09-30 13:56:21,771 - new_apply_order.py[line:627]: xxl_job 放款准备作业执行成功！
INFO - 2021-09-30 13:56:23,316 - new_apply_order.py[line:542]: 查询loan_order_id成功！
INFO - 2021-09-30 13:56:23,331 - new_apply_order.py[line:635]: 修改放款准备完成时间成功！
INFO - 2021-09-30 13:56:23,337 - new_apply_order.py[line:643]: xxl_job 放款完成作业执行成功！
INFO - 2021-09-30 13:56:23,640 - new_apply_order.py[line:815]: 校验重试查询第1次
ERROR - 2021-09-30 13:56:24,647 - new_apply_order.py[line:711]: 放款完成或准备失败,目前的订单状态是35
INFO - 2021-09-30 13:56:24,647 - new_apply_order.py[line:712]: {'app': 'monni', 'loan_order_id': '1443454626553270272', 'mobile': '3632981375', 'order_status': 35}
INFO - 2021-09-30 13:56:25,151 - new_apply_order.py[line:815]: 校验重试查询第2次
ERROR - 2021-09-30 13:56:26,162 - new_apply_order.py[line:711]: 放款完成或准备失败,目前的订单状态是35
INFO - 2021-09-30 13:56:26,162 - new_apply_order.py[line:712]: {'app': 'monni', 'loan_order_id': '1443454626553270272', 'mobile': '3632981375', 'order_status': 35}
INFO - 2021-09-30 13:56:26,666 - new_apply_order.py[line:815]: 校验重试查询第3次
ERROR - 2021-09-30 13:56:27,676 - new_apply_order.py[line:711]: 放款完成或准备失败,目前的订单状态是35
INFO - 2021-09-30 13:56:27,676 - new_apply_order.py[line:712]: {'app': 'monni', 'loan_order_id': '1443454626553270272', 'mobile': '3632981375', 'order_status': 35}
INFO - 2021-09-30 13:56:28,183 - new_apply_order.py[line:815]: 校验重试查询第4次
ERROR - 2021-09-30 13:56:29,197 - new_apply_order.py[line:711]: 放款完成或准备失败,目前的订单状态是35
INFO - 2021-09-30 13:56:29,198 - new_apply_order.py[line:712]: {'app': 'monni', 'loan_order_id': '1443454626553270272', 'mobile': '3632981375', 'order_status': 35}
INFO - 2021-09-30 13:56:29,703 - new_apply_order.py[line:815]: 校验重试查询第5次
ERROR - 2021-09-30 13:56:30,712 - new_apply_order.py[line:711]: 放款完成或准备失败,目前的订单状态是35
INFO - 2021-09-30 13:56:30,712 - new_apply_order.py[line:712]: {'app': 'monni', 'loan_order_id': '1443454626553270272', 'mobile': '3632981375', 'order_status': 35}
INFO - 2021-09-30 13:56:31,219 - new_apply_order.py[line:815]: 校验重试查询第6次
INFO - 2021-09-30 13:56:32,227 - new_apply_order.py[line:709]: 放款完成或准备成功,目前的订单状态是40
INFO - 2021-09-30 13:56:32,227 - new_apply_order.py[line:712]: {'app': 'monni', 'loan_order_id': '1443454626553270272', 'mobile': '3632981375', 'order_status': 40}
INFO - 2021-09-30 13:56:32,227 - new_apply_order.py[line:832]: ===========完成第【4】次进件===========
INFO - 2021-09-30 13:56:32,228 - new_apply_order.py[line:792]: 开始第 monni【5】次进件……
INFO - 2021-09-30 13:56:32,228 - new_apply_order.py[line:82]: ======【co测试环境】生成手机号：3632981392 ======
INFO - 2021-09-30 13:56:32,589 - new_apply_order.py[line:95]: 3632981392 检测用户存在成功！
INFO - 2021-09-30 13:56:32,644 - new_apply_order.py[line:104]: 3632981392 短信发送成功！
INFO - 2021-09-30 13:56:32,694 - new_apply_order.py[line:117]: 3632981392 注册成功！
INFO - 2021-09-30 13:56:32,762 - new_apply_order.py[line:133]: 3632981392 登录短信发送成功！
INFO - 2021-09-30 13:56:32,815 - new_apply_order.py[line:143]: userId=4956552941045948416,mobile=3632981392,token=017d257d81caa45fae3fb25adca6e9d5 登录成功
INFO - 2021-09-30 13:56:32,933 - new_apply_order.py[line:205]: 个人信息提交成功！
INFO - 2021-09-30 13:56:33,158 - new_apply_order.py[line:238]: 创建预审订单成功！
INFO - 2021-09-30 13:56:33,178 - new_apply_order.py[line:246]: 预审状态修改为通过,更新条数 1
INFO - 2021-09-30 13:56:33,198 - new_apply_order.py[line:249]: 更新初始额度！更新条数 1
INFO - 2021-09-30 13:56:33,463 - new_apply_order.py[line:266]: 活体图片上传成功！回写配置文件global_param.mp4_url
INFO - 2021-09-30 13:56:33,523 - new_apply_order.py[line:276]: 视频认证通过！
INFO - 2021-09-30 13:56:34,644 - new_apply_order.py[line:364]: curp上传成功!
INFO - 2021-09-30 13:56:34,755 - new_apply_order.py[line:373]: curp_rfc校验通过！
INFO - 2021-09-30 13:56:35,335 - new_apply_order.py[line:509]: 不绑卡成功跳过！
INFO - 2021-09-30 13:56:35,544 - new_apply_order.py[line:522]: 进件成功！执行sql将订单改为风控中……
INFO - 2021-09-30 13:56:36,576 - new_apply_order.py[line:528]: 订单表更新1条，信审更新1条
INFO - 2021-09-30 13:56:37,152 - new_apply_order.py[line:542]: 查询loan_order_id成功！
INFO - 2021-09-30 13:56:37,189 - new_apply_order.py[line:557]: 订单回调复审通过成功！
INFO - 2021-09-30 13:56:38,008 - new_apply_order.py[line:579]: 获取token成功！token=bearer b6575fba-b0a6-4280-8b50-de71631f9b47！
INFO - 2021-09-30 13:56:38,542 - new_apply_order.py[line:542]: 查询loan_order_id成功！
INFO - 2021-09-30 13:56:38,858 - new_apply_order.py[line:597]: 后台已触发放款成功！
INFO - 2021-09-30 13:56:38,864 - new_apply_order.py[line:611]: xxl_job web 登录成功！
INFO - 2021-09-30 13:56:38,873 - new_apply_order.py[line:627]: xxl_job 放款准备作业执行成功！
INFO - 2021-09-30 13:56:40,427 - new_apply_order.py[line:542]: 查询loan_order_id成功！
INFO - 2021-09-30 13:56:40,445 - new_apply_order.py[line:635]: 修改放款准备完成时间成功！
INFO - 2021-09-30 13:56:40,450 - new_apply_order.py[line:643]: xxl_job 放款完成作业执行成功！
INFO - 2021-09-30 13:56:40,754 - new_apply_order.py[line:815]: 校验重试查询第1次
ERROR - 2021-09-30 13:56:41,771 - new_apply_order.py[line:711]: 放款完成或准备失败,目前的订单状态是35
INFO - 2021-09-30 13:56:41,771 - new_apply_order.py[line:712]: {'app': 'monni', 'loan_order_id': '1443454698703687680', 'mobile': '3632981392', 'order_status': 35}
INFO - 2021-09-30 13:56:42,276 - new_apply_order.py[line:815]: 校验重试查询第2次
ERROR - 2021-09-30 13:56:43,287 - new_apply_order.py[line:711]: 放款完成或准备失败,目前的订单状态是35
INFO - 2021-09-30 13:56:43,288 - new_apply_order.py[line:712]: {'app': 'monni', 'loan_order_id': '1443454698703687680', 'mobile': '3632981392', 'order_status': 35}
INFO - 2021-09-30 13:56:43,794 - new_apply_order.py[line:815]: 校验重试查询第3次
ERROR - 2021-09-30 13:56:44,804 - new_apply_order.py[line:711]: 放款完成或准备失败,目前的订单状态是35
INFO - 2021-09-30 13:56:44,804 - new_apply_order.py[line:712]: {'app': 'monni', 'loan_order_id': '1443454698703687680', 'mobile': '3632981392', 'order_status': 35}
INFO - 2021-09-30 13:56:45,309 - new_apply_order.py[line:815]: 校验重试查询第4次
ERROR - 2021-09-30 13:56:46,321 - new_apply_order.py[line:711]: 放款完成或准备失败,目前的订单状态是35
INFO - 2021-09-30 13:56:46,321 - new_apply_order.py[line:712]: {'app': 'monni', 'loan_order_id': '1443454698703687680', 'mobile': '3632981392', 'order_status': 35}
INFO - 2021-09-30 13:56:46,827 - new_apply_order.py[line:815]: 校验重试查询第5次
ERROR - 2021-09-30 13:56:47,838 - new_apply_order.py[line:711]: 放款完成或准备失败,目前的订单状态是35
INFO - 2021-09-30 13:56:47,838 - new_apply_order.py[line:712]: {'app': 'monni', 'loan_order_id': '1443454698703687680', 'mobile': '3632981392', 'order_status': 35}
INFO - 2021-09-30 13:56:48,344 - new_apply_order.py[line:815]: 校验重试查询第6次
INFO - 2021-09-30 13:56:49,353 - new_apply_order.py[line:709]: 放款完成或准备成功,目前的订单状态是40
INFO - 2021-09-30 13:56:49,353 - new_apply_order.py[line:712]: {'app': 'monni', 'loan_order_id': '1443454698703687680', 'mobile': '3632981392', 'order_status': 40}
INFO - 2021-09-30 13:56:49,353 - new_apply_order.py[line:832]: ===========完成第【5】次进件===========
INFO - 2021-09-30 13:56:49,354 - new_apply_order.py[line:792]: 开始第 monni【6】次进件……
INFO - 2021-09-30 13:56:49,354 - new_apply_order.py[line:82]: ======【co测试环境】生成手机号：3632981409 ======
INFO - 2021-09-30 13:56:49,705 - new_apply_order.py[line:95]: 3632981409 检测用户存在成功！
INFO - 2021-09-30 13:56:49,764 - new_apply_order.py[line:104]: 3632981409 短信发送成功！
INFO - 2021-09-30 13:56:49,814 - new_apply_order.py[line:117]: 3632981409 注册成功！
INFO - 2021-09-30 13:56:49,873 - new_apply_order.py[line:133]: 3632981409 登录短信发送成功！
INFO - 2021-09-30 13:56:49,922 - new_apply_order.py[line:143]: userId=4956553012856627200,mobile=3632981409,token=19f9f37e3e59f860986035d1cf0addf2 登录成功
INFO - 2021-09-30 13:56:50,018 - new_apply_order.py[line:205]: 个人信息提交成功！
INFO - 2021-09-30 13:56:50,337 - new_apply_order.py[line:238]: 创建预审订单成功！
INFO - 2021-09-30 13:56:50,355 - new_apply_order.py[line:246]: 预审状态修改为通过,更新条数 1
INFO - 2021-09-30 13:56:50,368 - new_apply_order.py[line:249]: 更新初始额度！更新条数 1
INFO - 2021-09-30 13:56:50,665 - new_apply_order.py[line:266]: 活体图片上传成功！回写配置文件global_param.mp4_url
INFO - 2021-09-30 13:56:50,701 - new_apply_order.py[line:276]: 视频认证通过！
INFO - 2021-09-30 13:56:51,895 - new_apply_order.py[line:364]: curp上传成功!
INFO - 2021-09-30 13:56:52,007 - new_apply_order.py[line:373]: curp_rfc校验通过！
INFO - 2021-09-30 13:56:52,652 - new_apply_order.py[line:509]: 不绑卡成功跳过！
INFO - 2021-09-30 13:56:52,865 - new_apply_order.py[line:522]: 进件成功！执行sql将订单改为风控中……
INFO - 2021-09-30 13:56:53,898 - new_apply_order.py[line:528]: 订单表更新1条，信审更新1条
INFO - 2021-09-30 13:56:54,392 - new_apply_order.py[line:542]: 查询loan_order_id成功！
INFO - 2021-09-30 13:56:54,438 - new_apply_order.py[line:557]: 订单回调复审通过成功！
INFO - 2021-09-30 13:56:55,224 - new_apply_order.py[line:579]: 获取token成功！token=bearer b6575fba-b0a6-4280-8b50-de71631f9b47！
INFO - 2021-09-30 13:56:55,787 - new_apply_order.py[line:542]: 查询loan_order_id成功！
INFO - 2021-09-30 13:56:56,110 - new_apply_order.py[line:597]: 后台已触发放款成功！
INFO - 2021-09-30 13:56:56,122 - new_apply_order.py[line:611]: xxl_job web 登录成功！
INFO - 2021-09-30 13:56:56,134 - new_apply_order.py[line:627]: xxl_job 放款准备作业执行成功！
INFO - 2021-09-30 13:56:57,717 - new_apply_order.py[line:542]: 查询loan_order_id成功！
INFO - 2021-09-30 13:56:57,738 - new_apply_order.py[line:635]: 修改放款准备完成时间成功！
INFO - 2021-09-30 13:56:57,744 - new_apply_order.py[line:643]: xxl_job 放款完成作业执行成功！
INFO - 2021-09-30 13:56:58,047 - new_apply_order.py[line:815]: 校验重试查询第1次
ERROR - 2021-09-30 13:56:59,061 - new_apply_order.py[line:711]: 放款完成或准备失败,目前的订单状态是35
INFO - 2021-09-30 13:56:59,061 - new_apply_order.py[line:712]: {'app': 'monni', 'loan_order_id': '1443454770522755072', 'mobile': '3632981409', 'order_status': 35}
INFO - 2021-09-30 13:56:59,568 - new_apply_order.py[line:815]: 校验重试查询第2次
ERROR - 2021-09-30 13:57:00,586 - new_apply_order.py[line:711]: 放款完成或准备失败,目前的订单状态是35
INFO - 2021-09-30 13:57:00,586 - new_apply_order.py[line:712]: {'app': 'monni', 'loan_order_id': '1443454770522755072', 'mobile': '3632981409', 'order_status': 35}
INFO - 2021-09-30 13:57:01,093 - new_apply_order.py[line:815]: 校验重试查询第3次
ERROR - 2021-09-30 13:57:02,107 - new_apply_order.py[line:711]: 放款完成或准备失败,目前的订单状态是35
INFO - 2021-09-30 13:57:02,108 - new_apply_order.py[line:712]: {'app': 'monni', 'loan_order_id': '1443454770522755072', 'mobile': '3632981409', 'order_status': 35}
INFO - 2021-09-30 13:57:02,618 - new_apply_order.py[line:815]: 校验重试查询第4次
ERROR - 2021-09-30 13:57:03,633 - new_apply_order.py[line:711]: 放款完成或准备失败,目前的订单状态是35
INFO - 2021-09-30 13:57:03,633 - new_apply_order.py[line:712]: {'app': 'monni', 'loan_order_id': '1443454770522755072', 'mobile': '3632981409', 'order_status': 35}
INFO - 2021-09-30 13:57:04,139 - new_apply_order.py[line:815]: 校验重试查询第5次
ERROR - 2021-09-30 13:57:05,186 - new_apply_order.py[line:711]: 放款完成或准备失败,目前的订单状态是35
INFO - 2021-09-30 13:57:05,186 - new_apply_order.py[line:712]: {'app': 'monni', 'loan_order_id': '1443454770522755072', 'mobile': '3632981409', 'order_status': 35}
INFO - 2021-09-30 13:57:05,693 - new_apply_order.py[line:815]: 校验重试查询第6次
INFO - 2021-09-30 13:57:06,707 - new_apply_order.py[line:709]: 放款完成或准备成功,目前的订单状态是40
INFO - 2021-09-30 13:57:06,707 - new_apply_order.py[line:712]: {'app': 'monni', 'loan_order_id': '1443454770522755072', 'mobile': '3632981409', 'order_status': 40}
INFO - 2021-09-30 13:57:06,708 - new_apply_order.py[line:832]: ===========完成第【6】次进件===========
INFO - 2021-09-30 13:57:06,708 - new_apply_order.py[line:792]: 开始第 monni【7】次进件……
INFO - 2021-09-30 13:57:06,708 - new_apply_order.py[line:82]: ======【co测试环境】生成手机号：3632981426 ======
INFO - 2021-09-30 13:57:07,050 - new_apply_order.py[line:95]: 3632981426 检测用户存在成功！
INFO - 2021-09-30 13:57:07,104 - new_apply_order.py[line:104]: 3632981426 短信发送成功！
INFO - 2021-09-30 13:57:07,151 - new_apply_order.py[line:117]: 3632981426 注册成功！
INFO - 2021-09-30 13:57:07,212 - new_apply_order.py[line:133]: 3632981426 登录短信发送成功！
INFO - 2021-09-30 13:57:07,262 - new_apply_order.py[line:143]: userId=4956553085564887040,mobile=3632981426,token=ff2efde6087bdbfeee8a541fa3270af5 登录成功
INFO - 2021-09-30 13:57:07,350 - new_apply_order.py[line:205]: 个人信息提交成功！
INFO - 2021-09-30 13:57:07,534 - new_apply_order.py[line:238]: 创建预审订单成功！
INFO - 2021-09-30 13:57:07,556 - new_apply_order.py[line:246]: 预审状态修改为通过,更新条数 1
INFO - 2021-09-30 13:57:07,574 - new_apply_order.py[line:249]: 更新初始额度！更新条数 1
INFO - 2021-09-30 13:57:07,825 - new_apply_order.py[line:266]: 活体图片上传成功！回写配置文件global_param.mp4_url
INFO - 2021-09-30 13:57:07,867 - new_apply_order.py[line:276]: 视频认证通过！
INFO - 2021-09-30 13:57:09,004 - new_apply_order.py[line:364]: curp上传成功!
INFO - 2021-09-30 13:57:09,119 - new_apply_order.py[line:373]: curp_rfc校验通过！
INFO - 2021-09-30 13:57:09,733 - new_apply_order.py[line:509]: 不绑卡成功跳过！
INFO - 2021-09-30 13:57:09,926 - new_apply_order.py[line:522]: 进件成功！执行sql将订单改为风控中……
INFO - 2021-09-30 13:57:10,977 - new_apply_order.py[line:528]: 订单表更新1条，信审更新1条
INFO - 2021-09-30 13:57:11,550 - new_apply_order.py[line:542]: 查询loan_order_id成功！
INFO - 2021-09-30 13:57:11,593 - new_apply_order.py[line:557]: 订单回调复审通过成功！
INFO - 2021-09-30 13:57:12,380 - new_apply_order.py[line:579]: 获取token成功！token=bearer b6575fba-b0a6-4280-8b50-de71631f9b47！
INFO - 2021-09-30 13:57:12,963 - new_apply_order.py[line:542]: 查询loan_order_id成功！
INFO - 2021-09-30 13:57:13,297 - new_apply_order.py[line:597]: 后台已触发放款成功！
INFO - 2021-09-30 13:57:13,308 - new_apply_order.py[line:611]: xxl_job web 登录成功！
INFO - 2021-09-30 13:57:13,319 - new_apply_order.py[line:627]: xxl_job 放款准备作业执行成功！
INFO - 2021-09-30 13:57:14,893 - new_apply_order.py[line:542]: 查询loan_order_id成功！
INFO - 2021-09-30 13:57:14,914 - new_apply_order.py[line:635]: 修改放款准备完成时间成功！
INFO - 2021-09-30 13:57:14,922 - new_apply_order.py[line:643]: xxl_job 放款完成作业执行成功！
INFO - 2021-09-30 13:57:15,228 - new_apply_order.py[line:815]: 校验重试查询第1次
ERROR - 2021-09-30 13:57:16,241 - new_apply_order.py[line:711]: 放款完成或准备失败,目前的订单状态是35
INFO - 2021-09-30 13:57:16,242 - new_apply_order.py[line:712]: {'app': 'monni', 'loan_order_id': '1443454843012911104', 'mobile': '3632981426', 'order_status': 35}
INFO - 2021-09-30 13:57:16,746 - new_apply_order.py[line:815]: 校验重试查询第2次
ERROR - 2021-09-30 13:57:17,755 - new_apply_order.py[line:711]: 放款完成或准备失败,目前的订单状态是35
INFO - 2021-09-30 13:57:17,756 - new_apply_order.py[line:712]: {'app': 'monni', 'loan_order_id': '1443454843012911104', 'mobile': '3632981426', 'order_status': 35}
INFO - 2021-09-30 13:57:18,261 - new_apply_order.py[line:815]: 校验重试查询第3次
ERROR - 2021-09-30 13:57:19,276 - new_apply_order.py[line:711]: 放款完成或准备失败,目前的订单状态是35
INFO - 2021-09-30 13:57:19,276 - new_apply_order.py[line:712]: {'app': 'monni', 'loan_order_id': '1443454843012911104', 'mobile': '3632981426', 'order_status': 35}
INFO - 2021-09-30 13:57:19,783 - new_apply_order.py[line:815]: 校验重试查询第4次
ERROR - 2021-09-30 13:57:20,801 - new_apply_order.py[line:711]: 放款完成或准备失败,目前的订单状态是35
INFO - 2021-09-30 13:57:20,801 - new_apply_order.py[line:712]: {'app': 'monni', 'loan_order_id': '1443454843012911104', 'mobile': '3632981426', 'order_status': 35}
INFO - 2021-09-30 13:57:21,305 - new_apply_order.py[line:815]: 校验重试查询第5次
ERROR - 2021-09-30 13:57:22,322 - new_apply_order.py[line:711]: 放款完成或准备失败,目前的订单状态是35
INFO - 2021-09-30 13:57:22,322 - new_apply_order.py[line:712]: {'app': 'monni', 'loan_order_id': '1443454843012911104', 'mobile': '3632981426', 'order_status': 35}
INFO - 2021-09-30 13:57:22,829 - new_apply_order.py[line:815]: 校验重试查询第6次
INFO - 2021-09-30 13:57:23,841 - new_apply_order.py[line:709]: 放款完成或准备成功,目前的订单状态是40
INFO - 2021-09-30 13:57:23,842 - new_apply_order.py[line:712]: {'app': 'monni', 'loan_order_id': '1443454843012911104', 'mobile': '3632981426', 'order_status': 40}
INFO - 2021-09-30 13:57:23,842 - new_apply_order.py[line:832]: ===========完成第【7】次进件===========
INFO - 2021-09-30 13:57:23,843 - new_apply_order.py[line:792]: 开始第 monni【8】次进件……
INFO - 2021-09-30 13:57:23,843 - new_apply_order.py[line:82]: ======【co测试环境】生成手机号：3632981443 ======
INFO - 2021-09-30 13:57:24,195 - new_apply_order.py[line:95]: 3632981443 检测用户存在成功！
INFO - 2021-09-30 13:57:24,248 - new_apply_order.py[line:104]: 3632981443 短信发送成功！
INFO - 2021-09-30 13:57:24,298 - new_apply_order.py[line:117]: 3632981443 注册成功！
INFO - 2021-09-30 13:57:24,355 - new_apply_order.py[line:133]: 3632981443 登录短信发送成功！
INFO - 2021-09-30 13:57:24,405 - new_apply_order.py[line:143]: userId=4956553157476229120,mobile=3632981443,token=13981c202c4f876571a4429d0c0cbe21 登录成功
INFO - 2021-09-30 13:57:24,506 - new_apply_order.py[line:205]: 个人信息提交成功！
INFO - 2021-09-30 13:57:24,816 - new_apply_order.py[line:238]: 创建预审订单成功！
INFO - 2021-09-30 13:57:24,837 - new_apply_order.py[line:246]: 预审状态修改为通过,更新条数 1
INFO - 2021-09-30 13:57:24,860 - new_apply_order.py[line:249]: 更新初始额度！更新条数 1
INFO - 2021-09-30 13:57:25,056 - new_apply_order.py[line:266]: 活体图片上传成功！回写配置文件global_param.mp4_url
INFO - 2021-09-30 13:57:25,111 - new_apply_order.py[line:276]: 视频认证通过！
INFO - 2021-09-30 13:57:26,143 - new_apply_order.py[line:364]: curp上传成功!
INFO - 2021-09-30 13:57:26,249 - new_apply_order.py[line:373]: curp_rfc校验通过！
INFO - 2021-09-30 13:57:26,831 - new_apply_order.py[line:509]: 不绑卡成功跳过！
INFO - 2021-09-30 13:57:27,007 - new_apply_order.py[line:522]: 进件成功！执行sql将订单改为风控中……
INFO - 2021-09-30 13:57:28,047 - new_apply_order.py[line:528]: 订单表更新1条，信审更新1条
INFO - 2021-09-30 13:57:28,646 - new_apply_order.py[line:542]: 查询loan_order_id成功！
INFO - 2021-09-30 13:57:28,700 - new_apply_order.py[line:557]: 订单回调复审通过成功！
INFO - 2021-09-30 13:57:29,484 - new_apply_order.py[line:579]: 获取token成功！token=bearer b6575fba-b0a6-4280-8b50-de71631f9b47！
INFO - 2021-09-30 13:57:30,044 - new_apply_order.py[line:542]: 查询loan_order_id成功！
INFO - 2021-09-30 13:57:30,376 - new_apply_order.py[line:597]: 后台已触发放款成功！
INFO - 2021-09-30 13:57:30,386 - new_apply_order.py[line:611]: xxl_job web 登录成功！
INFO - 2021-09-30 13:57:30,404 - new_apply_order.py[line:627]: xxl_job 放款准备作业执行成功！
INFO - 2021-09-30 13:57:31,947 - new_apply_order.py[line:542]: 查询loan_order_id成功！
INFO - 2021-09-30 13:57:31,971 - new_apply_order.py[line:635]: 修改放款准备完成时间成功！
INFO - 2021-09-30 13:57:31,976 - new_apply_order.py[line:643]: xxl_job 放款完成作业执行成功！
INFO - 2021-09-30 13:57:32,282 - new_apply_order.py[line:815]: 校验重试查询第1次
ERROR - 2021-09-30 13:57:33,292 - new_apply_order.py[line:711]: 放款完成或准备失败,目前的订单状态是35
INFO - 2021-09-30 13:57:33,293 - new_apply_order.py[line:712]: {'app': 'monni', 'loan_order_id': '1443454915167522816', 'mobile': '3632981443', 'order_status': 35}
INFO - 2021-09-30 13:57:33,797 - new_apply_order.py[line:815]: 校验重试查询第2次
ERROR - 2021-09-30 13:57:34,807 - new_apply_order.py[line:711]: 放款完成或准备失败,目前的订单状态是35
INFO - 2021-09-30 13:57:34,807 - new_apply_order.py[line:712]: {'app': 'monni', 'loan_order_id': '1443454915167522816', 'mobile': '3632981443', 'order_status': 35}
INFO - 2021-09-30 13:57:35,313 - new_apply_order.py[line:815]: 校验重试查询第3次
ERROR - 2021-09-30 13:57:36,325 - new_apply_order.py[line:711]: 放款完成或准备失败,目前的订单状态是35
INFO - 2021-09-30 13:57:36,325 - new_apply_order.py[line:712]: {'app': 'monni', 'loan_order_id': '1443454915167522816', 'mobile': '3632981443', 'order_status': 35}
INFO - 2021-09-30 13:57:36,832 - new_apply_order.py[line:815]: 校验重试查询第4次
ERROR - 2021-09-30 13:57:37,842 - new_apply_order.py[line:711]: 放款完成或准备失败,目前的订单状态是35
INFO - 2021-09-30 13:57:37,842 - new_apply_order.py[line:712]: {'app': 'monni', 'loan_order_id': '1443454915167522816', 'mobile': '3632981443', 'order_status': 35}
INFO - 2021-09-30 13:57:38,351 - new_apply_order.py[line:815]: 校验重试查询第5次
ERROR - 2021-09-30 13:57:39,365 - new_apply_order.py[line:711]: 放款完成或准备失败,目前的订单状态是35
INFO - 2021-09-30 13:57:39,365 - new_apply_order.py[line:712]: {'app': 'monni', 'loan_order_id': '1443454915167522816', 'mobile': '3632981443', 'order_status': 35}
INFO - 2021-09-30 13:57:39,873 - new_apply_order.py[line:815]: 校验重试查询第6次
INFO - 2021-09-30 13:57:40,880 - new_apply_order.py[line:709]: 放款完成或准备成功,目前的订单状态是40
INFO - 2021-09-30 13:57:40,880 - new_apply_order.py[line:712]: {'app': 'monni', 'loan_order_id': '1443454915167522816', 'mobile': '3632981443', 'order_status': 40}
INFO - 2021-09-30 13:57:40,881 - new_apply_order.py[line:832]: ===========完成第【8】次进件===========
INFO - 2021-09-30 13:57:40,881 - new_apply_order.py[line:792]: 开始第 monni【9】次进件……
INFO - 2021-09-30 13:57:40,881 - new_apply_order.py[line:82]: ======【co测试环境】生成手机号：3632981460 ======
INFO - 2021-09-30 13:57:41,218 - new_apply_order.py[line:95]: 3632981460 检测用户存在成功！
INFO - 2021-09-30 13:57:41,271 - new_apply_order.py[line:104]: 3632981460 短信发送成功！
INFO - 2021-09-30 13:57:41,314 - new_apply_order.py[line:117]: 3632981460 注册成功！
INFO - 2021-09-30 13:57:41,379 - new_apply_order.py[line:133]: 3632981460 登录短信发送成功！
INFO - 2021-09-30 13:57:41,430 - new_apply_order.py[line:143]: userId=4956553228871671808,mobile=3632981460,token=4864018415346b12f5010447786660db 登录成功
INFO - 2021-09-30 13:57:41,529 - new_apply_order.py[line:205]: 个人信息提交成功！
INFO - 2021-09-30 13:57:41,749 - new_apply_order.py[line:238]: 创建预审订单成功！
INFO - 2021-09-30 13:57:41,770 - new_apply_order.py[line:246]: 预审状态修改为通过,更新条数 1
INFO - 2021-09-30 13:57:41,789 - new_apply_order.py[line:249]: 更新初始额度！更新条数 1
INFO - 2021-09-30 13:57:42,067 - new_apply_order.py[line:266]: 活体图片上传成功！回写配置文件global_param.mp4_url
INFO - 2021-09-30 13:57:42,119 - new_apply_order.py[line:276]: 视频认证通过！
INFO - 2021-09-30 13:57:43,263 - new_apply_order.py[line:364]: curp上传成功!
INFO - 2021-09-30 13:57:43,366 - new_apply_order.py[line:373]: curp_rfc校验通过！
INFO - 2021-09-30 13:57:43,945 - new_apply_order.py[line:509]: 不绑卡成功跳过！
INFO - 2021-09-30 13:57:44,120 - new_apply_order.py[line:522]: 进件成功！执行sql将订单改为风控中……
INFO - 2021-09-30 13:57:45,162 - new_apply_order.py[line:528]: 订单表更新1条，信审更新1条
INFO - 2021-09-30 13:57:45,698 - new_apply_order.py[line:542]: 查询loan_order_id成功！
INFO - 2021-09-30 13:57:45,741 - new_apply_order.py[line:557]: 订单回调复审通过成功！
INFO - 2021-09-30 13:57:46,506 - new_apply_order.py[line:579]: 获取token成功！token=bearer b6575fba-b0a6-4280-8b50-de71631f9b47！
INFO - 2021-09-30 13:57:47,068 - new_apply_order.py[line:542]: 查询loan_order_id成功！
INFO - 2021-09-30 13:57:47,399 - new_apply_order.py[line:597]: 后台已触发放款成功！
INFO - 2021-09-30 13:57:47,412 - new_apply_order.py[line:611]: xxl_job web 登录成功！
INFO - 2021-09-30 13:57:47,425 - new_apply_order.py[line:627]: xxl_job 放款准备作业执行成功！
INFO - 2021-09-30 13:57:49,002 - new_apply_order.py[line:542]: 查询loan_order_id成功！
INFO - 2021-09-30 13:57:49,022 - new_apply_order.py[line:635]: 修改放款准备完成时间成功！
INFO - 2021-09-30 13:57:49,029 - new_apply_order.py[line:643]: xxl_job 放款完成作业执行成功！
INFO - 2021-09-30 13:57:49,332 - new_apply_order.py[line:815]: 校验重试查询第1次
ERROR - 2021-09-30 13:57:50,348 - new_apply_order.py[line:711]: 放款完成或准备失败,目前的订单状态是35
INFO - 2021-09-30 13:57:50,349 - new_apply_order.py[line:712]: {'app': 'monni', 'loan_order_id': '1443454986378416128', 'mobile': '3632981460', 'order_status': 35}
INFO - 2021-09-30 13:57:50,854 - new_apply_order.py[line:815]: 校验重试查询第2次
ERROR - 2021-09-30 13:57:51,871 - new_apply_order.py[line:711]: 放款完成或准备失败,目前的订单状态是35
INFO - 2021-09-30 13:57:51,871 - new_apply_order.py[line:712]: {'app': 'monni', 'loan_order_id': '1443454986378416128', 'mobile': '3632981460', 'order_status': 35}
INFO - 2021-09-30 13:57:52,380 - new_apply_order.py[line:815]: 校验重试查询第3次
ERROR - 2021-09-30 13:57:53,396 - new_apply_order.py[line:711]: 放款完成或准备失败,目前的订单状态是35
INFO - 2021-09-30 13:57:53,396 - new_apply_order.py[line:712]: {'app': 'monni', 'loan_order_id': '1443454986378416128', 'mobile': '3632981460', 'order_status': 35}
INFO - 2021-09-30 13:57:53,905 - new_apply_order.py[line:815]: 校验重试查询第4次
ERROR - 2021-09-30 13:57:54,919 - new_apply_order.py[line:711]: 放款完成或准备失败,目前的订单状态是35
INFO - 2021-09-30 13:57:54,919 - new_apply_order.py[line:712]: {'app': 'monni', 'loan_order_id': '1443454986378416128', 'mobile': '3632981460', 'order_status': 35}
INFO - 2021-09-30 13:57:55,425 - new_apply_order.py[line:815]: 校验重试查询第5次
INFO - 2021-09-30 13:57:56,441 - new_apply_order.py[line:709]: 放款完成或准备成功,目前的订单状态是40
INFO - 2021-09-30 13:57:56,441 - new_apply_order.py[line:712]: {'app': 'monni', 'loan_order_id': '1443454986378416128', 'mobile': '3632981460', 'order_status': 40}
INFO - 2021-09-30 13:57:56,442 - new_apply_order.py[line:832]: ===========完成第【9】次进件===========
INFO - 2021-09-30 13:57:56,443 - new_apply_order.py[line:792]: 开始第 monni【10】次进件……
INFO - 2021-09-30 13:57:56,443 - new_apply_order.py[line:82]: ======【co测试环境】生成手机号：3632981476 ======
INFO - 2021-09-30 13:57:56,796 - new_apply_order.py[line:95]: 3632981476 检测用户存在成功！
INFO - 2021-09-30 13:57:56,850 - new_apply_order.py[line:104]: 3632981476 短信发送成功！
INFO - 2021-09-30 13:57:56,894 - new_apply_order.py[line:117]: 3632981476 注册成功！
INFO - 2021-09-30 13:57:56,951 - new_apply_order.py[line:133]: 3632981476 登录短信发送成功！
INFO - 2021-09-30 13:57:56,998 - new_apply_order.py[line:143]: userId=4956553294214733824,mobile=3632981476,token=441a718233ff086e3efb3a7eee80b7b2 登录成功
INFO - 2021-09-30 13:57:57,090 - new_apply_order.py[line:205]: 个人信息提交成功！
INFO - 2021-09-30 13:57:57,399 - new_apply_order.py[line:238]: 创建预审订单成功！
INFO - 2021-09-30 13:57:57,412 - new_apply_order.py[line:246]: 预审状态修改为通过,更新条数 1
INFO - 2021-09-30 13:57:57,426 - new_apply_order.py[line:249]: 更新初始额度！更新条数 1
INFO - 2021-09-30 13:57:57,703 - new_apply_order.py[line:266]: 活体图片上传成功！回写配置文件global_param.mp4_url
INFO - 2021-09-30 13:57:57,747 - new_apply_order.py[line:276]: 视频认证通过！
INFO - 2021-09-30 13:57:58,889 - new_apply_order.py[line:364]: curp上传成功!
INFO - 2021-09-30 13:57:58,999 - new_apply_order.py[line:373]: curp_rfc校验通过！
INFO - 2021-09-30 13:57:59,592 - new_apply_order.py[line:509]: 不绑卡成功跳过！
INFO - 2021-09-30 13:57:59,787 - new_apply_order.py[line:522]: 进件成功！执行sql将订单改为风控中……
INFO - 2021-09-30 13:58:00,834 - new_apply_order.py[line:528]: 订单表更新1条，信审更新1条
INFO - 2021-09-30 13:58:01,412 - new_apply_order.py[line:542]: 查询loan_order_id成功！
INFO - 2021-09-30 13:58:01,456 - new_apply_order.py[line:557]: 订单回调复审通过成功！
INFO - 2021-09-30 13:58:02,242 - new_apply_order.py[line:579]: 获取token成功！token=bearer b6575fba-b0a6-4280-8b50-de71631f9b47！
INFO - 2021-09-30 13:58:02,799 - new_apply_order.py[line:542]: 查询loan_order_id成功！
INFO - 2021-09-30 13:58:03,130 - new_apply_order.py[line:597]: 后台已触发放款成功！
INFO - 2021-09-30 13:58:03,141 - new_apply_order.py[line:611]: xxl_job web 登录成功！
INFO - 2021-09-30 13:58:03,153 - new_apply_order.py[line:627]: xxl_job 放款准备作业执行成功！
INFO - 2021-09-30 13:58:04,696 - new_apply_order.py[line:542]: 查询loan_order_id成功！
INFO - 2021-09-30 13:58:04,717 - new_apply_order.py[line:635]: 修改放款准备完成时间成功！
INFO - 2021-09-30 13:58:04,724 - new_apply_order.py[line:643]: xxl_job 放款完成作业执行成功！
INFO - 2021-09-30 13:58:05,029 - new_apply_order.py[line:815]: 校验重试查询第1次
ERROR - 2021-09-30 13:58:06,041 - new_apply_order.py[line:711]: 放款完成或准备失败,目前的订单状态是35
INFO - 2021-09-30 13:58:06,041 - new_apply_order.py[line:712]: {'app': 'monni', 'loan_order_id': '1443455051801169920', 'mobile': '3632981476', 'order_status': 35}
INFO - 2021-09-30 13:58:06,543 - new_apply_order.py[line:815]: 校验重试查询第2次
ERROR - 2021-09-30 13:58:07,555 - new_apply_order.py[line:711]: 放款完成或准备失败,目前的订单状态是35
INFO - 2021-09-30 13:58:07,555 - new_apply_order.py[line:712]: {'app': 'monni', 'loan_order_id': '1443455051801169920', 'mobile': '3632981476', 'order_status': 35}
INFO - 2021-09-30 13:58:08,057 - new_apply_order.py[line:815]: 校验重试查询第3次
ERROR - 2021-09-30 13:58:09,074 - new_apply_order.py[line:711]: 放款完成或准备失败,目前的订单状态是35
INFO - 2021-09-30 13:58:09,074 - new_apply_order.py[line:712]: {'app': 'monni', 'loan_order_id': '1443455051801169920', 'mobile': '3632981476', 'order_status': 35}
INFO - 2021-09-30 13:58:09,576 - new_apply_order.py[line:815]: 校验重试查询第4次
ERROR - 2021-09-30 13:58:10,586 - new_apply_order.py[line:711]: 放款完成或准备失败,目前的订单状态是35
INFO - 2021-09-30 13:58:10,587 - new_apply_order.py[line:712]: {'app': 'monni', 'loan_order_id': '1443455051801169920', 'mobile': '3632981476', 'order_status': 35}
INFO - 2021-09-30 13:58:11,092 - new_apply_order.py[line:815]: 校验重试查询第5次
INFO - 2021-09-30 13:58:12,104 - new_apply_order.py[line:709]: 放款完成或准备成功,目前的订单状态是40
INFO - 2021-09-30 13:58:12,104 - new_apply_order.py[line:712]: {'app': 'monni', 'loan_order_id': '1443455051801169920', 'mobile': '3632981476', 'order_status': 40}
INFO - 2021-09-30 13:58:12,105 - new_apply_order.py[line:832]: ===========完成第【10】次进件===========
INFO - 2021-09-30 13:58:12,105 - new_apply_order.py[line:792]: 开始第 monni【11】次进件……
INFO - 2021-09-30 13:58:12,105 - new_apply_order.py[line:82]: ======【co测试环境】生成手机号：3632981492 ======
INFO - 2021-09-30 13:58:12,452 - new_apply_order.py[line:95]: 3632981492 检测用户存在成功！
INFO - 2021-09-30 13:58:12,501 - new_apply_order.py[line:104]: 3632981492 短信发送成功！
INFO - 2021-09-30 13:58:12,538 - new_apply_order.py[line:117]: 3632981492 注册成功！
INFO - 2021-09-30 13:58:12,595 - new_apply_order.py[line:133]: 3632981492 登录短信发送成功！
INFO - 2021-09-30 13:58:12,638 - new_apply_order.py[line:143]: userId=4956553359843008512,mobile=3632981492,token=3be7d71909fdf14d5a354ea8ebe70b23 登录成功
INFO - 2021-09-30 13:58:12,717 - new_apply_order.py[line:205]: 个人信息提交成功！
INFO - 2021-09-30 13:58:12,905 - new_apply_order.py[line:238]: 创建预审订单成功！
INFO - 2021-09-30 13:58:12,922 - new_apply_order.py[line:246]: 预审状态修改为通过,更新条数 1
INFO - 2021-09-30 13:58:12,934 - new_apply_order.py[line:249]: 更新初始额度！更新条数 1
INFO - 2021-09-30 13:58:13,210 - new_apply_order.py[line:266]: 活体图片上传成功！回写配置文件global_param.mp4_url
INFO - 2021-09-30 13:58:13,252 - new_apply_order.py[line:276]: 视频认证通过！
INFO - 2021-09-30 13:58:14,389 - new_apply_order.py[line:364]: curp上传成功!
INFO - 2021-09-30 13:58:14,492 - new_apply_order.py[line:373]: curp_rfc校验通过！
INFO - 2021-09-30 13:58:15,079 - new_apply_order.py[line:509]: 不绑卡成功跳过！
INFO - 2021-09-30 13:58:15,278 - new_apply_order.py[line:522]: 进件成功！执行sql将订单改为风控中……
INFO - 2021-09-30 13:58:16,326 - new_apply_order.py[line:528]: 订单表更新1条，信审更新1条
INFO - 2021-09-30 13:58:16,912 - new_apply_order.py[line:542]: 查询loan_order_id成功！
INFO - 2021-09-30 13:58:16,954 - new_apply_order.py[line:557]: 订单回调复审通过成功！
INFO - 2021-09-30 13:58:17,747 - new_apply_order.py[line:579]: 获取token成功！token=bearer b6575fba-b0a6-4280-8b50-de71631f9b47！
INFO - 2021-09-30 13:58:18,319 - new_apply_order.py[line:542]: 查询loan_order_id成功！
INFO - 2021-09-30 13:58:18,656 - new_apply_order.py[line:597]: 后台已触发放款成功！
INFO - 2021-09-30 13:58:18,663 - new_apply_order.py[line:611]: xxl_job web 登录成功！
INFO - 2021-09-30 13:58:18,685 - new_apply_order.py[line:627]: xxl_job 放款准备作业执行成功！
INFO - 2021-09-30 13:58:20,264 - new_apply_order.py[line:542]: 查询loan_order_id成功！
INFO - 2021-09-30 13:58:20,277 - new_apply_order.py[line:635]: 修改放款准备完成时间成功！
INFO - 2021-09-30 13:58:20,286 - new_apply_order.py[line:643]: xxl_job 放款完成作业执行成功！
INFO - 2021-09-30 13:58:20,591 - new_apply_order.py[line:815]: 校验重试查询第1次
ERROR - 2021-09-30 13:58:21,601 - new_apply_order.py[line:711]: 放款完成或准备失败,目前的订单状态是35
INFO - 2021-09-30 13:58:21,601 - new_apply_order.py[line:712]: {'app': 'monni', 'loan_order_id': '1443455117177786368', 'mobile': '3632981492', 'order_status': 35}
INFO - 2021-09-30 13:58:22,107 - new_apply_order.py[line:815]: 校验重试查询第2次
ERROR - 2021-09-30 13:58:23,118 - new_apply_order.py[line:711]: 放款完成或准备失败,目前的订单状态是35
INFO - 2021-09-30 13:58:23,118 - new_apply_order.py[line:712]: {'app': 'monni', 'loan_order_id': '1443455117177786368', 'mobile': '3632981492', 'order_status': 35}
INFO - 2021-09-30 13:58:23,621 - new_apply_order.py[line:815]: 校验重试查询第3次
ERROR - 2021-09-30 13:58:24,636 - new_apply_order.py[line:711]: 放款完成或准备失败,目前的订单状态是35
INFO - 2021-09-30 13:58:24,636 - new_apply_order.py[line:712]: {'app': 'monni', 'loan_order_id': '1443455117177786368', 'mobile': '3632981492', 'order_status': 35}
INFO - 2021-09-30 13:58:25,145 - new_apply_order.py[line:815]: 校验重试查询第4次
ERROR - 2021-09-30 13:58:26,159 - new_apply_order.py[line:711]: 放款完成或准备失败,目前的订单状态是35
INFO - 2021-09-30 13:58:26,160 - new_apply_order.py[line:712]: {'app': 'monni', 'loan_order_id': '1443455117177786368', 'mobile': '3632981492', 'order_status': 35}
INFO - 2021-09-30 13:58:26,667 - new_apply_order.py[line:815]: 校验重试查询第5次
INFO - 2021-09-30 13:58:27,679 - new_apply_order.py[line:709]: 放款完成或准备成功,目前的订单状态是40
INFO - 2021-09-30 13:58:27,680 - new_apply_order.py[line:712]: {'app': 'monni', 'loan_order_id': '1443455117177786368', 'mobile': '3632981492', 'order_status': 40}
INFO - 2021-09-30 13:58:27,682 - new_apply_order.py[line:832]: ===========完成第【11】次进件===========
INFO - 2021-09-30 13:58:27,682 - new_apply_order.py[line:792]: 开始第 monni【12】次进件……
INFO - 2021-09-30 13:58:27,683 - new_apply_order.py[line:82]: ======【co测试环境】生成手机号：3632981507 ======
INFO - 2021-09-30 13:58:28,041 - new_apply_order.py[line:95]: 3632981507 检测用户存在成功！
INFO - 2021-09-30 13:58:28,098 - new_apply_order.py[line:104]: 3632981507 短信发送成功！
INFO - 2021-09-30 13:58:28,144 - new_apply_order.py[line:117]: 3632981507 注册成功！
INFO - 2021-09-30 13:58:28,203 - new_apply_order.py[line:133]: 3632981507 登录短信发送成功！
INFO - 2021-09-30 13:58:28,254 - new_apply_order.py[line:143]: userId=4956553425278345216,mobile=3632981507,token=ac03951b63d823151c85e025bb30dd5a 登录成功
INFO - 2021-09-30 13:58:28,380 - new_apply_order.py[line:205]: 个人信息提交成功！
INFO - 2021-09-30 13:58:28,726 - new_apply_order.py[line:238]: 创建预审订单成功！
INFO - 2021-09-30 13:58:28,744 - new_apply_order.py[line:246]: 预审状态修改为通过,更新条数 1
INFO - 2021-09-30 13:58:28,759 - new_apply_order.py[line:249]: 更新初始额度！更新条数 1
INFO - 2021-09-30 13:58:29,063 - new_apply_order.py[line:266]: 活体图片上传成功！回写配置文件global_param.mp4_url
INFO - 2021-09-30 13:58:29,117 - new_apply_order.py[line:276]: 视频认证通过！
INFO - 2021-09-30 13:58:31,063 - new_apply_order.py[line:364]: curp上传成功!
INFO - 2021-09-30 13:58:31,176 - new_apply_order.py[line:373]: curp_rfc校验通过！
INFO - 2021-09-30 13:58:31,718 - new_apply_order.py[line:509]: 不绑卡成功跳过！
INFO - 2021-09-30 13:58:31,899 - new_apply_order.py[line:522]: 进件成功！执行sql将订单改为风控中……
INFO - 2021-09-30 13:58:32,928 - new_apply_order.py[line:528]: 订单表更新1条，信审更新1条
INFO - 2021-09-30 13:58:33,524 - new_apply_order.py[line:542]: 查询loan_order_id成功！
INFO - 2021-09-30 13:58:33,571 - new_apply_order.py[line:557]: 订单回调复审通过成功！
INFO - 2021-09-30 13:58:34,360 - new_apply_order.py[line:579]: 获取token成功！token=bearer b6575fba-b0a6-4280-8b50-de71631f9b47！
INFO - 2021-09-30 13:58:34,920 - new_apply_order.py[line:542]: 查询loan_order_id成功！
INFO - 2021-09-30 13:58:35,243 - new_apply_order.py[line:597]: 后台已触发放款成功！
INFO - 2021-09-30 13:58:35,255 - new_apply_order.py[line:611]: xxl_job web 登录成功！
INFO - 2021-09-30 13:58:35,267 - new_apply_order.py[line:627]: xxl_job 放款准备作业执行成功！
INFO - 2021-09-30 13:58:36,814 - new_apply_order.py[line:542]: 查询loan_order_id成功！
INFO - 2021-09-30 13:58:36,839 - new_apply_order.py[line:635]: 修改放款准备完成时间成功！
INFO - 2021-09-30 13:58:36,848 - new_apply_order.py[line:643]: xxl_job 放款完成作业执行成功！
INFO - 2021-09-30 13:58:37,154 - new_apply_order.py[line:815]: 校验重试查询第1次
ERROR - 2021-09-30 13:58:38,165 - new_apply_order.py[line:711]: 放款完成或准备失败,目前的订单状态是35
INFO - 2021-09-30 13:58:38,165 - new_apply_order.py[line:712]: {'app': 'monni', 'loan_order_id': '1443455183137411072', 'mobile': '3632981507', 'order_status': 35}
INFO - 2021-09-30 13:58:38,673 - new_apply_order.py[line:815]: 校验重试查询第2次
ERROR - 2021-09-30 13:58:39,687 - new_apply_order.py[line:711]: 放款完成或准备失败,目前的订单状态是35
INFO - 2021-09-30 13:58:39,687 - new_apply_order.py[line:712]: {'app': 'monni', 'loan_order_id': '1443455183137411072', 'mobile': '3632981507', 'order_status': 35}
INFO - 2021-09-30 13:58:40,193 - new_apply_order.py[line:815]: 校验重试查询第3次
ERROR - 2021-09-30 13:58:41,208 - new_apply_order.py[line:711]: 放款完成或准备失败,目前的订单状态是35
INFO - 2021-09-30 13:58:41,209 - new_apply_order.py[line:712]: {'app': 'monni', 'loan_order_id': '1443455183137411072', 'mobile': '3632981507', 'order_status': 35}
INFO - 2021-09-30 13:58:41,714 - new_apply_order.py[line:815]: 校验重试查询第4次
ERROR - 2021-09-30 13:58:42,730 - new_apply_order.py[line:711]: 放款完成或准备失败,目前的订单状态是35
INFO - 2021-09-30 13:58:42,731 - new_apply_order.py[line:712]: {'app': 'monni', 'loan_order_id': '1443455183137411072', 'mobile': '3632981507', 'order_status': 35}
INFO - 2021-09-30 13:58:43,237 - new_apply_order.py[line:815]: 校验重试查询第5次
ERROR - 2021-09-30 13:58:44,250 - new_apply_order.py[line:711]: 放款完成或准备失败,目前的订单状态是35
INFO - 2021-09-30 13:58:44,251 - new_apply_order.py[line:712]: {'app': 'monni', 'loan_order_id': '1443455183137411072', 'mobile': '3632981507', 'order_status': 35}
INFO - 2021-09-30 13:58:44,755 - new_apply_order.py[line:815]: 校验重试查询第6次
INFO - 2021-09-30 13:58:45,766 - new_apply_order.py[line:709]: 放款完成或准备成功,目前的订单状态是40
INFO - 2021-09-30 13:58:45,766 - new_apply_order.py[line:712]: {'app': 'monni', 'loan_order_id': '1443455183137411072', 'mobile': '3632981507', 'order_status': 40}
INFO - 2021-09-30 13:58:45,766 - new_apply_order.py[line:832]: ===========完成第【12】次进件===========
INFO - 2021-09-30 13:58:45,766 - new_apply_order.py[line:792]: 开始第 monni【13】次进件……
INFO - 2021-09-30 13:58:45,767 - new_apply_order.py[line:82]: ======【co测试环境】生成手机号：3632981525 ======
INFO - 2021-09-30 13:58:46,111 - new_apply_order.py[line:95]: 3632981525 检测用户存在成功！
INFO - 2021-09-30 13:58:46,166 - new_apply_order.py[line:104]: 3632981525 短信发送成功！
INFO - 2021-09-30 13:58:46,209 - new_apply_order.py[line:117]: 3632981525 注册成功！
INFO - 2021-09-30 13:58:46,277 - new_apply_order.py[line:133]: 3632981525 登录短信发送成功！
INFO - 2021-09-30 13:58:46,323 - new_apply_order.py[line:143]: userId=4956553501048446976,mobile=3632981525,token=eb0db43689f3091d4eec42db26f3c978 登录成功
INFO - 2021-09-30 13:58:46,413 - new_apply_order.py[line:205]: 个人信息提交成功！
INFO - 2021-09-30 13:58:46,625 - new_apply_order.py[line:238]: 创建预审订单成功！
INFO - 2021-09-30 13:58:46,646 - new_apply_order.py[line:246]: 预审状态修改为通过,更新条数 1
INFO - 2021-09-30 13:58:46,663 - new_apply_order.py[line:249]: 更新初始额度！更新条数 1
INFO - 2021-09-30 13:58:47,000 - new_apply_order.py[line:266]: 活体图片上传成功！回写配置文件global_param.mp4_url
INFO - 2021-09-30 13:58:47,051 - new_apply_order.py[line:276]: 视频认证通过！
INFO - 2021-09-30 13:58:48,300 - new_apply_order.py[line:364]: curp上传成功!
INFO - 2021-09-30 13:58:48,419 - new_apply_order.py[line:373]: curp_rfc校验通过！
INFO - 2021-09-30 13:58:48,994 - new_apply_order.py[line:509]: 不绑卡成功跳过！
INFO - 2021-09-30 13:58:49,211 - new_apply_order.py[line:522]: 进件成功！执行sql将订单改为风控中……
INFO - 2021-09-30 13:58:50,263 - new_apply_order.py[line:528]: 订单表更新1条，信审更新1条
INFO - 2021-09-30 13:58:50,815 - new_apply_order.py[line:542]: 查询loan_order_id成功！
INFO - 2021-09-30 13:58:50,863 - new_apply_order.py[line:557]: 订单回调复审通过成功！
INFO - 2021-09-30 13:58:51,626 - new_apply_order.py[line:579]: 获取token成功！token=bearer b6575fba-b0a6-4280-8b50-de71631f9b47！
INFO - 2021-09-30 13:58:52,178 - new_apply_order.py[line:542]: 查询loan_order_id成功！
INFO - 2021-09-30 13:58:52,497 - new_apply_order.py[line:597]: 后台已触发放款成功！
INFO - 2021-09-30 13:58:52,508 - new_apply_order.py[line:611]: xxl_job web 登录成功！
INFO - 2021-09-30 13:58:52,520 - new_apply_order.py[line:627]: xxl_job 放款准备作业执行成功！
INFO - 2021-09-30 13:58:54,073 - new_apply_order.py[line:542]: 查询loan_order_id成功！
INFO - 2021-09-30 13:58:54,089 - new_apply_order.py[line:635]: 修改放款准备完成时间成功！
INFO - 2021-09-30 13:58:54,097 - new_apply_order.py[line:643]: xxl_job 放款完成作业执行成功！
INFO - 2021-09-30 13:58:54,401 - new_apply_order.py[line:815]: 校验重试查询第1次
ERROR - 2021-09-30 13:58:55,412 - new_apply_order.py[line:711]: 放款完成或准备失败,目前的订单状态是35
INFO - 2021-09-30 13:58:55,412 - new_apply_order.py[line:712]: {'app': 'monni', 'loan_order_id': '1443455258504859648', 'mobile': '3632981525', 'order_status': 35}
INFO - 2021-09-30 13:58:55,920 - new_apply_order.py[line:815]: 校验重试查询第2次
ERROR - 2021-09-30 13:58:56,930 - new_apply_order.py[line:711]: 放款完成或准备失败,目前的订单状态是35
INFO - 2021-09-30 13:58:56,930 - new_apply_order.py[line:712]: {'app': 'monni', 'loan_order_id': '1443455258504859648', 'mobile': '3632981525', 'order_status': 35}
INFO - 2021-09-30 13:58:57,436 - new_apply_order.py[line:815]: 校验重试查询第3次
ERROR - 2021-09-30 13:58:58,445 - new_apply_order.py[line:711]: 放款完成或准备失败,目前的订单状态是35
INFO - 2021-09-30 13:58:58,446 - new_apply_order.py[line:712]: {'app': 'monni', 'loan_order_id': '1443455258504859648', 'mobile': '3632981525', 'order_status': 35}
INFO - 2021-09-30 13:58:58,957 - new_apply_order.py[line:815]: 校验重试查询第4次
ERROR - 2021-09-30 13:58:59,966 - new_apply_order.py[line:711]: 放款完成或准备失败,目前的订单状态是35
INFO - 2021-09-30 13:58:59,966 - new_apply_order.py[line:712]: {'app': 'monni', 'loan_order_id': '1443455258504859648', 'mobile': '3632981525', 'order_status': 35}
INFO - 2021-09-30 13:59:00,469 - new_apply_order.py[line:815]: 校验重试查询第5次
ERROR - 2021-09-30 13:59:01,477 - new_apply_order.py[line:711]: 放款完成或准备失败,目前的订单状态是35
INFO - 2021-09-30 13:59:01,477 - new_apply_order.py[line:712]: {'app': 'monni', 'loan_order_id': '1443455258504859648', 'mobile': '3632981525', 'order_status': 35}
INFO - 2021-09-30 13:59:01,984 - new_apply_order.py[line:815]: 校验重试查询第6次
INFO - 2021-09-30 13:59:02,995 - new_apply_order.py[line:709]: 放款完成或准备成功,目前的订单状态是40
INFO - 2021-09-30 13:59:02,995 - new_apply_order.py[line:712]: {'app': 'monni', 'loan_order_id': '1443455258504859648', 'mobile': '3632981525', 'order_status': 40}
INFO - 2021-09-30 13:59:02,997 - new_apply_order.py[line:832]: ===========完成第【13】次进件===========
INFO - 2021-09-30 13:59:02,997 - new_apply_order.py[line:792]: 开始第 monni【14】次进件……
INFO - 2021-09-30 13:59:02,997 - new_apply_order.py[line:82]: ======【co测试环境】生成手机号：3632981542 ======
INFO - 2021-09-30 13:59:03,367 - new_apply_order.py[line:95]: 3632981542 检测用户存在成功！
INFO - 2021-09-30 13:59:03,424 - new_apply_order.py[line:104]: 3632981542 短信发送成功！
INFO - 2021-09-30 13:59:03,467 - new_apply_order.py[line:117]: 3632981542 注册成功！
INFO - 2021-09-30 13:59:03,528 - new_apply_order.py[line:133]: 3632981542 登录短信发送成功！
INFO - 2021-09-30 13:59:03,579 - new_apply_order.py[line:143]: userId=4956553573437939712,mobile=3632981542,token=865af9ee2a4821e8377d2acf8f99882f 登录成功
INFO - 2021-09-30 13:59:03,661 - new_apply_order.py[line:205]: 个人信息提交成功！
INFO - 2021-09-30 13:59:03,917 - new_apply_order.py[line:238]: 创建预审订单成功！
INFO - 2021-09-30 13:59:03,934 - new_apply_order.py[line:246]: 预审状态修改为通过,更新条数 1
INFO - 2021-09-30 13:59:03,951 - new_apply_order.py[line:249]: 更新初始额度！更新条数 1
INFO - 2021-09-30 13:59:05,216 - new_apply_order.py[line:266]: 活体图片上传成功！回写配置文件global_param.mp4_url
INFO - 2021-09-30 13:59:05,262 - new_apply_order.py[line:276]: 视频认证通过！
INFO - 2021-09-30 13:59:06,344 - new_apply_order.py[line:364]: curp上传成功!
INFO - 2021-09-30 13:59:06,455 - new_apply_order.py[line:373]: curp_rfc校验通过！
INFO - 2021-09-30 13:59:06,980 - new_apply_order.py[line:509]: 不绑卡成功跳过！
INFO - 2021-09-30 13:59:07,151 - new_apply_order.py[line:522]: 进件成功！执行sql将订单改为风控中……
INFO - 2021-09-30 13:59:08,193 - new_apply_order.py[line:528]: 订单表更新1条，信审更新1条
INFO - 2021-09-30 13:59:08,677 - new_apply_order.py[line:542]: 查询loan_order_id成功！
INFO - 2021-09-30 13:59:08,719 - new_apply_order.py[line:557]: 订单回调复审通过成功！
INFO - 2021-09-30 13:59:09,485 - new_apply_order.py[line:579]: 获取token成功！token=bearer b6575fba-b0a6-4280-8b50-de71631f9b47！
INFO - 2021-09-30 13:59:10,050 - new_apply_order.py[line:542]: 查询loan_order_id成功！
INFO - 2021-09-30 13:59:10,383 - new_apply_order.py[line:597]: 后台已触发放款成功！
INFO - 2021-09-30 13:59:10,394 - new_apply_order.py[line:611]: xxl_job web 登录成功！
INFO - 2021-09-30 13:59:10,404 - new_apply_order.py[line:627]: xxl_job 放款准备作业执行成功！
INFO - 2021-09-30 13:59:11,949 - new_apply_order.py[line:542]: 查询loan_order_id成功！
INFO - 2021-09-30 13:59:11,967 - new_apply_order.py[line:635]: 修改放款准备完成时间成功！
INFO - 2021-09-30 13:59:11,975 - new_apply_order.py[line:643]: xxl_job 放款完成作业执行成功！
INFO - 2021-09-30 13:59:12,278 - new_apply_order.py[line:815]: 校验重试查询第1次
ERROR - 2021-09-30 13:59:13,296 - new_apply_order.py[line:711]: 放款完成或准备失败,目前的订单状态是35
INFO - 2021-09-30 13:59:13,296 - new_apply_order.py[line:712]: {'app': 'monni', 'loan_order_id': '1443455330940489728', 'mobile': '3632981542', 'order_status': 35}
INFO - 2021-09-30 13:59:13,797 - new_apply_order.py[line:815]: 校验重试查询第2次
ERROR - 2021-09-30 13:59:14,812 - new_apply_order.py[line:711]: 放款完成或准备失败,目前的订单状态是35
INFO - 2021-09-30 13:59:14,813 - new_apply_order.py[line:712]: {'app': 'monni', 'loan_order_id': '1443455330940489728', 'mobile': '3632981542', 'order_status': 35}
INFO - 2021-09-30 13:59:15,320 - new_apply_order.py[line:815]: 校验重试查询第3次
ERROR - 2021-09-30 13:59:16,336 - new_apply_order.py[line:711]: 放款完成或准备失败,目前的订单状态是35
INFO - 2021-09-30 13:59:16,336 - new_apply_order.py[line:712]: {'app': 'monni', 'loan_order_id': '1443455330940489728', 'mobile': '3632981542', 'order_status': 35}
INFO - 2021-09-30 13:59:16,845 - new_apply_order.py[line:815]: 校验重试查询第4次
ERROR - 2021-09-30 13:59:17,857 - new_apply_order.py[line:711]: 放款完成或准备失败,目前的订单状态是35
INFO - 2021-09-30 13:59:17,857 - new_apply_order.py[line:712]: {'app': 'monni', 'loan_order_id': '1443455330940489728', 'mobile': '3632981542', 'order_status': 35}
INFO - 2021-09-30 13:59:18,364 - new_apply_order.py[line:815]: 校验重试查询第5次
INFO - 2021-09-30 13:59:19,380 - new_apply_order.py[line:709]: 放款完成或准备成功,目前的订单状态是40
INFO - 2021-09-30 13:59:19,380 - new_apply_order.py[line:712]: {'app': 'monni', 'loan_order_id': '1443455330940489728', 'mobile': '3632981542', 'order_status': 40}
INFO - 2021-09-30 13:59:19,381 - new_apply_order.py[line:832]: ===========完成第【14】次进件===========
INFO - 2021-09-30 13:59:19,381 - new_apply_order.py[line:792]: 开始第 monni【15】次进件……
INFO - 2021-09-30 13:59:19,382 - new_apply_order.py[line:82]: ======【co测试环境】生成手机号：3632981559 ======
INFO - 2021-09-30 13:59:19,732 - new_apply_order.py[line:95]: 3632981559 检测用户存在成功！
INFO - 2021-09-30 13:59:19,795 - new_apply_order.py[line:104]: 3632981559 短信发送成功！
INFO - 2021-09-30 13:59:19,844 - new_apply_order.py[line:117]: 3632981559 注册成功！
INFO - 2021-09-30 13:59:19,908 - new_apply_order.py[line:133]: 3632981559 登录短信发送成功！
INFO - 2021-09-30 13:59:19,962 - new_apply_order.py[line:143]: userId=4956553642102890496,mobile=3632981559,token=aa21c52940f57a7a3db0864f27d450bc 登录成功
INFO - 2021-09-30 13:59:20,069 - new_apply_order.py[line:205]: 个人信息提交成功！
INFO - 2021-09-30 13:59:20,348 - new_apply_order.py[line:238]: 创建预审订单成功！
INFO - 2021-09-30 13:59:20,376 - new_apply_order.py[line:246]: 预审状态修改为通过,更新条数 1
INFO - 2021-09-30 13:59:20,407 - new_apply_order.py[line:249]: 更新初始额度！更新条数 1
INFO - 2021-09-30 13:59:20,701 - new_apply_order.py[line:266]: 活体图片上传成功！回写配置文件global_param.mp4_url
INFO - 2021-09-30 13:59:20,757 - new_apply_order.py[line:276]: 视频认证通过！
INFO - 2021-09-30 13:59:21,798 - new_apply_order.py[line:364]: curp上传成功!
INFO - 2021-09-30 13:59:21,899 - new_apply_order.py[line:373]: curp_rfc校验通过！
INFO - 2021-09-30 13:59:22,482 - new_apply_order.py[line:509]: 不绑卡成功跳过！
INFO - 2021-09-30 13:59:22,680 - new_apply_order.py[line:522]: 进件成功！执行sql将订单改为风控中……
INFO - 2021-09-30 13:59:23,728 - new_apply_order.py[line:528]: 订单表更新1条，信审更新1条
INFO - 2021-09-30 13:59:24,296 - new_apply_order.py[line:542]: 查询loan_order_id成功！
INFO - 2021-09-30 13:59:24,339 - new_apply_order.py[line:557]: 订单回调复审通过成功！
INFO - 2021-09-30 13:59:25,125 - new_apply_order.py[line:579]: 获取token成功！token=bearer b6575fba-b0a6-4280-8b50-de71631f9b47！
INFO - 2021-09-30 13:59:25,681 - new_apply_order.py[line:542]: 查询loan_order_id成功！
INFO - 2021-09-30 13:59:26,001 - new_apply_order.py[line:597]: 后台已触发放款成功！
INFO - 2021-09-30 13:59:26,013 - new_apply_order.py[line:611]: xxl_job web 登录成功！
INFO - 2021-09-30 13:59:26,023 - new_apply_order.py[line:627]: xxl_job 放款准备作业执行成功！
INFO - 2021-09-30 13:59:27,578 - new_apply_order.py[line:542]: 查询loan_order_id成功！
INFO - 2021-09-30 13:59:27,597 - new_apply_order.py[line:635]: 修改放款准备完成时间成功！
INFO - 2021-09-30 13:59:27,606 - new_apply_order.py[line:643]: xxl_job 放款完成作业执行成功！
INFO - 2021-09-30 13:59:27,913 - new_apply_order.py[line:815]: 校验重试查询第1次
ERROR - 2021-09-30 13:59:28,931 - new_apply_order.py[line:711]: 放款完成或准备失败,目前的订单状态是35
INFO - 2021-09-30 13:59:28,931 - new_apply_order.py[line:712]: {'app': 'monni', 'loan_order_id': '1443455399823544320', 'mobile': '3632981559', 'order_status': 35}
INFO - 2021-09-30 13:59:29,440 - new_apply_order.py[line:815]: 校验重试查询第2次
ERROR - 2021-09-30 13:59:30,454 - new_apply_order.py[line:711]: 放款完成或准备失败,目前的订单状态是35
INFO - 2021-09-30 13:59:30,454 - new_apply_order.py[line:712]: {'app': 'monni', 'loan_order_id': '1443455399823544320', 'mobile': '3632981559', 'order_status': 35}
INFO - 2021-09-30 13:59:30,961 - new_apply_order.py[line:815]: 校验重试查询第3次
ERROR - 2021-09-30 13:59:31,974 - new_apply_order.py[line:711]: 放款完成或准备失败,目前的订单状态是35
INFO - 2021-09-30 13:59:31,975 - new_apply_order.py[line:712]: {'app': 'monni', 'loan_order_id': '1443455399823544320', 'mobile': '3632981559', 'order_status': 35}
INFO - 2021-09-30 13:59:32,481 - new_apply_order.py[line:815]: 校验重试查询第4次
ERROR - 2021-09-30 13:59:33,498 - new_apply_order.py[line:711]: 放款完成或准备失败,目前的订单状态是35
INFO - 2021-09-30 13:59:33,499 - new_apply_order.py[line:712]: {'app': 'monni', 'loan_order_id': '1443455399823544320', 'mobile': '3632981559', 'order_status': 35}
INFO - 2021-09-30 13:59:34,006 - new_apply_order.py[line:815]: 校验重试查询第5次
ERROR - 2021-09-30 13:59:35,021 - new_apply_order.py[line:711]: 放款完成或准备失败,目前的订单状态是35
INFO - 2021-09-30 13:59:35,021 - new_apply_order.py[line:712]: {'app': 'monni', 'loan_order_id': '1443455399823544320', 'mobile': '3632981559', 'order_status': 35}
INFO - 2021-09-30 13:59:35,529 - new_apply_order.py[line:815]: 校验重试查询第6次
INFO - 2021-09-30 13:59:36,547 - new_apply_order.py[line:709]: 放款完成或准备成功,目前的订单状态是40
INFO - 2021-09-30 13:59:36,547 - new_apply_order.py[line:712]: {'app': 'monni', 'loan_order_id': '1443455399823544320', 'mobile': '3632981559', 'order_status': 40}
INFO - 2021-09-30 13:59:36,548 - new_apply_order.py[line:832]: ===========完成第【15】次进件===========
INFO - 2021-09-30 13:59:36,548 - new_apply_order.py[line:792]: 开始第 monni【16】次进件……
INFO - 2021-09-30 13:59:36,549 - new_apply_order.py[line:82]: ======【co测试环境】生成手机号：3632981576 ======
INFO - 2021-09-30 13:59:36,892 - new_apply_order.py[line:95]: 3632981576 检测用户存在成功！
INFO - 2021-09-30 13:59:36,940 - new_apply_order.py[line:104]: 3632981576 短信发送成功！
INFO - 2021-09-30 13:59:36,983 - new_apply_order.py[line:117]: 3632981576 注册成功！
INFO - 2021-09-30 13:59:37,040 - new_apply_order.py[line:133]: 3632981576 登录短信发送成功！
INFO - 2021-09-30 13:59:37,090 - new_apply_order.py[line:143]: userId=4956553714001649664,mobile=3632981576,token=c5cefe1019dcd824c87cc0aed47dd73f 登录成功
INFO - 2021-09-30 13:59:37,183 - new_apply_order.py[line:205]: 个人信息提交成功！
INFO - 2021-09-30 13:59:37,448 - new_apply_order.py[line:238]: 创建预审订单成功！
INFO - 2021-09-30 13:59:37,471 - new_apply_order.py[line:246]: 预审状态修改为通过,更新条数 1
INFO - 2021-09-30 13:59:37,493 - new_apply_order.py[line:249]: 更新初始额度！更新条数 1
INFO - 2021-09-30 13:59:37,792 - new_apply_order.py[line:266]: 活体图片上传成功！回写配置文件global_param.mp4_url
INFO - 2021-09-30 13:59:37,862 - new_apply_order.py[line:276]: 视频认证通过！
INFO - 2021-09-30 13:59:38,923 - new_apply_order.py[line:364]: curp上传成功!
INFO - 2021-09-30 13:59:39,028 - new_apply_order.py[line:373]: curp_rfc校验通过！
INFO - 2021-09-30 13:59:39,599 - new_apply_order.py[line:509]: 不绑卡成功跳过！
INFO - 2021-09-30 13:59:39,782 - new_apply_order.py[line:522]: 进件成功！执行sql将订单改为风控中……
INFO - 2021-09-30 13:59:40,838 - new_apply_order.py[line:528]: 订单表更新1条，信审更新1条
INFO - 2021-09-30 13:59:41,430 - new_apply_order.py[line:542]: 查询loan_order_id成功！
INFO - 2021-09-30 13:59:41,480 - new_apply_order.py[line:557]: 订单回调复审通过成功！
INFO - 2021-09-30 13:59:42,203 - new_apply_order.py[line:579]: 获取token成功！token=bearer b6575fba-b0a6-4280-8b50-de71631f9b47！
INFO - 2021-09-30 13:59:42,774 - new_apply_order.py[line:542]: 查询loan_order_id成功！
INFO - 2021-09-30 13:59:43,108 - new_apply_order.py[line:597]: 后台已触发放款成功！
INFO - 2021-09-30 13:59:43,122 - new_apply_order.py[line:611]: xxl_job web 登录成功！
INFO - 2021-09-30 13:59:43,134 - new_apply_order.py[line:627]: xxl_job 放款准备作业执行成功！
INFO - 2021-09-30 13:59:44,690 - new_apply_order.py[line:542]: 查询loan_order_id成功！
INFO - 2021-09-30 13:59:44,706 - new_apply_order.py[line:635]: 修改放款准备完成时间成功！
INFO - 2021-09-30 13:59:44,713 - new_apply_order.py[line:643]: xxl_job 放款完成作业执行成功！
INFO - 2021-09-30 13:59:45,017 - new_apply_order.py[line:815]: 校验重试查询第1次
ERROR - 2021-09-30 13:59:46,030 - new_apply_order.py[line:711]: 放款完成或准备失败,目前的订单状态是35
INFO - 2021-09-30 13:59:46,031 - new_apply_order.py[line:712]: {'app': 'monni', 'loan_order_id': '1443455471495811072', 'mobile': '3632981576', 'order_status': 35}
INFO - 2021-09-30 13:59:46,534 - new_apply_order.py[line:815]: 校验重试查询第2次
ERROR - 2021-09-30 13:59:47,542 - new_apply_order.py[line:711]: 放款完成或准备失败,目前的订单状态是35
INFO - 2021-09-30 13:59:47,543 - new_apply_order.py[line:712]: {'app': 'monni', 'loan_order_id': '1443455471495811072', 'mobile': '3632981576', 'order_status': 35}
INFO - 2021-09-30 13:59:48,048 - new_apply_order.py[line:815]: 校验重试查询第3次
ERROR - 2021-09-30 13:59:49,064 - new_apply_order.py[line:711]: 放款完成或准备失败,目前的订单状态是35
INFO - 2021-09-30 13:59:49,065 - new_apply_order.py[line:712]: {'app': 'monni', 'loan_order_id': '1443455471495811072', 'mobile': '3632981576', 'order_status': 35}
INFO - 2021-09-30 13:59:49,571 - new_apply_order.py[line:815]: 校验重试查询第4次
ERROR - 2021-09-30 13:59:50,588 - new_apply_order.py[line:711]: 放款完成或准备失败,目前的订单状态是35
INFO - 2021-09-30 13:59:50,588 - new_apply_order.py[line:712]: {'app': 'monni', 'loan_order_id': '1443455471495811072', 'mobile': '3632981576', 'order_status': 35}
INFO - 2021-09-30 13:59:51,091 - new_apply_order.py[line:815]: 校验重试查询第5次
ERROR - 2021-09-30 13:59:52,104 - new_apply_order.py[line:711]: 放款完成或准备失败,目前的订单状态是35
INFO - 2021-09-30 13:59:52,104 - new_apply_order.py[line:712]: {'app': 'monni', 'loan_order_id': '1443455471495811072', 'mobile': '3632981576', 'order_status': 35}
INFO - 2021-09-30 13:59:52,611 - new_apply_order.py[line:815]: 校验重试查询第6次
INFO - 2021-09-30 13:59:53,629 - new_apply_order.py[line:709]: 放款完成或准备成功,目前的订单状态是40
INFO - 2021-09-30 13:59:53,630 - new_apply_order.py[line:712]: {'app': 'monni', 'loan_order_id': '1443455471495811072', 'mobile': '3632981576', 'order_status': 40}
INFO - 2021-09-30 13:59:53,630 - new_apply_order.py[line:832]: ===========完成第【16】次进件===========
INFO - 2021-09-30 13:59:53,631 - new_apply_order.py[line:792]: 开始第 monni【17】次进件……
INFO - 2021-09-30 13:59:53,632 - new_apply_order.py[line:82]: ======【co测试环境】生成手机号：3632981593 ======
INFO - 2021-09-30 13:59:53,987 - new_apply_order.py[line:95]: 3632981593 检测用户存在成功！
INFO - 2021-09-30 13:59:54,050 - new_apply_order.py[line:104]: 3632981593 短信发送成功！
INFO - 2021-09-30 13:59:54,103 - new_apply_order.py[line:117]: 3632981593 注册成功！
INFO - 2021-09-30 13:59:54,174 - new_apply_order.py[line:133]: 3632981593 登录短信发送成功！
INFO - 2021-09-30 13:59:54,230 - new_apply_order.py[line:143]: userId=4956553785774579712,mobile=3632981593,token=ba4ab05928b0c38b888b6234f873e08c 登录成功
INFO - 2021-09-30 13:59:54,343 - new_apply_order.py[line:205]: 个人信息提交成功！
INFO - 2021-09-30 13:59:54,597 - new_apply_order.py[line:238]: 创建预审订单成功！
INFO - 2021-09-30 13:59:54,619 - new_apply_order.py[line:246]: 预审状态修改为通过,更新条数 1
INFO - 2021-09-30 13:59:54,640 - new_apply_order.py[line:249]: 更新初始额度！更新条数 1
INFO - 2021-09-30 13:59:54,938 - new_apply_order.py[line:266]: 活体图片上传成功！回写配置文件global_param.mp4_url
INFO - 2021-09-30 13:59:54,991 - new_apply_order.py[line:276]: 视频认证通过！
INFO - 2021-09-30 13:59:56,162 - new_apply_order.py[line:364]: curp上传成功!
INFO - 2021-09-30 13:59:56,263 - new_apply_order.py[line:373]: curp_rfc校验通过！
INFO - 2021-09-30 13:59:56,841 - new_apply_order.py[line:509]: 不绑卡成功跳过！
INFO - 2021-09-30 13:59:57,009 - new_apply_order.py[line:522]: 进件成功！执行sql将订单改为风控中……
INFO - 2021-09-30 13:59:58,047 - new_apply_order.py[line:528]: 订单表更新1条，信审更新1条
INFO - 2021-09-30 13:59:58,646 - new_apply_order.py[line:542]: 查询loan_order_id成功！
INFO - 2021-09-30 13:59:58,688 - new_apply_order.py[line:557]: 订单回调复审通过成功！
INFO - 2021-09-30 13:59:59,413 - new_apply_order.py[line:579]: 获取token成功！token=bearer b6575fba-b0a6-4280-8b50-de71631f9b47！
INFO - 2021-09-30 13:59:59,998 - new_apply_order.py[line:542]: 查询loan_order_id成功！
INFO - 2021-09-30 14:00:00,319 - new_apply_order.py[line:597]: 后台已触发放款成功！
INFO - 2021-09-30 14:00:00,325 - new_apply_order.py[line:611]: xxl_job web 登录成功！
INFO - 2021-09-30 14:00:00,334 - new_apply_order.py[line:627]: xxl_job 放款准备作业执行成功！
INFO - 2021-09-30 14:00:01,876 - new_apply_order.py[line:542]: 查询loan_order_id成功！
INFO - 2021-09-30 14:00:01,899 - new_apply_order.py[line:635]: 修改放款准备完成时间成功！
INFO - 2021-09-30 14:00:01,907 - new_apply_order.py[line:643]: xxl_job 放款完成作业执行成功！
INFO - 2021-09-30 14:00:02,214 - new_apply_order.py[line:815]: 校验重试查询第1次
ERROR - 2021-09-30 14:00:03,232 - new_apply_order.py[line:711]: 放款完成或准备失败,目前的订单状态是35
INFO - 2021-09-30 14:00:03,232 - new_apply_order.py[line:712]: {'app': 'monni', 'loan_order_id': '1443455543541370880', 'mobile': '3632981593', 'order_status': 35}
INFO - 2021-09-30 14:00:03,736 - new_apply_order.py[line:815]: 校验重试查询第2次
ERROR - 2021-09-30 14:00:04,751 - new_apply_order.py[line:711]: 放款完成或准备失败,目前的订单状态是35
INFO - 2021-09-30 14:00:04,752 - new_apply_order.py[line:712]: {'app': 'monni', 'loan_order_id': '1443455543541370880', 'mobile': '3632981593', 'order_status': 35}
INFO - 2021-09-30 14:00:05,258 - new_apply_order.py[line:815]: 校验重试查询第3次
ERROR - 2021-09-30 14:00:06,272 - new_apply_order.py[line:711]: 放款完成或准备失败,目前的订单状态是35
INFO - 2021-09-30 14:00:06,272 - new_apply_order.py[line:712]: {'app': 'monni', 'loan_order_id': '1443455543541370880', 'mobile': '3632981593', 'order_status': 35}
INFO - 2021-09-30 14:00:06,781 - new_apply_order.py[line:815]: 校验重试查询第4次
ERROR - 2021-09-30 14:00:07,791 - new_apply_order.py[line:711]: 放款完成或准备失败,目前的订单状态是35
INFO - 2021-09-30 14:00:07,792 - new_apply_order.py[line:712]: {'app': 'monni', 'loan_order_id': '1443455543541370880', 'mobile': '3632981593', 'order_status': 35}
INFO - 2021-09-30 14:00:08,296 - new_apply_order.py[line:815]: 校验重试查询第5次
INFO - 2021-09-30 14:00:09,313 - new_apply_order.py[line:709]: 放款完成或准备成功,目前的订单状态是40
INFO - 2021-09-30 14:00:09,313 - new_apply_order.py[line:712]: {'app': 'monni', 'loan_order_id': '1443455543541370880', 'mobile': '3632981593', 'order_status': 40}
INFO - 2021-09-30 14:00:09,314 - new_apply_order.py[line:832]: ===========完成第【17】次进件===========
INFO - 2021-09-30 14:00:09,314 - new_apply_order.py[line:792]: 开始第 monni【18】次进件……
INFO - 2021-09-30 14:00:09,315 - new_apply_order.py[line:82]: ======【co测试环境】生成手机号：3632981609 ======
INFO - 2021-09-30 14:00:09,660 - new_apply_order.py[line:95]: 3632981609 检测用户存在成功！
INFO - 2021-09-30 14:00:09,719 - new_apply_order.py[line:104]: 3632981609 短信发送成功！
INFO - 2021-09-30 14:00:09,764 - new_apply_order.py[line:117]: 3632981609 注册成功！
INFO - 2021-09-30 14:00:09,830 - new_apply_order.py[line:133]: 3632981609 登录短信发送成功！
INFO - 2021-09-30 14:00:09,878 - new_apply_order.py[line:143]: userId=4956553851809701888,mobile=3632981609,token=30f0f801a3818756b0fc2e17dd1aacc5 登录成功
INFO - 2021-09-30 14:00:09,966 - new_apply_order.py[line:205]: 个人信息提交成功！
INFO - 2021-09-30 14:00:10,247 - new_apply_order.py[line:238]: 创建预审订单成功！
INFO - 2021-09-30 14:00:10,268 - new_apply_order.py[line:246]: 预审状态修改为通过,更新条数 1
INFO - 2021-09-30 14:00:10,286 - new_apply_order.py[line:249]: 更新初始额度！更新条数 1
INFO - 2021-09-30 14:00:10,533 - new_apply_order.py[line:266]: 活体图片上传成功！回写配置文件global_param.mp4_url
INFO - 2021-09-30 14:00:10,578 - new_apply_order.py[line:276]: 视频认证通过！
INFO - 2021-09-30 14:00:11,656 - new_apply_order.py[line:364]: curp上传成功!
INFO - 2021-09-30 14:00:11,754 - new_apply_order.py[line:373]: curp_rfc校验通过！
INFO - 2021-09-30 14:00:12,320 - new_apply_order.py[line:509]: 不绑卡成功跳过！
INFO - 2021-09-30 14:00:12,513 - new_apply_order.py[line:522]: 进件成功！执行sql将订单改为风控中……
INFO - 2021-09-30 14:00:13,566 - new_apply_order.py[line:528]: 订单表更新1条，信审更新1条
INFO - 2021-09-30 14:00:14,121 - new_apply_order.py[line:542]: 查询loan_order_id成功！
INFO - 2021-09-30 14:00:14,159 - new_apply_order.py[line:557]: 订单回调复审通过成功！
INFO - 2021-09-30 14:00:14,931 - new_apply_order.py[line:579]: 获取token成功！token=bearer b6575fba-b0a6-4280-8b50-de71631f9b47！
INFO - 2021-09-30 14:00:15,481 - new_apply_order.py[line:542]: 查询loan_order_id成功！
INFO - 2021-09-30 14:00:15,796 - new_apply_order.py[line:597]: 后台已触发放款成功！
INFO - 2021-09-30 14:00:15,806 - new_apply_order.py[line:611]: xxl_job web 登录成功！
INFO - 2021-09-30 14:00:15,816 - new_apply_order.py[line:627]: xxl_job 放款准备作业执行成功！
INFO - 2021-09-30 14:00:17,372 - new_apply_order.py[line:542]: 查询loan_order_id成功！
INFO - 2021-09-30 14:00:17,389 - new_apply_order.py[line:635]: 修改放款准备完成时间成功！
INFO - 2021-09-30 14:00:17,397 - new_apply_order.py[line:643]: xxl_job 放款完成作业执行成功！
INFO - 2021-09-30 14:00:17,705 - new_apply_order.py[line:815]: 校验重试查询第1次
ERROR - 2021-09-30 14:00:18,721 - new_apply_order.py[line:711]: 放款完成或准备失败,目前的订单状态是35
INFO - 2021-09-30 14:00:18,722 - new_apply_order.py[line:712]: {'app': 'monni', 'loan_order_id': '1443455609345806336', 'mobile': '3632981609', 'order_status': 35}
INFO - 2021-09-30 14:00:19,230 - new_apply_order.py[line:815]: 校验重试查询第2次
ERROR - 2021-09-30 14:00:20,246 - new_apply_order.py[line:711]: 放款完成或准备失败,目前的订单状态是35
INFO - 2021-09-30 14:00:20,246 - new_apply_order.py[line:712]: {'app': 'monni', 'loan_order_id': '1443455609345806336', 'mobile': '3632981609', 'order_status': 35}
INFO - 2021-09-30 14:00:20,750 - new_apply_order.py[line:815]: 校验重试查询第3次
ERROR - 2021-09-30 14:00:21,767 - new_apply_order.py[line:711]: 放款完成或准备失败,目前的订单状态是35
INFO - 2021-09-30 14:00:21,767 - new_apply_order.py[line:712]: {'app': 'monni', 'loan_order_id': '1443455609345806336', 'mobile': '3632981609', 'order_status': 35}
INFO - 2021-09-30 14:00:22,276 - new_apply_order.py[line:815]: 校验重试查询第4次
ERROR - 2021-09-30 14:00:23,282 - new_apply_order.py[line:711]: 放款完成或准备失败,目前的订单状态是35
INFO - 2021-09-30 14:00:23,282 - new_apply_order.py[line:712]: {'app': 'monni', 'loan_order_id': '1443455609345806336', 'mobile': '3632981609', 'order_status': 35}
INFO - 2021-09-30 14:00:23,787 - new_apply_order.py[line:815]: 校验重试查询第5次
INFO - 2021-09-30 14:00:24,799 - new_apply_order.py[line:709]: 放款完成或准备成功,目前的订单状态是40
INFO - 2021-09-30 14:00:24,800 - new_apply_order.py[line:712]: {'app': 'monni', 'loan_order_id': '1443455609345806336', 'mobile': '3632981609', 'order_status': 40}
INFO - 2021-09-30 14:00:24,800 - new_apply_order.py[line:832]: ===========完成第【18】次进件===========
INFO - 2021-09-30 14:00:24,800 - new_apply_order.py[line:792]: 开始第 monni【19】次进件……
INFO - 2021-09-30 14:00:24,801 - new_apply_order.py[line:82]: ======【co测试环境】生成手机号：3632981624 ======
INFO - 2021-09-30 14:00:25,151 - new_apply_order.py[line:95]: 3632981624 检测用户存在成功！
INFO - 2021-09-30 14:00:25,208 - new_apply_order.py[line:104]: 3632981624 短信发送成功！
INFO - 2021-09-30 14:00:25,256 - new_apply_order.py[line:117]: 3632981624 注册成功！
INFO - 2021-09-30 14:00:25,322 - new_apply_order.py[line:133]: 3632981624 登录短信发送成功！
INFO - 2021-09-30 14:00:25,383 - new_apply_order.py[line:143]: userId=4956553916771082240,mobile=3632981624,token=31b6a00fca45761b99c93371507c291f 登录成功
INFO - 2021-09-30 14:00:25,490 - new_apply_order.py[line:205]: 个人信息提交成功！
INFO - 2021-09-30 14:00:25,749 - new_apply_order.py[line:238]: 创建预审订单成功！
INFO - 2021-09-30 14:00:25,771 - new_apply_order.py[line:246]: 预审状态修改为通过,更新条数 1
INFO - 2021-09-30 14:00:25,792 - new_apply_order.py[line:249]: 更新初始额度！更新条数 1
INFO - 2021-09-30 14:00:26,103 - new_apply_order.py[line:266]: 活体图片上传成功！回写配置文件global_param.mp4_url
INFO - 2021-09-30 14:00:26,160 - new_apply_order.py[line:276]: 视频认证通过！
INFO - 2021-09-30 14:00:28,329 - new_apply_order.py[line:364]: curp上传成功!
INFO - 2021-09-30 14:00:28,456 - new_apply_order.py[line:373]: curp_rfc校验通过！
INFO - 2021-09-30 14:00:29,010 - new_apply_order.py[line:509]: 不绑卡成功跳过！
INFO - 2021-09-30 14:00:29,180 - new_apply_order.py[line:522]: 进件成功！执行sql将订单改为风控中……
INFO - 2021-09-30 14:00:30,223 - new_apply_order.py[line:528]: 订单表更新1条，信审更新1条
INFO - 2021-09-30 14:00:30,757 - new_apply_order.py[line:542]: 查询loan_order_id成功！
INFO - 2021-09-30 14:00:30,803 - new_apply_order.py[line:557]: 订单回调复审通过成功！
INFO - 2021-09-30 14:00:31,589 - new_apply_order.py[line:579]: 获取token成功！token=bearer b6575fba-b0a6-4280-8b50-de71631f9b47！
INFO - 2021-09-30 14:00:32,162 - new_apply_order.py[line:542]: 查询loan_order_id成功！
INFO - 2021-09-30 14:00:32,462 - new_apply_order.py[line:597]: 后台已触发放款成功！
INFO - 2021-09-30 14:00:32,473 - new_apply_order.py[line:611]: xxl_job web 登录成功！
INFO - 2021-09-30 14:00:32,486 - new_apply_order.py[line:627]: xxl_job 放款准备作业执行成功！
INFO - 2021-09-30 14:00:34,079 - new_apply_order.py[line:542]: 查询loan_order_id成功！
INFO - 2021-09-30 14:00:34,096 - new_apply_order.py[line:635]: 修改放款准备完成时间成功！
INFO - 2021-09-30 14:00:34,100 - new_apply_order.py[line:643]: xxl_job 放款完成作业执行成功！
INFO - 2021-09-30 14:00:34,401 - new_apply_order.py[line:815]: 校验重试查询第1次
ERROR - 2021-09-30 14:00:35,416 - new_apply_order.py[line:711]: 放款完成或准备失败,目前的订单状态是35
INFO - 2021-09-30 14:00:35,416 - new_apply_order.py[line:712]: {'app': 'monni', 'loan_order_id': '1443455674516901888', 'mobile': '3632981624', 'order_status': 35}
INFO - 2021-09-30 14:00:35,920 - new_apply_order.py[line:815]: 校验重试查询第2次
ERROR - 2021-09-30 14:00:36,934 - new_apply_order.py[line:711]: 放款完成或准备失败,目前的订单状态是35
INFO - 2021-09-30 14:00:36,935 - new_apply_order.py[line:712]: {'app': 'monni', 'loan_order_id': '1443455674516901888', 'mobile': '3632981624', 'order_status': 35}
INFO - 2021-09-30 14:00:37,438 - new_apply_order.py[line:815]: 校验重试查询第3次
ERROR - 2021-09-30 14:00:38,446 - new_apply_order.py[line:711]: 放款完成或准备失败,目前的订单状态是35
INFO - 2021-09-30 14:00:38,447 - new_apply_order.py[line:712]: {'app': 'monni', 'loan_order_id': '1443455674516901888', 'mobile': '3632981624', 'order_status': 35}
INFO - 2021-09-30 14:00:38,952 - new_apply_order.py[line:815]: 校验重试查询第4次
ERROR - 2021-09-30 14:00:39,965 - new_apply_order.py[line:711]: 放款完成或准备失败,目前的订单状态是35
INFO - 2021-09-30 14:00:39,965 - new_apply_order.py[line:712]: {'app': 'monni', 'loan_order_id': '1443455674516901888', 'mobile': '3632981624', 'order_status': 35}
INFO - 2021-09-30 14:00:40,473 - new_apply_order.py[line:815]: 校验重试查询第5次
INFO - 2021-09-30 14:00:41,484 - new_apply_order.py[line:709]: 放款完成或准备成功,目前的订单状态是40
INFO - 2021-09-30 14:00:41,484 - new_apply_order.py[line:712]: {'app': 'monni', 'loan_order_id': '1443455674516901888', 'mobile': '3632981624', 'order_status': 40}
INFO - 2021-09-30 14:00:41,485 - new_apply_order.py[line:832]: ===========完成第【19】次进件===========
INFO - 2021-09-30 14:00:41,485 - new_apply_order.py[line:792]: 开始第 monni【20】次进件……
INFO - 2021-09-30 14:00:41,486 - new_apply_order.py[line:82]: ======【co测试环境】生成手机号：3632981641 ======
INFO - 2021-09-30 14:00:41,830 - new_apply_order.py[line:95]: 3632981641 检测用户存在成功！
INFO - 2021-09-30 14:00:41,886 - new_apply_order.py[line:104]: 3632981641 短信发送成功！
INFO - 2021-09-30 14:00:41,936 - new_apply_order.py[line:117]: 3632981641 注册成功！
INFO - 2021-09-30 14:00:42,000 - new_apply_order.py[line:133]: 3632981641 登录短信发送成功！
INFO - 2021-09-30 14:00:42,055 - new_apply_order.py[line:143]: userId=4956553986732072960,mobile=3632981641,token=2b879fe10960e9e7c6c0f209c9515809 登录成功
INFO - 2021-09-30 14:00:42,144 - new_apply_order.py[line:205]: 个人信息提交成功！
INFO - 2021-09-30 14:00:42,395 - new_apply_order.py[line:238]: 创建预审订单成功！
INFO - 2021-09-30 14:00:42,411 - new_apply_order.py[line:246]: 预审状态修改为通过,更新条数 1
INFO - 2021-09-30 14:00:42,426 - new_apply_order.py[line:249]: 更新初始额度！更新条数 1
INFO - 2021-09-30 14:00:42,731 - new_apply_order.py[line:266]: 活体图片上传成功！回写配置文件global_param.mp4_url
INFO - 2021-09-30 14:00:42,781 - new_apply_order.py[line:276]: 视频认证通过！
INFO - 2021-09-30 14:00:44,012 - new_apply_order.py[line:364]: curp上传成功!
INFO - 2021-09-30 14:00:44,118 - new_apply_order.py[line:373]: curp_rfc校验通过！
INFO - 2021-09-30 14:00:44,641 - new_apply_order.py[line:509]: 不绑卡成功跳过！
INFO - 2021-09-30 14:00:44,837 - new_apply_order.py[line:522]: 进件成功！执行sql将订单改为风控中……
INFO - 2021-09-30 14:00:45,880 - new_apply_order.py[line:528]: 订单表更新1条，信审更新1条
INFO - 2021-09-30 14:00:46,386 - new_apply_order.py[line:542]: 查询loan_order_id成功！
INFO - 2021-09-30 14:00:46,421 - new_apply_order.py[line:557]: 订单回调复审通过成功！
INFO - 2021-09-30 14:00:47,184 - new_apply_order.py[line:579]: 获取token成功！token=bearer b6575fba-b0a6-4280-8b50-de71631f9b47！
INFO - 2021-09-30 14:00:47,737 - new_apply_order.py[line:542]: 查询loan_order_id成功！
INFO - 2021-09-30 14:00:48,160 - new_apply_order.py[line:597]: 后台已触发放款成功！
INFO - 2021-09-30 14:00:48,173 - new_apply_order.py[line:611]: xxl_job web 登录成功！
INFO - 2021-09-30 14:00:48,185 - new_apply_order.py[line:627]: xxl_job 放款准备作业执行成功！
INFO - 2021-09-30 14:00:49,744 - new_apply_order.py[line:542]: 查询loan_order_id成功！
INFO - 2021-09-30 14:00:49,762 - new_apply_order.py[line:635]: 修改放款准备完成时间成功！
INFO - 2021-09-30 14:00:49,768 - new_apply_order.py[line:643]: xxl_job 放款完成作业执行成功！
INFO - 2021-09-30 14:00:50,070 - new_apply_order.py[line:815]: 校验重试查询第1次
ERROR - 2021-09-30 14:00:51,082 - new_apply_order.py[line:711]: 放款完成或准备失败,目前的订单状态是35
INFO - 2021-09-30 14:00:51,083 - new_apply_order.py[line:712]: {'app': 'monni', 'loan_order_id': '1443455744259788800', 'mobile': '3632981641', 'order_status': 35}
INFO - 2021-09-30 14:00:51,586 - new_apply_order.py[line:815]: 校验重试查询第2次
ERROR - 2021-09-30 14:00:52,603 - new_apply_order.py[line:711]: 放款完成或准备失败,目前的订单状态是35
INFO - 2021-09-30 14:00:52,604 - new_apply_order.py[line:712]: {'app': 'monni', 'loan_order_id': '1443455744259788800', 'mobile': '3632981641', 'order_status': 35}
INFO - 2021-09-30 14:00:53,108 - new_apply_order.py[line:815]: 校验重试查询第3次
ERROR - 2021-09-30 14:00:54,122 - new_apply_order.py[line:711]: 放款完成或准备失败,目前的订单状态是35
INFO - 2021-09-30 14:00:54,122 - new_apply_order.py[line:712]: {'app': 'monni', 'loan_order_id': '1443455744259788800', 'mobile': '3632981641', 'order_status': 35}
INFO - 2021-09-30 14:00:54,625 - new_apply_order.py[line:815]: 校验重试查询第4次
ERROR - 2021-09-30 14:00:55,641 - new_apply_order.py[line:711]: 放款完成或准备失败,目前的订单状态是35
INFO - 2021-09-30 14:00:55,642 - new_apply_order.py[line:712]: {'app': 'monni', 'loan_order_id': '1443455744259788800', 'mobile': '3632981641', 'order_status': 35}
INFO - 2021-09-30 14:00:56,146 - new_apply_order.py[line:815]: 校验重试查询第5次
ERROR - 2021-09-30 14:00:57,161 - new_apply_order.py[line:711]: 放款完成或准备失败,目前的订单状态是35
INFO - 2021-09-30 14:00:57,162 - new_apply_order.py[line:712]: {'app': 'monni', 'loan_order_id': '1443455744259788800', 'mobile': '3632981641', 'order_status': 35}
INFO - 2021-09-30 14:00:57,667 - new_apply_order.py[line:815]: 校验重试查询第6次
INFO - 2021-09-30 14:00:58,679 - new_apply_order.py[line:709]: 放款完成或准备成功,目前的订单状态是40
INFO - 2021-09-30 14:00:58,680 - new_apply_order.py[line:712]: {'app': 'monni', 'loan_order_id': '1443455744259788800', 'mobile': '3632981641', 'order_status': 40}
INFO - 2021-09-30 14:00:58,680 - new_apply_order.py[line:832]: ===========完成第【20】次进件===========
INFO - 2021-09-30 14:00:58,681 - new_apply_order.py[line:835]: ======完成第【20】次进件,耗时348.80s=====
