INFO - 2021-09-07 19:37:25,766 - new_apply_order.py[line:618]: 开始第 kencash【1】次进件……
INFO - 2021-09-07 19:37:25,766 - new_apply_order.py[line:80]: ======【ke测试环境】生成手机号：731014645 ======
INFO - 2021-09-07 19:37:26,161 - new_apply_order.py[line:93]: 731014645 检测用户存在成功！
INFO - 2021-09-07 19:37:26,226 - new_apply_order.py[line:102]: 731014645 短信发送成功！
INFO - 2021-09-07 19:37:26,294 - new_apply_order.py[line:115]: 731014645 注册成功！
INFO - 2021-09-07 19:37:26,358 - new_apply_order.py[line:131]: 731014645 登录短信发送成功！
INFO - 2021-09-07 19:37:26,406 - new_apply_order.py[line:141]: userId=6206595008884908032,mobile=731014645,token=1163a16c1ea1c9b5da474c60106cd361 登录成功
INFO - 2021-09-07 19:37:27,171 - new_apply_order.py[line:198]: 个人信息提交成功！
INFO - 2021-09-07 19:37:27,231 - new_apply_order.py[line:218]: 联系人信息提交成功！
INFO - 2021-09-07 19:37:27,648 - new_apply_order.py[line:231]: 创建预审订单成功！
INFO - 2021-09-07 19:37:27,662 - new_apply_order.py[line:239]: 预审状态修改为通过,更新条数 1
INFO - 2021-09-07 19:37:27,674 - new_apply_order.py[line:242]: 更新初始额度！更新条数 1
INFO - 2021-09-07 19:37:27,916 - new_apply_order.py[line:259]: 活体图片上传成功！回写配置文件global_param.mp4_url
INFO - 2021-09-07 19:37:27,951 - new_apply_order.py[line:269]: 视频认证通过！
INFO - 2021-09-07 19:37:28,251 - new_apply_order.py[line:362]: 绑卡成功！
INFO - 2021-09-07 19:37:28,442 - new_apply_order.py[line:375]: 进件成功！执行sql将订单改为风控中……
INFO - 2021-09-07 19:37:29,482 - new_apply_order.py[line:381]: 订单表更新1条，信审更新1条
INFO - 2021-09-07 19:37:29,824 - new_apply_order.py[line:395]: 查询loan_order_id成功！
INFO - 2021-09-07 19:37:29,878 - new_apply_order.py[line:410]: 订单回调复审通过成功！
INFO - 2021-09-07 19:37:30,681 - new_apply_order.py[line:432]: 获取token成功！token=bearer 097a067e-7b29-47ca-805a-9d9ab336b604！
INFO - 2021-09-07 19:37:31,031 - new_apply_order.py[line:395]: 查询loan_order_id成功！
INFO - 2021-09-07 19:37:31,401 - new_apply_order.py[line:450]: 后台已触发放款成功！
INFO - 2021-09-07 19:37:31,412 - new_apply_order.py[line:464]: xxl_job web 登录成功！
INFO - 2021-09-07 19:37:31,422 - new_apply_order.py[line:478]: xxl_job 放款准备作业执行成功！
INFO - 2021-09-07 19:37:32,767 - new_apply_order.py[line:395]: 查询loan_order_id成功！
INFO - 2021-09-07 19:37:32,784 - new_apply_order.py[line:483]: 修改放款准备完成时间成功！
INFO - 2021-09-07 19:37:32,791 - new_apply_order.py[line:491]: xxl_job 放款完成作业执行成功！
INFO - 2021-09-07 19:37:33,142 - new_apply_order.py[line:395]: 查询loan_order_id成功！
INFO - 2021-09-07 19:37:33,606 - new_apply_order.py[line:641]: 校验重试查询第1次
ERROR - 2021-09-07 19:37:34,616 - new_apply_order.py[line:537]: 放款完成或准备失败,目前的订单状态是35
INFO - 2021-09-07 19:37:34,617 - new_apply_order.py[line:538]: {'app': 'kencash', 'loan_order_id': '1435205569443401728', 'mobile': '731014645', 'order_status': 35}
INFO - 2021-09-07 19:37:35,526 - new_apply_order.py[line:395]: 查询loan_order_id成功！
INFO - 2021-09-07 19:37:35,777 - new_apply_order.py[line:524]: 放款回调成功！
INFO - 2021-09-07 19:37:35,777 - new_apply_order.py[line:641]: 校验重试查询第2次
INFO - 2021-09-07 19:37:36,795 - new_apply_order.py[line:535]: 放款完成或准备成功,目前的订单状态是40
INFO - 2021-09-07 19:37:36,795 - new_apply_order.py[line:538]: {'app': 'kencash', 'loan_order_id': '1435205569443401728', 'mobile': '731014645', 'order_status': 40}
INFO - 2021-09-07 19:37:36,798 - new_apply_order.py[line:658]: ===========完成第【1】次进件===========
INFO - 2021-09-07 19:37:36,799 - new_apply_order.py[line:661]: ======完成第【1】次进件,耗时11.03s=====
INFO - 2021-09-07 19:37:36,803 - new_apply_order.py[line:618]: 开始第 Mipeso【1】次进件……
ERROR - 2021-09-07 19:37:36,866 - new_apply_order.py[line:664]: unsupported operand type(s) for %: 'generator' and 'str'
ERROR - 2021-09-07 19:37:36,866 - new_apply_order.py[line:665]: None
