INFO - 2021-10-30 10:17:49,474 - new_apply_order.py[line:882]: 开始第 pickcash【1】次进件……
INFO - 2021-10-30 10:17:49,475 - new_apply_order.py[line:84]: ======【nga测试环境】生成手机号：01635560269 ======
INFO - 2021-10-30 10:17:49,975 - new_apply_order.py[line:97]: 01635560269 检测用户存在成功！
INFO - 2021-10-30 10:17:50,077 - new_apply_order.py[line:106]: 01635560269 短信发送成功！
INFO - 2021-10-30 10:17:50,628 - new_apply_order.py[line:119]: 01635560269 注册成功！
INFO - 2021-10-30 10:17:50,715 - new_apply_order.py[line:135]: 01635560269 登录短信发送成功！
INFO - 2021-10-30 10:17:50,868 - new_apply_order.py[line:145]: userId=6225660737685954560,mobile=01635560269,token=76ed4075b89b4388a979cbe2147e4097 登录成功
INFO - 2021-10-30 10:17:51,120 - new_apply_order.py[line:212]: 个人信息提交成功！
INFO - 2021-10-30 10:17:51,263 - new_apply_order.py[line:223]: 联系人信息提交成功！
INFO - 2021-10-30 10:17:52,747 - new_apply_order.py[line:255]: 创建预审订单成功！
INFO - 2021-10-30 10:17:52,761 - new_apply_order.py[line:263]: 预审状态修改为通过,更新条数 1
INFO - 2021-10-30 10:17:52,776 - new_apply_order.py[line:266]: 更新初始额度！更新条数 1
INFO - 2021-10-30 10:17:53,106 - new_apply_order.py[line:342]: 活体图片上传成功！回写配置文件global_param.mp4_url
INFO - 2021-10-30 10:17:53,203 - new_apply_order.py[line:352]: 视频认证通过！
INFO - 2021-10-30 10:17:54,690 - new_apply_order.py[line:510]: bvn和银行卡绑卡认证通过！
INFO - 2021-10-30 10:17:55,014 - new_apply_order.py[line:561]: user更新1条
INFO - 2021-10-30 10:17:55,494 - new_apply_order.py[line:612]: 进件成功！执行sql将订单改为风控中……
INFO - 2021-10-30 10:17:56,522 - new_apply_order.py[line:618]: 订单表更新1条，信审更新1条
INFO - 2021-10-30 10:17:56,919 - new_apply_order.py[line:632]: 查询loan_order_id成功！
INFO - 2021-10-30 10:17:57,006 - new_apply_order.py[line:647]: 订单回调复审通过成功！
INFO - 2021-10-30 10:17:57,806 - new_apply_order.py[line:669]: 获取token成功！token=bearer d730ddac-5574-4de5-9a0d-79be610b9183！
INFO - 2021-10-30 10:17:58,190 - new_apply_order.py[line:632]: 查询loan_order_id成功！
INFO - 2021-10-30 10:17:58,668 - new_apply_order.py[line:687]: 后台已触发放款成功！
INFO - 2021-10-30 10:17:58,682 - new_apply_order.py[line:701]: xxl_job web 登录成功！
INFO - 2021-10-30 10:17:58,695 - new_apply_order.py[line:717]: xxl_job 放款准备作业执行成功！
INFO - 2021-10-30 10:18:00,111 - new_apply_order.py[line:632]: 查询loan_order_id成功！
INFO - 2021-10-30 10:18:00,124 - new_apply_order.py[line:725]: 修改放款准备完成时间成功！
INFO - 2021-10-30 10:18:00,130 - new_apply_order.py[line:733]: xxl_job 放款完成作业执行成功！
INFO - 2021-10-30 10:18:00,437 - new_apply_order.py[line:905]: 校验重试查询第1次
ERROR - 2021-10-30 10:18:01,453 - new_apply_order.py[line:801]: 放款完成或准备失败,目前的订单状态是32
INFO - 2021-10-30 10:18:01,454 - new_apply_order.py[line:802]: {'app': 'pickcash', 'loan_order_id': '1454271299110440960', 'mobile': '01635560269', 'order_status': 32}
INFO - 2021-10-30 10:18:01,465 - new_apply_order.py[line:701]: xxl_job web 登录成功！
INFO - 2021-10-30 10:18:01,478 - new_apply_order.py[line:717]: xxl_job 放款准备作业执行成功！
INFO - 2021-10-30 10:18:02,895 - new_apply_order.py[line:632]: 查询loan_order_id成功！
INFO - 2021-10-30 10:18:02,912 - new_apply_order.py[line:725]: 修改放款准备完成时间成功！
INFO - 2021-10-30 10:18:02,917 - new_apply_order.py[line:733]: xxl_job 放款完成作业执行成功！
INFO - 2021-10-30 10:18:03,420 - new_apply_order.py[line:905]: 校验重试查询第2次
ERROR - 2021-10-30 10:18:04,434 - new_apply_order.py[line:801]: 放款完成或准备失败,目前的订单状态是35
INFO - 2021-10-30 10:18:04,434 - new_apply_order.py[line:802]: {'app': 'pickcash', 'loan_order_id': '1454271299110440960', 'mobile': '01635560269', 'order_status': 35}
INFO - 2021-10-30 10:18:04,944 - new_apply_order.py[line:905]: 校验重试查询第3次
ERROR - 2021-10-30 10:18:05,962 - new_apply_order.py[line:801]: 放款完成或准备失败,目前的订单状态是35
INFO - 2021-10-30 10:18:05,962 - new_apply_order.py[line:802]: {'app': 'pickcash', 'loan_order_id': '1454271299110440960', 'mobile': '01635560269', 'order_status': 35}
INFO - 2021-10-30 10:18:06,473 - new_apply_order.py[line:905]: 校验重试查询第4次
ERROR - 2021-10-30 10:18:07,490 - new_apply_order.py[line:801]: 放款完成或准备失败,目前的订单状态是35
INFO - 2021-10-30 10:18:07,491 - new_apply_order.py[line:802]: {'app': 'pickcash', 'loan_order_id': '1454271299110440960', 'mobile': '01635560269', 'order_status': 35}
INFO - 2021-10-30 10:18:08,002 - new_apply_order.py[line:905]: 校验重试查询第5次
INFO - 2021-10-30 10:18:09,018 - new_apply_order.py[line:799]: 放款完成或准备成功,目前的订单状态是40
INFO - 2021-10-30 10:18:09,018 - new_apply_order.py[line:802]: {'app': 'pickcash', 'loan_order_id': '1454271299110440960', 'mobile': '01635560269', 'order_status': 40}
INFO - 2021-10-30 10:18:09,021 - new_apply_order.py[line:922]: ===========完成第【1】次进件===========
INFO - 2021-10-30 10:18:09,022 - new_apply_order.py[line:925]: ======完成第【1】次进件,耗时19.55s=====
