INFO - 2021-09-15 16:26:48,668 - new_apply_order.py[line:696]: 开始第 pcamion【1】次进件……
INFO - 2021-09-15 16:26:48,669 - new_apply_order.py[line:82]: ======【co测试环境】生成手机号：3631694408 ======
INFO - 2021-09-15 16:26:49,057 - new_apply_order.py[line:95]: 3631694408 检测用户存在成功！
INFO - 2021-09-15 16:26:49,130 - new_apply_order.py[line:104]: 3631694408 短信发送成功！
INFO - 2021-09-15 16:26:49,191 - new_apply_order.py[line:117]: 3631694408 注册成功！
INFO - 2021-09-15 16:26:49,281 - new_apply_order.py[line:133]: 3631694408 登录短信发送成功！
INFO - 2021-09-15 16:26:49,348 - new_apply_order.py[line:143]: userId=4951154941226262528,mobile=3631694408,token=cf03d8cb187c2ef010557ef3f4fbf44a 登录成功
INFO - 2021-09-15 16:26:49,459 - new_apply_order.py[line:205]: 个人信息提交成功！
INFO - 2021-09-15 16:26:49,993 - new_apply_order.py[line:238]: 创建预审订单成功！
INFO - 2021-09-15 16:26:50,020 - new_apply_order.py[line:246]: 预审状态修改为通过,更新条数 1
INFO - 2021-09-15 16:26:50,040 - new_apply_order.py[line:249]: 更新初始额度！更新条数 1
INFO - 2021-09-15 16:26:50,313 - new_apply_order.py[line:266]: 活体图片上传成功！回写配置文件global_param.mp4_url
INFO - 2021-09-15 16:26:50,366 - new_apply_order.py[line:276]: 视频认证通过！
INFO - 2021-09-15 16:26:51,524 - new_apply_order.py[line:331]: curp上传成功!
INFO - 2021-09-15 16:26:51,618 - new_apply_order.py[line:340]: curp_rfc校验通过！
INFO - 2021-09-15 16:26:52,182 - new_apply_order.py[line:413]: 不绑卡成功跳过！
INFO - 2021-09-15 16:26:52,433 - new_apply_order.py[line:426]: 进件成功！执行sql将订单改为风控中……
INFO - 2021-09-15 16:26:53,480 - new_apply_order.py[line:432]: 订单表更新1条，信审更新1条
INFO - 2021-09-15 16:26:54,023 - new_apply_order.py[line:446]: 查询loan_order_id成功！
INFO - 2021-09-15 16:26:54,078 - new_apply_order.py[line:461]: 订单回调复审通过成功！
INFO - 2021-09-15 16:26:54,916 - new_apply_order.py[line:483]: 获取token成功！token=bearer 8a896575-c293-423c-873f-d7d6312422e8！
INFO - 2021-09-15 16:26:55,488 - new_apply_order.py[line:446]: 查询loan_order_id成功！
INFO - 2021-09-15 16:26:55,826 - new_apply_order.py[line:501]: 后台已触发放款成功！
INFO - 2021-09-15 16:26:55,839 - new_apply_order.py[line:515]: xxl_job web 登录成功！
INFO - 2021-09-15 16:26:55,850 - new_apply_order.py[line:531]: xxl_job 放款准备作业执行成功！
INFO - 2021-09-15 16:26:57,399 - new_apply_order.py[line:446]: 查询loan_order_id成功！
INFO - 2021-09-15 16:26:57,419 - new_apply_order.py[line:539]: 修改放款准备完成时间成功！
INFO - 2021-09-15 16:26:57,428 - new_apply_order.py[line:547]: xxl_job 放款完成作业执行成功！
INFO - 2021-09-15 16:26:58,015 - new_apply_order.py[line:446]: 查询loan_order_id成功！
INFO - 2021-09-15 16:26:58,326 - new_apply_order.py[line:719]: 校验重试查询第1次
ERROR - 2021-09-15 16:26:59,340 - new_apply_order.py[line:615]: 放款完成或准备失败,目前的订单状态是35
INFO - 2021-09-15 16:26:59,340 - new_apply_order.py[line:616]: {'app': 'pcamion', 'loan_order_id': '1438056699149422592', 'mobile': '3631694408', 'order_status': 35}
INFO - 2021-09-15 16:27:00,426 - new_apply_order.py[line:446]: 查询loan_order_id成功！
INFO - 2021-09-15 16:27:00,437 - new_apply_order.py[line:719]: 校验重试查询第2次
ERROR - 2021-09-15 16:27:01,454 - new_apply_order.py[line:615]: 放款完成或准备失败,目前的订单状态是35
INFO - 2021-09-15 16:27:01,454 - new_apply_order.py[line:616]: {'app': 'pcamion', 'loan_order_id': '1438056699149422592', 'mobile': '3631694408', 'order_status': 35}
INFO - 2021-09-15 16:27:02,517 - new_apply_order.py[line:446]: 查询loan_order_id成功！
INFO - 2021-09-15 16:27:02,526 - new_apply_order.py[line:719]: 校验重试查询第3次
ERROR - 2021-09-15 16:27:03,542 - new_apply_order.py[line:615]: 放款完成或准备失败,目前的订单状态是35
INFO - 2021-09-15 16:27:03,542 - new_apply_order.py[line:616]: {'app': 'pcamion', 'loan_order_id': '1438056699149422592', 'mobile': '3631694408', 'order_status': 35}
INFO - 2021-09-15 16:27:04,615 - new_apply_order.py[line:446]: 查询loan_order_id成功！
INFO - 2021-09-15 16:27:04,624 - new_apply_order.py[line:719]: 校验重试查询第4次
INFO - 2021-09-15 16:27:05,641 - new_apply_order.py[line:613]: 放款完成或准备成功,目前的订单状态是40
INFO - 2021-09-15 16:27:05,641 - new_apply_order.py[line:616]: {'app': 'pcamion', 'loan_order_id': '1438056699149422592', 'mobile': '3631694408', 'order_status': 40}
INFO - 2021-09-15 16:27:05,645 - new_apply_order.py[line:736]: ===========完成第【1】次进件===========
INFO - 2021-09-15 16:27:05,646 - new_apply_order.py[line:739]: ======完成第【1】次进件,耗时16.98s=====
