INFO - 2021-11-08 17:03:45,783 - new_apply_order.py[line:882]: 开始第 borrowedpop【1】次进件……
INFO - 2021-11-08 17:03:45,869 - new_apply_order.py[line:60]: 删除redis key: "mx:cfs:user:userid:4970732455672553472"
INFO - 2021-11-08 17:03:45,947 - new_apply_order.py[line:75]: 更新脏数据0条
INFO - 2021-11-08 17:03:45,948 - new_apply_order.py[line:84]: ======【mx测试环境】生成手机号：1636362225 ======
INFO - 2021-11-08 17:03:46,373 - new_apply_order.py[line:97]: 1636362225 检测用户存在成功！
INFO - 2021-11-08 17:03:46,460 - new_apply_order.py[line:106]: 1636362225 短信发送成功！
INFO - 2021-11-08 17:03:46,529 - new_apply_order.py[line:119]: 1636362225 注册成功！
INFO - 2021-11-08 17:03:46,642 - new_apply_order.py[line:135]: 1636362225 登录短信发送成功！
INFO - 2021-11-08 17:03:46,723 - new_apply_order.py[line:145]: userId=4970733186047680512,mobile=1636362225,token=147a292992425ae27876da708f493328 登录成功
INFO - 2021-11-08 17:03:46,862 - new_apply_order.py[line:212]: 个人信息提交成功！
INFO - 2021-11-08 17:03:48,025 - new_apply_order.py[line:255]: 创建预审订单成功！
INFO - 2021-11-08 17:03:48,042 - new_apply_order.py[line:263]: 预审状态修改为通过,更新条数 1
INFO - 2021-11-08 17:03:48,060 - new_apply_order.py[line:266]: 更新初始额度！更新条数 1
INFO - 2021-11-08 17:03:50,854 - new_apply_order.py[line:361]: curp上传成功!
INFO - 2021-11-08 17:03:51,090 - new_apply_order.py[line:370]: curp_rfc校验通过！
INFO - 2021-11-08 17:03:52,021 - new_apply_order.py[line:381]: 人脸识别成功!
INFO - 2021-11-08 17:03:52,811 - new_apply_order.py[line:568]: 绑卡成功！
INFO - 2021-11-08 17:03:53,277 - new_apply_order.py[line:612]: 进件成功！执行sql将订单改为风控中……
INFO - 2021-11-08 17:03:54,846 - new_apply_order.py[line:618]: 订单表更新1条，信审更新1条
INFO - 2021-11-08 17:03:55,309 - new_apply_order.py[line:632]: 查询loan_order_id成功！
INFO - 2021-11-08 17:03:56,572 - new_apply_order.py[line:647]: 订单回调复审通过成功！
INFO - 2021-11-08 17:03:57,396 - new_apply_order.py[line:669]: 获取token成功！token=bearer 11579171-4a1b-4e8d-b7c1-4ce46373f060！
INFO - 2021-11-08 17:03:57,769 - new_apply_order.py[line:632]: 查询loan_order_id成功！
INFO - 2021-11-08 17:03:58,465 - new_apply_order.py[line:687]: 后台已触发放款成功！
INFO - 2021-11-08 17:03:58,480 - new_apply_order.py[line:701]: xxl_job web 登录成功！
INFO - 2021-11-08 17:03:58,489 - new_apply_order.py[line:717]: xxl_job 放款准备作业执行成功！
INFO - 2021-11-08 17:03:59,890 - new_apply_order.py[line:632]: 查询loan_order_id成功！
INFO - 2021-11-08 17:03:59,902 - new_apply_order.py[line:725]: 修改放款准备完成时间成功！
INFO - 2021-11-08 17:03:59,910 - new_apply_order.py[line:733]: xxl_job 放款完成作业执行成功！
INFO - 2021-11-08 17:04:00,291 - new_apply_order.py[line:632]: 查询loan_order_id成功！
INFO - 2021-11-08 17:04:00,604 - new_apply_order.py[line:905]: 校验重试查询第1次
ERROR - 2021-11-08 17:04:01,616 - new_apply_order.py[line:801]: 放款完成或准备失败,目前的订单状态是32
INFO - 2021-11-08 17:04:01,617 - new_apply_order.py[line:802]: {'app': 'borrowedpop', 'loan_order_id': '1457634944386338816', 'mobile': '1636362225', 'order_status': 32}
INFO - 2021-11-08 17:04:01,632 - new_apply_order.py[line:701]: xxl_job web 登录成功！
INFO - 2021-11-08 17:04:01,643 - new_apply_order.py[line:717]: xxl_job 放款准备作业执行成功！
INFO - 2021-11-08 17:04:03,032 - new_apply_order.py[line:632]: 查询loan_order_id成功！
INFO - 2021-11-08 17:04:03,061 - new_apply_order.py[line:725]: 修改放款准备完成时间成功！
INFO - 2021-11-08 17:04:03,070 - new_apply_order.py[line:733]: xxl_job 放款完成作业执行成功！
INFO - 2021-11-08 17:04:03,575 - new_apply_order.py[line:905]: 校验重试查询第2次
ERROR - 2021-11-08 17:04:04,586 - new_apply_order.py[line:801]: 放款完成或准备失败,目前的订单状态是35
INFO - 2021-11-08 17:04:04,586 - new_apply_order.py[line:802]: {'app': 'borrowedpop', 'loan_order_id': '1457634944386338816', 'mobile': '1636362225', 'order_status': 35}
INFO - 2021-11-08 17:04:05,469 - new_apply_order.py[line:632]: 查询loan_order_id成功！
INFO - 2021-11-08 17:04:05,479 - new_apply_order.py[line:905]: 校验重试查询第3次
ERROR - 2021-11-08 17:04:06,493 - new_apply_order.py[line:801]: 放款完成或准备失败,目前的订单状态是35
INFO - 2021-11-08 17:04:06,493 - new_apply_order.py[line:802]: {'app': 'borrowedpop', 'loan_order_id': '1457634944386338816', 'mobile': '1636362225', 'order_status': 35}
INFO - 2021-11-08 17:04:07,365 - new_apply_order.py[line:632]: 查询loan_order_id成功！
INFO - 2021-11-08 17:04:07,376 - new_apply_order.py[line:905]: 校验重试查询第4次
ERROR - 2021-11-08 17:04:08,386 - new_apply_order.py[line:801]: 放款完成或准备失败,目前的订单状态是35
INFO - 2021-11-08 17:04:08,387 - new_apply_order.py[line:802]: {'app': 'borrowedpop', 'loan_order_id': '1457634944386338816', 'mobile': '1636362225', 'order_status': 35}
INFO - 2021-11-08 17:04:09,286 - new_apply_order.py[line:632]: 查询loan_order_id成功！
INFO - 2021-11-08 17:04:09,713 - new_apply_order.py[line:754]: 放款回调成功！
INFO - 2021-11-08 17:04:09,713 - new_apply_order.py[line:905]: 校验重试查询第5次
INFO - 2021-11-08 17:04:10,723 - new_apply_order.py[line:799]: 放款完成或准备成功,目前的订单状态是40
INFO - 2021-11-08 17:04:10,724 - new_apply_order.py[line:802]: {'app': 'borrowedpop', 'loan_order_id': '1457634944386338816', 'mobile': '1636362225', 'order_status': 40}
INFO - 2021-11-08 17:04:10,725 - new_apply_order.py[line:922]: ===========完成第【1】次进件===========
INFO - 2021-11-08 17:04:10,725 - new_apply_order.py[line:925]: ======完成第【1】次进件,耗时24.94s=====
