INFO - 2021-11-25 09:27:51,205 - new_apply_order.py[line:882]: 开始第 kencash【1】次进件……
INFO - 2021-11-25 09:27:51,206 - new_apply_order.py[line:84]: ======【ke测试环境】生成手机号：737803671 ======
INFO - 2021-11-25 09:27:51,614 - new_apply_order.py[line:97]: 737803671 检测用户存在成功！
INFO - 2021-11-25 09:27:51,723 - new_apply_order.py[line:106]: 737803671 短信发送成功！
INFO - 2021-11-25 09:27:51,791 - new_apply_order.py[line:119]: 737803671 注册成功！
INFO - 2021-11-25 09:27:51,861 - new_apply_order.py[line:135]: 737803671 登录短信发送成功！
INFO - 2021-11-25 09:27:51,920 - new_apply_order.py[line:145]: userId=6235070245955969024,mobile=737803671,token=d1460b1a0a0c2ddbd1e1ad51156a3e8c 登录成功
INFO - 2021-11-25 09:27:52,065 - new_apply_order.py[line:212]: 个人信息提交成功！
INFO - 2021-11-25 09:27:52,408 - new_apply_order.py[line:232]: 联系人信息提交成功！
INFO - 2021-11-25 09:27:52,952 - new_apply_order.py[line:255]: 创建预审订单成功！
INFO - 2021-11-25 09:27:52,975 - new_apply_order.py[line:263]: 预审状态修改为通过,更新条数 1
INFO - 2021-11-25 09:27:52,993 - new_apply_order.py[line:266]: 更新初始额度！更新条数 1
INFO - 2021-11-25 09:27:53,257 - new_apply_order.py[line:342]: 活体图片上传成功！回写配置文件global_param.mp4_url
INFO - 2021-11-25 09:27:53,307 - new_apply_order.py[line:352]: 视频认证通过！
INFO - 2021-11-25 09:27:53,656 - new_apply_order.py[line:577]: 绑卡成功！
INFO - 2021-11-25 09:27:53,996 - new_apply_order.py[line:612]: 进件成功！执行sql将订单改为风控中……
INFO - 2021-11-25 09:27:55,035 - new_apply_order.py[line:618]: 订单表更新1条，信审更新1条
INFO - 2021-11-25 09:27:55,389 - new_apply_order.py[line:632]: 查询loan_order_id成功！
INFO - 2021-11-25 09:27:55,478 - new_apply_order.py[line:647]: 订单回调复审通过成功！
INFO - 2021-11-25 09:27:56,359 - new_apply_order.py[line:669]: 获取token成功！token=bearer d10bb812-7d51-4812-a015-f12873ef0279！
INFO - 2021-11-25 09:27:56,700 - new_apply_order.py[line:632]: 查询loan_order_id成功！
INFO - 2021-11-25 09:27:57,376 - new_apply_order.py[line:687]: 后台已触发放款成功！
INFO - 2021-11-25 09:27:57,399 - new_apply_order.py[line:701]: xxl_job web 登录成功！
INFO - 2021-11-25 09:27:57,409 - new_apply_order.py[line:717]: xxl_job 放款准备作业执行成功！
INFO - 2021-11-25 09:27:58,766 - new_apply_order.py[line:632]: 查询loan_order_id成功！
INFO - 2021-11-25 09:27:58,787 - new_apply_order.py[line:725]: 修改放款准备完成时间成功！
INFO - 2021-11-25 09:27:58,794 - new_apply_order.py[line:733]: xxl_job 放款完成作业执行成功！
INFO - 2021-11-25 09:27:59,165 - new_apply_order.py[line:632]: 查询loan_order_id成功！
INFO - 2021-11-25 09:27:59,481 - new_apply_order.py[line:905]: 校验重试查询第1次
ERROR - 2021-11-25 09:28:00,492 - new_apply_order.py[line:801]: 放款完成或准备失败,目前的订单状态是35
INFO - 2021-11-25 09:28:00,492 - new_apply_order.py[line:802]: {'app': 'kencash', 'loan_order_id': '1463680805275570176', 'mobile': '737803671', 'order_status': 35}
INFO - 2021-11-25 09:28:01,346 - new_apply_order.py[line:632]: 查询loan_order_id成功！
INFO - 2021-11-25 09:28:01,661 - new_apply_order.py[line:770]: 放款回调成功！
INFO - 2021-11-25 09:28:01,661 - new_apply_order.py[line:905]: 校验重试查询第2次
INFO - 2021-11-25 09:28:02,674 - new_apply_order.py[line:799]: 放款完成或准备成功,目前的订单状态是40
INFO - 2021-11-25 09:28:02,674 - new_apply_order.py[line:802]: {'app': 'kencash', 'loan_order_id': '1463680805275570176', 'mobile': '737803671', 'order_status': 40}
INFO - 2021-11-25 09:28:02,675 - new_apply_order.py[line:922]: ===========完成第【1】次进件===========
INFO - 2021-11-25 09:28:02,675 - new_apply_order.py[line:925]: ======完成第【1】次进件,耗时11.47s=====
