INFO - 2021-11-18 15:57:08,470 - new_apply_order.py[line:882]: 开始第 kshwai【1】次进件……
INFO - 2021-11-18 15:57:08,470 - new_apply_order.py[line:84]: ======【ke测试环境】生成手机号：737222228 ======
INFO - 2021-11-18 15:57:08,861 - new_apply_order.py[line:97]: 737222228 检测用户存在成功！
INFO - 2021-11-18 15:57:08,921 - new_apply_order.py[line:106]: 737222228 短信发送成功！
INFO - 2021-11-18 15:57:08,990 - new_apply_order.py[line:119]: 737222228 注册成功！
INFO - 2021-11-18 15:57:09,054 - new_apply_order.py[line:135]: 737222228 登录短信发送成功！
INFO - 2021-11-18 15:57:09,131 - new_apply_order.py[line:145]: userId=6232631498135969792,mobile=737222228,token=e29757d8fa80a166b239aba350d480f9 登录成功
INFO - 2021-11-18 15:57:09,272 - new_apply_order.py[line:212]: 个人信息提交成功！
INFO - 2021-11-18 15:57:09,335 - new_apply_order.py[line:232]: 联系人信息提交成功！
INFO - 2021-11-18 15:57:09,814 - new_apply_order.py[line:255]: 创建预审订单成功！
INFO - 2021-11-18 15:57:09,833 - new_apply_order.py[line:263]: 预审状态修改为通过,更新条数 1
INFO - 2021-11-18 15:57:09,846 - new_apply_order.py[line:266]: 更新初始额度！更新条数 1
INFO - 2021-11-18 15:57:10,139 - new_apply_order.py[line:342]: 活体图片上传成功！回写配置文件global_param.mp4_url
INFO - 2021-11-18 15:57:10,188 - new_apply_order.py[line:352]: 视频认证通过！
INFO - 2021-11-18 15:57:10,529 - new_apply_order.py[line:577]: 绑卡成功！
INFO - 2021-11-18 15:57:10,801 - new_apply_order.py[line:612]: 进件成功！执行sql将订单改为风控中……
INFO - 2021-11-18 15:57:11,832 - new_apply_order.py[line:618]: 订单表更新1条，信审更新1条
INFO - 2021-11-18 15:57:12,189 - new_apply_order.py[line:632]: 查询loan_order_id成功！
INFO - 2021-11-18 15:57:12,235 - new_apply_order.py[line:647]: 订单回调复审通过成功！
INFO - 2021-11-18 15:57:13,087 - new_apply_order.py[line:669]: 获取token成功！token=bearer d3e2b487-1788-4b4c-8c89-e922adfbe5af！
INFO - 2021-11-18 15:57:13,446 - new_apply_order.py[line:632]: 查询loan_order_id成功！
INFO - 2021-11-18 15:57:13,775 - new_apply_order.py[line:687]: 后台已触发放款成功！
INFO - 2021-11-18 15:57:13,788 - new_apply_order.py[line:701]: xxl_job web 登录成功！
INFO - 2021-11-18 15:57:13,807 - new_apply_order.py[line:717]: xxl_job 放款准备作业执行成功！
INFO - 2021-11-18 15:57:15,164 - new_apply_order.py[line:632]: 查询loan_order_id成功！
INFO - 2021-11-18 15:57:15,183 - new_apply_order.py[line:725]: 修改放款准备完成时间成功！
INFO - 2021-11-18 15:57:15,193 - new_apply_order.py[line:733]: xxl_job 放款完成作业执行成功！
INFO - 2021-11-18 15:57:15,549 - new_apply_order.py[line:632]: 查询loan_order_id成功！
INFO - 2021-11-18 15:57:15,865 - new_apply_order.py[line:905]: 校验重试查询第1次
ERROR - 2021-11-18 15:57:16,880 - new_apply_order.py[line:801]: 放款完成或准备失败,目前的订单状态是35
INFO - 2021-11-18 15:57:16,880 - new_apply_order.py[line:802]: {'app': 'kshwai', 'loan_order_id': '1461242056267796480', 'mobile': '737222228', 'order_status': 35}
INFO - 2021-11-18 15:57:17,737 - new_apply_order.py[line:632]: 查询loan_order_id成功！
INFO - 2021-11-18 15:57:17,942 - new_apply_order.py[line:770]: 放款回调成功！
INFO - 2021-11-18 15:57:17,943 - new_apply_order.py[line:905]: 校验重试查询第2次
INFO - 2021-11-18 15:57:18,959 - new_apply_order.py[line:799]: 放款完成或准备成功,目前的订单状态是40
INFO - 2021-11-18 15:57:18,959 - new_apply_order.py[line:802]: {'app': 'kshwai', 'loan_order_id': '1461242056267796480', 'mobile': '737222228', 'order_status': 40}
INFO - 2021-11-18 15:57:18,961 - new_apply_order.py[line:922]: ===========完成第【1】次进件===========
INFO - 2021-11-18 15:57:18,961 - new_apply_order.py[line:925]: ======完成第【1】次进件,耗时10.49s=====
