INFO - 2021-08-31 14:03:43,686 - new_apply_order.py[line:518]: 开始第 borrowme【1】次进件……
INFO - 2021-08-31 14:03:43,688 - new_apply_order.py[line:79]: ======【nga测试环境】生成手机号：01630389823 ======
INFO - 2021-08-31 14:03:44,060 - new_apply_order.py[line:86]: 01630389823 检测用户存在成功！
INFO - 2021-08-31 14:03:44,106 - new_apply_order.py[line:93]: 01630389823 短信发送成功！
INFO - 2021-08-31 14:03:44,145 - new_apply_order.py[line:103]: 01630389823 注册成功！
INFO - 2021-08-31 14:03:44,187 - new_apply_order.py[line:113]: 01630389823 登录短信发送成功！
INFO - 2021-08-31 14:03:44,228 - new_apply_order.py[line:122]: userId=6203974315148058624,mobile=01630389823,token=6d2bca0b44743ff062880d8c751df57b 登录成功
INFO - 2021-08-31 14:03:44,294 - new_apply_order.py[line:173]: 个人信息提交成功！
INFO - 2021-08-31 14:03:44,338 - new_apply_order.py[line:182]: 联系人信息提交成功！
INFO - 2021-08-31 14:03:44,861 - new_apply_order.py[line:199]: 创建预审订单成功！
INFO - 2021-08-31 14:03:44,879 - new_apply_order.py[line:207]: 预审状态修改为通过,更新条数 1
INFO - 2021-08-31 14:03:44,893 - new_apply_order.py[line:210]: 更新初始额度！更新条数 1
INFO - 2021-08-31 14:03:45,133 - new_apply_order.py[line:222]: 活体图片上传成功！回写配置文件global_param.mp4_url
INFO - 2021-08-31 14:03:45,176 - new_apply_order.py[line:231]: 视频认证通过！
INFO - 2021-08-31 14:03:46,189 - new_apply_order.py[line:277]: bvn和银行卡绑卡认证通过！
INFO - 2021-08-31 14:03:46,487 - new_apply_order.py[line:298]: user更新1条
INFO - 2021-08-31 14:03:46,709 - new_apply_order.py[line:318]: 进件成功！执行sql将订单改为风控中……
INFO - 2021-08-31 14:03:47,748 - new_apply_order.py[line:324]: 订单表更新1条，信审更新1条
INFO - 2021-08-31 14:03:48,096 - new_apply_order.py[line:333]: 查询loan_order_id成功！
INFO - 2021-08-31 14:03:48,167 - new_apply_order.py[line:343]: 订单回调复审通过成功！
INFO - 2021-08-31 14:03:48,964 - new_apply_order.py[line:359]: 获取token成功！token=bearer bf51653c-283e-47c5-b902-66a96a35688d！
INFO - 2021-08-31 14:03:49,321 - new_apply_order.py[line:333]: 查询loan_order_id成功！
INFO - 2021-08-31 14:03:49,621 - new_apply_order.py[line:371]: 后台已触发放款成功！
INFO - 2021-08-31 14:03:49,632 - new_apply_order.py[line:379]: xxl_job web 登录成功！
INFO - 2021-08-31 14:03:49,641 - new_apply_order.py[line:386]: xxl_job 放款准备作业执行成功！
INFO - 2021-08-31 14:03:50,989 - new_apply_order.py[line:333]: 查询loan_order_id成功！
INFO - 2021-08-31 14:03:51,003 - new_apply_order.py[line:391]: 修改放款准备完成时间成功！
INFO - 2021-08-31 14:03:51,010 - new_apply_order.py[line:394]: xxl_job 放款完成作业执行成功！
INFO - 2021-08-31 14:03:51,311 - new_apply_order.py[line:541]: 校验重试查询第1次
ERROR - 2021-08-31 14:03:52,327 - new_apply_order.py[line:437]: 放款完成或准备失败,目前的订单状态是32
INFO - 2021-08-31 14:03:52,327 - new_apply_order.py[line:438]: {'app': 'borrowme', 'loan_order_id': '1432584872797278208', 'mobile': '01630389823', 'order_status': 32}
INFO - 2021-08-31 14:03:52,334 - new_apply_order.py[line:379]: xxl_job web 登录成功！
INFO - 2021-08-31 14:03:52,341 - new_apply_order.py[line:386]: xxl_job 放款准备作业执行成功！
INFO - 2021-08-31 14:03:53,695 - new_apply_order.py[line:333]: 查询loan_order_id成功！
INFO - 2021-08-31 14:03:53,709 - new_apply_order.py[line:391]: 修改放款准备完成时间成功！
INFO - 2021-08-31 14:03:53,716 - new_apply_order.py[line:394]: xxl_job 放款完成作业执行成功！
INFO - 2021-08-31 14:03:54,222 - new_apply_order.py[line:541]: 校验重试查询第2次
ERROR - 2021-08-31 14:03:55,234 - new_apply_order.py[line:437]: 放款完成或准备失败,目前的订单状态是35
INFO - 2021-08-31 14:03:55,235 - new_apply_order.py[line:438]: {'app': 'borrowme', 'loan_order_id': '1432584872797278208', 'mobile': '01630389823', 'order_status': 35}
INFO - 2021-08-31 14:03:55,739 - new_apply_order.py[line:541]: 校验重试查询第3次
ERROR - 2021-08-31 14:03:56,758 - new_apply_order.py[line:437]: 放款完成或准备失败,目前的订单状态是35
INFO - 2021-08-31 14:03:56,758 - new_apply_order.py[line:438]: {'app': 'borrowme', 'loan_order_id': '1432584872797278208', 'mobile': '01630389823', 'order_status': 35}
INFO - 2021-08-31 14:03:57,262 - new_apply_order.py[line:541]: 校验重试查询第4次
ERROR - 2021-08-31 14:03:58,279 - new_apply_order.py[line:437]: 放款完成或准备失败,目前的订单状态是35
INFO - 2021-08-31 14:03:58,280 - new_apply_order.py[line:438]: {'app': 'borrowme', 'loan_order_id': '1432584872797278208', 'mobile': '01630389823', 'order_status': 35}
INFO - 2021-08-31 14:03:58,782 - new_apply_order.py[line:541]: 校验重试查询第5次
ERROR - 2021-08-31 14:03:59,794 - new_apply_order.py[line:437]: 放款完成或准备失败,目前的订单状态是35
INFO - 2021-08-31 14:03:59,795 - new_apply_order.py[line:438]: {'app': 'borrowme', 'loan_order_id': '1432584872797278208', 'mobile': '01630389823', 'order_status': 35}
INFO - 2021-08-31 14:04:00,300 - new_apply_order.py[line:541]: 校验重试查询第6次
INFO - 2021-08-31 14:04:01,314 - new_apply_order.py[line:435]: 放款完成或准备成功,目前的订单状态是40
INFO - 2021-08-31 14:04:01,314 - new_apply_order.py[line:438]: {'app': 'borrowme', 'loan_order_id': '1432584872797278208', 'mobile': '01630389823', 'order_status': 40}
INFO - 2021-08-31 14:04:01,316 - new_apply_order.py[line:558]: ===========完成第【1】次进件===========
INFO - 2021-08-31 14:04:01,316 - new_apply_order.py[line:561]: ======完成第【1】次进件,耗时17.63s=====
