INFO - 2021-11-11 09:24:03,424 - new_apply_order.py[line:882]: 开始第 fornaira【1】次进件……
INFO - 2021-11-11 09:24:03,425 - new_apply_order.py[line:84]: ======【nga测试环境】生成手机号：01636593843 ======
INFO - 2021-11-11 09:24:03,814 - new_apply_order.py[line:97]: 01636593843 检测用户存在成功！
INFO - 2021-11-11 09:24:03,870 - new_apply_order.py[line:106]: 01636593843 短信发送成功！
INFO - 2021-11-11 09:24:03,926 - new_apply_order.py[line:119]: 01636593843 注册成功！
INFO - 2021-11-11 09:24:03,997 - new_apply_order.py[line:135]: 01636593843 登录短信发送成功！
INFO - 2021-11-11 09:24:04,049 - new_apply_order.py[line:145]: userId=6229995859935633408,mobile=01636593843,token=b1770d080fb355462c4c2f5ca3a768c0 登录成功
INFO - 2021-11-11 09:24:04,148 - new_apply_order.py[line:212]: 个人信息提交成功！
INFO - 2021-11-11 09:24:04,204 - new_apply_order.py[line:223]: 联系人信息提交成功！
INFO - 2021-11-11 09:24:05,027 - new_apply_order.py[line:255]: 创建预审订单成功！
INFO - 2021-11-11 09:24:05,045 - new_apply_order.py[line:263]: 预审状态修改为通过,更新条数 1
INFO - 2021-11-11 09:24:05,058 - new_apply_order.py[line:266]: 更新初始额度！更新条数 1
INFO - 2021-11-11 09:24:05,381 - new_apply_order.py[line:342]: 活体图片上传成功！回写配置文件global_param.mp4_url
INFO - 2021-11-11 09:24:05,419 - new_apply_order.py[line:352]: 视频认证通过！
INFO - 2021-11-11 09:24:06,481 - new_apply_order.py[line:510]: bvn和银行卡绑卡认证通过！
INFO - 2021-11-11 09:24:06,826 - new_apply_order.py[line:561]: user更新1条
INFO - 2021-11-11 09:24:07,091 - new_apply_order.py[line:612]: 进件成功！执行sql将订单改为风控中……
INFO - 2021-11-11 09:24:08,125 - new_apply_order.py[line:618]: 订单表更新1条，信审更新1条
INFO - 2021-11-11 09:24:08,487 - new_apply_order.py[line:632]: 查询loan_order_id成功！
INFO - 2021-11-11 09:24:08,542 - new_apply_order.py[line:647]: 订单回调复审通过成功！
INFO - 2021-11-11 09:24:09,350 - new_apply_order.py[line:669]: 获取token成功！token=bearer ad0a3c52-65af-4210-9381-d4f8217d8c40！
INFO - 2021-11-11 09:24:09,696 - new_apply_order.py[line:632]: 查询loan_order_id成功！
INFO - 2021-11-11 09:24:10,283 - new_apply_order.py[line:687]: 后台已触发放款成功！
INFO - 2021-11-11 09:24:10,293 - new_apply_order.py[line:701]: xxl_job web 登录成功！
INFO - 2021-11-11 09:24:10,305 - new_apply_order.py[line:717]: xxl_job 放款准备作业执行成功！
INFO - 2021-11-11 09:24:11,659 - new_apply_order.py[line:632]: 查询loan_order_id成功！
INFO - 2021-11-11 09:24:11,676 - new_apply_order.py[line:725]: 修改放款准备完成时间成功！
INFO - 2021-11-11 09:24:11,685 - new_apply_order.py[line:733]: xxl_job 放款完成作业执行成功！
INFO - 2021-11-11 09:24:11,996 - new_apply_order.py[line:905]: 校验重试查询第1次
ERROR - 2021-11-11 09:24:13,017 - new_apply_order.py[line:801]: 放款完成或准备失败,目前的订单状态是35
INFO - 2021-11-11 09:24:13,018 - new_apply_order.py[line:802]: {'app': 'fornaira', 'loan_order_id': '1458606418047012864', 'mobile': '01636593843', 'order_status': 35}
INFO - 2021-11-11 09:24:13,528 - new_apply_order.py[line:905]: 校验重试查询第2次
ERROR - 2021-11-11 09:24:14,541 - new_apply_order.py[line:801]: 放款完成或准备失败,目前的订单状态是35
INFO - 2021-11-11 09:24:14,542 - new_apply_order.py[line:802]: {'app': 'fornaira', 'loan_order_id': '1458606418047012864', 'mobile': '01636593843', 'order_status': 35}
INFO - 2021-11-11 09:24:15,053 - new_apply_order.py[line:905]: 校验重试查询第3次
INFO - 2021-11-11 09:24:16,068 - new_apply_order.py[line:799]: 放款完成或准备成功,目前的订单状态是40
INFO - 2021-11-11 09:24:16,069 - new_apply_order.py[line:802]: {'app': 'fornaira', 'loan_order_id': '1458606418047012864', 'mobile': '01636593843', 'order_status': 40}
INFO - 2021-11-11 09:24:16,070 - new_apply_order.py[line:922]: ===========完成第【1】次进件===========
INFO - 2021-11-11 09:24:16,070 - new_apply_order.py[line:925]: ======完成第【1】次进件,耗时12.65s=====
