INFO - 2022-01-05 14:19:55,289 - new_apply_order.py[line:933]: 开始第 aceloan【1】次进件……
INFO - 2022-01-05 14:19:55,679 - new_apply_order.py[line:95]: 01634872803 检测用户存在成功！
INFO - 2022-01-05 14:19:55,746 - new_apply_order.py[line:104]: 01634872803 短信发送成功！
INFO - 2022-01-05 14:19:55,792 - new_apply_order.py[line:117]: 01634872803 注册成功！
INFO - 2022-01-05 14:19:55,852 - new_apply_order.py[line:133]: 01634872803 登录短信发送成功！
INFO - 2022-01-05 14:19:55,903 - new_apply_order.py[line:143]: userId=6250001649616560128,mobile=01634872803,token=1c1a06aa0b5687fc5c1862f605a4a94b 登录成功
INFO - 2022-01-05 14:19:56,009 - new_apply_order.py[line:210]: 个人信息提交成功！
INFO - 2022-01-05 14:19:56,063 - new_apply_order.py[line:221]: 联系人信息提交成功！
INFO - 2022-01-05 14:19:56,365 - new_apply_order.py[line:253]: 创建预审订单成功！
INFO - 2022-01-05 14:19:56,398 - new_apply_order.py[line:261]: 预审状态修改为通过,更新条数 1
INFO - 2022-01-05 14:19:56,430 - new_apply_order.py[line:264]: 更新初始额度！更新条数 1
INFO - 2022-01-05 14:19:56,800 - new_apply_order.py[line:340]: 活体图片上传成功！回写配置文件global_param.mp4_url
INFO - 2022-01-05 14:19:56,843 - new_apply_order.py[line:350]: 视频认证通过！
INFO - 2022-01-05 14:19:57,889 - new_apply_order.py[line:509]: bvn和银行卡绑卡认证通过！
INFO - 2022-01-05 14:19:58,239 - new_apply_order.py[line:560]: user更新1条
INFO - 2022-01-05 14:19:58,446 - new_apply_order.py[line:621]: 进件成功！执行sql将订单改为风控中……
INFO - 2022-01-05 14:19:59,528 - new_apply_order.py[line:627]: 订单表更新1条，信审更新1条
INFO - 2022-01-05 14:19:59,921 - new_apply_order.py[line:641]: 查询loan_order_id成功！
INFO - 2022-01-05 14:19:59,985 - new_apply_order.py[line:656]: 订单回调复审通过成功！
INFO - 2022-01-05 14:20:00,784 - new_apply_order.py[line:678]: 获取token成功！token=bearer ad65f441-35a1-4264-86d9-012a4ccbb2df！
INFO - 2022-01-05 14:20:01,148 - new_apply_order.py[line:641]: 查询loan_order_id成功！
INFO - 2022-01-05 14:20:01,458 - new_apply_order.py[line:696]: 后台已触发放款成功！
INFO - 2022-01-05 14:20:01,479 - new_apply_order.py[line:710]: xxl_job web 登录成功！
INFO - 2022-01-05 14:20:01,495 - new_apply_order.py[line:726]: xxl_job 放款准备作业执行成功！
INFO - 2022-01-05 14:20:02,848 - new_apply_order.py[line:641]: 查询loan_order_id成功！
INFO - 2022-01-05 14:20:02,874 - new_apply_order.py[line:734]: 修改放款准备完成时间成功！
INFO - 2022-01-05 14:20:02,881 - new_apply_order.py[line:742]: xxl_job 放款完成作业执行成功！
INFO - 2022-01-05 14:20:03,184 - new_apply_order.py[line:956]: 校验重试查询第1次
ERROR - 2022-01-05 14:20:04,213 - new_apply_order.py[line:810]: 放款完成或准备失败,目前的订单状态是35
INFO - 2022-01-05 14:20:04,214 - new_apply_order.py[line:811]: {'app': 'aceloan', 'loan_order_id': '1478612207605780480', 'mobile': '01634872803', 'order_status': 35}
INFO - 2022-01-05 14:20:04,724 - new_apply_order.py[line:956]: 校验重试查询第2次
INFO - 2022-01-05 14:20:05,749 - new_apply_order.py[line:808]: 放款完成或准备成功,目前的订单状态是40
INFO - 2022-01-05 14:20:05,750 - new_apply_order.py[line:811]: {'app': 'aceloan', 'loan_order_id': '1478612207605780480', 'mobile': '01634872803', 'order_status': 40}
INFO - 2022-01-05 14:20:05,752 - new_apply_order.py[line:973]: ===========完成第【1】次进件===========
INFO - 2022-01-05 14:20:05,753 - new_apply_order.py[line:976]: ======完成第【1】次进件,耗时10.46s=====
INFO - 2022-01-05 14:20:06,275 - new_apply_order.py[line:678]: 获取token成功！token=bearer ad65f441-35a1-4264-86d9-012a4ccbb2df！
INFO - 2022-01-05 14:20:06,959 - new_apply_order.py[line:678]: 获取token成功！token=bearer ad65f441-35a1-4264-86d9-012a4ccbb2df！
INFO - 2022-01-05 14:20:07,460 - new_apply_order.py[line:641]: 查询loan_order_id成功！
INFO - 2022-01-05 14:20:08,295 - new_apply_order.py[line:641]: 查询loan_order_id成功！
ERROR - 2022-01-05 14:20:08,295 - new_apply_order.py[line:900]: 订单号：1478612207605780480
INFO - 2022-01-05 14:20:09,007 - new_apply_order.py[line:678]: 获取token成功！token=bearer ad65f441-35a1-4264-86d9-012a4ccbb2df！
INFO - 2022-01-05 14:20:09,537 - new_apply_order.py[line:641]: 查询loan_order_id成功！
INFO - 2022-01-05 14:20:10,456 - new_apply_order.py[line:641]: 查询loan_order_id成功！
ERROR - 2022-01-05 14:20:10,457 - new_apply_order.py[line:900]: 订单号：1478612207605780480
INFO - 2022-01-05 14:20:10,957 - new_apply_order.py[line:641]: 查询loan_order_id成功！
INFO - 2022-01-05 14:20:10,958 - new_apply_order.py[line:917]: {"repayTime": "2022-01-05 14:02:05", "applyReductionAmount": 0, "amount": "1133.00", "thirdOrderId": "1478612207605780480", "fileUrl": "", "loanBillPlanId": "1478612241923575808"}
INFO - 2022-01-05 14:20:11,466 - new_apply_order.py[line:920]: 后台已触发还款成功！
