INFO - 2022-01-04 21:13:49,878 - new_apply_order.py[line:929]: 开始第 aceloan【1】次进件……
INFO - 2022-01-04 21:13:50,258 - new_apply_order.py[line:95]: 01634872789 检测用户存在成功！
INFO - 2022-01-04 21:13:50,322 - new_apply_order.py[line:104]: 01634872789 短信发送成功！
INFO - 2022-01-04 21:13:50,372 - new_apply_order.py[line:117]: 01634872789 注册成功！
INFO - 2022-01-04 21:13:50,440 - new_apply_order.py[line:133]: 01634872789 登录短信发送成功！
INFO - 2022-01-04 21:13:50,501 - new_apply_order.py[line:143]: userId=6249743425571135488,mobile=01634872789,token=044730cfd9074f2ed6bf41d4e4f19f3e 登录成功
INFO - 2022-01-04 21:13:50,609 - new_apply_order.py[line:210]: 个人信息提交成功！
INFO - 2022-01-04 21:13:50,662 - new_apply_order.py[line:221]: 联系人信息提交成功！
INFO - 2022-01-04 21:13:50,959 - new_apply_order.py[line:253]: 创建预审订单成功！
INFO - 2022-01-04 21:13:50,995 - new_apply_order.py[line:261]: 预审状态修改为通过,更新条数 1
INFO - 2022-01-04 21:13:51,031 - new_apply_order.py[line:264]: 更新初始额度！更新条数 1
INFO - 2022-01-04 21:13:51,327 - new_apply_order.py[line:340]: 活体图片上传成功！回写配置文件global_param.mp4_url
INFO - 2022-01-04 21:13:51,369 - new_apply_order.py[line:350]: 视频认证通过！
INFO - 2022-01-04 21:13:52,307 - new_apply_order.py[line:509]: bvn和银行卡绑卡认证通过！
INFO - 2022-01-04 21:13:52,685 - new_apply_order.py[line:560]: user更新1条
INFO - 2022-01-04 21:13:52,881 - new_apply_order.py[line:621]: 进件成功！执行sql将订单改为风控中……
INFO - 2022-01-04 21:13:53,950 - new_apply_order.py[line:627]: 订单表更新1条，信审更新1条
INFO - 2022-01-04 21:13:54,329 - new_apply_order.py[line:641]: 查询loan_order_id成功！
INFO - 2022-01-04 21:13:54,383 - new_apply_order.py[line:656]: 订单回调复审通过成功！
INFO - 2022-01-04 21:13:55,191 - new_apply_order.py[line:678]: 获取token成功！token=bearer 8b726839-f78d-4bfc-a13d-d98083b7d78e！
INFO - 2022-01-04 21:13:55,569 - new_apply_order.py[line:641]: 查询loan_order_id成功！
INFO - 2022-01-04 21:13:55,865 - new_apply_order.py[line:696]: 后台已触发放款成功！
INFO - 2022-01-04 21:13:55,881 - new_apply_order.py[line:710]: xxl_job web 登录成功！
INFO - 2022-01-04 21:13:55,894 - new_apply_order.py[line:726]: xxl_job 放款准备作业执行成功！
INFO - 2022-01-04 21:13:57,272 - new_apply_order.py[line:641]: 查询loan_order_id成功！
INFO - 2022-01-04 21:13:57,298 - new_apply_order.py[line:734]: 修改放款准备完成时间成功！
INFO - 2022-01-04 21:13:57,306 - new_apply_order.py[line:742]: xxl_job 放款完成作业执行成功！
INFO - 2022-01-04 21:13:57,612 - new_apply_order.py[line:952]: 校验重试查询第1次
ERROR - 2022-01-04 21:13:58,641 - new_apply_order.py[line:810]: 放款完成或准备失败,目前的订单状态是35
INFO - 2022-01-04 21:13:58,642 - new_apply_order.py[line:811]: {'app': 'aceloan', 'loan_order_id': '1478353983593910272', 'mobile': '01634872789', 'order_status': 35}
INFO - 2022-01-04 21:13:59,152 - new_apply_order.py[line:952]: 校验重试查询第2次
INFO - 2022-01-04 21:14:00,182 - new_apply_order.py[line:808]: 放款完成或准备成功,目前的订单状态是40
INFO - 2022-01-04 21:14:00,183 - new_apply_order.py[line:811]: {'app': 'aceloan', 'loan_order_id': '1478353983593910272', 'mobile': '01634872789', 'order_status': 40}
INFO - 2022-01-04 21:14:00,185 - new_apply_order.py[line:969]: ===========完成第【1】次进件===========
INFO - 2022-01-04 21:14:00,186 - new_apply_order.py[line:972]: ======完成第【1】次进件,耗时10.31s=====
INFO - 2022-01-04 21:14:00,602 - new_apply_order.py[line:678]: 获取token成功！token=bearer 8b726839-f78d-4bfc-a13d-d98083b7d78e！
INFO - 2022-01-04 21:14:01,192 - new_apply_order.py[line:678]: 获取token成功！token=bearer 8b726839-f78d-4bfc-a13d-d98083b7d78e！
ERROR - 2022-01-04 21:14:01,685 - new_apply_order.py[line:976]: 'data'
ERROR - 2022-01-04 21:14:01,687 - new_apply_order.py[line:977]: None
