INFO - 2021-08-31 19:24:38,720 - new_apply_order.py[line:517]: 开始第 kencash【1】次进件……
INFO - 2021-08-31 19:24:38,721 - new_apply_order.py[line:79]: ======【ke测试环境】生成手机号：730409078 ======
INFO - 2021-08-31 19:24:39,086 - new_apply_order.py[line:86]: 730409078 检测用户存在成功！
INFO - 2021-08-31 19:24:39,127 - new_apply_order.py[line:93]: 730409078 短信发送成功！
INFO - 2021-08-31 19:24:39,175 - new_apply_order.py[line:103]: 730409078 注册成功！
INFO - 2021-08-31 19:24:39,213 - new_apply_order.py[line:113]: 730409078 登录短信发送成功！
INFO - 2021-08-31 19:24:39,254 - new_apply_order.py[line:121]: userId=6204055076383498240,mobile=730409078,token=9dc3373f0c0a5a5df2bcd50e0641c798 登录成功
INFO - 2021-08-31 19:24:39,921 - new_apply_order.py[line:172]: 个人信息提交成功！
INFO - 2021-08-31 19:24:39,992 - new_apply_order.py[line:188]: 联系人信息提交成功！
INFO - 2021-08-31 19:24:40,394 - new_apply_order.py[line:198]: 创建预审订单成功！
INFO - 2021-08-31 19:24:40,412 - new_apply_order.py[line:206]: 预审状态修改为通过,更新条数 1
INFO - 2021-08-31 19:24:40,424 - new_apply_order.py[line:209]: 更新初始额度！更新条数 1
INFO - 2021-08-31 19:24:40,689 - new_apply_order.py[line:221]: 活体图片上传成功！回写配置文件global_param.mp4_url
INFO - 2021-08-31 19:24:40,729 - new_apply_order.py[line:230]: 视频认证通过！
INFO - 2021-08-31 19:24:41,036 - new_apply_order.py[line:309]: 绑卡成功！
INFO - 2021-08-31 19:24:41,217 - new_apply_order.py[line:317]: 进件成功！执行sql将订单改为风控中……
INFO - 2021-08-31 19:24:42,254 - new_apply_order.py[line:323]: 订单表更新1条，信审更新1条
INFO - 2021-08-31 19:24:42,602 - new_apply_order.py[line:332]: 查询loan_order_id成功！
ERROR - 2021-08-31 19:24:42,610 - new_apply_order.py[line:563]: HTTPConnectionPool(host='http', port=80): Max retries exceeded with url: //172.20.240.138/:8030/facade/risk/call (Caused by NewConnectionError('<urllib3.connection.HTTPConnection object at 0x7f84e2c0d0a0>: Failed to establish a new connection: [Errno 8] nodename nor servname provided, or not known'))
ERROR - 2021-08-31 19:24:42,633 - new_apply_order.py[line:564]: None
