INFO - 2021-11-18 11:30:31,984 - new_apply_order.py[line:882]: 开始第 kucash【1】次进件……
INFO - 2021-11-18 11:30:31,985 - new_apply_order.py[line:84]: ======【nga测试环境】生成手机号：01637206231 ======
INFO - 2021-11-18 11:30:32,388 - new_apply_order.py[line:97]: 01637206231 检测用户存在成功！
INFO - 2021-11-18 11:30:32,453 - new_apply_order.py[line:106]: 01637206231 短信发送成功！
INFO - 2021-11-18 11:30:32,504 - new_apply_order.py[line:119]: 01637206231 注册成功！
INFO - 2021-11-18 11:30:32,572 - new_apply_order.py[line:135]: 01637206231 登录短信发送成功！
INFO - 2021-11-18 11:30:32,624 - new_apply_order.py[line:145]: userId=6232564404047585280,mobile=01637206231,token=8f06f89ec50af882edd4709ff6c3b20c 登录成功
INFO - 2021-11-18 11:30:32,755 - new_apply_order.py[line:212]: 个人信息提交成功！
INFO - 2021-11-18 11:30:32,831 - new_apply_order.py[line:223]: 联系人信息提交成功！
INFO - 2021-11-18 11:30:33,168 - new_apply_order.py[line:255]: 创建预审订单成功！
INFO - 2021-11-18 11:30:33,180 - new_apply_order.py[line:263]: 预审状态修改为通过,更新条数 1
INFO - 2021-11-18 11:30:33,192 - new_apply_order.py[line:266]: 更新初始额度！更新条数 1
INFO - 2021-11-18 11:30:33,473 - new_apply_order.py[line:342]: 活体图片上传成功！回写配置文件global_param.mp4_url
INFO - 2021-11-18 11:30:33,507 - new_apply_order.py[line:352]: 视频认证通过！
INFO - 2021-11-18 11:30:34,585 - new_apply_order.py[line:510]: bvn和银行卡绑卡认证通过！
INFO - 2021-11-18 11:30:34,899 - new_apply_order.py[line:561]: user更新1条
INFO - 2021-11-18 11:30:35,171 - new_apply_order.py[line:612]: 进件成功！执行sql将订单改为风控中……
INFO - 2021-11-18 11:30:36,214 - new_apply_order.py[line:618]: 订单表更新1条，信审更新1条
INFO - 2021-11-18 11:30:36,584 - new_apply_order.py[line:632]: 查询loan_order_id成功！
INFO - 2021-11-18 11:30:36,627 - new_apply_order.py[line:647]: 订单回调复审通过成功！
INFO - 2021-11-18 11:30:37,396 - new_apply_order.py[line:669]: 获取token成功！token=bearer b8ac8e67-87a3-417d-acab-e78f26a5dac3！
INFO - 2021-11-18 11:30:37,748 - new_apply_order.py[line:632]: 查询loan_order_id成功！
INFO - 2021-11-18 11:30:38,295 - new_apply_order.py[line:687]: 后台已触发放款成功！
INFO - 2021-11-18 11:30:38,307 - new_apply_order.py[line:701]: xxl_job web 登录成功！
INFO - 2021-11-18 11:30:38,318 - new_apply_order.py[line:717]: xxl_job 放款准备作业执行成功！
INFO - 2021-11-18 11:30:39,683 - new_apply_order.py[line:632]: 查询loan_order_id成功！
INFO - 2021-11-18 11:30:39,698 - new_apply_order.py[line:725]: 修改放款准备完成时间成功！
INFO - 2021-11-18 11:30:39,705 - new_apply_order.py[line:733]: xxl_job 放款完成作业执行成功！
INFO - 2021-11-18 11:30:40,015 - new_apply_order.py[line:905]: 校验重试查询第1次
ERROR - 2021-11-18 11:30:41,033 - new_apply_order.py[line:801]: 放款完成或准备失败,目前的订单状态是35
INFO - 2021-11-18 11:30:41,033 - new_apply_order.py[line:802]: {'app': 'kucash', 'loan_order_id': '1461174962242719744', 'mobile': '01637206231', 'order_status': 35}
INFO - 2021-11-18 11:30:41,542 - new_apply_order.py[line:905]: 校验重试查询第2次
INFO - 2021-11-18 11:30:42,552 - new_apply_order.py[line:799]: 放款完成或准备成功,目前的订单状态是40
INFO - 2021-11-18 11:30:42,552 - new_apply_order.py[line:802]: {'app': 'kucash', 'loan_order_id': '1461174962242719744', 'mobile': '01637206231', 'order_status': 40}
INFO - 2021-11-18 11:30:42,553 - new_apply_order.py[line:922]: ===========完成第【1】次进件===========
INFO - 2021-11-18 11:30:42,553 - new_apply_order.py[line:925]: ======完成第【1】次进件,耗时10.57s=====
