INFO - 2021-09-24 14:23:29,284 - new_apply_order.py[line:792]: 开始第 muchodinero【1】次进件……
INFO - 2021-09-24 14:23:29,452 - new_apply_order.py[line:75]: 更新脏数据0条
INFO - 2021-09-24 14:23:29,452 - new_apply_order.py[line:82]: ======【mx测试环境】生成手机号：1632464609 ======
INFO - 2021-09-24 14:23:29,842 - new_apply_order.py[line:95]: 1632464609 检测用户存在成功！
INFO - 2021-09-24 14:23:29,889 - new_apply_order.py[line:104]: 1632464609 短信发送成功！
INFO - 2021-09-24 14:23:29,933 - new_apply_order.py[line:117]: 1632464609 注册成功！
INFO - 2021-09-24 14:23:29,992 - new_apply_order.py[line:133]: 1632464609 登录短信发送成功！
INFO - 2021-09-24 14:23:30,042 - new_apply_order.py[line:143]: userId=4954385397304139776,mobile=1632464609,token=342928ed0cb5e7b921f248ecdec478b9 登录成功
INFO - 2021-09-24 14:23:30,114 - new_apply_order.py[line:205]: 个人信息提交成功！
INFO - 2021-09-24 14:23:30,562 - new_apply_order.py[line:238]: 创建预审订单成功！
INFO - 2021-09-24 14:23:30,580 - new_apply_order.py[line:246]: 预审状态修改为通过,更新条数 1
INFO - 2021-09-24 14:23:30,592 - new_apply_order.py[line:249]: 更新初始额度！更新条数 1
INFO - 2021-09-24 14:23:33,096 - new_apply_order.py[line:285]: curp上传成功!
INFO - 2021-09-24 14:23:33,230 - new_apply_order.py[line:294]: curp_rfc校验通过！
INFO - 2021-09-24 14:23:33,988 - new_apply_order.py[line:305]: 人脸识别成功!
INFO - 2021-09-24 14:23:34,603 - new_apply_order.py[line:491]: 绑卡成功！
INFO - 2021-09-24 14:23:34,799 - new_apply_order.py[line:522]: 进件成功！执行sql将订单改为风控中……
INFO - 2021-09-24 14:23:35,826 - new_apply_order.py[line:528]: 订单表更新1条，信审更新1条
INFO - 2021-09-24 14:23:36,180 - new_apply_order.py[line:542]: 查询loan_order_id成功！
INFO - 2021-09-24 14:23:36,224 - new_apply_order.py[line:557]: 订单回调复审通过成功！
INFO - 2021-09-24 14:23:37,007 - new_apply_order.py[line:579]: 获取token成功！token=bearer d6cbecd7-3e33-485a-9977-9fda799bb73f！
INFO - 2021-09-24 14:23:37,352 - new_apply_order.py[line:542]: 查询loan_order_id成功！
INFO - 2021-09-24 14:23:37,911 - new_apply_order.py[line:597]: 后台已触发放款成功！
INFO - 2021-09-24 14:23:37,925 - new_apply_order.py[line:611]: xxl_job web 登录成功！
INFO - 2021-09-24 14:23:37,937 - new_apply_order.py[line:627]: xxl_job 放款准备作业执行成功！
INFO - 2021-09-24 14:23:39,304 - new_apply_order.py[line:542]: 查询loan_order_id成功！
INFO - 2021-09-24 14:23:39,323 - new_apply_order.py[line:635]: 修改放款准备完成时间成功！
INFO - 2021-09-24 14:23:39,330 - new_apply_order.py[line:643]: xxl_job 放款完成作业执行成功！
INFO - 2021-09-24 14:23:39,680 - new_apply_order.py[line:542]: 查询loan_order_id成功！
INFO - 2021-09-24 14:23:39,996 - new_apply_order.py[line:815]: 校验重试查询第1次
ERROR - 2021-09-24 14:23:41,013 - new_apply_order.py[line:711]: 放款完成或准备失败,目前的订单状态是35
INFO - 2021-09-24 14:23:41,013 - new_apply_order.py[line:712]: {'app': 'muchodinero', 'loan_order_id': '1441287154674176000', 'mobile': '1632464609', 'order_status': 35}
INFO - 2021-09-24 14:23:41,856 - new_apply_order.py[line:542]: 查询loan_order_id成功！
INFO - 2021-09-24 14:23:41,862 - new_apply_order.py[line:815]: 校验重试查询第2次
ERROR - 2021-09-24 14:23:42,871 - new_apply_order.py[line:711]: 放款完成或准备失败,目前的订单状态是35
INFO - 2021-09-24 14:23:42,871 - new_apply_order.py[line:712]: {'app': 'muchodinero', 'loan_order_id': '1441287154674176000', 'mobile': '1632464609', 'order_status': 35}
INFO - 2021-09-24 14:23:43,718 - new_apply_order.py[line:542]: 查询loan_order_id成功！
INFO - 2021-09-24 14:23:43,821 - new_apply_order.py[line:664]: 放款回调成功！
INFO - 2021-09-24 14:23:43,821 - new_apply_order.py[line:815]: 校验重试查询第3次
INFO - 2021-09-24 14:23:44,834 - new_apply_order.py[line:709]: 放款完成或准备成功,目前的订单状态是40
INFO - 2021-09-24 14:23:44,834 - new_apply_order.py[line:712]: {'app': 'muchodinero', 'loan_order_id': '1441287154674176000', 'mobile': '1632464609', 'order_status': 40}
INFO - 2021-09-24 14:23:44,838 - new_apply_order.py[line:832]: ===========完成第【1】次进件===========
INFO - 2021-09-24 14:23:44,838 - new_apply_order.py[line:835]: ======完成第【1】次进件,耗时15.55s=====
