INFO - 2021-12-02 14:15:57,237 - new_apply_order.py[line:882]: 开始第 kencash【1】次进件……
INFO - 2021-12-02 14:15:57,238 - new_apply_order.py[line:84]: ======【ke测试环境】生成手机号：738425757 ======
INFO - 2021-12-02 14:15:57,622 - new_apply_order.py[line:97]: 738425757 检测用户存在成功！
INFO - 2021-12-02 14:15:57,708 - new_apply_order.py[line:106]: 738425757 短信发送成功！
INFO - 2021-12-02 14:15:57,784 - new_apply_order.py[line:119]: 738425757 注册成功！
INFO - 2021-12-02 14:15:57,871 - new_apply_order.py[line:135]: 738425757 登录短信发送成功！
INFO - 2021-12-02 14:15:57,943 - new_apply_order.py[line:145]: userId=6237679463830528000,mobile=738425757,token=db89ec48bda46c24b8b0f3273fa9d471 登录成功
INFO - 2021-12-02 14:15:58,127 - new_apply_order.py[line:212]: 个人信息提交成功！
INFO - 2021-12-02 14:15:58,201 - new_apply_order.py[line:232]: 联系人信息提交成功！
INFO - 2021-12-02 14:15:58,478 - new_apply_order.py[line:255]: 创建预审订单成功！
INFO - 2021-12-02 14:15:58,497 - new_apply_order.py[line:263]: 预审状态修改为通过,更新条数 1
INFO - 2021-12-02 14:15:58,511 - new_apply_order.py[line:266]: 更新初始额度！更新条数 1
INFO - 2021-12-02 14:15:58,766 - new_apply_order.py[line:342]: 活体图片上传成功！回写配置文件global_param.mp4_url
INFO - 2021-12-02 14:15:58,814 - new_apply_order.py[line:352]: 视频认证通过！
ERROR - 2021-12-02 14:15:59,050 - new_apply_order.py[line:579]: 绑卡失败！{"code":"60001004","msg":"The OTP has expired.please regenerate OTP to try again","data":null}
INFO - 2021-12-02 14:15:59,332 - new_apply_order.py[line:612]: 进件成功！执行sql将订单改为风控中……
INFO - 2021-12-02 14:16:00,374 - new_apply_order.py[line:618]: 订单表更新1条，信审更新1条
INFO - 2021-12-02 14:16:00,746 - new_apply_order.py[line:632]: 查询loan_order_id成功！
INFO - 2021-12-02 14:16:00,792 - new_apply_order.py[line:647]: 订单回调复审通过成功！
INFO - 2021-12-02 14:16:01,571 - new_apply_order.py[line:669]: 获取token成功！token=bearer 79c1b5ea-9238-47e0-a22f-ee222d185aac！
INFO - 2021-12-02 14:16:01,922 - new_apply_order.py[line:632]: 查询loan_order_id成功！
INFO - 2021-12-02 14:16:02,280 - new_apply_order.py[line:687]: 后台已触发放款成功！
INFO - 2021-12-02 14:16:02,304 - new_apply_order.py[line:701]: xxl_job web 登录成功！
INFO - 2021-12-02 14:16:02,320 - new_apply_order.py[line:717]: xxl_job 放款准备作业执行成功！
INFO - 2021-12-02 14:16:03,735 - new_apply_order.py[line:632]: 查询loan_order_id成功！
INFO - 2021-12-02 14:16:03,747 - new_apply_order.py[line:725]: 修改放款准备完成时间成功！
INFO - 2021-12-02 14:16:03,752 - new_apply_order.py[line:733]: xxl_job 放款完成作业执行成功！
INFO - 2021-12-02 14:16:04,116 - new_apply_order.py[line:632]: 查询loan_order_id成功！
INFO - 2021-12-02 14:16:04,434 - new_apply_order.py[line:905]: 校验重试查询第1次
ERROR - 2021-12-02 14:16:05,451 - new_apply_order.py[line:801]: 放款完成或准备失败,目前的订单状态是30
INFO - 2021-12-02 14:16:05,452 - new_apply_order.py[line:802]: {'app': 'kencash', 'loan_order_id': '1466290022273257472', 'mobile': '738425757', 'order_status': 30}
INFO - 2021-12-02 14:16:05,452 - new_apply_order.py[line:905]: 校验重试查询第2次
ERROR - 2021-12-02 14:16:06,470 - new_apply_order.py[line:801]: 放款完成或准备失败,目前的订单状态是30
INFO - 2021-12-02 14:16:06,470 - new_apply_order.py[line:802]: {'app': 'kencash', 'loan_order_id': '1466290022273257472', 'mobile': '738425757', 'order_status': 30}
INFO - 2021-12-02 14:16:06,470 - new_apply_order.py[line:905]: 校验重试查询第3次
ERROR - 2021-12-02 14:16:07,486 - new_apply_order.py[line:801]: 放款完成或准备失败,目前的订单状态是30
INFO - 2021-12-02 14:16:07,486 - new_apply_order.py[line:802]: {'app': 'kencash', 'loan_order_id': '1466290022273257472', 'mobile': '738425757', 'order_status': 30}
INFO - 2021-12-02 14:16:07,486 - new_apply_order.py[line:905]: 校验重试查询第4次
ERROR - 2021-12-02 14:16:08,503 - new_apply_order.py[line:801]: 放款完成或准备失败,目前的订单状态是30
INFO - 2021-12-02 14:16:08,504 - new_apply_order.py[line:802]: {'app': 'kencash', 'loan_order_id': '1466290022273257472', 'mobile': '738425757', 'order_status': 30}
INFO - 2021-12-02 14:16:08,504 - new_apply_order.py[line:905]: 校验重试查询第5次
ERROR - 2021-12-02 14:16:09,518 - new_apply_order.py[line:801]: 放款完成或准备失败,目前的订单状态是30
INFO - 2021-12-02 14:16:09,519 - new_apply_order.py[line:802]: {'app': 'kencash', 'loan_order_id': '1466290022273257472', 'mobile': '738425757', 'order_status': 30}
INFO - 2021-12-02 14:16:09,519 - new_apply_order.py[line:905]: 校验重试查询第6次
ERROR - 2021-12-02 14:16:10,535 - new_apply_order.py[line:801]: 放款完成或准备失败,目前的订单状态是30
INFO - 2021-12-02 14:16:10,536 - new_apply_order.py[line:802]: {'app': 'kencash', 'loan_order_id': '1466290022273257472', 'mobile': '738425757', 'order_status': 30}
INFO - 2021-12-02 14:16:10,536 - new_apply_order.py[line:905]: 校验重试查询第7次
ERROR - 2021-12-02 14:16:11,554 - new_apply_order.py[line:801]: 放款完成或准备失败,目前的订单状态是30
INFO - 2021-12-02 14:16:11,555 - new_apply_order.py[line:802]: {'app': 'kencash', 'loan_order_id': '1466290022273257472', 'mobile': '738425757', 'order_status': 30}
INFO - 2021-12-02 14:16:11,555 - new_apply_order.py[line:905]: 校验重试查询第8次
ERROR - 2021-12-02 14:16:12,571 - new_apply_order.py[line:801]: 放款完成或准备失败,目前的订单状态是30
INFO - 2021-12-02 14:16:12,571 - new_apply_order.py[line:802]: {'app': 'kencash', 'loan_order_id': '1466290022273257472', 'mobile': '738425757', 'order_status': 30}
INFO - 2021-12-02 14:16:12,572 - new_apply_order.py[line:905]: 校验重试查询第9次
ERROR - 2021-12-02 14:16:13,589 - new_apply_order.py[line:801]: 放款完成或准备失败,目前的订单状态是30
INFO - 2021-12-02 14:16:13,590 - new_apply_order.py[line:802]: {'app': 'kencash', 'loan_order_id': '1466290022273257472', 'mobile': '738425757', 'order_status': 30}
INFO - 2021-12-02 14:16:13,590 - new_apply_order.py[line:905]: 校验重试查询第10次
ERROR - 2021-12-02 14:16:14,611 - new_apply_order.py[line:801]: 放款完成或准备失败,目前的订单状态是30
INFO - 2021-12-02 14:16:14,611 - new_apply_order.py[line:802]: {'app': 'kencash', 'loan_order_id': '1466290022273257472', 'mobile': '738425757', 'order_status': 30}
INFO - 2021-12-02 14:16:14,611 - new_apply_order.py[line:922]: ===========完成第【1】次进件===========
INFO - 2021-12-02 14:16:14,611 - new_apply_order.py[line:925]: ======完成第【1】次进件,耗时17.37s=====
