INFO - 2021-08-31 11:05:07,710 - new_apply_order.py[line:511]: 开始第 quickcash【1】次进件……
INFO - 2021-08-31 11:05:07,711 - new_apply_order.py[line:79]: ======【nga测试环境】生成手机号：01630379107 ======
INFO - 2021-08-31 11:05:08,074 - new_apply_order.py[line:86]: 01630379107 检测用户存在成功！
INFO - 2021-08-31 11:05:08,131 - new_apply_order.py[line:93]: 01630379107 短信发送成功！
INFO - 2021-08-31 11:05:08,172 - new_apply_order.py[line:103]: 01630379107 注册成功！
INFO - 2021-08-31 11:05:08,217 - new_apply_order.py[line:115]: userId=6203929368948645888,mobile=01630379107,token=981e716a61ad142aeb29319e2bea16e5 登录成功
INFO - 2021-08-31 11:05:08,289 - new_apply_order.py[line:166]: 个人信息提交成功！
INFO - 2021-08-31 11:05:08,338 - new_apply_order.py[line:175]: 联系人信息提交成功！
INFO - 2021-08-31 11:05:08,806 - new_apply_order.py[line:192]: 创建预审订单成功！
INFO - 2021-08-31 11:05:08,825 - new_apply_order.py[line:200]: 预审状态修改为通过,更新条数 1
INFO - 2021-08-31 11:05:08,841 - new_apply_order.py[line:203]: 更新初始额度！更新条数 1
INFO - 2021-08-31 11:05:09,132 - new_apply_order.py[line:215]: 活体图片上传成功！回写配置文件global_param.mp4_url
INFO - 2021-08-31 11:05:09,175 - new_apply_order.py[line:224]: 视频认证通过！
INFO - 2021-08-31 11:05:10,226 - new_apply_order.py[line:270]: bvn和银行卡绑卡认证通过！
INFO - 2021-08-31 11:05:10,512 - new_apply_order.py[line:291]: user更新1条
INFO - 2021-08-31 11:05:10,700 - new_apply_order.py[line:311]: 进件成功！执行sql将订单改为风控中……
INFO - 2021-08-31 11:05:11,737 - new_apply_order.py[line:317]: 订单表更新1条，信审更新1条
INFO - 2021-08-31 11:05:12,082 - new_apply_order.py[line:326]: 查询loan_order_id成功！
INFO - 2021-08-31 11:05:12,122 - new_apply_order.py[line:336]: 订单回调复审通过成功！
INFO - 2021-08-31 11:05:12,912 - new_apply_order.py[line:352]: 获取token成功！token=bearer bf51653c-283e-47c5-b902-66a96a35688d！
INFO - 2021-08-31 11:05:13,250 - new_apply_order.py[line:326]: 查询loan_order_id成功！
INFO - 2021-08-31 11:05:13,507 - new_apply_order.py[line:364]: 后台已触发放款成功！
INFO - 2021-08-31 11:05:13,516 - new_apply_order.py[line:372]: xxl_job web 登录成功！
INFO - 2021-08-31 11:05:13,523 - new_apply_order.py[line:379]: xxl_job 放款准备作业执行成功！
INFO - 2021-08-31 11:05:14,866 - new_apply_order.py[line:326]: 查询loan_order_id成功！
INFO - 2021-08-31 11:05:14,878 - new_apply_order.py[line:384]: 修改放款准备完成时间成功！
INFO - 2021-08-31 11:05:14,884 - new_apply_order.py[line:387]: xxl_job 放款完成作业执行成功！
INFO - 2021-08-31 11:05:15,189 - new_apply_order.py[line:534]: 校验重试查询第1次
ERROR - 2021-08-31 11:05:16,206 - new_apply_order.py[line:430]: 放款完成或准备失败,目前的订单状态是32
INFO - 2021-08-31 11:05:16,207 - new_apply_order.py[line:431]: {'app': 'quickcash', 'loan_order_id': '1432539926396538880', 'mobile': '01630379107', 'order_status': 32}
INFO - 2021-08-31 11:05:16,215 - new_apply_order.py[line:372]: xxl_job web 登录成功！
INFO - 2021-08-31 11:05:16,223 - new_apply_order.py[line:379]: xxl_job 放款准备作业执行成功！
INFO - 2021-08-31 11:05:17,588 - new_apply_order.py[line:326]: 查询loan_order_id成功！
INFO - 2021-08-31 11:05:17,603 - new_apply_order.py[line:384]: 修改放款准备完成时间成功！
INFO - 2021-08-31 11:05:17,610 - new_apply_order.py[line:387]: xxl_job 放款完成作业执行成功！
INFO - 2021-08-31 11:05:18,115 - new_apply_order.py[line:534]: 校验重试查询第2次
ERROR - 2021-08-31 11:05:19,130 - new_apply_order.py[line:430]: 放款完成或准备失败,目前的订单状态是35
INFO - 2021-08-31 11:05:19,130 - new_apply_order.py[line:431]: {'app': 'quickcash', 'loan_order_id': '1432539926396538880', 'mobile': '01630379107', 'order_status': 35}
INFO - 2021-08-31 11:05:19,634 - new_apply_order.py[line:534]: 校验重试查询第3次
ERROR - 2021-08-31 11:05:20,652 - new_apply_order.py[line:430]: 放款完成或准备失败,目前的订单状态是35
INFO - 2021-08-31 11:05:20,653 - new_apply_order.py[line:431]: {'app': 'quickcash', 'loan_order_id': '1432539926396538880', 'mobile': '01630379107', 'order_status': 35}
INFO - 2021-08-31 11:05:21,156 - new_apply_order.py[line:534]: 校验重试查询第4次
INFO - 2021-08-31 11:05:22,169 - new_apply_order.py[line:428]: 放款完成或准备成功,目前的订单状态是40
INFO - 2021-08-31 11:05:22,169 - new_apply_order.py[line:431]: {'app': 'quickcash', 'loan_order_id': '1432539926396538880', 'mobile': '01630379107', 'order_status': 40}
INFO - 2021-08-31 11:05:22,171 - new_apply_order.py[line:551]: ===========完成第【1】次进件===========
INFO - 2021-08-31 11:05:22,171 - new_apply_order.py[line:511]: 开始第 quickcash【2】次进件……
INFO - 2021-08-31 11:05:22,172 - new_apply_order.py[line:79]: ======【nga测试环境】生成手机号：01630379122 ======
INFO - 2021-08-31 11:05:22,520 - new_apply_order.py[line:86]: 01630379122 检测用户存在成功！
INFO - 2021-08-31 11:05:22,559 - new_apply_order.py[line:93]: 01630379122 短信发送成功！
INFO - 2021-08-31 11:05:22,598 - new_apply_order.py[line:103]: 01630379122 注册成功！
INFO - 2021-08-31 11:05:22,647 - new_apply_order.py[line:115]: userId=6203929429464064000,mobile=01630379122,token=bf8b45fa2fbbc7320cbbd00fdd01eebd 登录成功
INFO - 2021-08-31 11:05:22,720 - new_apply_order.py[line:166]: 个人信息提交成功！
INFO - 2021-08-31 11:05:22,768 - new_apply_order.py[line:175]: 联系人信息提交成功！
INFO - 2021-08-31 11:05:23,020 - new_apply_order.py[line:192]: 创建预审订单成功！
INFO - 2021-08-31 11:05:23,036 - new_apply_order.py[line:200]: 预审状态修改为通过,更新条数 1
INFO - 2021-08-31 11:05:23,052 - new_apply_order.py[line:203]: 更新初始额度！更新条数 1
INFO - 2021-08-31 11:05:23,291 - new_apply_order.py[line:215]: 活体图片上传成功！回写配置文件global_param.mp4_url
INFO - 2021-08-31 11:05:23,332 - new_apply_order.py[line:224]: 视频认证通过！
INFO - 2021-08-31 11:05:24,324 - new_apply_order.py[line:270]: bvn和银行卡绑卡认证通过！
INFO - 2021-08-31 11:05:24,605 - new_apply_order.py[line:291]: user更新1条
INFO - 2021-08-31 11:05:24,789 - new_apply_order.py[line:311]: 进件成功！执行sql将订单改为风控中……
INFO - 2021-08-31 11:05:25,831 - new_apply_order.py[line:317]: 订单表更新1条，信审更新1条
INFO - 2021-08-31 11:05:26,171 - new_apply_order.py[line:326]: 查询loan_order_id成功！
INFO - 2021-08-31 11:05:26,212 - new_apply_order.py[line:336]: 订单回调复审通过成功！
INFO - 2021-08-31 11:05:27,011 - new_apply_order.py[line:352]: 获取token成功！token=bearer bf51653c-283e-47c5-b902-66a96a35688d！
INFO - 2021-08-31 11:05:27,352 - new_apply_order.py[line:326]: 查询loan_order_id成功！
INFO - 2021-08-31 11:05:27,670 - new_apply_order.py[line:364]: 后台已触发放款成功！
INFO - 2021-08-31 11:05:27,680 - new_apply_order.py[line:372]: xxl_job web 登录成功！
INFO - 2021-08-31 11:05:27,689 - new_apply_order.py[line:379]: xxl_job 放款准备作业执行成功！
INFO - 2021-08-31 11:05:29,031 - new_apply_order.py[line:326]: 查询loan_order_id成功！
INFO - 2021-08-31 11:05:29,047 - new_apply_order.py[line:384]: 修改放款准备完成时间成功！
INFO - 2021-08-31 11:05:29,054 - new_apply_order.py[line:387]: xxl_job 放款完成作业执行成功！
INFO - 2021-08-31 11:05:29,357 - new_apply_order.py[line:534]: 校验重试查询第1次
INFO - 2021-08-31 11:05:30,373 - new_apply_order.py[line:428]: 放款完成或准备成功,目前的订单状态是40
INFO - 2021-08-31 11:05:30,373 - new_apply_order.py[line:431]: {'app': 'quickcash', 'loan_order_id': '1432539986815488000', 'mobile': '01630379122', 'order_status': 40}
INFO - 2021-08-31 11:05:30,374 - new_apply_order.py[line:551]: ===========完成第【2】次进件===========
INFO - 2021-08-31 11:05:30,374 - new_apply_order.py[line:554]: ======完成第【2】次进件,耗时22.66s=====
