INFO - 2021-10-29 10:41:03,560 - new_apply_order.py[line:882]: 开始第 jopay【1】次进件……
INFO - 2021-10-29 10:41:03,561 - new_apply_order.py[line:84]: ======【nga测试环境】生成手机号：01635475263 ======
INFO - 2021-10-29 10:41:04,026 - new_apply_order.py[line:97]: 01635475263 检测用户存在成功！
INFO - 2021-10-29 10:41:04,120 - new_apply_order.py[line:106]: 01635475263 短信发送成功！
INFO - 2021-10-29 10:41:04,207 - new_apply_order.py[line:119]: 01635475263 注册成功！
INFO - 2021-10-29 10:41:04,318 - new_apply_order.py[line:135]: 01635475263 登录短信发送成功！
INFO - 2021-10-29 10:41:04,411 - new_apply_order.py[line:145]: userId=6225304196692189184,mobile=01635475263,token=4e882414008ed650d60dd150e43679bf 登录成功
INFO - 2021-10-29 10:41:04,537 - new_apply_order.py[line:212]: 个人信息提交成功！
INFO - 2021-10-29 10:41:04,618 - new_apply_order.py[line:223]: 联系人信息提交成功！
INFO - 2021-10-29 10:41:05,034 - new_apply_order.py[line:255]: 创建预审订单成功！
INFO - 2021-10-29 10:41:05,053 - new_apply_order.py[line:263]: 预审状态修改为通过,更新条数 1
INFO - 2021-10-29 10:41:05,071 - new_apply_order.py[line:266]: 更新初始额度！更新条数 1
INFO - 2021-10-29 10:41:05,603 - new_apply_order.py[line:342]: 活体图片上传成功！回写配置文件global_param.mp4_url
INFO - 2021-10-29 10:41:05,711 - new_apply_order.py[line:352]: 视频认证通过！
INFO - 2021-10-29 10:41:12,209 - new_apply_order.py[line:510]: bvn和银行卡绑卡认证通过！
INFO - 2021-10-29 10:41:12,559 - new_apply_order.py[line:561]: user更新1条
INFO - 2021-10-29 10:41:13,877 - new_apply_order.py[line:612]: 进件成功！执行sql将订单改为风控中……
INFO - 2021-10-29 10:41:15,573 - new_apply_order.py[line:618]: 订单表更新1条，信审更新1条
INFO - 2021-10-29 10:41:16,114 - new_apply_order.py[line:632]: 查询loan_order_id成功！
INFO - 2021-10-29 10:41:17,244 - new_apply_order.py[line:647]: 订单回调复审通过成功！
INFO - 2021-10-29 10:41:18,164 - new_apply_order.py[line:669]: 获取token成功！token=bearer 58981db3-4bb2-4f3b-95bf-c8440cc5e749！
INFO - 2021-10-29 10:41:18,567 - new_apply_order.py[line:632]: 查询loan_order_id成功！
INFO - 2021-10-29 10:41:19,772 - new_apply_order.py[line:687]: 后台已触发放款成功！
INFO - 2021-10-29 10:41:19,786 - new_apply_order.py[line:701]: xxl_job web 登录成功！
INFO - 2021-10-29 10:41:19,800 - new_apply_order.py[line:717]: xxl_job 放款准备作业执行成功！
INFO - 2021-10-29 10:41:21,256 - new_apply_order.py[line:632]: 查询loan_order_id成功！
INFO - 2021-10-29 10:41:21,269 - new_apply_order.py[line:725]: 修改放款准备完成时间成功！
INFO - 2021-10-29 10:41:21,275 - new_apply_order.py[line:733]: xxl_job 放款完成作业执行成功！
INFO - 2021-10-29 10:41:21,585 - new_apply_order.py[line:905]: 校验重试查询第1次
ERROR - 2021-10-29 10:41:22,600 - new_apply_order.py[line:801]: 放款完成或准备失败,目前的订单状态是32
INFO - 2021-10-29 10:41:22,600 - new_apply_order.py[line:802]: {'app': 'jopay', 'loan_order_id': '1453914755222212608', 'mobile': '01635475263', 'order_status': 32}
INFO - 2021-10-29 10:41:22,612 - new_apply_order.py[line:701]: xxl_job web 登录成功！
INFO - 2021-10-29 10:41:22,626 - new_apply_order.py[line:717]: xxl_job 放款准备作业执行成功！
INFO - 2021-10-29 10:41:24,041 - new_apply_order.py[line:632]: 查询loan_order_id成功！
INFO - 2021-10-29 10:41:24,052 - new_apply_order.py[line:725]: 修改放款准备完成时间成功！
INFO - 2021-10-29 10:41:24,058 - new_apply_order.py[line:733]: xxl_job 放款完成作业执行成功！
INFO - 2021-10-29 10:41:24,561 - new_apply_order.py[line:905]: 校验重试查询第2次
ERROR - 2021-10-29 10:41:25,577 - new_apply_order.py[line:801]: 放款完成或准备失败,目前的订单状态是32
INFO - 2021-10-29 10:41:25,577 - new_apply_order.py[line:802]: {'app': 'jopay', 'loan_order_id': '1453914755222212608', 'mobile': '01635475263', 'order_status': 32}
INFO - 2021-10-29 10:41:25,589 - new_apply_order.py[line:701]: xxl_job web 登录成功！
INFO - 2021-10-29 10:41:25,603 - new_apply_order.py[line:717]: xxl_job 放款准备作业执行成功！
INFO - 2021-10-29 10:41:27,035 - new_apply_order.py[line:632]: 查询loan_order_id成功！
INFO - 2021-10-29 10:41:27,050 - new_apply_order.py[line:725]: 修改放款准备完成时间成功！
INFO - 2021-10-29 10:41:27,058 - new_apply_order.py[line:733]: xxl_job 放款完成作业执行成功！
INFO - 2021-10-29 10:41:27,561 - new_apply_order.py[line:905]: 校验重试查询第3次
ERROR - 2021-10-29 10:41:28,580 - new_apply_order.py[line:801]: 放款完成或准备失败,目前的订单状态是35
INFO - 2021-10-29 10:41:28,581 - new_apply_order.py[line:802]: {'app': 'jopay', 'loan_order_id': '1453914755222212608', 'mobile': '01635475263', 'order_status': 35}
INFO - 2021-10-29 10:41:29,089 - new_apply_order.py[line:905]: 校验重试查询第4次
ERROR - 2021-10-29 10:41:30,103 - new_apply_order.py[line:801]: 放款完成或准备失败,目前的订单状态是35
INFO - 2021-10-29 10:41:30,103 - new_apply_order.py[line:802]: {'app': 'jopay', 'loan_order_id': '1453914755222212608', 'mobile': '01635475263', 'order_status': 35}
INFO - 2021-10-29 10:41:30,614 - new_apply_order.py[line:905]: 校验重试查询第5次
INFO - 2021-10-29 10:41:31,625 - new_apply_order.py[line:799]: 放款完成或准备成功,目前的订单状态是40
INFO - 2021-10-29 10:41:31,625 - new_apply_order.py[line:802]: {'app': 'jopay', 'loan_order_id': '1453914755222212608', 'mobile': '01635475263', 'order_status': 40}
INFO - 2021-10-29 10:41:31,627 - new_apply_order.py[line:922]: ===========完成第【1】次进件===========
INFO - 2021-10-29 10:41:31,627 - new_apply_order.py[line:925]: ======完成第【1】次进件,耗时28.07s=====
